2024/12/09 05:44:55 - mmengine - INFO - 
------------------------------------------------------------
System environment:
    sys.platform: linux
    Python: 3.8.10 (default, Jul 29 2024, 17:02:10) [GCC 9.4.0]
    CUDA available: True
    MUSA available: False
    numpy_random_seed: 79148924
    GPU 0: Xavier
    CUDA_HOME: /usr/local/cuda-11.4
    NVCC: Cuda compilation tools, release 11.4, V11.4.315
    GCC: aarch64-linux-gnu-gcc (Ubuntu 9.4.0-1ubuntu1~20.04.2) 9.4.0
    PyTorch: 1.11.0
    PyTorch compiling details: PyTorch built with:
  - GCC 9.4
  - C++ Version: 201402
  - OpenMP 201511 (a.k.a. OpenMP 4.5)
  - LAPACK is enabled (usually provided by MKL)
  - NNPACK is enabled
  - CPU capability usage: NO AVX
  - CUDA Runtime 11.4
  - NVCC architecture flags: -gencode;arch=compute_72,code=sm_72;-gencode;arch=compute_87,code=sm_87
  - CuDNN 8.6
    - Built with CuDNN 8.3.2
  - Build settings: BLAS_INFO=open, BUILD_TYPE=Release, CUDA_VERSION=11.4, CUDNN_VERSION=8.3.2, CXX_COMPILER=/usr/bin/c++, CXX_FLAGS= -Wno-deprecated -fvisibility-inlines-hidden -DUSE_PTHREADPOOL -fopenmp -DNDEBUG -DUSE_KINETO -DLIBKINETO_NOCUPTI -DUSE_XNNPACK -DSYMBOLICATE_MOBILE_DEBUG_HANDLE -DEDGE_PROFILER_USE_KINETO -O2 -fPIC -Wno-narrowing -Wall -Wextra -Werror=return-type -Wno-missing-field-initializers -Wno-type-limits -Wno-array-bounds -Wno-unknown-pragmas -Wno-sign-compare -Wno-unused-parameter -Wno-unused-function -Wno-unused-result -Wno-unused-local-typedefs -Wno-strict-overflow -Wno-strict-aliasing -Wno-error=deprecated-declarations -Wno-stringop-overflow -Wno-psabi -Wno-error=pedantic -Wno-error=redundant-decls -Wno-error=old-style-cast -fdiagnostics-color=always -faligned-new -Wno-unused-but-set-variable -Wno-maybe-uninitialized -fno-math-errno -fno-trapping-math -Werror=format -Werror=cast-function-type -Wno-stringop-overflow, FORCE_FALLBACK_CUDA_MPI=1, LAPACK_INFO=open, TORCH_VERSION=1.11.0, USE_CUDA=ON, USE_CUDNN=ON, USE_EIGEN_FOR_BLAS=ON, USE_EXCEPTION_PTR=1, USE_GFLAGS=OFF, USE_GLOG=OFF, USE_MKL=OFF, USE_MKLDNN=OFF, USE_MPI=ON, USE_NCCL=0, USE_NNPACK=ON, USE_OPENMP=ON, USE_ROCM=OFF, 

    TorchVision: 0.12.0
    OpenCV: 4.10.0
    MMEngine: 0.10.5

Runtime environment:
    cudnn_benchmark: False
    mp_cfg: {'mp_start_method': 'fork', 'opencv_num_threads': 0}
    dist_cfg: {'backend': 'nccl'}
    seed: 79148924
    Distributed launcher: none
    Distributed training: False
    GPU number: 1
------------------------------------------------------------

2024/12/09 05:44:58 - mmengine - INFO - Config:
auto_scale_lr = dict(base_batch_size=32, enable=False)
backend_args = None
class_names = [
    'car',
    'truck',
    'construction_vehicle',
    'bus',
    'trailer',
    'barrier',
    'motorcycle',
    'bicycle',
    'pedestrian',
    'traffic_cone',
]
custom_hooks = [
    dict(disable_after_epoch=15, type='DisableObjectSampleHook'),
]
custom_imports = dict(
    allow_failed_imports=False, imports=[
        'projects.BEVFusion.bevfusion',
    ])
data_prefix = dict(
    CAM_BACK='samples/CAM_BACK',
    CAM_BACK_LEFT='samples/CAM_BACK_LEFT',
    CAM_BACK_RIGHT='samples/CAM_BACK_RIGHT',
    CAM_FRONT='samples/CAM_FRONT',
    CAM_FRONT_LEFT='samples/CAM_FRONT_LEFT',
    CAM_FRONT_RIGHT='samples/CAM_FRONT_RIGHT',
    pts='samples/LIDAR_TOP',
    sweeps='sweeps/LIDAR_TOP')
data_root = '/media/xavier02/Sparkles1/nuscenes/'
dataset_type = 'NuScenesDataset'
db_sampler = dict(
    classes=[
        'car',
        'truck',
        'construction_vehicle',
        'bus',
        'trailer',
        'barrier',
        'motorcycle',
        'bicycle',
        'pedestrian',
        'traffic_cone',
    ],
    data_root='/media/xavier02/Sparkles1/nuscenes/',
    info_path='/media/xavier02/Sparkles1/nuscenes/nuscenes_dbinfos_train.pkl',
    points_loader=dict(
        backend_args=None,
        coord_type='LIDAR',
        load_dim=5,
        type='LoadPointsFromFile',
        use_dim=[
            0,
            1,
            2,
            3,
            4,
        ]),
    prepare=dict(
        filter_by_difficulty=[
            -1,
        ],
        filter_by_min_points=dict(
            barrier=5,
            bicycle=5,
            bus=5,
            car=5,
            construction_vehicle=5,
            motorcycle=5,
            pedestrian=5,
            traffic_cone=5,
            trailer=5,
            truck=5)),
    rate=1.0,
    sample_groups=dict(
        barrier=2,
        bicycle=6,
        bus=4,
        car=2,
        construction_vehicle=7,
        motorcycle=6,
        pedestrian=2,
        traffic_cone=2,
        trailer=6,
        truck=3))
default_hooks = dict(
    checkpoint=dict(interval=5, type='CheckpointHook'),
    logger=dict(interval=50, type='LoggerHook'),
    param_scheduler=dict(type='ParamSchedulerHook'),
    sampler_seed=dict(type='DistSamplerSeedHook'),
    timer=dict(type='IterTimerHook'),
    visualization=dict(type='Det3DVisualizationHook'))
default_scope = 'mmdet3d'
env_cfg = dict(
    cudnn_benchmark=False,
    dist_cfg=dict(backend='nccl'),
    mp_cfg=dict(mp_start_method='fork', opencv_num_threads=0))
input_modality = dict(use_camera=False, use_lidar=True)
launcher = 'none'
load_from = 'projects/BEVFusion/configs/MMCV_Lidar_own.pth'
log_level = 'INFO'
log_processor = dict(by_epoch=True, type='LogProcessor', window_size=50)
lr = 0.0001
metainfo = dict(classes=[
    'car',
    'truck',
    'construction_vehicle',
    'bus',
    'trailer',
    'barrier',
    'motorcycle',
    'bicycle',
    'pedestrian',
    'traffic_cone',
])
model = dict(
    bbox_head=dict(
        auxiliary=True,
        bbox_coder=dict(
            code_size=10,
            out_size_factor=8,
            pc_range=[
                -54.0,
                -54.0,
            ],
            post_center_range=[
                -61.2,
                -61.2,
                -10.0,
                61.2,
                61.2,
                10.0,
            ],
            score_threshold=0.0,
            type='TransFusionBBoxCoder',
            voxel_size=[
                0.075,
                0.075,
            ]),
        bn_momentum=0.1,
        common_heads=dict(
            center=[
                2,
                2,
            ],
            dim=[
                3,
                2,
            ],
            height=[
                1,
                2,
            ],
            rot=[
                2,
                2,
            ],
            vel=[
                2,
                2,
            ]),
        decoder_layer=dict(
            cross_attn_cfg=dict(dropout=0.1, embed_dims=128, num_heads=8),
            ffn_cfg=dict(
                act_cfg=dict(inplace=True, type='ReLU'),
                embed_dims=128,
                feedforward_channels=256,
                ffn_drop=0.1,
                num_fcs=2),
            norm_cfg=dict(type='LN'),
            pos_encoding_cfg=dict(input_channel=2, num_pos_feats=128),
            self_attn_cfg=dict(dropout=0.1, embed_dims=128, num_heads=8),
            type='TransformerDecoderLayer'),
        hidden_channel=128,
        in_channels=512,
        loss_bbox=dict(
            loss_weight=0.25, reduction='mean', type='mmdet.L1Loss'),
        loss_cls=dict(
            alpha=0.25,
            gamma=2.0,
            loss_weight=1.0,
            reduction='mean',
            type='mmdet.FocalLoss',
            use_sigmoid=True),
        loss_heatmap=dict(
            loss_weight=1.0, reduction='mean', type='mmdet.GaussianFocalLoss'),
        nms_kernel_size=3,
        num_classes=10,
        num_decoder_layers=1,
        num_proposals=200,
        test_cfg=dict(
            dataset='nuScenes',
            grid_size=[
                1440,
                1440,
                41,
            ],
            nms_type=None,
            out_size_factor=8,
            pc_range=[
                -54.0,
                -54.0,
            ],
            voxel_size=[
                0.075,
                0.075,
            ]),
        train_cfg=dict(
            assigner=dict(
                cls_cost=dict(
                    alpha=0.25,
                    gamma=2.0,
                    type='mmdet.FocalLossCost',
                    weight=0.15),
                iou_calculator=dict(coordinate='lidar', type='BboxOverlaps3D'),
                iou_cost=dict(type='IoU3DCost', weight=0.25),
                reg_cost=dict(type='BBoxBEVL1Cost', weight=0.25),
                type='HungarianAssigner3D'),
            code_weights=[
                1.0,
                1.0,
                1.0,
                1.0,
                1.0,
                1.0,
                1.0,
                1.0,
                0.2,
                0.2,
            ],
            dataset='nuScenes',
            gaussian_overlap=0.1,
            grid_size=[
                1440,
                1440,
                41,
            ],
            min_radius=2,
            out_size_factor=8,
            point_cloud_range=[
                -54.0,
                -54.0,
                -5.0,
                54.0,
                54.0,
                3.0,
            ],
            pos_weight=-1,
            voxel_size=[
                0.075,
                0.075,
                0.2,
            ]),
        type='TransFusionHead'),
    data_preprocessor=dict(
        pad_size_divisor=32,
        type='Det3DDataPreprocessor',
        voxelize_cfg=dict(
            max_num_points=10,
            max_voxels=[
                120000,
                160000,
            ],
            point_cloud_range=[
                -54.0,
                -54.0,
                -5.0,
                54.0,
                54.0,
                3.0,
            ],
            voxel_size=[
                0.075,
                0.075,
                0.2,
            ],
            voxelize_reduce=True)),
    pts_backbone=dict(
        conv_cfg=dict(bias=False, type='Conv2d'),
        in_channels=256,
        layer_nums=[
            5,
            5,
        ],
        layer_strides=[
            1,
            2,
        ],
        norm_cfg=dict(eps=0.001, momentum=0.01, type='BN'),
        out_channels=[
            128,
            256,
        ],
        type='SECOND'),
    pts_middle_encoder=dict(
        block_type='basicblock',
        encoder_channels=(
            (
                16,
                16,
                32,
            ),
            (
                32,
                32,
                64,
            ),
            (
                64,
                64,
                128,
            ),
            (
                128,
                128,
            ),
        ),
        encoder_paddings=(
            (
                0,
                0,
                1,
            ),
            (
                0,
                0,
                1,
            ),
            (
                0,
                0,
                (
                    1,
                    1,
                    0,
                ),
            ),
            (
                0,
                0,
            ),
        ),
        in_channels=5,
        norm_cfg=dict(eps=0.001, momentum=0.01, type='BN1d'),
        order=(
            'conv',
            'norm',
            'act',
        ),
        sparse_shape=[
            1440,
            1440,
            41,
        ],
        type='BEVFusionSparseEncoder'),
    pts_neck=dict(
        in_channels=[
            128,
            256,
        ],
        norm_cfg=dict(eps=0.001, momentum=0.01, type='BN'),
        out_channels=[
            256,
            256,
        ],
        type='SECONDFPN',
        upsample_cfg=dict(bias=False, type='deconv'),
        upsample_strides=[
            1,
            2,
        ],
        use_conv_for_no_stride=True),
    pts_voxel_encoder=dict(num_features=5, type='HardSimpleVFE'),
    type='BEVFusion')
optim_wrapper = dict(
    clip_grad=dict(max_norm=35, norm_type=2),
    optimizer=dict(lr=0.0001, type='AdamW', weight_decay=0.01),
    type='OptimWrapper')
param_scheduler = [
    dict(
        T_max=8,
        begin=0,
        by_epoch=True,
        convert_to_iter_based=True,
        end=8,
        eta_min=0.001,
        type='CosineAnnealingLR'),
    dict(
        T_max=12,
        begin=8,
        by_epoch=True,
        convert_to_iter_based=True,
        end=20,
        eta_min=1e-08,
        type='CosineAnnealingLR'),
    dict(
        T_max=8,
        begin=0,
        by_epoch=True,
        convert_to_iter_based=True,
        end=8,
        eta_min=0.8947368421052632,
        type='CosineAnnealingMomentum'),
    dict(
        T_max=12,
        begin=8,
        by_epoch=True,
        convert_to_iter_based=True,
        end=20,
        eta_min=1,
        type='CosineAnnealingMomentum'),
]
point_cloud_range = [
    -54.0,
    -54.0,
    -5.0,
    54.0,
    54.0,
    3.0,
]
resume = False
test_cfg = dict()
test_dataloader = dict(
    batch_size=1,
    dataset=dict(
        ann_file='nuscenes_infos_val.pkl',
        backend_args=None,
        box_type_3d='LiDAR',
        data_prefix=dict(
            CAM_BACK='samples/CAM_BACK',
            CAM_BACK_LEFT='samples/CAM_BACK_LEFT',
            CAM_BACK_RIGHT='samples/CAM_BACK_RIGHT',
            CAM_FRONT='samples/CAM_FRONT',
            CAM_FRONT_LEFT='samples/CAM_FRONT_LEFT',
            CAM_FRONT_RIGHT='samples/CAM_FRONT_RIGHT',
            pts='samples/LIDAR_TOP',
            sweeps='sweeps/LIDAR_TOP'),
        data_root='/media/xavier02/Sparkles1/nuscenes/',
        metainfo=dict(classes=[
            'car',
            'truck',
            'construction_vehicle',
            'bus',
            'trailer',
            'barrier',
            'motorcycle',
            'bicycle',
            'pedestrian',
            'traffic_cone',
        ]),
        modality=dict(use_camera=False, use_lidar=True),
        pipeline=[
            dict(
                backend_args=None,
                coord_type='LIDAR',
                load_dim=5,
                type='LoadPointsFromFile',
                use_dim=5),
            dict(
                backend_args=None,
                load_dim=5,
                pad_empty_sweeps=True,
                remove_close=True,
                sweeps_num=9,
                type='LoadPointsFromMultiSweeps',
                use_dim=5),
            dict(type='PointShuffle'),
            dict(num_points=150000, type='PointSample'),
            dict(
                point_cloud_range=[
                    -54.0,
                    -54.0,
                    -5.0,
                    54.0,
                    54.0,
                    3.0,
                ],
                type='PointsRangeFilter'),
            dict(
                keys=[
                    'img',
                    'points',
                    'gt_bboxes_3d',
                    'gt_labels_3d',
                ],
                meta_keys=[
                    'cam2img',
                    'ori_cam2img',
                    'lidar2cam',
                    'lidar2img',
                    'cam2lidar',
                    'ori_lidar2img',
                    'img_aug_matrix',
                    'box_type_3d',
                    'sample_idx',
                    'lidar_path',
                    'img_path',
                    'num_pts_feats',
                    'num_views',
                ],
                type='Pack3DDetInputs'),
        ],
        test_mode=True,
        type='NuScenesDataset'),
    drop_last=False,
    num_workers=4,
    persistent_workers=True,
    sampler=dict(shuffle=False, type='DefaultSampler'))
test_evaluator = dict(
    ann_file='/media/xavier02/Sparkles1/nuscenes/nuscenes_infos_val.pkl',
    backend_args=None,
    data_root='/media/xavier02/Sparkles1/nuscenes/',
    metric='bbox',
    type='NuScenesMetric')
test_pipeline = [
    dict(
        backend_args=None,
        coord_type='LIDAR',
        load_dim=5,
        type='LoadPointsFromFile',
        use_dim=5),
    dict(
        backend_args=None,
        load_dim=5,
        pad_empty_sweeps=True,
        remove_close=True,
        sweeps_num=9,
        type='LoadPointsFromMultiSweeps',
        use_dim=5),
    dict(type='PointShuffle'),
    dict(num_points=150000, type='PointSample'),
    dict(
        point_cloud_range=[
            -54.0,
            -54.0,
            -5.0,
            54.0,
            54.0,
            3.0,
        ],
        type='PointsRangeFilter'),
    dict(
        keys=[
            'img',
            'points',
            'gt_bboxes_3d',
            'gt_labels_3d',
        ],
        meta_keys=[
            'cam2img',
            'ori_cam2img',
            'lidar2cam',
            'lidar2img',
            'cam2lidar',
            'ori_lidar2img',
            'img_aug_matrix',
            'box_type_3d',
            'sample_idx',
            'lidar_path',
            'img_path',
            'num_pts_feats',
            'num_views',
        ],
        type='Pack3DDetInputs'),
]
train_cfg = dict(by_epoch=True, max_epochs=20, val_interval=5)
train_dataloader = dict(
    batch_size=1,
    dataset=dict(
        dataset=dict(
            ann_file='nuscenes_infos_train.pkl',
            box_type_3d='LiDAR',
            data_prefix=dict(
                CAM_BACK='samples/CAM_BACK',
                CAM_BACK_LEFT='samples/CAM_BACK_LEFT',
                CAM_BACK_RIGHT='samples/CAM_BACK_RIGHT',
                CAM_FRONT='samples/CAM_FRONT',
                CAM_FRONT_LEFT='samples/CAM_FRONT_LEFT',
                CAM_FRONT_RIGHT='samples/CAM_FRONT_RIGHT',
                pts='samples/LIDAR_TOP',
                sweeps='sweeps/LIDAR_TOP'),
            data_root='/media/xavier02/Sparkles1/nuscenes/',
            metainfo=dict(classes=[
                'car',
                'truck',
                'construction_vehicle',
                'bus',
                'trailer',
                'barrier',
                'motorcycle',
                'bicycle',
                'pedestrian',
                'traffic_cone',
            ]),
            modality=dict(use_camera=False, use_lidar=True),
            pipeline=[
                dict(
                    backend_args=None,
                    coord_type='LIDAR',
                    load_dim=5,
                    type='LoadPointsFromFile',
                    use_dim=5),
                dict(
                    backend_args=None,
                    load_dim=5,
                    pad_empty_sweeps=True,
                    remove_close=True,
                    sweeps_num=9,
                    type='LoadPointsFromMultiSweeps',
                    use_dim=5),
                dict(
                    type='LoadAnnotations3D',
                    with_attr_label=False,
                    with_bbox_3d=True,
                    with_label_3d=True),
                dict(
                    db_sampler=dict(
                        classes=[
                            'car',
                            'truck',
                            'construction_vehicle',
                            'bus',
                            'trailer',
                            'barrier',
                            'motorcycle',
                            'bicycle',
                            'pedestrian',
                            'traffic_cone',
                        ],
                        data_root='/media/xavier02/Sparkles1/nuscenes/',
                        info_path=
                        '/media/xavier02/Sparkles1/nuscenes/nuscenes_dbinfos_train.pkl',
                        points_loader=dict(
                            backend_args=None,
                            coord_type='LIDAR',
                            load_dim=5,
                            type='LoadPointsFromFile',
                            use_dim=[
                                0,
                                1,
                                2,
                                3,
                                4,
                            ]),
                        prepare=dict(
                            filter_by_difficulty=[
                                -1,
                            ],
                            filter_by_min_points=dict(
                                barrier=5,
                                bicycle=5,
                                bus=5,
                                car=5,
                                construction_vehicle=5,
                                motorcycle=5,
                                pedestrian=5,
                                traffic_cone=5,
                                trailer=5,
                                truck=5)),
                        rate=1.0,
                        sample_groups=dict(
                            barrier=2,
                            bicycle=6,
                            bus=4,
                            car=2,
                            construction_vehicle=7,
                            motorcycle=6,
                            pedestrian=2,
                            traffic_cone=2,
                            trailer=6,
                            truck=3)),
                    type='ObjectSample'),
                dict(
                    rot_range=[
                        -0.78539816,
                        0.78539816,
                    ],
                    scale_ratio_range=[
                        0.9,
                        1.1,
                    ],
                    translation_std=0.5,
                    type='GlobalRotScaleTrans'),
                dict(type='BEVFusionRandomFlip3D'),
                dict(
                    point_cloud_range=[
                        -54.0,
                        -54.0,
                        -5.0,
                        54.0,
                        54.0,
                        3.0,
                    ],
                    type='PointsRangeFilter'),
                dict(
                    point_cloud_range=[
                        -54.0,
                        -54.0,
                        -5.0,
                        54.0,
                        54.0,
                        3.0,
                    ],
                    type='ObjectRangeFilter'),
                dict(
                    classes=[
                        'car',
                        'truck',
                        'construction_vehicle',
                        'bus',
                        'trailer',
                        'barrier',
                        'motorcycle',
                        'bicycle',
                        'pedestrian',
                        'traffic_cone',
                    ],
                    type='ObjectNameFilter'),
                dict(type='PointShuffle'),
                dict(
                    keys=[
                        'points',
                        'img',
                        'gt_bboxes_3d',
                        'gt_labels_3d',
                        'gt_bboxes',
                        'gt_labels',
                    ],
                    meta_keys=[
                        'cam2img',
                        'ori_cam2img',
                        'lidar2cam',
                        'lidar2img',
                        'cam2lidar',
                        'ori_lidar2img',
                        'img_aug_matrix',
                        'box_type_3d',
                        'sample_idx',
                        'lidar_path',
                        'img_path',
                        'transformation_3d_flow',
                        'pcd_rotation',
                        'pcd_scale_factor',
                        'pcd_trans',
                        'img_aug_matrix',
                        'lidar_aug_matrix',
                    ],
                    type='Pack3DDetInputs'),
            ],
            test_mode=False,
            type='NuScenesDataset',
            use_valid_flag=True),
        type='CBGSDataset'),
    num_workers=1,
    persistent_workers=True,
    sampler=dict(shuffle=True, type='DefaultSampler'))
train_pipeline = [
    dict(
        backend_args=None,
        coord_type='LIDAR',
        load_dim=5,
        type='LoadPointsFromFile',
        use_dim=5),
    dict(
        backend_args=None,
        load_dim=5,
        pad_empty_sweeps=True,
        remove_close=True,
        sweeps_num=9,
        type='LoadPointsFromMultiSweeps',
        use_dim=5),
    dict(
        type='LoadAnnotations3D',
        with_attr_label=False,
        with_bbox_3d=True,
        with_label_3d=True),
    dict(
        db_sampler=dict(
            classes=[
                'car',
                'truck',
                'construction_vehicle',
                'bus',
                'trailer',
                'barrier',
                'motorcycle',
                'bicycle',
                'pedestrian',
                'traffic_cone',
            ],
            data_root='/media/xavier02/Sparkles1/nuscenes/',
            info_path=
            '/media/xavier02/Sparkles1/nuscenes/nuscenes_dbinfos_train.pkl',
            points_loader=dict(
                backend_args=None,
                coord_type='LIDAR',
                load_dim=5,
                type='LoadPointsFromFile',
                use_dim=[
                    0,
                    1,
                    2,
                    3,
                    4,
                ]),
            prepare=dict(
                filter_by_difficulty=[
                    -1,
                ],
                filter_by_min_points=dict(
                    barrier=5,
                    bicycle=5,
                    bus=5,
                    car=5,
                    construction_vehicle=5,
                    motorcycle=5,
                    pedestrian=5,
                    traffic_cone=5,
                    trailer=5,
                    truck=5)),
            rate=1.0,
            sample_groups=dict(
                barrier=2,
                bicycle=6,
                bus=4,
                car=2,
                construction_vehicle=7,
                motorcycle=6,
                pedestrian=2,
                traffic_cone=2,
                trailer=6,
                truck=3)),
        type='ObjectSample'),
    dict(
        rot_range=[
            -0.78539816,
            0.78539816,
        ],
        scale_ratio_range=[
            0.9,
            1.1,
        ],
        translation_std=0.5,
        type='GlobalRotScaleTrans'),
    dict(type='BEVFusionRandomFlip3D'),
    dict(
        point_cloud_range=[
            -54.0,
            -54.0,
            -5.0,
            54.0,
            54.0,
            3.0,
        ],
        type='PointsRangeFilter'),
    dict(
        point_cloud_range=[
            -54.0,
            -54.0,
            -5.0,
            54.0,
            54.0,
            3.0,
        ],
        type='ObjectRangeFilter'),
    dict(
        classes=[
            'car',
            'truck',
            'construction_vehicle',
            'bus',
            'trailer',
            'barrier',
            'motorcycle',
            'bicycle',
            'pedestrian',
            'traffic_cone',
        ],
        type='ObjectNameFilter'),
    dict(type='PointShuffle'),
    dict(
        keys=[
            'points',
            'img',
            'gt_bboxes_3d',
            'gt_labels_3d',
            'gt_bboxes',
            'gt_labels',
        ],
        meta_keys=[
            'cam2img',
            'ori_cam2img',
            'lidar2cam',
            'lidar2img',
            'cam2lidar',
            'ori_lidar2img',
            'img_aug_matrix',
            'box_type_3d',
            'sample_idx',
            'lidar_path',
            'img_path',
            'transformation_3d_flow',
            'pcd_rotation',
            'pcd_scale_factor',
            'pcd_trans',
            'img_aug_matrix',
            'lidar_aug_matrix',
        ],
        type='Pack3DDetInputs'),
]
val_cfg = dict()
val_dataloader = dict(
    batch_size=1,
    dataset=dict(
        ann_file='nuscenes_infos_val.pkl',
        backend_args=None,
        box_type_3d='LiDAR',
        data_prefix=dict(
            CAM_BACK='samples/CAM_BACK',
            CAM_BACK_LEFT='samples/CAM_BACK_LEFT',
            CAM_BACK_RIGHT='samples/CAM_BACK_RIGHT',
            CAM_FRONT='samples/CAM_FRONT',
            CAM_FRONT_LEFT='samples/CAM_FRONT_LEFT',
            CAM_FRONT_RIGHT='samples/CAM_FRONT_RIGHT',
            pts='samples/LIDAR_TOP',
            sweeps='sweeps/LIDAR_TOP'),
        data_root='/media/xavier02/Sparkles1/nuscenes/',
        metainfo=dict(classes=[
            'car',
            'truck',
            'construction_vehicle',
            'bus',
            'trailer',
            'barrier',
            'motorcycle',
            'bicycle',
            'pedestrian',
            'traffic_cone',
        ]),
        modality=dict(use_camera=False, use_lidar=True),
        pipeline=[
            dict(
                backend_args=None,
                coord_type='LIDAR',
                load_dim=5,
                type='LoadPointsFromFile',
                use_dim=5),
            dict(
                backend_args=None,
                load_dim=5,
                pad_empty_sweeps=True,
                remove_close=True,
                sweeps_num=9,
                type='LoadPointsFromMultiSweeps',
                use_dim=5),
            dict(type='PointShuffle'),
            dict(num_points=150000, type='PointSample'),
            dict(
                point_cloud_range=[
                    -54.0,
                    -54.0,
                    -5.0,
                    54.0,
                    54.0,
                    3.0,
                ],
                type='PointsRangeFilter'),
            dict(
                keys=[
                    'img',
                    'points',
                    'gt_bboxes_3d',
                    'gt_labels_3d',
                ],
                meta_keys=[
                    'cam2img',
                    'ori_cam2img',
                    'lidar2cam',
                    'lidar2img',
                    'cam2lidar',
                    'ori_lidar2img',
                    'img_aug_matrix',
                    'box_type_3d',
                    'sample_idx',
                    'lidar_path',
                    'img_path',
                    'num_pts_feats',
                    'num_views',
                ],
                type='Pack3DDetInputs'),
        ],
        test_mode=True,
        type='NuScenesDataset'),
    drop_last=False,
    num_workers=4,
    persistent_workers=True,
    sampler=dict(shuffle=False, type='DefaultSampler'))
val_evaluator = dict(
    ann_file='/media/xavier02/Sparkles1/nuscenes/nuscenes_infos_val.pkl',
    backend_args=None,
    data_root='/media/xavier02/Sparkles1/nuscenes/',
    metric='bbox',
    type='NuScenesMetric')
vis_backends = [
    dict(type='LocalVisBackend'),
]
visualizer = dict(
    name='visualizer',
    type='Det3DLocalVisualizer',
    vis_backends=[
        dict(type='LocalVisBackend'),
    ])
voxel_size = [
    0.075,
    0.075,
    0.2,
]
work_dir = './work_dirs/bevfusion_lidar_voxel0075_150k'

2024/12/09 05:45:06 - mmengine - INFO - Distributed training is not used, all SyncBatchNorm (SyncBN) layers in the model will be automatically reverted to BatchNormXd layers if they are used.
2024/12/09 05:45:06 - mmengine - INFO - Hooks will be executed in the following order:
before_run:
(VERY_HIGH   ) RuntimeInfoHook                    
(BELOW_NORMAL) LoggerHook                         
 -------------------- 
before_train:
(VERY_HIGH   ) RuntimeInfoHook                    
(NORMAL      ) IterTimerHook                      
(VERY_LOW    ) CheckpointHook                     
 -------------------- 
before_train_epoch:
(VERY_HIGH   ) RuntimeInfoHook                    
(NORMAL      ) IterTimerHook                      
(NORMAL      ) DistSamplerSeedHook                
(NORMAL      ) DisableObjectSampleHook            
 -------------------- 
before_train_iter:
(VERY_HIGH   ) RuntimeInfoHook                    
(NORMAL      ) IterTimerHook                      
 -------------------- 
after_train_iter:
(VERY_HIGH   ) RuntimeInfoHook                    
(NORMAL      ) IterTimerHook                      
(BELOW_NORMAL) LoggerHook                         
(LOW         ) ParamSchedulerHook                 
(VERY_LOW    ) CheckpointHook                     
 -------------------- 
after_train_epoch:
(NORMAL      ) IterTimerHook                      
(LOW         ) ParamSchedulerHook                 
(VERY_LOW    ) CheckpointHook                     
 -------------------- 
before_val:
(VERY_HIGH   ) RuntimeInfoHook                    
 -------------------- 
before_val_epoch:
(NORMAL      ) IterTimerHook                      
 -------------------- 
before_val_iter:
(NORMAL      ) IterTimerHook                      
 -------------------- 
after_val_iter:
(NORMAL      ) IterTimerHook                      
(NORMAL      ) Det3DVisualizationHook             
(BELOW_NORMAL) LoggerHook                         
 -------------------- 
after_val_epoch:
(VERY_HIGH   ) RuntimeInfoHook                    
(NORMAL      ) IterTimerHook                      
(BELOW_NORMAL) LoggerHook                         
(LOW         ) ParamSchedulerHook                 
(VERY_LOW    ) CheckpointHook                     
 -------------------- 
after_val:
(VERY_HIGH   ) RuntimeInfoHook                    
 -------------------- 
after_train:
(VERY_HIGH   ) RuntimeInfoHook                    
(VERY_LOW    ) CheckpointHook                     
 -------------------- 
before_test:
(VERY_HIGH   ) RuntimeInfoHook                    
 -------------------- 
before_test_epoch:
(NORMAL      ) IterTimerHook                      
 -------------------- 
before_test_iter:
(NORMAL      ) IterTimerHook                      
 -------------------- 
after_test_iter:
(NORMAL      ) IterTimerHook                      
(NORMAL      ) Det3DVisualizationHook             
(BELOW_NORMAL) LoggerHook                         
 -------------------- 
after_test_epoch:
(VERY_HIGH   ) RuntimeInfoHook                    
(NORMAL      ) IterTimerHook                      
(BELOW_NORMAL) LoggerHook                         
 -------------------- 
after_test:
(VERY_HIGH   ) RuntimeInfoHook                    
 -------------------- 
after_run:
(BELOW_NORMAL) LoggerHook                         
 -------------------- 
2024/12/09 05:45:46 - mmengine - INFO - ------------------------------
2024/12/09 05:45:46 - mmengine - INFO - The length of test dataset: 6019
2024/12/09 05:45:46 - mmengine - INFO - The number of instances per category in the dataset:
+----------------------+--------+
| category             | number |
+----------------------+--------+
| car                  | 80004  |
| truck                | 15704  |
| construction_vehicle | 2678   |
| bus                  | 3158   |
| trailer              | 4159   |
| barrier              | 26992  |
| motorcycle           | 2508   |
| bicycle              | 2381   |
| pedestrian           | 34347  |
| traffic_cone         | 15597  |
+----------------------+--------+
2024/12/09 05:45:50 - mmengine - INFO - Load checkpoint from projects/BEVFusion/configs/MMCV_Lidar_own.pth
2024/12/09 05:46:18 - mmengine - INFO - Epoch(test) [  50/6019]    eta: 0:54:25  time: 0.5470  data_time: 0.0180  memory: 431  
2024/12/09 05:46:44 - mmengine - INFO - Epoch(test) [ 100/6019]    eta: 0:52:47  time: 0.5234  data_time: 0.0065  memory: 431  
2024/12/09 05:47:09 - mmengine - INFO - Epoch(test) [ 150/6019]    eta: 0:51:23  time: 0.5057  data_time: 0.0067  memory: 431  
2024/12/09 05:47:34 - mmengine - INFO - Epoch(test) [ 200/6019]    eta: 0:50:23  time: 0.5020  data_time: 0.0066  memory: 431  
2024/12/09 05:47:59 - mmengine - INFO - Epoch(test) [ 250/6019]    eta: 0:49:20  time: 0.4878  data_time: 0.0065  memory: 430  
2024/12/09 05:48:23 - mmengine - INFO - Epoch(test) [ 300/6019]    eta: 0:48:18  time: 0.4750  data_time: 0.0074  memory: 431  
2024/12/09 05:48:47 - mmengine - INFO - Epoch(test) [ 350/6019]    eta: 0:47:34  time: 0.4839  data_time: 0.0065  memory: 431  
2024/12/09 05:49:12 - mmengine - INFO - Epoch(test) [ 400/6019]    eta: 0:47:09  time: 0.5033  data_time: 0.0068  memory: 431  
2024/12/09 05:49:37 - mmengine - INFO - Epoch(test) [ 450/6019]    eta: 0:46:36  time: 0.4915  data_time: 0.0066  memory: 431  
2024/12/09 05:50:01 - mmengine - INFO - Epoch(test) [ 500/6019]    eta: 0:46:00  time: 0.4816  data_time: 0.0065  memory: 431  
2024/12/09 05:50:26 - mmengine - INFO - Epoch(test) [ 550/6019]    eta: 0:45:35  time: 0.5008  data_time: 0.0068  memory: 431  
2024/12/09 05:50:50 - mmengine - INFO - Epoch(test) [ 600/6019]    eta: 0:45:07  time: 0.4933  data_time: 0.0067  memory: 431  
2024/12/09 05:51:11 - mmengine - INFO - Epoch(test) [ 650/6019]    eta: 0:44:10  time: 0.4215  data_time: 0.0067  memory: 430  
2024/12/09 05:51:34 - mmengine - INFO - Epoch(test) [ 700/6019]    eta: 0:43:31  time: 0.4560  data_time: 0.0070  memory: 430  
2024/12/09 05:51:58 - mmengine - INFO - Epoch(test) [ 750/6019]    eta: 0:42:59  time: 0.4705  data_time: 0.0064  memory: 430  
2024/12/09 05:52:21 - mmengine - INFO - Epoch(test) [ 800/6019]    eta: 0:42:27  time: 0.4659  data_time: 0.0068  memory: 430  
2024/12/09 05:52:42 - mmengine - INFO - Epoch(test) [ 850/6019]    eta: 0:41:41  time: 0.4195  data_time: 0.0071  memory: 430  
2024/12/09 05:53:06 - mmengine - INFO - Epoch(test) [ 900/6019]    eta: 0:41:14  time: 0.4722  data_time: 0.0069  memory: 430  
2024/12/09 05:53:29 - mmengine - INFO - Epoch(test) [ 950/6019]    eta: 0:40:48  time: 0.4757  data_time: 0.0068  memory: 430  
2024/12/09 05:53:53 - mmengine - INFO - Epoch(test) [1000/6019]    eta: 0:40:23  time: 0.4800  data_time: 0.0067  memory: 430  
2024/12/09 05:54:18 - mmengine - INFO - Epoch(test) [1050/6019]    eta: 0:39:59  time: 0.4855  data_time: 0.0076  memory: 430  
2024/12/09 05:54:42 - mmengine - INFO - Epoch(test) [1100/6019]    eta: 0:39:35  time: 0.4812  data_time: 0.0067  memory: 431  
2024/12/09 05:55:06 - mmengine - INFO - Epoch(test) [1150/6019]    eta: 0:39:09  time: 0.4760  data_time: 0.0068  memory: 430  
2024/12/09 05:55:30 - mmengine - INFO - Epoch(test) [1200/6019]    eta: 0:38:46  time: 0.4872  data_time: 0.0068  memory: 430  
2024/12/09 05:55:55 - mmengine - INFO - Epoch(test) [1250/6019]    eta: 0:38:26  time: 0.5027  data_time: 0.0065  memory: 431  
2024/12/09 05:56:19 - mmengine - INFO - Epoch(test) [1300/6019]    eta: 0:38:00  time: 0.4785  data_time: 0.0066  memory: 431  
2024/12/09 05:56:44 - mmengine - INFO - Epoch(test) [1350/6019]    eta: 0:37:38  time: 0.4958  data_time: 0.0065  memory: 431  
2024/12/09 05:57:07 - mmengine - INFO - Epoch(test) [1400/6019]    eta: 0:37:12  time: 0.4678  data_time: 0.0066  memory: 431  
2024/12/09 05:57:31 - mmengine - INFO - Epoch(test) [1450/6019]    eta: 0:36:46  time: 0.4765  data_time: 0.0067  memory: 430  
2024/12/09 05:57:57 - mmengine - INFO - Epoch(test) [1500/6019]    eta: 0:36:28  time: 0.5204  data_time: 0.0072  memory: 431  
2024/12/09 05:58:22 - mmengine - INFO - Epoch(test) [1550/6019]    eta: 0:36:06  time: 0.4994  data_time: 0.0071  memory: 431  
2024/12/09 05:58:45 - mmengine - INFO - Epoch(test) [1600/6019]    eta: 0:35:39  time: 0.4642  data_time: 0.0069  memory: 431  
2024/12/09 05:59:10 - mmengine - INFO - Epoch(test) [1650/6019]    eta: 0:35:15  time: 0.4895  data_time: 0.0070  memory: 431  
2024/12/09 05:59:33 - mmengine - INFO - Epoch(test) [1700/6019]    eta: 0:34:49  time: 0.4686  data_time: 0.0065  memory: 430  
2024/12/09 05:59:57 - mmengine - INFO - Epoch(test) [1750/6019]    eta: 0:34:25  time: 0.4808  data_time: 0.0066  memory: 431  
2024/12/09 06:00:20 - mmengine - INFO - Epoch(test) [1800/6019]    eta: 0:33:57  time: 0.4591  data_time: 0.0065  memory: 431  
2024/12/09 06:00:45 - mmengine - INFO - Epoch(test) [1850/6019]    eta: 0:33:34  time: 0.4868  data_time: 0.0069  memory: 431  
2024/12/09 06:01:07 - mmengine - INFO - Epoch(test) [1900/6019]    eta: 0:33:05  time: 0.4381  data_time: 0.0067  memory: 431  
2024/12/09 06:01:30 - mmengine - INFO - Epoch(test) [1950/6019]    eta: 0:32:39  time: 0.4631  data_time: 0.0072  memory: 431  
2024/12/09 06:01:54 - mmengine - INFO - Epoch(test) [2000/6019]    eta: 0:32:14  time: 0.4783  data_time: 0.0065  memory: 431  
2024/12/09 06:02:18 - mmengine - INFO - Epoch(test) [2050/6019]    eta: 0:31:51  time: 0.4918  data_time: 0.0068  memory: 431  
2024/12/09 06:02:44 - mmengine - INFO - Epoch(test) [2100/6019]    eta: 0:31:30  time: 0.5109  data_time: 0.0069  memory: 431  
2024/12/09 06:03:08 - mmengine - INFO - Epoch(test) [2150/6019]    eta: 0:31:06  time: 0.4843  data_time: 0.0067  memory: 430  
2024/12/09 06:03:33 - mmengine - INFO - Epoch(test) [2200/6019]    eta: 0:30:44  time: 0.5061  data_time: 0.0070  memory: 431  
2024/12/09 06:03:57 - mmengine - INFO - Epoch(test) [2250/6019]    eta: 0:30:20  time: 0.4824  data_time: 0.0066  memory: 431  
2024/12/09 06:04:20 - mmengine - INFO - Epoch(test) [2300/6019]    eta: 0:29:53  time: 0.4483  data_time: 0.0068  memory: 430  
2024/12/09 06:04:40 - mmengine - INFO - Epoch(test) [2350/6019]    eta: 0:29:23  time: 0.4095  data_time: 0.0069  memory: 430  
2024/12/09 06:05:04 - mmengine - INFO - Epoch(test) [2400/6019]    eta: 0:28:58  time: 0.4685  data_time: 0.0068  memory: 430  
2024/12/09 06:05:26 - mmengine - INFO - Epoch(test) [2450/6019]    eta: 0:28:32  time: 0.4483  data_time: 0.0062  memory: 430  
2024/12/09 06:05:48 - mmengine - INFO - Epoch(test) [2500/6019]    eta: 0:28:05  time: 0.4429  data_time: 0.0066  memory: 430  
2024/12/09 06:06:12 - mmengine - INFO - Epoch(test) [2550/6019]    eta: 0:27:41  time: 0.4725  data_time: 0.0065  memory: 431  
2024/12/09 06:06:33 - mmengine - INFO - Epoch(test) [2600/6019]    eta: 0:27:13  time: 0.4235  data_time: 0.0066  memory: 430  
2024/12/09 06:06:56 - mmengine - INFO - Epoch(test) [2650/6019]    eta: 0:26:48  time: 0.4650  data_time: 0.0070  memory: 431  
2024/12/09 06:07:20 - mmengine - INFO - Epoch(test) [2700/6019]    eta: 0:26:24  time: 0.4728  data_time: 0.0068  memory: 430  
2024/12/09 06:07:42 - mmengine - INFO - Epoch(test) [2750/6019]    eta: 0:25:58  time: 0.4463  data_time: 0.0072  memory: 430  
2024/12/09 06:08:06 - mmengine - INFO - Epoch(test) [2800/6019]    eta: 0:25:34  time: 0.4715  data_time: 0.0067  memory: 430  
2024/12/09 06:08:29 - mmengine - INFO - Epoch(test) [2850/6019]    eta: 0:25:10  time: 0.4625  data_time: 0.0068  memory: 430  
2024/12/09 06:08:52 - mmengine - INFO - Epoch(test) [2900/6019]    eta: 0:24:45  time: 0.4530  data_time: 0.0063  memory: 430  
2024/12/09 06:09:15 - mmengine - INFO - Epoch(test) [2950/6019]    eta: 0:24:20  time: 0.4566  data_time: 0.0068  memory: 430  
2024/12/09 06:09:38 - mmengine - INFO - Epoch(test) [3000/6019]    eta: 0:23:56  time: 0.4719  data_time: 0.0071  memory: 430  
2024/12/09 06:10:02 - mmengine - INFO - Epoch(test) [3050/6019]    eta: 0:23:32  time: 0.4716  data_time: 0.0064  memory: 430  
2024/12/09 06:10:24 - mmengine - INFO - Epoch(test) [3100/6019]    eta: 0:23:07  time: 0.4511  data_time: 0.0069  memory: 430  
2024/12/09 06:10:44 - mmengine - INFO - Epoch(test) [3150/6019]    eta: 0:22:39  time: 0.3951  data_time: 0.0069  memory: 429  
2024/12/09 06:11:07 - mmengine - INFO - Epoch(test) [3200/6019]    eta: 0:22:15  time: 0.4505  data_time: 0.0066  memory: 430  
2024/12/09 06:11:31 - mmengine - INFO - Epoch(test) [3250/6019]    eta: 0:21:51  time: 0.4792  data_time: 0.0068  memory: 430  
2024/12/09 06:11:54 - mmengine - INFO - Epoch(test) [3300/6019]    eta: 0:21:27  time: 0.4651  data_time: 0.0068  memory: 430  
2024/12/09 06:12:15 - mmengine - INFO - Epoch(test) [3350/6019]    eta: 0:21:01  time: 0.4220  data_time: 0.0073  memory: 430  
2024/12/09 06:12:36 - mmengine - INFO - Epoch(test) [3400/6019]    eta: 0:20:36  time: 0.4237  data_time: 0.0064  memory: 430  
2024/12/09 06:12:58 - mmengine - INFO - Epoch(test) [3450/6019]    eta: 0:20:11  time: 0.4299  data_time: 0.0066  memory: 430  
2024/12/09 06:13:20 - mmengine - INFO - Epoch(test) [3500/6019]    eta: 0:19:46  time: 0.4364  data_time: 0.0065  memory: 430  
2024/12/09 06:13:40 - mmengine - INFO - Epoch(test) [3550/6019]    eta: 0:19:20  time: 0.4113  data_time: 0.0067  memory: 430  
2024/12/09 06:14:03 - mmengine - INFO - Epoch(test) [3600/6019]    eta: 0:18:56  time: 0.4607  data_time: 0.0067  memory: 430  
2024/12/09 06:14:27 - mmengine - INFO - Epoch(test) [3650/6019]    eta: 0:18:33  time: 0.4740  data_time: 0.0066  memory: 431  
2024/12/09 06:14:47 - mmengine - INFO - Epoch(test) [3700/6019]    eta: 0:18:08  time: 0.4128  data_time: 0.0066  memory: 429  
2024/12/09 06:15:11 - mmengine - INFO - Epoch(test) [3750/6019]    eta: 0:17:45  time: 0.4768  data_time: 0.0066  memory: 431  
2024/12/09 06:15:37 - mmengine - INFO - Epoch(test) [3800/6019]    eta: 0:17:22  time: 0.5155  data_time: 0.0067  memory: 431  
2024/12/09 06:16:01 - mmengine - INFO - Epoch(test) [3850/6019]    eta: 0:16:59  time: 0.4706  data_time: 0.0065  memory: 430  
2024/12/09 06:16:27 - mmengine - INFO - Epoch(test) [3900/6019]    eta: 0:16:37  time: 0.5199  data_time: 0.0067  memory: 431  
2024/12/09 06:16:52 - mmengine - INFO - Epoch(test) [3950/6019]    eta: 0:16:14  time: 0.5086  data_time: 0.0067  memory: 431  
2024/12/09 06:17:18 - mmengine - INFO - Epoch(test) [4000/6019]    eta: 0:15:52  time: 0.5138  data_time: 0.0070  memory: 431  
2024/12/09 06:17:41 - mmengine - INFO - Epoch(test) [4050/6019]    eta: 0:15:28  time: 0.4561  data_time: 0.0066  memory: 430  
2024/12/09 06:18:04 - mmengine - INFO - Epoch(test) [4100/6019]    eta: 0:15:04  time: 0.4682  data_time: 0.0065  memory: 430  
2024/12/09 06:18:28 - mmengine - INFO - Epoch(test) [4150/6019]    eta: 0:14:41  time: 0.4873  data_time: 0.0066  memory: 430  
2024/12/09 06:18:52 - mmengine - INFO - Epoch(test) [4200/6019]    eta: 0:14:18  time: 0.4800  data_time: 0.0070  memory: 431  
2024/12/09 06:19:16 - mmengine - INFO - Epoch(test) [4250/6019]    eta: 0:13:54  time: 0.4655  data_time: 0.0068  memory: 430  
2024/12/09 06:19:38 - mmengine - INFO - Epoch(test) [4300/6019]    eta: 0:13:30  time: 0.4519  data_time: 0.0066  memory: 430  
2024/12/09 06:20:02 - mmengine - INFO - Epoch(test) [4350/6019]    eta: 0:13:06  time: 0.4668  data_time: 0.0064  memory: 430  
2024/12/09 06:20:26 - mmengine - INFO - Epoch(test) [4400/6019]    eta: 0:12:43  time: 0.4835  data_time: 0.0075  memory: 430  
2024/12/09 06:20:50 - mmengine - INFO - Epoch(test) [4450/6019]    eta: 0:12:19  time: 0.4757  data_time: 0.0065  memory: 430  
2024/12/09 06:21:13 - mmengine - INFO - Epoch(test) [4500/6019]    eta: 0:11:56  time: 0.4656  data_time: 0.0067  memory: 430  
2024/12/09 06:21:37 - mmengine - INFO - Epoch(test) [4550/6019]    eta: 0:11:32  time: 0.4777  data_time: 0.0067  memory: 431  
2024/12/09 06:22:01 - mmengine - INFO - Epoch(test) [4600/6019]    eta: 0:11:09  time: 0.4845  data_time: 0.0062  memory: 431  
2024/12/09 06:22:26 - mmengine - INFO - Epoch(test) [4650/6019]    eta: 0:10:46  time: 0.4913  data_time: 0.0065  memory: 431  
2024/12/09 06:22:50 - mmengine - INFO - Epoch(test) [4700/6019]    eta: 0:10:22  time: 0.4889  data_time: 0.0066  memory: 431  
2024/12/09 06:23:15 - mmengine - INFO - Epoch(test) [4750/6019]    eta: 0:09:59  time: 0.4949  data_time: 0.0065  memory: 431  
2024/12/09 06:23:39 - mmengine - INFO - Epoch(test) [4800/6019]    eta: 0:09:36  time: 0.4929  data_time: 0.0068  memory: 431  
2024/12/09 06:24:03 - mmengine - INFO - Epoch(test) [4850/6019]    eta: 0:09:12  time: 0.4712  data_time: 0.0063  memory: 430  
2024/12/09 06:24:27 - mmengine - INFO - Epoch(test) [4900/6019]    eta: 0:08:48  time: 0.4785  data_time: 0.0066  memory: 430  
2024/12/09 06:24:50 - mmengine - INFO - Epoch(test) [4950/6019]    eta: 0:08:25  time: 0.4653  data_time: 0.0065  memory: 430  
2024/12/09 06:25:14 - mmengine - INFO - Epoch(test) [5000/6019]    eta: 0:08:01  time: 0.4838  data_time: 0.0065  memory: 430  
2024/12/09 06:25:38 - mmengine - INFO - Epoch(test) [5050/6019]    eta: 0:07:37  time: 0.4676  data_time: 0.0064  memory: 430  
2024/12/09 06:26:01 - mmengine - INFO - Epoch(test) [5100/6019]    eta: 0:07:14  time: 0.4692  data_time: 0.0065  memory: 430  
2024/12/09 06:26:27 - mmengine - INFO - Epoch(test) [5150/6019]    eta: 0:06:50  time: 0.5100  data_time: 0.0068  memory: 431  
2024/12/09 06:26:50 - mmengine - INFO - Epoch(test) [5200/6019]    eta: 0:06:27  time: 0.4631  data_time: 0.0067  memory: 431  
2024/12/09 06:27:14 - mmengine - INFO - Epoch(test) [5250/6019]    eta: 0:06:03  time: 0.4728  data_time: 0.0072  memory: 431  
2024/12/09 06:27:36 - mmengine - INFO - Epoch(test) [5300/6019]    eta: 0:05:39  time: 0.4423  data_time: 0.0072  memory: 430  
2024/12/09 06:27:59 - mmengine - INFO - Epoch(test) [5350/6019]    eta: 0:05:16  time: 0.4552  data_time: 0.0066  memory: 430  
2024/12/09 06:28:22 - mmengine - INFO - Epoch(test) [5400/6019]    eta: 0:04:52  time: 0.4729  data_time: 0.0066  memory: 430  
2024/12/09 06:28:45 - mmengine - INFO - Epoch(test) [5450/6019]    eta: 0:04:28  time: 0.4650  data_time: 0.0068  memory: 431  
2024/12/09 06:29:10 - mmengine - INFO - Epoch(test) [5500/6019]    eta: 0:04:05  time: 0.4850  data_time: 0.0065  memory: 431  
2024/12/09 06:29:34 - mmengine - INFO - Epoch(test) [5550/6019]    eta: 0:03:41  time: 0.4908  data_time: 0.0064  memory: 430  
2024/12/09 06:29:59 - mmengine - INFO - Epoch(test) [5600/6019]    eta: 0:03:18  time: 0.4957  data_time: 0.0066  memory: 431  
2024/12/09 06:30:23 - mmengine - INFO - Epoch(test) [5650/6019]    eta: 0:02:54  time: 0.4865  data_time: 0.0064  memory: 431  
2024/12/09 06:30:49 - mmengine - INFO - Epoch(test) [5700/6019]    eta: 0:02:30  time: 0.5087  data_time: 0.0066  memory: 431  
2024/12/09 06:31:14 - mmengine - INFO - Epoch(test) [5750/6019]    eta: 0:02:07  time: 0.5027  data_time: 0.0067  memory: 430  
2024/12/09 06:31:37 - mmengine - INFO - Epoch(test) [5800/6019]    eta: 0:01:43  time: 0.4655  data_time: 0.0063  memory: 430  
2024/12/09 06:32:02 - mmengine - INFO - Epoch(test) [5850/6019]    eta: 0:01:20  time: 0.5030  data_time: 0.0066  memory: 431  
2024/12/09 06:32:28 - mmengine - INFO - Epoch(test) [5900/6019]    eta: 0:00:56  time: 0.5153  data_time: 0.0068  memory: 431  
2024/12/09 06:32:54 - mmengine - INFO - Epoch(test) [5950/6019]    eta: 0:00:32  time: 0.5100  data_time: 0.0067  memory: 431  
2024/12/09 06:33:17 - mmengine - INFO - Epoch(test) [6000/6019]    eta: 0:00:09  time: 0.4603  data_time: 0.0065  memory: 430  
2024/12/09 07:01:02 - mmengine - INFO - Epoch(test) [6019/6019]    NuScenes metric/pred_instances_3d_NuScenes/car_AP_dist_0.5: 0.7369  NuScenes metric/pred_instances_3d_NuScenes/car_AP_dist_1.0: 0.8415  NuScenes metric/pred_instances_3d_NuScenes/car_AP_dist_2.0: 0.8747  NuScenes metric/pred_instances_3d_NuScenes/car_AP_dist_4.0: 0.8917  NuScenes metric/pred_instances_3d_NuScenes/car_trans_err: 0.1845  NuScenes metric/pred_instances_3d_NuScenes/car_scale_err: 0.1562  NuScenes metric/pred_instances_3d_NuScenes/car_orient_err: 0.1300  NuScenes metric/pred_instances_3d_NuScenes/car_vel_err: 0.3111  NuScenes metric/pred_instances_3d_NuScenes/car_attr_err: 0.1888  NuScenes metric/pred_instances_3d_NuScenes/mATE: 0.2931  NuScenes metric/pred_instances_3d_NuScenes/mASE: 0.2597  NuScenes metric/pred_instances_3d_NuScenes/mAOE: 0.3509  NuScenes metric/pred_instances_3d_NuScenes/mAVE: 0.3059  NuScenes metric/pred_instances_3d_NuScenes/mAAE: 0.1914  NuScenes metric/pred_instances_3d_NuScenes/truck_AP_dist_0.5: 0.3868  NuScenes metric/pred_instances_3d_NuScenes/truck_AP_dist_1.0: 0.5560  NuScenes metric/pred_instances_3d_NuScenes/truck_AP_dist_2.0: 0.6309  NuScenes metric/pred_instances_3d_NuScenes/truck_AP_dist_4.0: 0.6657  NuScenes metric/pred_instances_3d_NuScenes/truck_trans_err: 0.3178  NuScenes metric/pred_instances_3d_NuScenes/truck_scale_err: 0.1834  NuScenes metric/pred_instances_3d_NuScenes/truck_orient_err: 0.1402  NuScenes metric/pred_instances_3d_NuScenes/truck_vel_err: 0.2780  NuScenes metric/pred_instances_3d_NuScenes/truck_attr_err: 0.2293  NuScenes metric/pred_instances_3d_NuScenes/construction_vehicle_AP_dist_0.5: 0.0194  NuScenes metric/pred_instances_3d_NuScenes/construction_vehicle_AP_dist_1.0: 0.0928  NuScenes metric/pred_instances_3d_NuScenes/construction_vehicle_AP_dist_2.0: 0.2066  NuScenes metric/pred_instances_3d_NuScenes/construction_vehicle_AP_dist_4.0: 0.2834  NuScenes metric/pred_instances_3d_NuScenes/construction_vehicle_trans_err: 0.7306  NuScenes metric/pred_instances_3d_NuScenes/construction_vehicle_scale_err: 0.4595  NuScenes metric/pred_instances_3d_NuScenes/construction_vehicle_orient_err: 0.9901  NuScenes metric/pred_instances_3d_NuScenes/construction_vehicle_vel_err: 0.1346  NuScenes metric/pred_instances_3d_NuScenes/construction_vehicle_attr_err: 0.3368  NuScenes metric/pred_instances_3d_NuScenes/bus_AP_dist_0.5: 0.3941  NuScenes metric/pred_instances_3d_NuScenes/bus_AP_dist_1.0: 0.6744  NuScenes metric/pred_instances_3d_NuScenes/bus_AP_dist_2.0: 0.7988  NuScenes metric/pred_instances_3d_NuScenes/bus_AP_dist_4.0: 0.8178  NuScenes metric/pred_instances_3d_NuScenes/bus_trans_err: 0.3459  NuScenes metric/pred_instances_3d_NuScenes/bus_scale_err: 0.1960  NuScenes metric/pred_instances_3d_NuScenes/bus_orient_err: 0.0837  NuScenes metric/pred_instances_3d_NuScenes/bus_vel_err: 0.4930  NuScenes metric/pred_instances_3d_NuScenes/bus_attr_err: 0.2422  NuScenes metric/pred_instances_3d_NuScenes/trailer_AP_dist_0.5: 0.0916  NuScenes metric/pred_instances_3d_NuScenes/trailer_AP_dist_1.0: 0.3095  NuScenes metric/pred_instances_3d_NuScenes/trailer_AP_dist_2.0: 0.4227  NuScenes metric/pred_instances_3d_NuScenes/trailer_AP_dist_4.0: 0.5063  NuScenes metric/pred_instances_3d_NuScenes/trailer_trans_err: 0.5064  NuScenes metric/pred_instances_3d_NuScenes/trailer_scale_err: 0.2067  NuScenes metric/pred_instances_3d_NuScenes/trailer_orient_err: 0.5816  NuScenes metric/pred_instances_3d_NuScenes/trailer_vel_err: 0.2560  NuScenes metric/pred_instances_3d_NuScenes/trailer_attr_err: 0.1769  NuScenes metric/pred_instances_3d_NuScenes/barrier_AP_dist_0.5: 0.5761  NuScenes metric/pred_instances_3d_NuScenes/barrier_AP_dist_1.0: 0.6812  NuScenes metric/pred_instances_3d_NuScenes/barrier_AP_dist_2.0: 0.7188  NuScenes metric/pred_instances_3d_NuScenes/barrier_AP_dist_4.0: 0.7314  NuScenes metric/pred_instances_3d_NuScenes/barrier_trans_err: 0.1988  NuScenes metric/pred_instances_3d_NuScenes/barrier_scale_err: 0.2802  NuScenes metric/pred_instances_3d_NuScenes/barrier_orient_err: 0.0664  NuScenes metric/pred_instances_3d_NuScenes/barrier_vel_err: nan  NuScenes metric/pred_instances_3d_NuScenes/barrier_attr_err: nan  NuScenes metric/pred_instances_3d_NuScenes/motorcycle_AP_dist_0.5: 0.4193  NuScenes metric/pred_instances_3d_NuScenes/motorcycle_AP_dist_1.0: 0.4715  NuScenes metric/pred_instances_3d_NuScenes/motorcycle_AP_dist_2.0: 0.4822  NuScenes metric/pred_instances_3d_NuScenes/motorcycle_AP_dist_4.0: 0.4878  NuScenes metric/pred_instances_3d_NuScenes/motorcycle_trans_err: 0.1971  NuScenes metric/pred_instances_3d_NuScenes/motorcycle_scale_err: 0.2348  NuScenes metric/pred_instances_3d_NuScenes/motorcycle_orient_err: 0.3058  NuScenes metric/pred_instances_3d_NuScenes/motorcycle_vel_err: 0.5276  NuScenes metric/pred_instances_3d_NuScenes/motorcycle_attr_err: 0.2405  NuScenes metric/pred_instances_3d_NuScenes/bicycle_AP_dist_0.5: 0.3176  NuScenes metric/pred_instances_3d_NuScenes/bicycle_AP_dist_1.0: 0.3293  NuScenes metric/pred_instances_3d_NuScenes/bicycle_AP_dist_2.0: 0.3308  NuScenes metric/pred_instances_3d_NuScenes/bicycle_AP_dist_4.0: 0.3336  NuScenes metric/pred_instances_3d_NuScenes/bicycle_trans_err: 0.1650  NuScenes metric/pred_instances_3d_NuScenes/bicycle_scale_err: 0.2629  NuScenes metric/pred_instances_3d_NuScenes/bicycle_orient_err: 0.4524  NuScenes metric/pred_instances_3d_NuScenes/bicycle_vel_err: 0.2000  NuScenes metric/pred_instances_3d_NuScenes/bicycle_attr_err: 0.0169  NuScenes metric/pred_instances_3d_NuScenes/pedestrian_AP_dist_0.5: 0.7952  NuScenes metric/pred_instances_3d_NuScenes/pedestrian_AP_dist_1.0: 0.8105  NuScenes metric/pred_instances_3d_NuScenes/pedestrian_AP_dist_2.0: 0.8229  NuScenes metric/pred_instances_3d_NuScenes/pedestrian_AP_dist_4.0: 0.8382  NuScenes metric/pred_instances_3d_NuScenes/pedestrian_trans_err: 0.1446  NuScenes metric/pred_instances_3d_NuScenes/pedestrian_scale_err: 0.2846  NuScenes metric/pred_instances_3d_NuScenes/pedestrian_orient_err: 0.4083  NuScenes metric/pred_instances_3d_NuScenes/pedestrian_vel_err: 0.2474  NuScenes metric/pred_instances_3d_NuScenes/pedestrian_attr_err: 0.0997  NuScenes metric/pred_instances_3d_NuScenes/traffic_cone_AP_dist_0.5: 0.6212  NuScenes metric/pred_instances_3d_NuScenes/traffic_cone_AP_dist_1.0: 0.6331  NuScenes metric/pred_instances_3d_NuScenes/traffic_cone_AP_dist_2.0: 0.6530  NuScenes metric/pred_instances_3d_NuScenes/traffic_cone_AP_dist_4.0: 0.6878  NuScenes metric/pred_instances_3d_NuScenes/traffic_cone_trans_err: 0.1404  NuScenes metric/pred_instances_3d_NuScenes/traffic_cone_scale_err: 0.3329  NuScenes metric/pred_instances_3d_NuScenes/traffic_cone_orient_err: nan  NuScenes metric/pred_instances_3d_NuScenes/traffic_cone_vel_err: nan  NuScenes metric/pred_instances_3d_NuScenes/traffic_cone_attr_err: nan  NuScenes metric/pred_instances_3d_NuScenes/NDS: 0.6342  NuScenes metric/pred_instances_3d_NuScenes/mAP: 0.5486  data_time: 0.0068  time: 0.4742
