2000/01/02 05:19:14 - mmengine - INFO - 
------------------------------------------------------------
System environment:
    sys.platform: linux
    Python: 3.8.10 (default, Jul 29 2024, 17:02:10) [GCC 9.4.0]
    CUDA available: True
    MUSA available: False
    numpy_random_seed: 66733321
    GPU 0: Xavier
    CUDA_HOME: /usr/local/cuda-11.4
    NVCC: Cuda compilation tools, release 11.4, V11.4.315
    GCC: aarch64-linux-gnu-gcc (Ubuntu 9.4.0-1ubuntu1~20.04.2) 9.4.0
    PyTorch: 1.11.0
    PyTorch compiling details: PyTorch built with:
  - GCC 9.4
  - C++ Version: 201402
  - OpenMP 201511 (a.k.a. OpenMP 4.5)
  - LAPACK is enabled (usually provided by MKL)
  - NNPACK is enabled
  - CPU capability usage: NO AVX
  - CUDA Runtime 11.4
  - NVCC architecture flags: -gencode;arch=compute_72,code=sm_72;-gencode;arch=compute_87,code=sm_87
  - CuDNN 8.6
    - Built with CuDNN 8.3.2
  - Build settings: BLAS_INFO=open, BUILD_TYPE=Release, CUDA_VERSION=11.4, CUDNN_VERSION=8.3.2, CXX_COMPILER=/usr/bin/c++, CXX_FLAGS= -Wno-deprecated -fvisibility-inlines-hidden -DUSE_PTHREADPOOL -fopenmp -DNDEBUG -DUSE_KINETO -DLIBKINETO_NOCUPTI -DUSE_XNNPACK -DSYMBOLICATE_MOBILE_DEBUG_HANDLE -DEDGE_PROFILER_USE_KINETO -O2 -fPIC -Wno-narrowing -Wall -Wextra -Werror=return-type -Wno-missing-field-initializers -Wno-type-limits -Wno-array-bounds -Wno-unknown-pragmas -Wno-sign-compare -Wno-unused-parameter -Wno-unused-function -Wno-unused-result -Wno-unused-local-typedefs -Wno-strict-overflow -Wno-strict-aliasing -Wno-error=deprecated-declarations -Wno-stringop-overflow -Wno-psabi -Wno-error=pedantic -Wno-error=redundant-decls -Wno-error=old-style-cast -fdiagnostics-color=always -faligned-new -Wno-unused-but-set-variable -Wno-maybe-uninitialized -fno-math-errno -fno-trapping-math -Werror=format -Werror=cast-function-type -Wno-stringop-overflow, FORCE_FALLBACK_CUDA_MPI=1, LAPACK_INFO=open, TORCH_VERSION=1.11.0, USE_CUDA=ON, USE_CUDNN=ON, USE_EIGEN_FOR_BLAS=ON, USE_EXCEPTION_PTR=1, USE_GFLAGS=OFF, USE_GLOG=OFF, USE_MKL=OFF, USE_MKLDNN=OFF, USE_MPI=ON, USE_NCCL=0, USE_NNPACK=ON, USE_OPENMP=ON, USE_ROCM=OFF, 

    TorchVision: 0.12.0
    OpenCV: 4.10.0
    MMEngine: 0.10.5

Runtime environment:
    cudnn_benchmark: False
    mp_cfg: {'mp_start_method': 'fork', 'opencv_num_threads': 0}
    dist_cfg: {'backend': 'nccl'}
    seed: 66733321
    Distributed launcher: none
    Distributed training: False
    GPU number: 1
------------------------------------------------------------

2000/01/02 05:19:17 - mmengine - INFO - Config:
auto_scale_lr = dict(base_batch_size=32, enable=False)
backend_args = None
class_names = [
    'car',
    'truck',
    'construction_vehicle',
    'bus',
    'trailer',
    'barrier',
    'motorcycle',
    'bicycle',
    'pedestrian',
    'traffic_cone',
]
custom_hooks = [
    dict(disable_after_epoch=15, type='DisableObjectSampleHook'),
]
custom_imports = dict(
    allow_failed_imports=False, imports=[
        'projects.BEVFusion.bevfusion',
    ])
data_prefix = dict(
    CAM_BACK='samples/CAM_BACK',
    CAM_BACK_LEFT='samples/CAM_BACK_LEFT',
    CAM_BACK_RIGHT='samples/CAM_BACK_RIGHT',
    CAM_FRONT='samples/CAM_FRONT',
    CAM_FRONT_LEFT='samples/CAM_FRONT_LEFT',
    CAM_FRONT_RIGHT='samples/CAM_FRONT_RIGHT',
    pts='samples/LIDAR_TOP',
    sweeps='sweeps/LIDAR_TOP')
data_root = '/media/xavier02/Sparkles1/nuscenes/'
dataset_type = 'NuScenesDataset'
db_sampler = dict(
    classes=[
        'car',
        'truck',
        'construction_vehicle',
        'bus',
        'trailer',
        'barrier',
        'motorcycle',
        'bicycle',
        'pedestrian',
        'traffic_cone',
    ],
    data_root='/media/xavier02/Sparkles1/nuscenes/',
    info_path='/media/xavier02/Sparkles1/nuscenes/nuscenes_dbinfos_train.pkl',
    points_loader=dict(
        backend_args=None,
        coord_type='LIDAR',
        load_dim=5,
        type='LoadPointsFromFile',
        use_dim=[
            0,
            1,
            2,
            3,
            4,
        ]),
    prepare=dict(
        filter_by_difficulty=[
            -1,
        ],
        filter_by_min_points=dict(
            barrier=5,
            bicycle=5,
            bus=5,
            car=5,
            construction_vehicle=5,
            motorcycle=5,
            pedestrian=5,
            traffic_cone=5,
            trailer=5,
            truck=5)),
    rate=1.0,
    sample_groups=dict(
        barrier=2,
        bicycle=6,
        bus=4,
        car=2,
        construction_vehicle=7,
        motorcycle=6,
        pedestrian=2,
        traffic_cone=2,
        trailer=6,
        truck=3))
default_hooks = dict(
    checkpoint=dict(interval=5, type='CheckpointHook'),
    logger=dict(interval=50, type='LoggerHook'),
    param_scheduler=dict(type='ParamSchedulerHook'),
    sampler_seed=dict(type='DistSamplerSeedHook'),
    timer=dict(type='IterTimerHook'),
    visualization=dict(type='Det3DVisualizationHook'))
default_scope = 'mmdet3d'
env_cfg = dict(
    cudnn_benchmark=False,
    dist_cfg=dict(backend='nccl'),
    mp_cfg=dict(mp_start_method='fork', opencv_num_threads=0))
input_modality = dict(use_camera=False, use_lidar=True)
launcher = 'none'
load_from = 'projects/BEVFusion/configs/Lidar_checkpoint_voxel_0075_4sweeps.pth'
log_level = 'INFO'
log_processor = dict(by_epoch=True, type='LogProcessor', window_size=50)
lr = 0.0001
metainfo = dict(classes=[
    'car',
    'truck',
    'construction_vehicle',
    'bus',
    'trailer',
    'barrier',
    'motorcycle',
    'bicycle',
    'pedestrian',
    'traffic_cone',
])
model = dict(
    bbox_head=dict(
        auxiliary=True,
        bbox_coder=dict(
            code_size=10,
            out_size_factor=8,
            pc_range=[
                -54.0,
                -54.0,
            ],
            post_center_range=[
                -61.2,
                -61.2,
                -10.0,
                61.2,
                61.2,
                10.0,
            ],
            score_threshold=0.0,
            type='TransFusionBBoxCoder',
            voxel_size=[
                0.075,
                0.075,
            ]),
        bn_momentum=0.1,
        common_heads=dict(
            center=[
                2,
                2,
            ],
            dim=[
                3,
                2,
            ],
            height=[
                1,
                2,
            ],
            rot=[
                2,
                2,
            ],
            vel=[
                2,
                2,
            ]),
        decoder_layer=dict(
            cross_attn_cfg=dict(dropout=0.1, embed_dims=128, num_heads=8),
            ffn_cfg=dict(
                act_cfg=dict(inplace=True, type='ReLU'),
                embed_dims=128,
                feedforward_channels=256,
                ffn_drop=0.1,
                num_fcs=2),
            norm_cfg=dict(type='LN'),
            pos_encoding_cfg=dict(input_channel=2, num_pos_feats=128),
            self_attn_cfg=dict(dropout=0.1, embed_dims=128, num_heads=8),
            type='TransformerDecoderLayer'),
        hidden_channel=128,
        in_channels=512,
        loss_bbox=dict(
            loss_weight=0.25, reduction='mean', type='mmdet.L1Loss'),
        loss_cls=dict(
            alpha=0.25,
            gamma=2.0,
            loss_weight=1.0,
            reduction='mean',
            type='mmdet.FocalLoss',
            use_sigmoid=True),
        loss_heatmap=dict(
            loss_weight=1.0, reduction='mean', type='mmdet.GaussianFocalLoss'),
        nms_kernel_size=3,
        num_classes=10,
        num_decoder_layers=1,
        num_proposals=200,
        test_cfg=dict(
            dataset='nuScenes',
            grid_size=[
                1440,
                1440,
                41,
            ],
            nms_type=None,
            out_size_factor=8,
            pc_range=[
                -54.0,
                -54.0,
            ],
            voxel_size=[
                0.075,
                0.075,
            ]),
        train_cfg=dict(
            assigner=dict(
                cls_cost=dict(
                    alpha=0.25,
                    gamma=2.0,
                    type='mmdet.FocalLossCost',
                    weight=0.15),
                iou_calculator=dict(coordinate='lidar', type='BboxOverlaps3D'),
                iou_cost=dict(type='IoU3DCost', weight=0.25),
                reg_cost=dict(type='BBoxBEVL1Cost', weight=0.25),
                type='HungarianAssigner3D'),
            code_weights=[
                1.0,
                1.0,
                1.0,
                1.0,
                1.0,
                1.0,
                1.0,
                1.0,
                0.2,
                0.2,
            ],
            dataset='nuScenes',
            gaussian_overlap=0.1,
            grid_size=[
                1440,
                1440,
                41,
            ],
            min_radius=2,
            out_size_factor=8,
            point_cloud_range=[
                -54.0,
                -54.0,
                -5.0,
                54.0,
                54.0,
                3.0,
            ],
            pos_weight=-1,
            voxel_size=[
                0.075,
                0.075,
                0.2,
            ]),
        type='TransFusionHead'),
    data_preprocessor=dict(
        pad_size_divisor=32,
        type='Det3DDataPreprocessor',
        voxelize_cfg=dict(
            max_num_points=10,
            max_voxels=[
                120000,
                160000,
            ],
            point_cloud_range=[
                -54.0,
                -54.0,
                -5.0,
                54.0,
                54.0,
                3.0,
            ],
            voxel_size=[
                0.075,
                0.075,
                0.2,
            ],
            voxelize_reduce=True)),
    pts_backbone=dict(
        conv_cfg=dict(bias=False, type='Conv2d'),
        in_channels=256,
        layer_nums=[
            5,
            5,
        ],
        layer_strides=[
            1,
            2,
        ],
        norm_cfg=dict(eps=0.001, momentum=0.01, type='BN'),
        out_channels=[
            128,
            256,
        ],
        type='SECOND'),
    pts_middle_encoder=dict(
        block_type='basicblock',
        encoder_channels=(
            (
                16,
                16,
                32,
            ),
            (
                32,
                32,
                64,
            ),
            (
                64,
                64,
                128,
            ),
            (
                128,
                128,
            ),
        ),
        encoder_paddings=(
            (
                0,
                0,
                1,
            ),
            (
                0,
                0,
                1,
            ),
            (
                0,
                0,
                (
                    1,
                    1,
                    0,
                ),
            ),
            (
                0,
                0,
            ),
        ),
        in_channels=5,
        norm_cfg=dict(eps=0.001, momentum=0.01, type='BN1d'),
        order=(
            'conv',
            'norm',
            'act',
        ),
        sparse_shape=[
            1440,
            1440,
            41,
        ],
        type='BEVFusionSparseEncoder'),
    pts_neck=dict(
        in_channels=[
            128,
            256,
        ],
        norm_cfg=dict(eps=0.001, momentum=0.01, type='BN'),
        out_channels=[
            256,
            256,
        ],
        type='SECONDFPN',
        upsample_cfg=dict(bias=False, type='deconv'),
        upsample_strides=[
            1,
            2,
        ],
        use_conv_for_no_stride=True),
    pts_voxel_encoder=dict(num_features=5, type='HardSimpleVFE'),
    type='BEVFusion')
optim_wrapper = dict(
    clip_grad=dict(max_norm=35, norm_type=2),
    optimizer=dict(lr=0.0001, type='AdamW', weight_decay=0.01),
    type='OptimWrapper')
param_scheduler = [
    dict(
        T_max=8,
        begin=0,
        by_epoch=True,
        convert_to_iter_based=True,
        end=8,
        eta_min=0.001,
        type='CosineAnnealingLR'),
    dict(
        T_max=12,
        begin=8,
        by_epoch=True,
        convert_to_iter_based=True,
        end=20,
        eta_min=1e-08,
        type='CosineAnnealingLR'),
    dict(
        T_max=8,
        begin=0,
        by_epoch=True,
        convert_to_iter_based=True,
        end=8,
        eta_min=0.8947368421052632,
        type='CosineAnnealingMomentum'),
    dict(
        T_max=12,
        begin=8,
        by_epoch=True,
        convert_to_iter_based=True,
        end=20,
        eta_min=1,
        type='CosineAnnealingMomentum'),
]
point_cloud_range = [
    -54.0,
    -54.0,
    -5.0,
    54.0,
    54.0,
    3.0,
]
resume = False
test_cfg = dict()
test_dataloader = dict(
    batch_size=1,
    dataset=dict(
        ann_file='nuscenes_infos_val.pkl',
        backend_args=None,
        box_type_3d='LiDAR',
        data_prefix=dict(
            CAM_BACK='samples/CAM_BACK',
            CAM_BACK_LEFT='samples/CAM_BACK_LEFT',
            CAM_BACK_RIGHT='samples/CAM_BACK_RIGHT',
            CAM_FRONT='samples/CAM_FRONT',
            CAM_FRONT_LEFT='samples/CAM_FRONT_LEFT',
            CAM_FRONT_RIGHT='samples/CAM_FRONT_RIGHT',
            pts='samples/LIDAR_TOP',
            sweeps='sweeps/LIDAR_TOP'),
        data_root='/media/xavier02/Sparkles1/nuscenes/',
        metainfo=dict(classes=[
            'car',
            'truck',
            'construction_vehicle',
            'bus',
            'trailer',
            'barrier',
            'motorcycle',
            'bicycle',
            'pedestrian',
            'traffic_cone',
        ]),
        modality=dict(use_camera=False, use_lidar=True),
        pipeline=[
            dict(
                backend_args=None,
                coord_type='LIDAR',
                load_dim=5,
                type='LoadPointsFromFile',
                use_dim=5),
            dict(
                backend_args=None,
                load_dim=5,
                pad_empty_sweeps=True,
                remove_close=True,
                sweeps_num=8,
                type='LoadPointsFromMultiSweeps',
                use_dim=5),
            dict(
                point_cloud_range=[
                    -54.0,
                    -54.0,
                    -5.0,
                    54.0,
                    54.0,
                    3.0,
                ],
                type='PointsRangeFilter'),
            dict(
                keys=[
                    'img',
                    'points',
                    'gt_bboxes_3d',
                    'gt_labels_3d',
                ],
                meta_keys=[
                    'cam2img',
                    'ori_cam2img',
                    'lidar2cam',
                    'lidar2img',
                    'cam2lidar',
                    'ori_lidar2img',
                    'img_aug_matrix',
                    'box_type_3d',
                    'sample_idx',
                    'lidar_path',
                    'img_path',
                    'num_pts_feats',
                    'num_views',
                ],
                type='Pack3DDetInputs'),
        ],
        test_mode=True,
        type='NuScenesDataset'),
    drop_last=False,
    num_workers=4,
    persistent_workers=True,
    sampler=dict(shuffle=False, type='DefaultSampler'))
test_evaluator = dict(
    ann_file='/media/xavier02/Sparkles1/nuscenes/nuscenes_infos_val.pkl',
    backend_args=None,
    data_root='/media/xavier02/Sparkles1/nuscenes/',
    metric='bbox',
    type='NuScenesMetric')
test_pipeline = [
    dict(
        backend_args=None,
        coord_type='LIDAR',
        load_dim=5,
        type='LoadPointsFromFile',
        use_dim=5),
    dict(
        backend_args=None,
        load_dim=5,
        pad_empty_sweeps=True,
        remove_close=True,
        sweeps_num=8,
        type='LoadPointsFromMultiSweeps',
        use_dim=5),
    dict(
        point_cloud_range=[
            -54.0,
            -54.0,
            -5.0,
            54.0,
            54.0,
            3.0,
        ],
        type='PointsRangeFilter'),
    dict(
        keys=[
            'img',
            'points',
            'gt_bboxes_3d',
            'gt_labels_3d',
        ],
        meta_keys=[
            'cam2img',
            'ori_cam2img',
            'lidar2cam',
            'lidar2img',
            'cam2lidar',
            'ori_lidar2img',
            'img_aug_matrix',
            'box_type_3d',
            'sample_idx',
            'lidar_path',
            'img_path',
            'num_pts_feats',
            'num_views',
        ],
        type='Pack3DDetInputs'),
]
train_cfg = dict(by_epoch=True, max_epochs=20, val_interval=5)
train_dataloader = dict(
    batch_size=1,
    dataset=dict(
        dataset=dict(
            ann_file='nuscenes_infos_train.pkl',
            box_type_3d='LiDAR',
            data_prefix=dict(
                CAM_BACK='samples/CAM_BACK',
                CAM_BACK_LEFT='samples/CAM_BACK_LEFT',
                CAM_BACK_RIGHT='samples/CAM_BACK_RIGHT',
                CAM_FRONT='samples/CAM_FRONT',
                CAM_FRONT_LEFT='samples/CAM_FRONT_LEFT',
                CAM_FRONT_RIGHT='samples/CAM_FRONT_RIGHT',
                pts='samples/LIDAR_TOP',
                sweeps='sweeps/LIDAR_TOP'),
            data_root='/media/xavier02/Sparkles1/nuscenes/',
            metainfo=dict(classes=[
                'car',
                'truck',
                'construction_vehicle',
                'bus',
                'trailer',
                'barrier',
                'motorcycle',
                'bicycle',
                'pedestrian',
                'traffic_cone',
            ]),
            modality=dict(use_camera=False, use_lidar=True),
            pipeline=[
                dict(
                    backend_args=None,
                    coord_type='LIDAR',
                    load_dim=5,
                    type='LoadPointsFromFile',
                    use_dim=5),
                dict(
                    backend_args=None,
                    load_dim=5,
                    pad_empty_sweeps=True,
                    remove_close=True,
                    sweeps_num=9,
                    type='LoadPointsFromMultiSweeps',
                    use_dim=5),
                dict(
                    type='LoadAnnotations3D',
                    with_attr_label=False,
                    with_bbox_3d=True,
                    with_label_3d=True),
                dict(
                    db_sampler=dict(
                        classes=[
                            'car',
                            'truck',
                            'construction_vehicle',
                            'bus',
                            'trailer',
                            'barrier',
                            'motorcycle',
                            'bicycle',
                            'pedestrian',
                            'traffic_cone',
                        ],
                        data_root='/media/xavier02/Sparkles1/nuscenes/',
                        info_path=
                        '/media/xavier02/Sparkles1/nuscenes/nuscenes_dbinfos_train.pkl',
                        points_loader=dict(
                            backend_args=None,
                            coord_type='LIDAR',
                            load_dim=5,
                            type='LoadPointsFromFile',
                            use_dim=[
                                0,
                                1,
                                2,
                                3,
                                4,
                            ]),
                        prepare=dict(
                            filter_by_difficulty=[
                                -1,
                            ],
                            filter_by_min_points=dict(
                                barrier=5,
                                bicycle=5,
                                bus=5,
                                car=5,
                                construction_vehicle=5,
                                motorcycle=5,
                                pedestrian=5,
                                traffic_cone=5,
                                trailer=5,
                                truck=5)),
                        rate=1.0,
                        sample_groups=dict(
                            barrier=2,
                            bicycle=6,
                            bus=4,
                            car=2,
                            construction_vehicle=7,
                            motorcycle=6,
                            pedestrian=2,
                            traffic_cone=2,
                            trailer=6,
                            truck=3)),
                    type='ObjectSample'),
                dict(
                    rot_range=[
                        -0.78539816,
                        0.78539816,
                    ],
                    scale_ratio_range=[
                        0.9,
                        1.1,
                    ],
                    translation_std=0.5,
                    type='GlobalRotScaleTrans'),
                dict(type='BEVFusionRandomFlip3D'),
                dict(
                    point_cloud_range=[
                        -54.0,
                        -54.0,
                        -5.0,
                        54.0,
                        54.0,
                        3.0,
                    ],
                    type='PointsRangeFilter'),
                dict(
                    point_cloud_range=[
                        -54.0,
                        -54.0,
                        -5.0,
                        54.0,
                        54.0,
                        3.0,
                    ],
                    type='ObjectRangeFilter'),
                dict(
                    classes=[
                        'car',
                        'truck',
                        'construction_vehicle',
                        'bus',
                        'trailer',
                        'barrier',
                        'motorcycle',
                        'bicycle',
                        'pedestrian',
                        'traffic_cone',
                    ],
                    type='ObjectNameFilter'),
                dict(type='PointShuffle'),
                dict(
                    keys=[
                        'points',
                        'img',
                        'gt_bboxes_3d',
                        'gt_labels_3d',
                        'gt_bboxes',
                        'gt_labels',
                    ],
                    meta_keys=[
                        'cam2img',
                        'ori_cam2img',
                        'lidar2cam',
                        'lidar2img',
                        'cam2lidar',
                        'ori_lidar2img',
                        'img_aug_matrix',
                        'box_type_3d',
                        'sample_idx',
                        'lidar_path',
                        'img_path',
                        'transformation_3d_flow',
                        'pcd_rotation',
                        'pcd_scale_factor',
                        'pcd_trans',
                        'img_aug_matrix',
                        'lidar_aug_matrix',
                    ],
                    type='Pack3DDetInputs'),
            ],
            test_mode=False,
            type='NuScenesDataset',
            use_valid_flag=True),
        type='CBGSDataset'),
    num_workers=1,
    persistent_workers=True,
    sampler=dict(shuffle=True, type='DefaultSampler'))
train_pipeline = [
    dict(
        backend_args=None,
        coord_type='LIDAR',
        load_dim=5,
        type='LoadPointsFromFile',
        use_dim=5),
    dict(
        backend_args=None,
        load_dim=5,
        pad_empty_sweeps=True,
        remove_close=True,
        sweeps_num=9,
        type='LoadPointsFromMultiSweeps',
        use_dim=5),
    dict(
        type='LoadAnnotations3D',
        with_attr_label=False,
        with_bbox_3d=True,
        with_label_3d=True),
    dict(
        db_sampler=dict(
            classes=[
                'car',
                'truck',
                'construction_vehicle',
                'bus',
                'trailer',
                'barrier',
                'motorcycle',
                'bicycle',
                'pedestrian',
                'traffic_cone',
            ],
            data_root='/media/xavier02/Sparkles1/nuscenes/',
            info_path=
            '/media/xavier02/Sparkles1/nuscenes/nuscenes_dbinfos_train.pkl',
            points_loader=dict(
                backend_args=None,
                coord_type='LIDAR',
                load_dim=5,
                type='LoadPointsFromFile',
                use_dim=[
                    0,
                    1,
                    2,
                    3,
                    4,
                ]),
            prepare=dict(
                filter_by_difficulty=[
                    -1,
                ],
                filter_by_min_points=dict(
                    barrier=5,
                    bicycle=5,
                    bus=5,
                    car=5,
                    construction_vehicle=5,
                    motorcycle=5,
                    pedestrian=5,
                    traffic_cone=5,
                    trailer=5,
                    truck=5)),
            rate=1.0,
            sample_groups=dict(
                barrier=2,
                bicycle=6,
                bus=4,
                car=2,
                construction_vehicle=7,
                motorcycle=6,
                pedestrian=2,
                traffic_cone=2,
                trailer=6,
                truck=3)),
        type='ObjectSample'),
    dict(
        rot_range=[
            -0.78539816,
            0.78539816,
        ],
        scale_ratio_range=[
            0.9,
            1.1,
        ],
        translation_std=0.5,
        type='GlobalRotScaleTrans'),
    dict(type='BEVFusionRandomFlip3D'),
    dict(
        point_cloud_range=[
            -54.0,
            -54.0,
            -5.0,
            54.0,
            54.0,
            3.0,
        ],
        type='PointsRangeFilter'),
    dict(
        point_cloud_range=[
            -54.0,
            -54.0,
            -5.0,
            54.0,
            54.0,
            3.0,
        ],
        type='ObjectRangeFilter'),
    dict(
        classes=[
            'car',
            'truck',
            'construction_vehicle',
            'bus',
            'trailer',
            'barrier',
            'motorcycle',
            'bicycle',
            'pedestrian',
            'traffic_cone',
        ],
        type='ObjectNameFilter'),
    dict(type='PointShuffle'),
    dict(
        keys=[
            'points',
            'img',
            'gt_bboxes_3d',
            'gt_labels_3d',
            'gt_bboxes',
            'gt_labels',
        ],
        meta_keys=[
            'cam2img',
            'ori_cam2img',
            'lidar2cam',
            'lidar2img',
            'cam2lidar',
            'ori_lidar2img',
            'img_aug_matrix',
            'box_type_3d',
            'sample_idx',
            'lidar_path',
            'img_path',
            'transformation_3d_flow',
            'pcd_rotation',
            'pcd_scale_factor',
            'pcd_trans',
            'img_aug_matrix',
            'lidar_aug_matrix',
        ],
        type='Pack3DDetInputs'),
]
val_cfg = dict()
val_dataloader = dict(
    batch_size=1,
    dataset=dict(
        ann_file='nuscenes_infos_val.pkl',
        backend_args=None,
        box_type_3d='LiDAR',
        data_prefix=dict(
            CAM_BACK='samples/CAM_BACK',
            CAM_BACK_LEFT='samples/CAM_BACK_LEFT',
            CAM_BACK_RIGHT='samples/CAM_BACK_RIGHT',
            CAM_FRONT='samples/CAM_FRONT',
            CAM_FRONT_LEFT='samples/CAM_FRONT_LEFT',
            CAM_FRONT_RIGHT='samples/CAM_FRONT_RIGHT',
            pts='samples/LIDAR_TOP',
            sweeps='sweeps/LIDAR_TOP'),
        data_root='/media/xavier02/Sparkles1/nuscenes/',
        metainfo=dict(classes=[
            'car',
            'truck',
            'construction_vehicle',
            'bus',
            'trailer',
            'barrier',
            'motorcycle',
            'bicycle',
            'pedestrian',
            'traffic_cone',
        ]),
        modality=dict(use_camera=False, use_lidar=True),
        pipeline=[
            dict(
                backend_args=None,
                coord_type='LIDAR',
                load_dim=5,
                type='LoadPointsFromFile',
                use_dim=5),
            dict(
                backend_args=None,
                load_dim=5,
                pad_empty_sweeps=True,
                remove_close=True,
                sweeps_num=8,
                type='LoadPointsFromMultiSweeps',
                use_dim=5),
            dict(
                point_cloud_range=[
                    -54.0,
                    -54.0,
                    -5.0,
                    54.0,
                    54.0,
                    3.0,
                ],
                type='PointsRangeFilter'),
            dict(
                keys=[
                    'img',
                    'points',
                    'gt_bboxes_3d',
                    'gt_labels_3d',
                ],
                meta_keys=[
                    'cam2img',
                    'ori_cam2img',
                    'lidar2cam',
                    'lidar2img',
                    'cam2lidar',
                    'ori_lidar2img',
                    'img_aug_matrix',
                    'box_type_3d',
                    'sample_idx',
                    'lidar_path',
                    'img_path',
                    'num_pts_feats',
                    'num_views',
                ],
                type='Pack3DDetInputs'),
        ],
        test_mode=True,
        type='NuScenesDataset'),
    drop_last=False,
    num_workers=4,
    persistent_workers=True,
    sampler=dict(shuffle=False, type='DefaultSampler'))
val_evaluator = dict(
    ann_file='/media/xavier02/Sparkles1/nuscenes/nuscenes_infos_val.pkl',
    backend_args=None,
    data_root='/media/xavier02/Sparkles1/nuscenes/',
    metric='bbox',
    type='NuScenesMetric')
vis_backends = [
    dict(type='LocalVisBackend'),
]
visualizer = dict(
    name='visualizer',
    type='Det3DLocalVisualizer',
    vis_backends=[
        dict(type='LocalVisBackend'),
    ])
voxel_size = [
    0.075,
    0.075,
    0.2,
]
work_dir = './work_dirs/bevfusion_lidar_voxel0075_8sweeps'

2000/01/02 05:19:25 - mmengine - INFO - Distributed training is not used, all SyncBatchNorm (SyncBN) layers in the model will be automatically reverted to BatchNormXd layers if they are used.
2000/01/02 05:19:25 - mmengine - INFO - Hooks will be executed in the following order:
before_run:
(VERY_HIGH   ) RuntimeInfoHook                    
(BELOW_NORMAL) LoggerHook                         
 -------------------- 
before_train:
(VERY_HIGH   ) RuntimeInfoHook                    
(NORMAL      ) IterTimerHook                      
(VERY_LOW    ) CheckpointHook                     
 -------------------- 
before_train_epoch:
(VERY_HIGH   ) RuntimeInfoHook                    
(NORMAL      ) IterTimerHook                      
(NORMAL      ) DistSamplerSeedHook                
(NORMAL      ) DisableObjectSampleHook            
 -------------------- 
before_train_iter:
(VERY_HIGH   ) RuntimeInfoHook                    
(NORMAL      ) IterTimerHook                      
 -------------------- 
after_train_iter:
(VERY_HIGH   ) RuntimeInfoHook                    
(NORMAL      ) IterTimerHook                      
(BELOW_NORMAL) LoggerHook                         
(LOW         ) ParamSchedulerHook                 
(VERY_LOW    ) CheckpointHook                     
 -------------------- 
after_train_epoch:
(NORMAL      ) IterTimerHook                      
(LOW         ) ParamSchedulerHook                 
(VERY_LOW    ) CheckpointHook                     
 -------------------- 
before_val:
(VERY_HIGH   ) RuntimeInfoHook                    
 -------------------- 
before_val_epoch:
(NORMAL      ) IterTimerHook                      
 -------------------- 
before_val_iter:
(NORMAL      ) IterTimerHook                      
 -------------------- 
after_val_iter:
(NORMAL      ) IterTimerHook                      
(NORMAL      ) Det3DVisualizationHook             
(BELOW_NORMAL) LoggerHook                         
 -------------------- 
after_val_epoch:
(VERY_HIGH   ) RuntimeInfoHook                    
(NORMAL      ) IterTimerHook                      
(BELOW_NORMAL) LoggerHook                         
(LOW         ) ParamSchedulerHook                 
(VERY_LOW    ) CheckpointHook                     
 -------------------- 
after_val:
(VERY_HIGH   ) RuntimeInfoHook                    
 -------------------- 
after_train:
(VERY_HIGH   ) RuntimeInfoHook                    
(VERY_LOW    ) CheckpointHook                     
 -------------------- 
before_test:
(VERY_HIGH   ) RuntimeInfoHook                    
 -------------------- 
before_test_epoch:
(NORMAL      ) IterTimerHook                      
 -------------------- 
before_test_iter:
(NORMAL      ) IterTimerHook                      
 -------------------- 
after_test_iter:
(NORMAL      ) IterTimerHook                      
(NORMAL      ) Det3DVisualizationHook             
(BELOW_NORMAL) LoggerHook                         
 -------------------- 
after_test_epoch:
(VERY_HIGH   ) RuntimeInfoHook                    
(NORMAL      ) IterTimerHook                      
(BELOW_NORMAL) LoggerHook                         
 -------------------- 
after_test:
(VERY_HIGH   ) RuntimeInfoHook                    
 -------------------- 
after_run:
(BELOW_NORMAL) LoggerHook                         
 -------------------- 
2000/01/02 05:20:06 - mmengine - INFO - ------------------------------
2000/01/02 05:20:06 - mmengine - INFO - The length of test dataset: 6019
2000/01/02 05:20:06 - mmengine - INFO - The number of instances per category in the dataset:
+----------------------+--------+
| category             | number |
+----------------------+--------+
| car                  | 80004  |
| truck                | 15704  |
| construction_vehicle | 2678   |
| bus                  | 3158   |
| trailer              | 4159   |
| barrier              | 26992  |
| motorcycle           | 2508   |
| bicycle              | 2381   |
| pedestrian           | 34347  |
| traffic_cone         | 15597  |
+----------------------+--------+
2000/01/02 05:20:11 - mmengine - INFO - Load checkpoint from projects/BEVFusion/configs/Lidar_checkpoint_voxel_0075_4sweeps.pth
2000/01/02 05:21:00 - mmengine - INFO - Epoch(test) [  50/6019]    eta: 1:38:04  time: 0.9859  data_time: 0.0185  memory: 433  
2000/01/02 05:21:43 - mmengine - INFO - Epoch(test) [ 100/6019]    eta: 1:30:55  time: 0.8575  data_time: 0.0083  memory: 434  
2000/01/02 05:22:23 - mmengine - INFO - Epoch(test) [ 150/6019]    eta: 1:25:55  time: 0.7921  data_time: 0.0083  memory: 432  
2000/01/02 05:23:04 - mmengine - INFO - Epoch(test) [ 200/6019]    eta: 1:23:37  time: 0.8135  data_time: 0.0083  memory: 434  
2000/01/02 05:23:43 - mmengine - INFO - Epoch(test) [ 250/6019]    eta: 1:21:32  time: 0.7913  data_time: 0.0082  memory: 433  
2000/01/02 05:24:21 - mmengine - INFO - Epoch(test) [ 300/6019]    eta: 1:19:20  time: 0.7546  data_time: 0.0096  memory: 433  
2000/01/02 05:25:01 - mmengine - INFO - Epoch(test) [ 350/6019]    eta: 1:18:14  time: 0.8014  data_time: 0.0088  memory: 433  
2000/01/02 05:25:42 - mmengine - INFO - Epoch(test) [ 400/6019]    eta: 1:17:27  time: 0.8199  data_time: 0.0089  memory: 433  
2000/01/02 05:26:22 - mmengine - INFO - Epoch(test) [ 450/6019]    eta: 1:16:33  time: 0.8069  data_time: 0.0083  memory: 434  
2000/01/02 05:27:02 - mmengine - INFO - Epoch(test) [ 500/6019]    eta: 1:15:36  time: 0.7976  data_time: 0.0084  memory: 433  
2000/01/02 05:27:40 - mmengine - INFO - Epoch(test) [ 550/6019]    eta: 1:14:27  time: 0.7649  data_time: 0.0081  memory: 433  
2000/01/02 05:28:16 - mmengine - INFO - Epoch(test) [ 600/6019]    eta: 1:13:02  time: 0.7194  data_time: 0.0077  memory: 433  
2000/01/02 05:28:48 - mmengine - INFO - Epoch(test) [ 650/6019]    eta: 1:11:05  time: 0.6239  data_time: 0.0073  memory: 432  
2000/01/02 05:29:19 - mmengine - INFO - Epoch(test) [ 700/6019]    eta: 1:09:21  time: 0.6245  data_time: 0.0077  memory: 432  
2000/01/02 05:29:50 - mmengine - INFO - Epoch(test) [ 750/6019]    eta: 1:07:46  time: 0.6229  data_time: 0.0073  memory: 432  
2000/01/02 05:30:26 - mmengine - INFO - Epoch(test) [ 800/6019]    eta: 1:06:50  time: 0.7185  data_time: 0.0078  memory: 433  
2000/01/02 05:31:01 - mmengine - INFO - Epoch(test) [ 850/6019]    eta: 1:05:51  time: 0.7021  data_time: 0.0079  memory: 432  
2000/01/02 05:31:34 - mmengine - INFO - Epoch(test) [ 900/6019]    eta: 1:04:44  time: 0.6609  data_time: 0.0078  memory: 433  
2000/01/02 05:32:10 - mmengine - INFO - Epoch(test) [ 950/6019]    eta: 1:03:54  time: 0.7152  data_time: 0.0078  memory: 433  
2000/01/02 05:32:47 - mmengine - INFO - Epoch(test) [1000/6019]    eta: 1:03:15  time: 0.7510  data_time: 0.0078  memory: 434  
2000/01/02 05:33:18 - mmengine - INFO - Epoch(test) [1050/6019]    eta: 1:02:05  time: 0.6193  data_time: 0.0087  memory: 432  
2000/01/02 05:33:53 - mmengine - INFO - Epoch(test) [1100/6019]    eta: 1:01:15  time: 0.6971  data_time: 0.0079  memory: 433  
2000/01/02 05:34:27 - mmengine - INFO - Epoch(test) [1150/6019]    eta: 1:00:24  time: 0.6804  data_time: 0.0078  memory: 433  
2000/01/02 05:35:03 - mmengine - INFO - Epoch(test) [1200/6019]    eta: 0:59:42  time: 0.7200  data_time: 0.0077  memory: 434  
2000/01/02 05:35:43 - mmengine - INFO - Epoch(test) [1250/6019]    eta: 0:59:14  time: 0.7920  data_time: 0.0081  memory: 434  
2000/01/02 05:36:19 - mmengine - INFO - Epoch(test) [1300/6019]    eta: 0:58:33  time: 0.7282  data_time: 0.0077  memory: 433  
2000/01/02 05:36:58 - mmengine - INFO - Epoch(test) [1350/6019]    eta: 0:58:01  time: 0.7712  data_time: 0.0079  memory: 434  
2000/01/02 05:37:35 - mmengine - INFO - Epoch(test) [1400/6019]    eta: 0:57:24  time: 0.7493  data_time: 0.0078  memory: 433  
2000/01/02 05:38:15 - mmengine - INFO - Epoch(test) [1450/6019]    eta: 0:56:54  time: 0.7892  data_time: 0.0078  memory: 433  
2000/01/02 05:38:56 - mmengine - INFO - Epoch(test) [1500/6019]    eta: 0:56:27  time: 0.8169  data_time: 0.0078  memory: 433  
2000/01/02 05:39:35 - mmengine - INFO - Epoch(test) [1550/6019]    eta: 0:55:54  time: 0.7813  data_time: 0.0085  memory: 434  
2000/01/02 05:40:08 - mmengine - INFO - Epoch(test) [1600/6019]    eta: 0:55:03  time: 0.6559  data_time: 0.0080  memory: 432  
2000/01/02 05:40:46 - mmengine - INFO - Epoch(test) [1650/6019]    eta: 0:54:28  time: 0.7626  data_time: 0.0082  memory: 433  
2000/01/02 05:41:22 - mmengine - INFO - Epoch(test) [1700/6019]    eta: 0:53:49  time: 0.7327  data_time: 0.0078  memory: 432  
2000/01/02 05:41:59 - mmengine - INFO - Epoch(test) [1750/6019]    eta: 0:53:10  time: 0.7383  data_time: 0.0077  memory: 433  
2000/01/02 05:42:35 - mmengine - INFO - Epoch(test) [1800/6019]    eta: 0:52:30  time: 0.7217  data_time: 0.0079  memory: 433  
2000/01/02 05:43:11 - mmengine - INFO - Epoch(test) [1850/6019]    eta: 0:51:48  time: 0.7125  data_time: 0.0078  memory: 433  
2000/01/02 05:43:44 - mmengine - INFO - Epoch(test) [1900/6019]    eta: 0:51:01  time: 0.6527  data_time: 0.0076  memory: 433  
2000/01/02 05:44:19 - mmengine - INFO - Epoch(test) [1950/6019]    eta: 0:50:20  time: 0.7076  data_time: 0.0083  memory: 433  
2000/01/02 05:44:55 - mmengine - INFO - Epoch(test) [2000/6019]    eta: 0:49:40  time: 0.7123  data_time: 0.0077  memory: 432  
2000/01/02 05:45:32 - mmengine - INFO - Epoch(test) [2050/6019]    eta: 0:49:03  time: 0.7392  data_time: 0.0080  memory: 434  
2000/01/02 05:46:08 - mmengine - INFO - Epoch(test) [2100/6019]    eta: 0:48:25  time: 0.7351  data_time: 0.0078  memory: 432  
2000/01/02 05:46:44 - mmengine - INFO - Epoch(test) [2150/6019]    eta: 0:47:46  time: 0.7139  data_time: 0.0079  memory: 433  
2000/01/02 05:47:21 - mmengine - INFO - Epoch(test) [2200/6019]    eta: 0:47:09  time: 0.7467  data_time: 0.0081  memory: 433  
2000/01/02 05:47:58 - mmengine - INFO - Epoch(test) [2250/6019]    eta: 0:46:31  time: 0.7337  data_time: 0.0079  memory: 433  
2000/01/02 05:48:31 - mmengine - INFO - Epoch(test) [2300/6019]    eta: 0:45:48  time: 0.6596  data_time: 0.0079  memory: 433  
2000/01/02 05:49:01 - mmengine - INFO - Epoch(test) [2350/6019]    eta: 0:45:00  time: 0.5939  data_time: 0.0075  memory: 432  
2000/01/02 05:49:35 - mmengine - INFO - Epoch(test) [2400/6019]    eta: 0:44:18  time: 0.6765  data_time: 0.0079  memory: 432  
2000/01/02 05:50:12 - mmengine - INFO - Epoch(test) [2450/6019]    eta: 0:43:42  time: 0.7431  data_time: 0.0076  memory: 433  
2000/01/02 05:50:48 - mmengine - INFO - Epoch(test) [2500/6019]    eta: 0:43:05  time: 0.7287  data_time: 0.0078  memory: 433  
2000/01/02 05:51:21 - mmengine - INFO - Epoch(test) [2550/6019]    eta: 0:42:23  time: 0.6626  data_time: 0.0076  memory: 433  
2000/01/02 05:51:53 - mmengine - INFO - Epoch(test) [2600/6019]    eta: 0:41:40  time: 0.6265  data_time: 0.0074  memory: 432  
2000/01/02 05:52:28 - mmengine - INFO - Epoch(test) [2650/6019]    eta: 0:41:02  time: 0.7089  data_time: 0.0080  memory: 434  
2000/01/02 05:53:04 - mmengine - INFO - Epoch(test) [2700/6019]    eta: 0:40:24  time: 0.7127  data_time: 0.0077  memory: 433  
2000/01/02 05:53:37 - mmengine - INFO - Epoch(test) [2750/6019]    eta: 0:39:44  time: 0.6710  data_time: 0.0078  memory: 432  
2000/01/02 05:54:12 - mmengine - INFO - Epoch(test) [2800/6019]    eta: 0:39:05  time: 0.6906  data_time: 0.0078  memory: 433  
2000/01/02 05:54:42 - mmengine - INFO - Epoch(test) [2850/6019]    eta: 0:38:21  time: 0.5961  data_time: 0.0076  memory: 432  
2000/01/02 05:55:12 - mmengine - INFO - Epoch(test) [2900/6019]    eta: 0:37:39  time: 0.6151  data_time: 0.0072  memory: 432  
2000/01/02 05:55:43 - mmengine - INFO - Epoch(test) [2950/6019]    eta: 0:36:57  time: 0.6029  data_time: 0.0076  memory: 432  
2000/01/02 05:56:15 - mmengine - INFO - Epoch(test) [3000/6019]    eta: 0:36:17  time: 0.6503  data_time: 0.0075  memory: 433  
2000/01/02 05:56:49 - mmengine - INFO - Epoch(test) [3050/6019]    eta: 0:35:39  time: 0.6765  data_time: 0.0075  memory: 433  
2000/01/02 05:57:15 - mmengine - INFO - Epoch(test) [3100/6019]    eta: 0:34:54  time: 0.5292  data_time: 0.0074  memory: 432  
2000/01/02 05:57:40 - mmengine - INFO - Epoch(test) [3150/6019]    eta: 0:34:07  time: 0.4874  data_time: 0.0069  memory: 430  
2000/01/02 05:58:09 - mmengine - INFO - Epoch(test) [3200/6019]    eta: 0:33:26  time: 0.5798  data_time: 0.0074  memory: 432  
2000/01/02 05:58:38 - mmengine - INFO - Epoch(test) [3250/6019]    eta: 0:32:44  time: 0.5761  data_time: 0.0075  memory: 432  
2000/01/02 05:59:14 - mmengine - INFO - Epoch(test) [3300/6019]    eta: 0:32:09  time: 0.7246  data_time: 0.0078  memory: 433  
2000/01/02 05:59:48 - mmengine - INFO - Epoch(test) [3350/6019]    eta: 0:31:33  time: 0.6912  data_time: 0.0078  memory: 432  
2000/01/02 06:00:23 - mmengine - INFO - Epoch(test) [3400/6019]    eta: 0:30:57  time: 0.6941  data_time: 0.0075  memory: 432  
2000/01/02 06:00:57 - mmengine - INFO - Epoch(test) [3450/6019]    eta: 0:30:21  time: 0.6835  data_time: 0.0078  memory: 432  
2000/01/02 06:01:31 - mmengine - INFO - Epoch(test) [3500/6019]    eta: 0:29:44  time: 0.6756  data_time: 0.0079  memory: 432  
2000/01/02 06:02:03 - mmengine - INFO - Epoch(test) [3550/6019]    eta: 0:29:06  time: 0.6457  data_time: 0.0076  memory: 432  
2000/01/02 06:02:36 - mmengine - INFO - Epoch(test) [3600/6019]    eta: 0:28:29  time: 0.6483  data_time: 0.0077  memory: 433  
2000/01/02 06:03:09 - mmengine - INFO - Epoch(test) [3650/6019]    eta: 0:27:53  time: 0.6704  data_time: 0.0078  memory: 432  
2000/01/02 06:03:39 - mmengine - INFO - Epoch(test) [3700/6019]    eta: 0:27:14  time: 0.6014  data_time: 0.0077  memory: 432  
2000/01/02 06:04:14 - mmengine - INFO - Epoch(test) [3750/6019]    eta: 0:26:38  time: 0.6912  data_time: 0.0081  memory: 433  
2000/01/02 06:04:55 - mmengine - INFO - Epoch(test) [3800/6019]    eta: 0:26:06  time: 0.8104  data_time: 0.0082  memory: 433  
2000/01/02 06:05:31 - mmengine - INFO - Epoch(test) [3850/6019]    eta: 0:25:31  time: 0.7285  data_time: 0.0079  memory: 433  
2000/01/02 06:06:11 - mmengine - INFO - Epoch(test) [3900/6019]    eta: 0:24:59  time: 0.8083  data_time: 0.0082  memory: 433  
2000/01/02 06:06:52 - mmengine - INFO - Epoch(test) [3950/6019]    eta: 0:24:26  time: 0.8050  data_time: 0.0082  memory: 433  
2000/01/02 06:07:33 - mmengine - INFO - Epoch(test) [4000/6019]    eta: 0:23:53  time: 0.8206  data_time: 0.0082  memory: 433  
2000/01/02 06:08:03 - mmengine - INFO - Epoch(test) [4050/6019]    eta: 0:23:16  time: 0.6107  data_time: 0.0076  memory: 432  
2000/01/02 06:08:36 - mmengine - INFO - Epoch(test) [4100/6019]    eta: 0:22:39  time: 0.6478  data_time: 0.0077  memory: 432  
2000/01/02 06:09:09 - mmengine - INFO - Epoch(test) [4150/6019]    eta: 0:22:03  time: 0.6746  data_time: 0.0077  memory: 433  
2000/01/02 06:09:46 - mmengine - INFO - Epoch(test) [4200/6019]    eta: 0:21:28  time: 0.7365  data_time: 0.0080  memory: 433  
2000/01/02 06:10:16 - mmengine - INFO - Epoch(test) [4250/6019]    eta: 0:20:50  time: 0.5870  data_time: 0.0078  memory: 432  
2000/01/02 06:10:44 - mmengine - INFO - Epoch(test) [4300/6019]    eta: 0:20:12  time: 0.5655  data_time: 0.0074  memory: 432  
2000/01/02 06:11:13 - mmengine - INFO - Epoch(test) [4350/6019]    eta: 0:19:34  time: 0.5781  data_time: 0.0073  memory: 432  
2000/01/02 06:11:45 - mmengine - INFO - Epoch(test) [4400/6019]    eta: 0:18:58  time: 0.6357  data_time: 0.0084  memory: 432  
2000/01/02 06:12:17 - mmengine - INFO - Epoch(test) [4450/6019]    eta: 0:18:21  time: 0.6500  data_time: 0.0077  memory: 432  
2000/01/02 06:12:53 - mmengine - INFO - Epoch(test) [4500/6019]    eta: 0:17:47  time: 0.7286  data_time: 0.0084  memory: 433  
2000/01/02 06:13:30 - mmengine - INFO - Epoch(test) [4550/6019]    eta: 0:17:12  time: 0.7237  data_time: 0.0081  memory: 433  
2000/01/02 06:14:09 - mmengine - INFO - Epoch(test) [4600/6019]    eta: 0:16:38  time: 0.7874  data_time: 0.0077  memory: 433  
2000/01/02 06:14:50 - mmengine - INFO - Epoch(test) [4650/6019]    eta: 0:16:04  time: 0.8088  data_time: 0.0081  memory: 434  
2000/01/02 06:15:27 - mmengine - INFO - Epoch(test) [4700/6019]    eta: 0:15:30  time: 0.7503  data_time: 0.0079  memory: 433  
2000/01/02 06:16:05 - mmengine - INFO - Epoch(test) [4750/6019]    eta: 0:14:55  time: 0.7507  data_time: 0.0080  memory: 433  
2000/01/02 06:16:44 - mmengine - INFO - Epoch(test) [4800/6019]    eta: 0:14:21  time: 0.7812  data_time: 0.0084  memory: 434  
2000/01/02 06:17:22 - mmengine - INFO - Epoch(test) [4850/6019]    eta: 0:13:46  time: 0.7667  data_time: 0.0078  memory: 433  
2000/01/02 06:17:59 - mmengine - INFO - Epoch(test) [4900/6019]    eta: 0:13:11  time: 0.7421  data_time: 0.0079  memory: 433  
2000/01/02 06:18:36 - mmengine - INFO - Epoch(test) [4950/6019]    eta: 0:12:36  time: 0.7401  data_time: 0.0080  memory: 433  
2000/01/02 06:19:14 - mmengine - INFO - Epoch(test) [5000/6019]    eta: 0:12:01  time: 0.7586  data_time: 0.0080  memory: 433  
2000/01/02 06:19:51 - mmengine - INFO - Epoch(test) [5050/6019]    eta: 0:11:26  time: 0.7401  data_time: 0.0078  memory: 434  
2000/01/02 06:20:28 - mmengine - INFO - Epoch(test) [5100/6019]    eta: 0:10:51  time: 0.7409  data_time: 0.0080  memory: 433  
2000/01/02 06:21:04 - mmengine - INFO - Epoch(test) [5150/6019]    eta: 0:10:16  time: 0.7133  data_time: 0.0080  memory: 432  
2000/01/02 06:21:38 - mmengine - INFO - Epoch(test) [5200/6019]    eta: 0:09:40  time: 0.6909  data_time: 0.0082  memory: 433  
2000/01/02 06:22:15 - mmengine - INFO - Epoch(test) [5250/6019]    eta: 0:09:05  time: 0.7414  data_time: 0.0082  memory: 434  
2000/01/02 06:22:50 - mmengine - INFO - Epoch(test) [5300/6019]    eta: 0:08:29  time: 0.6898  data_time: 0.0081  memory: 432  
2000/01/02 06:23:27 - mmengine - INFO - Epoch(test) [5350/6019]    eta: 0:07:54  time: 0.7327  data_time: 0.0082  memory: 434  
2000/01/02 06:24:06 - mmengine - INFO - Epoch(test) [5400/6019]    eta: 0:07:19  time: 0.7849  data_time: 0.0083  memory: 433  
2000/01/02 06:24:44 - mmengine - INFO - Epoch(test) [5450/6019]    eta: 0:06:44  time: 0.7647  data_time: 0.0081  memory: 433  
2000/01/02 06:25:24 - mmengine - INFO - Epoch(test) [5500/6019]    eta: 0:06:09  time: 0.8017  data_time: 0.0079  memory: 434  
2000/01/02 06:26:04 - mmengine - INFO - Epoch(test) [5550/6019]    eta: 0:05:33  time: 0.7934  data_time: 0.0076  memory: 433  
2000/01/02 06:26:44 - mmengine - INFO - Epoch(test) [5600/6019]    eta: 0:04:58  time: 0.7964  data_time: 0.0083  memory: 434  
2000/01/02 06:27:23 - mmengine - INFO - Epoch(test) [5650/6019]    eta: 0:04:23  time: 0.7803  data_time: 0.0079  memory: 434  
2000/01/02 06:28:04 - mmengine - INFO - Epoch(test) [5700/6019]    eta: 0:03:47  time: 0.8269  data_time: 0.0081  memory: 434  
2000/01/02 06:28:45 - mmengine - INFO - Epoch(test) [5750/6019]    eta: 0:03:12  time: 0.8121  data_time: 0.0082  memory: 434  
2000/01/02 06:29:23 - mmengine - INFO - Epoch(test) [5800/6019]    eta: 0:02:36  time: 0.7648  data_time: 0.0079  memory: 433  
2000/01/02 06:30:01 - mmengine - INFO - Epoch(test) [5850/6019]    eta: 0:02:01  time: 0.7622  data_time: 0.0082  memory: 433  
2000/01/02 06:30:42 - mmengine - INFO - Epoch(test) [5900/6019]    eta: 0:01:25  time: 0.8142  data_time: 0.0085  memory: 433  
2000/01/02 06:31:22 - mmengine - INFO - Epoch(test) [5950/6019]    eta: 0:00:49  time: 0.7989  data_time: 0.0084  memory: 434  
2000/01/02 06:31:59 - mmengine - INFO - Epoch(test) [6000/6019]    eta: 0:00:13  time: 0.7457  data_time: 0.0082  memory: 434  
2000/01/02 06:57:45 - mmengine - INFO - Epoch(test) [6019/6019]    NuScenes metric/pred_instances_3d_NuScenes/car_AP_dist_0.5: 0.5800  NuScenes metric/pred_instances_3d_NuScenes/car_AP_dist_1.0: 0.6615  NuScenes metric/pred_instances_3d_NuScenes/car_AP_dist_2.0: 0.6843  NuScenes metric/pred_instances_3d_NuScenes/car_AP_dist_4.0: 0.6963  NuScenes metric/pred_instances_3d_NuScenes/car_trans_err: 0.1892  NuScenes metric/pred_instances_3d_NuScenes/car_scale_err: 0.1661  NuScenes metric/pred_instances_3d_NuScenes/car_orient_err: 0.1540  NuScenes metric/pred_instances_3d_NuScenes/car_vel_err: 0.5163  NuScenes metric/pred_instances_3d_NuScenes/car_attr_err: 0.2115  NuScenes metric/pred_instances_3d_NuScenes/mATE: 0.3129  NuScenes metric/pred_instances_3d_NuScenes/mASE: 0.2696  NuScenes metric/pred_instances_3d_NuScenes/mAOE: 0.3966  NuScenes metric/pred_instances_3d_NuScenes/mAVE: 0.3948  NuScenes metric/pred_instances_3d_NuScenes/mAAE: 0.2074  NuScenes metric/pred_instances_3d_NuScenes/truck_AP_dist_0.5: 0.2290  NuScenes metric/pred_instances_3d_NuScenes/truck_AP_dist_1.0: 0.3729  NuScenes metric/pred_instances_3d_NuScenes/truck_AP_dist_2.0: 0.4180  NuScenes metric/pred_instances_3d_NuScenes/truck_AP_dist_4.0: 0.4509  NuScenes metric/pred_instances_3d_NuScenes/truck_trans_err: 0.3394  NuScenes metric/pred_instances_3d_NuScenes/truck_scale_err: 0.1951  NuScenes metric/pred_instances_3d_NuScenes/truck_orient_err: 0.1570  NuScenes metric/pred_instances_3d_NuScenes/truck_vel_err: 0.3356  NuScenes metric/pred_instances_3d_NuScenes/truck_attr_err: 0.2635  NuScenes metric/pred_instances_3d_NuScenes/construction_vehicle_AP_dist_0.5: 0.0000  NuScenes metric/pred_instances_3d_NuScenes/construction_vehicle_AP_dist_1.0: 0.0000  NuScenes metric/pred_instances_3d_NuScenes/construction_vehicle_AP_dist_2.0: 0.0011  NuScenes metric/pred_instances_3d_NuScenes/construction_vehicle_AP_dist_4.0: 0.0148  NuScenes metric/pred_instances_3d_NuScenes/construction_vehicle_trans_err: 0.8215  NuScenes metric/pred_instances_3d_NuScenes/construction_vehicle_scale_err: 0.4630  NuScenes metric/pred_instances_3d_NuScenes/construction_vehicle_orient_err: 1.1290  NuScenes metric/pred_instances_3d_NuScenes/construction_vehicle_vel_err: 0.1382  NuScenes metric/pred_instances_3d_NuScenes/construction_vehicle_attr_err: 0.3106  NuScenes metric/pred_instances_3d_NuScenes/bus_AP_dist_0.5: 0.3539  NuScenes metric/pred_instances_3d_NuScenes/bus_AP_dist_1.0: 0.5778  NuScenes metric/pred_instances_3d_NuScenes/bus_AP_dist_2.0: 0.6951  NuScenes metric/pred_instances_3d_NuScenes/bus_AP_dist_4.0: 0.7200  NuScenes metric/pred_instances_3d_NuScenes/bus_trans_err: 0.3547  NuScenes metric/pred_instances_3d_NuScenes/bus_scale_err: 0.1887  NuScenes metric/pred_instances_3d_NuScenes/bus_orient_err: 0.0866  NuScenes metric/pred_instances_3d_NuScenes/bus_vel_err: 0.6555  NuScenes metric/pred_instances_3d_NuScenes/bus_attr_err: 0.2854  NuScenes metric/pred_instances_3d_NuScenes/trailer_AP_dist_0.5: 0.0369  NuScenes metric/pred_instances_3d_NuScenes/trailer_AP_dist_1.0: 0.1099  NuScenes metric/pred_instances_3d_NuScenes/trailer_AP_dist_2.0: 0.1566  NuScenes metric/pred_instances_3d_NuScenes/trailer_AP_dist_4.0: 0.1957  NuScenes metric/pred_instances_3d_NuScenes/trailer_trans_err: 0.5288  NuScenes metric/pred_instances_3d_NuScenes/trailer_scale_err: 0.2160  NuScenes metric/pred_instances_3d_NuScenes/trailer_orient_err: 0.7215  NuScenes metric/pred_instances_3d_NuScenes/trailer_vel_err: 0.3011  NuScenes metric/pred_instances_3d_NuScenes/trailer_attr_err: 0.1869  NuScenes metric/pred_instances_3d_NuScenes/barrier_AP_dist_0.5: 0.3560  NuScenes metric/pred_instances_3d_NuScenes/barrier_AP_dist_1.0: 0.4444  NuScenes metric/pred_instances_3d_NuScenes/barrier_AP_dist_2.0: 0.4757  NuScenes metric/pred_instances_3d_NuScenes/barrier_AP_dist_4.0: 0.4954  NuScenes metric/pred_instances_3d_NuScenes/barrier_trans_err: 0.2351  NuScenes metric/pred_instances_3d_NuScenes/barrier_scale_err: 0.2922  NuScenes metric/pred_instances_3d_NuScenes/barrier_orient_err: 0.0934  NuScenes metric/pred_instances_3d_NuScenes/barrier_vel_err: nan  NuScenes metric/pred_instances_3d_NuScenes/barrier_attr_err: nan  NuScenes metric/pred_instances_3d_NuScenes/motorcycle_AP_dist_0.5: 0.2665  NuScenes metric/pred_instances_3d_NuScenes/motorcycle_AP_dist_1.0: 0.3031  NuScenes metric/pred_instances_3d_NuScenes/motorcycle_AP_dist_2.0: 0.3054  NuScenes metric/pred_instances_3d_NuScenes/motorcycle_AP_dist_4.0: 0.3089  NuScenes metric/pred_instances_3d_NuScenes/motorcycle_trans_err: 0.2059  NuScenes metric/pred_instances_3d_NuScenes/motorcycle_scale_err: 0.2555  NuScenes metric/pred_instances_3d_NuScenes/motorcycle_orient_err: 0.3253  NuScenes metric/pred_instances_3d_NuScenes/motorcycle_vel_err: 0.6396  NuScenes metric/pred_instances_3d_NuScenes/motorcycle_attr_err: 0.2839  NuScenes metric/pred_instances_3d_NuScenes/bicycle_AP_dist_0.5: 0.0931  NuScenes metric/pred_instances_3d_NuScenes/bicycle_AP_dist_1.0: 0.0962  NuScenes metric/pred_instances_3d_NuScenes/bicycle_AP_dist_2.0: 0.0963  NuScenes metric/pred_instances_3d_NuScenes/bicycle_AP_dist_4.0: 0.0976  NuScenes metric/pred_instances_3d_NuScenes/bicycle_trans_err: 0.1612  NuScenes metric/pred_instances_3d_NuScenes/bicycle_scale_err: 0.2715  NuScenes metric/pred_instances_3d_NuScenes/bicycle_orient_err: 0.4542  NuScenes metric/pred_instances_3d_NuScenes/bicycle_vel_err: 0.2841  NuScenes metric/pred_instances_3d_NuScenes/bicycle_attr_err: 0.0292  NuScenes metric/pred_instances_3d_NuScenes/pedestrian_AP_dist_0.5: 0.7017  NuScenes metric/pred_instances_3d_NuScenes/pedestrian_AP_dist_1.0: 0.7180  NuScenes metric/pred_instances_3d_NuScenes/pedestrian_AP_dist_2.0: 0.7319  NuScenes metric/pred_instances_3d_NuScenes/pedestrian_AP_dist_4.0: 0.7514  NuScenes metric/pred_instances_3d_NuScenes/pedestrian_trans_err: 0.1496  NuScenes metric/pred_instances_3d_NuScenes/pedestrian_scale_err: 0.2853  NuScenes metric/pred_instances_3d_NuScenes/pedestrian_orient_err: 0.4484  NuScenes metric/pred_instances_3d_NuScenes/pedestrian_vel_err: 0.2877  NuScenes metric/pred_instances_3d_NuScenes/pedestrian_attr_err: 0.0882  NuScenes metric/pred_instances_3d_NuScenes/traffic_cone_AP_dist_0.5: 0.4439  NuScenes metric/pred_instances_3d_NuScenes/traffic_cone_AP_dist_1.0: 0.4536  NuScenes metric/pred_instances_3d_NuScenes/traffic_cone_AP_dist_2.0: 0.4711  NuScenes metric/pred_instances_3d_NuScenes/traffic_cone_AP_dist_4.0: 0.5104  NuScenes metric/pred_instances_3d_NuScenes/traffic_cone_trans_err: 0.1436  NuScenes metric/pred_instances_3d_NuScenes/traffic_cone_scale_err: 0.3625  NuScenes metric/pred_instances_3d_NuScenes/traffic_cone_orient_err: nan  NuScenes metric/pred_instances_3d_NuScenes/traffic_cone_vel_err: nan  NuScenes metric/pred_instances_3d_NuScenes/traffic_cone_attr_err: nan  NuScenes metric/pred_instances_3d_NuScenes/NDS: 0.5303  NuScenes metric/pred_instances_3d_NuScenes/mAP: 0.3769  data_time: 0.0080  time: 0.7178
