2024/12/06 04:12:40 - mmengine - INFO - 
------------------------------------------------------------
System environment:
    sys.platform: linux
    Python: 3.8.10 (default, Jul 29 2024, 17:02:10) [GCC 9.4.0]
    CUDA available: True
    MUSA available: False
    numpy_random_seed: 962461316
    GPU 0: Xavier
    CUDA_HOME: /usr/local/cuda-11.4
    NVCC: Cuda compilation tools, release 11.4, V11.4.315
    GCC: aarch64-linux-gnu-gcc (Ubuntu 9.4.0-1ubuntu1~20.04.2) 9.4.0
    PyTorch: 1.11.0
    PyTorch compiling details: PyTorch built with:
  - GCC 9.4
  - C++ Version: 201402
  - OpenMP 201511 (a.k.a. OpenMP 4.5)
  - LAPACK is enabled (usually provided by MKL)
  - NNPACK is enabled
  - CPU capability usage: NO AVX
  - CUDA Runtime 11.4
  - NVCC architecture flags: -gencode;arch=compute_72,code=sm_72;-gencode;arch=compute_87,code=sm_87
  - CuDNN 8.6
    - Built with CuDNN 8.3.2
  - Build settings: BLAS_INFO=open, BUILD_TYPE=Release, CUDA_VERSION=11.4, CUDNN_VERSION=8.3.2, CXX_COMPILER=/usr/bin/c++, CXX_FLAGS= -Wno-deprecated -fvisibility-inlines-hidden -DUSE_PTHREADPOOL -fopenmp -DNDEBUG -DUSE_KINETO -DLIBKINETO_NOCUPTI -DUSE_XNNPACK -DSYMBOLICATE_MOBILE_DEBUG_HANDLE -DEDGE_PROFILER_USE_KINETO -O2 -fPIC -Wno-narrowing -Wall -Wextra -Werror=return-type -Wno-missing-field-initializers -Wno-type-limits -Wno-array-bounds -Wno-unknown-pragmas -Wno-sign-compare -Wno-unused-parameter -Wno-unused-function -Wno-unused-result -Wno-unused-local-typedefs -Wno-strict-overflow -Wno-strict-aliasing -Wno-error=deprecated-declarations -Wno-stringop-overflow -Wno-psabi -Wno-error=pedantic -Wno-error=redundant-decls -Wno-error=old-style-cast -fdiagnostics-color=always -faligned-new -Wno-unused-but-set-variable -Wno-maybe-uninitialized -fno-math-errno -fno-trapping-math -Werror=format -Werror=cast-function-type -Wno-stringop-overflow, FORCE_FALLBACK_CUDA_MPI=1, LAPACK_INFO=open, TORCH_VERSION=1.11.0, USE_CUDA=ON, USE_CUDNN=ON, USE_EIGEN_FOR_BLAS=ON, USE_EXCEPTION_PTR=1, USE_GFLAGS=OFF, USE_GLOG=OFF, USE_MKL=OFF, USE_MKLDNN=OFF, USE_MPI=ON, USE_NCCL=0, USE_NNPACK=ON, USE_OPENMP=ON, USE_ROCM=OFF, 

    TorchVision: 0.12.0
    OpenCV: 4.10.0
    MMEngine: 0.10.5

Runtime environment:
    cudnn_benchmark: False
    mp_cfg: {'mp_start_method': 'fork', 'opencv_num_threads': 0}
    dist_cfg: {'backend': 'nccl'}
    seed: 962461316
    Distributed launcher: none
    Distributed training: False
    GPU number: 1
------------------------------------------------------------

2024/12/06 04:12:42 - mmengine - INFO - Config:
auto_scale_lr = dict(base_batch_size=32, enable=False)
backend_args = None
class_names = [
    'car',
    'truck',
    'construction_vehicle',
    'bus',
    'trailer',
    'barrier',
    'motorcycle',
    'bicycle',
    'pedestrian',
    'traffic_cone',
]
custom_imports = dict(
    allow_failed_imports=False, imports=[
        'projects.BEVFusion.bevfusion',
    ])
data_prefix = dict(
    CAM_BACK='samples/CAM_BACK',
    CAM_BACK_LEFT='samples/CAM_BACK_LEFT',
    CAM_BACK_RIGHT='samples/CAM_BACK_RIGHT',
    CAM_FRONT='samples/CAM_FRONT',
    CAM_FRONT_LEFT='samples/CAM_FRONT_LEFT',
    CAM_FRONT_RIGHT='samples/CAM_FRONT_RIGHT',
    pts='samples/LIDAR_TOP',
    sweeps='sweeps/LIDAR_TOP')
data_root = '/media/xavier02/Sparkles1/nuscenes/'
dataset_type = 'NuScenesDataset'
db_sampler = dict(
    classes=[
        'car',
        'truck',
        'construction_vehicle',
        'bus',
        'trailer',
        'barrier',
        'motorcycle',
        'bicycle',
        'pedestrian',
        'traffic_cone',
    ],
    data_root='/media/xavier02/Sparkles1/nuscenes/',
    info_path='/media/xavier02/Sparkles1/nuscenes/nuscenes_dbinfos_train.pkl',
    points_loader=dict(
        backend_args=None,
        coord_type='LIDAR',
        load_dim=5,
        type='LoadPointsFromFile',
        use_dim=[
            0,
            1,
            2,
            3,
            4,
        ]),
    prepare=dict(
        filter_by_difficulty=[
            -1,
        ],
        filter_by_min_points=dict(
            barrier=5,
            bicycle=5,
            bus=5,
            car=5,
            construction_vehicle=5,
            motorcycle=5,
            pedestrian=5,
            traffic_cone=5,
            trailer=5,
            truck=5)),
    rate=1.0,
    sample_groups=dict(
        barrier=2,
        bicycle=6,
        bus=4,
        car=2,
        construction_vehicle=7,
        motorcycle=6,
        pedestrian=2,
        traffic_cone=2,
        trailer=6,
        truck=3))
default_hooks = dict(
    checkpoint=dict(interval=1, type='CheckpointHook'),
    logger=dict(interval=50, type='LoggerHook'),
    param_scheduler=dict(type='ParamSchedulerHook'),
    sampler_seed=dict(type='DistSamplerSeedHook'),
    timer=dict(type='IterTimerHook'),
    visualization=dict(type='Det3DVisualizationHook'))
default_scope = 'mmdet3d'
env_cfg = dict(
    cudnn_benchmark=False,
    dist_cfg=dict(backend='nccl'),
    mp_cfg=dict(mp_start_method='fork', opencv_num_threads=0))
input_modality = dict(use_camera=True, use_lidar=True)
launcher = 'none'
load_from = '/media/xavier02/xavier_ssd_500/mmdetection3d_source/mmdetection3d-main/projects/BEVFusion/configs/Cam_lid_ep6_fp16.pth'
log_level = 'INFO'
log_processor = dict(by_epoch=True, type='LogProcessor', window_size=50)
lr = 0.0001
metainfo = dict(classes=[
    'car',
    'truck',
    'construction_vehicle',
    'bus',
    'trailer',
    'barrier',
    'motorcycle',
    'bicycle',
    'pedestrian',
    'traffic_cone',
])
model = dict(
    bbox_head=dict(
        auxiliary=True,
        bbox_coder=dict(
            code_size=10,
            out_size_factor=8,
            pc_range=[
                -54.0,
                -54.0,
            ],
            post_center_range=[
                -61.2,
                -61.2,
                -10.0,
                61.2,
                61.2,
                10.0,
            ],
            score_threshold=0.0,
            type='TransFusionBBoxCoder',
            voxel_size=[
                0.075,
                0.075,
            ]),
        bn_momentum=0.1,
        common_heads=dict(
            center=[
                2,
                2,
            ],
            dim=[
                3,
                2,
            ],
            height=[
                1,
                2,
            ],
            rot=[
                2,
                2,
            ],
            vel=[
                2,
                2,
            ]),
        decoder_layer=dict(
            cross_attn_cfg=dict(dropout=0.1, embed_dims=128, num_heads=8),
            ffn_cfg=dict(
                act_cfg=dict(inplace=True, type='ReLU'),
                embed_dims=128,
                feedforward_channels=256,
                ffn_drop=0.1,
                num_fcs=2),
            norm_cfg=dict(type='LN'),
            pos_encoding_cfg=dict(input_channel=2, num_pos_feats=128),
            self_attn_cfg=dict(dropout=0.1, embed_dims=128, num_heads=8),
            type='TransformerDecoderLayer'),
        hidden_channel=128,
        in_channels=512,
        loss_bbox=dict(
            loss_weight=0.25, reduction='mean', type='mmdet.L1Loss'),
        loss_cls=dict(
            alpha=0.25,
            gamma=2.0,
            loss_weight=1.0,
            reduction='mean',
            type='mmdet.FocalLoss',
            use_sigmoid=True),
        loss_heatmap=dict(
            loss_weight=1.0, reduction='mean', type='mmdet.GaussianFocalLoss'),
        nms_kernel_size=3,
        num_classes=10,
        num_decoder_layers=1,
        num_proposals=200,
        test_cfg=dict(
            dataset='nuScenes',
            grid_size=[
                1440,
                1440,
                41,
            ],
            nms_type=None,
            out_size_factor=8,
            pc_range=[
                -54.0,
                -54.0,
            ],
            voxel_size=[
                0.075,
                0.075,
            ]),
        train_cfg=dict(
            assigner=dict(
                cls_cost=dict(
                    alpha=0.25,
                    gamma=2.0,
                    type='mmdet.FocalLossCost',
                    weight=0.15),
                iou_calculator=dict(coordinate='lidar', type='BboxOverlaps3D'),
                iou_cost=dict(type='IoU3DCost', weight=0.25),
                reg_cost=dict(type='BBoxBEVL1Cost', weight=0.25),
                type='HungarianAssigner3D'),
            code_weights=[
                1.0,
                1.0,
                1.0,
                1.0,
                1.0,
                1.0,
                1.0,
                1.0,
                0.2,
                0.2,
            ],
            dataset='nuScenes',
            gaussian_overlap=0.1,
            grid_size=[
                1440,
                1440,
                41,
            ],
            min_radius=2,
            out_size_factor=8,
            point_cloud_range=[
                -54.0,
                -54.0,
                -5.0,
                54.0,
                54.0,
                3.0,
            ],
            pos_weight=-1,
            voxel_size=[
                0.075,
                0.075,
                0.2,
            ]),
        type='TransFusionHead'),
    data_preprocessor=dict(
        bgr_to_rgb=False,
        mean=[
            123.675,
            116.28,
            103.53,
        ],
        pad_size_divisor=32,
        std=[
            58.395,
            57.12,
            57.375,
        ],
        type='Det3DDataPreprocessor',
        voxelize_cfg=dict(
            max_num_points=10,
            max_voxels=[
                120000,
                160000,
            ],
            point_cloud_range=[
                -54.0,
                -54.0,
                -5.0,
                54.0,
                54.0,
                3.0,
            ],
            voxel_size=[
                0.075,
                0.075,
                0.2,
            ],
            voxelize_reduce=True)),
    fusion_layer=dict(
        in_channels=[
            80,
            256,
        ], out_channels=256, type='ConvFuser'),
    img_backbone=dict(
        depth=18,
        frozen_stages=1,
        init_cfg=dict(
            checkpoint=
            '/media/xavier02/xavier_ssd_500/mmdetection3d_source/mmdetection3d-main/projects/BEVFusion/configs/resnet18.pth',
            type='Pretrained'),
        norm_cfg=dict(requires_grad=True, type='BN'),
        norm_eval=True,
        num_stages=4,
        out_indices=(
            0,
            1,
            2,
            3,
        ),
        style='pytorch',
        type='mmdet.ResNet'),
    img_neck=dict(
        act_cfg=dict(inplace=True, type='ReLU'),
        in_channels=[
            64,
            128,
            256,
            512,
        ],
        norm_cfg=dict(requires_grad=True, type='BN2d'),
        num_outs=3,
        out_channels=256,
        start_level=0,
        type='GeneralizedLSSFPN_2',
        upsample_cfg=dict(align_corners=False, mode='bilinear')),
    pts_backbone=dict(
        conv_cfg=dict(bias=False, type='Conv2d'),
        in_channels=256,
        layer_nums=[
            5,
            5,
        ],
        layer_strides=[
            1,
            2,
        ],
        norm_cfg=dict(eps=0.001, momentum=0.01, type='BN'),
        out_channels=[
            128,
            256,
        ],
        type='SECOND'),
    pts_middle_encoder=dict(
        block_type='basicblock',
        encoder_channels=(
            (
                16,
                16,
                32,
            ),
            (
                32,
                32,
                64,
            ),
            (
                64,
                64,
                128,
            ),
            (
                128,
                128,
            ),
        ),
        encoder_paddings=(
            (
                0,
                0,
                1,
            ),
            (
                0,
                0,
                1,
            ),
            (
                0,
                0,
                (
                    1,
                    1,
                    0,
                ),
            ),
            (
                0,
                0,
            ),
        ),
        in_channels=5,
        norm_cfg=dict(eps=0.001, momentum=0.01, type='BN1d'),
        order=(
            'conv',
            'norm',
            'act',
        ),
        sparse_shape=[
            1440,
            1440,
            41,
        ],
        type='BEVFusionSparseEncoder'),
    pts_neck=dict(
        in_channels=[
            128,
            256,
        ],
        norm_cfg=dict(eps=0.001, momentum=0.01, type='BN'),
        out_channels=[
            256,
            256,
        ],
        type='SECONDFPN',
        upsample_cfg=dict(bias=False, type='deconv'),
        upsample_strides=[
            1,
            2,
        ],
        use_conv_for_no_stride=True),
    pts_voxel_encoder=dict(num_features=5, type='HardSimpleVFE'),
    type='BEVFusion',
    view_transform=dict(
        dbound=[
            1.0,
            60.0,
            0.5,
        ],
        downsample=2,
        feature_size=[
            32,
            88,
        ],
        image_size=[
            256,
            704,
        ],
        in_channels=256,
        out_channels=80,
        type='DepthLSSTransform',
        xbound=[
            -54.0,
            54.0,
            0.3,
        ],
        ybound=[
            -54.0,
            54.0,
            0.3,
        ],
        zbound=[
            -10.0,
            10.0,
            20.0,
        ]))
optim_wrapper = dict(
    clip_grad=dict(max_norm=35, norm_type=2),
    optimizer=dict(lr=0.0002, type='AdamW', weight_decay=0.01),
    type='OptimWrapper')
param_scheduler = [
    dict(
        begin=0,
        by_epoch=False,
        end=500,
        start_factor=0.33333333,
        type='LinearLR'),
    dict(
        T_max=6,
        begin=0,
        by_epoch=True,
        convert_to_iter_based=True,
        end=6,
        eta_min_ratio=0.0001,
        type='CosineAnnealingLR'),
    dict(
        begin=0,
        by_epoch=True,
        convert_to_iter_based=True,
        end=2.4,
        eta_min=0.8947368421052632,
        type='CosineAnnealingMomentum'),
    dict(
        begin=2.4,
        by_epoch=True,
        convert_to_iter_based=True,
        end=6,
        eta_min=1,
        type='CosineAnnealingMomentum'),
]
point_cloud_range = [
    -54.0,
    -54.0,
    -5.0,
    54.0,
    54.0,
    3.0,
]
resume = False
test_cfg = dict()
test_dataloader = dict(
    batch_size=1,
    dataset=dict(
        ann_file='nuscenes_infos_val.pkl',
        backend_args=None,
        box_type_3d='LiDAR',
        data_prefix=dict(
            CAM_BACK='samples/CAM_BACK',
            CAM_BACK_LEFT='samples/CAM_BACK_LEFT',
            CAM_BACK_RIGHT='samples/CAM_BACK_RIGHT',
            CAM_FRONT='samples/CAM_FRONT',
            CAM_FRONT_LEFT='samples/CAM_FRONT_LEFT',
            CAM_FRONT_RIGHT='samples/CAM_FRONT_RIGHT',
            pts='samples/LIDAR_TOP',
            sweeps='sweeps/LIDAR_TOP'),
        data_root='/media/xavier02/Sparkles1/nuscenes/',
        metainfo=dict(classes=[
            'car',
            'truck',
            'construction_vehicle',
            'bus',
            'trailer',
            'barrier',
            'motorcycle',
            'bicycle',
            'pedestrian',
            'traffic_cone',
        ]),
        modality=dict(use_camera=True, use_lidar=True),
        pipeline=[
            dict(
                backend_args=None,
                color_type='color',
                to_float32=True,
                type='BEVLoadMultiViewImageFromFiles'),
            dict(
                backend_args=None,
                coord_type='LIDAR',
                load_dim=5,
                type='LoadPointsFromFile',
                use_dim=5),
            dict(
                backend_args=None,
                load_dim=5,
                pad_empty_sweeps=True,
                remove_close=True,
                sweeps_num=9,
                type='LoadPointsFromMultiSweeps',
                use_dim=5),
            dict(type='PointShuffle'),
            dict(num_points=62500, type='PointSample'),
            dict(
                bot_pct_lim=[
                    0.0,
                    0.0,
                ],
                final_dim=[
                    256,
                    704,
                ],
                is_train=False,
                rand_flip=False,
                resize_lim=[
                    0.48,
                    0.48,
                ],
                rot_lim=[
                    0.0,
                    0.0,
                ],
                type='ImageAug3D'),
            dict(
                point_cloud_range=[
                    -54.0,
                    -54.0,
                    -5.0,
                    54.0,
                    54.0,
                    3.0,
                ],
                type='PointsRangeFilter'),
            dict(
                keys=[
                    'img',
                    'points',
                    'gt_bboxes_3d',
                    'gt_labels_3d',
                ],
                meta_keys=[
                    'cam2img',
                    'ori_cam2img',
                    'lidar2cam',
                    'lidar2img',
                    'cam2lidar',
                    'ori_lidar2img',
                    'img_aug_matrix',
                    'box_type_3d',
                    'sample_idx',
                    'lidar_path',
                    'img_path',
                    'num_pts_feats',
                ],
                type='Pack3DDetInputs'),
        ],
        test_mode=True,
        type='NuScenesDataset'),
    drop_last=False,
    num_workers=4,
    persistent_workers=True,
    sampler=dict(shuffle=False, type='DefaultSampler'))
test_evaluator = dict(
    ann_file='/media/xavier02/Sparkles1/nuscenes/nuscenes_infos_val.pkl',
    backend_args=None,
    data_root='/media/xavier02/Sparkles1/nuscenes/',
    metric='bbox',
    type='NuScenesMetric')
test_pipeline = [
    dict(
        backend_args=None,
        color_type='color',
        to_float32=True,
        type='BEVLoadMultiViewImageFromFiles'),
    dict(
        backend_args=None,
        coord_type='LIDAR',
        load_dim=5,
        type='LoadPointsFromFile',
        use_dim=5),
    dict(
        backend_args=None,
        load_dim=5,
        pad_empty_sweeps=True,
        remove_close=True,
        sweeps_num=9,
        type='LoadPointsFromMultiSweeps',
        use_dim=5),
    dict(type='PointShuffle'),
    dict(num_points=62500, type='PointSample'),
    dict(
        bot_pct_lim=[
            0.0,
            0.0,
        ],
        final_dim=[
            256,
            704,
        ],
        is_train=False,
        rand_flip=False,
        resize_lim=[
            0.48,
            0.48,
        ],
        rot_lim=[
            0.0,
            0.0,
        ],
        type='ImageAug3D'),
    dict(
        point_cloud_range=[
            -54.0,
            -54.0,
            -5.0,
            54.0,
            54.0,
            3.0,
        ],
        type='PointsRangeFilter'),
    dict(
        keys=[
            'img',
            'points',
            'gt_bboxes_3d',
            'gt_labels_3d',
        ],
        meta_keys=[
            'cam2img',
            'ori_cam2img',
            'lidar2cam',
            'lidar2img',
            'cam2lidar',
            'ori_lidar2img',
            'img_aug_matrix',
            'box_type_3d',
            'sample_idx',
            'lidar_path',
            'img_path',
            'num_pts_feats',
        ],
        type='Pack3DDetInputs'),
]
train_cfg = dict(by_epoch=True, max_epochs=6, val_interval=1)
train_dataloader = dict(
    batch_size=1,
    dataset=dict(
        dataset=dict(
            ann_file='nuscenes_infos_train.pkl',
            box_type_3d='LiDAR',
            data_prefix=dict(
                CAM_BACK='samples/CAM_BACK',
                CAM_BACK_LEFT='samples/CAM_BACK_LEFT',
                CAM_BACK_RIGHT='samples/CAM_BACK_RIGHT',
                CAM_FRONT='samples/CAM_FRONT',
                CAM_FRONT_LEFT='samples/CAM_FRONT_LEFT',
                CAM_FRONT_RIGHT='samples/CAM_FRONT_RIGHT',
                pts='samples/LIDAR_TOP',
                sweeps='sweeps/LIDAR_TOP'),
            data_root='/media/xavier02/Sparkles1/nuscenes/',
            metainfo=dict(classes=[
                'car',
                'truck',
                'construction_vehicle',
                'bus',
                'trailer',
                'barrier',
                'motorcycle',
                'bicycle',
                'pedestrian',
                'traffic_cone',
            ]),
            modality=dict(use_camera=True, use_lidar=True),
            pipeline=[
                dict(
                    backend_args=None,
                    color_type='color',
                    to_float32=True,
                    type='BEVLoadMultiViewImageFromFiles'),
                dict(
                    backend_args=None,
                    coord_type='LIDAR',
                    load_dim=5,
                    type='LoadPointsFromFile',
                    use_dim=5),
                dict(
                    backend_args=None,
                    load_dim=5,
                    pad_empty_sweeps=True,
                    remove_close=True,
                    sweeps_num=9,
                    type='LoadPointsFromMultiSweeps',
                    use_dim=5),
                dict(
                    type='LoadAnnotations3D',
                    with_attr_label=False,
                    with_bbox_3d=True,
                    with_label_3d=True),
                dict(
                    bot_pct_lim=[
                        0.0,
                        0.0,
                    ],
                    final_dim=[
                        256,
                        704,
                    ],
                    is_train=True,
                    rand_flip=True,
                    resize_lim=[
                        0.38,
                        0.55,
                    ],
                    rot_lim=[
                        -5.4,
                        5.4,
                    ],
                    type='ImageAug3D'),
                dict(
                    rot_range=[
                        -0.78539816,
                        0.78539816,
                    ],
                    scale_ratio_range=[
                        0.9,
                        1.1,
                    ],
                    translation_std=0.5,
                    type='BEVFusionGlobalRotScaleTrans'),
                dict(type='BEVFusionRandomFlip3D'),
                dict(
                    point_cloud_range=[
                        -54.0,
                        -54.0,
                        -5.0,
                        54.0,
                        54.0,
                        3.0,
                    ],
                    type='PointsRangeFilter'),
                dict(
                    point_cloud_range=[
                        -54.0,
                        -54.0,
                        -5.0,
                        54.0,
                        54.0,
                        3.0,
                    ],
                    type='ObjectRangeFilter'),
                dict(
                    classes=[
                        'car',
                        'truck',
                        'construction_vehicle',
                        'bus',
                        'trailer',
                        'barrier',
                        'motorcycle',
                        'bicycle',
                        'pedestrian',
                        'traffic_cone',
                    ],
                    type='ObjectNameFilter'),
                dict(
                    fixed_prob=True,
                    max_epoch=6,
                    mode=1,
                    offset=False,
                    prob=0.0,
                    ratio=0.5,
                    rotate=1,
                    type='GridMask',
                    use_h=True,
                    use_w=True),
                dict(type='PointShuffle'),
                dict(
                    keys=[
                        'points',
                        'img',
                        'gt_bboxes_3d',
                        'gt_labels_3d',
                        'gt_bboxes',
                        'gt_labels',
                    ],
                    meta_keys=[
                        'cam2img',
                        'ori_cam2img',
                        'lidar2cam',
                        'lidar2img',
                        'cam2lidar',
                        'ori_lidar2img',
                        'img_aug_matrix',
                        'box_type_3d',
                        'sample_idx',
                        'lidar_path',
                        'img_path',
                        'transformation_3d_flow',
                        'pcd_rotation',
                        'pcd_scale_factor',
                        'pcd_trans',
                        'img_aug_matrix',
                        'lidar_aug_matrix',
                        'num_pts_feats',
                    ],
                    type='Pack3DDetInputs'),
            ],
            test_mode=False,
            type='NuScenesDataset',
            use_valid_flag=True),
        type='CBGSDataset'),
    num_workers=1,
    persistent_workers=True,
    sampler=dict(shuffle=True, type='DefaultSampler'))
train_pipeline = [
    dict(
        backend_args=None,
        color_type='color',
        to_float32=True,
        type='BEVLoadMultiViewImageFromFiles'),
    dict(
        backend_args=None,
        coord_type='LIDAR',
        load_dim=5,
        type='LoadPointsFromFile',
        use_dim=5),
    dict(
        backend_args=None,
        load_dim=5,
        pad_empty_sweeps=True,
        remove_close=True,
        sweeps_num=9,
        type='LoadPointsFromMultiSweeps',
        use_dim=5),
    dict(
        type='LoadAnnotations3D',
        with_attr_label=False,
        with_bbox_3d=True,
        with_label_3d=True),
    dict(
        bot_pct_lim=[
            0.0,
            0.0,
        ],
        final_dim=[
            256,
            704,
        ],
        is_train=True,
        rand_flip=True,
        resize_lim=[
            0.38,
            0.55,
        ],
        rot_lim=[
            -5.4,
            5.4,
        ],
        type='ImageAug3D'),
    dict(
        rot_range=[
            -0.78539816,
            0.78539816,
        ],
        scale_ratio_range=[
            0.9,
            1.1,
        ],
        translation_std=0.5,
        type='BEVFusionGlobalRotScaleTrans'),
    dict(type='BEVFusionRandomFlip3D'),
    dict(
        point_cloud_range=[
            -54.0,
            -54.0,
            -5.0,
            54.0,
            54.0,
            3.0,
        ],
        type='PointsRangeFilter'),
    dict(
        point_cloud_range=[
            -54.0,
            -54.0,
            -5.0,
            54.0,
            54.0,
            3.0,
        ],
        type='ObjectRangeFilter'),
    dict(
        classes=[
            'car',
            'truck',
            'construction_vehicle',
            'bus',
            'trailer',
            'barrier',
            'motorcycle',
            'bicycle',
            'pedestrian',
            'traffic_cone',
        ],
        type='ObjectNameFilter'),
    dict(
        fixed_prob=True,
        max_epoch=6,
        mode=1,
        offset=False,
        prob=0.0,
        ratio=0.5,
        rotate=1,
        type='GridMask',
        use_h=True,
        use_w=True),
    dict(type='PointShuffle'),
    dict(
        keys=[
            'points',
            'img',
            'gt_bboxes_3d',
            'gt_labels_3d',
            'gt_bboxes',
            'gt_labels',
        ],
        meta_keys=[
            'cam2img',
            'ori_cam2img',
            'lidar2cam',
            'lidar2img',
            'cam2lidar',
            'ori_lidar2img',
            'img_aug_matrix',
            'box_type_3d',
            'sample_idx',
            'lidar_path',
            'img_path',
            'transformation_3d_flow',
            'pcd_rotation',
            'pcd_scale_factor',
            'pcd_trans',
            'img_aug_matrix',
            'lidar_aug_matrix',
            'num_pts_feats',
        ],
        type='Pack3DDetInputs'),
]
val_cfg = dict()
val_dataloader = dict(
    batch_size=1,
    dataset=dict(
        ann_file='nuscenes_infos_val.pkl',
        backend_args=None,
        box_type_3d='LiDAR',
        data_prefix=dict(
            CAM_BACK='samples/CAM_BACK',
            CAM_BACK_LEFT='samples/CAM_BACK_LEFT',
            CAM_BACK_RIGHT='samples/CAM_BACK_RIGHT',
            CAM_FRONT='samples/CAM_FRONT',
            CAM_FRONT_LEFT='samples/CAM_FRONT_LEFT',
            CAM_FRONT_RIGHT='samples/CAM_FRONT_RIGHT',
            pts='samples/LIDAR_TOP',
            sweeps='sweeps/LIDAR_TOP'),
        data_root='/media/xavier02/Sparkles1/nuscenes/',
        metainfo=dict(classes=[
            'car',
            'truck',
            'construction_vehicle',
            'bus',
            'trailer',
            'barrier',
            'motorcycle',
            'bicycle',
            'pedestrian',
            'traffic_cone',
        ]),
        modality=dict(use_camera=True, use_lidar=True),
        pipeline=[
            dict(
                backend_args=None,
                color_type='color',
                to_float32=True,
                type='BEVLoadMultiViewImageFromFiles'),
            dict(
                backend_args=None,
                coord_type='LIDAR',
                load_dim=5,
                type='LoadPointsFromFile',
                use_dim=5),
            dict(
                backend_args=None,
                load_dim=5,
                pad_empty_sweeps=True,
                remove_close=True,
                sweeps_num=9,
                type='LoadPointsFromMultiSweeps',
                use_dim=5),
            dict(type='PointShuffle'),
            dict(num_points=62500, type='PointSample'),
            dict(
                bot_pct_lim=[
                    0.0,
                    0.0,
                ],
                final_dim=[
                    256,
                    704,
                ],
                is_train=False,
                rand_flip=False,
                resize_lim=[
                    0.48,
                    0.48,
                ],
                rot_lim=[
                    0.0,
                    0.0,
                ],
                type='ImageAug3D'),
            dict(
                point_cloud_range=[
                    -54.0,
                    -54.0,
                    -5.0,
                    54.0,
                    54.0,
                    3.0,
                ],
                type='PointsRangeFilter'),
            dict(
                keys=[
                    'img',
                    'points',
                    'gt_bboxes_3d',
                    'gt_labels_3d',
                ],
                meta_keys=[
                    'cam2img',
                    'ori_cam2img',
                    'lidar2cam',
                    'lidar2img',
                    'cam2lidar',
                    'ori_lidar2img',
                    'img_aug_matrix',
                    'box_type_3d',
                    'sample_idx',
                    'lidar_path',
                    'img_path',
                    'num_pts_feats',
                ],
                type='Pack3DDetInputs'),
        ],
        test_mode=True,
        type='NuScenesDataset'),
    drop_last=False,
    num_workers=4,
    persistent_workers=True,
    sampler=dict(shuffle=False, type='DefaultSampler'))
val_evaluator = dict(
    ann_file='/media/xavier02/Sparkles1/nuscenes/nuscenes_infos_val.pkl',
    backend_args=None,
    data_root='/media/xavier02/Sparkles1/nuscenes/',
    metric='bbox',
    type='NuScenesMetric')
vis_backends = [
    dict(type='LocalVisBackend'),
]
visualizer = dict(
    name='visualizer',
    type='Det3DLocalVisualizer',
    vis_backends=[
        dict(type='LocalVisBackend'),
    ])
voxel_size = [
    0.075,
    0.075,
    0.2,
]
work_dir = './work_dirs/bevfusion_lidar-cam_voxel0075_62k_resnet18'

2024/12/06 04:12:48 - mmengine - INFO - load model from: /media/xavier02/xavier_ssd_500/mmdetection3d_source/mmdetection3d-main/projects/BEVFusion/configs/resnet18.pth
2024/12/06 04:12:48 - mmengine - INFO - Loads checkpoint by local backend from path: /media/xavier02/xavier_ssd_500/mmdetection3d_source/mmdetection3d-main/projects/BEVFusion/configs/resnet18.pth
2024/12/06 04:12:48 - mmengine - WARNING - The model and loaded state dict do not match exactly

unexpected key in source state_dict: fc.weight, fc.bias

Name of parameter - Initialization information

conv1.weight - torch.Size([64, 3, 7, 7]): 
PretrainedInit: load from /media/xavier02/xavier_ssd_500/mmdetection3d_source/mmdetection3d-main/projects/BEVFusion/configs/resnet18.pth 

bn1.weight - torch.Size([64]): 
PretrainedInit: load from /media/xavier02/xavier_ssd_500/mmdetection3d_source/mmdetection3d-main/projects/BEVFusion/configs/resnet18.pth 

bn1.bias - torch.Size([64]): 
PretrainedInit: load from /media/xavier02/xavier_ssd_500/mmdetection3d_source/mmdetection3d-main/projects/BEVFusion/configs/resnet18.pth 

layer1.0.conv1.weight - torch.Size([64, 64, 3, 3]): 
PretrainedInit: load from /media/xavier02/xavier_ssd_500/mmdetection3d_source/mmdetection3d-main/projects/BEVFusion/configs/resnet18.pth 

layer1.0.bn1.weight - torch.Size([64]): 
PretrainedInit: load from /media/xavier02/xavier_ssd_500/mmdetection3d_source/mmdetection3d-main/projects/BEVFusion/configs/resnet18.pth 

layer1.0.bn1.bias - torch.Size([64]): 
PretrainedInit: load from /media/xavier02/xavier_ssd_500/mmdetection3d_source/mmdetection3d-main/projects/BEVFusion/configs/resnet18.pth 

layer1.0.conv2.weight - torch.Size([64, 64, 3, 3]): 
PretrainedInit: load from /media/xavier02/xavier_ssd_500/mmdetection3d_source/mmdetection3d-main/projects/BEVFusion/configs/resnet18.pth 

layer1.0.bn2.weight - torch.Size([64]): 
PretrainedInit: load from /media/xavier02/xavier_ssd_500/mmdetection3d_source/mmdetection3d-main/projects/BEVFusion/configs/resnet18.pth 

layer1.0.bn2.bias - torch.Size([64]): 
PretrainedInit: load from /media/xavier02/xavier_ssd_500/mmdetection3d_source/mmdetection3d-main/projects/BEVFusion/configs/resnet18.pth 

layer1.1.conv1.weight - torch.Size([64, 64, 3, 3]): 
PretrainedInit: load from /media/xavier02/xavier_ssd_500/mmdetection3d_source/mmdetection3d-main/projects/BEVFusion/configs/resnet18.pth 

layer1.1.bn1.weight - torch.Size([64]): 
PretrainedInit: load from /media/xavier02/xavier_ssd_500/mmdetection3d_source/mmdetection3d-main/projects/BEVFusion/configs/resnet18.pth 

layer1.1.bn1.bias - torch.Size([64]): 
PretrainedInit: load from /media/xavier02/xavier_ssd_500/mmdetection3d_source/mmdetection3d-main/projects/BEVFusion/configs/resnet18.pth 

layer1.1.conv2.weight - torch.Size([64, 64, 3, 3]): 
PretrainedInit: load from /media/xavier02/xavier_ssd_500/mmdetection3d_source/mmdetection3d-main/projects/BEVFusion/configs/resnet18.pth 

layer1.1.bn2.weight - torch.Size([64]): 
PretrainedInit: load from /media/xavier02/xavier_ssd_500/mmdetection3d_source/mmdetection3d-main/projects/BEVFusion/configs/resnet18.pth 

layer1.1.bn2.bias - torch.Size([64]): 
PretrainedInit: load from /media/xavier02/xavier_ssd_500/mmdetection3d_source/mmdetection3d-main/projects/BEVFusion/configs/resnet18.pth 

layer2.0.conv1.weight - torch.Size([128, 64, 3, 3]): 
PretrainedInit: load from /media/xavier02/xavier_ssd_500/mmdetection3d_source/mmdetection3d-main/projects/BEVFusion/configs/resnet18.pth 

layer2.0.bn1.weight - torch.Size([128]): 
PretrainedInit: load from /media/xavier02/xavier_ssd_500/mmdetection3d_source/mmdetection3d-main/projects/BEVFusion/configs/resnet18.pth 

layer2.0.bn1.bias - torch.Size([128]): 
PretrainedInit: load from /media/xavier02/xavier_ssd_500/mmdetection3d_source/mmdetection3d-main/projects/BEVFusion/configs/resnet18.pth 

layer2.0.conv2.weight - torch.Size([128, 128, 3, 3]): 
PretrainedInit: load from /media/xavier02/xavier_ssd_500/mmdetection3d_source/mmdetection3d-main/projects/BEVFusion/configs/resnet18.pth 

layer2.0.bn2.weight - torch.Size([128]): 
PretrainedInit: load from /media/xavier02/xavier_ssd_500/mmdetection3d_source/mmdetection3d-main/projects/BEVFusion/configs/resnet18.pth 

layer2.0.bn2.bias - torch.Size([128]): 
PretrainedInit: load from /media/xavier02/xavier_ssd_500/mmdetection3d_source/mmdetection3d-main/projects/BEVFusion/configs/resnet18.pth 

layer2.0.downsample.0.weight - torch.Size([128, 64, 1, 1]): 
PretrainedInit: load from /media/xavier02/xavier_ssd_500/mmdetection3d_source/mmdetection3d-main/projects/BEVFusion/configs/resnet18.pth 

layer2.0.downsample.1.weight - torch.Size([128]): 
PretrainedInit: load from /media/xavier02/xavier_ssd_500/mmdetection3d_source/mmdetection3d-main/projects/BEVFusion/configs/resnet18.pth 

layer2.0.downsample.1.bias - torch.Size([128]): 
PretrainedInit: load from /media/xavier02/xavier_ssd_500/mmdetection3d_source/mmdetection3d-main/projects/BEVFusion/configs/resnet18.pth 

layer2.1.conv1.weight - torch.Size([128, 128, 3, 3]): 
PretrainedInit: load from /media/xavier02/xavier_ssd_500/mmdetection3d_source/mmdetection3d-main/projects/BEVFusion/configs/resnet18.pth 

layer2.1.bn1.weight - torch.Size([128]): 
PretrainedInit: load from /media/xavier02/xavier_ssd_500/mmdetection3d_source/mmdetection3d-main/projects/BEVFusion/configs/resnet18.pth 

layer2.1.bn1.bias - torch.Size([128]): 
PretrainedInit: load from /media/xavier02/xavier_ssd_500/mmdetection3d_source/mmdetection3d-main/projects/BEVFusion/configs/resnet18.pth 

layer2.1.conv2.weight - torch.Size([128, 128, 3, 3]): 
PretrainedInit: load from /media/xavier02/xavier_ssd_500/mmdetection3d_source/mmdetection3d-main/projects/BEVFusion/configs/resnet18.pth 

layer2.1.bn2.weight - torch.Size([128]): 
PretrainedInit: load from /media/xavier02/xavier_ssd_500/mmdetection3d_source/mmdetection3d-main/projects/BEVFusion/configs/resnet18.pth 

layer2.1.bn2.bias - torch.Size([128]): 
PretrainedInit: load from /media/xavier02/xavier_ssd_500/mmdetection3d_source/mmdetection3d-main/projects/BEVFusion/configs/resnet18.pth 

layer3.0.conv1.weight - torch.Size([256, 128, 3, 3]): 
PretrainedInit: load from /media/xavier02/xavier_ssd_500/mmdetection3d_source/mmdetection3d-main/projects/BEVFusion/configs/resnet18.pth 

layer3.0.bn1.weight - torch.Size([256]): 
PretrainedInit: load from /media/xavier02/xavier_ssd_500/mmdetection3d_source/mmdetection3d-main/projects/BEVFusion/configs/resnet18.pth 

layer3.0.bn1.bias - torch.Size([256]): 
PretrainedInit: load from /media/xavier02/xavier_ssd_500/mmdetection3d_source/mmdetection3d-main/projects/BEVFusion/configs/resnet18.pth 

layer3.0.conv2.weight - torch.Size([256, 256, 3, 3]): 
PretrainedInit: load from /media/xavier02/xavier_ssd_500/mmdetection3d_source/mmdetection3d-main/projects/BEVFusion/configs/resnet18.pth 

layer3.0.bn2.weight - torch.Size([256]): 
PretrainedInit: load from /media/xavier02/xavier_ssd_500/mmdetection3d_source/mmdetection3d-main/projects/BEVFusion/configs/resnet18.pth 

layer3.0.bn2.bias - torch.Size([256]): 
PretrainedInit: load from /media/xavier02/xavier_ssd_500/mmdetection3d_source/mmdetection3d-main/projects/BEVFusion/configs/resnet18.pth 

layer3.0.downsample.0.weight - torch.Size([256, 128, 1, 1]): 
PretrainedInit: load from /media/xavier02/xavier_ssd_500/mmdetection3d_source/mmdetection3d-main/projects/BEVFusion/configs/resnet18.pth 

layer3.0.downsample.1.weight - torch.Size([256]): 
PretrainedInit: load from /media/xavier02/xavier_ssd_500/mmdetection3d_source/mmdetection3d-main/projects/BEVFusion/configs/resnet18.pth 

layer3.0.downsample.1.bias - torch.Size([256]): 
PretrainedInit: load from /media/xavier02/xavier_ssd_500/mmdetection3d_source/mmdetection3d-main/projects/BEVFusion/configs/resnet18.pth 

layer3.1.conv1.weight - torch.Size([256, 256, 3, 3]): 
PretrainedInit: load from /media/xavier02/xavier_ssd_500/mmdetection3d_source/mmdetection3d-main/projects/BEVFusion/configs/resnet18.pth 

layer3.1.bn1.weight - torch.Size([256]): 
PretrainedInit: load from /media/xavier02/xavier_ssd_500/mmdetection3d_source/mmdetection3d-main/projects/BEVFusion/configs/resnet18.pth 

layer3.1.bn1.bias - torch.Size([256]): 
PretrainedInit: load from /media/xavier02/xavier_ssd_500/mmdetection3d_source/mmdetection3d-main/projects/BEVFusion/configs/resnet18.pth 

layer3.1.conv2.weight - torch.Size([256, 256, 3, 3]): 
PretrainedInit: load from /media/xavier02/xavier_ssd_500/mmdetection3d_source/mmdetection3d-main/projects/BEVFusion/configs/resnet18.pth 

layer3.1.bn2.weight - torch.Size([256]): 
PretrainedInit: load from /media/xavier02/xavier_ssd_500/mmdetection3d_source/mmdetection3d-main/projects/BEVFusion/configs/resnet18.pth 

layer3.1.bn2.bias - torch.Size([256]): 
PretrainedInit: load from /media/xavier02/xavier_ssd_500/mmdetection3d_source/mmdetection3d-main/projects/BEVFusion/configs/resnet18.pth 

layer4.0.conv1.weight - torch.Size([512, 256, 3, 3]): 
PretrainedInit: load from /media/xavier02/xavier_ssd_500/mmdetection3d_source/mmdetection3d-main/projects/BEVFusion/configs/resnet18.pth 

layer4.0.bn1.weight - torch.Size([512]): 
PretrainedInit: load from /media/xavier02/xavier_ssd_500/mmdetection3d_source/mmdetection3d-main/projects/BEVFusion/configs/resnet18.pth 

layer4.0.bn1.bias - torch.Size([512]): 
PretrainedInit: load from /media/xavier02/xavier_ssd_500/mmdetection3d_source/mmdetection3d-main/projects/BEVFusion/configs/resnet18.pth 

layer4.0.conv2.weight - torch.Size([512, 512, 3, 3]): 
PretrainedInit: load from /media/xavier02/xavier_ssd_500/mmdetection3d_source/mmdetection3d-main/projects/BEVFusion/configs/resnet18.pth 

layer4.0.bn2.weight - torch.Size([512]): 
PretrainedInit: load from /media/xavier02/xavier_ssd_500/mmdetection3d_source/mmdetection3d-main/projects/BEVFusion/configs/resnet18.pth 

layer4.0.bn2.bias - torch.Size([512]): 
PretrainedInit: load from /media/xavier02/xavier_ssd_500/mmdetection3d_source/mmdetection3d-main/projects/BEVFusion/configs/resnet18.pth 

layer4.0.downsample.0.weight - torch.Size([512, 256, 1, 1]): 
PretrainedInit: load from /media/xavier02/xavier_ssd_500/mmdetection3d_source/mmdetection3d-main/projects/BEVFusion/configs/resnet18.pth 

layer4.0.downsample.1.weight - torch.Size([512]): 
PretrainedInit: load from /media/xavier02/xavier_ssd_500/mmdetection3d_source/mmdetection3d-main/projects/BEVFusion/configs/resnet18.pth 

layer4.0.downsample.1.bias - torch.Size([512]): 
PretrainedInit: load from /media/xavier02/xavier_ssd_500/mmdetection3d_source/mmdetection3d-main/projects/BEVFusion/configs/resnet18.pth 

layer4.1.conv1.weight - torch.Size([512, 512, 3, 3]): 
PretrainedInit: load from /media/xavier02/xavier_ssd_500/mmdetection3d_source/mmdetection3d-main/projects/BEVFusion/configs/resnet18.pth 

layer4.1.bn1.weight - torch.Size([512]): 
PretrainedInit: load from /media/xavier02/xavier_ssd_500/mmdetection3d_source/mmdetection3d-main/projects/BEVFusion/configs/resnet18.pth 

layer4.1.bn1.bias - torch.Size([512]): 
PretrainedInit: load from /media/xavier02/xavier_ssd_500/mmdetection3d_source/mmdetection3d-main/projects/BEVFusion/configs/resnet18.pth 

layer4.1.conv2.weight - torch.Size([512, 512, 3, 3]): 
PretrainedInit: load from /media/xavier02/xavier_ssd_500/mmdetection3d_source/mmdetection3d-main/projects/BEVFusion/configs/resnet18.pth 

layer4.1.bn2.weight - torch.Size([512]): 
PretrainedInit: load from /media/xavier02/xavier_ssd_500/mmdetection3d_source/mmdetection3d-main/projects/BEVFusion/configs/resnet18.pth 

layer4.1.bn2.bias - torch.Size([512]): 
PretrainedInit: load from /media/xavier02/xavier_ssd_500/mmdetection3d_source/mmdetection3d-main/projects/BEVFusion/configs/resnet18.pth 
2024/12/06 04:12:51 - mmengine - INFO - Distributed training is not used, all SyncBatchNorm (SyncBN) layers in the model will be automatically reverted to BatchNormXd layers if they are used.
2024/12/06 04:12:51 - mmengine - INFO - Hooks will be executed in the following order:
before_run:
(VERY_HIGH   ) RuntimeInfoHook                    
(BELOW_NORMAL) LoggerHook                         
 -------------------- 
before_train:
(VERY_HIGH   ) RuntimeInfoHook                    
(NORMAL      ) IterTimerHook                      
(VERY_LOW    ) CheckpointHook                     
 -------------------- 
before_train_epoch:
(VERY_HIGH   ) RuntimeInfoHook                    
(NORMAL      ) IterTimerHook                      
(NORMAL      ) DistSamplerSeedHook                
 -------------------- 
before_train_iter:
(VERY_HIGH   ) RuntimeInfoHook                    
(NORMAL      ) IterTimerHook                      
 -------------------- 
after_train_iter:
(VERY_HIGH   ) RuntimeInfoHook                    
(NORMAL      ) IterTimerHook                      
(BELOW_NORMAL) LoggerHook                         
(LOW         ) ParamSchedulerHook                 
(VERY_LOW    ) CheckpointHook                     
 -------------------- 
after_train_epoch:
(NORMAL      ) IterTimerHook                      
(LOW         ) ParamSchedulerHook                 
(VERY_LOW    ) CheckpointHook                     
 -------------------- 
before_val:
(VERY_HIGH   ) RuntimeInfoHook                    
 -------------------- 
before_val_epoch:
(NORMAL      ) IterTimerHook                      
 -------------------- 
before_val_iter:
(NORMAL      ) IterTimerHook                      
 -------------------- 
after_val_iter:
(NORMAL      ) IterTimerHook                      
(NORMAL      ) Det3DVisualizationHook             
(BELOW_NORMAL) LoggerHook                         
 -------------------- 
after_val_epoch:
(VERY_HIGH   ) RuntimeInfoHook                    
(NORMAL      ) IterTimerHook                      
(BELOW_NORMAL) LoggerHook                         
(LOW         ) ParamSchedulerHook                 
(VERY_LOW    ) CheckpointHook                     
 -------------------- 
after_val:
(VERY_HIGH   ) RuntimeInfoHook                    
 -------------------- 
after_train:
(VERY_HIGH   ) RuntimeInfoHook                    
(VERY_LOW    ) CheckpointHook                     
 -------------------- 
before_test:
(VERY_HIGH   ) RuntimeInfoHook                    
 -------------------- 
before_test_epoch:
(NORMAL      ) IterTimerHook                      
 -------------------- 
before_test_iter:
(NORMAL      ) IterTimerHook                      
 -------------------- 
after_test_iter:
(NORMAL      ) IterTimerHook                      
(NORMAL      ) Det3DVisualizationHook             
(BELOW_NORMAL) LoggerHook                         
 -------------------- 
after_test_epoch:
(VERY_HIGH   ) RuntimeInfoHook                    
(NORMAL      ) IterTimerHook                      
(BELOW_NORMAL) LoggerHook                         
 -------------------- 
after_test:
(VERY_HIGH   ) RuntimeInfoHook                    
 -------------------- 
after_run:
(BELOW_NORMAL) LoggerHook                         
 -------------------- 
2024/12/06 04:13:29 - mmengine - INFO - ------------------------------
2024/12/06 04:13:29 - mmengine - INFO - The length of test dataset: 6019
2024/12/06 04:13:29 - mmengine - INFO - The number of instances per category in the dataset:
+----------------------+--------+
| category             | number |
+----------------------+--------+
| car                  | 80004  |
| truck                | 15704  |
| construction_vehicle | 2678   |
| bus                  | 3158   |
| trailer              | 4159   |
| barrier              | 26992  |
| motorcycle           | 2508   |
| bicycle              | 2381   |
| pedestrian           | 34347  |
| traffic_cone         | 15597  |
+----------------------+--------+
2024/12/06 04:13:33 - mmengine - INFO - Load checkpoint from /media/xavier02/xavier_ssd_500/mmdetection3d_source/mmdetection3d-main/projects/BEVFusion/configs/Cam_lid_ep6_fp16.pth
2024/12/06 04:14:14 - mmengine - INFO - Epoch(test) [  50/6019]    eta: 1:21:43  time: 0.8214  data_time: 0.0466  memory: 2152  
2024/12/06 04:14:51 - mmengine - INFO - Epoch(test) [ 100/6019]    eta: 1:16:43  time: 0.7340  data_time: 0.0145  memory: 2152  
2024/12/06 04:15:28 - mmengine - INFO - Epoch(test) [ 150/6019]    eta: 1:14:28  time: 0.7288  data_time: 0.0148  memory: 2151  
2024/12/06 04:16:04 - mmengine - INFO - Epoch(test) [ 200/6019]    eta: 1:12:52  time: 0.7218  data_time: 0.0145  memory: 2151  
2024/12/06 04:16:39 - mmengine - INFO - Epoch(test) [ 250/6019]    eta: 1:11:25  time: 0.7086  data_time: 0.0148  memory: 2151  
2024/12/06 04:17:14 - mmengine - INFO - Epoch(test) [ 300/6019]    eta: 1:10:12  time: 0.7050  data_time: 0.0175  memory: 2151  
2024/12/06 04:17:50 - mmengine - INFO - Epoch(test) [ 350/6019]    eta: 1:09:17  time: 0.7141  data_time: 0.0152  memory: 2151  
2024/12/06 04:18:26 - mmengine - INFO - Epoch(test) [ 400/6019]    eta: 1:08:32  time: 0.7211  data_time: 0.0153  memory: 2152  
2024/12/06 04:19:02 - mmengine - INFO - Epoch(test) [ 450/6019]    eta: 1:07:43  time: 0.7118  data_time: 0.0148  memory: 2152  
2024/12/06 04:19:37 - mmengine - INFO - Epoch(test) [ 500/6019]    eta: 1:06:54  time: 0.7072  data_time: 0.0149  memory: 2152  
2024/12/06 04:20:13 - mmengine - INFO - Epoch(test) [ 550/6019]    eta: 1:06:11  time: 0.7149  data_time: 0.0160  memory: 2152  
2024/12/06 04:20:48 - mmengine - INFO - Epoch(test) [ 600/6019]    eta: 1:05:28  time: 0.7112  data_time: 0.0147  memory: 2151  
2024/12/06 04:21:22 - mmengine - INFO - Epoch(test) [ 650/6019]    eta: 1:04:30  time: 0.6725  data_time: 0.0150  memory: 2150  
2024/12/06 04:21:57 - mmengine - INFO - Epoch(test) [ 700/6019]    eta: 1:03:43  time: 0.6902  data_time: 0.0151  memory: 2151  
2024/12/06 04:22:32 - mmengine - INFO - Epoch(test) [ 750/6019]    eta: 1:03:00  time: 0.7012  data_time: 0.0151  memory: 2152  
2024/12/06 04:23:07 - mmengine - INFO - Epoch(test) [ 800/6019]    eta: 1:02:18  time: 0.6986  data_time: 0.0149  memory: 2152  
2024/12/06 04:23:40 - mmengine - INFO - Epoch(test) [ 850/6019]    eta: 1:01:29  time: 0.6708  data_time: 0.0150  memory: 2150  
2024/12/06 04:24:15 - mmengine - INFO - Epoch(test) [ 900/6019]    eta: 1:00:48  time: 0.6971  data_time: 0.0151  memory: 2152  
2024/12/06 04:24:50 - mmengine - INFO - Epoch(test) [ 950/6019]    eta: 1:00:09  time: 0.6974  data_time: 0.0155  memory: 2152  
2024/12/06 04:25:25 - mmengine - INFO - Epoch(test) [1000/6019]    eta: 0:59:30  time: 0.7003  data_time: 0.0166  memory: 2152  
2024/12/06 04:26:00 - mmengine - INFO - Epoch(test) [1050/6019]    eta: 0:58:52  time: 0.7005  data_time: 0.0163  memory: 2151  
2024/12/06 04:26:35 - mmengine - INFO - Epoch(test) [1100/6019]    eta: 0:58:14  time: 0.7004  data_time: 0.0150  memory: 2152  
2024/12/06 04:27:10 - mmengine - INFO - Epoch(test) [1150/6019]    eta: 0:57:36  time: 0.6997  data_time: 0.0149  memory: 2151  
2024/12/06 04:27:45 - mmengine - INFO - Epoch(test) [1200/6019]    eta: 0:57:00  time: 0.7057  data_time: 0.0151  memory: 2152  
2024/12/06 04:28:21 - mmengine - INFO - Epoch(test) [1250/6019]    eta: 0:56:27  time: 0.7213  data_time: 0.0148  memory: 2152  
2024/12/06 04:28:57 - mmengine - INFO - Epoch(test) [1300/6019]    eta: 0:55:50  time: 0.7050  data_time: 0.0147  memory: 2152  
2024/12/06 04:29:32 - mmengine - INFO - Epoch(test) [1350/6019]    eta: 0:55:16  time: 0.7160  data_time: 0.0146  memory: 2151  
2024/12/06 04:30:08 - mmengine - INFO - Epoch(test) [1400/6019]    eta: 0:54:39  time: 0.7050  data_time: 0.0149  memory: 2151  
2024/12/06 04:30:43 - mmengine - INFO - Epoch(test) [1450/6019]    eta: 0:54:03  time: 0.7080  data_time: 0.0147  memory: 2150  
2024/12/06 04:31:20 - mmengine - INFO - Epoch(test) [1500/6019]    eta: 0:53:31  time: 0.7332  data_time: 0.0148  memory: 2151  
2024/12/06 04:31:56 - mmengine - INFO - Epoch(test) [1550/6019]    eta: 0:52:57  time: 0.7189  data_time: 0.0156  memory: 2151  
2024/12/06 04:32:31 - mmengine - INFO - Epoch(test) [1600/6019]    eta: 0:52:21  time: 0.7036  data_time: 0.0156  memory: 2150  
2024/12/06 04:33:07 - mmengine - INFO - Epoch(test) [1650/6019]    eta: 0:51:45  time: 0.7134  data_time: 0.0158  memory: 2151  
2024/12/06 04:33:42 - mmengine - INFO - Epoch(test) [1700/6019]    eta: 0:51:10  time: 0.7092  data_time: 0.0151  memory: 2151  
2024/12/06 04:34:17 - mmengine - INFO - Epoch(test) [1750/6019]    eta: 0:50:33  time: 0.7057  data_time: 0.0155  memory: 2151  
2024/12/06 04:34:52 - mmengine - INFO - Epoch(test) [1800/6019]    eta: 0:49:56  time: 0.6921  data_time: 0.0150  memory: 2151  
2024/12/06 04:35:27 - mmengine - INFO - Epoch(test) [1850/6019]    eta: 0:49:20  time: 0.7093  data_time: 0.0153  memory: 2151  
2024/12/06 04:36:02 - mmengine - INFO - Epoch(test) [1900/6019]    eta: 0:48:43  time: 0.6913  data_time: 0.0153  memory: 2151  
2024/12/06 04:36:37 - mmengine - INFO - Epoch(test) [1950/6019]    eta: 0:48:07  time: 0.7076  data_time: 0.0172  memory: 2151  
2024/12/06 04:37:13 - mmengine - INFO - Epoch(test) [2000/6019]    eta: 0:47:32  time: 0.7178  data_time: 0.0148  memory: 2150  
2024/12/06 04:37:49 - mmengine - INFO - Epoch(test) [2050/6019]    eta: 0:46:57  time: 0.7174  data_time: 0.0153  memory: 2151  
2024/12/06 04:38:25 - mmengine - INFO - Epoch(test) [2100/6019]    eta: 0:46:23  time: 0.7258  data_time: 0.0155  memory: 2151  
2024/12/06 04:39:01 - mmengine - INFO - Epoch(test) [2150/6019]    eta: 0:45:48  time: 0.7079  data_time: 0.0155  memory: 2151  
2024/12/06 04:39:37 - mmengine - INFO - Epoch(test) [2200/6019]    eta: 0:45:13  time: 0.7196  data_time: 0.0175  memory: 2152  
2024/12/06 04:40:12 - mmengine - INFO - Epoch(test) [2250/6019]    eta: 0:44:38  time: 0.7128  data_time: 0.0153  memory: 2151  
2024/12/06 04:40:47 - mmengine - INFO - Epoch(test) [2300/6019]    eta: 0:44:00  time: 0.6870  data_time: 0.0152  memory: 2151  
2024/12/06 04:41:20 - mmengine - INFO - Epoch(test) [2350/6019]    eta: 0:43:21  time: 0.6667  data_time: 0.0158  memory: 2151  
2024/12/06 04:41:55 - mmengine - INFO - Epoch(test) [2400/6019]    eta: 0:42:45  time: 0.7015  data_time: 0.0154  memory: 2151  
2024/12/06 04:42:29 - mmengine - INFO - Epoch(test) [2450/6019]    eta: 0:42:08  time: 0.6829  data_time: 0.0150  memory: 2151  
2024/12/06 04:43:03 - mmengine - INFO - Epoch(test) [2500/6019]    eta: 0:41:30  time: 0.6794  data_time: 0.0151  memory: 2150  
2024/12/06 04:43:39 - mmengine - INFO - Epoch(test) [2550/6019]    eta: 0:40:55  time: 0.7017  data_time: 0.0151  memory: 2151  
2024/12/06 04:44:12 - mmengine - INFO - Epoch(test) [2600/6019]    eta: 0:40:17  time: 0.6736  data_time: 0.0149  memory: 2151  
2024/12/06 04:44:47 - mmengine - INFO - Epoch(test) [2650/6019]    eta: 0:39:41  time: 0.6988  data_time: 0.0155  memory: 2151  
2024/12/06 04:45:22 - mmengine - INFO - Epoch(test) [2700/6019]    eta: 0:39:05  time: 0.6985  data_time: 0.0150  memory: 2151  
2024/12/06 04:45:56 - mmengine - INFO - Epoch(test) [2750/6019]    eta: 0:38:29  time: 0.6840  data_time: 0.0154  memory: 2151  
2024/12/06 04:46:31 - mmengine - INFO - Epoch(test) [2800/6019]    eta: 0:37:53  time: 0.6989  data_time: 0.0151  memory: 2151  
2024/12/06 04:47:06 - mmengine - INFO - Epoch(test) [2850/6019]    eta: 0:37:17  time: 0.6896  data_time: 0.0149  memory: 2151  
2024/12/06 04:47:40 - mmengine - INFO - Epoch(test) [2900/6019]    eta: 0:36:40  time: 0.6806  data_time: 0.0150  memory: 2151  
2024/12/06 04:48:14 - mmengine - INFO - Epoch(test) [2950/6019]    eta: 0:36:04  time: 0.6854  data_time: 0.0151  memory: 2152  
2024/12/06 04:48:49 - mmengine - INFO - Epoch(test) [3000/6019]    eta: 0:35:28  time: 0.6962  data_time: 0.0157  memory: 2151  
2024/12/06 04:49:23 - mmengine - INFO - Epoch(test) [3050/6019]    eta: 0:34:52  time: 0.6917  data_time: 0.0146  memory: 2152  
2024/12/06 04:49:58 - mmengine - INFO - Epoch(test) [3100/6019]    eta: 0:34:16  time: 0.6864  data_time: 0.0149  memory: 2152  
2024/12/06 04:50:31 - mmengine - INFO - Epoch(test) [3150/6019]    eta: 0:33:39  time: 0.6655  data_time: 0.0150  memory: 2150  
2024/12/06 04:51:06 - mmengine - INFO - Epoch(test) [3200/6019]    eta: 0:33:03  time: 0.6889  data_time: 0.0149  memory: 2151  
2024/12/06 04:51:41 - mmengine - INFO - Epoch(test) [3250/6019]    eta: 0:32:28  time: 0.7047  data_time: 0.0153  memory: 2151  
2024/12/06 04:52:16 - mmengine - INFO - Epoch(test) [3300/6019]    eta: 0:31:52  time: 0.6959  data_time: 0.0155  memory: 2152  
2024/12/06 04:52:49 - mmengine - INFO - Epoch(test) [3350/6019]    eta: 0:31:16  time: 0.6669  data_time: 0.0151  memory: 2151  
2024/12/06 04:53:22 - mmengine - INFO - Epoch(test) [3400/6019]    eta: 0:30:39  time: 0.6703  data_time: 0.0160  memory: 2151  
2024/12/06 04:53:56 - mmengine - INFO - Epoch(test) [3450/6019]    eta: 0:30:03  time: 0.6721  data_time: 0.0149  memory: 2151  
2024/12/06 04:54:30 - mmengine - INFO - Epoch(test) [3500/6019]    eta: 0:29:27  time: 0.6758  data_time: 0.0149  memory: 2151  
2024/12/06 04:55:03 - mmengine - INFO - Epoch(test) [3550/6019]    eta: 0:28:51  time: 0.6659  data_time: 0.0147  memory: 2150  
2024/12/06 04:55:38 - mmengine - INFO - Epoch(test) [3600/6019]    eta: 0:28:15  time: 0.6944  data_time: 0.0156  memory: 2151  
2024/12/06 04:56:13 - mmengine - INFO - Epoch(test) [3650/6019]    eta: 0:27:41  time: 0.7058  data_time: 0.0152  memory: 2151  
2024/12/06 04:56:47 - mmengine - INFO - Epoch(test) [3700/6019]    eta: 0:27:05  time: 0.6781  data_time: 0.0165  memory: 2150  
2024/12/06 04:57:23 - mmengine - INFO - Epoch(test) [3750/6019]    eta: 0:26:30  time: 0.7138  data_time: 0.0156  memory: 2152  
2024/12/06 04:57:59 - mmengine - INFO - Epoch(test) [3800/6019]    eta: 0:25:56  time: 0.7276  data_time: 0.0154  memory: 2152  
2024/12/06 04:58:34 - mmengine - INFO - Epoch(test) [3850/6019]    eta: 0:25:21  time: 0.7044  data_time: 0.0149  memory: 2151  
2024/12/06 04:59:11 - mmengine - INFO - Epoch(test) [3900/6019]    eta: 0:24:47  time: 0.7327  data_time: 0.0151  memory: 2151  
2024/12/06 04:59:48 - mmengine - INFO - Epoch(test) [3950/6019]    eta: 0:24:12  time: 0.7302  data_time: 0.0152  memory: 2151  
2024/12/06 05:00:24 - mmengine - INFO - Epoch(test) [4000/6019]    eta: 0:23:38  time: 0.7310  data_time: 0.0153  memory: 2151  
2024/12/06 05:00:58 - mmengine - INFO - Epoch(test) [4050/6019]    eta: 0:23:02  time: 0.6835  data_time: 0.0152  memory: 2152  
2024/12/06 05:01:33 - mmengine - INFO - Epoch(test) [4100/6019]    eta: 0:22:27  time: 0.7000  data_time: 0.0160  memory: 2151  
2024/12/06 05:02:09 - mmengine - INFO - Epoch(test) [4150/6019]    eta: 0:21:52  time: 0.7085  data_time: 0.0158  memory: 2152  
2024/12/06 05:02:44 - mmengine - INFO - Epoch(test) [4200/6019]    eta: 0:21:17  time: 0.7062  data_time: 0.0154  memory: 2151  
2024/12/06 05:03:19 - mmengine - INFO - Epoch(test) [4250/6019]    eta: 0:20:42  time: 0.6940  data_time: 0.0155  memory: 2152  
2024/12/06 05:03:53 - mmengine - INFO - Epoch(test) [4300/6019]    eta: 0:20:06  time: 0.6880  data_time: 0.0153  memory: 2151  
2024/12/06 05:04:28 - mmengine - INFO - Epoch(test) [4350/6019]    eta: 0:19:31  time: 0.6958  data_time: 0.0153  memory: 2152  
2024/12/06 05:05:03 - mmengine - INFO - Epoch(test) [4400/6019]    eta: 0:18:56  time: 0.7010  data_time: 0.0170  memory: 2152  
2024/12/06 05:05:38 - mmengine - INFO - Epoch(test) [4450/6019]    eta: 0:18:21  time: 0.7001  data_time: 0.0149  memory: 2152  
2024/12/06 05:06:13 - mmengine - INFO - Epoch(test) [4500/6019]    eta: 0:17:46  time: 0.6966  data_time: 0.0156  memory: 2152  
2024/12/06 05:06:48 - mmengine - INFO - Epoch(test) [4550/6019]    eta: 0:17:11  time: 0.7109  data_time: 0.0152  memory: 2150  
2024/12/06 05:07:24 - mmengine - INFO - Epoch(test) [4600/6019]    eta: 0:16:36  time: 0.7125  data_time: 0.0151  memory: 2152  
2024/12/06 05:08:00 - mmengine - INFO - Epoch(test) [4650/6019]    eta: 0:16:01  time: 0.7125  data_time: 0.0148  memory: 2151  
2024/12/06 05:08:36 - mmengine - INFO - Epoch(test) [4700/6019]    eta: 0:15:26  time: 0.7185  data_time: 0.0153  memory: 2151  
2024/12/06 05:09:12 - mmengine - INFO - Epoch(test) [4750/6019]    eta: 0:14:51  time: 0.7180  data_time: 0.0148  memory: 2151  
2024/12/06 05:09:47 - mmengine - INFO - Epoch(test) [4800/6019]    eta: 0:14:16  time: 0.7172  data_time: 0.0156  memory: 2152  
2024/12/06 05:10:23 - mmengine - INFO - Epoch(test) [4850/6019]    eta: 0:13:41  time: 0.7056  data_time: 0.0153  memory: 2150  
2024/12/06 05:10:58 - mmengine - INFO - Epoch(test) [4900/6019]    eta: 0:13:06  time: 0.7046  data_time: 0.0150  memory: 2151  
2024/12/06 05:11:33 - mmengine - INFO - Epoch(test) [4950/6019]    eta: 0:12:31  time: 0.6983  data_time: 0.0161  memory: 2151  
2024/12/06 05:12:08 - mmengine - INFO - Epoch(test) [5000/6019]    eta: 0:11:56  time: 0.7108  data_time: 0.0146  memory: 2150  
2024/12/06 05:12:43 - mmengine - INFO - Epoch(test) [5050/6019]    eta: 0:11:21  time: 0.6992  data_time: 0.0151  memory: 2151  
2024/12/06 05:13:18 - mmengine - INFO - Epoch(test) [5100/6019]    eta: 0:10:45  time: 0.6999  data_time: 0.0149  memory: 2151  
2024/12/06 05:13:55 - mmengine - INFO - Epoch(test) [5150/6019]    eta: 0:10:10  time: 0.7265  data_time: 0.0152  memory: 2150  
2024/12/06 05:14:30 - mmengine - INFO - Epoch(test) [5200/6019]    eta: 0:09:35  time: 0.6993  data_time: 0.0155  memory: 2151  
2024/12/06 05:15:05 - mmengine - INFO - Epoch(test) [5250/6019]    eta: 0:09:00  time: 0.7025  data_time: 0.0148  memory: 2151  
2024/12/06 05:15:40 - mmengine - INFO - Epoch(test) [5300/6019]    eta: 0:08:25  time: 0.6939  data_time: 0.0150  memory: 2150  
2024/12/06 05:16:14 - mmengine - INFO - Epoch(test) [5350/6019]    eta: 0:07:50  time: 0.6953  data_time: 0.0153  memory: 2150  
2024/12/06 05:16:49 - mmengine - INFO - Epoch(test) [5400/6019]    eta: 0:07:15  time: 0.7004  data_time: 0.0166  memory: 2151  
2024/12/06 05:17:24 - mmengine - INFO - Epoch(test) [5450/6019]    eta: 0:06:39  time: 0.6945  data_time: 0.0152  memory: 2151  
2024/12/06 05:17:59 - mmengine - INFO - Epoch(test) [5500/6019]    eta: 0:06:04  time: 0.7015  data_time: 0.0148  memory: 2152  
2024/12/06 05:18:34 - mmengine - INFO - Epoch(test) [5550/6019]    eta: 0:05:29  time: 0.7034  data_time: 0.0153  memory: 2152  
2024/12/06 05:19:10 - mmengine - INFO - Epoch(test) [5600/6019]    eta: 0:04:54  time: 0.7126  data_time: 0.0155  memory: 2152  
2024/12/06 05:19:46 - mmengine - INFO - Epoch(test) [5650/6019]    eta: 0:04:19  time: 0.7099  data_time: 0.0145  memory: 2152  
2024/12/06 05:20:21 - mmengine - INFO - Epoch(test) [5700/6019]    eta: 0:03:44  time: 0.7182  data_time: 0.0146  memory: 2152  
2024/12/06 05:20:57 - mmengine - INFO - Epoch(test) [5750/6019]    eta: 0:03:09  time: 0.7193  data_time: 0.0151  memory: 2151  
2024/12/06 05:21:33 - mmengine - INFO - Epoch(test) [5800/6019]    eta: 0:02:33  time: 0.7020  data_time: 0.0155  memory: 2151  
2024/12/06 05:22:08 - mmengine - INFO - Epoch(test) [5850/6019]    eta: 0:01:58  time: 0.7164  data_time: 0.0151  memory: 2151  
2024/12/06 05:22:45 - mmengine - INFO - Epoch(test) [5900/6019]    eta: 0:01:23  time: 0.7285  data_time: 0.0152  memory: 2152  
2024/12/06 05:23:21 - mmengine - INFO - Epoch(test) [5950/6019]    eta: 0:00:48  time: 0.7226  data_time: 0.0150  memory: 2151  
2024/12/06 05:23:56 - mmengine - INFO - Epoch(test) [6000/6019]    eta: 0:00:13  time: 0.6964  data_time: 0.0153  memory: 2151  
2024/12/06 05:51:25 - mmengine - INFO - Epoch(test) [6019/6019]    NuScenes metric/pred_instances_3d_NuScenes/car_AP_dist_0.5: 0.6747  NuScenes metric/pred_instances_3d_NuScenes/car_AP_dist_1.0: 0.7847  NuScenes metric/pred_instances_3d_NuScenes/car_AP_dist_2.0: 0.8291  NuScenes metric/pred_instances_3d_NuScenes/car_AP_dist_4.0: 0.8520  NuScenes metric/pred_instances_3d_NuScenes/car_trans_err: 0.1924  NuScenes metric/pred_instances_3d_NuScenes/car_scale_err: 0.1535  NuScenes metric/pred_instances_3d_NuScenes/car_orient_err: 0.1158  NuScenes metric/pred_instances_3d_NuScenes/car_vel_err: 0.3223  NuScenes metric/pred_instances_3d_NuScenes/car_attr_err: 0.2033  NuScenes metric/pred_instances_3d_NuScenes/mATE: 0.3040  NuScenes metric/pred_instances_3d_NuScenes/mASE: 0.2609  NuScenes metric/pred_instances_3d_NuScenes/mAOE: 0.3848  NuScenes metric/pred_instances_3d_NuScenes/mAVE: 0.3029  NuScenes metric/pred_instances_3d_NuScenes/mAAE: 0.1981  NuScenes metric/pred_instances_3d_NuScenes/truck_AP_dist_0.5: 0.3327  NuScenes metric/pred_instances_3d_NuScenes/truck_AP_dist_1.0: 0.5033  NuScenes metric/pred_instances_3d_NuScenes/truck_AP_dist_2.0: 0.6004  NuScenes metric/pred_instances_3d_NuScenes/truck_AP_dist_4.0: 0.6422  NuScenes metric/pred_instances_3d_NuScenes/truck_trans_err: 0.3582  NuScenes metric/pred_instances_3d_NuScenes/truck_scale_err: 0.1859  NuScenes metric/pred_instances_3d_NuScenes/truck_orient_err: 0.1231  NuScenes metric/pred_instances_3d_NuScenes/truck_vel_err: 0.2807  NuScenes metric/pred_instances_3d_NuScenes/truck_attr_err: 0.2343  NuScenes metric/pred_instances_3d_NuScenes/construction_vehicle_AP_dist_0.5: 0.0252  NuScenes metric/pred_instances_3d_NuScenes/construction_vehicle_AP_dist_1.0: 0.1432  NuScenes metric/pred_instances_3d_NuScenes/construction_vehicle_AP_dist_2.0: 0.2545  NuScenes metric/pred_instances_3d_NuScenes/construction_vehicle_AP_dist_4.0: 0.3399  NuScenes metric/pred_instances_3d_NuScenes/construction_vehicle_trans_err: 0.6699  NuScenes metric/pred_instances_3d_NuScenes/construction_vehicle_scale_err: 0.4556  NuScenes metric/pred_instances_3d_NuScenes/construction_vehicle_orient_err: 0.8956  NuScenes metric/pred_instances_3d_NuScenes/construction_vehicle_vel_err: 0.1227  NuScenes metric/pred_instances_3d_NuScenes/construction_vehicle_attr_err: 0.3228  NuScenes metric/pred_instances_3d_NuScenes/bus_AP_dist_0.5: 0.4074  NuScenes metric/pred_instances_3d_NuScenes/bus_AP_dist_1.0: 0.6649  NuScenes metric/pred_instances_3d_NuScenes/bus_AP_dist_2.0: 0.7874  NuScenes metric/pred_instances_3d_NuScenes/bus_AP_dist_4.0: 0.8070  NuScenes metric/pred_instances_3d_NuScenes/bus_trans_err: 0.3436  NuScenes metric/pred_instances_3d_NuScenes/bus_scale_err: 0.1818  NuScenes metric/pred_instances_3d_NuScenes/bus_orient_err: 0.0688  NuScenes metric/pred_instances_3d_NuScenes/bus_vel_err: 0.5131  NuScenes metric/pred_instances_3d_NuScenes/bus_attr_err: 0.2417  NuScenes metric/pred_instances_3d_NuScenes/trailer_AP_dist_0.5: 0.0916  NuScenes metric/pred_instances_3d_NuScenes/trailer_AP_dist_1.0: 0.3102  NuScenes metric/pred_instances_3d_NuScenes/trailer_AP_dist_2.0: 0.4626  NuScenes metric/pred_instances_3d_NuScenes/trailer_AP_dist_4.0: 0.5802  NuScenes metric/pred_instances_3d_NuScenes/trailer_trans_err: 0.5514  NuScenes metric/pred_instances_3d_NuScenes/trailer_scale_err: 0.2158  NuScenes metric/pred_instances_3d_NuScenes/trailer_orient_err: 0.7012  NuScenes metric/pred_instances_3d_NuScenes/trailer_vel_err: 0.2264  NuScenes metric/pred_instances_3d_NuScenes/trailer_attr_err: 0.1930  NuScenes metric/pred_instances_3d_NuScenes/barrier_AP_dist_0.5: 0.5311  NuScenes metric/pred_instances_3d_NuScenes/barrier_AP_dist_1.0: 0.6432  NuScenes metric/pred_instances_3d_NuScenes/barrier_AP_dist_2.0: 0.6881  NuScenes metric/pred_instances_3d_NuScenes/barrier_AP_dist_4.0: 0.7077  NuScenes metric/pred_instances_3d_NuScenes/barrier_trans_err: 0.2118  NuScenes metric/pred_instances_3d_NuScenes/barrier_scale_err: 0.2780  NuScenes metric/pred_instances_3d_NuScenes/barrier_orient_err: 0.0642  NuScenes metric/pred_instances_3d_NuScenes/barrier_vel_err: nan  NuScenes metric/pred_instances_3d_NuScenes/barrier_attr_err: nan  NuScenes metric/pred_instances_3d_NuScenes/motorcycle_AP_dist_0.5: 0.3668  NuScenes metric/pred_instances_3d_NuScenes/motorcycle_AP_dist_1.0: 0.4449  NuScenes metric/pred_instances_3d_NuScenes/motorcycle_AP_dist_2.0: 0.4653  NuScenes metric/pred_instances_3d_NuScenes/motorcycle_AP_dist_4.0: 0.4777  NuScenes metric/pred_instances_3d_NuScenes/motorcycle_trans_err: 0.2174  NuScenes metric/pred_instances_3d_NuScenes/motorcycle_scale_err: 0.2457  NuScenes metric/pred_instances_3d_NuScenes/motorcycle_orient_err: 0.3992  NuScenes metric/pred_instances_3d_NuScenes/motorcycle_vel_err: 0.4387  NuScenes metric/pred_instances_3d_NuScenes/motorcycle_attr_err: 0.2480  NuScenes metric/pred_instances_3d_NuScenes/bicycle_AP_dist_0.5: 0.2783  NuScenes metric/pred_instances_3d_NuScenes/bicycle_AP_dist_1.0: 0.2958  NuScenes metric/pred_instances_3d_NuScenes/bicycle_AP_dist_2.0: 0.2991  NuScenes metric/pred_instances_3d_NuScenes/bicycle_AP_dist_4.0: 0.3065  NuScenes metric/pred_instances_3d_NuScenes/bicycle_trans_err: 0.1846  NuScenes metric/pred_instances_3d_NuScenes/bicycle_scale_err: 0.2698  NuScenes metric/pred_instances_3d_NuScenes/bicycle_orient_err: 0.6287  NuScenes metric/pred_instances_3d_NuScenes/bicycle_vel_err: 0.2477  NuScenes metric/pred_instances_3d_NuScenes/bicycle_attr_err: 0.0081  NuScenes metric/pred_instances_3d_NuScenes/pedestrian_AP_dist_0.5: 0.6938  NuScenes metric/pred_instances_3d_NuScenes/pedestrian_AP_dist_1.0: 0.7139  NuScenes metric/pred_instances_3d_NuScenes/pedestrian_AP_dist_2.0: 0.7312  NuScenes metric/pred_instances_3d_NuScenes/pedestrian_AP_dist_4.0: 0.7522  NuScenes metric/pred_instances_3d_NuScenes/pedestrian_trans_err: 0.1563  NuScenes metric/pred_instances_3d_NuScenes/pedestrian_scale_err: 0.2848  NuScenes metric/pred_instances_3d_NuScenes/pedestrian_orient_err: 0.4669  NuScenes metric/pred_instances_3d_NuScenes/pedestrian_vel_err: 0.2717  NuScenes metric/pred_instances_3d_NuScenes/pedestrian_attr_err: 0.1335  NuScenes metric/pred_instances_3d_NuScenes/traffic_cone_AP_dist_0.5: 0.5444  NuScenes metric/pred_instances_3d_NuScenes/traffic_cone_AP_dist_1.0: 0.5655  NuScenes metric/pred_instances_3d_NuScenes/traffic_cone_AP_dist_2.0: 0.5934  NuScenes metric/pred_instances_3d_NuScenes/traffic_cone_AP_dist_4.0: 0.6385  NuScenes metric/pred_instances_3d_NuScenes/traffic_cone_trans_err: 0.1540  NuScenes metric/pred_instances_3d_NuScenes/traffic_cone_scale_err: 0.3378  NuScenes metric/pred_instances_3d_NuScenes/traffic_cone_orient_err: nan  NuScenes metric/pred_instances_3d_NuScenes/traffic_cone_vel_err: nan  NuScenes metric/pred_instances_3d_NuScenes/traffic_cone_attr_err: nan  NuScenes metric/pred_instances_3d_NuScenes/NDS: 0.6153  NuScenes metric/pred_instances_3d_NuScenes/mAP: 0.5208  data_time: 0.0155  time: 0.7035
