2024/12/06 22:23:59 - mmengine - INFO - 
------------------------------------------------------------
System environment:
    sys.platform: linux
    Python: 3.8.10 (default, Jul 29 2024, 17:02:10) [GCC 9.4.0]
    CUDA available: True
    MUSA available: False
    numpy_random_seed: 1682105753
    GPU 0: Xavier
    CUDA_HOME: /usr/local/cuda-11.4
    NVCC: Cuda compilation tools, release 11.4, V11.4.315
    GCC: aarch64-linux-gnu-gcc (Ubuntu 9.4.0-1ubuntu1~20.04.2) 9.4.0
    PyTorch: 1.11.0
    PyTorch compiling details: PyTorch built with:
  - GCC 9.4
  - C++ Version: 201402
  - OpenMP 201511 (a.k.a. OpenMP 4.5)
  - LAPACK is enabled (usually provided by MKL)
  - NNPACK is enabled
  - CPU capability usage: NO AVX
  - CUDA Runtime 11.4
  - NVCC architecture flags: -gencode;arch=compute_72,code=sm_72;-gencode;arch=compute_87,code=sm_87
  - CuDNN 8.6
    - Built with CuDNN 8.3.2
  - Build settings: BLAS_INFO=open, BUILD_TYPE=Release, CUDA_VERSION=11.4, CUDNN_VERSION=8.3.2, CXX_COMPILER=/usr/bin/c++, CXX_FLAGS= -Wno-deprecated -fvisibility-inlines-hidden -DUSE_PTHREADPOOL -fopenmp -DNDEBUG -DUSE_KINETO -DLIBKINETO_NOCUPTI -DUSE_XNNPACK -DSYMBOLICATE_MOBILE_DEBUG_HANDLE -DEDGE_PROFILER_USE_KINETO -O2 -fPIC -Wno-narrowing -Wall -Wextra -Werror=return-type -Wno-missing-field-initializers -Wno-type-limits -Wno-array-bounds -Wno-unknown-pragmas -Wno-sign-compare -Wno-unused-parameter -Wno-unused-function -Wno-unused-result -Wno-unused-local-typedefs -Wno-strict-overflow -Wno-strict-aliasing -Wno-error=deprecated-declarations -Wno-stringop-overflow -Wno-psabi -Wno-error=pedantic -Wno-error=redundant-decls -Wno-error=old-style-cast -fdiagnostics-color=always -faligned-new -Wno-unused-but-set-variable -Wno-maybe-uninitialized -fno-math-errno -fno-trapping-math -Werror=format -Werror=cast-function-type -Wno-stringop-overflow, FORCE_FALLBACK_CUDA_MPI=1, LAPACK_INFO=open, TORCH_VERSION=1.11.0, USE_CUDA=ON, USE_CUDNN=ON, USE_EIGEN_FOR_BLAS=ON, USE_EXCEPTION_PTR=1, USE_GFLAGS=OFF, USE_GLOG=OFF, USE_MKL=OFF, USE_MKLDNN=OFF, USE_MPI=ON, USE_NCCL=0, USE_NNPACK=ON, USE_OPENMP=ON, USE_ROCM=OFF, 

    TorchVision: 0.12.0
    OpenCV: 4.10.0
    MMEngine: 0.10.5

Runtime environment:
    cudnn_benchmark: False
    mp_cfg: {'mp_start_method': 'fork', 'opencv_num_threads': 0}
    dist_cfg: {'backend': 'nccl'}
    seed: 1682105753
    Distributed launcher: none
    Distributed training: False
    GPU number: 1
------------------------------------------------------------

2024/12/06 22:24:02 - mmengine - INFO - Config:
auto_scale_lr = dict(base_batch_size=32, enable=False)
backend_args = None
class_names = [
    'car',
    'truck',
    'construction_vehicle',
    'bus',
    'trailer',
    'barrier',
    'motorcycle',
    'bicycle',
    'pedestrian',
    'traffic_cone',
]
custom_hooks = [
    dict(disable_after_epoch=15, type='DisableObjectSampleHook'),
]
custom_imports = dict(
    allow_failed_imports=False, imports=[
        'projects.BEVFusion.bevfusion',
    ])
data_prefix = dict(
    CAM_BACK='samples/CAM_BACK',
    CAM_BACK_LEFT='samples/CAM_BACK_LEFT',
    CAM_BACK_RIGHT='samples/CAM_BACK_RIGHT',
    CAM_FRONT='samples/CAM_FRONT',
    CAM_FRONT_LEFT='samples/CAM_FRONT_LEFT',
    CAM_FRONT_RIGHT='samples/CAM_FRONT_RIGHT',
    pts='samples/LIDAR_TOP',
    sweeps='sweeps/LIDAR_TOP')
data_root = '/media/xavier02/Sparkles1/nuscenes/'
dataset_type = 'NuScenesDataset'
db_sampler = dict(
    classes=[
        'car',
        'truck',
        'construction_vehicle',
        'bus',
        'trailer',
        'barrier',
        'motorcycle',
        'bicycle',
        'pedestrian',
        'traffic_cone',
    ],
    data_root='/media/xavier02/Sparkles1/nuscenes/',
    info_path='/media/xavier02/Sparkles1/nuscenes/nuscenes_dbinfos_train.pkl',
    points_loader=dict(
        backend_args=None,
        coord_type='LIDAR',
        load_dim=5,
        type='LoadPointsFromFile',
        use_dim=[
            0,
            1,
            2,
            3,
            4,
        ]),
    prepare=dict(
        filter_by_difficulty=[
            -1,
        ],
        filter_by_min_points=dict(
            barrier=5,
            bicycle=5,
            bus=5,
            car=5,
            construction_vehicle=5,
            motorcycle=5,
            pedestrian=5,
            traffic_cone=5,
            trailer=5,
            truck=5)),
    rate=1.0,
    sample_groups=dict(
        barrier=2,
        bicycle=6,
        bus=4,
        car=2,
        construction_vehicle=7,
        motorcycle=6,
        pedestrian=2,
        traffic_cone=2,
        trailer=6,
        truck=3))
default_hooks = dict(
    checkpoint=dict(interval=5, type='CheckpointHook'),
    logger=dict(interval=50, type='LoggerHook'),
    param_scheduler=dict(type='ParamSchedulerHook'),
    sampler_seed=dict(type='DistSamplerSeedHook'),
    timer=dict(type='IterTimerHook'),
    visualization=dict(type='Det3DVisualizationHook'))
default_scope = 'mmdet3d'
env_cfg = dict(
    cudnn_benchmark=False,
    dist_cfg=dict(backend='nccl'),
    mp_cfg=dict(mp_start_method='fork', opencv_num_threads=0))
input_modality = dict(use_camera=False, use_lidar=True)
launcher = 'none'
load_from = 'projects/BEVFusion/configs/MMCV_Lidar_own.pth'
log_level = 'INFO'
log_processor = dict(by_epoch=True, type='LogProcessor', window_size=50)
lr = 0.0001
metainfo = dict(classes=[
    'car',
    'truck',
    'construction_vehicle',
    'bus',
    'trailer',
    'barrier',
    'motorcycle',
    'bicycle',
    'pedestrian',
    'traffic_cone',
])
model = dict(
    bbox_head=dict(
        auxiliary=True,
        bbox_coder=dict(
            code_size=10,
            out_size_factor=8,
            pc_range=[
                -54.0,
                -54.0,
            ],
            post_center_range=[
                -61.2,
                -61.2,
                -10.0,
                61.2,
                61.2,
                10.0,
            ],
            score_threshold=0.0,
            type='TransFusionBBoxCoder',
            voxel_size=[
                0.075,
                0.075,
            ]),
        bn_momentum=0.1,
        common_heads=dict(
            center=[
                2,
                2,
            ],
            dim=[
                3,
                2,
            ],
            height=[
                1,
                2,
            ],
            rot=[
                2,
                2,
            ],
            vel=[
                2,
                2,
            ]),
        decoder_layer=dict(
            cross_attn_cfg=dict(dropout=0.1, embed_dims=128, num_heads=8),
            ffn_cfg=dict(
                act_cfg=dict(inplace=True, type='ReLU'),
                embed_dims=128,
                feedforward_channels=256,
                ffn_drop=0.1,
                num_fcs=2),
            norm_cfg=dict(type='LN'),
            pos_encoding_cfg=dict(input_channel=2, num_pos_feats=128),
            self_attn_cfg=dict(dropout=0.1, embed_dims=128, num_heads=8),
            type='TransformerDecoderLayer'),
        hidden_channel=128,
        in_channels=512,
        loss_bbox=dict(
            loss_weight=0.25, reduction='mean', type='mmdet.L1Loss'),
        loss_cls=dict(
            alpha=0.25,
            gamma=2.0,
            loss_weight=1.0,
            reduction='mean',
            type='mmdet.FocalLoss',
            use_sigmoid=True),
        loss_heatmap=dict(
            loss_weight=1.0, reduction='mean', type='mmdet.GaussianFocalLoss'),
        nms_kernel_size=3,
        num_classes=10,
        num_decoder_layers=1,
        num_proposals=200,
        test_cfg=dict(
            dataset='nuScenes',
            grid_size=[
                1440,
                1440,
                41,
            ],
            nms_type=None,
            out_size_factor=8,
            pc_range=[
                -54.0,
                -54.0,
            ],
            voxel_size=[
                0.075,
                0.075,
            ]),
        train_cfg=dict(
            assigner=dict(
                cls_cost=dict(
                    alpha=0.25,
                    gamma=2.0,
                    type='mmdet.FocalLossCost',
                    weight=0.15),
                iou_calculator=dict(coordinate='lidar', type='BboxOverlaps3D'),
                iou_cost=dict(type='IoU3DCost', weight=0.25),
                reg_cost=dict(type='BBoxBEVL1Cost', weight=0.25),
                type='HungarianAssigner3D'),
            code_weights=[
                1.0,
                1.0,
                1.0,
                1.0,
                1.0,
                1.0,
                1.0,
                1.0,
                0.2,
                0.2,
            ],
            dataset='nuScenes',
            gaussian_overlap=0.1,
            grid_size=[
                1440,
                1440,
                41,
            ],
            min_radius=2,
            out_size_factor=8,
            point_cloud_range=[
                -54.0,
                -54.0,
                -5.0,
                54.0,
                54.0,
                3.0,
            ],
            pos_weight=-1,
            voxel_size=[
                0.075,
                0.075,
                0.2,
            ]),
        type='TransFusionHead'),
    data_preprocessor=dict(
        pad_size_divisor=32,
        type='Det3DDataPreprocessor',
        voxelize_cfg=dict(
            max_num_points=10,
            max_voxels=[
                120000,
                160000,
            ],
            point_cloud_range=[
                -54.0,
                -54.0,
                -5.0,
                54.0,
                54.0,
                3.0,
            ],
            voxel_size=[
                0.075,
                0.075,
                0.2,
            ],
            voxelize_reduce=True)),
    pts_backbone=dict(
        conv_cfg=dict(bias=False, type='Conv2d'),
        in_channels=256,
        layer_nums=[
            5,
            5,
        ],
        layer_strides=[
            1,
            2,
        ],
        norm_cfg=dict(eps=0.001, momentum=0.01, type='BN'),
        out_channels=[
            128,
            256,
        ],
        type='SECOND'),
    pts_middle_encoder=dict(
        block_type='basicblock',
        encoder_channels=(
            (
                16,
                16,
                32,
            ),
            (
                32,
                32,
                64,
            ),
            (
                64,
                64,
                128,
            ),
            (
                128,
                128,
            ),
        ),
        encoder_paddings=(
            (
                0,
                0,
                1,
            ),
            (
                0,
                0,
                1,
            ),
            (
                0,
                0,
                (
                    1,
                    1,
                    0,
                ),
            ),
            (
                0,
                0,
            ),
        ),
        in_channels=5,
        norm_cfg=dict(eps=0.001, momentum=0.01, type='BN1d'),
        order=(
            'conv',
            'norm',
            'act',
        ),
        sparse_shape=[
            1440,
            1440,
            41,
        ],
        type='BEVFusionSparseEncoder'),
    pts_neck=dict(
        in_channels=[
            128,
            256,
        ],
        norm_cfg=dict(eps=0.001, momentum=0.01, type='BN'),
        out_channels=[
            256,
            256,
        ],
        type='SECONDFPN',
        upsample_cfg=dict(bias=False, type='deconv'),
        upsample_strides=[
            1,
            2,
        ],
        use_conv_for_no_stride=True),
    pts_voxel_encoder=dict(num_features=5, type='HardSimpleVFE'),
    type='BEVFusion')
optim_wrapper = dict(
    clip_grad=dict(max_norm=35, norm_type=2),
    optimizer=dict(lr=0.0001, type='AdamW', weight_decay=0.01),
    type='OptimWrapper')
param_scheduler = [
    dict(
        T_max=8,
        begin=0,
        by_epoch=True,
        convert_to_iter_based=True,
        end=8,
        eta_min=0.001,
        type='CosineAnnealingLR'),
    dict(
        T_max=12,
        begin=8,
        by_epoch=True,
        convert_to_iter_based=True,
        end=20,
        eta_min=1e-08,
        type='CosineAnnealingLR'),
    dict(
        T_max=8,
        begin=0,
        by_epoch=True,
        convert_to_iter_based=True,
        end=8,
        eta_min=0.8947368421052632,
        type='CosineAnnealingMomentum'),
    dict(
        T_max=12,
        begin=8,
        by_epoch=True,
        convert_to_iter_based=True,
        end=20,
        eta_min=1,
        type='CosineAnnealingMomentum'),
]
point_cloud_range = [
    -54.0,
    -54.0,
    -5.0,
    54.0,
    54.0,
    3.0,
]
resume = False
test_cfg = dict()
test_dataloader = dict(
    batch_size=1,
    dataset=dict(
        ann_file='nuscenes_infos_val.pkl',
        backend_args=None,
        box_type_3d='LiDAR',
        data_prefix=dict(
            CAM_BACK='samples/CAM_BACK',
            CAM_BACK_LEFT='samples/CAM_BACK_LEFT',
            CAM_BACK_RIGHT='samples/CAM_BACK_RIGHT',
            CAM_FRONT='samples/CAM_FRONT',
            CAM_FRONT_LEFT='samples/CAM_FRONT_LEFT',
            CAM_FRONT_RIGHT='samples/CAM_FRONT_RIGHT',
            pts='samples/LIDAR_TOP',
            sweeps='sweeps/LIDAR_TOP'),
        data_root='/media/xavier02/Sparkles1/nuscenes/',
        metainfo=dict(classes=[
            'car',
            'truck',
            'construction_vehicle',
            'bus',
            'trailer',
            'barrier',
            'motorcycle',
            'bicycle',
            'pedestrian',
            'traffic_cone',
        ]),
        modality=dict(use_camera=False, use_lidar=True),
        pipeline=[
            dict(
                backend_args=None,
                coord_type='LIDAR',
                load_dim=5,
                type='LoadPointsFromFile',
                use_dim=5),
            dict(
                backend_args=None,
                load_dim=5,
                pad_empty_sweeps=True,
                remove_close=True,
                sweeps_num=2,
                type='LoadPointsFromMultiSweeps',
                use_dim=5),
            dict(
                point_cloud_range=[
                    -54.0,
                    -54.0,
                    -5.0,
                    54.0,
                    54.0,
                    3.0,
                ],
                type='PointsRangeFilter'),
            dict(
                keys=[
                    'img',
                    'points',
                    'gt_bboxes_3d',
                    'gt_labels_3d',
                ],
                meta_keys=[
                    'cam2img',
                    'ori_cam2img',
                    'lidar2cam',
                    'lidar2img',
                    'cam2lidar',
                    'ori_lidar2img',
                    'img_aug_matrix',
                    'box_type_3d',
                    'sample_idx',
                    'lidar_path',
                    'img_path',
                    'num_pts_feats',
                    'num_views',
                ],
                type='Pack3DDetInputs'),
        ],
        test_mode=True,
        type='NuScenesDataset'),
    drop_last=False,
    num_workers=4,
    persistent_workers=True,
    sampler=dict(shuffle=False, type='DefaultSampler'))
test_evaluator = dict(
    ann_file='/media/xavier02/Sparkles1/nuscenes/nuscenes_infos_val.pkl',
    backend_args=None,
    data_root='/media/xavier02/Sparkles1/nuscenes/',
    metric='bbox',
    type='NuScenesMetric')
test_pipeline = [
    dict(
        backend_args=None,
        coord_type='LIDAR',
        load_dim=5,
        type='LoadPointsFromFile',
        use_dim=5),
    dict(
        backend_args=None,
        load_dim=5,
        pad_empty_sweeps=True,
        remove_close=True,
        sweeps_num=2,
        type='LoadPointsFromMultiSweeps',
        use_dim=5),
    dict(
        point_cloud_range=[
            -54.0,
            -54.0,
            -5.0,
            54.0,
            54.0,
            3.0,
        ],
        type='PointsRangeFilter'),
    dict(
        keys=[
            'img',
            'points',
            'gt_bboxes_3d',
            'gt_labels_3d',
        ],
        meta_keys=[
            'cam2img',
            'ori_cam2img',
            'lidar2cam',
            'lidar2img',
            'cam2lidar',
            'ori_lidar2img',
            'img_aug_matrix',
            'box_type_3d',
            'sample_idx',
            'lidar_path',
            'img_path',
            'num_pts_feats',
            'num_views',
        ],
        type='Pack3DDetInputs'),
]
train_cfg = dict(by_epoch=True, max_epochs=20, val_interval=5)
train_dataloader = dict(
    batch_size=1,
    dataset=dict(
        dataset=dict(
            ann_file='nuscenes_infos_train.pkl',
            box_type_3d='LiDAR',
            data_prefix=dict(
                CAM_BACK='samples/CAM_BACK',
                CAM_BACK_LEFT='samples/CAM_BACK_LEFT',
                CAM_BACK_RIGHT='samples/CAM_BACK_RIGHT',
                CAM_FRONT='samples/CAM_FRONT',
                CAM_FRONT_LEFT='samples/CAM_FRONT_LEFT',
                CAM_FRONT_RIGHT='samples/CAM_FRONT_RIGHT',
                pts='samples/LIDAR_TOP',
                sweeps='sweeps/LIDAR_TOP'),
            data_root='/media/xavier02/Sparkles1/nuscenes/',
            metainfo=dict(classes=[
                'car',
                'truck',
                'construction_vehicle',
                'bus',
                'trailer',
                'barrier',
                'motorcycle',
                'bicycle',
                'pedestrian',
                'traffic_cone',
            ]),
            modality=dict(use_camera=False, use_lidar=True),
            pipeline=[
                dict(
                    backend_args=None,
                    coord_type='LIDAR',
                    load_dim=5,
                    type='LoadPointsFromFile',
                    use_dim=5),
                dict(
                    backend_args=None,
                    load_dim=5,
                    pad_empty_sweeps=True,
                    remove_close=True,
                    sweeps_num=9,
                    type='LoadPointsFromMultiSweeps',
                    use_dim=5),
                dict(
                    type='LoadAnnotations3D',
                    with_attr_label=False,
                    with_bbox_3d=True,
                    with_label_3d=True),
                dict(
                    db_sampler=dict(
                        classes=[
                            'car',
                            'truck',
                            'construction_vehicle',
                            'bus',
                            'trailer',
                            'barrier',
                            'motorcycle',
                            'bicycle',
                            'pedestrian',
                            'traffic_cone',
                        ],
                        data_root='/media/xavier02/Sparkles1/nuscenes/',
                        info_path=
                        '/media/xavier02/Sparkles1/nuscenes/nuscenes_dbinfos_train.pkl',
                        points_loader=dict(
                            backend_args=None,
                            coord_type='LIDAR',
                            load_dim=5,
                            type='LoadPointsFromFile',
                            use_dim=[
                                0,
                                1,
                                2,
                                3,
                                4,
                            ]),
                        prepare=dict(
                            filter_by_difficulty=[
                                -1,
                            ],
                            filter_by_min_points=dict(
                                barrier=5,
                                bicycle=5,
                                bus=5,
                                car=5,
                                construction_vehicle=5,
                                motorcycle=5,
                                pedestrian=5,
                                traffic_cone=5,
                                trailer=5,
                                truck=5)),
                        rate=1.0,
                        sample_groups=dict(
                            barrier=2,
                            bicycle=6,
                            bus=4,
                            car=2,
                            construction_vehicle=7,
                            motorcycle=6,
                            pedestrian=2,
                            traffic_cone=2,
                            trailer=6,
                            truck=3)),
                    type='ObjectSample'),
                dict(
                    rot_range=[
                        -0.78539816,
                        0.78539816,
                    ],
                    scale_ratio_range=[
                        0.9,
                        1.1,
                    ],
                    translation_std=0.5,
                    type='GlobalRotScaleTrans'),
                dict(type='BEVFusionRandomFlip3D'),
                dict(
                    point_cloud_range=[
                        -54.0,
                        -54.0,
                        -5.0,
                        54.0,
                        54.0,
                        3.0,
                    ],
                    type='PointsRangeFilter'),
                dict(
                    point_cloud_range=[
                        -54.0,
                        -54.0,
                        -5.0,
                        54.0,
                        54.0,
                        3.0,
                    ],
                    type='ObjectRangeFilter'),
                dict(
                    classes=[
                        'car',
                        'truck',
                        'construction_vehicle',
                        'bus',
                        'trailer',
                        'barrier',
                        'motorcycle',
                        'bicycle',
                        'pedestrian',
                        'traffic_cone',
                    ],
                    type='ObjectNameFilter'),
                dict(type='PointShuffle'),
                dict(
                    keys=[
                        'points',
                        'img',
                        'gt_bboxes_3d',
                        'gt_labels_3d',
                        'gt_bboxes',
                        'gt_labels',
                    ],
                    meta_keys=[
                        'cam2img',
                        'ori_cam2img',
                        'lidar2cam',
                        'lidar2img',
                        'cam2lidar',
                        'ori_lidar2img',
                        'img_aug_matrix',
                        'box_type_3d',
                        'sample_idx',
                        'lidar_path',
                        'img_path',
                        'transformation_3d_flow',
                        'pcd_rotation',
                        'pcd_scale_factor',
                        'pcd_trans',
                        'img_aug_matrix',
                        'lidar_aug_matrix',
                    ],
                    type='Pack3DDetInputs'),
            ],
            test_mode=False,
            type='NuScenesDataset',
            use_valid_flag=True),
        type='CBGSDataset'),
    num_workers=1,
    persistent_workers=True,
    sampler=dict(shuffle=True, type='DefaultSampler'))
train_pipeline = [
    dict(
        backend_args=None,
        coord_type='LIDAR',
        load_dim=5,
        type='LoadPointsFromFile',
        use_dim=5),
    dict(
        backend_args=None,
        load_dim=5,
        pad_empty_sweeps=True,
        remove_close=True,
        sweeps_num=9,
        type='LoadPointsFromMultiSweeps',
        use_dim=5),
    dict(
        type='LoadAnnotations3D',
        with_attr_label=False,
        with_bbox_3d=True,
        with_label_3d=True),
    dict(
        db_sampler=dict(
            classes=[
                'car',
                'truck',
                'construction_vehicle',
                'bus',
                'trailer',
                'barrier',
                'motorcycle',
                'bicycle',
                'pedestrian',
                'traffic_cone',
            ],
            data_root='/media/xavier02/Sparkles1/nuscenes/',
            info_path=
            '/media/xavier02/Sparkles1/nuscenes/nuscenes_dbinfos_train.pkl',
            points_loader=dict(
                backend_args=None,
                coord_type='LIDAR',
                load_dim=5,
                type='LoadPointsFromFile',
                use_dim=[
                    0,
                    1,
                    2,
                    3,
                    4,
                ]),
            prepare=dict(
                filter_by_difficulty=[
                    -1,
                ],
                filter_by_min_points=dict(
                    barrier=5,
                    bicycle=5,
                    bus=5,
                    car=5,
                    construction_vehicle=5,
                    motorcycle=5,
                    pedestrian=5,
                    traffic_cone=5,
                    trailer=5,
                    truck=5)),
            rate=1.0,
            sample_groups=dict(
                barrier=2,
                bicycle=6,
                bus=4,
                car=2,
                construction_vehicle=7,
                motorcycle=6,
                pedestrian=2,
                traffic_cone=2,
                trailer=6,
                truck=3)),
        type='ObjectSample'),
    dict(
        rot_range=[
            -0.78539816,
            0.78539816,
        ],
        scale_ratio_range=[
            0.9,
            1.1,
        ],
        translation_std=0.5,
        type='GlobalRotScaleTrans'),
    dict(type='BEVFusionRandomFlip3D'),
    dict(
        point_cloud_range=[
            -54.0,
            -54.0,
            -5.0,
            54.0,
            54.0,
            3.0,
        ],
        type='PointsRangeFilter'),
    dict(
        point_cloud_range=[
            -54.0,
            -54.0,
            -5.0,
            54.0,
            54.0,
            3.0,
        ],
        type='ObjectRangeFilter'),
    dict(
        classes=[
            'car',
            'truck',
            'construction_vehicle',
            'bus',
            'trailer',
            'barrier',
            'motorcycle',
            'bicycle',
            'pedestrian',
            'traffic_cone',
        ],
        type='ObjectNameFilter'),
    dict(type='PointShuffle'),
    dict(
        keys=[
            'points',
            'img',
            'gt_bboxes_3d',
            'gt_labels_3d',
            'gt_bboxes',
            'gt_labels',
        ],
        meta_keys=[
            'cam2img',
            'ori_cam2img',
            'lidar2cam',
            'lidar2img',
            'cam2lidar',
            'ori_lidar2img',
            'img_aug_matrix',
            'box_type_3d',
            'sample_idx',
            'lidar_path',
            'img_path',
            'transformation_3d_flow',
            'pcd_rotation',
            'pcd_scale_factor',
            'pcd_trans',
            'img_aug_matrix',
            'lidar_aug_matrix',
        ],
        type='Pack3DDetInputs'),
]
val_cfg = dict()
val_dataloader = dict(
    batch_size=1,
    dataset=dict(
        ann_file='nuscenes_infos_val.pkl',
        backend_args=None,
        box_type_3d='LiDAR',
        data_prefix=dict(
            CAM_BACK='samples/CAM_BACK',
            CAM_BACK_LEFT='samples/CAM_BACK_LEFT',
            CAM_BACK_RIGHT='samples/CAM_BACK_RIGHT',
            CAM_FRONT='samples/CAM_FRONT',
            CAM_FRONT_LEFT='samples/CAM_FRONT_LEFT',
            CAM_FRONT_RIGHT='samples/CAM_FRONT_RIGHT',
            pts='samples/LIDAR_TOP',
            sweeps='sweeps/LIDAR_TOP'),
        data_root='/media/xavier02/Sparkles1/nuscenes/',
        metainfo=dict(classes=[
            'car',
            'truck',
            'construction_vehicle',
            'bus',
            'trailer',
            'barrier',
            'motorcycle',
            'bicycle',
            'pedestrian',
            'traffic_cone',
        ]),
        modality=dict(use_camera=False, use_lidar=True),
        pipeline=[
            dict(
                backend_args=None,
                coord_type='LIDAR',
                load_dim=5,
                type='LoadPointsFromFile',
                use_dim=5),
            dict(
                backend_args=None,
                load_dim=5,
                pad_empty_sweeps=True,
                remove_close=True,
                sweeps_num=2,
                type='LoadPointsFromMultiSweeps',
                use_dim=5),
            dict(
                point_cloud_range=[
                    -54.0,
                    -54.0,
                    -5.0,
                    54.0,
                    54.0,
                    3.0,
                ],
                type='PointsRangeFilter'),
            dict(
                keys=[
                    'img',
                    'points',
                    'gt_bboxes_3d',
                    'gt_labels_3d',
                ],
                meta_keys=[
                    'cam2img',
                    'ori_cam2img',
                    'lidar2cam',
                    'lidar2img',
                    'cam2lidar',
                    'ori_lidar2img',
                    'img_aug_matrix',
                    'box_type_3d',
                    'sample_idx',
                    'lidar_path',
                    'img_path',
                    'num_pts_feats',
                    'num_views',
                ],
                type='Pack3DDetInputs'),
        ],
        test_mode=True,
        type='NuScenesDataset'),
    drop_last=False,
    num_workers=4,
    persistent_workers=True,
    sampler=dict(shuffle=False, type='DefaultSampler'))
val_evaluator = dict(
    ann_file='/media/xavier02/Sparkles1/nuscenes/nuscenes_infos_val.pkl',
    backend_args=None,
    data_root='/media/xavier02/Sparkles1/nuscenes/',
    metric='bbox',
    type='NuScenesMetric')
vis_backends = [
    dict(type='LocalVisBackend'),
]
visualizer = dict(
    name='visualizer',
    type='Det3DLocalVisualizer',
    vis_backends=[
        dict(type='LocalVisBackend'),
    ])
voxel_size = [
    0.075,
    0.075,
    0.2,
]
work_dir = './work_dirs/bevfusion_lidar_voxel0075_2sweeps'

2024/12/06 22:24:10 - mmengine - INFO - Distributed training is not used, all SyncBatchNorm (SyncBN) layers in the model will be automatically reverted to BatchNormXd layers if they are used.
2024/12/06 22:24:10 - mmengine - INFO - Hooks will be executed in the following order:
before_run:
(VERY_HIGH   ) RuntimeInfoHook                    
(BELOW_NORMAL) LoggerHook                         
 -------------------- 
before_train:
(VERY_HIGH   ) RuntimeInfoHook                    
(NORMAL      ) IterTimerHook                      
(VERY_LOW    ) CheckpointHook                     
 -------------------- 
before_train_epoch:
(VERY_HIGH   ) RuntimeInfoHook                    
(NORMAL      ) IterTimerHook                      
(NORMAL      ) DistSamplerSeedHook                
(NORMAL      ) DisableObjectSampleHook            
 -------------------- 
before_train_iter:
(VERY_HIGH   ) RuntimeInfoHook                    
(NORMAL      ) IterTimerHook                      
 -------------------- 
after_train_iter:
(VERY_HIGH   ) RuntimeInfoHook                    
(NORMAL      ) IterTimerHook                      
(BELOW_NORMAL) LoggerHook                         
(LOW         ) ParamSchedulerHook                 
(VERY_LOW    ) CheckpointHook                     
 -------------------- 
after_train_epoch:
(NORMAL      ) IterTimerHook                      
(LOW         ) ParamSchedulerHook                 
(VERY_LOW    ) CheckpointHook                     
 -------------------- 
before_val:
(VERY_HIGH   ) RuntimeInfoHook                    
 -------------------- 
before_val_epoch:
(NORMAL      ) IterTimerHook                      
 -------------------- 
before_val_iter:
(NORMAL      ) IterTimerHook                      
 -------------------- 
after_val_iter:
(NORMAL      ) IterTimerHook                      
(NORMAL      ) Det3DVisualizationHook             
(BELOW_NORMAL) LoggerHook                         
 -------------------- 
after_val_epoch:
(VERY_HIGH   ) RuntimeInfoHook                    
(NORMAL      ) IterTimerHook                      
(BELOW_NORMAL) LoggerHook                         
(LOW         ) ParamSchedulerHook                 
(VERY_LOW    ) CheckpointHook                     
 -------------------- 
after_val:
(VERY_HIGH   ) RuntimeInfoHook                    
 -------------------- 
after_train:
(VERY_HIGH   ) RuntimeInfoHook                    
(VERY_LOW    ) CheckpointHook                     
 -------------------- 
before_test:
(VERY_HIGH   ) RuntimeInfoHook                    
 -------------------- 
before_test_epoch:
(NORMAL      ) IterTimerHook                      
 -------------------- 
before_test_iter:
(NORMAL      ) IterTimerHook                      
 -------------------- 
after_test_iter:
(NORMAL      ) IterTimerHook                      
(NORMAL      ) Det3DVisualizationHook             
(BELOW_NORMAL) LoggerHook                         
 -------------------- 
after_test_epoch:
(VERY_HIGH   ) RuntimeInfoHook                    
(NORMAL      ) IterTimerHook                      
(BELOW_NORMAL) LoggerHook                         
 -------------------- 
after_test:
(VERY_HIGH   ) RuntimeInfoHook                    
 -------------------- 
after_run:
(BELOW_NORMAL) LoggerHook                         
 -------------------- 
2024/12/06 22:24:48 - mmengine - INFO - ------------------------------
2024/12/06 22:24:48 - mmengine - INFO - The length of test dataset: 6019
2024/12/06 22:24:48 - mmengine - INFO - The number of instances per category in the dataset:
+----------------------+--------+
| category             | number |
+----------------------+--------+
| car                  | 80004  |
| truck                | 15704  |
| construction_vehicle | 2678   |
| bus                  | 3158   |
| trailer              | 4159   |
| barrier              | 26992  |
| motorcycle           | 2508   |
| bicycle              | 2381   |
| pedestrian           | 34347  |
| traffic_cone         | 15597  |
+----------------------+--------+
2024/12/06 22:24:52 - mmengine - INFO - Load checkpoint from projects/BEVFusion/configs/MMCV_Lidar_own.pth
2024/12/06 22:25:11 - mmengine - INFO - Epoch(test) [  50/6019]    eta: 0:37:21  time: 0.3755  data_time: 0.0109  memory: 428  
2024/12/06 22:25:27 - mmengine - INFO - Epoch(test) [ 100/6019]    eta: 0:34:40  time: 0.3277  data_time: 0.0061  memory: 428  
2024/12/06 22:25:43 - mmengine - INFO - Epoch(test) [ 150/6019]    eta: 0:33:19  time: 0.3187  data_time: 0.0062  memory: 428  
2024/12/06 22:25:59 - mmengine - INFO - Epoch(test) [ 200/6019]    eta: 0:32:27  time: 0.3165  data_time: 0.0063  memory: 428  
2024/12/06 22:26:14 - mmengine - INFO - Epoch(test) [ 250/6019]    eta: 0:31:35  time: 0.3042  data_time: 0.0061  memory: 428  
2024/12/06 22:26:29 - mmengine - INFO - Epoch(test) [ 300/6019]    eta: 0:30:45  time: 0.2937  data_time: 0.0078  memory: 428  
2024/12/06 22:26:44 - mmengine - INFO - Epoch(test) [ 350/6019]    eta: 0:30:17  time: 0.3081  data_time: 0.0068  memory: 428  
2024/12/06 22:27:00 - mmengine - INFO - Epoch(test) [ 400/6019]    eta: 0:29:57  time: 0.3152  data_time: 0.0066  memory: 428  
2024/12/06 22:27:16 - mmengine - INFO - Epoch(test) [ 450/6019]    eta: 0:29:34  time: 0.3074  data_time: 0.0062  memory: 428  
2024/12/06 22:27:31 - mmengine - INFO - Epoch(test) [ 500/6019]    eta: 0:29:07  time: 0.2991  data_time: 0.0060  memory: 428  
2024/12/06 22:27:46 - mmengine - INFO - Epoch(test) [ 550/6019]    eta: 0:28:43  time: 0.2998  data_time: 0.0064  memory: 428  
2024/12/06 22:28:00 - mmengine - INFO - Epoch(test) [ 600/6019]    eta: 0:28:18  time: 0.2943  data_time: 0.0061  memory: 428  
2024/12/06 22:28:13 - mmengine - INFO - Epoch(test) [ 650/6019]    eta: 0:27:40  time: 0.2600  data_time: 0.0059  memory: 428  
2024/12/06 22:28:27 - mmengine - INFO - Epoch(test) [ 700/6019]    eta: 0:27:10  time: 0.2713  data_time: 0.0064  memory: 428  
2024/12/06 22:28:40 - mmengine - INFO - Epoch(test) [ 750/6019]    eta: 0:26:41  time: 0.2688  data_time: 0.0056  memory: 428  
2024/12/06 22:28:55 - mmengine - INFO - Epoch(test) [ 800/6019]    eta: 0:26:20  time: 0.2851  data_time: 0.0062  memory: 428  
2024/12/06 22:29:08 - mmengine - INFO - Epoch(test) [ 850/6019]    eta: 0:25:56  time: 0.2723  data_time: 0.0062  memory: 428  
2024/12/06 22:29:22 - mmengine - INFO - Epoch(test) [ 900/6019]    eta: 0:25:34  time: 0.2769  data_time: 0.0062  memory: 428  
2024/12/06 22:29:36 - mmengine - INFO - Epoch(test) [ 950/6019]    eta: 0:25:14  time: 0.2836  data_time: 0.0061  memory: 428  
2024/12/06 22:29:51 - mmengine - INFO - Epoch(test) [1000/6019]    eta: 0:24:58  time: 0.2918  data_time: 0.0061  memory: 428  
2024/12/06 22:30:04 - mmengine - INFO - Epoch(test) [1050/6019]    eta: 0:24:36  time: 0.2696  data_time: 0.0076  memory: 428  
2024/12/06 22:30:18 - mmengine - INFO - Epoch(test) [1100/6019]    eta: 0:24:18  time: 0.2831  data_time: 0.0062  memory: 428  
2024/12/06 22:30:33 - mmengine - INFO - Epoch(test) [1150/6019]    eta: 0:24:00  time: 0.2829  data_time: 0.0061  memory: 428  
2024/12/06 22:30:47 - mmengine - INFO - Epoch(test) [1200/6019]    eta: 0:23:44  time: 0.2872  data_time: 0.0061  memory: 428  
2024/12/06 22:31:03 - mmengine - INFO - Epoch(test) [1250/6019]    eta: 0:23:33  time: 0.3155  data_time: 0.0062  memory: 428  
2024/12/06 22:31:18 - mmengine - INFO - Epoch(test) [1300/6019]    eta: 0:23:18  time: 0.2949  data_time: 0.0061  memory: 428  
2024/12/06 22:31:33 - mmengine - INFO - Epoch(test) [1350/6019]    eta: 0:23:06  time: 0.3120  data_time: 0.0062  memory: 428  
2024/12/06 22:31:49 - mmengine - INFO - Epoch(test) [1400/6019]    eta: 0:22:53  time: 0.3093  data_time: 0.0062  memory: 428  
2024/12/06 22:32:04 - mmengine - INFO - Epoch(test) [1450/6019]    eta: 0:22:40  time: 0.3095  data_time: 0.0058  memory: 428  
2024/12/06 22:32:21 - mmengine - INFO - Epoch(test) [1500/6019]    eta: 0:22:30  time: 0.3287  data_time: 0.0062  memory: 428  
2024/12/06 22:32:36 - mmengine - INFO - Epoch(test) [1550/6019]    eta: 0:22:17  time: 0.3136  data_time: 0.0071  memory: 428  
2024/12/06 22:32:51 - mmengine - INFO - Epoch(test) [1600/6019]    eta: 0:22:01  time: 0.2895  data_time: 0.0065  memory: 428  
2024/12/06 22:33:06 - mmengine - INFO - Epoch(test) [1650/6019]    eta: 0:21:46  time: 0.3054  data_time: 0.0067  memory: 428  
2024/12/06 22:33:21 - mmengine - INFO - Epoch(test) [1700/6019]    eta: 0:21:31  time: 0.2987  data_time: 0.0060  memory: 428  
2024/12/06 22:33:36 - mmengine - INFO - Epoch(test) [1750/6019]    eta: 0:21:16  time: 0.2948  data_time: 0.0063  memory: 428  
2024/12/06 22:33:50 - mmengine - INFO - Epoch(test) [1800/6019]    eta: 0:20:59  time: 0.2835  data_time: 0.0059  memory: 428  
2024/12/06 22:34:05 - mmengine - INFO - Epoch(test) [1850/6019]    eta: 0:20:44  time: 0.2977  data_time: 0.0061  memory: 428  
2024/12/06 22:34:19 - mmengine - INFO - Epoch(test) [1900/6019]    eta: 0:20:28  time: 0.2842  data_time: 0.0061  memory: 428  
2024/12/06 22:34:34 - mmengine - INFO - Epoch(test) [1950/6019]    eta: 0:20:13  time: 0.2993  data_time: 0.0067  memory: 428  
2024/12/06 22:34:49 - mmengine - INFO - Epoch(test) [2000/6019]    eta: 0:19:59  time: 0.3042  data_time: 0.0061  memory: 428  
2024/12/06 22:35:04 - mmengine - INFO - Epoch(test) [2050/6019]    eta: 0:19:44  time: 0.3007  data_time: 0.0062  memory: 428  
2024/12/06 22:35:20 - mmengine - INFO - Epoch(test) [2100/6019]    eta: 0:19:30  time: 0.3060  data_time: 0.0062  memory: 428  
2024/12/06 22:35:34 - mmengine - INFO - Epoch(test) [2150/6019]    eta: 0:19:14  time: 0.2879  data_time: 0.0062  memory: 428  
2024/12/06 22:35:49 - mmengine - INFO - Epoch(test) [2200/6019]    eta: 0:18:59  time: 0.2997  data_time: 0.0065  memory: 428  
2024/12/06 22:36:04 - mmengine - INFO - Epoch(test) [2250/6019]    eta: 0:18:44  time: 0.3002  data_time: 0.0062  memory: 428  
2024/12/06 22:36:18 - mmengine - INFO - Epoch(test) [2300/6019]    eta: 0:18:27  time: 0.2747  data_time: 0.0059  memory: 428  
2024/12/06 22:36:30 - mmengine - INFO - Epoch(test) [2350/6019]    eta: 0:18:09  time: 0.2511  data_time: 0.0059  memory: 428  
2024/12/06 22:36:44 - mmengine - INFO - Epoch(test) [2400/6019]    eta: 0:17:53  time: 0.2818  data_time: 0.0063  memory: 428  
2024/12/06 22:36:58 - mmengine - INFO - Epoch(test) [2450/6019]    eta: 0:17:37  time: 0.2777  data_time: 0.0057  memory: 428  
2024/12/06 22:37:12 - mmengine - INFO - Epoch(test) [2500/6019]    eta: 0:17:20  time: 0.2729  data_time: 0.0060  memory: 428  
2024/12/06 22:37:26 - mmengine - INFO - Epoch(test) [2550/6019]    eta: 0:17:04  time: 0.2783  data_time: 0.0060  memory: 428  
2024/12/06 22:37:39 - mmengine - INFO - Epoch(test) [2600/6019]    eta: 0:16:47  time: 0.2606  data_time: 0.0058  memory: 428  
2024/12/06 22:37:53 - mmengine - INFO - Epoch(test) [2650/6019]    eta: 0:16:32  time: 0.2858  data_time: 0.0064  memory: 428  
2024/12/06 22:38:07 - mmengine - INFO - Epoch(test) [2700/6019]    eta: 0:16:17  time: 0.2851  data_time: 0.0061  memory: 428  
2024/12/06 22:38:21 - mmengine - INFO - Epoch(test) [2750/6019]    eta: 0:16:00  time: 0.2696  data_time: 0.0060  memory: 428  
2024/12/06 22:38:35 - mmengine - INFO - Epoch(test) [2800/6019]    eta: 0:15:45  time: 0.2823  data_time: 0.0061  memory: 428  
2024/12/06 22:38:48 - mmengine - INFO - Epoch(test) [2850/6019]    eta: 0:15:29  time: 0.2677  data_time: 0.0060  memory: 428  
2024/12/06 22:39:01 - mmengine - INFO - Epoch(test) [2900/6019]    eta: 0:15:12  time: 0.2605  data_time: 0.0057  memory: 428  
2024/12/06 22:39:14 - mmengine - INFO - Epoch(test) [2950/6019]    eta: 0:14:56  time: 0.2604  data_time: 0.0061  memory: 428  
2024/12/06 22:39:28 - mmengine - INFO - Epoch(test) [3000/6019]    eta: 0:14:41  time: 0.2751  data_time: 0.0058  memory: 428  
2024/12/06 22:39:42 - mmengine - INFO - Epoch(test) [3050/6019]    eta: 0:14:25  time: 0.2745  data_time: 0.0059  memory: 428  
2024/12/06 22:39:55 - mmengine - INFO - Epoch(test) [3100/6019]    eta: 0:14:09  time: 0.2541  data_time: 0.0062  memory: 428  
2024/12/06 22:40:07 - mmengine - INFO - Epoch(test) [3150/6019]    eta: 0:13:52  time: 0.2364  data_time: 0.0057  memory: 428  
2024/12/06 22:40:20 - mmengine - INFO - Epoch(test) [3200/6019]    eta: 0:13:36  time: 0.2647  data_time: 0.0059  memory: 428  
2024/12/06 22:40:33 - mmengine - INFO - Epoch(test) [3250/6019]    eta: 0:13:21  time: 0.2735  data_time: 0.0059  memory: 428  
2024/12/06 22:40:48 - mmengine - INFO - Epoch(test) [3300/6019]    eta: 0:13:06  time: 0.2867  data_time: 0.0061  memory: 428  
2024/12/06 22:41:01 - mmengine - INFO - Epoch(test) [3350/6019]    eta: 0:12:51  time: 0.2627  data_time: 0.0061  memory: 428  
2024/12/06 22:41:14 - mmengine - INFO - Epoch(test) [3400/6019]    eta: 0:12:35  time: 0.2619  data_time: 0.0059  memory: 428  
2024/12/06 22:41:27 - mmengine - INFO - Epoch(test) [3450/6019]    eta: 0:12:20  time: 0.2657  data_time: 0.0058  memory: 428  
2024/12/06 22:41:40 - mmengine - INFO - Epoch(test) [3500/6019]    eta: 0:12:05  time: 0.2613  data_time: 0.0058  memory: 428  
2024/12/06 22:41:53 - mmengine - INFO - Epoch(test) [3550/6019]    eta: 0:11:49  time: 0.2575  data_time: 0.0059  memory: 428  
2024/12/06 22:42:07 - mmengine - INFO - Epoch(test) [3600/6019]    eta: 0:11:34  time: 0.2678  data_time: 0.0059  memory: 428  
2024/12/06 22:42:21 - mmengine - INFO - Epoch(test) [3650/6019]    eta: 0:11:20  time: 0.2837  data_time: 0.0059  memory: 428  
2024/12/06 22:42:34 - mmengine - INFO - Epoch(test) [3700/6019]    eta: 0:11:05  time: 0.2640  data_time: 0.0059  memory: 428  
2024/12/06 22:42:49 - mmengine - INFO - Epoch(test) [3750/6019]    eta: 0:10:51  time: 0.2985  data_time: 0.0062  memory: 428  
2024/12/06 22:43:05 - mmengine - INFO - Epoch(test) [3800/6019]    eta: 0:10:37  time: 0.3172  data_time: 0.0061  memory: 428  
2024/12/06 22:43:20 - mmengine - INFO - Epoch(test) [3850/6019]    eta: 0:10:23  time: 0.2989  data_time: 0.0060  memory: 428  
2024/12/06 22:43:36 - mmengine - INFO - Epoch(test) [3900/6019]    eta: 0:10:10  time: 0.3256  data_time: 0.0061  memory: 428  
2024/12/06 22:43:52 - mmengine - INFO - Epoch(test) [3950/6019]    eta: 0:09:56  time: 0.3174  data_time: 0.0061  memory: 428  
2024/12/06 22:44:08 - mmengine - INFO - Epoch(test) [4000/6019]    eta: 0:09:43  time: 0.3207  data_time: 0.0061  memory: 428  
2024/12/06 22:44:21 - mmengine - INFO - Epoch(test) [4050/6019]    eta: 0:09:27  time: 0.2612  data_time: 0.0060  memory: 428  
2024/12/06 22:44:35 - mmengine - INFO - Epoch(test) [4100/6019]    eta: 0:09:13  time: 0.2758  data_time: 0.0059  memory: 428  
2024/12/06 22:44:49 - mmengine - INFO - Epoch(test) [4150/6019]    eta: 0:08:58  time: 0.2897  data_time: 0.0059  memory: 428  
2024/12/06 22:45:05 - mmengine - INFO - Epoch(test) [4200/6019]    eta: 0:08:44  time: 0.3022  data_time: 0.0062  memory: 428  
2024/12/06 22:45:18 - mmengine - INFO - Epoch(test) [4250/6019]    eta: 0:08:29  time: 0.2660  data_time: 0.0058  memory: 428  
2024/12/06 22:45:31 - mmengine - INFO - Epoch(test) [4300/6019]    eta: 0:08:14  time: 0.2559  data_time: 0.0059  memory: 428  
2024/12/06 22:45:44 - mmengine - INFO - Epoch(test) [4350/6019]    eta: 0:07:59  time: 0.2630  data_time: 0.0058  memory: 428  
2024/12/06 22:45:58 - mmengine - INFO - Epoch(test) [4400/6019]    eta: 0:07:45  time: 0.2734  data_time: 0.0067  memory: 428  
2024/12/06 22:46:11 - mmengine - INFO - Epoch(test) [4450/6019]    eta: 0:07:30  time: 0.2779  data_time: 0.0061  memory: 428  
2024/12/06 22:46:26 - mmengine - INFO - Epoch(test) [4500/6019]    eta: 0:07:16  time: 0.2844  data_time: 0.0063  memory: 428  
2024/12/06 22:46:41 - mmengine - INFO - Epoch(test) [4550/6019]    eta: 0:07:02  time: 0.2989  data_time: 0.0062  memory: 428  
2024/12/06 22:46:56 - mmengine - INFO - Epoch(test) [4600/6019]    eta: 0:06:48  time: 0.3087  data_time: 0.0058  memory: 428  
2024/12/06 22:47:12 - mmengine - INFO - Epoch(test) [4650/6019]    eta: 0:06:34  time: 0.3112  data_time: 0.0061  memory: 428  
2024/12/06 22:47:27 - mmengine - INFO - Epoch(test) [4700/6019]    eta: 0:06:20  time: 0.3088  data_time: 0.0060  memory: 428  
2024/12/06 22:47:42 - mmengine - INFO - Epoch(test) [4750/6019]    eta: 0:06:05  time: 0.3064  data_time: 0.0060  memory: 428  
2024/12/06 22:47:58 - mmengine - INFO - Epoch(test) [4800/6019]    eta: 0:05:51  time: 0.3067  data_time: 0.0061  memory: 428  
2024/12/06 22:48:13 - mmengine - INFO - Epoch(test) [4850/6019]    eta: 0:05:37  time: 0.3026  data_time: 0.0059  memory: 428  
2024/12/06 22:48:28 - mmengine - INFO - Epoch(test) [4900/6019]    eta: 0:05:23  time: 0.2949  data_time: 0.0060  memory: 428  
2024/12/06 22:48:42 - mmengine - INFO - Epoch(test) [4950/6019]    eta: 0:05:08  time: 0.2876  data_time: 0.0060  memory: 428  
2024/12/06 22:48:57 - mmengine - INFO - Epoch(test) [5000/6019]    eta: 0:04:54  time: 0.3053  data_time: 0.0061  memory: 428  
2024/12/06 22:49:12 - mmengine - INFO - Epoch(test) [5050/6019]    eta: 0:04:39  time: 0.2914  data_time: 0.0060  memory: 428  
2024/12/06 22:49:26 - mmengine - INFO - Epoch(test) [5100/6019]    eta: 0:04:25  time: 0.2922  data_time: 0.0060  memory: 428  
2024/12/06 22:49:42 - mmengine - INFO - Epoch(test) [5150/6019]    eta: 0:04:11  time: 0.3038  data_time: 0.0061  memory: 428  
2024/12/06 22:49:56 - mmengine - INFO - Epoch(test) [5200/6019]    eta: 0:03:56  time: 0.2813  data_time: 0.0061  memory: 428  
2024/12/06 22:50:10 - mmengine - INFO - Epoch(test) [5250/6019]    eta: 0:03:42  time: 0.2916  data_time: 0.0061  memory: 428  
2024/12/06 22:50:25 - mmengine - INFO - Epoch(test) [5300/6019]    eta: 0:03:27  time: 0.2831  data_time: 0.0062  memory: 428  
2024/12/06 22:50:39 - mmengine - INFO - Epoch(test) [5350/6019]    eta: 0:03:13  time: 0.2849  data_time: 0.0060  memory: 428  
2024/12/06 22:50:54 - mmengine - INFO - Epoch(test) [5400/6019]    eta: 0:02:58  time: 0.2960  data_time: 0.0061  memory: 428  
2024/12/06 22:51:08 - mmengine - INFO - Epoch(test) [5450/6019]    eta: 0:02:44  time: 0.2933  data_time: 0.0060  memory: 428  
2024/12/06 22:51:23 - mmengine - INFO - Epoch(test) [5500/6019]    eta: 0:02:30  time: 0.3012  data_time: 0.0059  memory: 428  
2024/12/06 22:51:38 - mmengine - INFO - Epoch(test) [5550/6019]    eta: 0:02:15  time: 0.3017  data_time: 0.0058  memory: 428  
2024/12/06 22:51:54 - mmengine - INFO - Epoch(test) [5600/6019]    eta: 0:02:01  time: 0.3109  data_time: 0.0060  memory: 428  
2024/12/06 22:52:09 - mmengine - INFO - Epoch(test) [5650/6019]    eta: 0:01:46  time: 0.3065  data_time: 0.0059  memory: 428  
2024/12/06 22:52:25 - mmengine - INFO - Epoch(test) [5700/6019]    eta: 0:01:32  time: 0.3181  data_time: 0.0060  memory: 428  
2024/12/06 22:52:41 - mmengine - INFO - Epoch(test) [5750/6019]    eta: 0:01:18  time: 0.3120  data_time: 0.0060  memory: 428  
2024/12/06 22:52:56 - mmengine - INFO - Epoch(test) [5800/6019]    eta: 0:01:03  time: 0.2960  data_time: 0.0058  memory: 428  
2024/12/06 22:53:11 - mmengine - INFO - Epoch(test) [5850/6019]    eta: 0:00:49  time: 0.3093  data_time: 0.0061  memory: 428  
2024/12/06 22:53:27 - mmengine - INFO - Epoch(test) [5900/6019]    eta: 0:00:34  time: 0.3209  data_time: 0.0061  memory: 428  
2024/12/06 22:53:43 - mmengine - INFO - Epoch(test) [5950/6019]    eta: 0:00:20  time: 0.3119  data_time: 0.0061  memory: 428  
2024/12/06 22:53:57 - mmengine - INFO - Epoch(test) [6000/6019]    eta: 0:00:05  time: 0.2888  data_time: 0.0061  memory: 428  
2024/12/06 23:21:26 - mmengine - INFO - Epoch(test) [6019/6019]    NuScenes metric/pred_instances_3d_NuScenes/car_AP_dist_0.5: 0.7190  NuScenes metric/pred_instances_3d_NuScenes/car_AP_dist_1.0: 0.8184  NuScenes metric/pred_instances_3d_NuScenes/car_AP_dist_2.0: 0.8561  NuScenes metric/pred_instances_3d_NuScenes/car_AP_dist_4.0: 0.8748  NuScenes metric/pred_instances_3d_NuScenes/car_trans_err: 0.1865  NuScenes metric/pred_instances_3d_NuScenes/car_scale_err: 0.1557  NuScenes metric/pred_instances_3d_NuScenes/car_orient_err: 0.1523  NuScenes metric/pred_instances_3d_NuScenes/car_vel_err: 0.6280  NuScenes metric/pred_instances_3d_NuScenes/car_attr_err: 0.1963  NuScenes metric/pred_instances_3d_NuScenes/mATE: 0.2991  NuScenes metric/pred_instances_3d_NuScenes/mASE: 0.2603  NuScenes metric/pred_instances_3d_NuScenes/mAOE: 0.3755  NuScenes metric/pred_instances_3d_NuScenes/mAVE: 0.5907  NuScenes metric/pred_instances_3d_NuScenes/mAAE: 0.2001  NuScenes metric/pred_instances_3d_NuScenes/truck_AP_dist_0.5: 0.3582  NuScenes metric/pred_instances_3d_NuScenes/truck_AP_dist_1.0: 0.5232  NuScenes metric/pred_instances_3d_NuScenes/truck_AP_dist_2.0: 0.5923  NuScenes metric/pred_instances_3d_NuScenes/truck_AP_dist_4.0: 0.6299  NuScenes metric/pred_instances_3d_NuScenes/truck_trans_err: 0.3220  NuScenes metric/pred_instances_3d_NuScenes/truck_scale_err: 0.1853  NuScenes metric/pred_instances_3d_NuScenes/truck_orient_err: 0.1457  NuScenes metric/pred_instances_3d_NuScenes/truck_vel_err: 0.5255  NuScenes metric/pred_instances_3d_NuScenes/truck_attr_err: 0.2473  NuScenes metric/pred_instances_3d_NuScenes/construction_vehicle_AP_dist_0.5: 0.0064  NuScenes metric/pred_instances_3d_NuScenes/construction_vehicle_AP_dist_1.0: 0.0629  NuScenes metric/pred_instances_3d_NuScenes/construction_vehicle_AP_dist_2.0: 0.1522  NuScenes metric/pred_instances_3d_NuScenes/construction_vehicle_AP_dist_4.0: 0.2296  NuScenes metric/pred_instances_3d_NuScenes/construction_vehicle_trans_err: 0.7458  NuScenes metric/pred_instances_3d_NuScenes/construction_vehicle_scale_err: 0.4658  NuScenes metric/pred_instances_3d_NuScenes/construction_vehicle_orient_err: 0.9662  NuScenes metric/pred_instances_3d_NuScenes/construction_vehicle_vel_err: 0.1513  NuScenes metric/pred_instances_3d_NuScenes/construction_vehicle_attr_err: 0.3559  NuScenes metric/pred_instances_3d_NuScenes/bus_AP_dist_0.5: 0.3920  NuScenes metric/pred_instances_3d_NuScenes/bus_AP_dist_1.0: 0.6429  NuScenes metric/pred_instances_3d_NuScenes/bus_AP_dist_2.0: 0.7676  NuScenes metric/pred_instances_3d_NuScenes/bus_AP_dist_4.0: 0.7903  NuScenes metric/pred_instances_3d_NuScenes/bus_trans_err: 0.3531  NuScenes metric/pred_instances_3d_NuScenes/bus_scale_err: 0.1887  NuScenes metric/pred_instances_3d_NuScenes/bus_orient_err: 0.0843  NuScenes metric/pred_instances_3d_NuScenes/bus_vel_err: 0.8922  NuScenes metric/pred_instances_3d_NuScenes/bus_attr_err: 0.2273  NuScenes metric/pred_instances_3d_NuScenes/trailer_AP_dist_0.5: 0.0863  NuScenes metric/pred_instances_3d_NuScenes/trailer_AP_dist_1.0: 0.2776  NuScenes metric/pred_instances_3d_NuScenes/trailer_AP_dist_2.0: 0.3820  NuScenes metric/pred_instances_3d_NuScenes/trailer_AP_dist_4.0: 0.4621  NuScenes metric/pred_instances_3d_NuScenes/trailer_trans_err: 0.5170  NuScenes metric/pred_instances_3d_NuScenes/trailer_scale_err: 0.2102  NuScenes metric/pred_instances_3d_NuScenes/trailer_orient_err: 0.6147  NuScenes metric/pred_instances_3d_NuScenes/trailer_vel_err: 0.4886  NuScenes metric/pred_instances_3d_NuScenes/trailer_attr_err: 0.1907  NuScenes metric/pred_instances_3d_NuScenes/barrier_AP_dist_0.5: 0.5556  NuScenes metric/pred_instances_3d_NuScenes/barrier_AP_dist_1.0: 0.6674  NuScenes metric/pred_instances_3d_NuScenes/barrier_AP_dist_2.0: 0.7087  NuScenes metric/pred_instances_3d_NuScenes/barrier_AP_dist_4.0: 0.7238  NuScenes metric/pred_instances_3d_NuScenes/barrier_trans_err: 0.2091  NuScenes metric/pred_instances_3d_NuScenes/barrier_scale_err: 0.2798  NuScenes metric/pred_instances_3d_NuScenes/barrier_orient_err: 0.0682  NuScenes metric/pred_instances_3d_NuScenes/barrier_vel_err: nan  NuScenes metric/pred_instances_3d_NuScenes/barrier_attr_err: nan  NuScenes metric/pred_instances_3d_NuScenes/motorcycle_AP_dist_0.5: 0.3845  NuScenes metric/pred_instances_3d_NuScenes/motorcycle_AP_dist_1.0: 0.4368  NuScenes metric/pred_instances_3d_NuScenes/motorcycle_AP_dist_2.0: 0.4451  NuScenes metric/pred_instances_3d_NuScenes/motorcycle_AP_dist_4.0: 0.4496  NuScenes metric/pred_instances_3d_NuScenes/motorcycle_trans_err: 0.1987  NuScenes metric/pred_instances_3d_NuScenes/motorcycle_scale_err: 0.2314  NuScenes metric/pred_instances_3d_NuScenes/motorcycle_orient_err: 0.3550  NuScenes metric/pred_instances_3d_NuScenes/motorcycle_vel_err: 1.3990  NuScenes metric/pred_instances_3d_NuScenes/motorcycle_attr_err: 0.2540  NuScenes metric/pred_instances_3d_NuScenes/bicycle_AP_dist_0.5: 0.2581  NuScenes metric/pred_instances_3d_NuScenes/bicycle_AP_dist_1.0: 0.2702  NuScenes metric/pred_instances_3d_NuScenes/bicycle_AP_dist_2.0: 0.2720  NuScenes metric/pred_instances_3d_NuScenes/bicycle_AP_dist_4.0: 0.2736  NuScenes metric/pred_instances_3d_NuScenes/bicycle_trans_err: 0.1808  NuScenes metric/pred_instances_3d_NuScenes/bicycle_scale_err: 0.2625  NuScenes metric/pred_instances_3d_NuScenes/bicycle_orient_err: 0.5664  NuScenes metric/pred_instances_3d_NuScenes/bicycle_vel_err: 0.3508  NuScenes metric/pred_instances_3d_NuScenes/bicycle_attr_err: 0.0243  NuScenes metric/pred_instances_3d_NuScenes/pedestrian_AP_dist_0.5: 0.7815  NuScenes metric/pred_instances_3d_NuScenes/pedestrian_AP_dist_1.0: 0.7946  NuScenes metric/pred_instances_3d_NuScenes/pedestrian_AP_dist_2.0: 0.8067  NuScenes metric/pred_instances_3d_NuScenes/pedestrian_AP_dist_4.0: 0.8211  NuScenes metric/pred_instances_3d_NuScenes/pedestrian_trans_err: 0.1405  NuScenes metric/pred_instances_3d_NuScenes/pedestrian_scale_err: 0.2823  NuScenes metric/pred_instances_3d_NuScenes/pedestrian_orient_err: 0.4270  NuScenes metric/pred_instances_3d_NuScenes/pedestrian_vel_err: 0.2900  NuScenes metric/pred_instances_3d_NuScenes/pedestrian_attr_err: 0.1053  NuScenes metric/pred_instances_3d_NuScenes/traffic_cone_AP_dist_0.5: 0.5931  NuScenes metric/pred_instances_3d_NuScenes/traffic_cone_AP_dist_1.0: 0.6050  NuScenes metric/pred_instances_3d_NuScenes/traffic_cone_AP_dist_2.0: 0.6227  NuScenes metric/pred_instances_3d_NuScenes/traffic_cone_AP_dist_4.0: 0.6553  NuScenes metric/pred_instances_3d_NuScenes/traffic_cone_trans_err: 0.1371  NuScenes metric/pred_instances_3d_NuScenes/traffic_cone_scale_err: 0.3411  NuScenes metric/pred_instances_3d_NuScenes/traffic_cone_orient_err: nan  NuScenes metric/pred_instances_3d_NuScenes/traffic_cone_vel_err: nan  NuScenes metric/pred_instances_3d_NuScenes/traffic_cone_attr_err: nan  NuScenes metric/pred_instances_3d_NuScenes/NDS: 0.5868  NuScenes metric/pred_instances_3d_NuScenes/mAP: 0.5187  data_time: 0.0062  time: 0.2906
