2024/12/07 22:19:04 - mmengine - INFO - 
------------------------------------------------------------
System environment:
    sys.platform: linux
    Python: 3.8.10 (default, Jul 29 2024, 17:02:10) [GCC 9.4.0]
    CUDA available: True
    MUSA available: False
    numpy_random_seed: 933441923
    GPU 0: Xavier
    CUDA_HOME: /usr/local/cuda-11.4
    NVCC: Cuda compilation tools, release 11.4, V11.4.315
    GCC: aarch64-linux-gnu-gcc (Ubuntu 9.4.0-1ubuntu1~20.04.2) 9.4.0
    PyTorch: 1.11.0
    PyTorch compiling details: PyTorch built with:
  - GCC 9.4
  - C++ Version: 201402
  - OpenMP 201511 (a.k.a. OpenMP 4.5)
  - LAPACK is enabled (usually provided by MKL)
  - NNPACK is enabled
  - CPU capability usage: NO AVX
  - CUDA Runtime 11.4
  - NVCC architecture flags: -gencode;arch=compute_72,code=sm_72;-gencode;arch=compute_87,code=sm_87
  - CuDNN 8.6
    - Built with CuDNN 8.3.2
  - Build settings: BLAS_INFO=open, BUILD_TYPE=Release, CUDA_VERSION=11.4, CUDNN_VERSION=8.3.2, CXX_COMPILER=/usr/bin/c++, CXX_FLAGS= -Wno-deprecated -fvisibility-inlines-hidden -DUSE_PTHREADPOOL -fopenmp -DNDEBUG -DUSE_KINETO -DLIBKINETO_NOCUPTI -DUSE_XNNPACK -DSYMBOLICATE_MOBILE_DEBUG_HANDLE -DEDGE_PROFILER_USE_KINETO -O2 -fPIC -Wno-narrowing -Wall -Wextra -Werror=return-type -Wno-missing-field-initializers -Wno-type-limits -Wno-array-bounds -Wno-unknown-pragmas -Wno-sign-compare -Wno-unused-parameter -Wno-unused-function -Wno-unused-result -Wno-unused-local-typedefs -Wno-strict-overflow -Wno-strict-aliasing -Wno-error=deprecated-declarations -Wno-stringop-overflow -Wno-psabi -Wno-error=pedantic -Wno-error=redundant-decls -Wno-error=old-style-cast -fdiagnostics-color=always -faligned-new -Wno-unused-but-set-variable -Wno-maybe-uninitialized -fno-math-errno -fno-trapping-math -Werror=format -Werror=cast-function-type -Wno-stringop-overflow, FORCE_FALLBACK_CUDA_MPI=1, LAPACK_INFO=open, TORCH_VERSION=1.11.0, USE_CUDA=ON, USE_CUDNN=ON, USE_EIGEN_FOR_BLAS=ON, USE_EXCEPTION_PTR=1, USE_GFLAGS=OFF, USE_GLOG=OFF, USE_MKL=OFF, USE_MKLDNN=OFF, USE_MPI=ON, USE_NCCL=0, USE_NNPACK=ON, USE_OPENMP=ON, USE_ROCM=OFF, 

    TorchVision: 0.12.0
    OpenCV: 4.10.0
    MMEngine: 0.10.5

Runtime environment:
    cudnn_benchmark: False
    mp_cfg: {'mp_start_method': 'fork', 'opencv_num_threads': 0}
    dist_cfg: {'backend': 'nccl'}
    seed: 933441923
    Distributed launcher: none
    Distributed training: False
    GPU number: 1
------------------------------------------------------------

2024/12/07 22:19:07 - mmengine - INFO - Config:
auto_scale_lr = dict(base_batch_size=32, enable=False)
backend_args = None
class_names = [
    'car',
    'truck',
    'construction_vehicle',
    'bus',
    'trailer',
    'barrier',
    'motorcycle',
    'bicycle',
    'pedestrian',
    'traffic_cone',
]
custom_hooks = [
    dict(disable_after_epoch=15, type='DisableObjectSampleHook'),
]
custom_imports = dict(
    allow_failed_imports=False, imports=[
        'projects.BEVFusion.bevfusion',
    ])
data_prefix = dict(
    CAM_BACK='samples/CAM_BACK',
    CAM_BACK_LEFT='samples/CAM_BACK_LEFT',
    CAM_BACK_RIGHT='samples/CAM_BACK_RIGHT',
    CAM_FRONT='samples/CAM_FRONT',
    CAM_FRONT_LEFT='samples/CAM_FRONT_LEFT',
    CAM_FRONT_RIGHT='samples/CAM_FRONT_RIGHT',
    pts='samples/LIDAR_TOP',
    sweeps='sweeps/LIDAR_TOP')
data_root = '/media/xavier02/Sparkles1/nuscenes/'
dataset_type = 'NuScenesDataset'
db_sampler = dict(
    classes=[
        'car',
        'truck',
        'construction_vehicle',
        'bus',
        'trailer',
        'barrier',
        'motorcycle',
        'bicycle',
        'pedestrian',
        'traffic_cone',
    ],
    data_root='/media/xavier02/Sparkles1/nuscenes/',
    info_path='/media/xavier02/Sparkles1/nuscenes/nuscenes_dbinfos_train.pkl',
    points_loader=dict(
        backend_args=None,
        coord_type='LIDAR',
        load_dim=5,
        type='LoadPointsFromFile',
        use_dim=[
            0,
            1,
            2,
            3,
            4,
        ]),
    prepare=dict(
        filter_by_difficulty=[
            -1,
        ],
        filter_by_min_points=dict(
            barrier=5,
            bicycle=5,
            bus=5,
            car=5,
            construction_vehicle=5,
            motorcycle=5,
            pedestrian=5,
            traffic_cone=5,
            trailer=5,
            truck=5)),
    rate=1.0,
    sample_groups=dict(
        barrier=2,
        bicycle=6,
        bus=4,
        car=2,
        construction_vehicle=7,
        motorcycle=6,
        pedestrian=2,
        traffic_cone=2,
        trailer=6,
        truck=3))
default_hooks = dict(
    checkpoint=dict(interval=5, type='CheckpointHook'),
    logger=dict(interval=50, type='LoggerHook'),
    param_scheduler=dict(type='ParamSchedulerHook'),
    sampler_seed=dict(type='DistSamplerSeedHook'),
    timer=dict(type='IterTimerHook'),
    visualization=dict(type='Det3DVisualizationHook'))
default_scope = 'mmdet3d'
env_cfg = dict(
    cudnn_benchmark=False,
    dist_cfg=dict(backend='nccl'),
    mp_cfg=dict(mp_start_method='fork', opencv_num_threads=0))
input_modality = dict(use_camera=False, use_lidar=True)
launcher = 'none'
load_from = 'projects/BEVFusion/configs/Lidar_checkpoint_voxel_0075_4sweeps.pth'
log_level = 'INFO'
log_processor = dict(by_epoch=True, type='LogProcessor', window_size=50)
lr = 0.0001
metainfo = dict(classes=[
    'car',
    'truck',
    'construction_vehicle',
    'bus',
    'trailer',
    'barrier',
    'motorcycle',
    'bicycle',
    'pedestrian',
    'traffic_cone',
])
model = dict(
    bbox_head=dict(
        auxiliary=True,
        bbox_coder=dict(
            code_size=10,
            out_size_factor=8,
            pc_range=[
                -54.0,
                -54.0,
            ],
            post_center_range=[
                -61.2,
                -61.2,
                -10.0,
                61.2,
                61.2,
                10.0,
            ],
            score_threshold=0.0,
            type='TransFusionBBoxCoder',
            voxel_size=[
                0.075,
                0.075,
            ]),
        bn_momentum=0.1,
        common_heads=dict(
            center=[
                2,
                2,
            ],
            dim=[
                3,
                2,
            ],
            height=[
                1,
                2,
            ],
            rot=[
                2,
                2,
            ],
            vel=[
                2,
                2,
            ]),
        decoder_layer=dict(
            cross_attn_cfg=dict(dropout=0.1, embed_dims=128, num_heads=8),
            ffn_cfg=dict(
                act_cfg=dict(inplace=True, type='ReLU'),
                embed_dims=128,
                feedforward_channels=256,
                ffn_drop=0.1,
                num_fcs=2),
            norm_cfg=dict(type='LN'),
            pos_encoding_cfg=dict(input_channel=2, num_pos_feats=128),
            self_attn_cfg=dict(dropout=0.1, embed_dims=128, num_heads=8),
            type='TransformerDecoderLayer'),
        hidden_channel=128,
        in_channels=512,
        loss_bbox=dict(
            loss_weight=0.25, reduction='mean', type='mmdet.L1Loss'),
        loss_cls=dict(
            alpha=0.25,
            gamma=2.0,
            loss_weight=1.0,
            reduction='mean',
            type='mmdet.FocalLoss',
            use_sigmoid=True),
        loss_heatmap=dict(
            loss_weight=1.0, reduction='mean', type='mmdet.GaussianFocalLoss'),
        nms_kernel_size=3,
        num_classes=10,
        num_decoder_layers=1,
        num_proposals=200,
        test_cfg=dict(
            dataset='nuScenes',
            grid_size=[
                1440,
                1440,
                41,
            ],
            nms_type=None,
            out_size_factor=8,
            pc_range=[
                -54.0,
                -54.0,
            ],
            voxel_size=[
                0.075,
                0.075,
            ]),
        train_cfg=dict(
            assigner=dict(
                cls_cost=dict(
                    alpha=0.25,
                    gamma=2.0,
                    type='mmdet.FocalLossCost',
                    weight=0.15),
                iou_calculator=dict(coordinate='lidar', type='BboxOverlaps3D'),
                iou_cost=dict(type='IoU3DCost', weight=0.25),
                reg_cost=dict(type='BBoxBEVL1Cost', weight=0.25),
                type='HungarianAssigner3D'),
            code_weights=[
                1.0,
                1.0,
                1.0,
                1.0,
                1.0,
                1.0,
                1.0,
                1.0,
                0.2,
                0.2,
            ],
            dataset='nuScenes',
            gaussian_overlap=0.1,
            grid_size=[
                1440,
                1440,
                41,
            ],
            min_radius=2,
            out_size_factor=8,
            point_cloud_range=[
                -54.0,
                -54.0,
                -5.0,
                54.0,
                54.0,
                3.0,
            ],
            pos_weight=-1,
            voxel_size=[
                0.075,
                0.075,
                0.2,
            ]),
        type='TransFusionHead'),
    data_preprocessor=dict(
        pad_size_divisor=32,
        type='Det3DDataPreprocessor',
        voxelize_cfg=dict(
            max_num_points=10,
            max_voxels=[
                120000,
                160000,
            ],
            point_cloud_range=[
                -54.0,
                -54.0,
                -5.0,
                54.0,
                54.0,
                3.0,
            ],
            voxel_size=[
                0.075,
                0.075,
                0.2,
            ],
            voxelize_reduce=True)),
    pts_backbone=dict(
        conv_cfg=dict(bias=False, type='Conv2d'),
        in_channels=256,
        layer_nums=[
            5,
            5,
        ],
        layer_strides=[
            1,
            2,
        ],
        norm_cfg=dict(eps=0.001, momentum=0.01, type='BN'),
        out_channels=[
            128,
            256,
        ],
        type='SECOND'),
    pts_middle_encoder=dict(
        block_type='basicblock',
        encoder_channels=(
            (
                16,
                16,
                32,
            ),
            (
                32,
                32,
                64,
            ),
            (
                64,
                64,
                128,
            ),
            (
                128,
                128,
            ),
        ),
        encoder_paddings=(
            (
                0,
                0,
                1,
            ),
            (
                0,
                0,
                1,
            ),
            (
                0,
                0,
                (
                    1,
                    1,
                    0,
                ),
            ),
            (
                0,
                0,
            ),
        ),
        in_channels=5,
        norm_cfg=dict(eps=0.001, momentum=0.01, type='BN1d'),
        order=(
            'conv',
            'norm',
            'act',
        ),
        sparse_shape=[
            1440,
            1440,
            41,
        ],
        type='BEVFusionSparseEncoder'),
    pts_neck=dict(
        in_channels=[
            128,
            256,
        ],
        norm_cfg=dict(eps=0.001, momentum=0.01, type='BN'),
        out_channels=[
            256,
            256,
        ],
        type='SECONDFPN',
        upsample_cfg=dict(bias=False, type='deconv'),
        upsample_strides=[
            1,
            2,
        ],
        use_conv_for_no_stride=True),
    pts_voxel_encoder=dict(num_features=5, type='HardSimpleVFE'),
    type='BEVFusion')
optim_wrapper = dict(
    clip_grad=dict(max_norm=35, norm_type=2),
    optimizer=dict(lr=0.0001, type='AdamW', weight_decay=0.01),
    type='OptimWrapper')
param_scheduler = [
    dict(
        T_max=8,
        begin=0,
        by_epoch=True,
        convert_to_iter_based=True,
        end=8,
        eta_min=0.001,
        type='CosineAnnealingLR'),
    dict(
        T_max=12,
        begin=8,
        by_epoch=True,
        convert_to_iter_based=True,
        end=20,
        eta_min=1e-08,
        type='CosineAnnealingLR'),
    dict(
        T_max=8,
        begin=0,
        by_epoch=True,
        convert_to_iter_based=True,
        end=8,
        eta_min=0.8947368421052632,
        type='CosineAnnealingMomentum'),
    dict(
        T_max=12,
        begin=8,
        by_epoch=True,
        convert_to_iter_based=True,
        end=20,
        eta_min=1,
        type='CosineAnnealingMomentum'),
]
point_cloud_range = [
    -54.0,
    -54.0,
    -5.0,
    54.0,
    54.0,
    3.0,
]
resume = False
test_cfg = dict()
test_dataloader = dict(
    batch_size=1,
    dataset=dict(
        ann_file='nuscenes_infos_val.pkl',
        backend_args=None,
        box_type_3d='LiDAR',
        data_prefix=dict(
            CAM_BACK='samples/CAM_BACK',
            CAM_BACK_LEFT='samples/CAM_BACK_LEFT',
            CAM_BACK_RIGHT='samples/CAM_BACK_RIGHT',
            CAM_FRONT='samples/CAM_FRONT',
            CAM_FRONT_LEFT='samples/CAM_FRONT_LEFT',
            CAM_FRONT_RIGHT='samples/CAM_FRONT_RIGHT',
            pts='samples/LIDAR_TOP',
            sweeps='sweeps/LIDAR_TOP'),
        data_root='/media/xavier02/Sparkles1/nuscenes/',
        metainfo=dict(classes=[
            'car',
            'truck',
            'construction_vehicle',
            'bus',
            'trailer',
            'barrier',
            'motorcycle',
            'bicycle',
            'pedestrian',
            'traffic_cone',
        ]),
        modality=dict(use_camera=False, use_lidar=True),
        pipeline=[
            dict(
                backend_args=None,
                coord_type='LIDAR',
                load_dim=5,
                type='LoadPointsFromFile',
                use_dim=5),
            dict(
                backend_args=None,
                load_dim=5,
                pad_empty_sweeps=True,
                remove_close=True,
                sweeps_num=9,
                type='LoadPointsFromMultiSweeps',
                use_dim=5),
            dict(
                point_cloud_range=[
                    -54.0,
                    -54.0,
                    -5.0,
                    54.0,
                    54.0,
                    3.0,
                ],
                type='PointsRangeFilter'),
            dict(
                keys=[
                    'img',
                    'points',
                    'gt_bboxes_3d',
                    'gt_labels_3d',
                ],
                meta_keys=[
                    'cam2img',
                    'ori_cam2img',
                    'lidar2cam',
                    'lidar2img',
                    'cam2lidar',
                    'ori_lidar2img',
                    'img_aug_matrix',
                    'box_type_3d',
                    'sample_idx',
                    'lidar_path',
                    'img_path',
                    'num_pts_feats',
                    'num_views',
                ],
                type='Pack3DDetInputs'),
        ],
        test_mode=True,
        type='NuScenesDataset'),
    drop_last=False,
    num_workers=4,
    persistent_workers=True,
    sampler=dict(shuffle=False, type='DefaultSampler'))
test_evaluator = dict(
    ann_file='/media/xavier02/Sparkles1/nuscenes/nuscenes_infos_val.pkl',
    backend_args=None,
    data_root='/media/xavier02/Sparkles1/nuscenes/',
    metric='bbox',
    type='NuScenesMetric')
test_pipeline = [
    dict(
        backend_args=None,
        coord_type='LIDAR',
        load_dim=5,
        type='LoadPointsFromFile',
        use_dim=5),
    dict(
        backend_args=None,
        load_dim=5,
        pad_empty_sweeps=True,
        remove_close=True,
        sweeps_num=9,
        type='LoadPointsFromMultiSweeps',
        use_dim=5),
    dict(
        point_cloud_range=[
            -54.0,
            -54.0,
            -5.0,
            54.0,
            54.0,
            3.0,
        ],
        type='PointsRangeFilter'),
    dict(
        keys=[
            'img',
            'points',
            'gt_bboxes_3d',
            'gt_labels_3d',
        ],
        meta_keys=[
            'cam2img',
            'ori_cam2img',
            'lidar2cam',
            'lidar2img',
            'cam2lidar',
            'ori_lidar2img',
            'img_aug_matrix',
            'box_type_3d',
            'sample_idx',
            'lidar_path',
            'img_path',
            'num_pts_feats',
            'num_views',
        ],
        type='Pack3DDetInputs'),
]
train_cfg = dict(by_epoch=True, max_epochs=20, val_interval=5)
train_dataloader = dict(
    batch_size=1,
    dataset=dict(
        dataset=dict(
            ann_file='nuscenes_infos_train.pkl',
            box_type_3d='LiDAR',
            data_prefix=dict(
                CAM_BACK='samples/CAM_BACK',
                CAM_BACK_LEFT='samples/CAM_BACK_LEFT',
                CAM_BACK_RIGHT='samples/CAM_BACK_RIGHT',
                CAM_FRONT='samples/CAM_FRONT',
                CAM_FRONT_LEFT='samples/CAM_FRONT_LEFT',
                CAM_FRONT_RIGHT='samples/CAM_FRONT_RIGHT',
                pts='samples/LIDAR_TOP',
                sweeps='sweeps/LIDAR_TOP'),
            data_root='/media/xavier02/Sparkles1/nuscenes/',
            metainfo=dict(classes=[
                'car',
                'truck',
                'construction_vehicle',
                'bus',
                'trailer',
                'barrier',
                'motorcycle',
                'bicycle',
                'pedestrian',
                'traffic_cone',
            ]),
            modality=dict(use_camera=False, use_lidar=True),
            pipeline=[
                dict(
                    backend_args=None,
                    coord_type='LIDAR',
                    load_dim=5,
                    type='LoadPointsFromFile',
                    use_dim=5),
                dict(
                    backend_args=None,
                    load_dim=5,
                    pad_empty_sweeps=True,
                    remove_close=True,
                    sweeps_num=9,
                    type='LoadPointsFromMultiSweeps',
                    use_dim=5),
                dict(
                    type='LoadAnnotations3D',
                    with_attr_label=False,
                    with_bbox_3d=True,
                    with_label_3d=True),
                dict(
                    db_sampler=dict(
                        classes=[
                            'car',
                            'truck',
                            'construction_vehicle',
                            'bus',
                            'trailer',
                            'barrier',
                            'motorcycle',
                            'bicycle',
                            'pedestrian',
                            'traffic_cone',
                        ],
                        data_root='/media/xavier02/Sparkles1/nuscenes/',
                        info_path=
                        '/media/xavier02/Sparkles1/nuscenes/nuscenes_dbinfos_train.pkl',
                        points_loader=dict(
                            backend_args=None,
                            coord_type='LIDAR',
                            load_dim=5,
                            type='LoadPointsFromFile',
                            use_dim=[
                                0,
                                1,
                                2,
                                3,
                                4,
                            ]),
                        prepare=dict(
                            filter_by_difficulty=[
                                -1,
                            ],
                            filter_by_min_points=dict(
                                barrier=5,
                                bicycle=5,
                                bus=5,
                                car=5,
                                construction_vehicle=5,
                                motorcycle=5,
                                pedestrian=5,
                                traffic_cone=5,
                                trailer=5,
                                truck=5)),
                        rate=1.0,
                        sample_groups=dict(
                            barrier=2,
                            bicycle=6,
                            bus=4,
                            car=2,
                            construction_vehicle=7,
                            motorcycle=6,
                            pedestrian=2,
                            traffic_cone=2,
                            trailer=6,
                            truck=3)),
                    type='ObjectSample'),
                dict(
                    rot_range=[
                        -0.78539816,
                        0.78539816,
                    ],
                    scale_ratio_range=[
                        0.9,
                        1.1,
                    ],
                    translation_std=0.5,
                    type='GlobalRotScaleTrans'),
                dict(type='BEVFusionRandomFlip3D'),
                dict(
                    point_cloud_range=[
                        -54.0,
                        -54.0,
                        -5.0,
                        54.0,
                        54.0,
                        3.0,
                    ],
                    type='PointsRangeFilter'),
                dict(
                    point_cloud_range=[
                        -54.0,
                        -54.0,
                        -5.0,
                        54.0,
                        54.0,
                        3.0,
                    ],
                    type='ObjectRangeFilter'),
                dict(
                    classes=[
                        'car',
                        'truck',
                        'construction_vehicle',
                        'bus',
                        'trailer',
                        'barrier',
                        'motorcycle',
                        'bicycle',
                        'pedestrian',
                        'traffic_cone',
                    ],
                    type='ObjectNameFilter'),
                dict(type='PointShuffle'),
                dict(
                    keys=[
                        'points',
                        'img',
                        'gt_bboxes_3d',
                        'gt_labels_3d',
                        'gt_bboxes',
                        'gt_labels',
                    ],
                    meta_keys=[
                        'cam2img',
                        'ori_cam2img',
                        'lidar2cam',
                        'lidar2img',
                        'cam2lidar',
                        'ori_lidar2img',
                        'img_aug_matrix',
                        'box_type_3d',
                        'sample_idx',
                        'lidar_path',
                        'img_path',
                        'transformation_3d_flow',
                        'pcd_rotation',
                        'pcd_scale_factor',
                        'pcd_trans',
                        'img_aug_matrix',
                        'lidar_aug_matrix',
                    ],
                    type='Pack3DDetInputs'),
            ],
            test_mode=False,
            type='NuScenesDataset',
            use_valid_flag=True),
        type='CBGSDataset'),
    num_workers=1,
    persistent_workers=True,
    sampler=dict(shuffle=True, type='DefaultSampler'))
train_pipeline = [
    dict(
        backend_args=None,
        coord_type='LIDAR',
        load_dim=5,
        type='LoadPointsFromFile',
        use_dim=5),
    dict(
        backend_args=None,
        load_dim=5,
        pad_empty_sweeps=True,
        remove_close=True,
        sweeps_num=9,
        type='LoadPointsFromMultiSweeps',
        use_dim=5),
    dict(
        type='LoadAnnotations3D',
        with_attr_label=False,
        with_bbox_3d=True,
        with_label_3d=True),
    dict(
        db_sampler=dict(
            classes=[
                'car',
                'truck',
                'construction_vehicle',
                'bus',
                'trailer',
                'barrier',
                'motorcycle',
                'bicycle',
                'pedestrian',
                'traffic_cone',
            ],
            data_root='/media/xavier02/Sparkles1/nuscenes/',
            info_path=
            '/media/xavier02/Sparkles1/nuscenes/nuscenes_dbinfos_train.pkl',
            points_loader=dict(
                backend_args=None,
                coord_type='LIDAR',
                load_dim=5,
                type='LoadPointsFromFile',
                use_dim=[
                    0,
                    1,
                    2,
                    3,
                    4,
                ]),
            prepare=dict(
                filter_by_difficulty=[
                    -1,
                ],
                filter_by_min_points=dict(
                    barrier=5,
                    bicycle=5,
                    bus=5,
                    car=5,
                    construction_vehicle=5,
                    motorcycle=5,
                    pedestrian=5,
                    traffic_cone=5,
                    trailer=5,
                    truck=5)),
            rate=1.0,
            sample_groups=dict(
                barrier=2,
                bicycle=6,
                bus=4,
                car=2,
                construction_vehicle=7,
                motorcycle=6,
                pedestrian=2,
                traffic_cone=2,
                trailer=6,
                truck=3)),
        type='ObjectSample'),
    dict(
        rot_range=[
            -0.78539816,
            0.78539816,
        ],
        scale_ratio_range=[
            0.9,
            1.1,
        ],
        translation_std=0.5,
        type='GlobalRotScaleTrans'),
    dict(type='BEVFusionRandomFlip3D'),
    dict(
        point_cloud_range=[
            -54.0,
            -54.0,
            -5.0,
            54.0,
            54.0,
            3.0,
        ],
        type='PointsRangeFilter'),
    dict(
        point_cloud_range=[
            -54.0,
            -54.0,
            -5.0,
            54.0,
            54.0,
            3.0,
        ],
        type='ObjectRangeFilter'),
    dict(
        classes=[
            'car',
            'truck',
            'construction_vehicle',
            'bus',
            'trailer',
            'barrier',
            'motorcycle',
            'bicycle',
            'pedestrian',
            'traffic_cone',
        ],
        type='ObjectNameFilter'),
    dict(type='PointShuffle'),
    dict(
        keys=[
            'points',
            'img',
            'gt_bboxes_3d',
            'gt_labels_3d',
            'gt_bboxes',
            'gt_labels',
        ],
        meta_keys=[
            'cam2img',
            'ori_cam2img',
            'lidar2cam',
            'lidar2img',
            'cam2lidar',
            'ori_lidar2img',
            'img_aug_matrix',
            'box_type_3d',
            'sample_idx',
            'lidar_path',
            'img_path',
            'transformation_3d_flow',
            'pcd_rotation',
            'pcd_scale_factor',
            'pcd_trans',
            'img_aug_matrix',
            'lidar_aug_matrix',
        ],
        type='Pack3DDetInputs'),
]
val_cfg = dict()
val_dataloader = dict(
    batch_size=1,
    dataset=dict(
        ann_file='nuscenes_infos_val.pkl',
        backend_args=None,
        box_type_3d='LiDAR',
        data_prefix=dict(
            CAM_BACK='samples/CAM_BACK',
            CAM_BACK_LEFT='samples/CAM_BACK_LEFT',
            CAM_BACK_RIGHT='samples/CAM_BACK_RIGHT',
            CAM_FRONT='samples/CAM_FRONT',
            CAM_FRONT_LEFT='samples/CAM_FRONT_LEFT',
            CAM_FRONT_RIGHT='samples/CAM_FRONT_RIGHT',
            pts='samples/LIDAR_TOP',
            sweeps='sweeps/LIDAR_TOP'),
        data_root='/media/xavier02/Sparkles1/nuscenes/',
        metainfo=dict(classes=[
            'car',
            'truck',
            'construction_vehicle',
            'bus',
            'trailer',
            'barrier',
            'motorcycle',
            'bicycle',
            'pedestrian',
            'traffic_cone',
        ]),
        modality=dict(use_camera=False, use_lidar=True),
        pipeline=[
            dict(
                backend_args=None,
                coord_type='LIDAR',
                load_dim=5,
                type='LoadPointsFromFile',
                use_dim=5),
            dict(
                backend_args=None,
                load_dim=5,
                pad_empty_sweeps=True,
                remove_close=True,
                sweeps_num=9,
                type='LoadPointsFromMultiSweeps',
                use_dim=5),
            dict(
                point_cloud_range=[
                    -54.0,
                    -54.0,
                    -5.0,
                    54.0,
                    54.0,
                    3.0,
                ],
                type='PointsRangeFilter'),
            dict(
                keys=[
                    'img',
                    'points',
                    'gt_bboxes_3d',
                    'gt_labels_3d',
                ],
                meta_keys=[
                    'cam2img',
                    'ori_cam2img',
                    'lidar2cam',
                    'lidar2img',
                    'cam2lidar',
                    'ori_lidar2img',
                    'img_aug_matrix',
                    'box_type_3d',
                    'sample_idx',
                    'lidar_path',
                    'img_path',
                    'num_pts_feats',
                    'num_views',
                ],
                type='Pack3DDetInputs'),
        ],
        test_mode=True,
        type='NuScenesDataset'),
    drop_last=False,
    num_workers=4,
    persistent_workers=True,
    sampler=dict(shuffle=False, type='DefaultSampler'))
val_evaluator = dict(
    ann_file='/media/xavier02/Sparkles1/nuscenes/nuscenes_infos_val.pkl',
    backend_args=None,
    data_root='/media/xavier02/Sparkles1/nuscenes/',
    metric='bbox',
    type='NuScenesMetric')
vis_backends = [
    dict(type='LocalVisBackend'),
]
visualizer = dict(
    name='visualizer',
    type='Det3DLocalVisualizer',
    vis_backends=[
        dict(type='LocalVisBackend'),
    ])
voxel_size = [
    0.075,
    0.075,
    0.2,
]
work_dir = './work_dirs/bevfusion_lidar_voxel0075_9sweeps'

2024/12/07 22:19:15 - mmengine - INFO - Distributed training is not used, all SyncBatchNorm (SyncBN) layers in the model will be automatically reverted to BatchNormXd layers if they are used.
2024/12/07 22:19:15 - mmengine - INFO - Hooks will be executed in the following order:
before_run:
(VERY_HIGH   ) RuntimeInfoHook                    
(BELOW_NORMAL) LoggerHook                         
 -------------------- 
before_train:
(VERY_HIGH   ) RuntimeInfoHook                    
(NORMAL      ) IterTimerHook                      
(VERY_LOW    ) CheckpointHook                     
 -------------------- 
before_train_epoch:
(VERY_HIGH   ) RuntimeInfoHook                    
(NORMAL      ) IterTimerHook                      
(NORMAL      ) DistSamplerSeedHook                
(NORMAL      ) DisableObjectSampleHook            
 -------------------- 
before_train_iter:
(VERY_HIGH   ) RuntimeInfoHook                    
(NORMAL      ) IterTimerHook                      
 -------------------- 
after_train_iter:
(VERY_HIGH   ) RuntimeInfoHook                    
(NORMAL      ) IterTimerHook                      
(BELOW_NORMAL) LoggerHook                         
(LOW         ) ParamSchedulerHook                 
(VERY_LOW    ) CheckpointHook                     
 -------------------- 
after_train_epoch:
(NORMAL      ) IterTimerHook                      
(LOW         ) ParamSchedulerHook                 
(VERY_LOW    ) CheckpointHook                     
 -------------------- 
before_val:
(VERY_HIGH   ) RuntimeInfoHook                    
 -------------------- 
before_val_epoch:
(NORMAL      ) IterTimerHook                      
 -------------------- 
before_val_iter:
(NORMAL      ) IterTimerHook                      
 -------------------- 
after_val_iter:
(NORMAL      ) IterTimerHook                      
(NORMAL      ) Det3DVisualizationHook             
(BELOW_NORMAL) LoggerHook                         
 -------------------- 
after_val_epoch:
(VERY_HIGH   ) RuntimeInfoHook                    
(NORMAL      ) IterTimerHook                      
(BELOW_NORMAL) LoggerHook                         
(LOW         ) ParamSchedulerHook                 
(VERY_LOW    ) CheckpointHook                     
 -------------------- 
after_val:
(VERY_HIGH   ) RuntimeInfoHook                    
 -------------------- 
after_train:
(VERY_HIGH   ) RuntimeInfoHook                    
(VERY_LOW    ) CheckpointHook                     
 -------------------- 
before_test:
(VERY_HIGH   ) RuntimeInfoHook                    
 -------------------- 
before_test_epoch:
(NORMAL      ) IterTimerHook                      
 -------------------- 
before_test_iter:
(NORMAL      ) IterTimerHook                      
 -------------------- 
after_test_iter:
(NORMAL      ) IterTimerHook                      
(NORMAL      ) Det3DVisualizationHook             
(BELOW_NORMAL) LoggerHook                         
 -------------------- 
after_test_epoch:
(VERY_HIGH   ) RuntimeInfoHook                    
(NORMAL      ) IterTimerHook                      
(BELOW_NORMAL) LoggerHook                         
 -------------------- 
after_test:
(VERY_HIGH   ) RuntimeInfoHook                    
 -------------------- 
after_run:
(BELOW_NORMAL) LoggerHook                         
 -------------------- 
2024/12/07 22:19:53 - mmengine - INFO - ------------------------------
2024/12/07 22:19:53 - mmengine - INFO - The length of test dataset: 6019
2024/12/07 22:19:53 - mmengine - INFO - The number of instances per category in the dataset:
+----------------------+--------+
| category             | number |
+----------------------+--------+
| car                  | 80004  |
| truck                | 15704  |
| construction_vehicle | 2678   |
| bus                  | 3158   |
| trailer              | 4159   |
| barrier              | 26992  |
| motorcycle           | 2508   |
| bicycle              | 2381   |
| pedestrian           | 34347  |
| traffic_cone         | 15597  |
+----------------------+--------+
2024/12/07 22:19:58 - mmengine - INFO - Load checkpoint from projects/BEVFusion/configs/Lidar_checkpoint_voxel_0075_4sweeps.pth
2024/12/07 22:20:44 - mmengine - INFO - Epoch(test) [  50/6019]    eta: 1:32:16  time: 0.9276  data_time: 0.0159  memory: 434  
2024/12/07 22:21:30 - mmengine - INFO - Epoch(test) [ 100/6019]    eta: 1:31:14  time: 0.9221  data_time: 0.0089  memory: 434  
2024/12/07 22:22:15 - mmengine - INFO - Epoch(test) [ 150/6019]    eta: 1:29:06  time: 0.8832  data_time: 0.0086  memory: 433  
2024/12/07 22:23:00 - mmengine - INFO - Epoch(test) [ 200/6019]    eta: 1:28:28  time: 0.9161  data_time: 0.0091  memory: 434  
2024/12/07 22:23:45 - mmengine - INFO - Epoch(test) [ 250/6019]    eta: 1:27:30  time: 0.9016  data_time: 0.0088  memory: 434  
2024/12/07 22:24:28 - mmengine - INFO - Epoch(test) [ 300/6019]    eta: 1:25:46  time: 0.8484  data_time: 0.0098  memory: 434  
2024/12/07 22:25:13 - mmengine - INFO - Epoch(test) [ 350/6019]    eta: 1:25:10  time: 0.9113  data_time: 0.0089  memory: 433  
2024/12/07 22:26:00 - mmengine - INFO - Epoch(test) [ 400/6019]    eta: 1:24:44  time: 0.9294  data_time: 0.0092  memory: 433  
2024/12/07 22:26:46 - mmengine - INFO - Epoch(test) [ 450/6019]    eta: 1:24:05  time: 0.9140  data_time: 0.0088  memory: 434  
2024/12/07 22:27:30 - mmengine - INFO - Epoch(test) [ 500/6019]    eta: 1:23:08  time: 0.8851  data_time: 0.0084  memory: 433  
2024/12/07 22:28:14 - mmengine - INFO - Epoch(test) [ 550/6019]    eta: 1:22:10  time: 0.8779  data_time: 0.0087  memory: 433  
2024/12/07 22:28:55 - mmengine - INFO - Epoch(test) [ 600/6019]    eta: 1:20:46  time: 0.8149  data_time: 0.0084  memory: 434  
2024/12/07 22:29:31 - mmengine - INFO - Epoch(test) [ 650/6019]    eta: 1:18:51  time: 0.7242  data_time: 0.0080  memory: 433  
2024/12/07 22:30:06 - mmengine - INFO - Epoch(test) [ 700/6019]    eta: 1:17:02  time: 0.7102  data_time: 0.0083  memory: 434  
2024/12/07 22:30:42 - mmengine - INFO - Epoch(test) [ 750/6019]    eta: 1:15:25  time: 0.7165  data_time: 0.0080  memory: 433  
2024/12/07 22:31:24 - mmengine - INFO - Epoch(test) [ 800/6019]    eta: 1:14:33  time: 0.8327  data_time: 0.0084  memory: 434  
2024/12/07 22:32:05 - mmengine - INFO - Epoch(test) [ 850/6019]    eta: 1:13:37  time: 0.8137  data_time: 0.0083  memory: 432  
2024/12/07 22:32:42 - mmengine - INFO - Epoch(test) [ 900/6019]    eta: 1:12:26  time: 0.7532  data_time: 0.0085  memory: 434  
2024/12/07 22:33:23 - mmengine - INFO - Epoch(test) [ 950/6019]    eta: 1:11:36  time: 0.8242  data_time: 0.0087  memory: 434  
2024/12/07 22:34:07 - mmengine - INFO - Epoch(test) [1000/6019]    eta: 1:11:00  time: 0.8696  data_time: 0.0085  memory: 434  
2024/12/07 22:34:42 - mmengine - INFO - Epoch(test) [1050/6019]    eta: 1:09:42  time: 0.7015  data_time: 0.0092  memory: 433  
2024/12/07 22:35:22 - mmengine - INFO - Epoch(test) [1100/6019]    eta: 1:08:52  time: 0.8058  data_time: 0.0085  memory: 434  
2024/12/07 22:36:01 - mmengine - INFO - Epoch(test) [1150/6019]    eta: 1:07:58  time: 0.7827  data_time: 0.0085  memory: 434  
2024/12/07 22:36:43 - mmengine - INFO - Epoch(test) [1200/6019]    eta: 1:07:15  time: 0.8328  data_time: 0.0085  memory: 434  
2024/12/07 22:37:29 - mmengine - INFO - Epoch(test) [1250/6019]    eta: 1:06:49  time: 0.9184  data_time: 0.0094  memory: 434  
2024/12/07 22:38:11 - mmengine - INFO - Epoch(test) [1300/6019]    eta: 1:06:06  time: 0.8370  data_time: 0.0082  memory: 434  
2024/12/07 22:38:55 - mmengine - INFO - Epoch(test) [1350/6019]    eta: 1:05:31  time: 0.8827  data_time: 0.0085  memory: 433  
2024/12/07 22:39:38 - mmengine - INFO - Epoch(test) [1400/6019]    eta: 1:04:51  time: 0.8560  data_time: 0.0085  memory: 434  
2024/12/07 22:40:23 - mmengine - INFO - Epoch(test) [1450/6019]    eta: 1:04:19  time: 0.9028  data_time: 0.0083  memory: 434  
2024/12/07 22:41:10 - mmengine - INFO - Epoch(test) [1500/6019]    eta: 1:03:51  time: 0.9396  data_time: 0.0088  memory: 433  
2024/12/07 22:41:55 - mmengine - INFO - Epoch(test) [1550/6019]    eta: 1:03:17  time: 0.9055  data_time: 0.0092  memory: 433  
2024/12/07 22:42:33 - mmengine - INFO - Epoch(test) [1600/6019]    eta: 1:02:21  time: 0.7551  data_time: 0.0086  memory: 433  
2024/12/07 22:43:17 - mmengine - INFO - Epoch(test) [1650/6019]    eta: 1:01:43  time: 0.8783  data_time: 0.0089  memory: 434  
2024/12/07 22:43:59 - mmengine - INFO - Epoch(test) [1700/6019]    eta: 1:01:00  time: 0.8397  data_time: 0.0086  memory: 434  
2024/12/07 22:44:42 - mmengine - INFO - Epoch(test) [1750/6019]    eta: 1:00:18  time: 0.8525  data_time: 0.0084  memory: 433  
2024/12/07 22:45:24 - mmengine - INFO - Epoch(test) [1800/6019]    eta: 0:59:35  time: 0.8395  data_time: 0.0087  memory: 433  
2024/12/07 22:46:04 - mmengine - INFO - Epoch(test) [1850/6019]    eta: 0:58:49  time: 0.8189  data_time: 0.0083  memory: 434  
2024/12/07 22:46:42 - mmengine - INFO - Epoch(test) [1900/6019]    eta: 0:57:56  time: 0.7497  data_time: 0.0083  memory: 433  
2024/12/07 22:47:22 - mmengine - INFO - Epoch(test) [1950/6019]    eta: 0:57:10  time: 0.8086  data_time: 0.0090  memory: 433  
2024/12/07 22:48:03 - mmengine - INFO - Epoch(test) [2000/6019]    eta: 0:56:25  time: 0.8127  data_time: 0.0084  memory: 434  
2024/12/07 22:48:46 - mmengine - INFO - Epoch(test) [2050/6019]    eta: 0:55:44  time: 0.8498  data_time: 0.0086  memory: 434  
2024/12/07 22:49:27 - mmengine - INFO - Epoch(test) [2100/6019]    eta: 0:55:01  time: 0.8345  data_time: 0.0086  memory: 433  
2024/12/07 22:50:08 - mmengine - INFO - Epoch(test) [2150/6019]    eta: 0:54:17  time: 0.8211  data_time: 0.0084  memory: 433  
2024/12/07 22:50:52 - mmengine - INFO - Epoch(test) [2200/6019]    eta: 0:53:37  time: 0.8646  data_time: 0.0088  memory: 434  
2024/12/07 22:51:34 - mmengine - INFO - Epoch(test) [2250/6019]    eta: 0:52:55  time: 0.8492  data_time: 0.0086  memory: 434  
2024/12/07 22:52:12 - mmengine - INFO - Epoch(test) [2300/6019]    eta: 0:52:06  time: 0.7554  data_time: 0.0081  memory: 434  
2024/12/07 22:52:46 - mmengine - INFO - Epoch(test) [2350/6019]    eta: 0:51:11  time: 0.6809  data_time: 0.0085  memory: 432  
2024/12/07 22:53:24 - mmengine - INFO - Epoch(test) [2400/6019]    eta: 0:50:24  time: 0.7664  data_time: 0.0084  memory: 434  
2024/12/07 22:54:08 - mmengine - INFO - Epoch(test) [2450/6019]    eta: 0:49:45  time: 0.8695  data_time: 0.0083  memory: 434  
2024/12/07 22:54:50 - mmengine - INFO - Epoch(test) [2500/6019]    eta: 0:49:04  time: 0.8514  data_time: 0.0087  memory: 433  
2024/12/07 22:55:28 - mmengine - INFO - Epoch(test) [2550/6019]    eta: 0:48:17  time: 0.7583  data_time: 0.0082  memory: 434  
2024/12/07 22:56:04 - mmengine - INFO - Epoch(test) [2600/6019]    eta: 0:47:28  time: 0.7224  data_time: 0.0086  memory: 433  
2024/12/07 22:56:45 - mmengine - INFO - Epoch(test) [2650/6019]    eta: 0:46:45  time: 0.8159  data_time: 0.0086  memory: 434  
2024/12/07 22:57:26 - mmengine - INFO - Epoch(test) [2700/6019]    eta: 0:46:03  time: 0.8225  data_time: 0.0082  memory: 434  
2024/12/07 22:58:05 - mmengine - INFO - Epoch(test) [2750/6019]    eta: 0:45:18  time: 0.7838  data_time: 0.0087  memory: 433  
2024/12/07 22:58:46 - mmengine - INFO - Epoch(test) [2800/6019]    eta: 0:44:35  time: 0.8013  data_time: 0.0083  memory: 434  
2024/12/07 22:59:20 - mmengine - INFO - Epoch(test) [2850/6019]    eta: 0:43:45  time: 0.6838  data_time: 0.0081  memory: 432  
2024/12/07 22:59:55 - mmengine - INFO - Epoch(test) [2900/6019]    eta: 0:42:57  time: 0.7081  data_time: 0.0083  memory: 433  
2024/12/07 23:00:30 - mmengine - INFO - Epoch(test) [2950/6019]    eta: 0:42:09  time: 0.6953  data_time: 0.0080  memory: 432  
2024/12/07 23:01:08 - mmengine - INFO - Epoch(test) [3000/6019]    eta: 0:41:24  time: 0.7527  data_time: 0.0079  memory: 433  
2024/12/07 23:01:47 - mmengine - INFO - Epoch(test) [3050/6019]    eta: 0:40:42  time: 0.7911  data_time: 0.0078  memory: 433  
2024/12/07 23:02:18 - mmengine - INFO - Epoch(test) [3100/6019]    eta: 0:39:50  time: 0.6086  data_time: 0.0080  memory: 432  
2024/12/07 23:02:45 - mmengine - INFO - Epoch(test) [3150/6019]    eta: 0:38:57  time: 0.5557  data_time: 0.0077  memory: 432  
2024/12/07 23:03:19 - mmengine - INFO - Epoch(test) [3200/6019]    eta: 0:38:10  time: 0.6697  data_time: 0.0076  memory: 432  
2024/12/07 23:03:52 - mmengine - INFO - Epoch(test) [3250/6019]    eta: 0:37:23  time: 0.6605  data_time: 0.0079  memory: 432  
2024/12/07 23:04:34 - mmengine - INFO - Epoch(test) [3300/6019]    eta: 0:36:44  time: 0.8442  data_time: 0.0082  memory: 434  
2024/12/07 23:05:15 - mmengine - INFO - Epoch(test) [3350/6019]    eta: 0:36:04  time: 0.8106  data_time: 0.0082  memory: 432  
2024/12/07 23:05:55 - mmengine - INFO - Epoch(test) [3400/6019]    eta: 0:35:23  time: 0.8059  data_time: 0.0081  memory: 432  
2024/12/07 23:06:35 - mmengine - INFO - Epoch(test) [3450/6019]    eta: 0:34:42  time: 0.8077  data_time: 0.0082  memory: 433  
2024/12/07 23:07:15 - mmengine - INFO - Epoch(test) [3500/6019]    eta: 0:34:01  time: 0.7852  data_time: 0.0087  memory: 433  
2024/12/07 23:07:52 - mmengine - INFO - Epoch(test) [3550/6019]    eta: 0:33:18  time: 0.7469  data_time: 0.0078  memory: 432  
2024/12/07 23:08:29 - mmengine - INFO - Epoch(test) [3600/6019]    eta: 0:32:35  time: 0.7402  data_time: 0.0080  memory: 433  
2024/12/07 23:09:08 - mmengine - INFO - Epoch(test) [3650/6019]    eta: 0:31:54  time: 0.7759  data_time: 0.0081  memory: 433  
2024/12/07 23:09:43 - mmengine - INFO - Epoch(test) [3700/6019]    eta: 0:31:10  time: 0.6985  data_time: 0.0078  memory: 432  
2024/12/07 23:10:23 - mmengine - INFO - Epoch(test) [3750/6019]    eta: 0:30:29  time: 0.7977  data_time: 0.0082  memory: 433  
2024/12/07 23:11:10 - mmengine - INFO - Epoch(test) [3800/6019]    eta: 0:29:53  time: 0.9442  data_time: 0.0087  memory: 433  
2024/12/07 23:11:52 - mmengine - INFO - Epoch(test) [3850/6019]    eta: 0:29:14  time: 0.8487  data_time: 0.0081  memory: 433  
2024/12/07 23:12:39 - mmengine - INFO - Epoch(test) [3900/6019]    eta: 0:28:37  time: 0.9434  data_time: 0.0084  memory: 433  
2024/12/07 23:13:26 - mmengine - INFO - Epoch(test) [3950/6019]    eta: 0:28:00  time: 0.9342  data_time: 0.0086  memory: 433  
2024/12/07 23:14:14 - mmengine - INFO - Epoch(test) [4000/6019]    eta: 0:27:23  time: 0.9506  data_time: 0.0085  memory: 433  
2024/12/07 23:14:49 - mmengine - INFO - Epoch(test) [4050/6019]    eta: 0:26:39  time: 0.7032  data_time: 0.0078  memory: 432  
2024/12/07 23:15:26 - mmengine - INFO - Epoch(test) [4100/6019]    eta: 0:25:57  time: 0.7483  data_time: 0.0079  memory: 433  
2024/12/07 23:16:05 - mmengine - INFO - Epoch(test) [4150/6019]    eta: 0:25:16  time: 0.7791  data_time: 0.0081  memory: 433  
2024/12/07 23:16:48 - mmengine - INFO - Epoch(test) [4200/6019]    eta: 0:24:36  time: 0.8509  data_time: 0.0082  memory: 434  
2024/12/07 23:17:22 - mmengine - INFO - Epoch(test) [4250/6019]    eta: 0:23:53  time: 0.6738  data_time: 0.0080  memory: 433  
2024/12/07 23:17:54 - mmengine - INFO - Epoch(test) [4300/6019]    eta: 0:23:09  time: 0.6518  data_time: 0.0078  memory: 432  
2024/12/07 23:18:27 - mmengine - INFO - Epoch(test) [4350/6019]    eta: 0:22:26  time: 0.6647  data_time: 0.0076  memory: 432  
2024/12/07 23:19:04 - mmengine - INFO - Epoch(test) [4400/6019]    eta: 0:21:44  time: 0.7280  data_time: 0.0081  memory: 433  
2024/12/07 23:19:42 - mmengine - INFO - Epoch(test) [4450/6019]    eta: 0:21:03  time: 0.7553  data_time: 0.0080  memory: 433  
2024/12/07 23:20:24 - mmengine - INFO - Epoch(test) [4500/6019]    eta: 0:20:23  time: 0.8568  data_time: 0.0084  memory: 433  
2024/12/07 23:21:07 - mmengine - INFO - Epoch(test) [4550/6019]    eta: 0:19:44  time: 0.8495  data_time: 0.0085  memory: 434  
2024/12/07 23:21:53 - mmengine - INFO - Epoch(test) [4600/6019]    eta: 0:19:05  time: 0.9166  data_time: 0.0081  memory: 434  
2024/12/07 23:22:40 - mmengine - INFO - Epoch(test) [4650/6019]    eta: 0:18:27  time: 0.9528  data_time: 0.0085  memory: 434  
2024/12/07 23:23:24 - mmengine - INFO - Epoch(test) [4700/6019]    eta: 0:17:48  time: 0.8810  data_time: 0.0083  memory: 434  
2024/12/07 23:24:08 - mmengine - INFO - Epoch(test) [4750/6019]    eta: 0:17:08  time: 0.8655  data_time: 0.0082  memory: 434  
2024/12/07 23:24:53 - mmengine - INFO - Epoch(test) [4800/6019]    eta: 0:16:28  time: 0.9007  data_time: 0.0084  memory: 434  
2024/12/07 23:25:38 - mmengine - INFO - Epoch(test) [4850/6019]    eta: 0:15:49  time: 0.8949  data_time: 0.0082  memory: 434  
2024/12/07 23:26:21 - mmengine - INFO - Epoch(test) [4900/6019]    eta: 0:15:09  time: 0.8718  data_time: 0.0084  memory: 433  
2024/12/07 23:27:04 - mmengine - INFO - Epoch(test) [4950/6019]    eta: 0:14:29  time: 0.8632  data_time: 0.0083  memory: 434  
2024/12/07 23:27:48 - mmengine - INFO - Epoch(test) [5000/6019]    eta: 0:13:49  time: 0.8837  data_time: 0.0088  memory: 434  
2024/12/07 23:28:32 - mmengine - INFO - Epoch(test) [5050/6019]    eta: 0:13:09  time: 0.8733  data_time: 0.0083  memory: 434  
2024/12/07 23:29:15 - mmengine - INFO - Epoch(test) [5100/6019]    eta: 0:12:28  time: 0.8620  data_time: 0.0081  memory: 433  
2024/12/07 23:29:56 - mmengine - INFO - Epoch(test) [5150/6019]    eta: 0:11:48  time: 0.8219  data_time: 0.0082  memory: 433  
2024/12/07 23:30:36 - mmengine - INFO - Epoch(test) [5200/6019]    eta: 0:11:07  time: 0.7976  data_time: 0.0082  memory: 433  
2024/12/07 23:31:20 - mmengine - INFO - Epoch(test) [5250/6019]    eta: 0:10:27  time: 0.8697  data_time: 0.0084  memory: 434  
2024/12/07 23:32:00 - mmengine - INFO - Epoch(test) [5300/6019]    eta: 0:09:46  time: 0.7975  data_time: 0.0081  memory: 433  
2024/12/07 23:32:42 - mmengine - INFO - Epoch(test) [5350/6019]    eta: 0:09:05  time: 0.8511  data_time: 0.0084  memory: 433  
2024/12/07 23:33:28 - mmengine - INFO - Epoch(test) [5400/6019]    eta: 0:08:25  time: 0.9253  data_time: 0.0085  memory: 433  
2024/12/07 23:34:13 - mmengine - INFO - Epoch(test) [5450/6019]    eta: 0:07:45  time: 0.8982  data_time: 0.0085  memory: 433  
2024/12/07 23:35:00 - mmengine - INFO - Epoch(test) [5500/6019]    eta: 0:07:04  time: 0.9407  data_time: 0.0085  memory: 433  
2024/12/07 23:35:47 - mmengine - INFO - Epoch(test) [5550/6019]    eta: 0:06:24  time: 0.9316  data_time: 0.0080  memory: 433  
2024/12/07 23:36:33 - mmengine - INFO - Epoch(test) [5600/6019]    eta: 0:05:43  time: 0.9251  data_time: 0.0093  memory: 434  
2024/12/07 23:37:19 - mmengine - INFO - Epoch(test) [5650/6019]    eta: 0:05:03  time: 0.9135  data_time: 0.0083  memory: 433  
2024/12/07 23:38:08 - mmengine - INFO - Epoch(test) [5700/6019]    eta: 0:04:22  time: 0.9738  data_time: 0.0092  memory: 434  
2024/12/07 23:38:55 - mmengine - INFO - Epoch(test) [5750/6019]    eta: 0:03:41  time: 0.9457  data_time: 0.0087  memory: 434  
2024/12/07 23:39:39 - mmengine - INFO - Epoch(test) [5800/6019]    eta: 0:03:00  time: 0.8873  data_time: 0.0087  memory: 433  
2024/12/07 23:40:24 - mmengine - INFO - Epoch(test) [5850/6019]    eta: 0:02:19  time: 0.8933  data_time: 0.0085  memory: 433  
2024/12/07 23:41:11 - mmengine - INFO - Epoch(test) [5900/6019]    eta: 0:01:38  time: 0.9446  data_time: 0.0086  memory: 433  
2024/12/07 23:41:58 - mmengine - INFO - Epoch(test) [5950/6019]    eta: 0:00:57  time: 0.9299  data_time: 0.0086  memory: 434  
2024/12/07 23:42:41 - mmengine - INFO - Epoch(test) [6000/6019]    eta: 0:00:15  time: 0.8728  data_time: 0.0084  memory: 434  
2024/12/08 00:10:11 - mmengine - INFO - Epoch(test) [6019/6019]    NuScenes metric/pred_instances_3d_NuScenes/car_AP_dist_0.5: 0.5694  NuScenes metric/pred_instances_3d_NuScenes/car_AP_dist_1.0: 0.6506  NuScenes metric/pred_instances_3d_NuScenes/car_AP_dist_2.0: 0.6653  NuScenes metric/pred_instances_3d_NuScenes/car_AP_dist_4.0: 0.6776  NuScenes metric/pred_instances_3d_NuScenes/car_trans_err: 0.1882  NuScenes metric/pred_instances_3d_NuScenes/car_scale_err: 0.1667  NuScenes metric/pred_instances_3d_NuScenes/car_orient_err: 0.1535  NuScenes metric/pred_instances_3d_NuScenes/car_vel_err: 0.5277  NuScenes metric/pred_instances_3d_NuScenes/car_attr_err: 0.2156  NuScenes metric/pred_instances_3d_NuScenes/mATE: 0.3156  NuScenes metric/pred_instances_3d_NuScenes/mASE: 0.2696  NuScenes metric/pred_instances_3d_NuScenes/mAOE: 0.3972  NuScenes metric/pred_instances_3d_NuScenes/mAVE: 0.3922  NuScenes metric/pred_instances_3d_NuScenes/mAAE: 0.2123  NuScenes metric/pred_instances_3d_NuScenes/truck_AP_dist_0.5: 0.2154  NuScenes metric/pred_instances_3d_NuScenes/truck_AP_dist_1.0: 0.3577  NuScenes metric/pred_instances_3d_NuScenes/truck_AP_dist_2.0: 0.3995  NuScenes metric/pred_instances_3d_NuScenes/truck_AP_dist_4.0: 0.4313  NuScenes metric/pred_instances_3d_NuScenes/truck_trans_err: 0.3404  NuScenes metric/pred_instances_3d_NuScenes/truck_scale_err: 0.1960  NuScenes metric/pred_instances_3d_NuScenes/truck_orient_err: 0.1548  NuScenes metric/pred_instances_3d_NuScenes/truck_vel_err: 0.3412  NuScenes metric/pred_instances_3d_NuScenes/truck_attr_err: 0.2665  NuScenes metric/pred_instances_3d_NuScenes/construction_vehicle_AP_dist_0.5: 0.0000  NuScenes metric/pred_instances_3d_NuScenes/construction_vehicle_AP_dist_1.0: 0.0000  NuScenes metric/pred_instances_3d_NuScenes/construction_vehicle_AP_dist_2.0: 0.0003  NuScenes metric/pred_instances_3d_NuScenes/construction_vehicle_AP_dist_4.0: 0.0111  NuScenes metric/pred_instances_3d_NuScenes/construction_vehicle_trans_err: 0.8431  NuScenes metric/pred_instances_3d_NuScenes/construction_vehicle_scale_err: 0.4585  NuScenes metric/pred_instances_3d_NuScenes/construction_vehicle_orient_err: 1.1188  NuScenes metric/pred_instances_3d_NuScenes/construction_vehicle_vel_err: 0.1297  NuScenes metric/pred_instances_3d_NuScenes/construction_vehicle_attr_err: 0.3188  NuScenes metric/pred_instances_3d_NuScenes/bus_AP_dist_0.5: 0.3453  NuScenes metric/pred_instances_3d_NuScenes/bus_AP_dist_1.0: 0.5685  NuScenes metric/pred_instances_3d_NuScenes/bus_AP_dist_2.0: 0.6858  NuScenes metric/pred_instances_3d_NuScenes/bus_AP_dist_4.0: 0.7125  NuScenes metric/pred_instances_3d_NuScenes/bus_trans_err: 0.3585  NuScenes metric/pred_instances_3d_NuScenes/bus_scale_err: 0.1910  NuScenes metric/pred_instances_3d_NuScenes/bus_orient_err: 0.0952  NuScenes metric/pred_instances_3d_NuScenes/bus_vel_err: 0.6417  NuScenes metric/pred_instances_3d_NuScenes/bus_attr_err: 0.2920  NuScenes metric/pred_instances_3d_NuScenes/trailer_AP_dist_0.5: 0.0306  NuScenes metric/pred_instances_3d_NuScenes/trailer_AP_dist_1.0: 0.1015  NuScenes metric/pred_instances_3d_NuScenes/trailer_AP_dist_2.0: 0.1446  NuScenes metric/pred_instances_3d_NuScenes/trailer_AP_dist_4.0: 0.1817  NuScenes metric/pred_instances_3d_NuScenes/trailer_trans_err: 0.5318  NuScenes metric/pred_instances_3d_NuScenes/trailer_scale_err: 0.2157  NuScenes metric/pred_instances_3d_NuScenes/trailer_orient_err: 0.7429  NuScenes metric/pred_instances_3d_NuScenes/trailer_vel_err: 0.2868  NuScenes metric/pred_instances_3d_NuScenes/trailer_attr_err: 0.1881  NuScenes metric/pred_instances_3d_NuScenes/barrier_AP_dist_0.5: 0.3485  NuScenes metric/pred_instances_3d_NuScenes/barrier_AP_dist_1.0: 0.4318  NuScenes metric/pred_instances_3d_NuScenes/barrier_AP_dist_2.0: 0.4620  NuScenes metric/pred_instances_3d_NuScenes/barrier_AP_dist_4.0: 0.4832  NuScenes metric/pred_instances_3d_NuScenes/barrier_trans_err: 0.2317  NuScenes metric/pred_instances_3d_NuScenes/barrier_scale_err: 0.2931  NuScenes metric/pred_instances_3d_NuScenes/barrier_orient_err: 0.0933  NuScenes metric/pred_instances_3d_NuScenes/barrier_vel_err: nan  NuScenes metric/pred_instances_3d_NuScenes/barrier_attr_err: nan  NuScenes metric/pred_instances_3d_NuScenes/motorcycle_AP_dist_0.5: 0.2690  NuScenes metric/pred_instances_3d_NuScenes/motorcycle_AP_dist_1.0: 0.2982  NuScenes metric/pred_instances_3d_NuScenes/motorcycle_AP_dist_2.0: 0.3018  NuScenes metric/pred_instances_3d_NuScenes/motorcycle_AP_dist_4.0: 0.3053  NuScenes metric/pred_instances_3d_NuScenes/motorcycle_trans_err: 0.2064  NuScenes metric/pred_instances_3d_NuScenes/motorcycle_scale_err: 0.2556  NuScenes metric/pred_instances_3d_NuScenes/motorcycle_orient_err: 0.3319  NuScenes metric/pred_instances_3d_NuScenes/motorcycle_vel_err: 0.6339  NuScenes metric/pred_instances_3d_NuScenes/motorcycle_attr_err: 0.2944  NuScenes metric/pred_instances_3d_NuScenes/bicycle_AP_dist_0.5: 0.0856  NuScenes metric/pred_instances_3d_NuScenes/bicycle_AP_dist_1.0: 0.0870  NuScenes metric/pred_instances_3d_NuScenes/bicycle_AP_dist_2.0: 0.0873  NuScenes metric/pred_instances_3d_NuScenes/bicycle_AP_dist_4.0: 0.0883  NuScenes metric/pred_instances_3d_NuScenes/bicycle_trans_err: 0.1629  NuScenes metric/pred_instances_3d_NuScenes/bicycle_scale_err: 0.2717  NuScenes metric/pred_instances_3d_NuScenes/bicycle_orient_err: 0.4312  NuScenes metric/pred_instances_3d_NuScenes/bicycle_vel_err: 0.2850  NuScenes metric/pred_instances_3d_NuScenes/bicycle_attr_err: 0.0297  NuScenes metric/pred_instances_3d_NuScenes/pedestrian_AP_dist_0.5: 0.6920  NuScenes metric/pred_instances_3d_NuScenes/pedestrian_AP_dist_1.0: 0.7084  NuScenes metric/pred_instances_3d_NuScenes/pedestrian_AP_dist_2.0: 0.7229  NuScenes metric/pred_instances_3d_NuScenes/pedestrian_AP_dist_4.0: 0.7423  NuScenes metric/pred_instances_3d_NuScenes/pedestrian_trans_err: 0.1521  NuScenes metric/pred_instances_3d_NuScenes/pedestrian_scale_err: 0.2857  NuScenes metric/pred_instances_3d_NuScenes/pedestrian_orient_err: 0.4530  NuScenes metric/pred_instances_3d_NuScenes/pedestrian_vel_err: 0.2918  NuScenes metric/pred_instances_3d_NuScenes/pedestrian_attr_err: 0.0931  NuScenes metric/pred_instances_3d_NuScenes/traffic_cone_AP_dist_0.5: 0.4356  NuScenes metric/pred_instances_3d_NuScenes/traffic_cone_AP_dist_1.0: 0.4455  NuScenes metric/pred_instances_3d_NuScenes/traffic_cone_AP_dist_2.0: 0.4619  NuScenes metric/pred_instances_3d_NuScenes/traffic_cone_AP_dist_4.0: 0.4996  NuScenes metric/pred_instances_3d_NuScenes/traffic_cone_trans_err: 0.1410  NuScenes metric/pred_instances_3d_NuScenes/traffic_cone_scale_err: 0.3623  NuScenes metric/pred_instances_3d_NuScenes/traffic_cone_orient_err: nan  NuScenes metric/pred_instances_3d_NuScenes/traffic_cone_vel_err: nan  NuScenes metric/pred_instances_3d_NuScenes/traffic_cone_attr_err: nan  NuScenes metric/pred_instances_3d_NuScenes/NDS: 0.5251  NuScenes metric/pred_instances_3d_NuScenes/mAP: 0.3676  data_time: 0.0085  time: 0.8271
