2024/12/06 15:49:20 - mmengine - INFO - 
------------------------------------------------------------
System environment:
    sys.platform: linux
    Python: 3.8.10 (default, Jul 29 2024, 17:02:10) [GCC 9.4.0]
    CUDA available: True
    MUSA available: False
    numpy_random_seed: 1363388307
    GPU 0: Xavier
    CUDA_HOME: /usr/local/cuda-11.4
    NVCC: Cuda compilation tools, release 11.4, V11.4.315
    GCC: aarch64-linux-gnu-gcc (Ubuntu 9.4.0-1ubuntu1~20.04.2) 9.4.0
    PyTorch: 1.11.0
    PyTorch compiling details: PyTorch built with:
  - GCC 9.4
  - C++ Version: 201402
  - OpenMP 201511 (a.k.a. OpenMP 4.5)
  - LAPACK is enabled (usually provided by MKL)
  - NNPACK is enabled
  - CPU capability usage: NO AVX
  - CUDA Runtime 11.4
  - NVCC architecture flags: -gencode;arch=compute_72,code=sm_72;-gencode;arch=compute_87,code=sm_87
  - CuDNN 8.6
    - Built with CuDNN 8.3.2
  - Build settings: BLAS_INFO=open, BUILD_TYPE=Release, CUDA_VERSION=11.4, CUDNN_VERSION=8.3.2, CXX_COMPILER=/usr/bin/c++, CXX_FLAGS= -Wno-deprecated -fvisibility-inlines-hidden -DUSE_PTHREADPOOL -fopenmp -DNDEBUG -DUSE_KINETO -DLIBKINETO_NOCUPTI -DUSE_XNNPACK -DSYMBOLICATE_MOBILE_DEBUG_HANDLE -DEDGE_PROFILER_USE_KINETO -O2 -fPIC -Wno-narrowing -Wall -Wextra -Werror=return-type -Wno-missing-field-initializers -Wno-type-limits -Wno-array-bounds -Wno-unknown-pragmas -Wno-sign-compare -Wno-unused-parameter -Wno-unused-function -Wno-unused-result -Wno-unused-local-typedefs -Wno-strict-overflow -Wno-strict-aliasing -Wno-error=deprecated-declarations -Wno-stringop-overflow -Wno-psabi -Wno-error=pedantic -Wno-error=redundant-decls -Wno-error=old-style-cast -fdiagnostics-color=always -faligned-new -Wno-unused-but-set-variable -Wno-maybe-uninitialized -fno-math-errno -fno-trapping-math -Werror=format -Werror=cast-function-type -Wno-stringop-overflow, FORCE_FALLBACK_CUDA_MPI=1, LAPACK_INFO=open, TORCH_VERSION=1.11.0, USE_CUDA=ON, USE_CUDNN=ON, USE_EIGEN_FOR_BLAS=ON, USE_EXCEPTION_PTR=1, USE_GFLAGS=OFF, USE_GLOG=OFF, USE_MKL=OFF, USE_MKLDNN=OFF, USE_MPI=ON, USE_NCCL=0, USE_NNPACK=ON, USE_OPENMP=ON, USE_ROCM=OFF, 

    TorchVision: 0.12.0
    OpenCV: 4.10.0
    MMEngine: 0.10.5

Runtime environment:
    cudnn_benchmark: False
    mp_cfg: {'mp_start_method': 'fork', 'opencv_num_threads': 0}
    dist_cfg: {'backend': 'nccl'}
    seed: 1363388307
    Distributed launcher: none
    Distributed training: False
    GPU number: 1
------------------------------------------------------------

2024/12/06 15:49:23 - mmengine - INFO - Config:
auto_scale_lr = dict(base_batch_size=32, enable=False)
backend_args = None
class_names = [
    'car',
    'truck',
    'construction_vehicle',
    'bus',
    'trailer',
    'barrier',
    'motorcycle',
    'bicycle',
    'pedestrian',
    'traffic_cone',
]
custom_hooks = [
    dict(disable_after_epoch=15, type='DisableObjectSampleHook'),
]
custom_imports = dict(
    allow_failed_imports=False, imports=[
        'projects.BEVFusion.bevfusion',
    ])
data_prefix = dict(
    CAM_BACK='samples/CAM_BACK',
    CAM_BACK_LEFT='samples/CAM_BACK_LEFT',
    CAM_BACK_RIGHT='samples/CAM_BACK_RIGHT',
    CAM_FRONT='samples/CAM_FRONT',
    CAM_FRONT_LEFT='samples/CAM_FRONT_LEFT',
    CAM_FRONT_RIGHT='samples/CAM_FRONT_RIGHT',
    pts='samples/LIDAR_TOP',
    sweeps='sweeps/LIDAR_TOP')
data_root = '/media/xavier02/Sparkles1/nuscenes/'
dataset_type = 'NuScenesDataset'
db_sampler = dict(
    classes=[
        'car',
        'truck',
        'construction_vehicle',
        'bus',
        'trailer',
        'barrier',
        'motorcycle',
        'bicycle',
        'pedestrian',
        'traffic_cone',
    ],
    data_root='/media/xavier02/Sparkles1/nuscenes/',
    info_path='/media/xavier02/Sparkles1/nuscenes/nuscenes_dbinfos_train.pkl',
    points_loader=dict(
        backend_args=None,
        coord_type='LIDAR',
        load_dim=5,
        type='LoadPointsFromFile',
        use_dim=[
            0,
            1,
            2,
            3,
            4,
        ]),
    prepare=dict(
        filter_by_difficulty=[
            -1,
        ],
        filter_by_min_points=dict(
            barrier=5,
            bicycle=5,
            bus=5,
            car=5,
            construction_vehicle=5,
            motorcycle=5,
            pedestrian=5,
            traffic_cone=5,
            trailer=5,
            truck=5)),
    rate=1.0,
    sample_groups=dict(
        barrier=2,
        bicycle=6,
        bus=4,
        car=2,
        construction_vehicle=7,
        motorcycle=6,
        pedestrian=2,
        traffic_cone=2,
        trailer=6,
        truck=3))
default_hooks = dict(
    checkpoint=dict(interval=5, type='CheckpointHook'),
    logger=dict(interval=50, type='LoggerHook'),
    param_scheduler=dict(type='ParamSchedulerHook'),
    sampler_seed=dict(type='DistSamplerSeedHook'),
    timer=dict(type='IterTimerHook'),
    visualization=dict(type='Det3DVisualizationHook'))
default_scope = 'mmdet3d'
env_cfg = dict(
    cudnn_benchmark=False,
    dist_cfg=dict(backend='nccl'),
    mp_cfg=dict(mp_start_method='fork', opencv_num_threads=0))
input_modality = dict(use_camera=False, use_lidar=True)
launcher = 'none'
load_from = 'projects/BEVFusion/configs/MMCV_Lidar_own.pth'
log_level = 'INFO'
log_processor = dict(by_epoch=True, type='LogProcessor', window_size=50)
lr = 0.0001
metainfo = dict(classes=[
    'car',
    'truck',
    'construction_vehicle',
    'bus',
    'trailer',
    'barrier',
    'motorcycle',
    'bicycle',
    'pedestrian',
    'traffic_cone',
])
model = dict(
    bbox_head=dict(
        auxiliary=True,
        bbox_coder=dict(
            code_size=10,
            out_size_factor=8,
            pc_range=[
                -54.0,
                -54.0,
            ],
            post_center_range=[
                -61.2,
                -61.2,
                -10.0,
                61.2,
                61.2,
                10.0,
            ],
            score_threshold=0.0,
            type='TransFusionBBoxCoder',
            voxel_size=[
                0.075,
                0.075,
            ]),
        bn_momentum=0.1,
        common_heads=dict(
            center=[
                2,
                2,
            ],
            dim=[
                3,
                2,
            ],
            height=[
                1,
                2,
            ],
            rot=[
                2,
                2,
            ],
            vel=[
                2,
                2,
            ]),
        decoder_layer=dict(
            cross_attn_cfg=dict(dropout=0.1, embed_dims=128, num_heads=8),
            ffn_cfg=dict(
                act_cfg=dict(inplace=True, type='ReLU'),
                embed_dims=128,
                feedforward_channels=256,
                ffn_drop=0.1,
                num_fcs=2),
            norm_cfg=dict(type='LN'),
            pos_encoding_cfg=dict(input_channel=2, num_pos_feats=128),
            self_attn_cfg=dict(dropout=0.1, embed_dims=128, num_heads=8),
            type='TransformerDecoderLayer'),
        hidden_channel=128,
        in_channels=512,
        loss_bbox=dict(
            loss_weight=0.25, reduction='mean', type='mmdet.L1Loss'),
        loss_cls=dict(
            alpha=0.25,
            gamma=2.0,
            loss_weight=1.0,
            reduction='mean',
            type='mmdet.FocalLoss',
            use_sigmoid=True),
        loss_heatmap=dict(
            loss_weight=1.0, reduction='mean', type='mmdet.GaussianFocalLoss'),
        nms_kernel_size=3,
        num_classes=10,
        num_decoder_layers=1,
        num_proposals=200,
        test_cfg=dict(
            dataset='nuScenes',
            grid_size=[
                1440,
                1440,
                41,
            ],
            nms_type=None,
            out_size_factor=8,
            pc_range=[
                -54.0,
                -54.0,
            ],
            voxel_size=[
                0.075,
                0.075,
            ]),
        train_cfg=dict(
            assigner=dict(
                cls_cost=dict(
                    alpha=0.25,
                    gamma=2.0,
                    type='mmdet.FocalLossCost',
                    weight=0.15),
                iou_calculator=dict(coordinate='lidar', type='BboxOverlaps3D'),
                iou_cost=dict(type='IoU3DCost', weight=0.25),
                reg_cost=dict(type='BBoxBEVL1Cost', weight=0.25),
                type='HungarianAssigner3D'),
            code_weights=[
                1.0,
                1.0,
                1.0,
                1.0,
                1.0,
                1.0,
                1.0,
                1.0,
                0.2,
                0.2,
            ],
            dataset='nuScenes',
            gaussian_overlap=0.1,
            grid_size=[
                1440,
                1440,
                41,
            ],
            min_radius=2,
            out_size_factor=8,
            point_cloud_range=[
                -54.0,
                -54.0,
                -5.0,
                54.0,
                54.0,
                3.0,
            ],
            pos_weight=-1,
            voxel_size=[
                0.075,
                0.075,
                0.2,
            ]),
        type='TransFusionHead'),
    data_preprocessor=dict(
        pad_size_divisor=32,
        type='Det3DDataPreprocessor',
        voxelize_cfg=dict(
            max_num_points=10,
            max_voxels=[
                120000,
                160000,
            ],
            point_cloud_range=[
                -54.0,
                -54.0,
                -5.0,
                54.0,
                54.0,
                3.0,
            ],
            voxel_size=[
                0.075,
                0.075,
                0.2,
            ],
            voxelize_reduce=True)),
    pts_backbone=dict(
        conv_cfg=dict(bias=False, type='Conv2d'),
        in_channels=256,
        layer_nums=[
            5,
            5,
        ],
        layer_strides=[
            1,
            2,
        ],
        norm_cfg=dict(eps=0.001, momentum=0.01, type='BN'),
        out_channels=[
            128,
            256,
        ],
        type='SECOND'),
    pts_middle_encoder=dict(
        block_type='basicblock',
        encoder_channels=(
            (
                16,
                16,
                32,
            ),
            (
                32,
                32,
                64,
            ),
            (
                64,
                64,
                128,
            ),
            (
                128,
                128,
            ),
        ),
        encoder_paddings=(
            (
                0,
                0,
                1,
            ),
            (
                0,
                0,
                1,
            ),
            (
                0,
                0,
                (
                    1,
                    1,
                    0,
                ),
            ),
            (
                0,
                0,
            ),
        ),
        in_channels=5,
        norm_cfg=dict(eps=0.001, momentum=0.01, type='BN1d'),
        order=(
            'conv',
            'norm',
            'act',
        ),
        sparse_shape=[
            1440,
            1440,
            41,
        ],
        type='BEVFusionSparseEncoder'),
    pts_neck=dict(
        in_channels=[
            128,
            256,
        ],
        norm_cfg=dict(eps=0.001, momentum=0.01, type='BN'),
        out_channels=[
            256,
            256,
        ],
        type='SECONDFPN',
        upsample_cfg=dict(bias=False, type='deconv'),
        upsample_strides=[
            1,
            2,
        ],
        use_conv_for_no_stride=True),
    pts_voxel_encoder=dict(num_features=5, type='HardSimpleVFE'),
    type='BEVFusion')
optim_wrapper = dict(
    clip_grad=dict(max_norm=35, norm_type=2),
    optimizer=dict(lr=0.0001, type='AdamW', weight_decay=0.01),
    type='OptimWrapper')
param_scheduler = [
    dict(
        T_max=8,
        begin=0,
        by_epoch=True,
        convert_to_iter_based=True,
        end=8,
        eta_min=0.001,
        type='CosineAnnealingLR'),
    dict(
        T_max=12,
        begin=8,
        by_epoch=True,
        convert_to_iter_based=True,
        end=20,
        eta_min=1e-08,
        type='CosineAnnealingLR'),
    dict(
        T_max=8,
        begin=0,
        by_epoch=True,
        convert_to_iter_based=True,
        end=8,
        eta_min=0.8947368421052632,
        type='CosineAnnealingMomentum'),
    dict(
        T_max=12,
        begin=8,
        by_epoch=True,
        convert_to_iter_based=True,
        end=20,
        eta_min=1,
        type='CosineAnnealingMomentum'),
]
point_cloud_range = [
    -54.0,
    -54.0,
    -5.0,
    54.0,
    54.0,
    3.0,
]
resume = False
test_cfg = dict()
test_dataloader = dict(
    batch_size=1,
    dataset=dict(
        ann_file='nuscenes_infos_val.pkl',
        backend_args=None,
        box_type_3d='LiDAR',
        data_prefix=dict(
            CAM_BACK='samples/CAM_BACK',
            CAM_BACK_LEFT='samples/CAM_BACK_LEFT',
            CAM_BACK_RIGHT='samples/CAM_BACK_RIGHT',
            CAM_FRONT='samples/CAM_FRONT',
            CAM_FRONT_LEFT='samples/CAM_FRONT_LEFT',
            CAM_FRONT_RIGHT='samples/CAM_FRONT_RIGHT',
            pts='samples/LIDAR_TOP',
            sweeps='sweeps/LIDAR_TOP'),
        data_root='/media/xavier02/Sparkles1/nuscenes/',
        metainfo=dict(classes=[
            'car',
            'truck',
            'construction_vehicle',
            'bus',
            'trailer',
            'barrier',
            'motorcycle',
            'bicycle',
            'pedestrian',
            'traffic_cone',
        ]),
        modality=dict(use_camera=False, use_lidar=True),
        pipeline=[
            dict(
                backend_args=None,
                coord_type='LIDAR',
                load_dim=5,
                type='LoadPointsFromFile',
                use_dim=5),
            dict(
                backend_args=None,
                load_dim=5,
                pad_empty_sweeps=True,
                remove_close=True,
                sweeps_num=7,
                type='LoadPointsFromMultiSweeps',
                use_dim=5),
            dict(
                point_cloud_range=[
                    -54.0,
                    -54.0,
                    -5.0,
                    54.0,
                    54.0,
                    3.0,
                ],
                type='PointsRangeFilter'),
            dict(
                keys=[
                    'img',
                    'points',
                    'gt_bboxes_3d',
                    'gt_labels_3d',
                ],
                meta_keys=[
                    'cam2img',
                    'ori_cam2img',
                    'lidar2cam',
                    'lidar2img',
                    'cam2lidar',
                    'ori_lidar2img',
                    'img_aug_matrix',
                    'box_type_3d',
                    'sample_idx',
                    'lidar_path',
                    'img_path',
                    'num_pts_feats',
                    'num_views',
                ],
                type='Pack3DDetInputs'),
        ],
        test_mode=True,
        type='NuScenesDataset'),
    drop_last=False,
    num_workers=4,
    persistent_workers=True,
    sampler=dict(shuffle=False, type='DefaultSampler'))
test_evaluator = dict(
    ann_file='/media/xavier02/Sparkles1/nuscenes/nuscenes_infos_val.pkl',
    backend_args=None,
    data_root='/media/xavier02/Sparkles1/nuscenes/',
    metric='bbox',
    type='NuScenesMetric')
test_pipeline = [
    dict(
        backend_args=None,
        coord_type='LIDAR',
        load_dim=5,
        type='LoadPointsFromFile',
        use_dim=5),
    dict(
        backend_args=None,
        load_dim=5,
        pad_empty_sweeps=True,
        remove_close=True,
        sweeps_num=7,
        type='LoadPointsFromMultiSweeps',
        use_dim=5),
    dict(
        point_cloud_range=[
            -54.0,
            -54.0,
            -5.0,
            54.0,
            54.0,
            3.0,
        ],
        type='PointsRangeFilter'),
    dict(
        keys=[
            'img',
            'points',
            'gt_bboxes_3d',
            'gt_labels_3d',
        ],
        meta_keys=[
            'cam2img',
            'ori_cam2img',
            'lidar2cam',
            'lidar2img',
            'cam2lidar',
            'ori_lidar2img',
            'img_aug_matrix',
            'box_type_3d',
            'sample_idx',
            'lidar_path',
            'img_path',
            'num_pts_feats',
            'num_views',
        ],
        type='Pack3DDetInputs'),
]
train_cfg = dict(by_epoch=True, max_epochs=20, val_interval=5)
train_dataloader = dict(
    batch_size=1,
    dataset=dict(
        dataset=dict(
            ann_file='nuscenes_infos_train.pkl',
            box_type_3d='LiDAR',
            data_prefix=dict(
                CAM_BACK='samples/CAM_BACK',
                CAM_BACK_LEFT='samples/CAM_BACK_LEFT',
                CAM_BACK_RIGHT='samples/CAM_BACK_RIGHT',
                CAM_FRONT='samples/CAM_FRONT',
                CAM_FRONT_LEFT='samples/CAM_FRONT_LEFT',
                CAM_FRONT_RIGHT='samples/CAM_FRONT_RIGHT',
                pts='samples/LIDAR_TOP',
                sweeps='sweeps/LIDAR_TOP'),
            data_root='/media/xavier02/Sparkles1/nuscenes/',
            metainfo=dict(classes=[
                'car',
                'truck',
                'construction_vehicle',
                'bus',
                'trailer',
                'barrier',
                'motorcycle',
                'bicycle',
                'pedestrian',
                'traffic_cone',
            ]),
            modality=dict(use_camera=False, use_lidar=True),
            pipeline=[
                dict(
                    backend_args=None,
                    coord_type='LIDAR',
                    load_dim=5,
                    type='LoadPointsFromFile',
                    use_dim=5),
                dict(
                    backend_args=None,
                    load_dim=5,
                    pad_empty_sweeps=True,
                    remove_close=True,
                    sweeps_num=9,
                    type='LoadPointsFromMultiSweeps',
                    use_dim=5),
                dict(
                    type='LoadAnnotations3D',
                    with_attr_label=False,
                    with_bbox_3d=True,
                    with_label_3d=True),
                dict(
                    db_sampler=dict(
                        classes=[
                            'car',
                            'truck',
                            'construction_vehicle',
                            'bus',
                            'trailer',
                            'barrier',
                            'motorcycle',
                            'bicycle',
                            'pedestrian',
                            'traffic_cone',
                        ],
                        data_root='/media/xavier02/Sparkles1/nuscenes/',
                        info_path=
                        '/media/xavier02/Sparkles1/nuscenes/nuscenes_dbinfos_train.pkl',
                        points_loader=dict(
                            backend_args=None,
                            coord_type='LIDAR',
                            load_dim=5,
                            type='LoadPointsFromFile',
                            use_dim=[
                                0,
                                1,
                                2,
                                3,
                                4,
                            ]),
                        prepare=dict(
                            filter_by_difficulty=[
                                -1,
                            ],
                            filter_by_min_points=dict(
                                barrier=5,
                                bicycle=5,
                                bus=5,
                                car=5,
                                construction_vehicle=5,
                                motorcycle=5,
                                pedestrian=5,
                                traffic_cone=5,
                                trailer=5,
                                truck=5)),
                        rate=1.0,
                        sample_groups=dict(
                            barrier=2,
                            bicycle=6,
                            bus=4,
                            car=2,
                            construction_vehicle=7,
                            motorcycle=6,
                            pedestrian=2,
                            traffic_cone=2,
                            trailer=6,
                            truck=3)),
                    type='ObjectSample'),
                dict(
                    rot_range=[
                        -0.78539816,
                        0.78539816,
                    ],
                    scale_ratio_range=[
                        0.9,
                        1.1,
                    ],
                    translation_std=0.5,
                    type='GlobalRotScaleTrans'),
                dict(type='BEVFusionRandomFlip3D'),
                dict(
                    point_cloud_range=[
                        -54.0,
                        -54.0,
                        -5.0,
                        54.0,
                        54.0,
                        3.0,
                    ],
                    type='PointsRangeFilter'),
                dict(
                    point_cloud_range=[
                        -54.0,
                        -54.0,
                        -5.0,
                        54.0,
                        54.0,
                        3.0,
                    ],
                    type='ObjectRangeFilter'),
                dict(
                    classes=[
                        'car',
                        'truck',
                        'construction_vehicle',
                        'bus',
                        'trailer',
                        'barrier',
                        'motorcycle',
                        'bicycle',
                        'pedestrian',
                        'traffic_cone',
                    ],
                    type='ObjectNameFilter'),
                dict(type='PointShuffle'),
                dict(
                    keys=[
                        'points',
                        'img',
                        'gt_bboxes_3d',
                        'gt_labels_3d',
                        'gt_bboxes',
                        'gt_labels',
                    ],
                    meta_keys=[
                        'cam2img',
                        'ori_cam2img',
                        'lidar2cam',
                        'lidar2img',
                        'cam2lidar',
                        'ori_lidar2img',
                        'img_aug_matrix',
                        'box_type_3d',
                        'sample_idx',
                        'lidar_path',
                        'img_path',
                        'transformation_3d_flow',
                        'pcd_rotation',
                        'pcd_scale_factor',
                        'pcd_trans',
                        'img_aug_matrix',
                        'lidar_aug_matrix',
                    ],
                    type='Pack3DDetInputs'),
            ],
            test_mode=False,
            type='NuScenesDataset',
            use_valid_flag=True),
        type='CBGSDataset'),
    num_workers=1,
    persistent_workers=True,
    sampler=dict(shuffle=True, type='DefaultSampler'))
train_pipeline = [
    dict(
        backend_args=None,
        coord_type='LIDAR',
        load_dim=5,
        type='LoadPointsFromFile',
        use_dim=5),
    dict(
        backend_args=None,
        load_dim=5,
        pad_empty_sweeps=True,
        remove_close=True,
        sweeps_num=9,
        type='LoadPointsFromMultiSweeps',
        use_dim=5),
    dict(
        type='LoadAnnotations3D',
        with_attr_label=False,
        with_bbox_3d=True,
        with_label_3d=True),
    dict(
        db_sampler=dict(
            classes=[
                'car',
                'truck',
                'construction_vehicle',
                'bus',
                'trailer',
                'barrier',
                'motorcycle',
                'bicycle',
                'pedestrian',
                'traffic_cone',
            ],
            data_root='/media/xavier02/Sparkles1/nuscenes/',
            info_path=
            '/media/xavier02/Sparkles1/nuscenes/nuscenes_dbinfos_train.pkl',
            points_loader=dict(
                backend_args=None,
                coord_type='LIDAR',
                load_dim=5,
                type='LoadPointsFromFile',
                use_dim=[
                    0,
                    1,
                    2,
                    3,
                    4,
                ]),
            prepare=dict(
                filter_by_difficulty=[
                    -1,
                ],
                filter_by_min_points=dict(
                    barrier=5,
                    bicycle=5,
                    bus=5,
                    car=5,
                    construction_vehicle=5,
                    motorcycle=5,
                    pedestrian=5,
                    traffic_cone=5,
                    trailer=5,
                    truck=5)),
            rate=1.0,
            sample_groups=dict(
                barrier=2,
                bicycle=6,
                bus=4,
                car=2,
                construction_vehicle=7,
                motorcycle=6,
                pedestrian=2,
                traffic_cone=2,
                trailer=6,
                truck=3)),
        type='ObjectSample'),
    dict(
        rot_range=[
            -0.78539816,
            0.78539816,
        ],
        scale_ratio_range=[
            0.9,
            1.1,
        ],
        translation_std=0.5,
        type='GlobalRotScaleTrans'),
    dict(type='BEVFusionRandomFlip3D'),
    dict(
        point_cloud_range=[
            -54.0,
            -54.0,
            -5.0,
            54.0,
            54.0,
            3.0,
        ],
        type='PointsRangeFilter'),
    dict(
        point_cloud_range=[
            -54.0,
            -54.0,
            -5.0,
            54.0,
            54.0,
            3.0,
        ],
        type='ObjectRangeFilter'),
    dict(
        classes=[
            'car',
            'truck',
            'construction_vehicle',
            'bus',
            'trailer',
            'barrier',
            'motorcycle',
            'bicycle',
            'pedestrian',
            'traffic_cone',
        ],
        type='ObjectNameFilter'),
    dict(type='PointShuffle'),
    dict(
        keys=[
            'points',
            'img',
            'gt_bboxes_3d',
            'gt_labels_3d',
            'gt_bboxes',
            'gt_labels',
        ],
        meta_keys=[
            'cam2img',
            'ori_cam2img',
            'lidar2cam',
            'lidar2img',
            'cam2lidar',
            'ori_lidar2img',
            'img_aug_matrix',
            'box_type_3d',
            'sample_idx',
            'lidar_path',
            'img_path',
            'transformation_3d_flow',
            'pcd_rotation',
            'pcd_scale_factor',
            'pcd_trans',
            'img_aug_matrix',
            'lidar_aug_matrix',
        ],
        type='Pack3DDetInputs'),
]
val_cfg = dict()
val_dataloader = dict(
    batch_size=1,
    dataset=dict(
        ann_file='nuscenes_infos_val.pkl',
        backend_args=None,
        box_type_3d='LiDAR',
        data_prefix=dict(
            CAM_BACK='samples/CAM_BACK',
            CAM_BACK_LEFT='samples/CAM_BACK_LEFT',
            CAM_BACK_RIGHT='samples/CAM_BACK_RIGHT',
            CAM_FRONT='samples/CAM_FRONT',
            CAM_FRONT_LEFT='samples/CAM_FRONT_LEFT',
            CAM_FRONT_RIGHT='samples/CAM_FRONT_RIGHT',
            pts='samples/LIDAR_TOP',
            sweeps='sweeps/LIDAR_TOP'),
        data_root='/media/xavier02/Sparkles1/nuscenes/',
        metainfo=dict(classes=[
            'car',
            'truck',
            'construction_vehicle',
            'bus',
            'trailer',
            'barrier',
            'motorcycle',
            'bicycle',
            'pedestrian',
            'traffic_cone',
        ]),
        modality=dict(use_camera=False, use_lidar=True),
        pipeline=[
            dict(
                backend_args=None,
                coord_type='LIDAR',
                load_dim=5,
                type='LoadPointsFromFile',
                use_dim=5),
            dict(
                backend_args=None,
                load_dim=5,
                pad_empty_sweeps=True,
                remove_close=True,
                sweeps_num=7,
                type='LoadPointsFromMultiSweeps',
                use_dim=5),
            dict(
                point_cloud_range=[
                    -54.0,
                    -54.0,
                    -5.0,
                    54.0,
                    54.0,
                    3.0,
                ],
                type='PointsRangeFilter'),
            dict(
                keys=[
                    'img',
                    'points',
                    'gt_bboxes_3d',
                    'gt_labels_3d',
                ],
                meta_keys=[
                    'cam2img',
                    'ori_cam2img',
                    'lidar2cam',
                    'lidar2img',
                    'cam2lidar',
                    'ori_lidar2img',
                    'img_aug_matrix',
                    'box_type_3d',
                    'sample_idx',
                    'lidar_path',
                    'img_path',
                    'num_pts_feats',
                    'num_views',
                ],
                type='Pack3DDetInputs'),
        ],
        test_mode=True,
        type='NuScenesDataset'),
    drop_last=False,
    num_workers=4,
    persistent_workers=True,
    sampler=dict(shuffle=False, type='DefaultSampler'))
val_evaluator = dict(
    ann_file='/media/xavier02/Sparkles1/nuscenes/nuscenes_infos_val.pkl',
    backend_args=None,
    data_root='/media/xavier02/Sparkles1/nuscenes/',
    metric='bbox',
    type='NuScenesMetric')
vis_backends = [
    dict(type='LocalVisBackend'),
]
visualizer = dict(
    name='visualizer',
    type='Det3DLocalVisualizer',
    vis_backends=[
        dict(type='LocalVisBackend'),
    ])
voxel_size = [
    0.075,
    0.075,
    0.2,
]
work_dir = './work_dirs/bevfusion_lidar_voxel0075_7sweeps'

2024/12/06 15:49:32 - mmengine - INFO - Distributed training is not used, all SyncBatchNorm (SyncBN) layers in the model will be automatically reverted to BatchNormXd layers if they are used.
2024/12/06 15:49:32 - mmengine - INFO - Hooks will be executed in the following order:
before_run:
(VERY_HIGH   ) RuntimeInfoHook                    
(BELOW_NORMAL) LoggerHook                         
 -------------------- 
before_train:
(VERY_HIGH   ) RuntimeInfoHook                    
(NORMAL      ) IterTimerHook                      
(VERY_LOW    ) CheckpointHook                     
 -------------------- 
before_train_epoch:
(VERY_HIGH   ) RuntimeInfoHook                    
(NORMAL      ) IterTimerHook                      
(NORMAL      ) DistSamplerSeedHook                
(NORMAL      ) DisableObjectSampleHook            
 -------------------- 
before_train_iter:
(VERY_HIGH   ) RuntimeInfoHook                    
(NORMAL      ) IterTimerHook                      
 -------------------- 
after_train_iter:
(VERY_HIGH   ) RuntimeInfoHook                    
(NORMAL      ) IterTimerHook                      
(BELOW_NORMAL) LoggerHook                         
(LOW         ) ParamSchedulerHook                 
(VERY_LOW    ) CheckpointHook                     
 -------------------- 
after_train_epoch:
(NORMAL      ) IterTimerHook                      
(LOW         ) ParamSchedulerHook                 
(VERY_LOW    ) CheckpointHook                     
 -------------------- 
before_val:
(VERY_HIGH   ) RuntimeInfoHook                    
 -------------------- 
before_val_epoch:
(NORMAL      ) IterTimerHook                      
 -------------------- 
before_val_iter:
(NORMAL      ) IterTimerHook                      
 -------------------- 
after_val_iter:
(NORMAL      ) IterTimerHook                      
(NORMAL      ) Det3DVisualizationHook             
(BELOW_NORMAL) LoggerHook                         
 -------------------- 
after_val_epoch:
(VERY_HIGH   ) RuntimeInfoHook                    
(NORMAL      ) IterTimerHook                      
(BELOW_NORMAL) LoggerHook                         
(LOW         ) ParamSchedulerHook                 
(VERY_LOW    ) CheckpointHook                     
 -------------------- 
after_val:
(VERY_HIGH   ) RuntimeInfoHook                    
 -------------------- 
after_train:
(VERY_HIGH   ) RuntimeInfoHook                    
(VERY_LOW    ) CheckpointHook                     
 -------------------- 
before_test:
(VERY_HIGH   ) RuntimeInfoHook                    
 -------------------- 
before_test_epoch:
(NORMAL      ) IterTimerHook                      
 -------------------- 
before_test_iter:
(NORMAL      ) IterTimerHook                      
 -------------------- 
after_test_iter:
(NORMAL      ) IterTimerHook                      
(NORMAL      ) Det3DVisualizationHook             
(BELOW_NORMAL) LoggerHook                         
 -------------------- 
after_test_epoch:
(VERY_HIGH   ) RuntimeInfoHook                    
(NORMAL      ) IterTimerHook                      
(BELOW_NORMAL) LoggerHook                         
 -------------------- 
after_test:
(VERY_HIGH   ) RuntimeInfoHook                    
 -------------------- 
after_run:
(BELOW_NORMAL) LoggerHook                         
 -------------------- 
2024/12/06 15:50:10 - mmengine - INFO - ------------------------------
2024/12/06 15:50:10 - mmengine - INFO - The length of test dataset: 6019
2024/12/06 15:50:10 - mmengine - INFO - The number of instances per category in the dataset:
+----------------------+--------+
| category             | number |
+----------------------+--------+
| car                  | 80004  |
| truck                | 15704  |
| construction_vehicle | 2678   |
| bus                  | 3158   |
| trailer              | 4159   |
| barrier              | 26992  |
| motorcycle           | 2508   |
| bicycle              | 2381   |
| pedestrian           | 34347  |
| traffic_cone         | 15597  |
+----------------------+--------+
2024/12/06 15:50:15 - mmengine - INFO - Load checkpoint from projects/BEVFusion/configs/MMCV_Lidar_own.pth
2024/12/06 15:50:52 - mmengine - INFO - Epoch(test) [  50/6019]    eta: 1:13:12  time: 0.7358  data_time: 0.0149  memory: 432  
2024/12/06 15:51:28 - mmengine - INFO - Epoch(test) [ 100/6019]    eta: 1:12:09  time: 0.7270  data_time: 0.0081  memory: 433  
2024/12/06 15:52:03 - mmengine - INFO - Epoch(test) [ 150/6019]    eta: 1:10:30  time: 0.6995  data_time: 0.0079  memory: 432  
2024/12/06 15:52:39 - mmengine - INFO - Epoch(test) [ 200/6019]    eta: 1:09:43  time: 0.7133  data_time: 0.0081  memory: 432  
2024/12/06 15:53:14 - mmengine - INFO - Epoch(test) [ 250/6019]    eta: 1:08:42  time: 0.6969  data_time: 0.0081  memory: 433  
2024/12/06 15:53:47 - mmengine - INFO - Epoch(test) [ 300/6019]    eta: 1:07:15  time: 0.6617  data_time: 0.0093  memory: 432  
2024/12/06 15:54:22 - mmengine - INFO - Epoch(test) [ 350/6019]    eta: 1:06:39  time: 0.7043  data_time: 0.0081  memory: 432  
2024/12/06 15:54:58 - mmengine - INFO - Epoch(test) [ 400/6019]    eta: 1:06:15  time: 0.7212  data_time: 0.0082  memory: 432  
2024/12/06 15:55:33 - mmengine - INFO - Epoch(test) [ 450/6019]    eta: 1:05:41  time: 0.7103  data_time: 0.0080  memory: 433  
2024/12/06 15:56:08 - mmengine - INFO - Epoch(test) [ 500/6019]    eta: 1:04:55  time: 0.6880  data_time: 0.0079  memory: 432  
2024/12/06 15:56:42 - mmengine - INFO - Epoch(test) [ 550/6019]    eta: 1:04:09  time: 0.6852  data_time: 0.0080  memory: 432  
2024/12/06 15:57:14 - mmengine - INFO - Epoch(test) [ 600/6019]    eta: 1:03:06  time: 0.6418  data_time: 0.0079  memory: 432  
2024/12/06 15:57:43 - mmengine - INFO - Epoch(test) [ 650/6019]    eta: 1:01:37  time: 0.5668  data_time: 0.0077  memory: 431  
2024/12/06 15:58:11 - mmengine - INFO - Epoch(test) [ 700/6019]    eta: 1:00:15  time: 0.5639  data_time: 0.0080  memory: 431  
2024/12/06 15:58:39 - mmengine - INFO - Epoch(test) [ 750/6019]    eta: 0:59:01  time: 0.5666  data_time: 0.0073  memory: 431  
2024/12/06 15:59:11 - mmengine - INFO - Epoch(test) [ 800/6019]    eta: 0:58:19  time: 0.6463  data_time: 0.0084  memory: 432  
2024/12/06 15:59:43 - mmengine - INFO - Epoch(test) [ 850/6019]    eta: 0:57:31  time: 0.6219  data_time: 0.0080  memory: 432  
2024/12/06 16:00:12 - mmengine - INFO - Epoch(test) [ 900/6019]    eta: 0:56:36  time: 0.5937  data_time: 0.0081  memory: 433  
2024/12/06 16:00:44 - mmengine - INFO - Epoch(test) [ 950/6019]    eta: 0:55:56  time: 0.6366  data_time: 0.0078  memory: 432  
2024/12/06 16:01:18 - mmengine - INFO - Epoch(test) [1000/6019]    eta: 0:55:25  time: 0.6702  data_time: 0.0079  memory: 432  
2024/12/06 16:01:46 - mmengine - INFO - Epoch(test) [1050/6019]    eta: 0:54:27  time: 0.5580  data_time: 0.0086  memory: 431  
2024/12/06 16:02:17 - mmengine - INFO - Epoch(test) [1100/6019]    eta: 0:53:49  time: 0.6337  data_time: 0.0078  memory: 432  
2024/12/06 16:02:48 - mmengine - INFO - Epoch(test) [1150/6019]    eta: 0:53:06  time: 0.6108  data_time: 0.0077  memory: 432  
2024/12/06 16:03:20 - mmengine - INFO - Epoch(test) [1200/6019]    eta: 0:52:32  time: 0.6454  data_time: 0.0081  memory: 432  
2024/12/06 16:03:56 - mmengine - INFO - Epoch(test) [1250/6019]    eta: 0:52:09  time: 0.7091  data_time: 0.0079  memory: 432  
2024/12/06 16:04:28 - mmengine - INFO - Epoch(test) [1300/6019]    eta: 0:51:36  time: 0.6534  data_time: 0.0078  memory: 432  
2024/12/06 16:05:03 - mmengine - INFO - Epoch(test) [1350/6019]    eta: 0:51:09  time: 0.6909  data_time: 0.0079  memory: 432  
2024/12/06 16:05:36 - mmengine - INFO - Epoch(test) [1400/6019]    eta: 0:50:39  time: 0.6720  data_time: 0.0080  memory: 433  
2024/12/06 16:06:11 - mmengine - INFO - Epoch(test) [1450/6019]    eta: 0:50:12  time: 0.6969  data_time: 0.0078  memory: 433  
2024/12/06 16:06:48 - mmengine - INFO - Epoch(test) [1500/6019]    eta: 0:49:51  time: 0.7372  data_time: 0.0082  memory: 432  
2024/12/06 16:07:23 - mmengine - INFO - Epoch(test) [1550/6019]    eta: 0:49:24  time: 0.7046  data_time: 0.0093  memory: 432  
2024/12/06 16:07:53 - mmengine - INFO - Epoch(test) [1600/6019]    eta: 0:48:41  time: 0.5947  data_time: 0.0080  memory: 432  
2024/12/06 16:08:27 - mmengine - INFO - Epoch(test) [1650/6019]    eta: 0:48:11  time: 0.6856  data_time: 0.0083  memory: 432  
2024/12/06 16:09:00 - mmengine - INFO - Epoch(test) [1700/6019]    eta: 0:47:37  time: 0.6481  data_time: 0.0076  memory: 432  
2024/12/06 16:09:33 - mmengine - INFO - Epoch(test) [1750/6019]    eta: 0:47:03  time: 0.6569  data_time: 0.0077  memory: 433  
2024/12/06 16:10:05 - mmengine - INFO - Epoch(test) [1800/6019]    eta: 0:46:28  time: 0.6415  data_time: 0.0077  memory: 432  
2024/12/06 16:10:37 - mmengine - INFO - Epoch(test) [1850/6019]    eta: 0:45:52  time: 0.6411  data_time: 0.0080  memory: 432  
2024/12/06 16:11:06 - mmengine - INFO - Epoch(test) [1900/6019]    eta: 0:45:11  time: 0.5878  data_time: 0.0079  memory: 432  
2024/12/06 16:11:38 - mmengine - INFO - Epoch(test) [1950/6019]    eta: 0:44:36  time: 0.6357  data_time: 0.0086  memory: 432  
2024/12/06 16:12:10 - mmengine - INFO - Epoch(test) [2000/6019]    eta: 0:44:02  time: 0.6436  data_time: 0.0077  memory: 432  
2024/12/06 16:12:44 - mmengine - INFO - Epoch(test) [2050/6019]    eta: 0:43:30  time: 0.6699  data_time: 0.0083  memory: 433  
2024/12/06 16:13:17 - mmengine - INFO - Epoch(test) [2100/6019]    eta: 0:42:58  time: 0.6632  data_time: 0.0079  memory: 432  
2024/12/06 16:13:49 - mmengine - INFO - Epoch(test) [2150/6019]    eta: 0:42:23  time: 0.6396  data_time: 0.0077  memory: 432  
2024/12/06 16:14:22 - mmengine - INFO - Epoch(test) [2200/6019]    eta: 0:41:52  time: 0.6724  data_time: 0.0081  memory: 432  
2024/12/06 16:14:56 - mmengine - INFO - Epoch(test) [2250/6019]    eta: 0:41:19  time: 0.6622  data_time: 0.0078  memory: 432  
2024/12/06 16:15:25 - mmengine - INFO - Epoch(test) [2300/6019]    eta: 0:40:41  time: 0.5877  data_time: 0.0077  memory: 432  
2024/12/06 16:15:52 - mmengine - INFO - Epoch(test) [2350/6019]    eta: 0:39:58  time: 0.5368  data_time: 0.0075  memory: 431  
2024/12/06 16:16:22 - mmengine - INFO - Epoch(test) [2400/6019]    eta: 0:39:22  time: 0.6039  data_time: 0.0078  memory: 433  
2024/12/06 16:16:55 - mmengine - INFO - Epoch(test) [2450/6019]    eta: 0:38:50  time: 0.6600  data_time: 0.0076  memory: 432  
2024/12/06 16:17:27 - mmengine - INFO - Epoch(test) [2500/6019]    eta: 0:38:17  time: 0.6450  data_time: 0.0080  memory: 432  
2024/12/06 16:17:57 - mmengine - INFO - Epoch(test) [2550/6019]    eta: 0:37:40  time: 0.5985  data_time: 0.0074  memory: 432  
2024/12/06 16:18:25 - mmengine - INFO - Epoch(test) [2600/6019]    eta: 0:37:02  time: 0.5624  data_time: 0.0075  memory: 432  
2024/12/06 16:18:57 - mmengine - INFO - Epoch(test) [2650/6019]    eta: 0:36:28  time: 0.6325  data_time: 0.0082  memory: 432  
2024/12/06 16:19:29 - mmengine - INFO - Epoch(test) [2700/6019]    eta: 0:35:55  time: 0.6391  data_time: 0.0077  memory: 432  
2024/12/06 16:19:59 - mmengine - INFO - Epoch(test) [2750/6019]    eta: 0:35:20  time: 0.6044  data_time: 0.0077  memory: 432  
2024/12/06 16:20:31 - mmengine - INFO - Epoch(test) [2800/6019]    eta: 0:34:46  time: 0.6269  data_time: 0.0079  memory: 432  
2024/12/06 16:20:58 - mmengine - INFO - Epoch(test) [2850/6019]    eta: 0:34:08  time: 0.5444  data_time: 0.0076  memory: 431  
2024/12/06 16:21:25 - mmengine - INFO - Epoch(test) [2900/6019]    eta: 0:33:31  time: 0.5530  data_time: 0.0079  memory: 432  
2024/12/06 16:21:53 - mmengine - INFO - Epoch(test) [2950/6019]    eta: 0:32:53  time: 0.5480  data_time: 0.0077  memory: 432  
2024/12/06 16:22:23 - mmengine - INFO - Epoch(test) [3000/6019]    eta: 0:32:19  time: 0.5954  data_time: 0.0075  memory: 432  
2024/12/06 16:22:53 - mmengine - INFO - Epoch(test) [3050/6019]    eta: 0:31:45  time: 0.6158  data_time: 0.0075  memory: 432  
2024/12/06 16:23:18 - mmengine - INFO - Epoch(test) [3100/6019]    eta: 0:31:06  time: 0.4939  data_time: 0.0076  memory: 430  
2024/12/06 16:23:41 - mmengine - INFO - Epoch(test) [3150/6019]    eta: 0:30:26  time: 0.4558  data_time: 0.0070  memory: 430  
2024/12/06 16:24:08 - mmengine - INFO - Epoch(test) [3200/6019]    eta: 0:29:50  time: 0.5355  data_time: 0.0073  memory: 431  
2024/12/06 16:24:34 - mmengine - INFO - Epoch(test) [3250/6019]    eta: 0:29:14  time: 0.5351  data_time: 0.0074  memory: 430  
2024/12/06 16:25:07 - mmengine - INFO - Epoch(test) [3300/6019]    eta: 0:28:43  time: 0.6519  data_time: 0.0081  memory: 432  
2024/12/06 16:25:38 - mmengine - INFO - Epoch(test) [3350/6019]    eta: 0:28:10  time: 0.6178  data_time: 0.0078  memory: 432  
2024/12/06 16:26:09 - mmengine - INFO - Epoch(test) [3400/6019]    eta: 0:27:38  time: 0.6179  data_time: 0.0074  memory: 432  
2024/12/06 16:26:39 - mmengine - INFO - Epoch(test) [3450/6019]    eta: 0:27:06  time: 0.6124  data_time: 0.0075  memory: 432  
2024/12/06 16:27:10 - mmengine - INFO - Epoch(test) [3500/6019]    eta: 0:26:33  time: 0.6030  data_time: 0.0076  memory: 432  
2024/12/06 16:27:38 - mmengine - INFO - Epoch(test) [3550/6019]    eta: 0:25:59  time: 0.5694  data_time: 0.0076  memory: 432  
2024/12/06 16:28:07 - mmengine - INFO - Epoch(test) [3600/6019]    eta: 0:25:26  time: 0.5848  data_time: 0.0075  memory: 432  
2024/12/06 16:28:38 - mmengine - INFO - Epoch(test) [3650/6019]    eta: 0:24:54  time: 0.6090  data_time: 0.0076  memory: 432  
2024/12/06 16:29:05 - mmengine - INFO - Epoch(test) [3700/6019]    eta: 0:24:20  time: 0.5526  data_time: 0.0075  memory: 431  
2024/12/06 16:29:37 - mmengine - INFO - Epoch(test) [3750/6019]    eta: 0:23:48  time: 0.6336  data_time: 0.0079  memory: 432  
2024/12/06 16:30:14 - mmengine - INFO - Epoch(test) [3800/6019]    eta: 0:23:20  time: 0.7342  data_time: 0.0081  memory: 432  
2024/12/06 16:30:47 - mmengine - INFO - Epoch(test) [3850/6019]    eta: 0:22:49  time: 0.6679  data_time: 0.0078  memory: 432  
2024/12/06 16:31:24 - mmengine - INFO - Epoch(test) [3900/6019]    eta: 0:22:21  time: 0.7412  data_time: 0.0080  memory: 432  
2024/12/06 16:32:01 - mmengine - INFO - Epoch(test) [3950/6019]    eta: 0:21:52  time: 0.7275  data_time: 0.0079  memory: 432  
2024/12/06 16:32:38 - mmengine - INFO - Epoch(test) [4000/6019]    eta: 0:21:23  time: 0.7427  data_time: 0.0081  memory: 432  
2024/12/06 16:33:06 - mmengine - INFO - Epoch(test) [4050/6019]    eta: 0:20:49  time: 0.5570  data_time: 0.0076  memory: 432  
2024/12/06 16:33:35 - mmengine - INFO - Epoch(test) [4100/6019]    eta: 0:20:16  time: 0.5879  data_time: 0.0075  memory: 432  
2024/12/06 16:34:06 - mmengine - INFO - Epoch(test) [4150/6019]    eta: 0:19:44  time: 0.6088  data_time: 0.0077  memory: 432  
2024/12/06 16:34:39 - mmengine - INFO - Epoch(test) [4200/6019]    eta: 0:19:13  time: 0.6636  data_time: 0.0079  memory: 432  
2024/12/06 16:35:06 - mmengine - INFO - Epoch(test) [4250/6019]    eta: 0:18:39  time: 0.5370  data_time: 0.0073  memory: 432  
2024/12/06 16:35:32 - mmengine - INFO - Epoch(test) [4300/6019]    eta: 0:18:05  time: 0.5218  data_time: 0.0073  memory: 430  
2024/12/06 16:35:58 - mmengine - INFO - Epoch(test) [4350/6019]    eta: 0:17:32  time: 0.5327  data_time: 0.0074  memory: 431  
2024/12/06 16:36:27 - mmengine - INFO - Epoch(test) [4400/6019]    eta: 0:16:59  time: 0.5808  data_time: 0.0080  memory: 431  
2024/12/06 16:36:57 - mmengine - INFO - Epoch(test) [4450/6019]    eta: 0:16:27  time: 0.5957  data_time: 0.0077  memory: 432  
2024/12/06 16:37:30 - mmengine - INFO - Epoch(test) [4500/6019]    eta: 0:15:56  time: 0.6573  data_time: 0.0081  memory: 433  
2024/12/06 16:38:04 - mmengine - INFO - Epoch(test) [4550/6019]    eta: 0:15:25  time: 0.6684  data_time: 0.0081  memory: 432  
2024/12/06 16:38:39 - mmengine - INFO - Epoch(test) [4600/6019]    eta: 0:14:55  time: 0.7064  data_time: 0.0076  memory: 433  
2024/12/06 16:39:15 - mmengine - INFO - Epoch(test) [4650/6019]    eta: 0:14:25  time: 0.7297  data_time: 0.0081  memory: 433  
2024/12/06 16:39:50 - mmengine - INFO - Epoch(test) [4700/6019]    eta: 0:13:54  time: 0.6884  data_time: 0.0078  memory: 433  
2024/12/06 16:40:24 - mmengine - INFO - Epoch(test) [4750/6019]    eta: 0:13:23  time: 0.6821  data_time: 0.0094  memory: 432  
2024/12/06 16:40:59 - mmengine - INFO - Epoch(test) [4800/6019]    eta: 0:12:52  time: 0.6997  data_time: 0.0080  memory: 432  
2024/12/06 16:41:33 - mmengine - INFO - Epoch(test) [4850/6019]    eta: 0:12:21  time: 0.6897  data_time: 0.0078  memory: 432  
2024/12/06 16:42:07 - mmengine - INFO - Epoch(test) [4900/6019]    eta: 0:11:50  time: 0.6726  data_time: 0.0077  memory: 433  
2024/12/06 16:42:40 - mmengine - INFO - Epoch(test) [4950/6019]    eta: 0:11:19  time: 0.6659  data_time: 0.0078  memory: 432  
2024/12/06 16:43:15 - mmengine - INFO - Epoch(test) [5000/6019]    eta: 0:10:47  time: 0.6930  data_time: 0.0081  memory: 432  
2024/12/06 16:43:48 - mmengine - INFO - Epoch(test) [5050/6019]    eta: 0:10:16  time: 0.6704  data_time: 0.0078  memory: 432  
2024/12/06 16:44:22 - mmengine - INFO - Epoch(test) [5100/6019]    eta: 0:09:44  time: 0.6678  data_time: 0.0084  memory: 433  
2024/12/06 16:44:55 - mmengine - INFO - Epoch(test) [5150/6019]    eta: 0:09:13  time: 0.6581  data_time: 0.0078  memory: 432  
2024/12/06 16:45:26 - mmengine - INFO - Epoch(test) [5200/6019]    eta: 0:08:41  time: 0.6228  data_time: 0.0078  memory: 432  
2024/12/06 16:46:00 - mmengine - INFO - Epoch(test) [5250/6019]    eta: 0:08:09  time: 0.6709  data_time: 0.0078  memory: 432  
2024/12/06 16:46:30 - mmengine - INFO - Epoch(test) [5300/6019]    eta: 0:07:37  time: 0.6147  data_time: 0.0078  memory: 432  
2024/12/06 16:47:03 - mmengine - INFO - Epoch(test) [5350/6019]    eta: 0:07:06  time: 0.6542  data_time: 0.0078  memory: 432  
2024/12/06 16:47:38 - mmengine - INFO - Epoch(test) [5400/6019]    eta: 0:06:34  time: 0.7028  data_time: 0.0080  memory: 432  
2024/12/06 16:48:12 - mmengine - INFO - Epoch(test) [5450/6019]    eta: 0:06:02  time: 0.6839  data_time: 0.0080  memory: 432  
2024/12/06 16:48:48 - mmengine - INFO - Epoch(test) [5500/6019]    eta: 0:05:31  time: 0.7215  data_time: 0.0078  memory: 432  
2024/12/06 16:49:24 - mmengine - INFO - Epoch(test) [5550/6019]    eta: 0:04:59  time: 0.7126  data_time: 0.0075  memory: 433  
2024/12/06 16:50:00 - mmengine - INFO - Epoch(test) [5600/6019]    eta: 0:04:28  time: 0.7168  data_time: 0.0079  memory: 433  
2024/12/06 16:50:35 - mmengine - INFO - Epoch(test) [5650/6019]    eta: 0:03:56  time: 0.7024  data_time: 0.0077  memory: 432  
2024/12/06 16:51:12 - mmengine - INFO - Epoch(test) [5700/6019]    eta: 0:03:24  time: 0.7468  data_time: 0.0080  memory: 433  
2024/12/06 16:51:49 - mmengine - INFO - Epoch(test) [5750/6019]    eta: 0:02:52  time: 0.7284  data_time: 0.0079  memory: 432  
2024/12/06 16:52:23 - mmengine - INFO - Epoch(test) [5800/6019]    eta: 0:02:20  time: 0.6757  data_time: 0.0075  memory: 433  
2024/12/06 16:52:57 - mmengine - INFO - Epoch(test) [5850/6019]    eta: 0:01:48  time: 0.6919  data_time: 0.0078  memory: 432  
2024/12/06 16:53:34 - mmengine - INFO - Epoch(test) [5900/6019]    eta: 0:01:16  time: 0.7312  data_time: 0.0079  memory: 433  
2024/12/06 16:54:10 - mmengine - INFO - Epoch(test) [5950/6019]    eta: 0:00:44  time: 0.7205  data_time: 0.0081  memory: 433  
2024/12/06 16:54:43 - mmengine - INFO - Epoch(test) [6000/6019]    eta: 0:00:12  time: 0.6701  data_time: 0.0079  memory: 432  
2024/12/06 17:21:52 - mmengine - INFO - Epoch(test) [6019/6019]    NuScenes metric/pred_instances_3d_NuScenes/car_AP_dist_0.5: 0.7600  NuScenes metric/pred_instances_3d_NuScenes/car_AP_dist_1.0: 0.8583  NuScenes metric/pred_instances_3d_NuScenes/car_AP_dist_2.0: 0.8902  NuScenes metric/pred_instances_3d_NuScenes/car_AP_dist_4.0: 0.9026  NuScenes metric/pred_instances_3d_NuScenes/car_trans_err: 0.1805  NuScenes metric/pred_instances_3d_NuScenes/car_scale_err: 0.1567  NuScenes metric/pred_instances_3d_NuScenes/car_orient_err: 0.1207  NuScenes metric/pred_instances_3d_NuScenes/car_vel_err: 0.3234  NuScenes metric/pred_instances_3d_NuScenes/car_attr_err: 0.1837  NuScenes metric/pred_instances_3d_NuScenes/mATE: 0.2865  NuScenes metric/pred_instances_3d_NuScenes/mASE: 0.2579  NuScenes metric/pred_instances_3d_NuScenes/mAOE: 0.3422  NuScenes metric/pred_instances_3d_NuScenes/mAVE: 0.3152  NuScenes metric/pred_instances_3d_NuScenes/mAAE: 0.1886  NuScenes metric/pred_instances_3d_NuScenes/truck_AP_dist_0.5: 0.4030  NuScenes metric/pred_instances_3d_NuScenes/truck_AP_dist_1.0: 0.5759  NuScenes metric/pred_instances_3d_NuScenes/truck_AP_dist_2.0: 0.6511  NuScenes metric/pred_instances_3d_NuScenes/truck_AP_dist_4.0: 0.6844  NuScenes metric/pred_instances_3d_NuScenes/truck_trans_err: 0.3163  NuScenes metric/pred_instances_3d_NuScenes/truck_scale_err: 0.1830  NuScenes metric/pred_instances_3d_NuScenes/truck_orient_err: 0.1380  NuScenes metric/pred_instances_3d_NuScenes/truck_vel_err: 0.2893  NuScenes metric/pred_instances_3d_NuScenes/truck_attr_err: 0.2245  NuScenes metric/pred_instances_3d_NuScenes/construction_vehicle_AP_dist_0.5: 0.0217  NuScenes metric/pred_instances_3d_NuScenes/construction_vehicle_AP_dist_1.0: 0.1068  NuScenes metric/pred_instances_3d_NuScenes/construction_vehicle_AP_dist_2.0: 0.2087  NuScenes metric/pred_instances_3d_NuScenes/construction_vehicle_AP_dist_4.0: 0.2917  NuScenes metric/pred_instances_3d_NuScenes/construction_vehicle_trans_err: 0.7054  NuScenes metric/pred_instances_3d_NuScenes/construction_vehicle_scale_err: 0.4484  NuScenes metric/pred_instances_3d_NuScenes/construction_vehicle_orient_err: 0.9918  NuScenes metric/pred_instances_3d_NuScenes/construction_vehicle_vel_err: 0.1358  NuScenes metric/pred_instances_3d_NuScenes/construction_vehicle_attr_err: 0.3416  NuScenes metric/pred_instances_3d_NuScenes/bus_AP_dist_0.5: 0.4287  NuScenes metric/pred_instances_3d_NuScenes/bus_AP_dist_1.0: 0.6784  NuScenes metric/pred_instances_3d_NuScenes/bus_AP_dist_2.0: 0.8118  NuScenes metric/pred_instances_3d_NuScenes/bus_AP_dist_4.0: 0.8321  NuScenes metric/pred_instances_3d_NuScenes/bus_trans_err: 0.3499  NuScenes metric/pred_instances_3d_NuScenes/bus_scale_err: 0.1980  NuScenes metric/pred_instances_3d_NuScenes/bus_orient_err: 0.0858  NuScenes metric/pred_instances_3d_NuScenes/bus_vel_err: 0.4986  NuScenes metric/pred_instances_3d_NuScenes/bus_attr_err: 0.2432  NuScenes metric/pred_instances_3d_NuScenes/trailer_AP_dist_0.5: 0.0998  NuScenes metric/pred_instances_3d_NuScenes/trailer_AP_dist_1.0: 0.3167  NuScenes metric/pred_instances_3d_NuScenes/trailer_AP_dist_2.0: 0.4274  NuScenes metric/pred_instances_3d_NuScenes/trailer_AP_dist_4.0: 0.5096  NuScenes metric/pred_instances_3d_NuScenes/trailer_trans_err: 0.4930  NuScenes metric/pred_instances_3d_NuScenes/trailer_scale_err: 0.2054  NuScenes metric/pred_instances_3d_NuScenes/trailer_orient_err: 0.5763  NuScenes metric/pred_instances_3d_NuScenes/trailer_vel_err: 0.2699  NuScenes metric/pred_instances_3d_NuScenes/trailer_attr_err: 0.1625  NuScenes metric/pred_instances_3d_NuScenes/barrier_AP_dist_0.5: 0.5941  NuScenes metric/pred_instances_3d_NuScenes/barrier_AP_dist_1.0: 0.6925  NuScenes metric/pred_instances_3d_NuScenes/barrier_AP_dist_2.0: 0.7304  NuScenes metric/pred_instances_3d_NuScenes/barrier_AP_dist_4.0: 0.7428  NuScenes metric/pred_instances_3d_NuScenes/barrier_trans_err: 0.1951  NuScenes metric/pred_instances_3d_NuScenes/barrier_scale_err: 0.2781  NuScenes metric/pred_instances_3d_NuScenes/barrier_orient_err: 0.0660  NuScenes metric/pred_instances_3d_NuScenes/barrier_vel_err: nan  NuScenes metric/pred_instances_3d_NuScenes/barrier_attr_err: nan  NuScenes metric/pred_instances_3d_NuScenes/motorcycle_AP_dist_0.5: 0.4927  NuScenes metric/pred_instances_3d_NuScenes/motorcycle_AP_dist_1.0: 0.5544  NuScenes metric/pred_instances_3d_NuScenes/motorcycle_AP_dist_2.0: 0.5653  NuScenes metric/pred_instances_3d_NuScenes/motorcycle_AP_dist_4.0: 0.5686  NuScenes metric/pred_instances_3d_NuScenes/motorcycle_trans_err: 0.1902  NuScenes metric/pred_instances_3d_NuScenes/motorcycle_scale_err: 0.2330  NuScenes metric/pred_instances_3d_NuScenes/motorcycle_orient_err: 0.2487  NuScenes metric/pred_instances_3d_NuScenes/motorcycle_vel_err: 0.5730  NuScenes metric/pred_instances_3d_NuScenes/motorcycle_attr_err: 0.2483  NuScenes metric/pred_instances_3d_NuScenes/bicycle_AP_dist_0.5: 0.3773  NuScenes metric/pred_instances_3d_NuScenes/bicycle_AP_dist_1.0: 0.3883  NuScenes metric/pred_instances_3d_NuScenes/bicycle_AP_dist_2.0: 0.3892  NuScenes metric/pred_instances_3d_NuScenes/bicycle_AP_dist_4.0: 0.3916  NuScenes metric/pred_instances_3d_NuScenes/bicycle_trans_err: 0.1576  NuScenes metric/pred_instances_3d_NuScenes/bicycle_scale_err: 0.2615  NuScenes metric/pred_instances_3d_NuScenes/bicycle_orient_err: 0.4689  NuScenes metric/pred_instances_3d_NuScenes/bicycle_vel_err: 0.1915  NuScenes metric/pred_instances_3d_NuScenes/bicycle_attr_err: 0.0126  NuScenes metric/pred_instances_3d_NuScenes/pedestrian_AP_dist_0.5: 0.8220  NuScenes metric/pred_instances_3d_NuScenes/pedestrian_AP_dist_1.0: 0.8355  NuScenes metric/pred_instances_3d_NuScenes/pedestrian_AP_dist_2.0: 0.8468  NuScenes metric/pred_instances_3d_NuScenes/pedestrian_AP_dist_4.0: 0.8594  NuScenes metric/pred_instances_3d_NuScenes/pedestrian_trans_err: 0.1398  NuScenes metric/pred_instances_3d_NuScenes/pedestrian_scale_err: 0.2855  NuScenes metric/pred_instances_3d_NuScenes/pedestrian_orient_err: 0.3831  NuScenes metric/pred_instances_3d_NuScenes/pedestrian_vel_err: 0.2399  NuScenes metric/pred_instances_3d_NuScenes/pedestrian_attr_err: 0.0923  NuScenes metric/pred_instances_3d_NuScenes/traffic_cone_AP_dist_0.5: 0.6548  NuScenes metric/pred_instances_3d_NuScenes/traffic_cone_AP_dist_1.0: 0.6661  NuScenes metric/pred_instances_3d_NuScenes/traffic_cone_AP_dist_2.0: 0.6842  NuScenes metric/pred_instances_3d_NuScenes/traffic_cone_AP_dist_4.0: 0.7157  NuScenes metric/pred_instances_3d_NuScenes/traffic_cone_trans_err: 0.1370  NuScenes metric/pred_instances_3d_NuScenes/traffic_cone_scale_err: 0.3290  NuScenes metric/pred_instances_3d_NuScenes/traffic_cone_orient_err: nan  NuScenes metric/pred_instances_3d_NuScenes/traffic_cone_vel_err: nan  NuScenes metric/pred_instances_3d_NuScenes/traffic_cone_attr_err: nan  NuScenes metric/pred_instances_3d_NuScenes/NDS: 0.6489  NuScenes metric/pred_instances_3d_NuScenes/mAP: 0.5758  data_time: 0.0079  time: 0.6446
