2024/12/02 18:58:21 - mmengine - INFO - 
------------------------------------------------------------
System environment:
    sys.platform: linux
    Python: 3.8.10 (default, Jul 29 2024, 17:02:10) [GCC 9.4.0]
    CUDA available: True
    MUSA available: False
    numpy_random_seed: 1230713528
    GPU 0: Xavier
    CUDA_HOME: /usr/local/cuda-11.4
    NVCC: Cuda compilation tools, release 11.4, V11.4.315
    GCC: aarch64-linux-gnu-gcc (Ubuntu 9.4.0-1ubuntu1~20.04.2) 9.4.0
    PyTorch: 1.11.0
    PyTorch compiling details: PyTorch built with:
  - GCC 9.4
  - C++ Version: 201402
  - OpenMP 201511 (a.k.a. OpenMP 4.5)
  - LAPACK is enabled (usually provided by MKL)
  - NNPACK is enabled
  - CPU capability usage: NO AVX
  - CUDA Runtime 11.4
  - NVCC architecture flags: -gencode;arch=compute_72,code=sm_72;-gencode;arch=compute_87,code=sm_87
  - CuDNN 8.6
    - Built with CuDNN 8.3.2
  - Build settings: BLAS_INFO=open, BUILD_TYPE=Release, CUDA_VERSION=11.4, CUDNN_VERSION=8.3.2, CXX_COMPILER=/usr/bin/c++, CXX_FLAGS= -Wno-deprecated -fvisibility-inlines-hidden -DUSE_PTHREADPOOL -fopenmp -DNDEBUG -DUSE_KINETO -DLIBKINETO_NOCUPTI -DUSE_XNNPACK -DSYMBOLICATE_MOBILE_DEBUG_HANDLE -DEDGE_PROFILER_USE_KINETO -O2 -fPIC -Wno-narrowing -Wall -Wextra -Werror=return-type -Wno-missing-field-initializers -Wno-type-limits -Wno-array-bounds -Wno-unknown-pragmas -Wno-sign-compare -Wno-unused-parameter -Wno-unused-function -Wno-unused-result -Wno-unused-local-typedefs -Wno-strict-overflow -Wno-strict-aliasing -Wno-error=deprecated-declarations -Wno-stringop-overflow -Wno-psabi -Wno-error=pedantic -Wno-error=redundant-decls -Wno-error=old-style-cast -fdiagnostics-color=always -faligned-new -Wno-unused-but-set-variable -Wno-maybe-uninitialized -fno-math-errno -fno-trapping-math -Werror=format -Werror=cast-function-type -Wno-stringop-overflow, FORCE_FALLBACK_CUDA_MPI=1, LAPACK_INFO=open, TORCH_VERSION=1.11.0, USE_CUDA=ON, USE_CUDNN=ON, USE_EIGEN_FOR_BLAS=ON, USE_EXCEPTION_PTR=1, USE_GFLAGS=OFF, USE_GLOG=OFF, USE_MKL=OFF, USE_MKLDNN=OFF, USE_MPI=ON, USE_NCCL=0, USE_NNPACK=ON, USE_OPENMP=ON, USE_ROCM=OFF, 

    TorchVision: 0.12.0
    OpenCV: 4.10.0
    MMEngine: 0.10.5

Runtime environment:
    cudnn_benchmark: False
    mp_cfg: {'mp_start_method': 'fork', 'opencv_num_threads': 0}
    dist_cfg: {'backend': 'nccl'}
    seed: 1230713528
    Distributed launcher: none
    Distributed training: False
    GPU number: 1
------------------------------------------------------------

2024/12/02 18:58:23 - mmengine - INFO - Config:
auto_scale_lr = dict(base_batch_size=32, enable=False)
backend_args = None
class_names = [
    'car',
    'truck',
    'construction_vehicle',
    'bus',
    'trailer',
    'barrier',
    'motorcycle',
    'bicycle',
    'pedestrian',
    'traffic_cone',
]
custom_imports = dict(
    allow_failed_imports=False, imports=[
        'projects.BEVFusion.bevfusion',
    ])
data_prefix = dict(
    CAM_BACK='samples/CAM_BACK',
    CAM_BACK_LEFT='samples/CAM_BACK_LEFT',
    CAM_BACK_RIGHT='samples/CAM_BACK_RIGHT',
    CAM_FRONT='samples/CAM_FRONT',
    CAM_FRONT_LEFT='samples/CAM_FRONT_LEFT',
    CAM_FRONT_RIGHT='samples/CAM_FRONT_RIGHT',
    pts='samples/LIDAR_TOP',
    sweeps='sweeps/LIDAR_TOP')
data_root = '/media/xavier02/Sparkles1/nuscenes/'
dataset_type = 'NuScenesDataset'
db_sampler = dict(
    classes=[
        'car',
        'truck',
        'construction_vehicle',
        'bus',
        'trailer',
        'barrier',
        'motorcycle',
        'bicycle',
        'pedestrian',
        'traffic_cone',
    ],
    data_root='/media/xavier02/Sparkles1/nuscenes/',
    info_path='/media/xavier02/Sparkles1/nuscenes/nuscenes_dbinfos_train.pkl',
    points_loader=dict(
        backend_args=None,
        coord_type='LIDAR',
        load_dim=5,
        type='LoadPointsFromFile',
        use_dim=[
            0,
            1,
            2,
            3,
            4,
        ]),
    prepare=dict(
        filter_by_difficulty=[
            -1,
        ],
        filter_by_min_points=dict(
            barrier=5,
            bicycle=5,
            bus=5,
            car=5,
            construction_vehicle=5,
            motorcycle=5,
            pedestrian=5,
            traffic_cone=5,
            trailer=5,
            truck=5)),
    rate=1.0,
    sample_groups=dict(
        barrier=2,
        bicycle=6,
        bus=4,
        car=2,
        construction_vehicle=7,
        motorcycle=6,
        pedestrian=2,
        traffic_cone=2,
        trailer=6,
        truck=3))
default_hooks = dict(
    checkpoint=dict(interval=1, type='CheckpointHook'),
    logger=dict(interval=50, type='LoggerHook'),
    param_scheduler=dict(type='ParamSchedulerHook'),
    sampler_seed=dict(type='DistSamplerSeedHook'),
    timer=dict(type='IterTimerHook'),
    visualization=dict(type='Det3DVisualizationHook'))
default_scope = 'mmdet3d'
env_cfg = dict(
    cudnn_benchmark=False,
    dist_cfg=dict(backend='nccl'),
    mp_cfg=dict(mp_start_method='fork', opencv_num_threads=0))
input_modality = dict(use_camera=True, use_lidar=True)
launcher = 'none'
load_from = '/media/xavier02/xavier_ssd_500/mmdetection3d_source/mmdetection3d-main/projects/BEVFusion/configs/Cam_lid_ep6_fp16.pth'
log_level = 'INFO'
log_processor = dict(by_epoch=True, type='LogProcessor', window_size=50)
lr = 0.0001
metainfo = dict(classes=[
    'car',
    'truck',
    'construction_vehicle',
    'bus',
    'trailer',
    'barrier',
    'motorcycle',
    'bicycle',
    'pedestrian',
    'traffic_cone',
])
model = dict(
    bbox_head=dict(
        auxiliary=True,
        bbox_coder=dict(
            code_size=10,
            out_size_factor=8,
            pc_range=[
                -54.0,
                -54.0,
            ],
            post_center_range=[
                -61.2,
                -61.2,
                -10.0,
                61.2,
                61.2,
                10.0,
            ],
            score_threshold=0.0,
            type='TransFusionBBoxCoder',
            voxel_size=[
                0.075,
                0.075,
            ]),
        bn_momentum=0.1,
        common_heads=dict(
            center=[
                2,
                2,
            ],
            dim=[
                3,
                2,
            ],
            height=[
                1,
                2,
            ],
            rot=[
                2,
                2,
            ],
            vel=[
                2,
                2,
            ]),
        decoder_layer=dict(
            cross_attn_cfg=dict(dropout=0.1, embed_dims=128, num_heads=8),
            ffn_cfg=dict(
                act_cfg=dict(inplace=True, type='ReLU'),
                embed_dims=128,
                feedforward_channels=256,
                ffn_drop=0.1,
                num_fcs=2),
            norm_cfg=dict(type='LN'),
            pos_encoding_cfg=dict(input_channel=2, num_pos_feats=128),
            self_attn_cfg=dict(dropout=0.1, embed_dims=128, num_heads=8),
            type='TransformerDecoderLayer'),
        hidden_channel=128,
        in_channels=512,
        loss_bbox=dict(
            loss_weight=0.25, reduction='mean', type='mmdet.L1Loss'),
        loss_cls=dict(
            alpha=0.25,
            gamma=2.0,
            loss_weight=1.0,
            reduction='mean',
            type='mmdet.FocalLoss',
            use_sigmoid=True),
        loss_heatmap=dict(
            loss_weight=1.0, reduction='mean', type='mmdet.GaussianFocalLoss'),
        nms_kernel_size=3,
        num_classes=10,
        num_decoder_layers=1,
        num_proposals=200,
        test_cfg=dict(
            dataset='nuScenes',
            grid_size=[
                1440,
                1440,
                41,
            ],
            nms_type=None,
            out_size_factor=8,
            pc_range=[
                -54.0,
                -54.0,
            ],
            voxel_size=[
                0.075,
                0.075,
            ]),
        train_cfg=dict(
            assigner=dict(
                cls_cost=dict(
                    alpha=0.25,
                    gamma=2.0,
                    type='mmdet.FocalLossCost',
                    weight=0.15),
                iou_calculator=dict(coordinate='lidar', type='BboxOverlaps3D'),
                iou_cost=dict(type='IoU3DCost', weight=0.25),
                reg_cost=dict(type='BBoxBEVL1Cost', weight=0.25),
                type='HungarianAssigner3D'),
            code_weights=[
                1.0,
                1.0,
                1.0,
                1.0,
                1.0,
                1.0,
                1.0,
                1.0,
                0.2,
                0.2,
            ],
            dataset='nuScenes',
            gaussian_overlap=0.1,
            grid_size=[
                1440,
                1440,
                41,
            ],
            min_radius=2,
            out_size_factor=8,
            point_cloud_range=[
                -54.0,
                -54.0,
                -5.0,
                54.0,
                54.0,
                3.0,
            ],
            pos_weight=-1,
            voxel_size=[
                0.075,
                0.075,
                0.2,
            ]),
        type='TransFusionHead'),
    data_preprocessor=dict(
        bgr_to_rgb=False,
        mean=[
            123.675,
            116.28,
            103.53,
        ],
        pad_size_divisor=32,
        std=[
            58.395,
            57.12,
            57.375,
        ],
        type='Det3DDataPreprocessor',
        voxelize_cfg=dict(
            max_num_points=10,
            max_voxels=[
                120000,
                160000,
            ],
            point_cloud_range=[
                -54.0,
                -54.0,
                -5.0,
                54.0,
                54.0,
                3.0,
            ],
            voxel_size=[
                0.075,
                0.075,
                0.2,
            ],
            voxelize_reduce=True)),
    fusion_layer=dict(
        in_channels=[
            80,
            256,
        ], out_channels=256, type='ConvFuser'),
    img_backbone=dict(
        depth=18,
        frozen_stages=1,
        init_cfg=dict(
            checkpoint=
            '/media/xavier02/xavier_ssd_500/mmdetection3d_source/mmdetection3d-main/projects/BEVFusion/configs/resnet18.pth',
            type='Pretrained'),
        norm_cfg=dict(requires_grad=True, type='BN'),
        norm_eval=True,
        num_stages=4,
        out_indices=(
            0,
            1,
            2,
            3,
        ),
        style='pytorch',
        type='mmdet.ResNet'),
    img_neck=dict(
        act_cfg=dict(inplace=True, type='ReLU'),
        in_channels=[
            64,
            128,
            256,
            512,
        ],
        norm_cfg=dict(requires_grad=True, type='BN2d'),
        num_outs=3,
        out_channels=256,
        start_level=0,
        type='GeneralizedLSSFPN_2',
        upsample_cfg=dict(align_corners=False, mode='bilinear')),
    pts_backbone=dict(
        conv_cfg=dict(bias=False, type='Conv2d'),
        in_channels=256,
        layer_nums=[
            5,
            5,
        ],
        layer_strides=[
            1,
            2,
        ],
        norm_cfg=dict(eps=0.001, momentum=0.01, type='BN'),
        out_channels=[
            128,
            256,
        ],
        type='SECOND'),
    pts_middle_encoder=dict(
        block_type='basicblock',
        encoder_channels=(
            (
                16,
                16,
                32,
            ),
            (
                32,
                32,
                64,
            ),
            (
                64,
                64,
                128,
            ),
            (
                128,
                128,
            ),
        ),
        encoder_paddings=(
            (
                0,
                0,
                1,
            ),
            (
                0,
                0,
                1,
            ),
            (
                0,
                0,
                (
                    1,
                    1,
                    0,
                ),
            ),
            (
                0,
                0,
            ),
        ),
        in_channels=5,
        norm_cfg=dict(eps=0.001, momentum=0.01, type='BN1d'),
        order=(
            'conv',
            'norm',
            'act',
        ),
        sparse_shape=[
            1440,
            1440,
            41,
        ],
        type='BEVFusionSparseEncoder'),
    pts_neck=dict(
        in_channels=[
            128,
            256,
        ],
        norm_cfg=dict(eps=0.001, momentum=0.01, type='BN'),
        out_channels=[
            256,
            256,
        ],
        type='SECONDFPN',
        upsample_cfg=dict(bias=False, type='deconv'),
        upsample_strides=[
            1,
            2,
        ],
        use_conv_for_no_stride=True),
    pts_voxel_encoder=dict(num_features=5, type='HardSimpleVFE'),
    type='BEVFusion',
    view_transform=dict(
        dbound=[
            1.0,
            60.0,
            0.5,
        ],
        downsample=2,
        feature_size=[
            32,
            88,
        ],
        image_size=[
            256,
            704,
        ],
        in_channels=256,
        out_channels=80,
        type='DepthLSSTransform',
        xbound=[
            -54.0,
            54.0,
            0.3,
        ],
        ybound=[
            -54.0,
            54.0,
            0.3,
        ],
        zbound=[
            -10.0,
            10.0,
            20.0,
        ]))
optim_wrapper = dict(
    clip_grad=dict(max_norm=35, norm_type=2),
    optimizer=dict(lr=0.0002, type='AdamW', weight_decay=0.01),
    type='OptimWrapper')
param_scheduler = [
    dict(
        begin=0,
        by_epoch=False,
        end=500,
        start_factor=0.33333333,
        type='LinearLR'),
    dict(
        T_max=6,
        begin=0,
        by_epoch=True,
        convert_to_iter_based=True,
        end=6,
        eta_min_ratio=0.0001,
        type='CosineAnnealingLR'),
    dict(
        begin=0,
        by_epoch=True,
        convert_to_iter_based=True,
        end=2.4,
        eta_min=0.8947368421052632,
        type='CosineAnnealingMomentum'),
    dict(
        begin=2.4,
        by_epoch=True,
        convert_to_iter_based=True,
        end=6,
        eta_min=1,
        type='CosineAnnealingMomentum'),
]
point_cloud_range = [
    -54.0,
    -54.0,
    -5.0,
    54.0,
    54.0,
    3.0,
]
resume = False
test_cfg = dict()
test_dataloader = dict(
    batch_size=1,
    dataset=dict(
        ann_file='nuscenes_infos_val.pkl',
        backend_args=None,
        box_type_3d='LiDAR',
        data_prefix=dict(
            CAM_BACK='samples/CAM_BACK',
            CAM_BACK_LEFT='samples/CAM_BACK_LEFT',
            CAM_BACK_RIGHT='samples/CAM_BACK_RIGHT',
            CAM_FRONT='samples/CAM_FRONT',
            CAM_FRONT_LEFT='samples/CAM_FRONT_LEFT',
            CAM_FRONT_RIGHT='samples/CAM_FRONT_RIGHT',
            pts='samples/LIDAR_TOP',
            sweeps='sweeps/LIDAR_TOP'),
        data_root='/media/xavier02/Sparkles1/nuscenes/',
        metainfo=dict(classes=[
            'car',
            'truck',
            'construction_vehicle',
            'bus',
            'trailer',
            'barrier',
            'motorcycle',
            'bicycle',
            'pedestrian',
            'traffic_cone',
        ]),
        modality=dict(use_camera=True, use_lidar=True),
        pipeline=[
            dict(
                backend_args=None,
                color_type='color',
                to_float32=True,
                type='BEVLoadMultiViewImageFromFiles'),
            dict(
                backend_args=None,
                coord_type='LIDAR',
                load_dim=5,
                type='LoadPointsFromFile',
                use_dim=5),
            dict(
                backend_args=None,
                load_dim=5,
                pad_empty_sweeps=True,
                remove_close=True,
                sweeps_num=9,
                type='LoadPointsFromMultiSweeps',
                use_dim=5),
            dict(
                bot_pct_lim=[
                    0.0,
                    0.0,
                ],
                final_dim=[
                    256,
                    704,
                ],
                is_train=False,
                rand_flip=False,
                resize_lim=[
                    0.48,
                    0.48,
                ],
                rot_lim=[
                    0.0,
                    0.0,
                ],
                type='ImageAug3D'),
            dict(
                point_cloud_range=[
                    -54.0,
                    -54.0,
                    -5.0,
                    54.0,
                    54.0,
                    3.0,
                ],
                type='PointsRangeFilter'),
            dict(
                keys=[
                    'img',
                    'points',
                    'gt_bboxes_3d',
                    'gt_labels_3d',
                ],
                meta_keys=[
                    'cam2img',
                    'ori_cam2img',
                    'lidar2cam',
                    'lidar2img',
                    'cam2lidar',
                    'ori_lidar2img',
                    'img_aug_matrix',
                    'box_type_3d',
                    'sample_idx',
                    'lidar_path',
                    'img_path',
                    'num_pts_feats',
                ],
                type='Pack3DDetInputs'),
        ],
        test_mode=True,
        type='NuScenesDataset'),
    drop_last=False,
    num_workers=1,
    persistent_workers=True,
    sampler=dict(shuffle=False, type='DefaultSampler'))
test_evaluator = dict(
    ann_file='/media/xavier02/Sparkles1/nuscenes/nuscenes_infos_val.pkl',
    backend_args=None,
    data_root='/media/xavier02/Sparkles1/nuscenes/',
    metric='bbox',
    type='NuScenesMetric')
test_pipeline = [
    dict(
        backend_args=None,
        color_type='color',
        to_float32=True,
        type='BEVLoadMultiViewImageFromFiles'),
    dict(
        backend_args=None,
        coord_type='LIDAR',
        load_dim=5,
        type='LoadPointsFromFile',
        use_dim=5),
    dict(
        backend_args=None,
        load_dim=5,
        pad_empty_sweeps=True,
        remove_close=True,
        sweeps_num=9,
        type='LoadPointsFromMultiSweeps',
        use_dim=5),
    dict(
        bot_pct_lim=[
            0.0,
            0.0,
        ],
        final_dim=[
            256,
            704,
        ],
        is_train=False,
        rand_flip=False,
        resize_lim=[
            0.48,
            0.48,
        ],
        rot_lim=[
            0.0,
            0.0,
        ],
        type='ImageAug3D'),
    dict(
        point_cloud_range=[
            -54.0,
            -54.0,
            -5.0,
            54.0,
            54.0,
            3.0,
        ],
        type='PointsRangeFilter'),
    dict(
        keys=[
            'img',
            'points',
            'gt_bboxes_3d',
            'gt_labels_3d',
        ],
        meta_keys=[
            'cam2img',
            'ori_cam2img',
            'lidar2cam',
            'lidar2img',
            'cam2lidar',
            'ori_lidar2img',
            'img_aug_matrix',
            'box_type_3d',
            'sample_idx',
            'lidar_path',
            'img_path',
            'num_pts_feats',
        ],
        type='Pack3DDetInputs'),
]
train_cfg = dict(by_epoch=True, max_epochs=6, val_interval=1)
train_dataloader = dict(
    batch_size=1,
    dataset=dict(
        dataset=dict(
            ann_file='nuscenes_infos_train.pkl',
            box_type_3d='LiDAR',
            data_prefix=dict(
                CAM_BACK='samples/CAM_BACK',
                CAM_BACK_LEFT='samples/CAM_BACK_LEFT',
                CAM_BACK_RIGHT='samples/CAM_BACK_RIGHT',
                CAM_FRONT='samples/CAM_FRONT',
                CAM_FRONT_LEFT='samples/CAM_FRONT_LEFT',
                CAM_FRONT_RIGHT='samples/CAM_FRONT_RIGHT',
                pts='samples/LIDAR_TOP',
                sweeps='sweeps/LIDAR_TOP'),
            data_root='/media/xavier02/Sparkles1/nuscenes/',
            metainfo=dict(classes=[
                'car',
                'truck',
                'construction_vehicle',
                'bus',
                'trailer',
                'barrier',
                'motorcycle',
                'bicycle',
                'pedestrian',
                'traffic_cone',
            ]),
            modality=dict(use_camera=True, use_lidar=True),
            pipeline=[
                dict(
                    backend_args=None,
                    color_type='color',
                    to_float32=True,
                    type='BEVLoadMultiViewImageFromFiles'),
                dict(
                    backend_args=None,
                    coord_type='LIDAR',
                    load_dim=5,
                    type='LoadPointsFromFile',
                    use_dim=5),
                dict(
                    backend_args=None,
                    load_dim=5,
                    pad_empty_sweeps=True,
                    remove_close=True,
                    sweeps_num=9,
                    type='LoadPointsFromMultiSweeps',
                    use_dim=5),
                dict(
                    type='LoadAnnotations3D',
                    with_attr_label=False,
                    with_bbox_3d=True,
                    with_label_3d=True),
                dict(
                    bot_pct_lim=[
                        0.0,
                        0.0,
                    ],
                    final_dim=[
                        256,
                        704,
                    ],
                    is_train=True,
                    rand_flip=True,
                    resize_lim=[
                        0.38,
                        0.55,
                    ],
                    rot_lim=[
                        -5.4,
                        5.4,
                    ],
                    type='ImageAug3D'),
                dict(
                    rot_range=[
                        -0.78539816,
                        0.78539816,
                    ],
                    scale_ratio_range=[
                        0.9,
                        1.1,
                    ],
                    translation_std=0.5,
                    type='BEVFusionGlobalRotScaleTrans'),
                dict(type='BEVFusionRandomFlip3D'),
                dict(
                    point_cloud_range=[
                        -54.0,
                        -54.0,
                        -5.0,
                        54.0,
                        54.0,
                        3.0,
                    ],
                    type='PointsRangeFilter'),
                dict(
                    point_cloud_range=[
                        -54.0,
                        -54.0,
                        -5.0,
                        54.0,
                        54.0,
                        3.0,
                    ],
                    type='ObjectRangeFilter'),
                dict(
                    classes=[
                        'car',
                        'truck',
                        'construction_vehicle',
                        'bus',
                        'trailer',
                        'barrier',
                        'motorcycle',
                        'bicycle',
                        'pedestrian',
                        'traffic_cone',
                    ],
                    type='ObjectNameFilter'),
                dict(
                    fixed_prob=True,
                    max_epoch=6,
                    mode=1,
                    offset=False,
                    prob=0.0,
                    ratio=0.5,
                    rotate=1,
                    type='GridMask',
                    use_h=True,
                    use_w=True),
                dict(type='PointShuffle'),
                dict(
                    keys=[
                        'points',
                        'img',
                        'gt_bboxes_3d',
                        'gt_labels_3d',
                        'gt_bboxes',
                        'gt_labels',
                    ],
                    meta_keys=[
                        'cam2img',
                        'ori_cam2img',
                        'lidar2cam',
                        'lidar2img',
                        'cam2lidar',
                        'ori_lidar2img',
                        'img_aug_matrix',
                        'box_type_3d',
                        'sample_idx',
                        'lidar_path',
                        'img_path',
                        'transformation_3d_flow',
                        'pcd_rotation',
                        'pcd_scale_factor',
                        'pcd_trans',
                        'img_aug_matrix',
                        'lidar_aug_matrix',
                        'num_pts_feats',
                    ],
                    type='Pack3DDetInputs'),
            ],
            test_mode=False,
            type='NuScenesDataset',
            use_valid_flag=True),
        type='CBGSDataset'),
    num_workers=1,
    persistent_workers=True,
    sampler=dict(shuffle=True, type='DefaultSampler'))
train_pipeline = [
    dict(
        backend_args=None,
        color_type='color',
        to_float32=True,
        type='BEVLoadMultiViewImageFromFiles'),
    dict(
        backend_args=None,
        coord_type='LIDAR',
        load_dim=5,
        type='LoadPointsFromFile',
        use_dim=5),
    dict(
        backend_args=None,
        load_dim=5,
        pad_empty_sweeps=True,
        remove_close=True,
        sweeps_num=9,
        type='LoadPointsFromMultiSweeps',
        use_dim=5),
    dict(
        type='LoadAnnotations3D',
        with_attr_label=False,
        with_bbox_3d=True,
        with_label_3d=True),
    dict(
        bot_pct_lim=[
            0.0,
            0.0,
        ],
        final_dim=[
            256,
            704,
        ],
        is_train=True,
        rand_flip=True,
        resize_lim=[
            0.38,
            0.55,
        ],
        rot_lim=[
            -5.4,
            5.4,
        ],
        type='ImageAug3D'),
    dict(
        rot_range=[
            -0.78539816,
            0.78539816,
        ],
        scale_ratio_range=[
            0.9,
            1.1,
        ],
        translation_std=0.5,
        type='BEVFusionGlobalRotScaleTrans'),
    dict(type='BEVFusionRandomFlip3D'),
    dict(
        point_cloud_range=[
            -54.0,
            -54.0,
            -5.0,
            54.0,
            54.0,
            3.0,
        ],
        type='PointsRangeFilter'),
    dict(
        point_cloud_range=[
            -54.0,
            -54.0,
            -5.0,
            54.0,
            54.0,
            3.0,
        ],
        type='ObjectRangeFilter'),
    dict(
        classes=[
            'car',
            'truck',
            'construction_vehicle',
            'bus',
            'trailer',
            'barrier',
            'motorcycle',
            'bicycle',
            'pedestrian',
            'traffic_cone',
        ],
        type='ObjectNameFilter'),
    dict(
        fixed_prob=True,
        max_epoch=6,
        mode=1,
        offset=False,
        prob=0.0,
        ratio=0.5,
        rotate=1,
        type='GridMask',
        use_h=True,
        use_w=True),
    dict(type='PointShuffle'),
    dict(
        keys=[
            'points',
            'img',
            'gt_bboxes_3d',
            'gt_labels_3d',
            'gt_bboxes',
            'gt_labels',
        ],
        meta_keys=[
            'cam2img',
            'ori_cam2img',
            'lidar2cam',
            'lidar2img',
            'cam2lidar',
            'ori_lidar2img',
            'img_aug_matrix',
            'box_type_3d',
            'sample_idx',
            'lidar_path',
            'img_path',
            'transformation_3d_flow',
            'pcd_rotation',
            'pcd_scale_factor',
            'pcd_trans',
            'img_aug_matrix',
            'lidar_aug_matrix',
            'num_pts_feats',
        ],
        type='Pack3DDetInputs'),
]
val_cfg = dict()
val_dataloader = dict(
    batch_size=1,
    dataset=dict(
        ann_file='nuscenes_infos_val.pkl',
        backend_args=None,
        box_type_3d='LiDAR',
        data_prefix=dict(
            CAM_BACK='samples/CAM_BACK',
            CAM_BACK_LEFT='samples/CAM_BACK_LEFT',
            CAM_BACK_RIGHT='samples/CAM_BACK_RIGHT',
            CAM_FRONT='samples/CAM_FRONT',
            CAM_FRONT_LEFT='samples/CAM_FRONT_LEFT',
            CAM_FRONT_RIGHT='samples/CAM_FRONT_RIGHT',
            pts='samples/LIDAR_TOP',
            sweeps='sweeps/LIDAR_TOP'),
        data_root='/media/xavier02/Sparkles1/nuscenes/',
        metainfo=dict(classes=[
            'car',
            'truck',
            'construction_vehicle',
            'bus',
            'trailer',
            'barrier',
            'motorcycle',
            'bicycle',
            'pedestrian',
            'traffic_cone',
        ]),
        modality=dict(use_camera=True, use_lidar=True),
        pipeline=[
            dict(
                backend_args=None,
                color_type='color',
                to_float32=True,
                type='BEVLoadMultiViewImageFromFiles'),
            dict(
                backend_args=None,
                coord_type='LIDAR',
                load_dim=5,
                type='LoadPointsFromFile',
                use_dim=5),
            dict(
                backend_args=None,
                load_dim=5,
                pad_empty_sweeps=True,
                remove_close=True,
                sweeps_num=9,
                type='LoadPointsFromMultiSweeps',
                use_dim=5),
            dict(
                bot_pct_lim=[
                    0.0,
                    0.0,
                ],
                final_dim=[
                    256,
                    704,
                ],
                is_train=False,
                rand_flip=False,
                resize_lim=[
                    0.48,
                    0.48,
                ],
                rot_lim=[
                    0.0,
                    0.0,
                ],
                type='ImageAug3D'),
            dict(
                point_cloud_range=[
                    -54.0,
                    -54.0,
                    -5.0,
                    54.0,
                    54.0,
                    3.0,
                ],
                type='PointsRangeFilter'),
            dict(
                keys=[
                    'img',
                    'points',
                    'gt_bboxes_3d',
                    'gt_labels_3d',
                ],
                meta_keys=[
                    'cam2img',
                    'ori_cam2img',
                    'lidar2cam',
                    'lidar2img',
                    'cam2lidar',
                    'ori_lidar2img',
                    'img_aug_matrix',
                    'box_type_3d',
                    'sample_idx',
                    'lidar_path',
                    'img_path',
                    'num_pts_feats',
                ],
                type='Pack3DDetInputs'),
        ],
        test_mode=True,
        type='NuScenesDataset'),
    drop_last=False,
    num_workers=1,
    persistent_workers=True,
    sampler=dict(shuffle=False, type='DefaultSampler'))
val_evaluator = dict(
    ann_file='/media/xavier02/Sparkles1/nuscenes/nuscenes_infos_val.pkl',
    backend_args=None,
    data_root='/media/xavier02/Sparkles1/nuscenes/',
    metric='bbox',
    type='NuScenesMetric')
vis_backends = [
    dict(type='LocalVisBackend'),
]
visualizer = dict(
    name='visualizer',
    type='Det3DLocalVisualizer',
    vis_backends=[
        dict(type='LocalVisBackend'),
    ])
voxel_size = [
    0.075,
    0.075,
    0.2,
]
work_dir = './work_dirs/bevfusion_lidar-cam_voxel0075_second_with_resnet_18'

2024/12/02 18:58:29 - mmengine - INFO - load model from: /media/xavier02/xavier_ssd_500/mmdetection3d_source/mmdetection3d-main/projects/BEVFusion/configs/resnet18.pth
2024/12/02 18:58:29 - mmengine - INFO - Loads checkpoint by local backend from path: /media/xavier02/xavier_ssd_500/mmdetection3d_source/mmdetection3d-main/projects/BEVFusion/configs/resnet18.pth
2024/12/02 18:58:29 - mmengine - WARNING - The model and loaded state dict do not match exactly

unexpected key in source state_dict: fc.weight, fc.bias

Name of parameter - Initialization information

conv1.weight - torch.Size([64, 3, 7, 7]): 
PretrainedInit: load from /media/xavier02/xavier_ssd_500/mmdetection3d_source/mmdetection3d-main/projects/BEVFusion/configs/resnet18.pth 

bn1.weight - torch.Size([64]): 
PretrainedInit: load from /media/xavier02/xavier_ssd_500/mmdetection3d_source/mmdetection3d-main/projects/BEVFusion/configs/resnet18.pth 

bn1.bias - torch.Size([64]): 
PretrainedInit: load from /media/xavier02/xavier_ssd_500/mmdetection3d_source/mmdetection3d-main/projects/BEVFusion/configs/resnet18.pth 

layer1.0.conv1.weight - torch.Size([64, 64, 3, 3]): 
PretrainedInit: load from /media/xavier02/xavier_ssd_500/mmdetection3d_source/mmdetection3d-main/projects/BEVFusion/configs/resnet18.pth 

layer1.0.bn1.weight - torch.Size([64]): 
PretrainedInit: load from /media/xavier02/xavier_ssd_500/mmdetection3d_source/mmdetection3d-main/projects/BEVFusion/configs/resnet18.pth 

layer1.0.bn1.bias - torch.Size([64]): 
PretrainedInit: load from /media/xavier02/xavier_ssd_500/mmdetection3d_source/mmdetection3d-main/projects/BEVFusion/configs/resnet18.pth 

layer1.0.conv2.weight - torch.Size([64, 64, 3, 3]): 
PretrainedInit: load from /media/xavier02/xavier_ssd_500/mmdetection3d_source/mmdetection3d-main/projects/BEVFusion/configs/resnet18.pth 

layer1.0.bn2.weight - torch.Size([64]): 
PretrainedInit: load from /media/xavier02/xavier_ssd_500/mmdetection3d_source/mmdetection3d-main/projects/BEVFusion/configs/resnet18.pth 

layer1.0.bn2.bias - torch.Size([64]): 
PretrainedInit: load from /media/xavier02/xavier_ssd_500/mmdetection3d_source/mmdetection3d-main/projects/BEVFusion/configs/resnet18.pth 

layer1.1.conv1.weight - torch.Size([64, 64, 3, 3]): 
PretrainedInit: load from /media/xavier02/xavier_ssd_500/mmdetection3d_source/mmdetection3d-main/projects/BEVFusion/configs/resnet18.pth 

layer1.1.bn1.weight - torch.Size([64]): 
PretrainedInit: load from /media/xavier02/xavier_ssd_500/mmdetection3d_source/mmdetection3d-main/projects/BEVFusion/configs/resnet18.pth 

layer1.1.bn1.bias - torch.Size([64]): 
PretrainedInit: load from /media/xavier02/xavier_ssd_500/mmdetection3d_source/mmdetection3d-main/projects/BEVFusion/configs/resnet18.pth 

layer1.1.conv2.weight - torch.Size([64, 64, 3, 3]): 
PretrainedInit: load from /media/xavier02/xavier_ssd_500/mmdetection3d_source/mmdetection3d-main/projects/BEVFusion/configs/resnet18.pth 

layer1.1.bn2.weight - torch.Size([64]): 
PretrainedInit: load from /media/xavier02/xavier_ssd_500/mmdetection3d_source/mmdetection3d-main/projects/BEVFusion/configs/resnet18.pth 

layer1.1.bn2.bias - torch.Size([64]): 
PretrainedInit: load from /media/xavier02/xavier_ssd_500/mmdetection3d_source/mmdetection3d-main/projects/BEVFusion/configs/resnet18.pth 

layer2.0.conv1.weight - torch.Size([128, 64, 3, 3]): 
PretrainedInit: load from /media/xavier02/xavier_ssd_500/mmdetection3d_source/mmdetection3d-main/projects/BEVFusion/configs/resnet18.pth 

layer2.0.bn1.weight - torch.Size([128]): 
PretrainedInit: load from /media/xavier02/xavier_ssd_500/mmdetection3d_source/mmdetection3d-main/projects/BEVFusion/configs/resnet18.pth 

layer2.0.bn1.bias - torch.Size([128]): 
PretrainedInit: load from /media/xavier02/xavier_ssd_500/mmdetection3d_source/mmdetection3d-main/projects/BEVFusion/configs/resnet18.pth 

layer2.0.conv2.weight - torch.Size([128, 128, 3, 3]): 
PretrainedInit: load from /media/xavier02/xavier_ssd_500/mmdetection3d_source/mmdetection3d-main/projects/BEVFusion/configs/resnet18.pth 

layer2.0.bn2.weight - torch.Size([128]): 
PretrainedInit: load from /media/xavier02/xavier_ssd_500/mmdetection3d_source/mmdetection3d-main/projects/BEVFusion/configs/resnet18.pth 

layer2.0.bn2.bias - torch.Size([128]): 
PretrainedInit: load from /media/xavier02/xavier_ssd_500/mmdetection3d_source/mmdetection3d-main/projects/BEVFusion/configs/resnet18.pth 

layer2.0.downsample.0.weight - torch.Size([128, 64, 1, 1]): 
PretrainedInit: load from /media/xavier02/xavier_ssd_500/mmdetection3d_source/mmdetection3d-main/projects/BEVFusion/configs/resnet18.pth 

layer2.0.downsample.1.weight - torch.Size([128]): 
PretrainedInit: load from /media/xavier02/xavier_ssd_500/mmdetection3d_source/mmdetection3d-main/projects/BEVFusion/configs/resnet18.pth 

layer2.0.downsample.1.bias - torch.Size([128]): 
PretrainedInit: load from /media/xavier02/xavier_ssd_500/mmdetection3d_source/mmdetection3d-main/projects/BEVFusion/configs/resnet18.pth 

layer2.1.conv1.weight - torch.Size([128, 128, 3, 3]): 
PretrainedInit: load from /media/xavier02/xavier_ssd_500/mmdetection3d_source/mmdetection3d-main/projects/BEVFusion/configs/resnet18.pth 

layer2.1.bn1.weight - torch.Size([128]): 
PretrainedInit: load from /media/xavier02/xavier_ssd_500/mmdetection3d_source/mmdetection3d-main/projects/BEVFusion/configs/resnet18.pth 

layer2.1.bn1.bias - torch.Size([128]): 
PretrainedInit: load from /media/xavier02/xavier_ssd_500/mmdetection3d_source/mmdetection3d-main/projects/BEVFusion/configs/resnet18.pth 

layer2.1.conv2.weight - torch.Size([128, 128, 3, 3]): 
PretrainedInit: load from /media/xavier02/xavier_ssd_500/mmdetection3d_source/mmdetection3d-main/projects/BEVFusion/configs/resnet18.pth 

layer2.1.bn2.weight - torch.Size([128]): 
PretrainedInit: load from /media/xavier02/xavier_ssd_500/mmdetection3d_source/mmdetection3d-main/projects/BEVFusion/configs/resnet18.pth 

layer2.1.bn2.bias - torch.Size([128]): 
PretrainedInit: load from /media/xavier02/xavier_ssd_500/mmdetection3d_source/mmdetection3d-main/projects/BEVFusion/configs/resnet18.pth 

layer3.0.conv1.weight - torch.Size([256, 128, 3, 3]): 
PretrainedInit: load from /media/xavier02/xavier_ssd_500/mmdetection3d_source/mmdetection3d-main/projects/BEVFusion/configs/resnet18.pth 

layer3.0.bn1.weight - torch.Size([256]): 
PretrainedInit: load from /media/xavier02/xavier_ssd_500/mmdetection3d_source/mmdetection3d-main/projects/BEVFusion/configs/resnet18.pth 

layer3.0.bn1.bias - torch.Size([256]): 
PretrainedInit: load from /media/xavier02/xavier_ssd_500/mmdetection3d_source/mmdetection3d-main/projects/BEVFusion/configs/resnet18.pth 

layer3.0.conv2.weight - torch.Size([256, 256, 3, 3]): 
PretrainedInit: load from /media/xavier02/xavier_ssd_500/mmdetection3d_source/mmdetection3d-main/projects/BEVFusion/configs/resnet18.pth 

layer3.0.bn2.weight - torch.Size([256]): 
PretrainedInit: load from /media/xavier02/xavier_ssd_500/mmdetection3d_source/mmdetection3d-main/projects/BEVFusion/configs/resnet18.pth 

layer3.0.bn2.bias - torch.Size([256]): 
PretrainedInit: load from /media/xavier02/xavier_ssd_500/mmdetection3d_source/mmdetection3d-main/projects/BEVFusion/configs/resnet18.pth 

layer3.0.downsample.0.weight - torch.Size([256, 128, 1, 1]): 
PretrainedInit: load from /media/xavier02/xavier_ssd_500/mmdetection3d_source/mmdetection3d-main/projects/BEVFusion/configs/resnet18.pth 

layer3.0.downsample.1.weight - torch.Size([256]): 
PretrainedInit: load from /media/xavier02/xavier_ssd_500/mmdetection3d_source/mmdetection3d-main/projects/BEVFusion/configs/resnet18.pth 

layer3.0.downsample.1.bias - torch.Size([256]): 
PretrainedInit: load from /media/xavier02/xavier_ssd_500/mmdetection3d_source/mmdetection3d-main/projects/BEVFusion/configs/resnet18.pth 

layer3.1.conv1.weight - torch.Size([256, 256, 3, 3]): 
PretrainedInit: load from /media/xavier02/xavier_ssd_500/mmdetection3d_source/mmdetection3d-main/projects/BEVFusion/configs/resnet18.pth 

layer3.1.bn1.weight - torch.Size([256]): 
PretrainedInit: load from /media/xavier02/xavier_ssd_500/mmdetection3d_source/mmdetection3d-main/projects/BEVFusion/configs/resnet18.pth 

layer3.1.bn1.bias - torch.Size([256]): 
PretrainedInit: load from /media/xavier02/xavier_ssd_500/mmdetection3d_source/mmdetection3d-main/projects/BEVFusion/configs/resnet18.pth 

layer3.1.conv2.weight - torch.Size([256, 256, 3, 3]): 
PretrainedInit: load from /media/xavier02/xavier_ssd_500/mmdetection3d_source/mmdetection3d-main/projects/BEVFusion/configs/resnet18.pth 

layer3.1.bn2.weight - torch.Size([256]): 
PretrainedInit: load from /media/xavier02/xavier_ssd_500/mmdetection3d_source/mmdetection3d-main/projects/BEVFusion/configs/resnet18.pth 

layer3.1.bn2.bias - torch.Size([256]): 
PretrainedInit: load from /media/xavier02/xavier_ssd_500/mmdetection3d_source/mmdetection3d-main/projects/BEVFusion/configs/resnet18.pth 

layer4.0.conv1.weight - torch.Size([512, 256, 3, 3]): 
PretrainedInit: load from /media/xavier02/xavier_ssd_500/mmdetection3d_source/mmdetection3d-main/projects/BEVFusion/configs/resnet18.pth 

layer4.0.bn1.weight - torch.Size([512]): 
PretrainedInit: load from /media/xavier02/xavier_ssd_500/mmdetection3d_source/mmdetection3d-main/projects/BEVFusion/configs/resnet18.pth 

layer4.0.bn1.bias - torch.Size([512]): 
PretrainedInit: load from /media/xavier02/xavier_ssd_500/mmdetection3d_source/mmdetection3d-main/projects/BEVFusion/configs/resnet18.pth 

layer4.0.conv2.weight - torch.Size([512, 512, 3, 3]): 
PretrainedInit: load from /media/xavier02/xavier_ssd_500/mmdetection3d_source/mmdetection3d-main/projects/BEVFusion/configs/resnet18.pth 

layer4.0.bn2.weight - torch.Size([512]): 
PretrainedInit: load from /media/xavier02/xavier_ssd_500/mmdetection3d_source/mmdetection3d-main/projects/BEVFusion/configs/resnet18.pth 

layer4.0.bn2.bias - torch.Size([512]): 
PretrainedInit: load from /media/xavier02/xavier_ssd_500/mmdetection3d_source/mmdetection3d-main/projects/BEVFusion/configs/resnet18.pth 

layer4.0.downsample.0.weight - torch.Size([512, 256, 1, 1]): 
PretrainedInit: load from /media/xavier02/xavier_ssd_500/mmdetection3d_source/mmdetection3d-main/projects/BEVFusion/configs/resnet18.pth 

layer4.0.downsample.1.weight - torch.Size([512]): 
PretrainedInit: load from /media/xavier02/xavier_ssd_500/mmdetection3d_source/mmdetection3d-main/projects/BEVFusion/configs/resnet18.pth 

layer4.0.downsample.1.bias - torch.Size([512]): 
PretrainedInit: load from /media/xavier02/xavier_ssd_500/mmdetection3d_source/mmdetection3d-main/projects/BEVFusion/configs/resnet18.pth 

layer4.1.conv1.weight - torch.Size([512, 512, 3, 3]): 
PretrainedInit: load from /media/xavier02/xavier_ssd_500/mmdetection3d_source/mmdetection3d-main/projects/BEVFusion/configs/resnet18.pth 

layer4.1.bn1.weight - torch.Size([512]): 
PretrainedInit: load from /media/xavier02/xavier_ssd_500/mmdetection3d_source/mmdetection3d-main/projects/BEVFusion/configs/resnet18.pth 

layer4.1.bn1.bias - torch.Size([512]): 
PretrainedInit: load from /media/xavier02/xavier_ssd_500/mmdetection3d_source/mmdetection3d-main/projects/BEVFusion/configs/resnet18.pth 

layer4.1.conv2.weight - torch.Size([512, 512, 3, 3]): 
PretrainedInit: load from /media/xavier02/xavier_ssd_500/mmdetection3d_source/mmdetection3d-main/projects/BEVFusion/configs/resnet18.pth 

layer4.1.bn2.weight - torch.Size([512]): 
PretrainedInit: load from /media/xavier02/xavier_ssd_500/mmdetection3d_source/mmdetection3d-main/projects/BEVFusion/configs/resnet18.pth 

layer4.1.bn2.bias - torch.Size([512]): 
PretrainedInit: load from /media/xavier02/xavier_ssd_500/mmdetection3d_source/mmdetection3d-main/projects/BEVFusion/configs/resnet18.pth 
2024/12/02 18:58:32 - mmengine - INFO - Distributed training is not used, all SyncBatchNorm (SyncBN) layers in the model will be automatically reverted to BatchNormXd layers if they are used.
2024/12/02 18:58:32 - mmengine - INFO - Hooks will be executed in the following order:
before_run:
(VERY_HIGH   ) RuntimeInfoHook                    
(BELOW_NORMAL) LoggerHook                         
 -------------------- 
before_train:
(VERY_HIGH   ) RuntimeInfoHook                    
(NORMAL      ) IterTimerHook                      
(VERY_LOW    ) CheckpointHook                     
 -------------------- 
before_train_epoch:
(VERY_HIGH   ) RuntimeInfoHook                    
(NORMAL      ) IterTimerHook                      
(NORMAL      ) DistSamplerSeedHook                
 -------------------- 
before_train_iter:
(VERY_HIGH   ) RuntimeInfoHook                    
(NORMAL      ) IterTimerHook                      
 -------------------- 
after_train_iter:
(VERY_HIGH   ) RuntimeInfoHook                    
(NORMAL      ) IterTimerHook                      
(BELOW_NORMAL) LoggerHook                         
(LOW         ) ParamSchedulerHook                 
(VERY_LOW    ) CheckpointHook                     
 -------------------- 
after_train_epoch:
(NORMAL      ) IterTimerHook                      
(LOW         ) ParamSchedulerHook                 
(VERY_LOW    ) CheckpointHook                     
 -------------------- 
before_val:
(VERY_HIGH   ) RuntimeInfoHook                    
 -------------------- 
before_val_epoch:
(NORMAL      ) IterTimerHook                      
 -------------------- 
before_val_iter:
(NORMAL      ) IterTimerHook                      
 -------------------- 
after_val_iter:
(NORMAL      ) IterTimerHook                      
(NORMAL      ) Det3DVisualizationHook             
(BELOW_NORMAL) LoggerHook                         
 -------------------- 
after_val_epoch:
(VERY_HIGH   ) RuntimeInfoHook                    
(NORMAL      ) IterTimerHook                      
(BELOW_NORMAL) LoggerHook                         
(LOW         ) ParamSchedulerHook                 
(VERY_LOW    ) CheckpointHook                     
 -------------------- 
after_val:
(VERY_HIGH   ) RuntimeInfoHook                    
 -------------------- 
after_train:
(VERY_HIGH   ) RuntimeInfoHook                    
(VERY_LOW    ) CheckpointHook                     
 -------------------- 
before_test:
(VERY_HIGH   ) RuntimeInfoHook                    
 -------------------- 
before_test_epoch:
(NORMAL      ) IterTimerHook                      
 -------------------- 
before_test_iter:
(NORMAL      ) IterTimerHook                      
 -------------------- 
after_test_iter:
(NORMAL      ) IterTimerHook                      
(NORMAL      ) Det3DVisualizationHook             
(BELOW_NORMAL) LoggerHook                         
 -------------------- 
after_test_epoch:
(VERY_HIGH   ) RuntimeInfoHook                    
(NORMAL      ) IterTimerHook                      
(BELOW_NORMAL) LoggerHook                         
 -------------------- 
after_test:
(VERY_HIGH   ) RuntimeInfoHook                    
 -------------------- 
after_run:
(BELOW_NORMAL) LoggerHook                         
 -------------------- 
2024/12/02 18:59:15 - mmengine - INFO - ------------------------------
2024/12/02 18:59:15 - mmengine - INFO - The length of test dataset: 6019
2024/12/02 18:59:15 - mmengine - INFO - The number of instances per category in the dataset:
+----------------------+--------+
| category             | number |
+----------------------+--------+
| car                  | 80004  |
| truck                | 15704  |
| construction_vehicle | 2678   |
| bus                  | 3158   |
| trailer              | 4159   |
| barrier              | 26992  |
| motorcycle           | 2508   |
| bicycle              | 2381   |
| pedestrian           | 34347  |
| traffic_cone         | 15597  |
+----------------------+--------+
2024/12/02 18:59:19 - mmengine - INFO - Load checkpoint from /media/xavier02/xavier_ssd_500/mmdetection3d_source/mmdetection3d-main/projects/BEVFusion/configs/Cam_lid_ep6_fp16.pth
2024/12/02 19:00:29 - mmengine - INFO - Epoch(test) [  50/6019]    eta: 2:19:51  time: 1.4058  data_time: 0.0386  memory: 2183  
2024/12/02 19:01:38 - mmengine - INFO - Epoch(test) [ 100/6019]    eta: 2:17:35  time: 1.3838  data_time: 0.0175  memory: 2185  
2024/12/02 19:02:45 - mmengine - INFO - Epoch(test) [ 150/6019]    eta: 2:14:16  time: 1.3284  data_time: 0.0174  memory: 2182  
2024/12/02 19:03:53 - mmengine - INFO - Epoch(test) [ 200/6019]    eta: 2:12:57  time: 1.3655  data_time: 0.0177  memory: 2184  
2024/12/02 19:05:00 - mmengine - INFO - Epoch(test) [ 250/6019]    eta: 2:11:20  time: 1.3463  data_time: 0.0179  memory: 2185  
2024/12/02 19:06:05 - mmengine - INFO - Epoch(test) [ 300/6019]    eta: 2:09:09  time: 1.3001  data_time: 0.0186  memory: 2183  
2024/12/02 19:07:12 - mmengine - INFO - Epoch(test) [ 350/6019]    eta: 2:07:37  time: 1.3260  data_time: 0.0176  memory: 2185  
2024/12/02 19:08:19 - mmengine - INFO - Epoch(test) [ 400/6019]    eta: 2:06:26  time: 1.3450  data_time: 0.0177  memory: 2185  
2024/12/02 19:09:25 - mmengine - INFO - Epoch(test) [ 450/6019]    eta: 2:05:04  time: 1.3273  data_time: 0.0178  memory: 2185  
2024/12/02 19:10:31 - mmengine - INFO - Epoch(test) [ 500/6019]    eta: 2:03:34  time: 1.3066  data_time: 0.0176  memory: 2185  
2024/12/02 19:11:35 - mmengine - INFO - Epoch(test) [ 550/6019]    eta: 2:02:01  time: 1.2911  data_time: 0.0175  memory: 2185  
2024/12/02 19:12:37 - mmengine - INFO - Epoch(test) [ 600/6019]    eta: 2:00:07  time: 1.2336  data_time: 0.0175  memory: 2182  
2024/12/02 19:13:34 - mmengine - INFO - Epoch(test) [ 650/6019]    eta: 1:57:40  time: 1.1362  data_time: 0.0167  memory: 2179  
2024/12/02 19:14:30 - mmengine - INFO - Epoch(test) [ 700/6019]    eta: 1:55:18  time: 1.1153  data_time: 0.0171  memory: 2179  
2024/12/02 19:15:26 - mmengine - INFO - Epoch(test) [ 750/6019]    eta: 1:53:10  time: 1.1196  data_time: 0.0170  memory: 2179  
2024/12/02 19:16:28 - mmengine - INFO - Epoch(test) [ 800/6019]    eta: 1:51:51  time: 1.2444  data_time: 0.0170  memory: 2185  
2024/12/02 19:17:29 - mmengine - INFO - Epoch(test) [ 850/6019]    eta: 1:50:28  time: 1.2236  data_time: 0.0169  memory: 2183  
2024/12/02 19:18:27 - mmengine - INFO - Epoch(test) [ 900/6019]    eta: 1:48:50  time: 1.1638  data_time: 0.0172  memory: 2182  
2024/12/02 19:19:29 - mmengine - INFO - Epoch(test) [ 950/6019]    eta: 1:47:35  time: 1.2361  data_time: 0.0171  memory: 2185  
2024/12/02 19:20:33 - mmengine - INFO - Epoch(test) [1000/6019]    eta: 1:46:36  time: 1.2896  data_time: 0.0178  memory: 2185  
2024/12/02 19:21:29 - mmengine - INFO - Epoch(test) [1050/6019]    eta: 1:44:54  time: 1.1143  data_time: 0.0175  memory: 2179  
2024/12/02 19:22:30 - mmengine - INFO - Epoch(test) [1100/6019]    eta: 1:43:41  time: 1.2235  data_time: 0.0179  memory: 2183  
2024/12/02 19:23:30 - mmengine - INFO - Epoch(test) [1150/6019]    eta: 1:42:23  time: 1.1959  data_time: 0.0173  memory: 2181  
2024/12/02 19:24:33 - mmengine - INFO - Epoch(test) [1200/6019]    eta: 1:41:18  time: 1.2503  data_time: 0.0175  memory: 2185  
2024/12/02 19:25:40 - mmengine - INFO - Epoch(test) [1250/6019]    eta: 1:40:29  time: 1.3358  data_time: 0.0176  memory: 2186  
2024/12/02 19:26:42 - mmengine - INFO - Epoch(test) [1300/6019]    eta: 1:39:23  time: 1.2477  data_time: 0.0172  memory: 2183  
2024/12/02 19:27:47 - mmengine - INFO - Epoch(test) [1350/6019]    eta: 1:38:26  time: 1.3011  data_time: 0.0173  memory: 2185  
2024/12/02 19:28:51 - mmengine - INFO - Epoch(test) [1400/6019]    eta: 1:37:25  time: 1.2765  data_time: 0.0175  memory: 2185  
2024/12/02 19:29:56 - mmengine - INFO - Epoch(test) [1450/6019]    eta: 1:36:29  time: 1.3116  data_time: 0.0173  memory: 2185  
2024/12/02 19:31:04 - mmengine - INFO - Epoch(test) [1500/6019]    eta: 1:35:39  time: 1.3602  data_time: 0.0177  memory: 2185  
2024/12/02 19:32:10 - mmengine - INFO - Epoch(test) [1550/6019]    eta: 1:34:43  time: 1.3195  data_time: 0.0176  memory: 2185  
2024/12/02 19:33:09 - mmengine - INFO - Epoch(test) [1600/6019]    eta: 1:33:25  time: 1.1694  data_time: 0.0174  memory: 2182  
2024/12/02 19:34:14 - mmengine - INFO - Epoch(test) [1650/6019]    eta: 1:32:25  time: 1.2937  data_time: 0.0178  memory: 2183  
2024/12/02 19:35:16 - mmengine - INFO - Epoch(test) [1700/6019]    eta: 1:31:19  time: 1.2491  data_time: 0.0173  memory: 2182  
2024/12/02 19:36:19 - mmengine - INFO - Epoch(test) [1750/6019]    eta: 1:30:15  time: 1.2648  data_time: 0.0171  memory: 2183  
2024/12/02 19:37:22 - mmengine - INFO - Epoch(test) [1800/6019]    eta: 1:29:10  time: 1.2491  data_time: 0.0169  memory: 2183  
2024/12/02 19:38:24 - mmengine - INFO - Epoch(test) [1850/6019]    eta: 1:28:02  time: 1.2354  data_time: 0.0174  memory: 2182  
2024/12/02 19:39:22 - mmengine - INFO - Epoch(test) [1900/6019]    eta: 1:26:48  time: 1.1606  data_time: 0.0169  memory: 2183  
2024/12/02 19:40:23 - mmengine - INFO - Epoch(test) [1950/6019]    eta: 1:25:40  time: 1.2247  data_time: 0.0174  memory: 2185  
2024/12/02 19:41:24 - mmengine - INFO - Epoch(test) [2000/6019]    eta: 1:24:34  time: 1.2289  data_time: 0.0171  memory: 2179  
2024/12/02 19:42:28 - mmengine - INFO - Epoch(test) [2050/6019]    eta: 1:23:31  time: 1.2670  data_time: 0.0176  memory: 2183  
2024/12/02 19:43:30 - mmengine - INFO - Epoch(test) [2100/6019]    eta: 1:22:27  time: 1.2568  data_time: 0.0175  memory: 2182  
2024/12/02 19:44:32 - mmengine - INFO - Epoch(test) [2150/6019]    eta: 1:21:22  time: 1.2387  data_time: 0.0178  memory: 2183  
2024/12/02 19:45:36 - mmengine - INFO - Epoch(test) [2200/6019]    eta: 1:20:20  time: 1.2764  data_time: 0.0177  memory: 2185  
2024/12/02 19:46:40 - mmengine - INFO - Epoch(test) [2250/6019]    eta: 1:19:17  time: 1.2647  data_time: 0.0174  memory: 2185  
2024/12/02 19:47:38 - mmengine - INFO - Epoch(test) [2300/6019]    eta: 1:18:06  time: 1.1667  data_time: 0.0172  memory: 2183  
2024/12/02 19:48:33 - mmengine - INFO - Epoch(test) [2350/6019]    eta: 1:16:50  time: 1.0960  data_time: 0.0168  memory: 2178  
2024/12/02 19:49:32 - mmengine - INFO - Epoch(test) [2400/6019]    eta: 1:15:42  time: 1.1852  data_time: 0.0171  memory: 2182  
2024/12/02 19:50:36 - mmengine - INFO - Epoch(test) [2450/6019]    eta: 1:14:42  time: 1.2843  data_time: 0.0168  memory: 2188  
2024/12/02 19:51:39 - mmengine - INFO - Epoch(test) [2500/6019]    eta: 1:13:39  time: 1.2650  data_time: 0.0169  memory: 2184  
2024/12/02 19:52:38 - mmengine - INFO - Epoch(test) [2550/6019]    eta: 1:12:31  time: 1.1775  data_time: 0.0176  memory: 2182  
2024/12/02 19:53:35 - mmengine - INFO - Epoch(test) [2600/6019]    eta: 1:11:21  time: 1.1380  data_time: 0.0166  memory: 2182  
2024/12/02 19:54:37 - mmengine - INFO - Epoch(test) [2650/6019]    eta: 1:10:17  time: 1.2334  data_time: 0.0170  memory: 2185  
2024/12/02 19:55:39 - mmengine - INFO - Epoch(test) [2700/6019]    eta: 1:09:14  time: 1.2405  data_time: 0.0176  memory: 2183  
2024/12/02 19:56:39 - mmengine - INFO - Epoch(test) [2750/6019]    eta: 1:08:08  time: 1.1978  data_time: 0.0169  memory: 2182  
2024/12/02 19:57:40 - mmengine - INFO - Epoch(test) [2800/6019]    eta: 1:07:04  time: 1.2187  data_time: 0.0173  memory: 2183  
2024/12/02 19:58:35 - mmengine - INFO - Epoch(test) [2850/6019]    eta: 1:05:53  time: 1.1008  data_time: 0.0166  memory: 2179  
2024/12/02 19:59:31 - mmengine - INFO - Epoch(test) [2900/6019]    eta: 1:04:44  time: 1.1228  data_time: 0.0167  memory: 2179  
2024/12/02 20:00:26 - mmengine - INFO - Epoch(test) [2950/6019]    eta: 1:03:34  time: 1.1082  data_time: 0.0166  memory: 2183  
2024/12/02 20:01:25 - mmengine - INFO - Epoch(test) [3000/6019]    eta: 1:02:28  time: 1.1684  data_time: 0.0169  memory: 2186  
2024/12/02 20:02:25 - mmengine - INFO - Epoch(test) [3050/6019]    eta: 1:01:25  time: 1.2078  data_time: 0.0170  memory: 2187  
2024/12/02 20:03:16 - mmengine - INFO - Epoch(test) [3100/6019]    eta: 1:00:12  time: 1.0152  data_time: 0.0164  memory: 2175  
2024/12/02 20:04:04 - mmengine - INFO - Epoch(test) [3150/6019]    eta: 0:58:58  time: 0.9699  data_time: 0.0167  memory: 2172  
2024/12/02 20:04:59 - mmengine - INFO - Epoch(test) [3200/6019]    eta: 0:57:50  time: 1.0844  data_time: 0.0164  memory: 2175  
2024/12/02 20:05:53 - mmengine - INFO - Epoch(test) [3250/6019]    eta: 0:56:42  time: 1.0766  data_time: 0.0169  memory: 2176  
2024/12/02 20:06:56 - mmengine - INFO - Epoch(test) [3300/6019]    eta: 0:55:41  time: 1.2601  data_time: 0.0182  memory: 2185  
2024/12/02 20:07:57 - mmengine - INFO - Epoch(test) [3350/6019]    eta: 0:54:40  time: 1.2241  data_time: 0.0168  memory: 2183  
2024/12/02 20:08:58 - mmengine - INFO - Epoch(test) [3400/6019]    eta: 0:53:38  time: 1.2214  data_time: 0.0168  memory: 2184  
2024/12/02 20:09:59 - mmengine - INFO - Epoch(test) [3450/6019]    eta: 0:52:36  time: 1.2196  data_time: 0.0170  memory: 2183  
2024/12/02 20:10:59 - mmengine - INFO - Epoch(test) [3500/6019]    eta: 0:51:34  time: 1.2040  data_time: 0.0173  memory: 2183  
2024/12/02 20:11:57 - mmengine - INFO - Epoch(test) [3550/6019]    eta: 0:50:30  time: 1.1582  data_time: 0.0167  memory: 2181  
2024/12/02 20:12:55 - mmengine - INFO - Epoch(test) [3600/6019]    eta: 0:49:26  time: 1.1549  data_time: 0.0169  memory: 2182  
2024/12/02 20:13:54 - mmengine - INFO - Epoch(test) [3650/6019]    eta: 0:48:24  time: 1.1906  data_time: 0.0168  memory: 2182  
2024/12/02 20:14:50 - mmengine - INFO - Epoch(test) [3700/6019]    eta: 0:47:19  time: 1.1098  data_time: 0.0171  memory: 2178  
2024/12/02 20:15:51 - mmengine - INFO - Epoch(test) [3750/6019]    eta: 0:46:17  time: 1.2158  data_time: 0.0169  memory: 2183  
2024/12/02 20:16:59 - mmengine - INFO - Epoch(test) [3800/6019]    eta: 0:45:20  time: 1.3638  data_time: 0.0176  memory: 2186  
2024/12/02 20:18:02 - mmengine - INFO - Epoch(test) [3850/6019]    eta: 0:44:20  time: 1.2683  data_time: 0.0169  memory: 2183  
2024/12/02 20:19:10 - mmengine - INFO - Epoch(test) [3900/6019]    eta: 0:43:22  time: 1.3636  data_time: 0.0190  memory: 2184  
2024/12/02 20:20:18 - mmengine - INFO - Epoch(test) [3950/6019]    eta: 0:42:24  time: 1.3526  data_time: 0.0174  memory: 2186  
2024/12/02 20:21:27 - mmengine - INFO - Epoch(test) [4000/6019]    eta: 0:41:26  time: 1.3750  data_time: 0.0175  memory: 2185  
2024/12/02 20:22:23 - mmengine - INFO - Epoch(test) [4050/6019]    eta: 0:40:22  time: 1.1166  data_time: 0.0167  memory: 2182  
2024/12/02 20:23:21 - mmengine - INFO - Epoch(test) [4100/6019]    eta: 0:39:19  time: 1.1631  data_time: 0.0169  memory: 2180  
2024/12/02 20:24:20 - mmengine - INFO - Epoch(test) [4150/6019]    eta: 0:38:17  time: 1.1929  data_time: 0.0179  memory: 2185  
2024/12/02 20:25:24 - mmengine - INFO - Epoch(test) [4200/6019]    eta: 0:37:16  time: 1.2706  data_time: 0.0171  memory: 2185  
2024/12/02 20:26:18 - mmengine - INFO - Epoch(test) [4250/6019]    eta: 0:36:12  time: 1.0899  data_time: 0.0168  memory: 2180  
2024/12/02 20:27:12 - mmengine - INFO - Epoch(test) [4300/6019]    eta: 0:35:07  time: 1.0654  data_time: 0.0170  memory: 2178  
2024/12/02 20:28:06 - mmengine - INFO - Epoch(test) [4350/6019]    eta: 0:34:03  time: 1.0822  data_time: 0.0178  memory: 2178  
2024/12/02 20:29:03 - mmengine - INFO - Epoch(test) [4400/6019]    eta: 0:33:00  time: 1.1459  data_time: 0.0170  memory: 2179  
2024/12/02 20:30:02 - mmengine - INFO - Epoch(test) [4450/6019]    eta: 0:31:58  time: 1.1723  data_time: 0.0166  memory: 2179  
2024/12/02 20:31:05 - mmengine - INFO - Epoch(test) [4500/6019]    eta: 0:30:58  time: 1.2689  data_time: 0.0171  memory: 2185  
2024/12/02 20:32:09 - mmengine - INFO - Epoch(test) [4550/6019]    eta: 0:29:57  time: 1.2654  data_time: 0.0174  memory: 2183  
2024/12/02 20:33:16 - mmengine - INFO - Epoch(test) [4600/6019]    eta: 0:28:58  time: 1.3387  data_time: 0.0171  memory: 2188  
2024/12/02 20:34:24 - mmengine - INFO - Epoch(test) [4650/6019]    eta: 0:27:59  time: 1.3670  data_time: 0.0173  memory: 2185  
2024/12/02 20:35:29 - mmengine - INFO - Epoch(test) [4700/6019]    eta: 0:26:59  time: 1.2988  data_time: 0.0177  memory: 2182  
2024/12/02 20:36:33 - mmengine - INFO - Epoch(test) [4750/6019]    eta: 0:25:58  time: 1.2811  data_time: 0.0174  memory: 2182  
2024/12/02 20:37:39 - mmengine - INFO - Epoch(test) [4800/6019]    eta: 0:24:58  time: 1.3155  data_time: 0.0172  memory: 2186  
2024/12/02 20:38:44 - mmengine - INFO - Epoch(test) [4850/6019]    eta: 0:23:57  time: 1.3136  data_time: 0.0173  memory: 2185  
2024/12/02 20:39:49 - mmengine - INFO - Epoch(test) [4900/6019]    eta: 0:22:56  time: 1.2852  data_time: 0.0170  memory: 2183  
2024/12/02 20:40:53 - mmengine - INFO - Epoch(test) [4950/6019]    eta: 0:21:55  time: 1.2825  data_time: 0.0175  memory: 2185  
2024/12/02 20:41:58 - mmengine - INFO - Epoch(test) [5000/6019]    eta: 0:20:55  time: 1.3050  data_time: 0.0174  memory: 2184  
2024/12/02 20:43:03 - mmengine - INFO - Epoch(test) [5050/6019]    eta: 0:19:54  time: 1.2906  data_time: 0.0176  memory: 2183  
2024/12/02 20:44:07 - mmengine - INFO - Epoch(test) [5100/6019]    eta: 0:18:52  time: 1.2802  data_time: 0.0172  memory: 2185  
2024/12/02 20:45:09 - mmengine - INFO - Epoch(test) [5150/6019]    eta: 0:17:51  time: 1.2432  data_time: 0.0173  memory: 2179  
2024/12/02 20:46:09 - mmengine - INFO - Epoch(test) [5200/6019]    eta: 0:16:49  time: 1.2144  data_time: 0.0176  memory: 2185  
2024/12/02 20:47:14 - mmengine - INFO - Epoch(test) [5250/6019]    eta: 0:15:48  time: 1.2890  data_time: 0.0172  memory: 2185  
2024/12/02 20:48:15 - mmengine - INFO - Epoch(test) [5300/6019]    eta: 0:14:46  time: 1.2138  data_time: 0.0173  memory: 2182  
2024/12/02 20:49:18 - mmengine - INFO - Epoch(test) [5350/6019]    eta: 0:13:45  time: 1.2691  data_time: 0.0174  memory: 2183  
2024/12/02 20:50:26 - mmengine - INFO - Epoch(test) [5400/6019]    eta: 0:12:44  time: 1.3571  data_time: 0.0176  memory: 2185  
2024/12/02 20:51:33 - mmengine - INFO - Epoch(test) [5450/6019]    eta: 0:11:42  time: 1.3401  data_time: 0.0180  memory: 2185  
2024/12/02 20:52:42 - mmengine - INFO - Epoch(test) [5500/6019]    eta: 0:10:41  time: 1.3855  data_time: 0.0178  memory: 2188  
2024/12/02 20:53:51 - mmengine - INFO - Epoch(test) [5550/6019]    eta: 0:09:40  time: 1.3808  data_time: 0.0183  memory: 2186  
2024/12/02 20:55:00 - mmengine - INFO - Epoch(test) [5600/6019]    eta: 0:08:39  time: 1.3742  data_time: 0.0182  memory: 2186  
2024/12/02 20:56:08 - mmengine - INFO - Epoch(test) [5650/6019]    eta: 0:07:37  time: 1.3650  data_time: 0.0187  memory: 2185  
2024/12/02 20:57:19 - mmengine - INFO - Epoch(test) [5700/6019]    eta: 0:06:36  time: 1.4187  data_time: 0.0176  memory: 2186  
2024/12/02 20:58:29 - mmengine - INFO - Epoch(test) [5750/6019]    eta: 0:05:34  time: 1.3911  data_time: 0.0179  memory: 2186  
2024/12/02 20:59:35 - mmengine - INFO - Epoch(test) [5800/6019]    eta: 0:04:32  time: 1.3314  data_time: 0.0178  memory: 2185  
2024/12/02 21:00:42 - mmengine - INFO - Epoch(test) [5850/6019]    eta: 0:03:30  time: 1.3300  data_time: 0.0177  memory: 2185  
2024/12/02 21:01:51 - mmengine - INFO - Epoch(test) [5900/6019]    eta: 0:02:28  time: 1.3813  data_time: 0.0183  memory: 2186  
2024/12/02 21:02:59 - mmengine - INFO - Epoch(test) [5950/6019]    eta: 0:01:26  time: 1.3522  data_time: 0.0172  memory: 2185  
2024/12/02 21:04:03 - mmengine - INFO - Epoch(test) [6000/6019]    eta: 0:00:23  time: 1.2867  data_time: 0.0174  memory: 2185  
2024/12/02 21:32:37 - mmengine - INFO - Epoch(test) [6019/6019]    NuScenes metric/pred_instances_3d_NuScenes/car_AP_dist_0.5: 0.7904  NuScenes metric/pred_instances_3d_NuScenes/car_AP_dist_1.0: 0.8788  NuScenes metric/pred_instances_3d_NuScenes/car_AP_dist_2.0: 0.9087  NuScenes metric/pred_instances_3d_NuScenes/car_AP_dist_4.0: 0.9198  NuScenes metric/pred_instances_3d_NuScenes/car_trans_err: 0.1704  NuScenes metric/pred_instances_3d_NuScenes/car_scale_err: 0.1539  NuScenes metric/pred_instances_3d_NuScenes/car_orient_err: 0.0809  NuScenes metric/pred_instances_3d_NuScenes/car_vel_err: 0.2678  NuScenes metric/pred_instances_3d_NuScenes/car_attr_err: 0.1923  NuScenes metric/pred_instances_3d_NuScenes/mATE: 0.2808  NuScenes metric/pred_instances_3d_NuScenes/mASE: 0.2571  NuScenes metric/pred_instances_3d_NuScenes/mAOE: 0.3128  NuScenes metric/pred_instances_3d_NuScenes/mAVE: 0.2589  NuScenes metric/pred_instances_3d_NuScenes/mAAE: 0.1861  NuScenes metric/pred_instances_3d_NuScenes/truck_AP_dist_0.5: 0.4398  NuScenes metric/pred_instances_3d_NuScenes/truck_AP_dist_1.0: 0.6149  NuScenes metric/pred_instances_3d_NuScenes/truck_AP_dist_2.0: 0.7004  NuScenes metric/pred_instances_3d_NuScenes/truck_AP_dist_4.0: 0.7374  NuScenes metric/pred_instances_3d_NuScenes/truck_trans_err: 0.3200  NuScenes metric/pred_instances_3d_NuScenes/truck_scale_err: 0.1789  NuScenes metric/pred_instances_3d_NuScenes/truck_orient_err: 0.0857  NuScenes metric/pred_instances_3d_NuScenes/truck_vel_err: 0.2500  NuScenes metric/pred_instances_3d_NuScenes/truck_attr_err: 0.2238  NuScenes metric/pred_instances_3d_NuScenes/construction_vehicle_AP_dist_0.5: 0.0402  NuScenes metric/pred_instances_3d_NuScenes/construction_vehicle_AP_dist_1.0: 0.2005  NuScenes metric/pred_instances_3d_NuScenes/construction_vehicle_AP_dist_2.0: 0.3639  NuScenes metric/pred_instances_3d_NuScenes/construction_vehicle_AP_dist_4.0: 0.4686  NuScenes metric/pred_instances_3d_NuScenes/construction_vehicle_trans_err: 0.6887  NuScenes metric/pred_instances_3d_NuScenes/construction_vehicle_scale_err: 0.4524  NuScenes metric/pred_instances_3d_NuScenes/construction_vehicle_orient_err: 0.9044  NuScenes metric/pred_instances_3d_NuScenes/construction_vehicle_vel_err: 0.1217  NuScenes metric/pred_instances_3d_NuScenes/construction_vehicle_attr_err: 0.2997  NuScenes metric/pred_instances_3d_NuScenes/bus_AP_dist_0.5: 0.5112  NuScenes metric/pred_instances_3d_NuScenes/bus_AP_dist_1.0: 0.7660  NuScenes metric/pred_instances_3d_NuScenes/bus_AP_dist_2.0: 0.8755  NuScenes metric/pred_instances_3d_NuScenes/bus_AP_dist_4.0: 0.8947  NuScenes metric/pred_instances_3d_NuScenes/bus_trans_err: 0.3158  NuScenes metric/pred_instances_3d_NuScenes/bus_scale_err: 0.1787  NuScenes metric/pred_instances_3d_NuScenes/bus_orient_err: 0.0430  NuScenes metric/pred_instances_3d_NuScenes/bus_vel_err: 0.4324  NuScenes metric/pred_instances_3d_NuScenes/bus_attr_err: 0.2412  NuScenes metric/pred_instances_3d_NuScenes/trailer_AP_dist_0.5: 0.1294  NuScenes metric/pred_instances_3d_NuScenes/trailer_AP_dist_1.0: 0.3738  NuScenes metric/pred_instances_3d_NuScenes/trailer_AP_dist_2.0: 0.5515  NuScenes metric/pred_instances_3d_NuScenes/trailer_AP_dist_4.0: 0.6485  NuScenes metric/pred_instances_3d_NuScenes/trailer_trans_err: 0.5337  NuScenes metric/pred_instances_3d_NuScenes/trailer_scale_err: 0.2156  NuScenes metric/pred_instances_3d_NuScenes/trailer_orient_err: 0.6954  NuScenes metric/pred_instances_3d_NuScenes/trailer_vel_err: 0.1944  NuScenes metric/pred_instances_3d_NuScenes/trailer_attr_err: 0.1730  NuScenes metric/pred_instances_3d_NuScenes/barrier_AP_dist_0.5: 0.6145  NuScenes metric/pred_instances_3d_NuScenes/barrier_AP_dist_1.0: 0.7018  NuScenes metric/pred_instances_3d_NuScenes/barrier_AP_dist_2.0: 0.7377  NuScenes metric/pred_instances_3d_NuScenes/barrier_AP_dist_4.0: 0.7500  NuScenes metric/pred_instances_3d_NuScenes/barrier_trans_err: 0.1845  NuScenes metric/pred_instances_3d_NuScenes/barrier_scale_err: 0.2747  NuScenes metric/pred_instances_3d_NuScenes/barrier_orient_err: 0.0659  NuScenes metric/pred_instances_3d_NuScenes/barrier_vel_err: nan  NuScenes metric/pred_instances_3d_NuScenes/barrier_attr_err: nan  NuScenes metric/pred_instances_3d_NuScenes/motorcycle_AP_dist_0.5: 0.6151  NuScenes metric/pred_instances_3d_NuScenes/motorcycle_AP_dist_1.0: 0.7266  NuScenes metric/pred_instances_3d_NuScenes/motorcycle_AP_dist_2.0: 0.7410  NuScenes metric/pred_instances_3d_NuScenes/motorcycle_AP_dist_4.0: 0.7518  NuScenes metric/pred_instances_3d_NuScenes/motorcycle_trans_err: 0.1886  NuScenes metric/pred_instances_3d_NuScenes/motorcycle_scale_err: 0.2383  NuScenes metric/pred_instances_3d_NuScenes/motorcycle_orient_err: 0.2290  NuScenes metric/pred_instances_3d_NuScenes/motorcycle_vel_err: 0.3710  NuScenes metric/pred_instances_3d_NuScenes/motorcycle_attr_err: 0.2534  NuScenes metric/pred_instances_3d_NuScenes/bicycle_AP_dist_0.5: 0.5250  NuScenes metric/pred_instances_3d_NuScenes/bicycle_AP_dist_1.0: 0.5476  NuScenes metric/pred_instances_3d_NuScenes/bicycle_AP_dist_2.0: 0.5505  NuScenes metric/pred_instances_3d_NuScenes/bicycle_AP_dist_4.0: 0.5541  NuScenes metric/pred_instances_3d_NuScenes/bicycle_trans_err: 0.1524  NuScenes metric/pred_instances_3d_NuScenes/bicycle_scale_err: 0.2652  NuScenes metric/pred_instances_3d_NuScenes/bicycle_orient_err: 0.3354  NuScenes metric/pred_instances_3d_NuScenes/bicycle_vel_err: 0.2107  NuScenes metric/pred_instances_3d_NuScenes/bicycle_attr_err: 0.0071  NuScenes metric/pred_instances_3d_NuScenes/pedestrian_AP_dist_0.5: 0.8478  NuScenes metric/pred_instances_3d_NuScenes/pedestrian_AP_dist_1.0: 0.8601  NuScenes metric/pred_instances_3d_NuScenes/pedestrian_AP_dist_2.0: 0.8711  NuScenes metric/pred_instances_3d_NuScenes/pedestrian_AP_dist_4.0: 0.8828  NuScenes metric/pred_instances_3d_NuScenes/pedestrian_trans_err: 0.1313  NuScenes metric/pred_instances_3d_NuScenes/pedestrian_scale_err: 0.2868  NuScenes metric/pred_instances_3d_NuScenes/pedestrian_orient_err: 0.3751  NuScenes metric/pred_instances_3d_NuScenes/pedestrian_vel_err: 0.2232  NuScenes metric/pred_instances_3d_NuScenes/pedestrian_attr_err: 0.0985  NuScenes metric/pred_instances_3d_NuScenes/traffic_cone_AP_dist_0.5: 0.7106  NuScenes metric/pred_instances_3d_NuScenes/traffic_cone_AP_dist_1.0: 0.7219  NuScenes metric/pred_instances_3d_NuScenes/traffic_cone_AP_dist_2.0: 0.7394  NuScenes metric/pred_instances_3d_NuScenes/traffic_cone_AP_dist_4.0: 0.7663  NuScenes metric/pred_instances_3d_NuScenes/traffic_cone_trans_err: 0.1225  NuScenes metric/pred_instances_3d_NuScenes/traffic_cone_scale_err: 0.3265  NuScenes metric/pred_instances_3d_NuScenes/traffic_cone_orient_err: nan  NuScenes metric/pred_instances_3d_NuScenes/traffic_cone_vel_err: nan  NuScenes metric/pred_instances_3d_NuScenes/traffic_cone_attr_err: nan  NuScenes metric/pred_instances_3d_NuScenes/NDS: 0.6958  NuScenes metric/pred_instances_3d_NuScenes/mAP: 0.6507  data_time: 0.0175  time: 1.2472
