2024/12/09 09:38:51 - mmengine - INFO - 
------------------------------------------------------------
System environment:
    sys.platform: linux
    Python: 3.8.10 (default, Jul 29 2024, 17:02:10) [GCC 9.4.0]
    CUDA available: True
    MUSA available: False
    numpy_random_seed: 2068008020
    GPU 0: Xavier
    CUDA_HOME: /usr/local/cuda-11.4
    NVCC: Cuda compilation tools, release 11.4, V11.4.315
    GCC: aarch64-linux-gnu-gcc (Ubuntu 9.4.0-1ubuntu1~20.04.2) 9.4.0
    PyTorch: 1.11.0
    PyTorch compiling details: PyTorch built with:
  - GCC 9.4
  - C++ Version: 201402
  - OpenMP 201511 (a.k.a. OpenMP 4.5)
  - LAPACK is enabled (usually provided by MKL)
  - NNPACK is enabled
  - CPU capability usage: NO AVX
  - CUDA Runtime 11.4
  - NVCC architecture flags: -gencode;arch=compute_72,code=sm_72;-gencode;arch=compute_87,code=sm_87
  - CuDNN 8.6
    - Built with CuDNN 8.3.2
  - Build settings: BLAS_INFO=open, BUILD_TYPE=Release, CUDA_VERSION=11.4, CUDNN_VERSION=8.3.2, CXX_COMPILER=/usr/bin/c++, CXX_FLAGS= -Wno-deprecated -fvisibility-inlines-hidden -DUSE_PTHREADPOOL -fopenmp -DNDEBUG -DUSE_KINETO -DLIBKINETO_NOCUPTI -DUSE_XNNPACK -DSYMBOLICATE_MOBILE_DEBUG_HANDLE -DEDGE_PROFILER_USE_KINETO -O2 -fPIC -Wno-narrowing -Wall -Wextra -Werror=return-type -Wno-missing-field-initializers -Wno-type-limits -Wno-array-bounds -Wno-unknown-pragmas -Wno-sign-compare -Wno-unused-parameter -Wno-unused-function -Wno-unused-result -Wno-unused-local-typedefs -Wno-strict-overflow -Wno-strict-aliasing -Wno-error=deprecated-declarations -Wno-stringop-overflow -Wno-psabi -Wno-error=pedantic -Wno-error=redundant-decls -Wno-error=old-style-cast -fdiagnostics-color=always -faligned-new -Wno-unused-but-set-variable -Wno-maybe-uninitialized -fno-math-errno -fno-trapping-math -Werror=format -Werror=cast-function-type -Wno-stringop-overflow, FORCE_FALLBACK_CUDA_MPI=1, LAPACK_INFO=open, TORCH_VERSION=1.11.0, USE_CUDA=ON, USE_CUDNN=ON, USE_EIGEN_FOR_BLAS=ON, USE_EXCEPTION_PTR=1, USE_GFLAGS=OFF, USE_GLOG=OFF, USE_MKL=OFF, USE_MKLDNN=OFF, USE_MPI=ON, USE_NCCL=0, USE_NNPACK=ON, USE_OPENMP=ON, USE_ROCM=OFF, 

    TorchVision: 0.12.0
    OpenCV: 4.10.0
    MMEngine: 0.10.5

Runtime environment:
    cudnn_benchmark: False
    mp_cfg: {'mp_start_method': 'fork', 'opencv_num_threads': 0}
    dist_cfg: {'backend': 'nccl'}
    seed: 2068008020
    Distributed launcher: none
    Distributed training: False
    GPU number: 1
------------------------------------------------------------

2024/12/09 09:38:53 - mmengine - INFO - Config:
auto_scale_lr = dict(base_batch_size=32, enable=False)
backend_args = None
class_names = [
    'car',
    'truck',
    'construction_vehicle',
    'bus',
    'trailer',
    'barrier',
    'motorcycle',
    'bicycle',
    'pedestrian',
    'traffic_cone',
]
custom_imports = dict(
    allow_failed_imports=False, imports=[
        'projects.BEVFusion.bevfusion',
    ])
data_prefix = dict(
    CAM_BACK='samples/CAM_BACK',
    CAM_BACK_LEFT='samples/CAM_BACK_LEFT',
    CAM_BACK_RIGHT='samples/CAM_BACK_RIGHT',
    CAM_FRONT='samples/CAM_FRONT',
    CAM_FRONT_LEFT='samples/CAM_FRONT_LEFT',
    CAM_FRONT_RIGHT='samples/CAM_FRONT_RIGHT',
    pts='samples/LIDAR_TOP',
    sweeps='sweeps/LIDAR_TOP')
data_root = '/media/xavier02/Sparkles1/nuscenes/'
dataset_type = 'NuScenesDataset'
db_sampler = dict(
    classes=[
        'car',
        'truck',
        'construction_vehicle',
        'bus',
        'trailer',
        'barrier',
        'motorcycle',
        'bicycle',
        'pedestrian',
        'traffic_cone',
    ],
    data_root='/media/xavier02/Sparkles1/nuscenes/',
    info_path='/media/xavier02/Sparkles1/nuscenes/nuscenes_dbinfos_train.pkl',
    points_loader=dict(
        backend_args=None,
        coord_type='LIDAR',
        load_dim=5,
        type='LoadPointsFromFile',
        use_dim=[
            0,
            1,
            2,
            3,
            4,
        ]),
    prepare=dict(
        filter_by_difficulty=[
            -1,
        ],
        filter_by_min_points=dict(
            barrier=5,
            bicycle=5,
            bus=5,
            car=5,
            construction_vehicle=5,
            motorcycle=5,
            pedestrian=5,
            traffic_cone=5,
            trailer=5,
            truck=5)),
    rate=1.0,
    sample_groups=dict(
        barrier=2,
        bicycle=6,
        bus=4,
        car=2,
        construction_vehicle=7,
        motorcycle=6,
        pedestrian=2,
        traffic_cone=2,
        trailer=6,
        truck=3))
default_hooks = dict(
    checkpoint=dict(interval=1, type='CheckpointHook'),
    logger=dict(interval=50, type='LoggerHook'),
    param_scheduler=dict(type='ParamSchedulerHook'),
    sampler_seed=dict(type='DistSamplerSeedHook'),
    timer=dict(type='IterTimerHook'),
    visualization=dict(type='Det3DVisualizationHook'))
default_scope = 'mmdet3d'
env_cfg = dict(
    cudnn_benchmark=False,
    dist_cfg=dict(backend='nccl'),
    mp_cfg=dict(mp_start_method='fork', opencv_num_threads=0))
input_modality = dict(use_camera=True, use_lidar=True)
launcher = 'none'
load_from = '/media/xavier02/xavier_ssd_500/mmdetection3d_source/mmdetection3d-main/projects/BEVFusion/configs/Cam_lid_ep6_fp16.pth'
log_level = 'INFO'
log_processor = dict(by_epoch=True, type='LogProcessor', window_size=50)
lr = 0.0001
metainfo = dict(classes=[
    'car',
    'truck',
    'construction_vehicle',
    'bus',
    'trailer',
    'barrier',
    'motorcycle',
    'bicycle',
    'pedestrian',
    'traffic_cone',
])
model = dict(
    bbox_head=dict(
        auxiliary=True,
        bbox_coder=dict(
            code_size=10,
            out_size_factor=8,
            pc_range=[
                -54.0,
                -54.0,
            ],
            post_center_range=[
                -61.2,
                -61.2,
                -10.0,
                61.2,
                61.2,
                10.0,
            ],
            score_threshold=0.0,
            type='TransFusionBBoxCoder',
            voxel_size=[
                0.075,
                0.075,
            ]),
        bn_momentum=0.1,
        common_heads=dict(
            center=[
                2,
                2,
            ],
            dim=[
                3,
                2,
            ],
            height=[
                1,
                2,
            ],
            rot=[
                2,
                2,
            ],
            vel=[
                2,
                2,
            ]),
        decoder_layer=dict(
            cross_attn_cfg=dict(dropout=0.1, embed_dims=128, num_heads=8),
            ffn_cfg=dict(
                act_cfg=dict(inplace=True, type='ReLU'),
                embed_dims=128,
                feedforward_channels=256,
                ffn_drop=0.1,
                num_fcs=2),
            norm_cfg=dict(type='LN'),
            pos_encoding_cfg=dict(input_channel=2, num_pos_feats=128),
            self_attn_cfg=dict(dropout=0.1, embed_dims=128, num_heads=8),
            type='TransformerDecoderLayer'),
        hidden_channel=128,
        in_channels=512,
        loss_bbox=dict(
            loss_weight=0.25, reduction='mean', type='mmdet.L1Loss'),
        loss_cls=dict(
            alpha=0.25,
            gamma=2.0,
            loss_weight=1.0,
            reduction='mean',
            type='mmdet.FocalLoss',
            use_sigmoid=True),
        loss_heatmap=dict(
            loss_weight=1.0, reduction='mean', type='mmdet.GaussianFocalLoss'),
        nms_kernel_size=3,
        num_classes=10,
        num_decoder_layers=1,
        num_proposals=200,
        test_cfg=dict(
            dataset='nuScenes',
            grid_size=[
                1440,
                1440,
                41,
            ],
            nms_type=None,
            out_size_factor=8,
            pc_range=[
                -54.0,
                -54.0,
            ],
            voxel_size=[
                0.075,
                0.075,
            ]),
        train_cfg=dict(
            assigner=dict(
                cls_cost=dict(
                    alpha=0.25,
                    gamma=2.0,
                    type='mmdet.FocalLossCost',
                    weight=0.15),
                iou_calculator=dict(coordinate='lidar', type='BboxOverlaps3D'),
                iou_cost=dict(type='IoU3DCost', weight=0.25),
                reg_cost=dict(type='BBoxBEVL1Cost', weight=0.25),
                type='HungarianAssigner3D'),
            code_weights=[
                1.0,
                1.0,
                1.0,
                1.0,
                1.0,
                1.0,
                1.0,
                1.0,
                0.2,
                0.2,
            ],
            dataset='nuScenes',
            gaussian_overlap=0.1,
            grid_size=[
                1440,
                1440,
                41,
            ],
            min_radius=2,
            out_size_factor=8,
            point_cloud_range=[
                -54.0,
                -54.0,
                -5.0,
                54.0,
                54.0,
                3.0,
            ],
            pos_weight=-1,
            voxel_size=[
                0.075,
                0.075,
                0.2,
            ]),
        type='TransFusionHead'),
    data_preprocessor=dict(
        bgr_to_rgb=False,
        mean=[
            123.675,
            116.28,
            103.53,
        ],
        pad_size_divisor=32,
        std=[
            58.395,
            57.12,
            57.375,
        ],
        type='Det3DDataPreprocessor',
        voxelize_cfg=dict(
            max_num_points=10,
            max_voxels=[
                120000,
                160000,
            ],
            point_cloud_range=[
                -54.0,
                -54.0,
                -5.0,
                54.0,
                54.0,
                3.0,
            ],
            voxel_size=[
                0.075,
                0.075,
                0.2,
            ],
            voxelize_reduce=True)),
    fusion_layer=dict(
        in_channels=[
            80,
            256,
        ], out_channels=256, type='ConvFuser'),
    img_backbone=dict(
        attn_drop_rate=0.0,
        convert_weights=True,
        depths=[
            2,
            2,
            6,
            2,
        ],
        drop_path_rate=0.2,
        drop_rate=0.0,
        embed_dims=96,
        init_cfg=dict(
            checkpoint=
            'projects/BEVFusion/configs/swin_tiny_patch4_window7_224.pth',
            type='Pretrained'),
        mlp_ratio=4,
        num_heads=[
            3,
            6,
            12,
            24,
        ],
        out_indices=[
            1,
            2,
            3,
        ],
        patch_norm=True,
        qk_scale=None,
        qkv_bias=True,
        type='mmdet.SwinTransformer',
        window_size=7,
        with_cp=False),
    img_neck=dict(
        act_cfg=dict(inplace=True, type='ReLU'),
        in_channels=[
            192,
            384,
            768,
        ],
        norm_cfg=dict(requires_grad=True, type='BN2d'),
        num_outs=3,
        out_channels=256,
        start_level=0,
        type='GeneralizedLSSFPN',
        upsample_cfg=dict(align_corners=False, mode='bilinear')),
    pts_backbone=dict(
        conv_cfg=dict(bias=False, type='Conv2d'),
        in_channels=256,
        layer_nums=[
            5,
            5,
        ],
        layer_strides=[
            1,
            2,
        ],
        norm_cfg=dict(eps=0.001, momentum=0.01, type='BN'),
        out_channels=[
            128,
            256,
        ],
        type='SECOND'),
    pts_middle_encoder=dict(
        block_type='basicblock',
        encoder_channels=(
            (
                16,
                16,
                32,
            ),
            (
                32,
                32,
                64,
            ),
            (
                64,
                64,
                128,
            ),
            (
                128,
                128,
            ),
        ),
        encoder_paddings=(
            (
                0,
                0,
                1,
            ),
            (
                0,
                0,
                1,
            ),
            (
                0,
                0,
                (
                    1,
                    1,
                    0,
                ),
            ),
            (
                0,
                0,
            ),
        ),
        in_channels=5,
        norm_cfg=dict(eps=0.001, momentum=0.01, type='BN1d'),
        order=(
            'conv',
            'norm',
            'act',
        ),
        sparse_shape=[
            1440,
            1440,
            41,
        ],
        type='BEVFusionSparseEncoder'),
    pts_neck=dict(
        in_channels=[
            128,
            256,
        ],
        norm_cfg=dict(eps=0.001, momentum=0.01, type='BN'),
        out_channels=[
            256,
            256,
        ],
        type='SECONDFPN',
        upsample_cfg=dict(bias=False, type='deconv'),
        upsample_strides=[
            1,
            2,
        ],
        use_conv_for_no_stride=True),
    pts_voxel_encoder=dict(num_features=5, type='HardSimpleVFE'),
    type='BEVFusion',
    view_transform=dict(
        dbound=[
            1.0,
            60.0,
            0.5,
        ],
        downsample=2,
        feature_size=[
            32,
            88,
        ],
        image_size=[
            256,
            704,
        ],
        in_channels=256,
        out_channels=80,
        type='DepthLSSTransform',
        xbound=[
            -54.0,
            54.0,
            0.3,
        ],
        ybound=[
            -54.0,
            54.0,
            0.3,
        ],
        zbound=[
            -10.0,
            10.0,
            20.0,
        ]))
optim_wrapper = dict(
    clip_grad=dict(max_norm=35, norm_type=2),
    optimizer=dict(lr=0.0002, type='AdamW', weight_decay=0.01),
    type='OptimWrapper')
param_scheduler = [
    dict(
        begin=0,
        by_epoch=False,
        end=500,
        start_factor=0.33333333,
        type='LinearLR'),
    dict(
        T_max=6,
        begin=0,
        by_epoch=True,
        convert_to_iter_based=True,
        end=6,
        eta_min_ratio=0.0001,
        type='CosineAnnealingLR'),
    dict(
        begin=0,
        by_epoch=True,
        convert_to_iter_based=True,
        end=2.4,
        eta_min=0.8947368421052632,
        type='CosineAnnealingMomentum'),
    dict(
        begin=2.4,
        by_epoch=True,
        convert_to_iter_based=True,
        end=6,
        eta_min=1,
        type='CosineAnnealingMomentum'),
]
point_cloud_range = [
    -54.0,
    -54.0,
    -5.0,
    54.0,
    54.0,
    3.0,
]
resume = False
test_cfg = dict()
test_dataloader = dict(
    batch_size=1,
    dataset=dict(
        ann_file='nuscenes_infos_val.pkl',
        backend_args=None,
        box_type_3d='LiDAR',
        data_prefix=dict(
            CAM_BACK='samples/CAM_BACK',
            CAM_BACK_LEFT='samples/CAM_BACK_LEFT',
            CAM_BACK_RIGHT='samples/CAM_BACK_RIGHT',
            CAM_FRONT='samples/CAM_FRONT',
            CAM_FRONT_LEFT='samples/CAM_FRONT_LEFT',
            CAM_FRONT_RIGHT='samples/CAM_FRONT_RIGHT',
            pts='samples/LIDAR_TOP',
            sweeps='sweeps/LIDAR_TOP'),
        data_root='/media/xavier02/Sparkles1/nuscenes/',
        metainfo=dict(classes=[
            'car',
            'truck',
            'construction_vehicle',
            'bus',
            'trailer',
            'barrier',
            'motorcycle',
            'bicycle',
            'pedestrian',
            'traffic_cone',
        ]),
        modality=dict(use_camera=True, use_lidar=True),
        pipeline=[
            dict(
                backend_args=None,
                color_type='color',
                to_float32=True,
                type='BEVLoadMultiViewImageFromFiles'),
            dict(
                backend_args=None,
                coord_type='LIDAR',
                load_dim=5,
                type='LoadPointsFromFile',
                use_dim=5),
            dict(
                backend_args=None,
                load_dim=5,
                pad_empty_sweeps=True,
                remove_close=True,
                sweeps_num=9,
                type='LoadPointsFromMultiSweeps',
                use_dim=5),
            dict(
                bot_pct_lim=[
                    0.0,
                    0.0,
                ],
                final_dim=[
                    256,
                    704,
                ],
                is_train=False,
                rand_flip=False,
                resize_lim=[
                    0.48,
                    0.48,
                ],
                rot_lim=[
                    0.0,
                    0.0,
                ],
                type='ImageAug3D'),
            dict(
                point_cloud_range=[
                    -54.0,
                    -54.0,
                    -5.0,
                    54.0,
                    54.0,
                    3.0,
                ],
                type='PointsRangeFilter'),
            dict(
                keys=[
                    'img',
                    'points',
                    'gt_bboxes_3d',
                    'gt_labels_3d',
                ],
                meta_keys=[
                    'cam2img',
                    'ori_cam2img',
                    'lidar2cam',
                    'lidar2img',
                    'cam2lidar',
                    'ori_lidar2img',
                    'img_aug_matrix',
                    'box_type_3d',
                    'sample_idx',
                    'lidar_path',
                    'img_path',
                    'num_pts_feats',
                ],
                type='Pack3DDetInputs'),
        ],
        test_mode=True,
        type='NuScenesDataset'),
    drop_last=False,
    num_workers=1,
    persistent_workers=True,
    sampler=dict(shuffle=False, type='DefaultSampler'))
test_evaluator = dict(
    ann_file='/media/xavier02/Sparkles1/nuscenes/nuscenes_infos_val.pkl',
    backend_args=None,
    data_root='/media/xavier02/Sparkles1/nuscenes/',
    metric='bbox',
    type='NuScenesMetric')
test_pipeline = [
    dict(
        backend_args=None,
        color_type='color',
        to_float32=True,
        type='BEVLoadMultiViewImageFromFiles'),
    dict(
        backend_args=None,
        coord_type='LIDAR',
        load_dim=5,
        type='LoadPointsFromFile',
        use_dim=5),
    dict(
        backend_args=None,
        load_dim=5,
        pad_empty_sweeps=True,
        remove_close=True,
        sweeps_num=9,
        type='LoadPointsFromMultiSweeps',
        use_dim=5),
    dict(
        bot_pct_lim=[
            0.0,
            0.0,
        ],
        final_dim=[
            256,
            704,
        ],
        is_train=False,
        rand_flip=False,
        resize_lim=[
            0.48,
            0.48,
        ],
        rot_lim=[
            0.0,
            0.0,
        ],
        type='ImageAug3D'),
    dict(
        point_cloud_range=[
            -54.0,
            -54.0,
            -5.0,
            54.0,
            54.0,
            3.0,
        ],
        type='PointsRangeFilter'),
    dict(
        keys=[
            'img',
            'points',
            'gt_bboxes_3d',
            'gt_labels_3d',
        ],
        meta_keys=[
            'cam2img',
            'ori_cam2img',
            'lidar2cam',
            'lidar2img',
            'cam2lidar',
            'ori_lidar2img',
            'img_aug_matrix',
            'box_type_3d',
            'sample_idx',
            'lidar_path',
            'img_path',
            'num_pts_feats',
        ],
        type='Pack3DDetInputs'),
]
train_cfg = dict(by_epoch=True, max_epochs=6, val_interval=2)
train_dataloader = dict(
    batch_size=1,
    dataset=dict(
        dataset=dict(
            ann_file='nuscenes_infos_train.pkl',
            box_type_3d='LiDAR',
            data_prefix=dict(
                CAM_BACK='samples/CAM_BACK',
                CAM_BACK_LEFT='samples/CAM_BACK_LEFT',
                CAM_BACK_RIGHT='samples/CAM_BACK_RIGHT',
                CAM_FRONT='samples/CAM_FRONT',
                CAM_FRONT_LEFT='samples/CAM_FRONT_LEFT',
                CAM_FRONT_RIGHT='samples/CAM_FRONT_RIGHT',
                pts='samples/LIDAR_TOP',
                sweeps='sweeps/LIDAR_TOP'),
            data_root='/media/xavier02/Sparkles1/nuscenes/',
            metainfo=dict(classes=[
                'car',
                'truck',
                'construction_vehicle',
                'bus',
                'trailer',
                'barrier',
                'motorcycle',
                'bicycle',
                'pedestrian',
                'traffic_cone',
            ]),
            modality=dict(use_camera=True, use_lidar=True),
            pipeline=[
                dict(
                    backend_args=None,
                    color_type='color',
                    to_float32=True,
                    type='BEVLoadMultiViewImageFromFiles'),
                dict(
                    backend_args=None,
                    coord_type='LIDAR',
                    load_dim=5,
                    type='LoadPointsFromFile',
                    use_dim=5),
                dict(
                    backend_args=None,
                    load_dim=5,
                    pad_empty_sweeps=True,
                    remove_close=True,
                    sweeps_num=9,
                    type='LoadPointsFromMultiSweeps',
                    use_dim=5),
                dict(
                    type='LoadAnnotations3D',
                    with_attr_label=False,
                    with_bbox_3d=True,
                    with_label_3d=True),
                dict(
                    bot_pct_lim=[
                        0.0,
                        0.0,
                    ],
                    final_dim=[
                        256,
                        704,
                    ],
                    is_train=True,
                    rand_flip=True,
                    resize_lim=[
                        0.38,
                        0.55,
                    ],
                    rot_lim=[
                        -5.4,
                        5.4,
                    ],
                    type='ImageAug3D'),
                dict(
                    rot_range=[
                        -0.78539816,
                        0.78539816,
                    ],
                    scale_ratio_range=[
                        0.9,
                        1.1,
                    ],
                    translation_std=0.5,
                    type='BEVFusionGlobalRotScaleTrans'),
                dict(type='BEVFusionRandomFlip3D'),
                dict(
                    point_cloud_range=[
                        -54.0,
                        -54.0,
                        -5.0,
                        54.0,
                        54.0,
                        3.0,
                    ],
                    type='PointsRangeFilter'),
                dict(
                    point_cloud_range=[
                        -54.0,
                        -54.0,
                        -5.0,
                        54.0,
                        54.0,
                        3.0,
                    ],
                    type='ObjectRangeFilter'),
                dict(
                    classes=[
                        'car',
                        'truck',
                        'construction_vehicle',
                        'bus',
                        'trailer',
                        'barrier',
                        'motorcycle',
                        'bicycle',
                        'pedestrian',
                        'traffic_cone',
                    ],
                    type='ObjectNameFilter'),
                dict(
                    fixed_prob=True,
                    max_epoch=6,
                    mode=1,
                    offset=False,
                    prob=0.0,
                    ratio=0.5,
                    rotate=1,
                    type='GridMask',
                    use_h=True,
                    use_w=True),
                dict(type='PointShuffle'),
                dict(
                    keys=[
                        'points',
                        'img',
                        'gt_bboxes_3d',
                        'gt_labels_3d',
                        'gt_bboxes',
                        'gt_labels',
                    ],
                    meta_keys=[
                        'cam2img',
                        'ori_cam2img',
                        'lidar2cam',
                        'lidar2img',
                        'cam2lidar',
                        'ori_lidar2img',
                        'img_aug_matrix',
                        'box_type_3d',
                        'sample_idx',
                        'lidar_path',
                        'img_path',
                        'transformation_3d_flow',
                        'pcd_rotation',
                        'pcd_scale_factor',
                        'pcd_trans',
                        'img_aug_matrix',
                        'lidar_aug_matrix',
                        'num_pts_feats',
                    ],
                    type='Pack3DDetInputs'),
            ],
            test_mode=False,
            type='NuScenesDataset',
            use_valid_flag=True),
        type='CBGSDataset'),
    num_workers=1,
    persistent_workers=True,
    sampler=dict(shuffle=True, type='DefaultSampler'))
train_pipeline = [
    dict(
        backend_args=None,
        color_type='color',
        to_float32=True,
        type='BEVLoadMultiViewImageFromFiles'),
    dict(
        backend_args=None,
        coord_type='LIDAR',
        load_dim=5,
        type='LoadPointsFromFile',
        use_dim=5),
    dict(
        backend_args=None,
        load_dim=5,
        pad_empty_sweeps=True,
        remove_close=True,
        sweeps_num=9,
        type='LoadPointsFromMultiSweeps',
        use_dim=5),
    dict(
        type='LoadAnnotations3D',
        with_attr_label=False,
        with_bbox_3d=True,
        with_label_3d=True),
    dict(
        bot_pct_lim=[
            0.0,
            0.0,
        ],
        final_dim=[
            256,
            704,
        ],
        is_train=True,
        rand_flip=True,
        resize_lim=[
            0.38,
            0.55,
        ],
        rot_lim=[
            -5.4,
            5.4,
        ],
        type='ImageAug3D'),
    dict(
        rot_range=[
            -0.78539816,
            0.78539816,
        ],
        scale_ratio_range=[
            0.9,
            1.1,
        ],
        translation_std=0.5,
        type='BEVFusionGlobalRotScaleTrans'),
    dict(type='BEVFusionRandomFlip3D'),
    dict(
        point_cloud_range=[
            -54.0,
            -54.0,
            -5.0,
            54.0,
            54.0,
            3.0,
        ],
        type='PointsRangeFilter'),
    dict(
        point_cloud_range=[
            -54.0,
            -54.0,
            -5.0,
            54.0,
            54.0,
            3.0,
        ],
        type='ObjectRangeFilter'),
    dict(
        classes=[
            'car',
            'truck',
            'construction_vehicle',
            'bus',
            'trailer',
            'barrier',
            'motorcycle',
            'bicycle',
            'pedestrian',
            'traffic_cone',
        ],
        type='ObjectNameFilter'),
    dict(
        fixed_prob=True,
        max_epoch=6,
        mode=1,
        offset=False,
        prob=0.0,
        ratio=0.5,
        rotate=1,
        type='GridMask',
        use_h=True,
        use_w=True),
    dict(type='PointShuffle'),
    dict(
        keys=[
            'points',
            'img',
            'gt_bboxes_3d',
            'gt_labels_3d',
            'gt_bboxes',
            'gt_labels',
        ],
        meta_keys=[
            'cam2img',
            'ori_cam2img',
            'lidar2cam',
            'lidar2img',
            'cam2lidar',
            'ori_lidar2img',
            'img_aug_matrix',
            'box_type_3d',
            'sample_idx',
            'lidar_path',
            'img_path',
            'transformation_3d_flow',
            'pcd_rotation',
            'pcd_scale_factor',
            'pcd_trans',
            'img_aug_matrix',
            'lidar_aug_matrix',
            'num_pts_feats',
        ],
        type='Pack3DDetInputs'),
]
val_cfg = dict()
val_dataloader = dict(
    batch_size=1,
    dataset=dict(
        ann_file='nuscenes_infos_val.pkl',
        backend_args=None,
        box_type_3d='LiDAR',
        data_prefix=dict(
            CAM_BACK='samples/CAM_BACK',
            CAM_BACK_LEFT='samples/CAM_BACK_LEFT',
            CAM_BACK_RIGHT='samples/CAM_BACK_RIGHT',
            CAM_FRONT='samples/CAM_FRONT',
            CAM_FRONT_LEFT='samples/CAM_FRONT_LEFT',
            CAM_FRONT_RIGHT='samples/CAM_FRONT_RIGHT',
            pts='samples/LIDAR_TOP',
            sweeps='sweeps/LIDAR_TOP'),
        data_root='/media/xavier02/Sparkles1/nuscenes/',
        metainfo=dict(classes=[
            'car',
            'truck',
            'construction_vehicle',
            'bus',
            'trailer',
            'barrier',
            'motorcycle',
            'bicycle',
            'pedestrian',
            'traffic_cone',
        ]),
        modality=dict(use_camera=True, use_lidar=True),
        pipeline=[
            dict(
                backend_args=None,
                color_type='color',
                to_float32=True,
                type='BEVLoadMultiViewImageFromFiles'),
            dict(
                backend_args=None,
                coord_type='LIDAR',
                load_dim=5,
                type='LoadPointsFromFile',
                use_dim=5),
            dict(
                backend_args=None,
                load_dim=5,
                pad_empty_sweeps=True,
                remove_close=True,
                sweeps_num=9,
                type='LoadPointsFromMultiSweeps',
                use_dim=5),
            dict(
                bot_pct_lim=[
                    0.0,
                    0.0,
                ],
                final_dim=[
                    256,
                    704,
                ],
                is_train=False,
                rand_flip=False,
                resize_lim=[
                    0.48,
                    0.48,
                ],
                rot_lim=[
                    0.0,
                    0.0,
                ],
                type='ImageAug3D'),
            dict(
                point_cloud_range=[
                    -54.0,
                    -54.0,
                    -5.0,
                    54.0,
                    54.0,
                    3.0,
                ],
                type='PointsRangeFilter'),
            dict(
                keys=[
                    'img',
                    'points',
                    'gt_bboxes_3d',
                    'gt_labels_3d',
                ],
                meta_keys=[
                    'cam2img',
                    'ori_cam2img',
                    'lidar2cam',
                    'lidar2img',
                    'cam2lidar',
                    'ori_lidar2img',
                    'img_aug_matrix',
                    'box_type_3d',
                    'sample_idx',
                    'lidar_path',
                    'img_path',
                    'num_pts_feats',
                ],
                type='Pack3DDetInputs'),
        ],
        test_mode=True,
        type='NuScenesDataset'),
    drop_last=False,
    num_workers=1,
    persistent_workers=True,
    sampler=dict(shuffle=False, type='DefaultSampler'))
val_evaluator = dict(
    ann_file='/media/xavier02/Sparkles1/nuscenes/nuscenes_infos_val.pkl',
    backend_args=None,
    data_root='/media/xavier02/Sparkles1/nuscenes/',
    metric='bbox',
    type='NuScenesMetric')
vis_backends = [
    dict(type='LocalVisBackend'),
]
visualizer = dict(
    name='visualizer',
    type='Det3DLocalVisualizer',
    vis_backends=[
        dict(type='LocalVisBackend'),
    ])
voxel_size = [
    0.075,
    0.075,
    0.2,
]
work_dir = './work_dirs/bevfusion_lidar-cam_voxel0075_second_secfpn_8xb4-cyclic-20e_nus-3d'

2024/12/09 09:38:59 - mmengine - INFO - Loads checkpoint by local backend from path: projects/BEVFusion/configs/swin_tiny_patch4_window7_224.pth
2024/12/09 09:39:01 - mmengine - INFO - Distributed training is not used, all SyncBatchNorm (SyncBN) layers in the model will be automatically reverted to BatchNormXd layers if they are used.
2024/12/09 09:39:01 - mmengine - INFO - Hooks will be executed in the following order:
before_run:
(VERY_HIGH   ) RuntimeInfoHook                    
(BELOW_NORMAL) LoggerHook                         
 -------------------- 
before_train:
(VERY_HIGH   ) RuntimeInfoHook                    
(NORMAL      ) IterTimerHook                      
(VERY_LOW    ) CheckpointHook                     
 -------------------- 
before_train_epoch:
(VERY_HIGH   ) RuntimeInfoHook                    
(NORMAL      ) IterTimerHook                      
(NORMAL      ) DistSamplerSeedHook                
 -------------------- 
before_train_iter:
(VERY_HIGH   ) RuntimeInfoHook                    
(NORMAL      ) IterTimerHook                      
 -------------------- 
after_train_iter:
(VERY_HIGH   ) RuntimeInfoHook                    
(NORMAL      ) IterTimerHook                      
(BELOW_NORMAL) LoggerHook                         
(LOW         ) ParamSchedulerHook                 
(VERY_LOW    ) CheckpointHook                     
 -------------------- 
after_train_epoch:
(NORMAL      ) IterTimerHook                      
(LOW         ) ParamSchedulerHook                 
(VERY_LOW    ) CheckpointHook                     
 -------------------- 
before_val:
(VERY_HIGH   ) RuntimeInfoHook                    
 -------------------- 
before_val_epoch:
(NORMAL      ) IterTimerHook                      
 -------------------- 
before_val_iter:
(NORMAL      ) IterTimerHook                      
 -------------------- 
after_val_iter:
(NORMAL      ) IterTimerHook                      
(NORMAL      ) Det3DVisualizationHook             
(BELOW_NORMAL) LoggerHook                         
 -------------------- 
after_val_epoch:
(VERY_HIGH   ) RuntimeInfoHook                    
(NORMAL      ) IterTimerHook                      
(BELOW_NORMAL) LoggerHook                         
(LOW         ) ParamSchedulerHook                 
(VERY_LOW    ) CheckpointHook                     
 -------------------- 
after_val:
(VERY_HIGH   ) RuntimeInfoHook                    
 -------------------- 
after_train:
(VERY_HIGH   ) RuntimeInfoHook                    
(VERY_LOW    ) CheckpointHook                     
 -------------------- 
before_test:
(VERY_HIGH   ) RuntimeInfoHook                    
 -------------------- 
before_test_epoch:
(NORMAL      ) IterTimerHook                      
 -------------------- 
before_test_iter:
(NORMAL      ) IterTimerHook                      
 -------------------- 
after_test_iter:
(NORMAL      ) IterTimerHook                      
(NORMAL      ) Det3DVisualizationHook             
(BELOW_NORMAL) LoggerHook                         
 -------------------- 
after_test_epoch:
(VERY_HIGH   ) RuntimeInfoHook                    
(NORMAL      ) IterTimerHook                      
(BELOW_NORMAL) LoggerHook                         
 -------------------- 
after_test:
(VERY_HIGH   ) RuntimeInfoHook                    
 -------------------- 
after_run:
(BELOW_NORMAL) LoggerHook                         
 -------------------- 
2024/12/09 09:39:41 - mmengine - INFO - ------------------------------
2024/12/09 09:39:41 - mmengine - INFO - The length of test dataset: 6019
2024/12/09 09:39:41 - mmengine - INFO - The number of instances per category in the dataset:
+----------------------+--------+
| category             | number |
+----------------------+--------+
| car                  | 80004  |
| truck                | 15704  |
| construction_vehicle | 2678   |
| bus                  | 3158   |
| trailer              | 4159   |
| barrier              | 26992  |
| motorcycle           | 2508   |
| bicycle              | 2381   |
| pedestrian           | 34347  |
| traffic_cone         | 15597  |
+----------------------+--------+
2024/12/09 09:39:46 - mmengine - INFO - Load checkpoint from /media/xavier02/xavier_ssd_500/mmdetection3d_source/mmdetection3d-main/projects/BEVFusion/configs/Cam_lid_ep6_fp16.pth
2024/12/09 09:41:24 - mmengine - INFO - Epoch(test) [  50/6019]    eta: 3:15:07  time: 1.9614  data_time: 0.1034  memory: 2223  
2024/12/09 09:42:56 - mmengine - INFO - Epoch(test) [ 100/6019]    eta: 3:07:35  time: 1.8418  data_time: 0.0191  memory: 2225  
2024/12/09 09:44:26 - mmengine - INFO - Epoch(test) [ 150/6019]    eta: 3:02:39  time: 1.7987  data_time: 0.0182  memory: 2222  
2024/12/09 09:45:58 - mmengine - INFO - Epoch(test) [ 200/6019]    eta: 3:00:18  time: 1.8345  data_time: 0.0183  memory: 2223  
2024/12/09 09:47:28 - mmengine - INFO - Epoch(test) [ 250/6019]    eta: 2:57:53  time: 1.8142  data_time: 0.0196  memory: 2225  
2024/12/09 09:48:55 - mmengine - INFO - Epoch(test) [ 300/6019]    eta: 2:54:25  time: 1.7286  data_time: 0.0225  memory: 2223  
2024/12/09 09:50:24 - mmengine - INFO - Epoch(test) [ 350/6019]    eta: 2:52:21  time: 1.7908  data_time: 0.0218  memory: 2225  
2024/12/09 09:51:55 - mmengine - INFO - Epoch(test) [ 400/6019]    eta: 2:50:47  time: 1.8197  data_time: 0.0216  memory: 2225  
2024/12/09 09:53:25 - mmengine - INFO - Epoch(test) [ 450/6019]    eta: 2:48:59  time: 1.7964  data_time: 0.0228  memory: 2225  
2024/12/09 09:54:54 - mmengine - INFO - Epoch(test) [ 500/6019]    eta: 2:47:04  time: 1.7775  data_time: 0.0220  memory: 2224  
2024/12/09 09:56:22 - mmengine - INFO - Epoch(test) [ 550/6019]    eta: 2:45:07  time: 1.7634  data_time: 0.0224  memory: 2225  
2024/12/09 09:57:47 - mmengine - INFO - Epoch(test) [ 600/6019]    eta: 2:42:46  time: 1.6998  data_time: 0.0218  memory: 2222  
2024/12/09 09:59:07 - mmengine - INFO - Epoch(test) [ 650/6019]    eta: 2:39:54  time: 1.6052  data_time: 0.0222  memory: 2220  
2024/12/09 10:00:27 - mmengine - INFO - Epoch(test) [ 700/6019]    eta: 2:37:08  time: 1.5857  data_time: 0.0213  memory: 2219  
2024/12/09 10:01:46 - mmengine - INFO - Epoch(test) [ 750/6019]    eta: 2:34:34  time: 1.5843  data_time: 0.0204  memory: 2220  
2024/12/09 10:03:11 - mmengine - INFO - Epoch(test) [ 800/6019]    eta: 2:32:49  time: 1.7098  data_time: 0.0215  memory: 2224  
2024/12/09 10:04:36 - mmengine - INFO - Epoch(test) [ 850/6019]    eta: 2:31:00  time: 1.6856  data_time: 0.0209  memory: 2222  
2024/12/09 10:05:57 - mmengine - INFO - Epoch(test) [ 900/6019]    eta: 2:28:56  time: 1.6274  data_time: 0.0212  memory: 2222  
2024/12/09 10:07:22 - mmengine - INFO - Epoch(test) [ 950/6019]    eta: 2:27:18  time: 1.7058  data_time: 0.0228  memory: 2223  
2024/12/09 10:08:50 - mmengine - INFO - Epoch(test) [1000/6019]    eta: 2:25:53  time: 1.7495  data_time: 0.0218  memory: 2223  
2024/12/09 10:10:09 - mmengine - INFO - Epoch(test) [1050/6019]    eta: 2:23:47  time: 1.5809  data_time: 0.0204  memory: 2219  
2024/12/09 10:11:33 - mmengine - INFO - Epoch(test) [1100/6019]    eta: 2:22:10  time: 1.6913  data_time: 0.0227  memory: 2223  
2024/12/09 10:12:56 - mmengine - INFO - Epoch(test) [1150/6019]    eta: 2:20:27  time: 1.6576  data_time: 0.0209  memory: 2221  
2024/12/09 10:14:22 - mmengine - INFO - Epoch(test) [1200/6019]    eta: 2:18:57  time: 1.7126  data_time: 0.0213  memory: 2224  
2024/12/09 10:15:51 - mmengine - INFO - Epoch(test) [1250/6019]    eta: 2:17:42  time: 1.7902  data_time: 0.0216  memory: 2225  
2024/12/09 10:17:18 - mmengine - INFO - Epoch(test) [1300/6019]    eta: 2:16:13  time: 1.7216  data_time: 0.0210  memory: 2223  
2024/12/09 10:18:46 - mmengine - INFO - Epoch(test) [1350/6019]    eta: 2:14:54  time: 1.7728  data_time: 0.0214  memory: 2223  
2024/12/09 10:20:13 - mmengine - INFO - Epoch(test) [1400/6019]    eta: 2:13:28  time: 1.7374  data_time: 0.0205  memory: 2224  
2024/12/09 10:21:42 - mmengine - INFO - Epoch(test) [1450/6019]    eta: 2:12:08  time: 1.7805  data_time: 0.0219  memory: 2223  
2024/12/09 10:23:13 - mmengine - INFO - Epoch(test) [1500/6019]    eta: 2:10:55  time: 1.8259  data_time: 0.0214  memory: 2225  
2024/12/09 10:24:43 - mmengine - INFO - Epoch(test) [1550/6019]    eta: 2:09:35  time: 1.7829  data_time: 0.0220  memory: 2224  
2024/12/09 10:26:04 - mmengine - INFO - Epoch(test) [1600/6019]    eta: 2:07:53  time: 1.6328  data_time: 0.0219  memory: 2222  
2024/12/09 10:27:32 - mmengine - INFO - Epoch(test) [1650/6019]    eta: 2:06:29  time: 1.7585  data_time: 0.0232  memory: 2223  
2024/12/09 10:28:58 - mmengine - INFO - Epoch(test) [1700/6019]    eta: 2:04:59  time: 1.7160  data_time: 0.0219  memory: 2222  
2024/12/09 10:30:25 - mmengine - INFO - Epoch(test) [1750/6019]    eta: 2:03:32  time: 1.7314  data_time: 0.0219  memory: 2222  
2024/12/09 10:31:50 - mmengine - INFO - Epoch(test) [1800/6019]    eta: 2:02:03  time: 1.7158  data_time: 0.0215  memory: 2223  
2024/12/09 10:33:16 - mmengine - INFO - Epoch(test) [1850/6019]    eta: 2:00:33  time: 1.7095  data_time: 0.0216  memory: 2221  
2024/12/09 10:34:38 - mmengine - INFO - Epoch(test) [1900/6019]    eta: 1:58:55  time: 1.6355  data_time: 0.0208  memory: 2223  
2024/12/09 10:36:03 - mmengine - INFO - Epoch(test) [1950/6019]    eta: 1:57:25  time: 1.6994  data_time: 0.0217  memory: 2225  
2024/12/09 10:37:28 - mmengine - INFO - Epoch(test) [2000/6019]    eta: 1:55:56  time: 1.7029  data_time: 0.0222  memory: 2221  
2024/12/09 10:38:55 - mmengine - INFO - Epoch(test) [2050/6019]    eta: 1:54:31  time: 1.7422  data_time: 0.0228  memory: 2223  
2024/12/09 10:40:22 - mmengine - INFO - Epoch(test) [2100/6019]    eta: 1:53:05  time: 1.7373  data_time: 0.0226  memory: 2222  
2024/12/09 10:41:47 - mmengine - INFO - Epoch(test) [2150/6019]    eta: 1:51:35  time: 1.6975  data_time: 0.0229  memory: 2222  
2024/12/09 10:43:14 - mmengine - INFO - Epoch(test) [2200/6019]    eta: 1:50:09  time: 1.7381  data_time: 0.0215  memory: 2223  
2024/12/09 10:44:40 - mmengine - INFO - Epoch(test) [2250/6019]    eta: 1:48:42  time: 1.7275  data_time: 0.0218  memory: 2223  
2024/12/09 10:46:02 - mmengine - INFO - Epoch(test) [2300/6019]    eta: 1:47:08  time: 1.6333  data_time: 0.0225  memory: 2223  
2024/12/09 10:47:20 - mmengine - INFO - Epoch(test) [2350/6019]    eta: 1:45:28  time: 1.5577  data_time: 0.0215  memory: 2218  
2024/12/09 10:48:42 - mmengine - INFO - Epoch(test) [2400/6019]    eta: 1:43:56  time: 1.6458  data_time: 0.0222  memory: 2221  
2024/12/09 10:50:09 - mmengine - INFO - Epoch(test) [2450/6019]    eta: 1:42:31  time: 1.7424  data_time: 0.0229  memory: 2227  
2024/12/09 10:51:35 - mmengine - INFO - Epoch(test) [2500/6019]    eta: 1:41:05  time: 1.7292  data_time: 0.0237  memory: 2224  
2024/12/09 10:52:57 - mmengine - INFO - Epoch(test) [2550/6019]    eta: 1:39:33  time: 1.6347  data_time: 0.0210  memory: 2222  
2024/12/09 10:54:17 - mmengine - INFO - Epoch(test) [2600/6019]    eta: 1:37:59  time: 1.6036  data_time: 0.0240  memory: 2222  
2024/12/09 10:55:42 - mmengine - INFO - Epoch(test) [2650/6019]    eta: 1:36:32  time: 1.6958  data_time: 0.0228  memory: 2223  
2024/12/09 10:57:07 - mmengine - INFO - Epoch(test) [2700/6019]    eta: 1:35:05  time: 1.7026  data_time: 0.0225  memory: 2223  
2024/12/09 10:58:30 - mmengine - INFO - Epoch(test) [2750/6019]    eta: 1:33:35  time: 1.6596  data_time: 0.0227  memory: 2222  
2024/12/09 10:59:54 - mmengine - INFO - Epoch(test) [2800/6019]    eta: 1:32:07  time: 1.6839  data_time: 0.0221  memory: 2222  
2024/12/09 11:01:13 - mmengine - INFO - Epoch(test) [2850/6019]    eta: 1:30:33  time: 1.5650  data_time: 0.0228  memory: 2220  
2024/12/09 11:02:32 - mmengine - INFO - Epoch(test) [2900/6019]    eta: 1:29:00  time: 1.5840  data_time: 0.0222  memory: 2221  
2024/12/09 11:03:51 - mmengine - INFO - Epoch(test) [2950/6019]    eta: 1:27:28  time: 1.5750  data_time: 0.0223  memory: 2223  
2024/12/09 11:05:13 - mmengine - INFO - Epoch(test) [3000/6019]    eta: 1:25:58  time: 1.6376  data_time: 0.0242  memory: 2225  
2024/12/09 11:06:36 - mmengine - INFO - Epoch(test) [3050/6019]    eta: 1:24:31  time: 1.6710  data_time: 0.0232  memory: 2226  
2024/12/09 11:07:50 - mmengine - INFO - Epoch(test) [3100/6019]    eta: 1:22:55  time: 1.4807  data_time: 0.0210  memory: 2217  
2024/12/09 11:09:02 - mmengine - INFO - Epoch(test) [3150/6019]    eta: 1:21:17  time: 1.4290  data_time: 0.0207  memory: 2212  
2024/12/09 11:10:19 - mmengine - INFO - Epoch(test) [3200/6019]    eta: 1:19:46  time: 1.5483  data_time: 0.0214  memory: 2217  
2024/12/09 11:11:36 - mmengine - INFO - Epoch(test) [3250/6019]    eta: 1:18:14  time: 1.5413  data_time: 0.0223  memory: 2217  
2024/12/09 11:13:02 - mmengine - INFO - Epoch(test) [3300/6019]    eta: 1:16:50  time: 1.7268  data_time: 0.0225  memory: 2224  
2024/12/09 11:14:27 - mmengine - INFO - Epoch(test) [3350/6019]    eta: 1:15:25  time: 1.6838  data_time: 0.0226  memory: 2222  
2024/12/09 11:15:51 - mmengine - INFO - Epoch(test) [3400/6019]    eta: 1:14:00  time: 1.6860  data_time: 0.0233  memory: 2223  
2024/12/09 11:17:15 - mmengine - INFO - Epoch(test) [3450/6019]    eta: 1:12:35  time: 1.6806  data_time: 0.0220  memory: 2222  
2024/12/09 11:18:38 - mmengine - INFO - Epoch(test) [3500/6019]    eta: 1:11:09  time: 1.6655  data_time: 0.0228  memory: 2223  
2024/12/09 11:19:59 - mmengine - INFO - Epoch(test) [3550/6019]    eta: 1:09:42  time: 1.6216  data_time: 0.0215  memory: 2221  
2024/12/09 11:21:20 - mmengine - INFO - Epoch(test) [3600/6019]    eta: 1:08:14  time: 1.6193  data_time: 0.0215  memory: 2221  
2024/12/09 11:22:43 - mmengine - INFO - Epoch(test) [3650/6019]    eta: 1:06:49  time: 1.6592  data_time: 0.0218  memory: 2221  
2024/12/09 11:24:02 - mmengine - INFO - Epoch(test) [3700/6019]    eta: 1:05:20  time: 1.5786  data_time: 0.0230  memory: 2219  
2024/12/09 11:25:26 - mmengine - INFO - Epoch(test) [3750/6019]    eta: 1:03:56  time: 1.6819  data_time: 0.0234  memory: 2223  
2024/12/09 11:26:58 - mmengine - INFO - Epoch(test) [3800/6019]    eta: 1:02:35  time: 1.8253  data_time: 0.0234  memory: 2224  
2024/12/09 11:28:24 - mmengine - INFO - Epoch(test) [3850/6019]    eta: 1:01:12  time: 1.7327  data_time: 0.0227  memory: 2223  
2024/12/09 11:29:56 - mmengine - INFO - Epoch(test) [3900/6019]    eta: 0:59:51  time: 1.8270  data_time: 0.0233  memory: 2223  
2024/12/09 11:31:27 - mmengine - INFO - Epoch(test) [3950/6019]    eta: 0:58:29  time: 1.8190  data_time: 0.0243  memory: 2225  
2024/12/09 11:32:59 - mmengine - INFO - Epoch(test) [4000/6019]    eta: 0:57:08  time: 1.8385  data_time: 0.0251  memory: 2225  
2024/12/09 11:34:18 - mmengine - INFO - Epoch(test) [4050/6019]    eta: 0:55:40  time: 1.5833  data_time: 0.0213  memory: 2221  
2024/12/09 11:35:39 - mmengine - INFO - Epoch(test) [4100/6019]    eta: 0:54:14  time: 1.6302  data_time: 0.0214  memory: 2221  
2024/12/09 11:37:02 - mmengine - INFO - Epoch(test) [4150/6019]    eta: 0:52:48  time: 1.6553  data_time: 0.0220  memory: 2225  
2024/12/09 11:38:29 - mmengine - INFO - Epoch(test) [4200/6019]    eta: 0:51:24  time: 1.7324  data_time: 0.0238  memory: 2223  
2024/12/09 11:39:46 - mmengine - INFO - Epoch(test) [4250/6019]    eta: 0:49:56  time: 1.5512  data_time: 0.0221  memory: 2222  
2024/12/09 11:41:03 - mmengine - INFO - Epoch(test) [4300/6019]    eta: 0:48:28  time: 1.5292  data_time: 0.0229  memory: 2217  
2024/12/09 11:42:20 - mmengine - INFO - Epoch(test) [4350/6019]    eta: 0:47:01  time: 1.5454  data_time: 0.0223  memory: 2218  
2024/12/09 11:43:40 - mmengine - INFO - Epoch(test) [4400/6019]    eta: 0:45:35  time: 1.6096  data_time: 0.0228  memory: 2219  
2024/12/09 11:45:02 - mmengine - INFO - Epoch(test) [4450/6019]    eta: 0:44:09  time: 1.6355  data_time: 0.0223  memory: 2220  
2024/12/09 11:46:29 - mmengine - INFO - Epoch(test) [4500/6019]    eta: 0:42:46  time: 1.7310  data_time: 0.0231  memory: 2224  
2024/12/09 11:47:55 - mmengine - INFO - Epoch(test) [4550/6019]    eta: 0:41:22  time: 1.7268  data_time: 0.0218  memory: 2223  
2024/12/09 11:49:25 - mmengine - INFO - Epoch(test) [4600/6019]    eta: 0:39:59  time: 1.8043  data_time: 0.0238  memory: 2228  
2024/12/09 11:50:57 - mmengine - INFO - Epoch(test) [4650/6019]    eta: 0:38:37  time: 1.8343  data_time: 0.0239  memory: 2225  
2024/12/09 11:52:25 - mmengine - INFO - Epoch(test) [4700/6019]    eta: 0:37:13  time: 1.7646  data_time: 0.0233  memory: 2222  
2024/12/09 11:53:53 - mmengine - INFO - Epoch(test) [4750/6019]    eta: 0:35:49  time: 1.7489  data_time: 0.0226  memory: 2222  
2024/12/09 11:55:22 - mmengine - INFO - Epoch(test) [4800/6019]    eta: 0:34:26  time: 1.7811  data_time: 0.0230  memory: 2225  
2024/12/09 11:56:51 - mmengine - INFO - Epoch(test) [4850/6019]    eta: 0:33:02  time: 1.7800  data_time: 0.0245  memory: 2225  
2024/12/09 11:58:18 - mmengine - INFO - Epoch(test) [4900/6019]    eta: 0:31:38  time: 1.7452  data_time: 0.0229  memory: 2222  
2024/12/09 11:59:45 - mmengine - INFO - Epoch(test) [4950/6019]    eta: 0:30:13  time: 1.7460  data_time: 0.0233  memory: 2225  
2024/12/09 12:01:14 - mmengine - INFO - Epoch(test) [5000/6019]    eta: 0:28:49  time: 1.7690  data_time: 0.0228  memory: 2223  
2024/12/09 12:02:41 - mmengine - INFO - Epoch(test) [5050/6019]    eta: 0:27:25  time: 1.7518  data_time: 0.0227  memory: 2223  
2024/12/09 12:04:09 - mmengine - INFO - Epoch(test) [5100/6019]    eta: 0:26:00  time: 1.7448  data_time: 0.0232  memory: 2224  
2024/12/09 12:05:34 - mmengine - INFO - Epoch(test) [5150/6019]    eta: 0:24:36  time: 1.7027  data_time: 0.0225  memory: 2221  
2024/12/09 12:06:58 - mmengine - INFO - Epoch(test) [5200/6019]    eta: 0:23:10  time: 1.6762  data_time: 0.0219  memory: 2224  
2024/12/09 12:08:25 - mmengine - INFO - Epoch(test) [5250/6019]    eta: 0:21:46  time: 1.7516  data_time: 0.0227  memory: 2224  
2024/12/09 12:09:49 - mmengine - INFO - Epoch(test) [5300/6019]    eta: 0:20:21  time: 1.6744  data_time: 0.0231  memory: 2221  
2024/12/09 12:11:15 - mmengine - INFO - Epoch(test) [5350/6019]    eta: 0:18:56  time: 1.7270  data_time: 0.0219  memory: 2222  
2024/12/09 12:12:46 - mmengine - INFO - Epoch(test) [5400/6019]    eta: 0:17:32  time: 1.8078  data_time: 0.0231  memory: 2225  
2024/12/09 12:14:15 - mmengine - INFO - Epoch(test) [5450/6019]    eta: 0:16:07  time: 1.7758  data_time: 0.0224  memory: 2224  
2024/12/09 12:15:46 - mmengine - INFO - Epoch(test) [5500/6019]    eta: 0:14:43  time: 1.8210  data_time: 0.0239  memory: 2226  
2024/12/09 12:17:16 - mmengine - INFO - Epoch(test) [5550/6019]    eta: 0:13:18  time: 1.8171  data_time: 0.0235  memory: 2225  
2024/12/09 12:18:47 - mmengine - INFO - Epoch(test) [5600/6019]    eta: 0:11:53  time: 1.8069  data_time: 0.0233  memory: 2225  
2024/12/09 12:20:16 - mmengine - INFO - Epoch(test) [5650/6019]    eta: 0:10:28  time: 1.7921  data_time: 0.0229  memory: 2225  
2024/12/09 12:21:49 - mmengine - INFO - Epoch(test) [5700/6019]    eta: 0:09:04  time: 1.8533  data_time: 0.0233  memory: 2225  
2024/12/09 12:23:20 - mmengine - INFO - Epoch(test) [5750/6019]    eta: 0:07:39  time: 1.8244  data_time: 0.0238  memory: 2225  
2024/12/09 12:24:49 - mmengine - INFO - Epoch(test) [5800/6019]    eta: 0:06:13  time: 1.7733  data_time: 0.0241  memory: 2224  
2024/12/09 12:26:17 - mmengine - INFO - Epoch(test) [5850/6019]    eta: 0:04:48  time: 1.7614  data_time: 0.0225  memory: 2224  
2024/12/09 12:27:48 - mmengine - INFO - Epoch(test) [5900/6019]    eta: 0:03:23  time: 1.8249  data_time: 0.0233  memory: 2224  
2024/12/09 12:29:19 - mmengine - INFO - Epoch(test) [5950/6019]    eta: 0:01:57  time: 1.8117  data_time: 0.0232  memory: 2224  
2024/12/09 12:30:46 - mmengine - INFO - Epoch(test) [6000/6019]    eta: 0:00:32  time: 1.7485  data_time: 0.0228  memory: 2224  
2024/12/09 12:57:29 - mmengine - INFO - Epoch(test) [6019/6019]    NuScenes metric/pred_instances_3d_NuScenes/car_AP_dist_0.5: 0.7910  NuScenes metric/pred_instances_3d_NuScenes/car_AP_dist_1.0: 0.8791  NuScenes metric/pred_instances_3d_NuScenes/car_AP_dist_2.0: 0.9090  NuScenes metric/pred_instances_3d_NuScenes/car_AP_dist_4.0: 0.9201  NuScenes metric/pred_instances_3d_NuScenes/car_trans_err: 0.1704  NuScenes metric/pred_instances_3d_NuScenes/car_scale_err: 0.1537  NuScenes metric/pred_instances_3d_NuScenes/car_orient_err: 0.0808  NuScenes metric/pred_instances_3d_NuScenes/car_vel_err: 0.2704  NuScenes metric/pred_instances_3d_NuScenes/car_attr_err: 0.1924  NuScenes metric/pred_instances_3d_NuScenes/mATE: 0.2800  NuScenes metric/pred_instances_3d_NuScenes/mASE: 0.2569  NuScenes metric/pred_instances_3d_NuScenes/mAOE: 0.3113  NuScenes metric/pred_instances_3d_NuScenes/mAVE: 0.2603  NuScenes metric/pred_instances_3d_NuScenes/mAAE: 0.1870  NuScenes metric/pred_instances_3d_NuScenes/truck_AP_dist_0.5: 0.4412  NuScenes metric/pred_instances_3d_NuScenes/truck_AP_dist_1.0: 0.6165  NuScenes metric/pred_instances_3d_NuScenes/truck_AP_dist_2.0: 0.7003  NuScenes metric/pred_instances_3d_NuScenes/truck_AP_dist_4.0: 0.7380  NuScenes metric/pred_instances_3d_NuScenes/truck_trans_err: 0.3196  NuScenes metric/pred_instances_3d_NuScenes/truck_scale_err: 0.1795  NuScenes metric/pred_instances_3d_NuScenes/truck_orient_err: 0.0835  NuScenes metric/pred_instances_3d_NuScenes/truck_vel_err: 0.2479  NuScenes metric/pred_instances_3d_NuScenes/truck_attr_err: 0.2241  NuScenes metric/pred_instances_3d_NuScenes/construction_vehicle_AP_dist_0.5: 0.0428  NuScenes metric/pred_instances_3d_NuScenes/construction_vehicle_AP_dist_1.0: 0.2082  NuScenes metric/pred_instances_3d_NuScenes/construction_vehicle_AP_dist_2.0: 0.3677  NuScenes metric/pred_instances_3d_NuScenes/construction_vehicle_AP_dist_4.0: 0.4651  NuScenes metric/pred_instances_3d_NuScenes/construction_vehicle_trans_err: 0.6867  NuScenes metric/pred_instances_3d_NuScenes/construction_vehicle_scale_err: 0.4502  NuScenes metric/pred_instances_3d_NuScenes/construction_vehicle_orient_err: 0.9026  NuScenes metric/pred_instances_3d_NuScenes/construction_vehicle_vel_err: 0.1208  NuScenes metric/pred_instances_3d_NuScenes/construction_vehicle_attr_err: 0.3030  NuScenes metric/pred_instances_3d_NuScenes/bus_AP_dist_0.5: 0.5214  NuScenes metric/pred_instances_3d_NuScenes/bus_AP_dist_1.0: 0.7688  NuScenes metric/pred_instances_3d_NuScenes/bus_AP_dist_2.0: 0.8728  NuScenes metric/pred_instances_3d_NuScenes/bus_AP_dist_4.0: 0.8911  NuScenes metric/pred_instances_3d_NuScenes/bus_trans_err: 0.3120  NuScenes metric/pred_instances_3d_NuScenes/bus_scale_err: 0.1783  NuScenes metric/pred_instances_3d_NuScenes/bus_orient_err: 0.0420  NuScenes metric/pred_instances_3d_NuScenes/bus_vel_err: 0.4355  NuScenes metric/pred_instances_3d_NuScenes/bus_attr_err: 0.2448  NuScenes metric/pred_instances_3d_NuScenes/trailer_AP_dist_0.5: 0.1330  NuScenes metric/pred_instances_3d_NuScenes/trailer_AP_dist_1.0: 0.3786  NuScenes metric/pred_instances_3d_NuScenes/trailer_AP_dist_2.0: 0.5507  NuScenes metric/pred_instances_3d_NuScenes/trailer_AP_dist_4.0: 0.6503  NuScenes metric/pred_instances_3d_NuScenes/trailer_trans_err: 0.5272  NuScenes metric/pred_instances_3d_NuScenes/trailer_scale_err: 0.2147  NuScenes metric/pred_instances_3d_NuScenes/trailer_orient_err: 0.6631  NuScenes metric/pred_instances_3d_NuScenes/trailer_vel_err: 0.1919  NuScenes metric/pred_instances_3d_NuScenes/trailer_attr_err: 0.1727  NuScenes metric/pred_instances_3d_NuScenes/barrier_AP_dist_0.5: 0.6152  NuScenes metric/pred_instances_3d_NuScenes/barrier_AP_dist_1.0: 0.7012  NuScenes metric/pred_instances_3d_NuScenes/barrier_AP_dist_2.0: 0.7377  NuScenes metric/pred_instances_3d_NuScenes/barrier_AP_dist_4.0: 0.7500  NuScenes metric/pred_instances_3d_NuScenes/barrier_trans_err: 0.1850  NuScenes metric/pred_instances_3d_NuScenes/barrier_scale_err: 0.2739  NuScenes metric/pred_instances_3d_NuScenes/barrier_orient_err: 0.0647  NuScenes metric/pred_instances_3d_NuScenes/barrier_vel_err: nan  NuScenes metric/pred_instances_3d_NuScenes/barrier_attr_err: nan  NuScenes metric/pred_instances_3d_NuScenes/motorcycle_AP_dist_0.5: 0.6192  NuScenes metric/pred_instances_3d_NuScenes/motorcycle_AP_dist_1.0: 0.7319  NuScenes metric/pred_instances_3d_NuScenes/motorcycle_AP_dist_2.0: 0.7466  NuScenes metric/pred_instances_3d_NuScenes/motorcycle_AP_dist_4.0: 0.7562  NuScenes metric/pred_instances_3d_NuScenes/motorcycle_trans_err: 0.1912  NuScenes metric/pred_instances_3d_NuScenes/motorcycle_scale_err: 0.2395  NuScenes metric/pred_instances_3d_NuScenes/motorcycle_orient_err: 0.2203  NuScenes metric/pred_instances_3d_NuScenes/motorcycle_vel_err: 0.3828  NuScenes metric/pred_instances_3d_NuScenes/motorcycle_attr_err: 0.2526  NuScenes metric/pred_instances_3d_NuScenes/bicycle_AP_dist_0.5: 0.5263  NuScenes metric/pred_instances_3d_NuScenes/bicycle_AP_dist_1.0: 0.5496  NuScenes metric/pred_instances_3d_NuScenes/bicycle_AP_dist_2.0: 0.5522  NuScenes metric/pred_instances_3d_NuScenes/bicycle_AP_dist_4.0: 0.5570  NuScenes metric/pred_instances_3d_NuScenes/bicycle_trans_err: 0.1542  NuScenes metric/pred_instances_3d_NuScenes/bicycle_scale_err: 0.2659  NuScenes metric/pred_instances_3d_NuScenes/bicycle_orient_err: 0.3696  NuScenes metric/pred_instances_3d_NuScenes/bicycle_vel_err: 0.2089  NuScenes metric/pred_instances_3d_NuScenes/bicycle_attr_err: 0.0078  NuScenes metric/pred_instances_3d_NuScenes/pedestrian_AP_dist_0.5: 0.8480  NuScenes metric/pred_instances_3d_NuScenes/pedestrian_AP_dist_1.0: 0.8599  NuScenes metric/pred_instances_3d_NuScenes/pedestrian_AP_dist_2.0: 0.8710  NuScenes metric/pred_instances_3d_NuScenes/pedestrian_AP_dist_4.0: 0.8826  NuScenes metric/pred_instances_3d_NuScenes/pedestrian_trans_err: 0.1311  NuScenes metric/pred_instances_3d_NuScenes/pedestrian_scale_err: 0.2867  NuScenes metric/pred_instances_3d_NuScenes/pedestrian_orient_err: 0.3753  NuScenes metric/pred_instances_3d_NuScenes/pedestrian_vel_err: 0.2239  NuScenes metric/pred_instances_3d_NuScenes/pedestrian_attr_err: 0.0985  NuScenes metric/pred_instances_3d_NuScenes/traffic_cone_AP_dist_0.5: 0.7120  NuScenes metric/pred_instances_3d_NuScenes/traffic_cone_AP_dist_1.0: 0.7232  NuScenes metric/pred_instances_3d_NuScenes/traffic_cone_AP_dist_2.0: 0.7406  NuScenes metric/pred_instances_3d_NuScenes/traffic_cone_AP_dist_4.0: 0.7674  NuScenes metric/pred_instances_3d_NuScenes/traffic_cone_trans_err: 0.1229  NuScenes metric/pred_instances_3d_NuScenes/traffic_cone_scale_err: 0.3265  NuScenes metric/pred_instances_3d_NuScenes/traffic_cone_orient_err: nan  NuScenes metric/pred_instances_3d_NuScenes/traffic_cone_vel_err: nan  NuScenes metric/pred_instances_3d_NuScenes/traffic_cone_attr_err: nan  NuScenes metric/pred_instances_3d_NuScenes/NDS: 0.6966  NuScenes metric/pred_instances_3d_NuScenes/mAP: 0.6523  data_time: 0.0230  time: 1.7100
