2000/01/02 11:12:09 - mmengine - INFO - 
------------------------------------------------------------
System environment:
    sys.platform: linux
    Python: 3.8.10 (default, Jul 29 2024, 17:02:10) [GCC 9.4.0]
    CUDA available: True
    MUSA available: False
    numpy_random_seed: 1198482537
    GPU 0: Xavier
    CUDA_HOME: /usr/local/cuda-11.4
    NVCC: Cuda compilation tools, release 11.4, V11.4.315
    GCC: aarch64-linux-gnu-gcc (Ubuntu 9.4.0-1ubuntu1~20.04.2) 9.4.0
    PyTorch: 1.11.0
    PyTorch compiling details: PyTorch built with:
  - GCC 9.4
  - C++ Version: 201402
  - OpenMP 201511 (a.k.a. OpenMP 4.5)
  - LAPACK is enabled (usually provided by MKL)
  - NNPACK is enabled
  - CPU capability usage: NO AVX
  - CUDA Runtime 11.4
  - NVCC architecture flags: -gencode;arch=compute_72,code=sm_72;-gencode;arch=compute_87,code=sm_87
  - CuDNN 8.6
    - Built with CuDNN 8.3.2
  - Build settings: BLAS_INFO=open, BUILD_TYPE=Release, CUDA_VERSION=11.4, CUDNN_VERSION=8.3.2, CXX_COMPILER=/usr/bin/c++, CXX_FLAGS= -Wno-deprecated -fvisibility-inlines-hidden -DUSE_PTHREADPOOL -fopenmp -DNDEBUG -DUSE_KINETO -DLIBKINETO_NOCUPTI -DUSE_XNNPACK -DSYMBOLICATE_MOBILE_DEBUG_HANDLE -DEDGE_PROFILER_USE_KINETO -O2 -fPIC -Wno-narrowing -Wall -Wextra -Werror=return-type -Wno-missing-field-initializers -Wno-type-limits -Wno-array-bounds -Wno-unknown-pragmas -Wno-sign-compare -Wno-unused-parameter -Wno-unused-function -Wno-unused-result -Wno-unused-local-typedefs -Wno-strict-overflow -Wno-strict-aliasing -Wno-error=deprecated-declarations -Wno-stringop-overflow -Wno-psabi -Wno-error=pedantic -Wno-error=redundant-decls -Wno-error=old-style-cast -fdiagnostics-color=always -faligned-new -Wno-unused-but-set-variable -Wno-maybe-uninitialized -fno-math-errno -fno-trapping-math -Werror=format -Werror=cast-function-type -Wno-stringop-overflow, FORCE_FALLBACK_CUDA_MPI=1, LAPACK_INFO=open, TORCH_VERSION=1.11.0, USE_CUDA=ON, USE_CUDNN=ON, USE_EIGEN_FOR_BLAS=ON, USE_EXCEPTION_PTR=1, USE_GFLAGS=OFF, USE_GLOG=OFF, USE_MKL=OFF, USE_MKLDNN=OFF, USE_MPI=ON, USE_NCCL=0, USE_NNPACK=ON, USE_OPENMP=ON, USE_ROCM=OFF, 

    TorchVision: 0.12.0
    OpenCV: 4.10.0
    MMEngine: 0.10.5

Runtime environment:
    cudnn_benchmark: False
    mp_cfg: {'mp_start_method': 'fork', 'opencv_num_threads': 0}
    dist_cfg: {'backend': 'nccl'}
    seed: 1198482537
    Distributed launcher: none
    Distributed training: False
    GPU number: 1
------------------------------------------------------------

2000/01/02 11:12:12 - mmengine - INFO - Config:
auto_scale_lr = dict(base_batch_size=32, enable=False)
backend_args = None
class_names = [
    'car',
    'truck',
    'construction_vehicle',
    'bus',
    'trailer',
    'barrier',
    'motorcycle',
    'bicycle',
    'pedestrian',
    'traffic_cone',
]
custom_hooks = [
    dict(disable_after_epoch=15, type='DisableObjectSampleHook'),
]
custom_imports = dict(
    allow_failed_imports=False, imports=[
        'projects.BEVFusion.bevfusion',
    ])
data_prefix = dict(
    CAM_BACK='samples/CAM_BACK',
    CAM_BACK_LEFT='samples/CAM_BACK_LEFT',
    CAM_BACK_RIGHT='samples/CAM_BACK_RIGHT',
    CAM_FRONT='samples/CAM_FRONT',
    CAM_FRONT_LEFT='samples/CAM_FRONT_LEFT',
    CAM_FRONT_RIGHT='samples/CAM_FRONT_RIGHT',
    pts='samples/LIDAR_TOP',
    sweeps='sweeps/LIDAR_TOP')
data_root = '/media/xavier02/Sparkles1/nuscenes/'
dataset_type = 'NuScenesDataset'
db_sampler = dict(
    classes=[
        'car',
        'truck',
        'construction_vehicle',
        'bus',
        'trailer',
        'barrier',
        'motorcycle',
        'bicycle',
        'pedestrian',
        'traffic_cone',
    ],
    data_root='/media/xavier02/Sparkles1/nuscenes/',
    info_path='/media/xavier02/Sparkles1/nuscenes/nuscenes_dbinfos_train.pkl',
    points_loader=dict(
        backend_args=None,
        coord_type='LIDAR',
        load_dim=5,
        type='LoadPointsFromFile',
        use_dim=[
            0,
            1,
            2,
            3,
            4,
        ]),
    prepare=dict(
        filter_by_difficulty=[
            -1,
        ],
        filter_by_min_points=dict(
            barrier=5,
            bicycle=5,
            bus=5,
            car=5,
            construction_vehicle=5,
            motorcycle=5,
            pedestrian=5,
            traffic_cone=5,
            trailer=5,
            truck=5)),
    rate=1.0,
    sample_groups=dict(
        barrier=2,
        bicycle=6,
        bus=4,
        car=2,
        construction_vehicle=7,
        motorcycle=6,
        pedestrian=2,
        traffic_cone=2,
        trailer=6,
        truck=3))
default_hooks = dict(
    checkpoint=dict(interval=5, type='CheckpointHook'),
    logger=dict(interval=50, type='LoggerHook'),
    param_scheduler=dict(type='ParamSchedulerHook'),
    sampler_seed=dict(type='DistSamplerSeedHook'),
    timer=dict(type='IterTimerHook'),
    visualization=dict(type='Det3DVisualizationHook'))
default_scope = 'mmdet3d'
env_cfg = dict(
    cudnn_benchmark=False,
    dist_cfg=dict(backend='nccl'),
    mp_cfg=dict(mp_start_method='fork', opencv_num_threads=0))
input_modality = dict(use_camera=False, use_lidar=True)
launcher = 'none'
load_from = 'projects/BEVFusion/configs/Lidar_checkpoint_voxel_0075_4sweeps.pth'
log_level = 'INFO'
log_processor = dict(by_epoch=True, type='LogProcessor', window_size=50)
lr = 0.0001
metainfo = dict(classes=[
    'car',
    'truck',
    'construction_vehicle',
    'bus',
    'trailer',
    'barrier',
    'motorcycle',
    'bicycle',
    'pedestrian',
    'traffic_cone',
])
model = dict(
    bbox_head=dict(
        auxiliary=True,
        bbox_coder=dict(
            code_size=10,
            out_size_factor=8,
            pc_range=[
                -54.0,
                -54.0,
            ],
            post_center_range=[
                -61.2,
                -61.2,
                -10.0,
                61.2,
                61.2,
                10.0,
            ],
            score_threshold=0.0,
            type='TransFusionBBoxCoder',
            voxel_size=[
                0.075,
                0.075,
            ]),
        bn_momentum=0.1,
        common_heads=dict(
            center=[
                2,
                2,
            ],
            dim=[
                3,
                2,
            ],
            height=[
                1,
                2,
            ],
            rot=[
                2,
                2,
            ],
            vel=[
                2,
                2,
            ]),
        decoder_layer=dict(
            cross_attn_cfg=dict(dropout=0.1, embed_dims=128, num_heads=8),
            ffn_cfg=dict(
                act_cfg=dict(inplace=True, type='ReLU'),
                embed_dims=128,
                feedforward_channels=256,
                ffn_drop=0.1,
                num_fcs=2),
            norm_cfg=dict(type='LN'),
            pos_encoding_cfg=dict(input_channel=2, num_pos_feats=128),
            self_attn_cfg=dict(dropout=0.1, embed_dims=128, num_heads=8),
            type='TransformerDecoderLayer'),
        hidden_channel=128,
        in_channels=512,
        loss_bbox=dict(
            loss_weight=0.25, reduction='mean', type='mmdet.L1Loss'),
        loss_cls=dict(
            alpha=0.25,
            gamma=2.0,
            loss_weight=1.0,
            reduction='mean',
            type='mmdet.FocalLoss',
            use_sigmoid=True),
        loss_heatmap=dict(
            loss_weight=1.0, reduction='mean', type='mmdet.GaussianFocalLoss'),
        nms_kernel_size=3,
        num_classes=10,
        num_decoder_layers=1,
        num_proposals=200,
        test_cfg=dict(
            dataset='nuScenes',
            grid_size=[
                1440,
                1440,
                41,
            ],
            nms_type=None,
            out_size_factor=8,
            pc_range=[
                -54.0,
                -54.0,
            ],
            voxel_size=[
                0.075,
                0.075,
            ]),
        train_cfg=dict(
            assigner=dict(
                cls_cost=dict(
                    alpha=0.25,
                    gamma=2.0,
                    type='mmdet.FocalLossCost',
                    weight=0.15),
                iou_calculator=dict(coordinate='lidar', type='BboxOverlaps3D'),
                iou_cost=dict(type='IoU3DCost', weight=0.25),
                reg_cost=dict(type='BBoxBEVL1Cost', weight=0.25),
                type='HungarianAssigner3D'),
            code_weights=[
                1.0,
                1.0,
                1.0,
                1.0,
                1.0,
                1.0,
                1.0,
                1.0,
                0.2,
                0.2,
            ],
            dataset='nuScenes',
            gaussian_overlap=0.1,
            grid_size=[
                1440,
                1440,
                41,
            ],
            min_radius=2,
            out_size_factor=8,
            point_cloud_range=[
                -54.0,
                -54.0,
                -5.0,
                54.0,
                54.0,
                3.0,
            ],
            pos_weight=-1,
            voxel_size=[
                0.075,
                0.075,
                0.2,
            ]),
        type='TransFusionHead'),
    data_preprocessor=dict(
        pad_size_divisor=32,
        type='Det3DDataPreprocessor',
        voxelize_cfg=dict(
            max_num_points=10,
            max_voxels=[
                120000,
                160000,
            ],
            point_cloud_range=[
                -54.0,
                -54.0,
                -5.0,
                54.0,
                54.0,
                3.0,
            ],
            voxel_size=[
                0.075,
                0.075,
                0.2,
            ],
            voxelize_reduce=True)),
    pts_backbone=dict(
        conv_cfg=dict(bias=False, type='Conv2d'),
        in_channels=256,
        layer_nums=[
            5,
            5,
        ],
        layer_strides=[
            1,
            2,
        ],
        norm_cfg=dict(eps=0.001, momentum=0.01, type='BN'),
        out_channels=[
            128,
            256,
        ],
        type='SECOND'),
    pts_middle_encoder=dict(
        block_type='basicblock',
        encoder_channels=(
            (
                16,
                16,
                32,
            ),
            (
                32,
                32,
                64,
            ),
            (
                64,
                64,
                128,
            ),
            (
                128,
                128,
            ),
        ),
        encoder_paddings=(
            (
                0,
                0,
                1,
            ),
            (
                0,
                0,
                1,
            ),
            (
                0,
                0,
                (
                    1,
                    1,
                    0,
                ),
            ),
            (
                0,
                0,
            ),
        ),
        in_channels=5,
        norm_cfg=dict(eps=0.001, momentum=0.01, type='BN1d'),
        order=(
            'conv',
            'norm',
            'act',
        ),
        sparse_shape=[
            1440,
            1440,
            41,
        ],
        type='BEVFusionSparseEncoder'),
    pts_neck=dict(
        in_channels=[
            128,
            256,
        ],
        norm_cfg=dict(eps=0.001, momentum=0.01, type='BN'),
        out_channels=[
            256,
            256,
        ],
        type='SECONDFPN',
        upsample_cfg=dict(bias=False, type='deconv'),
        upsample_strides=[
            1,
            2,
        ],
        use_conv_for_no_stride=True),
    pts_voxel_encoder=dict(num_features=5, type='HardSimpleVFE'),
    type='BEVFusion')
optim_wrapper = dict(
    clip_grad=dict(max_norm=35, norm_type=2),
    optimizer=dict(lr=0.0001, type='AdamW', weight_decay=0.01),
    type='OptimWrapper')
param_scheduler = [
    dict(
        T_max=8,
        begin=0,
        by_epoch=True,
        convert_to_iter_based=True,
        end=8,
        eta_min=0.001,
        type='CosineAnnealingLR'),
    dict(
        T_max=12,
        begin=8,
        by_epoch=True,
        convert_to_iter_based=True,
        end=20,
        eta_min=1e-08,
        type='CosineAnnealingLR'),
    dict(
        T_max=8,
        begin=0,
        by_epoch=True,
        convert_to_iter_based=True,
        end=8,
        eta_min=0.8947368421052632,
        type='CosineAnnealingMomentum'),
    dict(
        T_max=12,
        begin=8,
        by_epoch=True,
        convert_to_iter_based=True,
        end=20,
        eta_min=1,
        type='CosineAnnealingMomentum'),
]
point_cloud_range = [
    -54.0,
    -54.0,
    -5.0,
    54.0,
    54.0,
    3.0,
]
resume = False
test_cfg = dict()
test_dataloader = dict(
    batch_size=1,
    dataset=dict(
        ann_file='nuscenes_infos_val.pkl',
        backend_args=None,
        box_type_3d='LiDAR',
        data_prefix=dict(
            CAM_BACK='samples/CAM_BACK',
            CAM_BACK_LEFT='samples/CAM_BACK_LEFT',
            CAM_BACK_RIGHT='samples/CAM_BACK_RIGHT',
            CAM_FRONT='samples/CAM_FRONT',
            CAM_FRONT_LEFT='samples/CAM_FRONT_LEFT',
            CAM_FRONT_RIGHT='samples/CAM_FRONT_RIGHT',
            pts='samples/LIDAR_TOP',
            sweeps='sweeps/LIDAR_TOP'),
        data_root='/media/xavier02/Sparkles1/nuscenes/',
        metainfo=dict(classes=[
            'car',
            'truck',
            'construction_vehicle',
            'bus',
            'trailer',
            'barrier',
            'motorcycle',
            'bicycle',
            'pedestrian',
            'traffic_cone',
        ]),
        modality=dict(use_camera=False, use_lidar=True),
        pipeline=[
            dict(
                backend_args=None,
                coord_type='LIDAR',
                load_dim=5,
                type='LoadPointsFromFile',
                use_dim=5),
            dict(
                backend_args=None,
                load_dim=5,
                pad_empty_sweeps=True,
                remove_close=True,
                sweeps_num=4,
                type='LoadPointsFromMultiSweeps',
                use_dim=5),
            dict(
                point_cloud_range=[
                    -54.0,
                    -54.0,
                    -5.0,
                    54.0,
                    54.0,
                    3.0,
                ],
                type='PointsRangeFilter'),
            dict(
                keys=[
                    'img',
                    'points',
                    'gt_bboxes_3d',
                    'gt_labels_3d',
                ],
                meta_keys=[
                    'cam2img',
                    'ori_cam2img',
                    'lidar2cam',
                    'lidar2img',
                    'cam2lidar',
                    'ori_lidar2img',
                    'img_aug_matrix',
                    'box_type_3d',
                    'sample_idx',
                    'lidar_path',
                    'img_path',
                    'num_pts_feats',
                    'num_views',
                ],
                type='Pack3DDetInputs'),
        ],
        test_mode=True,
        type='NuScenesDataset'),
    drop_last=False,
    num_workers=4,
    persistent_workers=True,
    sampler=dict(shuffle=False, type='DefaultSampler'))
test_evaluator = dict(
    ann_file='/media/xavier02/Sparkles1/nuscenes/nuscenes_infos_val.pkl',
    backend_args=None,
    data_root='/media/xavier02/Sparkles1/nuscenes/',
    metric='bbox',
    type='NuScenesMetric')
test_pipeline = [
    dict(
        backend_args=None,
        coord_type='LIDAR',
        load_dim=5,
        type='LoadPointsFromFile',
        use_dim=5),
    dict(
        backend_args=None,
        load_dim=5,
        pad_empty_sweeps=True,
        remove_close=True,
        sweeps_num=4,
        type='LoadPointsFromMultiSweeps',
        use_dim=5),
    dict(
        point_cloud_range=[
            -54.0,
            -54.0,
            -5.0,
            54.0,
            54.0,
            3.0,
        ],
        type='PointsRangeFilter'),
    dict(
        keys=[
            'img',
            'points',
            'gt_bboxes_3d',
            'gt_labels_3d',
        ],
        meta_keys=[
            'cam2img',
            'ori_cam2img',
            'lidar2cam',
            'lidar2img',
            'cam2lidar',
            'ori_lidar2img',
            'img_aug_matrix',
            'box_type_3d',
            'sample_idx',
            'lidar_path',
            'img_path',
            'num_pts_feats',
            'num_views',
        ],
        type='Pack3DDetInputs'),
]
train_cfg = dict(by_epoch=True, max_epochs=20, val_interval=5)
train_dataloader = dict(
    batch_size=1,
    dataset=dict(
        dataset=dict(
            ann_file='nuscenes_infos_train.pkl',
            box_type_3d='LiDAR',
            data_prefix=dict(
                CAM_BACK='samples/CAM_BACK',
                CAM_BACK_LEFT='samples/CAM_BACK_LEFT',
                CAM_BACK_RIGHT='samples/CAM_BACK_RIGHT',
                CAM_FRONT='samples/CAM_FRONT',
                CAM_FRONT_LEFT='samples/CAM_FRONT_LEFT',
                CAM_FRONT_RIGHT='samples/CAM_FRONT_RIGHT',
                pts='samples/LIDAR_TOP',
                sweeps='sweeps/LIDAR_TOP'),
            data_root='/media/xavier02/Sparkles1/nuscenes/',
            metainfo=dict(classes=[
                'car',
                'truck',
                'construction_vehicle',
                'bus',
                'trailer',
                'barrier',
                'motorcycle',
                'bicycle',
                'pedestrian',
                'traffic_cone',
            ]),
            modality=dict(use_camera=False, use_lidar=True),
            pipeline=[
                dict(
                    backend_args=None,
                    coord_type='LIDAR',
                    load_dim=5,
                    type='LoadPointsFromFile',
                    use_dim=5),
                dict(
                    backend_args=None,
                    load_dim=5,
                    pad_empty_sweeps=True,
                    remove_close=True,
                    sweeps_num=4,
                    type='LoadPointsFromMultiSweeps',
                    use_dim=5),
                dict(
                    type='LoadAnnotations3D',
                    with_attr_label=False,
                    with_bbox_3d=True,
                    with_label_3d=True),
                dict(
                    db_sampler=dict(
                        classes=[
                            'car',
                            'truck',
                            'construction_vehicle',
                            'bus',
                            'trailer',
                            'barrier',
                            'motorcycle',
                            'bicycle',
                            'pedestrian',
                            'traffic_cone',
                        ],
                        data_root='/media/xavier02/Sparkles1/nuscenes/',
                        info_path=
                        '/media/xavier02/Sparkles1/nuscenes/nuscenes_dbinfos_train.pkl',
                        points_loader=dict(
                            backend_args=None,
                            coord_type='LIDAR',
                            load_dim=5,
                            type='LoadPointsFromFile',
                            use_dim=[
                                0,
                                1,
                                2,
                                3,
                                4,
                            ]),
                        prepare=dict(
                            filter_by_difficulty=[
                                -1,
                            ],
                            filter_by_min_points=dict(
                                barrier=5,
                                bicycle=5,
                                bus=5,
                                car=5,
                                construction_vehicle=5,
                                motorcycle=5,
                                pedestrian=5,
                                traffic_cone=5,
                                trailer=5,
                                truck=5)),
                        rate=1.0,
                        sample_groups=dict(
                            barrier=2,
                            bicycle=6,
                            bus=4,
                            car=2,
                            construction_vehicle=7,
                            motorcycle=6,
                            pedestrian=2,
                            traffic_cone=2,
                            trailer=6,
                            truck=3)),
                    type='ObjectSample'),
                dict(
                    rot_range=[
                        -0.78539816,
                        0.78539816,
                    ],
                    scale_ratio_range=[
                        0.9,
                        1.1,
                    ],
                    translation_std=0.5,
                    type='GlobalRotScaleTrans'),
                dict(type='BEVFusionRandomFlip3D'),
                dict(
                    point_cloud_range=[
                        -54.0,
                        -54.0,
                        -5.0,
                        54.0,
                        54.0,
                        3.0,
                    ],
                    type='PointsRangeFilter'),
                dict(
                    point_cloud_range=[
                        -54.0,
                        -54.0,
                        -5.0,
                        54.0,
                        54.0,
                        3.0,
                    ],
                    type='ObjectRangeFilter'),
                dict(
                    classes=[
                        'car',
                        'truck',
                        'construction_vehicle',
                        'bus',
                        'trailer',
                        'barrier',
                        'motorcycle',
                        'bicycle',
                        'pedestrian',
                        'traffic_cone',
                    ],
                    type='ObjectNameFilter'),
                dict(type='PointShuffle'),
                dict(
                    keys=[
                        'points',
                        'img',
                        'gt_bboxes_3d',
                        'gt_labels_3d',
                        'gt_bboxes',
                        'gt_labels',
                    ],
                    meta_keys=[
                        'cam2img',
                        'ori_cam2img',
                        'lidar2cam',
                        'lidar2img',
                        'cam2lidar',
                        'ori_lidar2img',
                        'img_aug_matrix',
                        'box_type_3d',
                        'sample_idx',
                        'lidar_path',
                        'img_path',
                        'transformation_3d_flow',
                        'pcd_rotation',
                        'pcd_scale_factor',
                        'pcd_trans',
                        'img_aug_matrix',
                        'lidar_aug_matrix',
                    ],
                    type='Pack3DDetInputs'),
            ],
            test_mode=False,
            type='NuScenesDataset',
            use_valid_flag=True),
        type='CBGSDataset'),
    num_workers=1,
    persistent_workers=True,
    sampler=dict(shuffle=True, type='DefaultSampler'))
train_pipeline = [
    dict(
        backend_args=None,
        coord_type='LIDAR',
        load_dim=5,
        type='LoadPointsFromFile',
        use_dim=5),
    dict(
        backend_args=None,
        load_dim=5,
        pad_empty_sweeps=True,
        remove_close=True,
        sweeps_num=4,
        type='LoadPointsFromMultiSweeps',
        use_dim=5),
    dict(
        type='LoadAnnotations3D',
        with_attr_label=False,
        with_bbox_3d=True,
        with_label_3d=True),
    dict(
        db_sampler=dict(
            classes=[
                'car',
                'truck',
                'construction_vehicle',
                'bus',
                'trailer',
                'barrier',
                'motorcycle',
                'bicycle',
                'pedestrian',
                'traffic_cone',
            ],
            data_root='/media/xavier02/Sparkles1/nuscenes/',
            info_path=
            '/media/xavier02/Sparkles1/nuscenes/nuscenes_dbinfos_train.pkl',
            points_loader=dict(
                backend_args=None,
                coord_type='LIDAR',
                load_dim=5,
                type='LoadPointsFromFile',
                use_dim=[
                    0,
                    1,
                    2,
                    3,
                    4,
                ]),
            prepare=dict(
                filter_by_difficulty=[
                    -1,
                ],
                filter_by_min_points=dict(
                    barrier=5,
                    bicycle=5,
                    bus=5,
                    car=5,
                    construction_vehicle=5,
                    motorcycle=5,
                    pedestrian=5,
                    traffic_cone=5,
                    trailer=5,
                    truck=5)),
            rate=1.0,
            sample_groups=dict(
                barrier=2,
                bicycle=6,
                bus=4,
                car=2,
                construction_vehicle=7,
                motorcycle=6,
                pedestrian=2,
                traffic_cone=2,
                trailer=6,
                truck=3)),
        type='ObjectSample'),
    dict(
        rot_range=[
            -0.78539816,
            0.78539816,
        ],
        scale_ratio_range=[
            0.9,
            1.1,
        ],
        translation_std=0.5,
        type='GlobalRotScaleTrans'),
    dict(type='BEVFusionRandomFlip3D'),
    dict(
        point_cloud_range=[
            -54.0,
            -54.0,
            -5.0,
            54.0,
            54.0,
            3.0,
        ],
        type='PointsRangeFilter'),
    dict(
        point_cloud_range=[
            -54.0,
            -54.0,
            -5.0,
            54.0,
            54.0,
            3.0,
        ],
        type='ObjectRangeFilter'),
    dict(
        classes=[
            'car',
            'truck',
            'construction_vehicle',
            'bus',
            'trailer',
            'barrier',
            'motorcycle',
            'bicycle',
            'pedestrian',
            'traffic_cone',
        ],
        type='ObjectNameFilter'),
    dict(type='PointShuffle'),
    dict(
        keys=[
            'points',
            'img',
            'gt_bboxes_3d',
            'gt_labels_3d',
            'gt_bboxes',
            'gt_labels',
        ],
        meta_keys=[
            'cam2img',
            'ori_cam2img',
            'lidar2cam',
            'lidar2img',
            'cam2lidar',
            'ori_lidar2img',
            'img_aug_matrix',
            'box_type_3d',
            'sample_idx',
            'lidar_path',
            'img_path',
            'transformation_3d_flow',
            'pcd_rotation',
            'pcd_scale_factor',
            'pcd_trans',
            'img_aug_matrix',
            'lidar_aug_matrix',
        ],
        type='Pack3DDetInputs'),
]
val_cfg = dict()
val_dataloader = dict(
    batch_size=1,
    dataset=dict(
        ann_file='nuscenes_infos_val.pkl',
        backend_args=None,
        box_type_3d='LiDAR',
        data_prefix=dict(
            CAM_BACK='samples/CAM_BACK',
            CAM_BACK_LEFT='samples/CAM_BACK_LEFT',
            CAM_BACK_RIGHT='samples/CAM_BACK_RIGHT',
            CAM_FRONT='samples/CAM_FRONT',
            CAM_FRONT_LEFT='samples/CAM_FRONT_LEFT',
            CAM_FRONT_RIGHT='samples/CAM_FRONT_RIGHT',
            pts='samples/LIDAR_TOP',
            sweeps='sweeps/LIDAR_TOP'),
        data_root='/media/xavier02/Sparkles1/nuscenes/',
        metainfo=dict(classes=[
            'car',
            'truck',
            'construction_vehicle',
            'bus',
            'trailer',
            'barrier',
            'motorcycle',
            'bicycle',
            'pedestrian',
            'traffic_cone',
        ]),
        modality=dict(use_camera=False, use_lidar=True),
        pipeline=[
            dict(
                backend_args=None,
                coord_type='LIDAR',
                load_dim=5,
                type='LoadPointsFromFile',
                use_dim=5),
            dict(
                backend_args=None,
                load_dim=5,
                pad_empty_sweeps=True,
                remove_close=True,
                sweeps_num=4,
                type='LoadPointsFromMultiSweeps',
                use_dim=5),
            dict(
                point_cloud_range=[
                    -54.0,
                    -54.0,
                    -5.0,
                    54.0,
                    54.0,
                    3.0,
                ],
                type='PointsRangeFilter'),
            dict(
                keys=[
                    'img',
                    'points',
                    'gt_bboxes_3d',
                    'gt_labels_3d',
                ],
                meta_keys=[
                    'cam2img',
                    'ori_cam2img',
                    'lidar2cam',
                    'lidar2img',
                    'cam2lidar',
                    'ori_lidar2img',
                    'img_aug_matrix',
                    'box_type_3d',
                    'sample_idx',
                    'lidar_path',
                    'img_path',
                    'num_pts_feats',
                    'num_views',
                ],
                type='Pack3DDetInputs'),
        ],
        test_mode=True,
        type='NuScenesDataset'),
    drop_last=False,
    num_workers=4,
    persistent_workers=True,
    sampler=dict(shuffle=False, type='DefaultSampler'))
val_evaluator = dict(
    ann_file='/media/xavier02/Sparkles1/nuscenes/nuscenes_infos_val.pkl',
    backend_args=None,
    data_root='/media/xavier02/Sparkles1/nuscenes/',
    metric='bbox',
    type='NuScenesMetric')
vis_backends = [
    dict(type='LocalVisBackend'),
]
visualizer = dict(
    name='visualizer',
    type='Det3DLocalVisualizer',
    vis_backends=[
        dict(type='LocalVisBackend'),
    ])
voxel_size = [
    0.075,
    0.075,
    0.2,
]
work_dir = './work_dirs/bevfusion_lidar_voxel0075_4sweeps'

2000/01/02 11:12:20 - mmengine - INFO - Distributed training is not used, all SyncBatchNorm (SyncBN) layers in the model will be automatically reverted to BatchNormXd layers if they are used.
2000/01/02 11:12:20 - mmengine - INFO - Hooks will be executed in the following order:
before_run:
(VERY_HIGH   ) RuntimeInfoHook                    
(BELOW_NORMAL) LoggerHook                         
 -------------------- 
before_train:
(VERY_HIGH   ) RuntimeInfoHook                    
(NORMAL      ) IterTimerHook                      
(VERY_LOW    ) CheckpointHook                     
 -------------------- 
before_train_epoch:
(VERY_HIGH   ) RuntimeInfoHook                    
(NORMAL      ) IterTimerHook                      
(NORMAL      ) DistSamplerSeedHook                
(NORMAL      ) DisableObjectSampleHook            
 -------------------- 
before_train_iter:
(VERY_HIGH   ) RuntimeInfoHook                    
(NORMAL      ) IterTimerHook                      
 -------------------- 
after_train_iter:
(VERY_HIGH   ) RuntimeInfoHook                    
(NORMAL      ) IterTimerHook                      
(BELOW_NORMAL) LoggerHook                         
(LOW         ) ParamSchedulerHook                 
(VERY_LOW    ) CheckpointHook                     
 -------------------- 
after_train_epoch:
(NORMAL      ) IterTimerHook                      
(LOW         ) ParamSchedulerHook                 
(VERY_LOW    ) CheckpointHook                     
 -------------------- 
before_val:
(VERY_HIGH   ) RuntimeInfoHook                    
 -------------------- 
before_val_epoch:
(NORMAL      ) IterTimerHook                      
 -------------------- 
before_val_iter:
(NORMAL      ) IterTimerHook                      
 -------------------- 
after_val_iter:
(NORMAL      ) IterTimerHook                      
(NORMAL      ) Det3DVisualizationHook             
(BELOW_NORMAL) LoggerHook                         
 -------------------- 
after_val_epoch:
(VERY_HIGH   ) RuntimeInfoHook                    
(NORMAL      ) IterTimerHook                      
(BELOW_NORMAL) LoggerHook                         
(LOW         ) ParamSchedulerHook                 
(VERY_LOW    ) CheckpointHook                     
 -------------------- 
after_val:
(VERY_HIGH   ) RuntimeInfoHook                    
 -------------------- 
after_train:
(VERY_HIGH   ) RuntimeInfoHook                    
(VERY_LOW    ) CheckpointHook                     
 -------------------- 
before_test:
(VERY_HIGH   ) RuntimeInfoHook                    
 -------------------- 
before_test_epoch:
(NORMAL      ) IterTimerHook                      
 -------------------- 
before_test_iter:
(NORMAL      ) IterTimerHook                      
 -------------------- 
after_test_iter:
(NORMAL      ) IterTimerHook                      
(NORMAL      ) Det3DVisualizationHook             
(BELOW_NORMAL) LoggerHook                         
 -------------------- 
after_test_epoch:
(VERY_HIGH   ) RuntimeInfoHook                    
(NORMAL      ) IterTimerHook                      
(BELOW_NORMAL) LoggerHook                         
 -------------------- 
after_test:
(VERY_HIGH   ) RuntimeInfoHook                    
 -------------------- 
after_run:
(BELOW_NORMAL) LoggerHook                         
 -------------------- 
2000/01/02 11:12:59 - mmengine - INFO - ------------------------------
2000/01/02 11:12:59 - mmengine - INFO - The length of test dataset: 6019
2000/01/02 11:12:59 - mmengine - INFO - The number of instances per category in the dataset:
+----------------------+--------+
| category             | number |
+----------------------+--------+
| car                  | 80004  |
| truck                | 15704  |
| construction_vehicle | 2678   |
| bus                  | 3158   |
| trailer              | 4159   |
| barrier              | 26992  |
| motorcycle           | 2508   |
| bicycle              | 2381   |
| pedestrian           | 34347  |
| traffic_cone         | 15597  |
+----------------------+--------+
2000/01/02 11:13:04 - mmengine - INFO - Load checkpoint from projects/BEVFusion/configs/Lidar_checkpoint_voxel_0075_4sweeps.pth
2000/01/02 11:13:28 - mmengine - INFO - Epoch(test) [  50/6019]    eta: 0:48:31  time: 0.4877  data_time: 0.0139  memory: 431  
2000/01/02 11:13:51 - mmengine - INFO - Epoch(test) [ 100/6019]    eta: 0:46:46  time: 0.4607  data_time: 0.0067  memory: 431  
2000/01/02 11:14:13 - mmengine - INFO - Epoch(test) [ 150/6019]    eta: 0:45:16  time: 0.4403  data_time: 0.0067  memory: 431  
2000/01/02 11:14:36 - mmengine - INFO - Epoch(test) [ 200/6019]    eta: 0:44:25  time: 0.4435  data_time: 0.0067  memory: 431  
2000/01/02 11:14:57 - mmengine - INFO - Epoch(test) [ 250/6019]    eta: 0:43:27  time: 0.4278  data_time: 0.0066  memory: 430  
2000/01/02 11:15:17 - mmengine - INFO - Epoch(test) [ 300/6019]    eta: 0:42:26  time: 0.4111  data_time: 0.0077  memory: 430  
2000/01/02 11:15:39 - mmengine - INFO - Epoch(test) [ 350/6019]    eta: 0:41:57  time: 0.4374  data_time: 0.0070  memory: 431  
2000/01/02 11:16:02 - mmengine - INFO - Epoch(test) [ 400/6019]    eta: 0:41:38  time: 0.4480  data_time: 0.0071  memory: 431  
2000/01/02 11:16:23 - mmengine - INFO - Epoch(test) [ 450/6019]    eta: 0:41:09  time: 0.4338  data_time: 0.0067  memory: 430  
2000/01/02 11:16:45 - mmengine - INFO - Epoch(test) [ 500/6019]    eta: 0:40:36  time: 0.4240  data_time: 0.0066  memory: 430  
2000/01/02 11:17:06 - mmengine - INFO - Epoch(test) [ 550/6019]    eta: 0:40:05  time: 0.4236  data_time: 0.0068  memory: 431  
2000/01/02 11:17:26 - mmengine - INFO - Epoch(test) [ 600/6019]    eta: 0:39:29  time: 0.4093  data_time: 0.0067  memory: 430  
2000/01/02 11:17:44 - mmengine - INFO - Epoch(test) [ 650/6019]    eta: 0:38:34  time: 0.3580  data_time: 0.0064  memory: 430  
2000/01/02 11:18:02 - mmengine - INFO - Epoch(test) [ 700/6019]    eta: 0:37:48  time: 0.3645  data_time: 0.0068  memory: 430  
2000/01/02 11:18:21 - mmengine - INFO - Epoch(test) [ 750/6019]    eta: 0:37:05  time: 0.3651  data_time: 0.0063  memory: 430  
2000/01/02 11:18:41 - mmengine - INFO - Epoch(test) [ 800/6019]    eta: 0:36:36  time: 0.4005  data_time: 0.0068  memory: 430  
2000/01/02 11:19:00 - mmengine - INFO - Epoch(test) [ 850/6019]    eta: 0:36:02  time: 0.3772  data_time: 0.0067  memory: 429  
2000/01/02 11:19:19 - mmengine - INFO - Epoch(test) [ 900/6019]    eta: 0:35:30  time: 0.3800  data_time: 0.0068  memory: 430  
2000/01/02 11:19:39 - mmengine - INFO - Epoch(test) [ 950/6019]    eta: 0:35:05  time: 0.3979  data_time: 0.0067  memory: 430  
2000/01/02 11:19:59 - mmengine - INFO - Epoch(test) [1000/6019]    eta: 0:34:43  time: 0.4139  data_time: 0.0067  memory: 430  
2000/01/02 11:20:17 - mmengine - INFO - Epoch(test) [1050/6019]    eta: 0:34:10  time: 0.3618  data_time: 0.0072  memory: 429  
2000/01/02 11:20:37 - mmengine - INFO - Epoch(test) [1100/6019]    eta: 0:33:45  time: 0.3936  data_time: 0.0066  memory: 430  
2000/01/02 11:20:57 - mmengine - INFO - Epoch(test) [1150/6019]    eta: 0:33:20  time: 0.3899  data_time: 0.0067  memory: 430  
2000/01/02 11:21:17 - mmengine - INFO - Epoch(test) [1200/6019]    eta: 0:32:58  time: 0.4033  data_time: 0.0067  memory: 430  
2000/01/02 11:21:39 - mmengine - INFO - Epoch(test) [1250/6019]    eta: 0:32:43  time: 0.4413  data_time: 0.0068  memory: 431  
2000/01/02 11:21:59 - mmengine - INFO - Epoch(test) [1300/6019]    eta: 0:32:22  time: 0.4109  data_time: 0.0067  memory: 430  
2000/01/02 11:22:21 - mmengine - INFO - Epoch(test) [1350/6019]    eta: 0:32:06  time: 0.4346  data_time: 0.0068  memory: 431  
2000/01/02 11:22:42 - mmengine - INFO - Epoch(test) [1400/6019]    eta: 0:31:47  time: 0.4225  data_time: 0.0067  memory: 431  
2000/01/02 11:23:04 - mmengine - INFO - Epoch(test) [1450/6019]    eta: 0:31:29  time: 0.4323  data_time: 0.0065  memory: 430  
2000/01/02 11:23:27 - mmengine - INFO - Epoch(test) [1500/6019]    eta: 0:31:16  time: 0.4601  data_time: 0.0069  memory: 431  
2000/01/02 11:23:49 - mmengine - INFO - Epoch(test) [1550/6019]    eta: 0:30:58  time: 0.4385  data_time: 0.0072  memory: 431  
2000/01/02 11:24:08 - mmengine - INFO - Epoch(test) [1600/6019]    eta: 0:30:34  time: 0.3879  data_time: 0.0071  memory: 431  
2000/01/02 11:24:29 - mmengine - INFO - Epoch(test) [1650/6019]    eta: 0:30:14  time: 0.4266  data_time: 0.0071  memory: 431  
2000/01/02 11:24:50 - mmengine - INFO - Epoch(test) [1700/6019]    eta: 0:29:53  time: 0.4142  data_time: 0.0064  memory: 430  
2000/01/02 11:25:11 - mmengine - INFO - Epoch(test) [1750/6019]    eta: 0:29:32  time: 0.4083  data_time: 0.0066  memory: 431  
2000/01/02 11:25:30 - mmengine - INFO - Epoch(test) [1800/6019]    eta: 0:29:09  time: 0.3951  data_time: 0.0065  memory: 431  
2000/01/02 11:25:51 - mmengine - INFO - Epoch(test) [1850/6019]    eta: 0:28:47  time: 0.4091  data_time: 0.0067  memory: 430  
2000/01/02 11:26:10 - mmengine - INFO - Epoch(test) [1900/6019]    eta: 0:28:23  time: 0.3841  data_time: 0.0068  memory: 430  
2000/01/02 11:26:31 - mmengine - INFO - Epoch(test) [1950/6019]    eta: 0:28:02  time: 0.4089  data_time: 0.0071  memory: 431  
2000/01/02 11:26:51 - mmengine - INFO - Epoch(test) [2000/6019]    eta: 0:27:42  time: 0.4168  data_time: 0.0066  memory: 431  
2000/01/02 11:27:12 - mmengine - INFO - Epoch(test) [2050/6019]    eta: 0:27:21  time: 0.4152  data_time: 0.0067  memory: 430  
2000/01/02 11:27:33 - mmengine - INFO - Epoch(test) [2100/6019]    eta: 0:27:01  time: 0.4192  data_time: 0.0068  memory: 431  
2000/01/02 11:27:53 - mmengine - INFO - Epoch(test) [2150/6019]    eta: 0:26:39  time: 0.3976  data_time: 0.0067  memory: 430  
2000/01/02 11:28:14 - mmengine - INFO - Epoch(test) [2200/6019]    eta: 0:26:18  time: 0.4156  data_time: 0.0067  memory: 431  
2000/01/02 11:28:34 - mmengine - INFO - Epoch(test) [2250/6019]    eta: 0:25:58  time: 0.4138  data_time: 0.0066  memory: 430  
2000/01/02 11:28:53 - mmengine - INFO - Epoch(test) [2300/6019]    eta: 0:25:34  time: 0.3743  data_time: 0.0065  memory: 431  
2000/01/02 11:29:10 - mmengine - INFO - Epoch(test) [2350/6019]    eta: 0:25:08  time: 0.3404  data_time: 0.0064  memory: 429  
2000/01/02 11:29:29 - mmengine - INFO - Epoch(test) [2400/6019]    eta: 0:24:45  time: 0.3830  data_time: 0.0067  memory: 430  
2000/01/02 11:29:49 - mmengine - INFO - Epoch(test) [2450/6019]    eta: 0:24:24  time: 0.3967  data_time: 0.0064  memory: 430  
2000/01/02 11:30:09 - mmengine - INFO - Epoch(test) [2500/6019]    eta: 0:24:02  time: 0.3907  data_time: 0.0066  memory: 430  
2000/01/02 11:30:28 - mmengine - INFO - Epoch(test) [2550/6019]    eta: 0:23:39  time: 0.3799  data_time: 0.0064  memory: 430  
2000/01/02 11:30:45 - mmengine - INFO - Epoch(test) [2600/6019]    eta: 0:23:15  time: 0.3531  data_time: 0.0063  memory: 429  
2000/01/02 11:31:05 - mmengine - INFO - Epoch(test) [2650/6019]    eta: 0:22:54  time: 0.3949  data_time: 0.0070  memory: 431  
2000/01/02 11:31:25 - mmengine - INFO - Epoch(test) [2700/6019]    eta: 0:22:32  time: 0.3941  data_time: 0.0065  memory: 430  
2000/01/02 11:31:44 - mmengine - INFO - Epoch(test) [2750/6019]    eta: 0:22:10  time: 0.3728  data_time: 0.0065  memory: 429  
2000/01/02 11:32:03 - mmengine - INFO - Epoch(test) [2800/6019]    eta: 0:21:49  time: 0.3895  data_time: 0.0066  memory: 430  
2000/01/02 11:32:21 - mmengine - INFO - Epoch(test) [2850/6019]    eta: 0:21:25  time: 0.3558  data_time: 0.0065  memory: 429  
2000/01/02 11:32:39 - mmengine - INFO - Epoch(test) [2900/6019]    eta: 0:21:02  time: 0.3537  data_time: 0.0060  memory: 429  
2000/01/02 11:32:56 - mmengine - INFO - Epoch(test) [2950/6019]    eta: 0:20:40  time: 0.3542  data_time: 0.0068  memory: 429  
2000/01/02 11:33:15 - mmengine - INFO - Epoch(test) [3000/6019]    eta: 0:20:18  time: 0.3820  data_time: 0.0063  memory: 430  
2000/01/02 11:33:34 - mmengine - INFO - Epoch(test) [3050/6019]    eta: 0:19:57  time: 0.3822  data_time: 0.0064  memory: 430  
2000/01/02 11:33:51 - mmengine - INFO - Epoch(test) [3100/6019]    eta: 0:19:33  time: 0.3320  data_time: 0.0065  memory: 429  
2000/01/02 11:34:06 - mmengine - INFO - Epoch(test) [3150/6019]    eta: 0:19:09  time: 0.3057  data_time: 0.0059  memory: 428  
2000/01/02 11:34:24 - mmengine - INFO - Epoch(test) [3200/6019]    eta: 0:18:47  time: 0.3501  data_time: 0.0062  memory: 429  
2000/01/02 11:34:42 - mmengine - INFO - Epoch(test) [3250/6019]    eta: 0:18:25  time: 0.3570  data_time: 0.0063  memory: 429  
2000/01/02 11:35:02 - mmengine - INFO - Epoch(test) [3300/6019]    eta: 0:18:05  time: 0.3980  data_time: 0.0066  memory: 430  
2000/01/02 11:35:20 - mmengine - INFO - Epoch(test) [3350/6019]    eta: 0:17:44  time: 0.3706  data_time: 0.0066  memory: 429  
2000/01/02 11:35:39 - mmengine - INFO - Epoch(test) [3400/6019]    eta: 0:17:23  time: 0.3698  data_time: 0.0062  memory: 429  
2000/01/02 11:35:57 - mmengine - INFO - Epoch(test) [3450/6019]    eta: 0:17:02  time: 0.3687  data_time: 0.0063  memory: 429  
2000/01/02 11:36:15 - mmengine - INFO - Epoch(test) [3500/6019]    eta: 0:16:41  time: 0.3659  data_time: 0.0063  memory: 429  
2000/01/02 11:36:33 - mmengine - INFO - Epoch(test) [3550/6019]    eta: 0:16:19  time: 0.3547  data_time: 0.0064  memory: 429  
2000/01/02 11:36:52 - mmengine - INFO - Epoch(test) [3600/6019]    eta: 0:15:58  time: 0.3673  data_time: 0.0064  memory: 429  
2000/01/02 11:37:11 - mmengine - INFO - Epoch(test) [3650/6019]    eta: 0:15:38  time: 0.3899  data_time: 0.0064  memory: 430  
2000/01/02 11:37:30 - mmengine - INFO - Epoch(test) [3700/6019]    eta: 0:15:18  time: 0.3766  data_time: 0.0074  memory: 429  
2000/01/02 11:37:52 - mmengine - INFO - Epoch(test) [3750/6019]    eta: 0:15:00  time: 0.4442  data_time: 0.0072  memory: 431  
2000/01/02 11:38:17 - mmengine - INFO - Epoch(test) [3800/6019]    eta: 0:14:43  time: 0.4945  data_time: 0.0071  memory: 431  
2000/01/02 11:38:40 - mmengine - INFO - Epoch(test) [3850/6019]    eta: 0:14:25  time: 0.4620  data_time: 0.0080  memory: 430  
2000/01/02 11:39:04 - mmengine - INFO - Epoch(test) [3900/6019]    eta: 0:14:07  time: 0.4737  data_time: 0.0067  memory: 431  
2000/01/02 11:39:27 - mmengine - INFO - Epoch(test) [3950/6019]    eta: 0:13:48  time: 0.4605  data_time: 0.0068  memory: 431  
2000/01/02 11:39:50 - mmengine - INFO - Epoch(test) [4000/6019]    eta: 0:13:30  time: 0.4659  data_time: 0.0067  memory: 431  
2000/01/02 11:40:10 - mmengine - INFO - Epoch(test) [4050/6019]    eta: 0:13:10  time: 0.3998  data_time: 0.0078  memory: 429  
2000/01/02 11:40:31 - mmengine - INFO - Epoch(test) [4100/6019]    eta: 0:12:50  time: 0.4110  data_time: 0.0076  memory: 429  
2000/01/02 11:40:52 - mmengine - INFO - Epoch(test) [4150/6019]    eta: 0:12:30  time: 0.4200  data_time: 0.0067  memory: 430  
2000/01/02 11:41:14 - mmengine - INFO - Epoch(test) [4200/6019]    eta: 0:12:11  time: 0.4396  data_time: 0.0073  memory: 430  
2000/01/02 11:41:32 - mmengine - INFO - Epoch(test) [4250/6019]    eta: 0:11:50  time: 0.3778  data_time: 0.0072  memory: 429  
2000/01/02 11:41:51 - mmengine - INFO - Epoch(test) [4300/6019]    eta: 0:11:30  time: 0.3682  data_time: 0.0069  memory: 429  
2000/01/02 11:42:10 - mmengine - INFO - Epoch(test) [4350/6019]    eta: 0:11:09  time: 0.3729  data_time: 0.0068  memory: 429  
2000/01/02 11:42:29 - mmengine - INFO - Epoch(test) [4400/6019]    eta: 0:10:49  time: 0.3969  data_time: 0.0072  memory: 429  
2000/01/02 11:42:50 - mmengine - INFO - Epoch(test) [4450/6019]    eta: 0:10:29  time: 0.4070  data_time: 0.0071  memory: 430  
2000/01/02 11:43:11 - mmengine - INFO - Epoch(test) [4500/6019]    eta: 0:10:09  time: 0.4264  data_time: 0.0071  memory: 430  
2000/01/02 11:43:33 - mmengine - INFO - Epoch(test) [4550/6019]    eta: 0:09:50  time: 0.4455  data_time: 0.0070  memory: 431  
2000/01/02 11:43:57 - mmengine - INFO - Epoch(test) [4600/6019]    eta: 0:09:31  time: 0.4647  data_time: 0.0067  memory: 431  
2000/01/02 11:44:20 - mmengine - INFO - Epoch(test) [4650/6019]    eta: 0:09:12  time: 0.4753  data_time: 0.0073  memory: 431  
2000/01/02 11:44:43 - mmengine - INFO - Epoch(test) [4700/6019]    eta: 0:08:52  time: 0.4575  data_time: 0.0071  memory: 431  
2000/01/02 11:45:06 - mmengine - INFO - Epoch(test) [4750/6019]    eta: 0:08:33  time: 0.4556  data_time: 0.0074  memory: 431  
2000/01/02 11:45:29 - mmengine - INFO - Epoch(test) [4800/6019]    eta: 0:08:13  time: 0.4605  data_time: 0.0069  memory: 431  
2000/01/02 11:45:52 - mmengine - INFO - Epoch(test) [4850/6019]    eta: 0:07:54  time: 0.4517  data_time: 0.0069  memory: 430  
2000/01/02 11:46:14 - mmengine - INFO - Epoch(test) [4900/6019]    eta: 0:07:34  time: 0.4399  data_time: 0.0068  memory: 430  
2000/01/02 11:46:35 - mmengine - INFO - Epoch(test) [4950/6019]    eta: 0:07:14  time: 0.4361  data_time: 0.0074  memory: 430  
2000/01/02 11:46:58 - mmengine - INFO - Epoch(test) [5000/6019]    eta: 0:06:54  time: 0.4569  data_time: 0.0071  memory: 430  
2000/01/02 11:47:20 - mmengine - INFO - Epoch(test) [5050/6019]    eta: 0:06:34  time: 0.4361  data_time: 0.0068  memory: 430  
2000/01/02 11:47:42 - mmengine - INFO - Epoch(test) [5100/6019]    eta: 0:06:14  time: 0.4333  data_time: 0.0066  memory: 430  
2000/01/02 11:48:04 - mmengine - INFO - Epoch(test) [5150/6019]    eta: 0:05:54  time: 0.4442  data_time: 0.0071  memory: 431  
2000/01/02 11:48:25 - mmengine - INFO - Epoch(test) [5200/6019]    eta: 0:05:33  time: 0.4141  data_time: 0.0071  memory: 429  
2000/01/02 11:48:47 - mmengine - INFO - Epoch(test) [5250/6019]    eta: 0:05:13  time: 0.4365  data_time: 0.0071  memory: 430  
2000/01/02 11:49:07 - mmengine - INFO - Epoch(test) [5300/6019]    eta: 0:04:53  time: 0.4157  data_time: 0.0070  memory: 430  
2000/01/02 11:49:29 - mmengine - INFO - Epoch(test) [5350/6019]    eta: 0:04:33  time: 0.4241  data_time: 0.0070  memory: 430  
2000/01/02 11:49:51 - mmengine - INFO - Epoch(test) [5400/6019]    eta: 0:04:12  time: 0.4485  data_time: 0.0069  memory: 430  
2000/01/02 11:50:13 - mmengine - INFO - Epoch(test) [5450/6019]    eta: 0:03:52  time: 0.4410  data_time: 0.0069  memory: 430  
2000/01/02 11:50:36 - mmengine - INFO - Epoch(test) [5500/6019]    eta: 0:03:32  time: 0.4567  data_time: 0.0066  memory: 431  
2000/01/02 11:50:59 - mmengine - INFO - Epoch(test) [5550/6019]    eta: 0:03:12  time: 0.4568  data_time: 0.0065  memory: 430  
2000/01/02 11:51:22 - mmengine - INFO - Epoch(test) [5600/6019]    eta: 0:02:51  time: 0.4687  data_time: 0.0071  memory: 431  
2000/01/02 11:51:45 - mmengine - INFO - Epoch(test) [5650/6019]    eta: 0:02:31  time: 0.4578  data_time: 0.0068  memory: 430  
2000/01/02 11:52:09 - mmengine - INFO - Epoch(test) [5700/6019]    eta: 0:02:11  time: 0.4822  data_time: 0.0066  memory: 431  
2000/01/02 11:52:33 - mmengine - INFO - Epoch(test) [5750/6019]    eta: 0:01:50  time: 0.4744  data_time: 0.0069  memory: 430  
2000/01/02 11:52:55 - mmengine - INFO - Epoch(test) [5800/6019]    eta: 0:01:30  time: 0.4405  data_time: 0.0068  memory: 430  
2000/01/02 11:53:18 - mmengine - INFO - Epoch(test) [5850/6019]    eta: 0:01:09  time: 0.4575  data_time: 0.0068  memory: 431  
2000/01/02 11:53:42 - mmengine - INFO - Epoch(test) [5900/6019]    eta: 0:00:49  time: 0.4839  data_time: 0.0069  memory: 431  
2000/01/02 11:54:06 - mmengine - INFO - Epoch(test) [5950/6019]    eta: 0:00:28  time: 0.4731  data_time: 0.0070  memory: 431  
2000/01/02 11:54:27 - mmengine - INFO - Epoch(test) [6000/6019]    eta: 0:00:07  time: 0.4309  data_time: 0.0068  memory: 430  
2000/01/02 12:22:04 - mmengine - INFO - Epoch(test) [6019/6019]    NuScenes metric/pred_instances_3d_NuScenes/car_AP_dist_0.5: 0.6179  NuScenes metric/pred_instances_3d_NuScenes/car_AP_dist_1.0: 0.7044  NuScenes metric/pred_instances_3d_NuScenes/car_AP_dist_2.0: 0.7338  NuScenes metric/pred_instances_3d_NuScenes/car_AP_dist_4.0: 0.7467  NuScenes metric/pred_instances_3d_NuScenes/car_trans_err: 0.1892  NuScenes metric/pred_instances_3d_NuScenes/car_scale_err: 0.1634  NuScenes metric/pred_instances_3d_NuScenes/car_orient_err: 0.1660  NuScenes metric/pred_instances_3d_NuScenes/car_vel_err: 0.4847  NuScenes metric/pred_instances_3d_NuScenes/car_attr_err: 0.2064  NuScenes metric/pred_instances_3d_NuScenes/mATE: 0.3073  NuScenes metric/pred_instances_3d_NuScenes/mASE: 0.2668  NuScenes metric/pred_instances_3d_NuScenes/mAOE: 0.3816  NuScenes metric/pred_instances_3d_NuScenes/mAVE: 0.4334  NuScenes metric/pred_instances_3d_NuScenes/mAAE: 0.2025  NuScenes metric/pred_instances_3d_NuScenes/truck_AP_dist_0.5: 0.2583  NuScenes metric/pred_instances_3d_NuScenes/truck_AP_dist_1.0: 0.4186  NuScenes metric/pred_instances_3d_NuScenes/truck_AP_dist_2.0: 0.4703  NuScenes metric/pred_instances_3d_NuScenes/truck_AP_dist_4.0: 0.5035  NuScenes metric/pred_instances_3d_NuScenes/truck_trans_err: 0.3404  NuScenes metric/pred_instances_3d_NuScenes/truck_scale_err: 0.1937  NuScenes metric/pred_instances_3d_NuScenes/truck_orient_err: 0.1391  NuScenes metric/pred_instances_3d_NuScenes/truck_vel_err: 0.3371  NuScenes metric/pred_instances_3d_NuScenes/truck_attr_err: 0.2604  NuScenes metric/pred_instances_3d_NuScenes/construction_vehicle_AP_dist_0.5: 0.0000  NuScenes metric/pred_instances_3d_NuScenes/construction_vehicle_AP_dist_1.0: 0.0001  NuScenes metric/pred_instances_3d_NuScenes/construction_vehicle_AP_dist_2.0: 0.0048  NuScenes metric/pred_instances_3d_NuScenes/construction_vehicle_AP_dist_4.0: 0.0248  NuScenes metric/pred_instances_3d_NuScenes/construction_vehicle_trans_err: 0.7509  NuScenes metric/pred_instances_3d_NuScenes/construction_vehicle_scale_err: 0.4463  NuScenes metric/pred_instances_3d_NuScenes/construction_vehicle_orient_err: 1.0221  NuScenes metric/pred_instances_3d_NuScenes/construction_vehicle_vel_err: 0.1215  NuScenes metric/pred_instances_3d_NuScenes/construction_vehicle_attr_err: 0.3224  NuScenes metric/pred_instances_3d_NuScenes/bus_AP_dist_0.5: 0.3776  NuScenes metric/pred_instances_3d_NuScenes/bus_AP_dist_1.0: 0.5868  NuScenes metric/pred_instances_3d_NuScenes/bus_AP_dist_2.0: 0.6941  NuScenes metric/pred_instances_3d_NuScenes/bus_AP_dist_4.0: 0.7220  NuScenes metric/pred_instances_3d_NuScenes/bus_trans_err: 0.3487  NuScenes metric/pred_instances_3d_NuScenes/bus_scale_err: 0.1883  NuScenes metric/pred_instances_3d_NuScenes/bus_orient_err: 0.0849  NuScenes metric/pred_instances_3d_NuScenes/bus_vel_err: 0.7204  NuScenes metric/pred_instances_3d_NuScenes/bus_attr_err: 0.2572  NuScenes metric/pred_instances_3d_NuScenes/trailer_AP_dist_0.5: 0.0280  NuScenes metric/pred_instances_3d_NuScenes/trailer_AP_dist_1.0: 0.1088  NuScenes metric/pred_instances_3d_NuScenes/trailer_AP_dist_2.0: 0.1640  NuScenes metric/pred_instances_3d_NuScenes/trailer_AP_dist_4.0: 0.2108  NuScenes metric/pred_instances_3d_NuScenes/trailer_trans_err: 0.5476  NuScenes metric/pred_instances_3d_NuScenes/trailer_scale_err: 0.2139  NuScenes metric/pred_instances_3d_NuScenes/trailer_orient_err: 0.6740  NuScenes metric/pred_instances_3d_NuScenes/trailer_vel_err: 0.2922  NuScenes metric/pred_instances_3d_NuScenes/trailer_attr_err: 0.1903  NuScenes metric/pred_instances_3d_NuScenes/barrier_AP_dist_0.5: 0.4096  NuScenes metric/pred_instances_3d_NuScenes/barrier_AP_dist_1.0: 0.5116  NuScenes metric/pred_instances_3d_NuScenes/barrier_AP_dist_2.0: 0.5489  NuScenes metric/pred_instances_3d_NuScenes/barrier_AP_dist_4.0: 0.5698  NuScenes metric/pred_instances_3d_NuScenes/barrier_trans_err: 0.2348  NuScenes metric/pred_instances_3d_NuScenes/barrier_scale_err: 0.2910  NuScenes metric/pred_instances_3d_NuScenes/barrier_orient_err: 0.0930  NuScenes metric/pred_instances_3d_NuScenes/barrier_vel_err: nan  NuScenes metric/pred_instances_3d_NuScenes/barrier_attr_err: nan  NuScenes metric/pred_instances_3d_NuScenes/motorcycle_AP_dist_0.5: 0.2878  NuScenes metric/pred_instances_3d_NuScenes/motorcycle_AP_dist_1.0: 0.3235  NuScenes metric/pred_instances_3d_NuScenes/motorcycle_AP_dist_2.0: 0.3291  NuScenes metric/pred_instances_3d_NuScenes/motorcycle_AP_dist_4.0: 0.3314  NuScenes metric/pred_instances_3d_NuScenes/motorcycle_trans_err: 0.2073  NuScenes metric/pred_instances_3d_NuScenes/motorcycle_scale_err: 0.2529  NuScenes metric/pred_instances_3d_NuScenes/motorcycle_orient_err: 0.3188  NuScenes metric/pred_instances_3d_NuScenes/motorcycle_vel_err: 0.8984  NuScenes metric/pred_instances_3d_NuScenes/motorcycle_attr_err: 0.2656  NuScenes metric/pred_instances_3d_NuScenes/bicycle_AP_dist_0.5: 0.1240  NuScenes metric/pred_instances_3d_NuScenes/bicycle_AP_dist_1.0: 0.1291  NuScenes metric/pred_instances_3d_NuScenes/bicycle_AP_dist_2.0: 0.1294  NuScenes metric/pred_instances_3d_NuScenes/bicycle_AP_dist_4.0: 0.1302  NuScenes metric/pred_instances_3d_NuScenes/bicycle_trans_err: 0.1634  NuScenes metric/pred_instances_3d_NuScenes/bicycle_scale_err: 0.2707  NuScenes metric/pred_instances_3d_NuScenes/bicycle_orient_err: 0.4929  NuScenes metric/pred_instances_3d_NuScenes/bicycle_vel_err: 0.3295  NuScenes metric/pred_instances_3d_NuScenes/bicycle_attr_err: 0.0250  NuScenes metric/pred_instances_3d_NuScenes/pedestrian_AP_dist_0.5: 0.7271  NuScenes metric/pred_instances_3d_NuScenes/pedestrian_AP_dist_1.0: 0.7437  NuScenes metric/pred_instances_3d_NuScenes/pedestrian_AP_dist_2.0: 0.7568  NuScenes metric/pred_instances_3d_NuScenes/pedestrian_AP_dist_4.0: 0.7727  NuScenes metric/pred_instances_3d_NuScenes/pedestrian_trans_err: 0.1462  NuScenes metric/pred_instances_3d_NuScenes/pedestrian_scale_err: 0.2864  NuScenes metric/pred_instances_3d_NuScenes/pedestrian_orient_err: 0.4432  NuScenes metric/pred_instances_3d_NuScenes/pedestrian_vel_err: 0.2839  NuScenes metric/pred_instances_3d_NuScenes/pedestrian_attr_err: 0.0926  NuScenes metric/pred_instances_3d_NuScenes/traffic_cone_AP_dist_0.5: 0.4552  NuScenes metric/pred_instances_3d_NuScenes/traffic_cone_AP_dist_1.0: 0.4652  NuScenes metric/pred_instances_3d_NuScenes/traffic_cone_AP_dist_2.0: 0.4827  NuScenes metric/pred_instances_3d_NuScenes/traffic_cone_AP_dist_4.0: 0.5186  NuScenes metric/pred_instances_3d_NuScenes/traffic_cone_trans_err: 0.1443  NuScenes metric/pred_instances_3d_NuScenes/traffic_cone_scale_err: 0.3617  NuScenes metric/pred_instances_3d_NuScenes/traffic_cone_orient_err: nan  NuScenes metric/pred_instances_3d_NuScenes/traffic_cone_vel_err: nan  NuScenes metric/pred_instances_3d_NuScenes/traffic_cone_attr_err: nan  NuScenes metric/pred_instances_3d_NuScenes/NDS: 0.5424  NuScenes metric/pred_instances_3d_NuScenes/mAP: 0.4030  data_time: 0.0068  time: 0.4138
