2024/12/09 07:03:04 - mmengine - INFO - 
------------------------------------------------------------
System environment:
    sys.platform: linux
    Python: 3.8.10 (default, Jul 29 2024, 17:02:10) [GCC 9.4.0]
    CUDA available: True
    MUSA available: False
    numpy_random_seed: 2018284533
    GPU 0: Xavier
    CUDA_HOME: /usr/local/cuda-11.4
    NVCC: Cuda compilation tools, release 11.4, V11.4.315
    GCC: aarch64-linux-gnu-gcc (Ubuntu 9.4.0-1ubuntu1~20.04.2) 9.4.0
    PyTorch: 1.11.0
    PyTorch compiling details: PyTorch built with:
  - GCC 9.4
  - C++ Version: 201402
  - OpenMP 201511 (a.k.a. OpenMP 4.5)
  - LAPACK is enabled (usually provided by MKL)
  - NNPACK is enabled
  - CPU capability usage: NO AVX
  - CUDA Runtime 11.4
  - NVCC architecture flags: -gencode;arch=compute_72,code=sm_72;-gencode;arch=compute_87,code=sm_87
  - CuDNN 8.6
    - Built with CuDNN 8.3.2
  - Build settings: BLAS_INFO=open, BUILD_TYPE=Release, CUDA_VERSION=11.4, CUDNN_VERSION=8.3.2, CXX_COMPILER=/usr/bin/c++, CXX_FLAGS= -Wno-deprecated -fvisibility-inlines-hidden -DUSE_PTHREADPOOL -fopenmp -DNDEBUG -DUSE_KINETO -DLIBKINETO_NOCUPTI -DUSE_XNNPACK -DSYMBOLICATE_MOBILE_DEBUG_HANDLE -DEDGE_PROFILER_USE_KINETO -O2 -fPIC -Wno-narrowing -Wall -Wextra -Werror=return-type -Wno-missing-field-initializers -Wno-type-limits -Wno-array-bounds -Wno-unknown-pragmas -Wno-sign-compare -Wno-unused-parameter -Wno-unused-function -Wno-unused-result -Wno-unused-local-typedefs -Wno-strict-overflow -Wno-strict-aliasing -Wno-error=deprecated-declarations -Wno-stringop-overflow -Wno-psabi -Wno-error=pedantic -Wno-error=redundant-decls -Wno-error=old-style-cast -fdiagnostics-color=always -faligned-new -Wno-unused-but-set-variable -Wno-maybe-uninitialized -fno-math-errno -fno-trapping-math -Werror=format -Werror=cast-function-type -Wno-stringop-overflow, FORCE_FALLBACK_CUDA_MPI=1, LAPACK_INFO=open, TORCH_VERSION=1.11.0, USE_CUDA=ON, USE_CUDNN=ON, USE_EIGEN_FOR_BLAS=ON, USE_EXCEPTION_PTR=1, USE_GFLAGS=OFF, USE_GLOG=OFF, USE_MKL=OFF, USE_MKLDNN=OFF, USE_MPI=ON, USE_NCCL=0, USE_NNPACK=ON, USE_OPENMP=ON, USE_ROCM=OFF, 

    TorchVision: 0.12.0
    OpenCV: 4.10.0
    MMEngine: 0.10.5

Runtime environment:
    cudnn_benchmark: False
    mp_cfg: {'mp_start_method': 'fork', 'opencv_num_threads': 0}
    dist_cfg: {'backend': 'nccl'}
    seed: 2018284533
    Distributed launcher: none
    Distributed training: False
    GPU number: 1
------------------------------------------------------------

2024/12/09 07:03:07 - mmengine - INFO - Config:
auto_scale_lr = dict(base_batch_size=32, enable=False)
backend_args = None
class_names = [
    'car',
    'truck',
    'construction_vehicle',
    'bus',
    'trailer',
    'barrier',
    'motorcycle',
    'bicycle',
    'pedestrian',
    'traffic_cone',
]
custom_hooks = [
    dict(disable_after_epoch=15, type='DisableObjectSampleHook'),
]
custom_imports = dict(
    allow_failed_imports=False, imports=[
        'projects.BEVFusion.bevfusion',
    ])
data_prefix = dict(
    CAM_BACK='samples/CAM_BACK',
    CAM_BACK_LEFT='samples/CAM_BACK_LEFT',
    CAM_BACK_RIGHT='samples/CAM_BACK_RIGHT',
    CAM_FRONT='samples/CAM_FRONT',
    CAM_FRONT_LEFT='samples/CAM_FRONT_LEFT',
    CAM_FRONT_RIGHT='samples/CAM_FRONT_RIGHT',
    pts='samples/LIDAR_TOP',
    sweeps='sweeps/LIDAR_TOP')
data_root = '/media/xavier02/Sparkles1/nuscenes/'
dataset_type = 'NuScenesDataset'
db_sampler = dict(
    classes=[
        'car',
        'truck',
        'construction_vehicle',
        'bus',
        'trailer',
        'barrier',
        'motorcycle',
        'bicycle',
        'pedestrian',
        'traffic_cone',
    ],
    data_root='/media/xavier02/Sparkles1/nuscenes/',
    info_path='/media/xavier02/Sparkles1/nuscenes/nuscenes_dbinfos_train.pkl',
    points_loader=dict(
        backend_args=None,
        coord_type='LIDAR',
        load_dim=5,
        type='LoadPointsFromFile',
        use_dim=[
            0,
            1,
            2,
            3,
            4,
        ]),
    prepare=dict(
        filter_by_difficulty=[
            -1,
        ],
        filter_by_min_points=dict(
            barrier=5,
            bicycle=5,
            bus=5,
            car=5,
            construction_vehicle=5,
            motorcycle=5,
            pedestrian=5,
            traffic_cone=5,
            trailer=5,
            truck=5)),
    rate=1.0,
    sample_groups=dict(
        barrier=2,
        bicycle=6,
        bus=4,
        car=2,
        construction_vehicle=7,
        motorcycle=6,
        pedestrian=2,
        traffic_cone=2,
        trailer=6,
        truck=3))
default_hooks = dict(
    checkpoint=dict(interval=5, type='CheckpointHook'),
    logger=dict(interval=50, type='LoggerHook'),
    param_scheduler=dict(type='ParamSchedulerHook'),
    sampler_seed=dict(type='DistSamplerSeedHook'),
    timer=dict(type='IterTimerHook'),
    visualization=dict(type='Det3DVisualizationHook'))
default_scope = 'mmdet3d'
env_cfg = dict(
    cudnn_benchmark=False,
    dist_cfg=dict(backend='nccl'),
    mp_cfg=dict(mp_start_method='fork', opencv_num_threads=0))
input_modality = dict(use_camera=False, use_lidar=True)
launcher = 'none'
load_from = 'projects/BEVFusion/configs/MMCV_Lidar_own.pth'
log_level = 'INFO'
log_processor = dict(by_epoch=True, type='LogProcessor', window_size=50)
lr = 0.0001
metainfo = dict(classes=[
    'car',
    'truck',
    'construction_vehicle',
    'bus',
    'trailer',
    'barrier',
    'motorcycle',
    'bicycle',
    'pedestrian',
    'traffic_cone',
])
model = dict(
    bbox_head=dict(
        auxiliary=True,
        bbox_coder=dict(
            code_size=10,
            out_size_factor=8,
            pc_range=[
                -54.0,
                -54.0,
            ],
            post_center_range=[
                -61.2,
                -61.2,
                -10.0,
                61.2,
                61.2,
                10.0,
            ],
            score_threshold=0.0,
            type='TransFusionBBoxCoder',
            voxel_size=[
                0.075,
                0.075,
            ]),
        bn_momentum=0.1,
        common_heads=dict(
            center=[
                2,
                2,
            ],
            dim=[
                3,
                2,
            ],
            height=[
                1,
                2,
            ],
            rot=[
                2,
                2,
            ],
            vel=[
                2,
                2,
            ]),
        decoder_layer=dict(
            cross_attn_cfg=dict(dropout=0.1, embed_dims=128, num_heads=8),
            ffn_cfg=dict(
                act_cfg=dict(inplace=True, type='ReLU'),
                embed_dims=128,
                feedforward_channels=256,
                ffn_drop=0.1,
                num_fcs=2),
            norm_cfg=dict(type='LN'),
            pos_encoding_cfg=dict(input_channel=2, num_pos_feats=128),
            self_attn_cfg=dict(dropout=0.1, embed_dims=128, num_heads=8),
            type='TransformerDecoderLayer'),
        hidden_channel=128,
        in_channels=512,
        loss_bbox=dict(
            loss_weight=0.25, reduction='mean', type='mmdet.L1Loss'),
        loss_cls=dict(
            alpha=0.25,
            gamma=2.0,
            loss_weight=1.0,
            reduction='mean',
            type='mmdet.FocalLoss',
            use_sigmoid=True),
        loss_heatmap=dict(
            loss_weight=1.0, reduction='mean', type='mmdet.GaussianFocalLoss'),
        nms_kernel_size=3,
        num_classes=10,
        num_decoder_layers=1,
        num_proposals=200,
        test_cfg=dict(
            dataset='nuScenes',
            grid_size=[
                1440,
                1440,
                41,
            ],
            nms_type=None,
            out_size_factor=8,
            pc_range=[
                -54.0,
                -54.0,
            ],
            voxel_size=[
                0.075,
                0.075,
            ]),
        train_cfg=dict(
            assigner=dict(
                cls_cost=dict(
                    alpha=0.25,
                    gamma=2.0,
                    type='mmdet.FocalLossCost',
                    weight=0.15),
                iou_calculator=dict(coordinate='lidar', type='BboxOverlaps3D'),
                iou_cost=dict(type='IoU3DCost', weight=0.25),
                reg_cost=dict(type='BBoxBEVL1Cost', weight=0.25),
                type='HungarianAssigner3D'),
            code_weights=[
                1.0,
                1.0,
                1.0,
                1.0,
                1.0,
                1.0,
                1.0,
                1.0,
                0.2,
                0.2,
            ],
            dataset='nuScenes',
            gaussian_overlap=0.1,
            grid_size=[
                1440,
                1440,
                41,
            ],
            min_radius=2,
            out_size_factor=8,
            point_cloud_range=[
                -54.0,
                -54.0,
                -5.0,
                54.0,
                54.0,
                3.0,
            ],
            pos_weight=-1,
            voxel_size=[
                0.075,
                0.075,
                0.2,
            ]),
        type='TransFusionHead'),
    data_preprocessor=dict(
        pad_size_divisor=32,
        type='Det3DDataPreprocessor',
        voxelize_cfg=dict(
            max_num_points=10,
            max_voxels=[
                120000,
                160000,
            ],
            point_cloud_range=[
                -54.0,
                -54.0,
                -5.0,
                54.0,
                54.0,
                3.0,
            ],
            voxel_size=[
                0.075,
                0.075,
                0.2,
            ],
            voxelize_reduce=True)),
    pts_backbone=dict(
        conv_cfg=dict(bias=False, type='Conv2d'),
        in_channels=256,
        layer_nums=[
            5,
            5,
        ],
        layer_strides=[
            1,
            2,
        ],
        norm_cfg=dict(eps=0.001, momentum=0.01, type='BN'),
        out_channels=[
            128,
            256,
        ],
        type='SECOND'),
    pts_middle_encoder=dict(
        block_type='basicblock',
        encoder_channels=(
            (
                16,
                16,
                32,
            ),
            (
                32,
                32,
                64,
            ),
            (
                64,
                64,
                128,
            ),
            (
                128,
                128,
            ),
        ),
        encoder_paddings=(
            (
                0,
                0,
                1,
            ),
            (
                0,
                0,
                1,
            ),
            (
                0,
                0,
                (
                    1,
                    1,
                    0,
                ),
            ),
            (
                0,
                0,
            ),
        ),
        in_channels=5,
        norm_cfg=dict(eps=0.001, momentum=0.01, type='BN1d'),
        order=(
            'conv',
            'norm',
            'act',
        ),
        sparse_shape=[
            1440,
            1440,
            41,
        ],
        type='BEVFusionSparseEncoder'),
    pts_neck=dict(
        in_channels=[
            128,
            256,
        ],
        norm_cfg=dict(eps=0.001, momentum=0.01, type='BN'),
        out_channels=[
            256,
            256,
        ],
        type='SECONDFPN',
        upsample_cfg=dict(bias=False, type='deconv'),
        upsample_strides=[
            1,
            2,
        ],
        use_conv_for_no_stride=True),
    pts_voxel_encoder=dict(num_features=5, type='HardSimpleVFE'),
    type='BEVFusion')
optim_wrapper = dict(
    clip_grad=dict(max_norm=35, norm_type=2),
    optimizer=dict(lr=0.0001, type='AdamW', weight_decay=0.01),
    type='OptimWrapper')
param_scheduler = [
    dict(
        T_max=8,
        begin=0,
        by_epoch=True,
        convert_to_iter_based=True,
        end=8,
        eta_min=0.001,
        type='CosineAnnealingLR'),
    dict(
        T_max=12,
        begin=8,
        by_epoch=True,
        convert_to_iter_based=True,
        end=20,
        eta_min=1e-08,
        type='CosineAnnealingLR'),
    dict(
        T_max=8,
        begin=0,
        by_epoch=True,
        convert_to_iter_based=True,
        end=8,
        eta_min=0.8947368421052632,
        type='CosineAnnealingMomentum'),
    dict(
        T_max=12,
        begin=8,
        by_epoch=True,
        convert_to_iter_based=True,
        end=20,
        eta_min=1,
        type='CosineAnnealingMomentum'),
]
point_cloud_range = [
    -54.0,
    -54.0,
    -5.0,
    54.0,
    54.0,
    3.0,
]
resume = False
test_cfg = dict()
test_dataloader = dict(
    batch_size=1,
    dataset=dict(
        ann_file='nuscenes_infos_val.pkl',
        backend_args=None,
        box_type_3d='LiDAR',
        data_prefix=dict(
            CAM_BACK='samples/CAM_BACK',
            CAM_BACK_LEFT='samples/CAM_BACK_LEFT',
            CAM_BACK_RIGHT='samples/CAM_BACK_RIGHT',
            CAM_FRONT='samples/CAM_FRONT',
            CAM_FRONT_LEFT='samples/CAM_FRONT_LEFT',
            CAM_FRONT_RIGHT='samples/CAM_FRONT_RIGHT',
            pts='samples/LIDAR_TOP',
            sweeps='sweeps/LIDAR_TOP'),
        data_root='/media/xavier02/Sparkles1/nuscenes/',
        metainfo=dict(classes=[
            'car',
            'truck',
            'construction_vehicle',
            'bus',
            'trailer',
            'barrier',
            'motorcycle',
            'bicycle',
            'pedestrian',
            'traffic_cone',
        ]),
        modality=dict(use_camera=False, use_lidar=True),
        pipeline=[
            dict(
                backend_args=None,
                coord_type='LIDAR',
                load_dim=5,
                type='LoadPointsFromFile',
                use_dim=5),
            dict(
                backend_args=None,
                load_dim=5,
                pad_empty_sweeps=True,
                remove_close=True,
                sweeps_num=9,
                type='LoadPointsFromMultiSweeps',
                use_dim=5),
            dict(type='PointShuffle'),
            dict(num_points=125000, type='PointSample'),
            dict(
                point_cloud_range=[
                    -54.0,
                    -54.0,
                    -5.0,
                    54.0,
                    54.0,
                    3.0,
                ],
                type='PointsRangeFilter'),
            dict(
                keys=[
                    'img',
                    'points',
                    'gt_bboxes_3d',
                    'gt_labels_3d',
                ],
                meta_keys=[
                    'cam2img',
                    'ori_cam2img',
                    'lidar2cam',
                    'lidar2img',
                    'cam2lidar',
                    'ori_lidar2img',
                    'img_aug_matrix',
                    'box_type_3d',
                    'sample_idx',
                    'lidar_path',
                    'img_path',
                    'num_pts_feats',
                    'num_views',
                ],
                type='Pack3DDetInputs'),
        ],
        test_mode=True,
        type='NuScenesDataset'),
    drop_last=False,
    num_workers=4,
    persistent_workers=True,
    sampler=dict(shuffle=False, type='DefaultSampler'))
test_evaluator = dict(
    ann_file='/media/xavier02/Sparkles1/nuscenes/nuscenes_infos_val.pkl',
    backend_args=None,
    data_root='/media/xavier02/Sparkles1/nuscenes/',
    metric='bbox',
    type='NuScenesMetric')
test_pipeline = [
    dict(
        backend_args=None,
        coord_type='LIDAR',
        load_dim=5,
        type='LoadPointsFromFile',
        use_dim=5),
    dict(
        backend_args=None,
        load_dim=5,
        pad_empty_sweeps=True,
        remove_close=True,
        sweeps_num=9,
        type='LoadPointsFromMultiSweeps',
        use_dim=5),
    dict(type='PointShuffle'),
    dict(num_points=125000, type='PointSample'),
    dict(
        point_cloud_range=[
            -54.0,
            -54.0,
            -5.0,
            54.0,
            54.0,
            3.0,
        ],
        type='PointsRangeFilter'),
    dict(
        keys=[
            'img',
            'points',
            'gt_bboxes_3d',
            'gt_labels_3d',
        ],
        meta_keys=[
            'cam2img',
            'ori_cam2img',
            'lidar2cam',
            'lidar2img',
            'cam2lidar',
            'ori_lidar2img',
            'img_aug_matrix',
            'box_type_3d',
            'sample_idx',
            'lidar_path',
            'img_path',
            'num_pts_feats',
            'num_views',
        ],
        type='Pack3DDetInputs'),
]
train_cfg = dict(by_epoch=True, max_epochs=20, val_interval=5)
train_dataloader = dict(
    batch_size=1,
    dataset=dict(
        dataset=dict(
            ann_file='nuscenes_infos_train.pkl',
            box_type_3d='LiDAR',
            data_prefix=dict(
                CAM_BACK='samples/CAM_BACK',
                CAM_BACK_LEFT='samples/CAM_BACK_LEFT',
                CAM_BACK_RIGHT='samples/CAM_BACK_RIGHT',
                CAM_FRONT='samples/CAM_FRONT',
                CAM_FRONT_LEFT='samples/CAM_FRONT_LEFT',
                CAM_FRONT_RIGHT='samples/CAM_FRONT_RIGHT',
                pts='samples/LIDAR_TOP',
                sweeps='sweeps/LIDAR_TOP'),
            data_root='/media/xavier02/Sparkles1/nuscenes/',
            metainfo=dict(classes=[
                'car',
                'truck',
                'construction_vehicle',
                'bus',
                'trailer',
                'barrier',
                'motorcycle',
                'bicycle',
                'pedestrian',
                'traffic_cone',
            ]),
            modality=dict(use_camera=False, use_lidar=True),
            pipeline=[
                dict(
                    backend_args=None,
                    coord_type='LIDAR',
                    load_dim=5,
                    type='LoadPointsFromFile',
                    use_dim=5),
                dict(
                    backend_args=None,
                    load_dim=5,
                    pad_empty_sweeps=True,
                    remove_close=True,
                    sweeps_num=9,
                    type='LoadPointsFromMultiSweeps',
                    use_dim=5),
                dict(type='PointShuffle'),
                dict(num_points=125000, type='PointSample'),
                dict(
                    type='LoadAnnotations3D',
                    with_attr_label=False,
                    with_bbox_3d=True,
                    with_label_3d=True),
                dict(
                    db_sampler=dict(
                        classes=[
                            'car',
                            'truck',
                            'construction_vehicle',
                            'bus',
                            'trailer',
                            'barrier',
                            'motorcycle',
                            'bicycle',
                            'pedestrian',
                            'traffic_cone',
                        ],
                        data_root='/media/xavier02/Sparkles1/nuscenes/',
                        info_path=
                        '/media/xavier02/Sparkles1/nuscenes/nuscenes_dbinfos_train.pkl',
                        points_loader=dict(
                            backend_args=None,
                            coord_type='LIDAR',
                            load_dim=5,
                            type='LoadPointsFromFile',
                            use_dim=[
                                0,
                                1,
                                2,
                                3,
                                4,
                            ]),
                        prepare=dict(
                            filter_by_difficulty=[
                                -1,
                            ],
                            filter_by_min_points=dict(
                                barrier=5,
                                bicycle=5,
                                bus=5,
                                car=5,
                                construction_vehicle=5,
                                motorcycle=5,
                                pedestrian=5,
                                traffic_cone=5,
                                trailer=5,
                                truck=5)),
                        rate=1.0,
                        sample_groups=dict(
                            barrier=2,
                            bicycle=6,
                            bus=4,
                            car=2,
                            construction_vehicle=7,
                            motorcycle=6,
                            pedestrian=2,
                            traffic_cone=2,
                            trailer=6,
                            truck=3)),
                    type='ObjectSample'),
                dict(
                    rot_range=[
                        -0.78539816,
                        0.78539816,
                    ],
                    scale_ratio_range=[
                        0.9,
                        1.1,
                    ],
                    translation_std=0.5,
                    type='GlobalRotScaleTrans'),
                dict(type='BEVFusionRandomFlip3D'),
                dict(
                    point_cloud_range=[
                        -54.0,
                        -54.0,
                        -5.0,
                        54.0,
                        54.0,
                        3.0,
                    ],
                    type='PointsRangeFilter'),
                dict(
                    point_cloud_range=[
                        -54.0,
                        -54.0,
                        -5.0,
                        54.0,
                        54.0,
                        3.0,
                    ],
                    type='ObjectRangeFilter'),
                dict(
                    classes=[
                        'car',
                        'truck',
                        'construction_vehicle',
                        'bus',
                        'trailer',
                        'barrier',
                        'motorcycle',
                        'bicycle',
                        'pedestrian',
                        'traffic_cone',
                    ],
                    type='ObjectNameFilter'),
                dict(
                    keys=[
                        'points',
                        'img',
                        'gt_bboxes_3d',
                        'gt_labels_3d',
                        'gt_bboxes',
                        'gt_labels',
                    ],
                    meta_keys=[
                        'cam2img',
                        'ori_cam2img',
                        'lidar2cam',
                        'lidar2img',
                        'cam2lidar',
                        'ori_lidar2img',
                        'img_aug_matrix',
                        'box_type_3d',
                        'sample_idx',
                        'lidar_path',
                        'img_path',
                        'transformation_3d_flow',
                        'pcd_rotation',
                        'pcd_scale_factor',
                        'pcd_trans',
                        'img_aug_matrix',
                        'lidar_aug_matrix',
                    ],
                    type='Pack3DDetInputs'),
            ],
            test_mode=False,
            type='NuScenesDataset',
            use_valid_flag=True),
        type='CBGSDataset'),
    num_workers=1,
    persistent_workers=True,
    sampler=dict(shuffle=True, type='DefaultSampler'))
train_pipeline = [
    dict(
        backend_args=None,
        coord_type='LIDAR',
        load_dim=5,
        type='LoadPointsFromFile',
        use_dim=5),
    dict(
        backend_args=None,
        load_dim=5,
        pad_empty_sweeps=True,
        remove_close=True,
        sweeps_num=9,
        type='LoadPointsFromMultiSweeps',
        use_dim=5),
    dict(type='PointShuffle'),
    dict(num_points=125000, type='PointSample'),
    dict(
        type='LoadAnnotations3D',
        with_attr_label=False,
        with_bbox_3d=True,
        with_label_3d=True),
    dict(
        db_sampler=dict(
            classes=[
                'car',
                'truck',
                'construction_vehicle',
                'bus',
                'trailer',
                'barrier',
                'motorcycle',
                'bicycle',
                'pedestrian',
                'traffic_cone',
            ],
            data_root='/media/xavier02/Sparkles1/nuscenes/',
            info_path=
            '/media/xavier02/Sparkles1/nuscenes/nuscenes_dbinfos_train.pkl',
            points_loader=dict(
                backend_args=None,
                coord_type='LIDAR',
                load_dim=5,
                type='LoadPointsFromFile',
                use_dim=[
                    0,
                    1,
                    2,
                    3,
                    4,
                ]),
            prepare=dict(
                filter_by_difficulty=[
                    -1,
                ],
                filter_by_min_points=dict(
                    barrier=5,
                    bicycle=5,
                    bus=5,
                    car=5,
                    construction_vehicle=5,
                    motorcycle=5,
                    pedestrian=5,
                    traffic_cone=5,
                    trailer=5,
                    truck=5)),
            rate=1.0,
            sample_groups=dict(
                barrier=2,
                bicycle=6,
                bus=4,
                car=2,
                construction_vehicle=7,
                motorcycle=6,
                pedestrian=2,
                traffic_cone=2,
                trailer=6,
                truck=3)),
        type='ObjectSample'),
    dict(
        rot_range=[
            -0.78539816,
            0.78539816,
        ],
        scale_ratio_range=[
            0.9,
            1.1,
        ],
        translation_std=0.5,
        type='GlobalRotScaleTrans'),
    dict(type='BEVFusionRandomFlip3D'),
    dict(
        point_cloud_range=[
            -54.0,
            -54.0,
            -5.0,
            54.0,
            54.0,
            3.0,
        ],
        type='PointsRangeFilter'),
    dict(
        point_cloud_range=[
            -54.0,
            -54.0,
            -5.0,
            54.0,
            54.0,
            3.0,
        ],
        type='ObjectRangeFilter'),
    dict(
        classes=[
            'car',
            'truck',
            'construction_vehicle',
            'bus',
            'trailer',
            'barrier',
            'motorcycle',
            'bicycle',
            'pedestrian',
            'traffic_cone',
        ],
        type='ObjectNameFilter'),
    dict(
        keys=[
            'points',
            'img',
            'gt_bboxes_3d',
            'gt_labels_3d',
            'gt_bboxes',
            'gt_labels',
        ],
        meta_keys=[
            'cam2img',
            'ori_cam2img',
            'lidar2cam',
            'lidar2img',
            'cam2lidar',
            'ori_lidar2img',
            'img_aug_matrix',
            'box_type_3d',
            'sample_idx',
            'lidar_path',
            'img_path',
            'transformation_3d_flow',
            'pcd_rotation',
            'pcd_scale_factor',
            'pcd_trans',
            'img_aug_matrix',
            'lidar_aug_matrix',
        ],
        type='Pack3DDetInputs'),
]
val_cfg = dict()
val_dataloader = dict(
    batch_size=1,
    dataset=dict(
        ann_file='nuscenes_infos_val.pkl',
        backend_args=None,
        box_type_3d='LiDAR',
        data_prefix=dict(
            CAM_BACK='samples/CAM_BACK',
            CAM_BACK_LEFT='samples/CAM_BACK_LEFT',
            CAM_BACK_RIGHT='samples/CAM_BACK_RIGHT',
            CAM_FRONT='samples/CAM_FRONT',
            CAM_FRONT_LEFT='samples/CAM_FRONT_LEFT',
            CAM_FRONT_RIGHT='samples/CAM_FRONT_RIGHT',
            pts='samples/LIDAR_TOP',
            sweeps='sweeps/LIDAR_TOP'),
        data_root='/media/xavier02/Sparkles1/nuscenes/',
        metainfo=dict(classes=[
            'car',
            'truck',
            'construction_vehicle',
            'bus',
            'trailer',
            'barrier',
            'motorcycle',
            'bicycle',
            'pedestrian',
            'traffic_cone',
        ]),
        modality=dict(use_camera=False, use_lidar=True),
        pipeline=[
            dict(
                backend_args=None,
                coord_type='LIDAR',
                load_dim=5,
                type='LoadPointsFromFile',
                use_dim=5),
            dict(
                backend_args=None,
                load_dim=5,
                pad_empty_sweeps=True,
                remove_close=True,
                sweeps_num=9,
                type='LoadPointsFromMultiSweeps',
                use_dim=5),
            dict(type='PointShuffle'),
            dict(num_points=125000, type='PointSample'),
            dict(
                point_cloud_range=[
                    -54.0,
                    -54.0,
                    -5.0,
                    54.0,
                    54.0,
                    3.0,
                ],
                type='PointsRangeFilter'),
            dict(
                keys=[
                    'img',
                    'points',
                    'gt_bboxes_3d',
                    'gt_labels_3d',
                ],
                meta_keys=[
                    'cam2img',
                    'ori_cam2img',
                    'lidar2cam',
                    'lidar2img',
                    'cam2lidar',
                    'ori_lidar2img',
                    'img_aug_matrix',
                    'box_type_3d',
                    'sample_idx',
                    'lidar_path',
                    'img_path',
                    'num_pts_feats',
                    'num_views',
                ],
                type='Pack3DDetInputs'),
        ],
        test_mode=True,
        type='NuScenesDataset'),
    drop_last=False,
    num_workers=4,
    persistent_workers=True,
    sampler=dict(shuffle=False, type='DefaultSampler'))
val_evaluator = dict(
    ann_file='/media/xavier02/Sparkles1/nuscenes/nuscenes_infos_val.pkl',
    backend_args=None,
    data_root='/media/xavier02/Sparkles1/nuscenes/',
    metric='bbox',
    type='NuScenesMetric')
vis_backends = [
    dict(type='LocalVisBackend'),
]
visualizer = dict(
    name='visualizer',
    type='Det3DLocalVisualizer',
    vis_backends=[
        dict(type='LocalVisBackend'),
    ])
voxel_size = [
    0.075,
    0.075,
    0.2,
]
work_dir = './work_dirs/bevfusion_lidar_voxel0075_125k'

2024/12/09 07:03:16 - mmengine - INFO - Distributed training is not used, all SyncBatchNorm (SyncBN) layers in the model will be automatically reverted to BatchNormXd layers if they are used.
2024/12/09 07:03:16 - mmengine - INFO - Hooks will be executed in the following order:
before_run:
(VERY_HIGH   ) RuntimeInfoHook                    
(BELOW_NORMAL) LoggerHook                         
 -------------------- 
before_train:
(VERY_HIGH   ) RuntimeInfoHook                    
(NORMAL      ) IterTimerHook                      
(VERY_LOW    ) CheckpointHook                     
 -------------------- 
before_train_epoch:
(VERY_HIGH   ) RuntimeInfoHook                    
(NORMAL      ) IterTimerHook                      
(NORMAL      ) DistSamplerSeedHook                
(NORMAL      ) DisableObjectSampleHook            
 -------------------- 
before_train_iter:
(VERY_HIGH   ) RuntimeInfoHook                    
(NORMAL      ) IterTimerHook                      
 -------------------- 
after_train_iter:
(VERY_HIGH   ) RuntimeInfoHook                    
(NORMAL      ) IterTimerHook                      
(BELOW_NORMAL) LoggerHook                         
(LOW         ) ParamSchedulerHook                 
(VERY_LOW    ) CheckpointHook                     
 -------------------- 
after_train_epoch:
(NORMAL      ) IterTimerHook                      
(LOW         ) ParamSchedulerHook                 
(VERY_LOW    ) CheckpointHook                     
 -------------------- 
before_val:
(VERY_HIGH   ) RuntimeInfoHook                    
 -------------------- 
before_val_epoch:
(NORMAL      ) IterTimerHook                      
 -------------------- 
before_val_iter:
(NORMAL      ) IterTimerHook                      
 -------------------- 
after_val_iter:
(NORMAL      ) IterTimerHook                      
(NORMAL      ) Det3DVisualizationHook             
(BELOW_NORMAL) LoggerHook                         
 -------------------- 
after_val_epoch:
(VERY_HIGH   ) RuntimeInfoHook                    
(NORMAL      ) IterTimerHook                      
(BELOW_NORMAL) LoggerHook                         
(LOW         ) ParamSchedulerHook                 
(VERY_LOW    ) CheckpointHook                     
 -------------------- 
after_val:
(VERY_HIGH   ) RuntimeInfoHook                    
 -------------------- 
after_train:
(VERY_HIGH   ) RuntimeInfoHook                    
(VERY_LOW    ) CheckpointHook                     
 -------------------- 
before_test:
(VERY_HIGH   ) RuntimeInfoHook                    
 -------------------- 
before_test_epoch:
(NORMAL      ) IterTimerHook                      
 -------------------- 
before_test_iter:
(NORMAL      ) IterTimerHook                      
 -------------------- 
after_test_iter:
(NORMAL      ) IterTimerHook                      
(NORMAL      ) Det3DVisualizationHook             
(BELOW_NORMAL) LoggerHook                         
 -------------------- 
after_test_epoch:
(VERY_HIGH   ) RuntimeInfoHook                    
(NORMAL      ) IterTimerHook                      
(BELOW_NORMAL) LoggerHook                         
 -------------------- 
after_test:
(VERY_HIGH   ) RuntimeInfoHook                    
 -------------------- 
after_run:
(BELOW_NORMAL) LoggerHook                         
 -------------------- 
2024/12/09 07:03:57 - mmengine - INFO - ------------------------------
2024/12/09 07:03:57 - mmengine - INFO - The length of test dataset: 6019
2024/12/09 07:03:57 - mmengine - INFO - The number of instances per category in the dataset:
+----------------------+--------+
| category             | number |
+----------------------+--------+
| car                  | 80004  |
| truck                | 15704  |
| construction_vehicle | 2678   |
| bus                  | 3158   |
| trailer              | 4159   |
| barrier              | 26992  |
| motorcycle           | 2508   |
| bicycle              | 2381   |
| pedestrian           | 34347  |
| traffic_cone         | 15597  |
+----------------------+--------+
2024/12/09 07:04:02 - mmengine - INFO - Load checkpoint from projects/BEVFusion/configs/MMCV_Lidar_own.pth
2024/12/09 07:04:34 - mmengine - INFO - Epoch(test) [  50/6019]    eta: 1:02:46  time: 0.6310  data_time: 0.0727  memory: 599  
2024/12/09 07:05:02 - mmengine - INFO - Epoch(test) [ 100/6019]    eta: 0:58:31  time: 0.5555  data_time: 0.0075  memory: 599  
2024/12/09 07:05:28 - mmengine - INFO - Epoch(test) [ 150/6019]    eta: 0:56:04  time: 0.5332  data_time: 0.0072  memory: 599  
2024/12/09 07:05:55 - mmengine - INFO - Epoch(test) [ 200/6019]    eta: 0:54:25  time: 0.5250  data_time: 0.0073  memory: 599  
2024/12/09 07:06:20 - mmengine - INFO - Epoch(test) [ 250/6019]    eta: 0:53:00  time: 0.5119  data_time: 0.0067  memory: 599  
2024/12/09 07:06:45 - mmengine - INFO - Epoch(test) [ 300/6019]    eta: 0:51:43  time: 0.4992  data_time: 0.0078  memory: 599  
2024/12/09 07:07:11 - mmengine - INFO - Epoch(test) [ 350/6019]    eta: 0:50:49  time: 0.5102  data_time: 0.0073  memory: 599  
2024/12/09 07:07:37 - mmengine - INFO - Epoch(test) [ 400/6019]    eta: 0:50:11  time: 0.5214  data_time: 0.0073  memory: 599  
2024/12/09 07:08:02 - mmengine - INFO - Epoch(test) [ 450/6019]    eta: 0:49:30  time: 0.5134  data_time: 0.0070  memory: 599  
2024/12/09 07:08:28 - mmengine - INFO - Epoch(test) [ 500/6019]    eta: 0:48:49  time: 0.5075  data_time: 0.0068  memory: 599  
2024/12/09 07:08:54 - mmengine - INFO - Epoch(test) [ 550/6019]    eta: 0:48:19  time: 0.5231  data_time: 0.0072  memory: 599  
2024/12/09 07:09:21 - mmengine - INFO - Epoch(test) [ 600/6019]    eta: 0:47:54  time: 0.5342  data_time: 0.0077  memory: 599  
2024/12/09 07:09:43 - mmengine - INFO - Epoch(test) [ 650/6019]    eta: 0:46:55  time: 0.4514  data_time: 0.0070  memory: 599  
2024/12/09 07:10:07 - mmengine - INFO - Epoch(test) [ 700/6019]    eta: 0:46:11  time: 0.4785  data_time: 0.0077  memory: 599  
2024/12/09 07:10:32 - mmengine - INFO - Epoch(test) [ 750/6019]    eta: 0:45:36  time: 0.4951  data_time: 0.0072  memory: 599  
2024/12/09 07:10:56 - mmengine - INFO - Epoch(test) [ 800/6019]    eta: 0:44:58  time: 0.4837  data_time: 0.0072  memory: 599  
2024/12/09 07:11:19 - mmengine - INFO - Epoch(test) [ 850/6019]    eta: 0:44:11  time: 0.4469  data_time: 0.0069  memory: 599  
2024/12/09 07:11:43 - mmengine - INFO - Epoch(test) [ 900/6019]    eta: 0:43:40  time: 0.4934  data_time: 0.0078  memory: 599  
2024/12/09 07:12:08 - mmengine - INFO - Epoch(test) [ 950/6019]    eta: 0:43:10  time: 0.4955  data_time: 0.0076  memory: 599  
2024/12/09 07:12:33 - mmengine - INFO - Epoch(test) [1000/6019]    eta: 0:42:41  time: 0.4983  data_time: 0.0075  memory: 599  
2024/12/09 07:12:58 - mmengine - INFO - Epoch(test) [1050/6019]    eta: 0:42:14  time: 0.5019  data_time: 0.0085  memory: 599  
2024/12/09 07:13:23 - mmengine - INFO - Epoch(test) [1100/6019]    eta: 0:41:46  time: 0.5012  data_time: 0.0076  memory: 599  
2024/12/09 07:13:48 - mmengine - INFO - Epoch(test) [1150/6019]    eta: 0:41:17  time: 0.4932  data_time: 0.0076  memory: 599  
2024/12/09 07:14:13 - mmengine - INFO - Epoch(test) [1200/6019]    eta: 0:40:52  time: 0.5074  data_time: 0.0077  memory: 599  
2024/12/09 07:14:39 - mmengine - INFO - Epoch(test) [1250/6019]    eta: 0:40:29  time: 0.5215  data_time: 0.0079  memory: 599  
2024/12/09 07:15:04 - mmengine - INFO - Epoch(test) [1300/6019]    eta: 0:40:01  time: 0.4977  data_time: 0.0077  memory: 599  
2024/12/09 07:15:30 - mmengine - INFO - Epoch(test) [1350/6019]    eta: 0:39:37  time: 0.5147  data_time: 0.0080  memory: 599  
2024/12/09 07:15:54 - mmengine - INFO - Epoch(test) [1400/6019]    eta: 0:39:08  time: 0.4875  data_time: 0.0076  memory: 599  
2024/12/09 07:16:19 - mmengine - INFO - Epoch(test) [1450/6019]    eta: 0:38:40  time: 0.4969  data_time: 0.0072  memory: 599  
2024/12/09 07:16:46 - mmengine - INFO - Epoch(test) [1500/6019]    eta: 0:38:19  time: 0.5327  data_time: 0.0081  memory: 599  
2024/12/09 07:17:11 - mmengine - INFO - Epoch(test) [1550/6019]    eta: 0:37:54  time: 0.5126  data_time: 0.0084  memory: 599  
2024/12/09 07:17:36 - mmengine - INFO - Epoch(test) [1600/6019]    eta: 0:37:25  time: 0.4865  data_time: 0.0084  memory: 599  
2024/12/09 07:18:01 - mmengine - INFO - Epoch(test) [1650/6019]    eta: 0:37:00  time: 0.5068  data_time: 0.0083  memory: 599  
2024/12/09 07:18:26 - mmengine - INFO - Epoch(test) [1700/6019]    eta: 0:36:32  time: 0.4899  data_time: 0.0078  memory: 599  
2024/12/09 07:18:51 - mmengine - INFO - Epoch(test) [1750/6019]    eta: 0:36:06  time: 0.4998  data_time: 0.0077  memory: 599  
2024/12/09 07:19:14 - mmengine - INFO - Epoch(test) [1800/6019]    eta: 0:35:37  time: 0.4790  data_time: 0.0076  memory: 599  
2024/12/09 07:19:40 - mmengine - INFO - Epoch(test) [1850/6019]    eta: 0:35:12  time: 0.5082  data_time: 0.0080  memory: 599  
2024/12/09 07:20:03 - mmengine - INFO - Epoch(test) [1900/6019]    eta: 0:34:42  time: 0.4638  data_time: 0.0072  memory: 599  
2024/12/09 07:20:28 - mmengine - INFO - Epoch(test) [1950/6019]    eta: 0:34:15  time: 0.4888  data_time: 0.0078  memory: 599  
2024/12/09 07:20:53 - mmengine - INFO - Epoch(test) [2000/6019]    eta: 0:33:49  time: 0.5016  data_time: 0.0075  memory: 599  
2024/12/09 07:21:18 - mmengine - INFO - Epoch(test) [2050/6019]    eta: 0:33:24  time: 0.5108  data_time: 0.0081  memory: 599  
2024/12/09 07:21:45 - mmengine - INFO - Epoch(test) [2100/6019]    eta: 0:33:01  time: 0.5285  data_time: 0.0084  memory: 599  
2024/12/09 07:22:10 - mmengine - INFO - Epoch(test) [2150/6019]    eta: 0:32:36  time: 0.5053  data_time: 0.0081  memory: 599  
2024/12/09 07:22:36 - mmengine - INFO - Epoch(test) [2200/6019]    eta: 0:32:12  time: 0.5236  data_time: 0.0084  memory: 599  
2024/12/09 07:23:01 - mmengine - INFO - Epoch(test) [2250/6019]    eta: 0:31:47  time: 0.5065  data_time: 0.0081  memory: 599  
2024/12/09 07:23:25 - mmengine - INFO - Epoch(test) [2300/6019]    eta: 0:31:19  time: 0.4703  data_time: 0.0075  memory: 599  
2024/12/09 07:23:47 - mmengine - INFO - Epoch(test) [2350/6019]    eta: 0:30:48  time: 0.4379  data_time: 0.0072  memory: 599  
2024/12/09 07:24:12 - mmengine - INFO - Epoch(test) [2400/6019]    eta: 0:30:22  time: 0.4935  data_time: 0.0080  memory: 599  
2024/12/09 07:24:35 - mmengine - INFO - Epoch(test) [2450/6019]    eta: 0:29:55  time: 0.4726  data_time: 0.0072  memory: 599  
2024/12/09 07:24:58 - mmengine - INFO - Epoch(test) [2500/6019]    eta: 0:29:27  time: 0.4635  data_time: 0.0075  memory: 599  
2024/12/09 07:25:23 - mmengine - INFO - Epoch(test) [2550/6019]    eta: 0:29:01  time: 0.4928  data_time: 0.0076  memory: 599  
2024/12/09 07:25:46 - mmengine - INFO - Epoch(test) [2600/6019]    eta: 0:28:33  time: 0.4509  data_time: 0.0073  memory: 599  
2024/12/09 07:26:10 - mmengine - INFO - Epoch(test) [2650/6019]    eta: 0:28:07  time: 0.4874  data_time: 0.0080  memory: 599  
2024/12/09 07:26:34 - mmengine - INFO - Epoch(test) [2700/6019]    eta: 0:27:41  time: 0.4898  data_time: 0.0076  memory: 599  
2024/12/09 07:26:58 - mmengine - INFO - Epoch(test) [2750/6019]    eta: 0:27:14  time: 0.4682  data_time: 0.0075  memory: 599  
2024/12/09 07:27:22 - mmengine - INFO - Epoch(test) [2800/6019]    eta: 0:26:49  time: 0.4908  data_time: 0.0079  memory: 599  
2024/12/09 07:27:47 - mmengine - INFO - Epoch(test) [2850/6019]    eta: 0:26:23  time: 0.4844  data_time: 0.0081  memory: 599  
2024/12/09 07:28:10 - mmengine - INFO - Epoch(test) [2900/6019]    eta: 0:25:56  time: 0.4715  data_time: 0.0072  memory: 599  
2024/12/09 07:28:34 - mmengine - INFO - Epoch(test) [2950/6019]    eta: 0:25:30  time: 0.4747  data_time: 0.0079  memory: 599  
2024/12/09 07:28:59 - mmengine - INFO - Epoch(test) [3000/6019]    eta: 0:25:05  time: 0.4912  data_time: 0.0077  memory: 599  
2024/12/09 07:29:23 - mmengine - INFO - Epoch(test) [3050/6019]    eta: 0:24:39  time: 0.4912  data_time: 0.0076  memory: 599  
2024/12/09 07:29:47 - mmengine - INFO - Epoch(test) [3100/6019]    eta: 0:24:13  time: 0.4724  data_time: 0.0082  memory: 599  
2024/12/09 07:30:08 - mmengine - INFO - Epoch(test) [3150/6019]    eta: 0:23:45  time: 0.4248  data_time: 0.0069  memory: 599  
2024/12/09 07:30:32 - mmengine - INFO - Epoch(test) [3200/6019]    eta: 0:23:19  time: 0.4730  data_time: 0.0076  memory: 599  
2024/12/09 07:30:57 - mmengine - INFO - Epoch(test) [3250/6019]    eta: 0:22:54  time: 0.5002  data_time: 0.0081  memory: 599  
2024/12/09 07:31:20 - mmengine - INFO - Epoch(test) [3300/6019]    eta: 0:22:29  time: 0.4765  data_time: 0.0074  memory: 599  
2024/12/09 07:31:43 - mmengine - INFO - Epoch(test) [3350/6019]    eta: 0:22:02  time: 0.4408  data_time: 0.0071  memory: 599  
2024/12/09 07:32:05 - mmengine - INFO - Epoch(test) [3400/6019]    eta: 0:21:35  time: 0.4453  data_time: 0.0069  memory: 599  
2024/12/09 07:32:27 - mmengine - INFO - Epoch(test) [3450/6019]    eta: 0:21:09  time: 0.4454  data_time: 0.0069  memory: 599  
2024/12/09 07:32:50 - mmengine - INFO - Epoch(test) [3500/6019]    eta: 0:20:42  time: 0.4559  data_time: 0.0075  memory: 599  
2024/12/09 07:33:12 - mmengine - INFO - Epoch(test) [3550/6019]    eta: 0:20:16  time: 0.4373  data_time: 0.0069  memory: 599  
2024/12/09 07:33:36 - mmengine - INFO - Epoch(test) [3600/6019]    eta: 0:19:51  time: 0.4799  data_time: 0.0078  memory: 599  
2024/12/09 07:34:00 - mmengine - INFO - Epoch(test) [3650/6019]    eta: 0:19:26  time: 0.4934  data_time: 0.0080  memory: 599  
2024/12/09 07:34:22 - mmengine - INFO - Epoch(test) [3700/6019]    eta: 0:19:00  time: 0.4351  data_time: 0.0070  memory: 599  
2024/12/09 07:34:47 - mmengine - INFO - Epoch(test) [3750/6019]    eta: 0:18:35  time: 0.4916  data_time: 0.0080  memory: 599  
2024/12/09 07:35:13 - mmengine - INFO - Epoch(test) [3800/6019]    eta: 0:18:12  time: 0.5253  data_time: 0.0081  memory: 599  
2024/12/09 07:35:38 - mmengine - INFO - Epoch(test) [3850/6019]    eta: 0:17:47  time: 0.4888  data_time: 0.0076  memory: 599  
2024/12/09 07:36:04 - mmengine - INFO - Epoch(test) [3900/6019]    eta: 0:17:23  time: 0.5290  data_time: 0.0079  memory: 599  
2024/12/09 07:36:30 - mmengine - INFO - Epoch(test) [3950/6019]    eta: 0:16:59  time: 0.5185  data_time: 0.0082  memory: 599  
2024/12/09 07:36:56 - mmengine - INFO - Epoch(test) [4000/6019]    eta: 0:16:35  time: 0.5244  data_time: 0.0082  memory: 599  
2024/12/09 07:37:20 - mmengine - INFO - Epoch(test) [4050/6019]    eta: 0:16:10  time: 0.4719  data_time: 0.0079  memory: 599  
2024/12/09 07:37:44 - mmengine - INFO - Epoch(test) [4100/6019]    eta: 0:15:45  time: 0.4826  data_time: 0.0081  memory: 599  
2024/12/09 07:38:09 - mmengine - INFO - Epoch(test) [4150/6019]    eta: 0:15:21  time: 0.5022  data_time: 0.0079  memory: 599  
2024/12/09 07:38:34 - mmengine - INFO - Epoch(test) [4200/6019]    eta: 0:14:56  time: 0.4954  data_time: 0.0078  memory: 599  
2024/12/09 07:38:58 - mmengine - INFO - Epoch(test) [4250/6019]    eta: 0:14:31  time: 0.4797  data_time: 0.0078  memory: 599  
2024/12/09 07:39:21 - mmengine - INFO - Epoch(test) [4300/6019]    eta: 0:14:06  time: 0.4708  data_time: 0.0078  memory: 599  
2024/12/09 07:39:45 - mmengine - INFO - Epoch(test) [4350/6019]    eta: 0:13:42  time: 0.4837  data_time: 0.0078  memory: 599  
2024/12/09 07:40:10 - mmengine - INFO - Epoch(test) [4400/6019]    eta: 0:13:17  time: 0.4965  data_time: 0.0085  memory: 599  
2024/12/09 07:40:35 - mmengine - INFO - Epoch(test) [4450/6019]    eta: 0:12:52  time: 0.4926  data_time: 0.0078  memory: 599  
2024/12/09 07:40:59 - mmengine - INFO - Epoch(test) [4500/6019]    eta: 0:12:28  time: 0.4817  data_time: 0.0080  memory: 599  
2024/12/09 07:41:24 - mmengine - INFO - Epoch(test) [4550/6019]    eta: 0:12:03  time: 0.4941  data_time: 0.0081  memory: 599  
2024/12/09 07:41:49 - mmengine - INFO - Epoch(test) [4600/6019]    eta: 0:11:38  time: 0.4995  data_time: 0.0074  memory: 599  
2024/12/09 07:42:14 - mmengine - INFO - Epoch(test) [4650/6019]    eta: 0:11:14  time: 0.5035  data_time: 0.0078  memory: 599  
2024/12/09 07:42:39 - mmengine - INFO - Epoch(test) [4700/6019]    eta: 0:10:49  time: 0.5045  data_time: 0.0079  memory: 599  
2024/12/09 07:43:05 - mmengine - INFO - Epoch(test) [4750/6019]    eta: 0:10:25  time: 0.5080  data_time: 0.0078  memory: 599  
2024/12/09 07:43:30 - mmengine - INFO - Epoch(test) [4800/6019]    eta: 0:10:01  time: 0.5067  data_time: 0.0079  memory: 599  
2024/12/09 07:43:54 - mmengine - INFO - Epoch(test) [4850/6019]    eta: 0:09:36  time: 0.4893  data_time: 0.0077  memory: 599  
2024/12/09 07:44:19 - mmengine - INFO - Epoch(test) [4900/6019]    eta: 0:09:11  time: 0.4904  data_time: 0.0078  memory: 599  
2024/12/09 07:44:43 - mmengine - INFO - Epoch(test) [4950/6019]    eta: 0:08:46  time: 0.4850  data_time: 0.0079  memory: 599  
2024/12/09 07:45:08 - mmengine - INFO - Epoch(test) [5000/6019]    eta: 0:08:22  time: 0.4973  data_time: 0.0077  memory: 599  
2024/12/09 07:45:32 - mmengine - INFO - Epoch(test) [5050/6019]    eta: 0:07:57  time: 0.4800  data_time: 0.0076  memory: 599  
2024/12/09 07:45:56 - mmengine - INFO - Epoch(test) [5100/6019]    eta: 0:07:32  time: 0.4828  data_time: 0.0077  memory: 599  
2024/12/09 07:46:22 - mmengine - INFO - Epoch(test) [5150/6019]    eta: 0:07:08  time: 0.5192  data_time: 0.0082  memory: 599  
2024/12/09 07:46:46 - mmengine - INFO - Epoch(test) [5200/6019]    eta: 0:06:43  time: 0.4817  data_time: 0.0082  memory: 599  
2024/12/09 07:47:11 - mmengine - INFO - Epoch(test) [5250/6019]    eta: 0:06:18  time: 0.4860  data_time: 0.0078  memory: 599  
2024/12/09 07:47:34 - mmengine - INFO - Epoch(test) [5300/6019]    eta: 0:05:54  time: 0.4587  data_time: 0.0078  memory: 599  
2024/12/09 07:47:57 - mmengine - INFO - Epoch(test) [5350/6019]    eta: 0:05:29  time: 0.4700  data_time: 0.0079  memory: 599  
2024/12/09 07:48:21 - mmengine - INFO - Epoch(test) [5400/6019]    eta: 0:05:04  time: 0.4878  data_time: 0.0079  memory: 599  
2024/12/09 07:48:46 - mmengine - INFO - Epoch(test) [5450/6019]    eta: 0:04:40  time: 0.4817  data_time: 0.0078  memory: 599  
2024/12/09 07:49:11 - mmengine - INFO - Epoch(test) [5500/6019]    eta: 0:04:15  time: 0.4997  data_time: 0.0076  memory: 599  
2024/12/09 07:49:36 - mmengine - INFO - Epoch(test) [5550/6019]    eta: 0:03:50  time: 0.5032  data_time: 0.0073  memory: 599  
2024/12/09 07:50:01 - mmengine - INFO - Epoch(test) [5600/6019]    eta: 0:03:26  time: 0.5096  data_time: 0.0078  memory: 599  
2024/12/09 07:50:26 - mmengine - INFO - Epoch(test) [5650/6019]    eta: 0:03:01  time: 0.5009  data_time: 0.0076  memory: 599  
2024/12/09 07:50:52 - mmengine - INFO - Epoch(test) [5700/6019]    eta: 0:02:37  time: 0.5230  data_time: 0.0078  memory: 599  
2024/12/09 07:51:18 - mmengine - INFO - Epoch(test) [5750/6019]    eta: 0:02:12  time: 0.5193  data_time: 0.0080  memory: 599  
2024/12/09 07:51:43 - mmengine - INFO - Epoch(test) [5800/6019]    eta: 0:01:47  time: 0.4841  data_time: 0.0074  memory: 599  
2024/12/09 07:52:08 - mmengine - INFO - Epoch(test) [5850/6019]    eta: 0:01:23  time: 0.5144  data_time: 0.0079  memory: 599  
2024/12/09 07:52:35 - mmengine - INFO - Epoch(test) [5900/6019]    eta: 0:00:58  time: 0.5306  data_time: 0.0080  memory: 599  
2024/12/09 07:53:01 - mmengine - INFO - Epoch(test) [5950/6019]    eta: 0:00:34  time: 0.5234  data_time: 0.0081  memory: 599  
2024/12/09 07:53:25 - mmengine - INFO - Epoch(test) [6000/6019]    eta: 0:00:09  time: 0.4812  data_time: 0.0077  memory: 599  
2024/12/09 08:20:49 - mmengine - INFO - Epoch(test) [6019/6019]    NuScenes metric/pred_instances_3d_NuScenes/car_AP_dist_0.5: 0.7239  NuScenes metric/pred_instances_3d_NuScenes/car_AP_dist_1.0: 0.8293  NuScenes metric/pred_instances_3d_NuScenes/car_AP_dist_2.0: 0.8658  NuScenes metric/pred_instances_3d_NuScenes/car_AP_dist_4.0: 0.8803  NuScenes metric/pred_instances_3d_NuScenes/car_trans_err: 0.1871  NuScenes metric/pred_instances_3d_NuScenes/car_scale_err: 0.1562  NuScenes metric/pred_instances_3d_NuScenes/car_orient_err: 0.1355  NuScenes metric/pred_instances_3d_NuScenes/car_vel_err: 0.3200  NuScenes metric/pred_instances_3d_NuScenes/car_attr_err: 0.1917  NuScenes metric/pred_instances_3d_NuScenes/mATE: 0.2948  NuScenes metric/pred_instances_3d_NuScenes/mASE: 0.2603  NuScenes metric/pred_instances_3d_NuScenes/mAOE: 0.3528  NuScenes metric/pred_instances_3d_NuScenes/mAVE: 0.3082  NuScenes metric/pred_instances_3d_NuScenes/mAAE: 0.1930  NuScenes metric/pred_instances_3d_NuScenes/truck_AP_dist_0.5: 0.3697  NuScenes metric/pred_instances_3d_NuScenes/truck_AP_dist_1.0: 0.5447  NuScenes metric/pred_instances_3d_NuScenes/truck_AP_dist_2.0: 0.6184  NuScenes metric/pred_instances_3d_NuScenes/truck_AP_dist_4.0: 0.6562  NuScenes metric/pred_instances_3d_NuScenes/truck_trans_err: 0.3223  NuScenes metric/pred_instances_3d_NuScenes/truck_scale_err: 0.1849  NuScenes metric/pred_instances_3d_NuScenes/truck_orient_err: 0.1460  NuScenes metric/pred_instances_3d_NuScenes/truck_vel_err: 0.2882  NuScenes metric/pred_instances_3d_NuScenes/truck_attr_err: 0.2294  NuScenes metric/pred_instances_3d_NuScenes/construction_vehicle_AP_dist_0.5: 0.0150  NuScenes metric/pred_instances_3d_NuScenes/construction_vehicle_AP_dist_1.0: 0.0853  NuScenes metric/pred_instances_3d_NuScenes/construction_vehicle_AP_dist_2.0: 0.1865  NuScenes metric/pred_instances_3d_NuScenes/construction_vehicle_AP_dist_4.0: 0.2682  NuScenes metric/pred_instances_3d_NuScenes/construction_vehicle_trans_err: 0.7222  NuScenes metric/pred_instances_3d_NuScenes/construction_vehicle_scale_err: 0.4582  NuScenes metric/pred_instances_3d_NuScenes/construction_vehicle_orient_err: 0.9442  NuScenes metric/pred_instances_3d_NuScenes/construction_vehicle_vel_err: 0.1344  NuScenes metric/pred_instances_3d_NuScenes/construction_vehicle_attr_err: 0.3302  NuScenes metric/pred_instances_3d_NuScenes/bus_AP_dist_0.5: 0.3856  NuScenes metric/pred_instances_3d_NuScenes/bus_AP_dist_1.0: 0.6662  NuScenes metric/pred_instances_3d_NuScenes/bus_AP_dist_2.0: 0.7863  NuScenes metric/pred_instances_3d_NuScenes/bus_AP_dist_4.0: 0.8090  NuScenes metric/pred_instances_3d_NuScenes/bus_trans_err: 0.3477  NuScenes metric/pred_instances_3d_NuScenes/bus_scale_err: 0.1947  NuScenes metric/pred_instances_3d_NuScenes/bus_orient_err: 0.0808  NuScenes metric/pred_instances_3d_NuScenes/bus_vel_err: 0.5027  NuScenes metric/pred_instances_3d_NuScenes/bus_attr_err: 0.2456  NuScenes metric/pred_instances_3d_NuScenes/trailer_AP_dist_0.5: 0.0917  NuScenes metric/pred_instances_3d_NuScenes/trailer_AP_dist_1.0: 0.3072  NuScenes metric/pred_instances_3d_NuScenes/trailer_AP_dist_2.0: 0.4147  NuScenes metric/pred_instances_3d_NuScenes/trailer_AP_dist_4.0: 0.4966  NuScenes metric/pred_instances_3d_NuScenes/trailer_trans_err: 0.5011  NuScenes metric/pred_instances_3d_NuScenes/trailer_scale_err: 0.2069  NuScenes metric/pred_instances_3d_NuScenes/trailer_orient_err: 0.5795  NuScenes metric/pred_instances_3d_NuScenes/trailer_vel_err: 0.2440  NuScenes metric/pred_instances_3d_NuScenes/trailer_attr_err: 0.1837  NuScenes metric/pred_instances_3d_NuScenes/barrier_AP_dist_0.5: 0.5693  NuScenes metric/pred_instances_3d_NuScenes/barrier_AP_dist_1.0: 0.6725  NuScenes metric/pred_instances_3d_NuScenes/barrier_AP_dist_2.0: 0.7138  NuScenes metric/pred_instances_3d_NuScenes/barrier_AP_dist_4.0: 0.7269  NuScenes metric/pred_instances_3d_NuScenes/barrier_trans_err: 0.1994  NuScenes metric/pred_instances_3d_NuScenes/barrier_scale_err: 0.2820  NuScenes metric/pred_instances_3d_NuScenes/barrier_orient_err: 0.0668  NuScenes metric/pred_instances_3d_NuScenes/barrier_vel_err: nan  NuScenes metric/pred_instances_3d_NuScenes/barrier_attr_err: nan  NuScenes metric/pred_instances_3d_NuScenes/motorcycle_AP_dist_0.5: 0.3724  NuScenes metric/pred_instances_3d_NuScenes/motorcycle_AP_dist_1.0: 0.4240  NuScenes metric/pred_instances_3d_NuScenes/motorcycle_AP_dist_2.0: 0.4357  NuScenes metric/pred_instances_3d_NuScenes/motorcycle_AP_dist_4.0: 0.4411  NuScenes metric/pred_instances_3d_NuScenes/motorcycle_trans_err: 0.2067  NuScenes metric/pred_instances_3d_NuScenes/motorcycle_scale_err: 0.2364  NuScenes metric/pred_instances_3d_NuScenes/motorcycle_orient_err: 0.3054  NuScenes metric/pred_instances_3d_NuScenes/motorcycle_vel_err: 0.5266  NuScenes metric/pred_instances_3d_NuScenes/motorcycle_attr_err: 0.2429  NuScenes metric/pred_instances_3d_NuScenes/bicycle_AP_dist_0.5: 0.2974  NuScenes metric/pred_instances_3d_NuScenes/bicycle_AP_dist_1.0: 0.3057  NuScenes metric/pred_instances_3d_NuScenes/bicycle_AP_dist_2.0: 0.3066  NuScenes metric/pred_instances_3d_NuScenes/bicycle_AP_dist_4.0: 0.3092  NuScenes metric/pred_instances_3d_NuScenes/bicycle_trans_err: 0.1706  NuScenes metric/pred_instances_3d_NuScenes/bicycle_scale_err: 0.2647  NuScenes metric/pred_instances_3d_NuScenes/bicycle_orient_err: 0.4990  NuScenes metric/pred_instances_3d_NuScenes/bicycle_vel_err: 0.1964  NuScenes metric/pred_instances_3d_NuScenes/bicycle_attr_err: 0.0179  NuScenes metric/pred_instances_3d_NuScenes/pedestrian_AP_dist_0.5: 0.7774  NuScenes metric/pred_instances_3d_NuScenes/pedestrian_AP_dist_1.0: 0.7933  NuScenes metric/pred_instances_3d_NuScenes/pedestrian_AP_dist_2.0: 0.8072  NuScenes metric/pred_instances_3d_NuScenes/pedestrian_AP_dist_4.0: 0.8231  NuScenes metric/pred_instances_3d_NuScenes/pedestrian_trans_err: 0.1475  NuScenes metric/pred_instances_3d_NuScenes/pedestrian_scale_err: 0.2841  NuScenes metric/pred_instances_3d_NuScenes/pedestrian_orient_err: 0.4176  NuScenes metric/pred_instances_3d_NuScenes/pedestrian_vel_err: 0.2530  NuScenes metric/pred_instances_3d_NuScenes/pedestrian_attr_err: 0.1025  NuScenes metric/pred_instances_3d_NuScenes/traffic_cone_AP_dist_0.5: 0.5965  NuScenes metric/pred_instances_3d_NuScenes/traffic_cone_AP_dist_1.0: 0.6094  NuScenes metric/pred_instances_3d_NuScenes/traffic_cone_AP_dist_2.0: 0.6295  NuScenes metric/pred_instances_3d_NuScenes/traffic_cone_AP_dist_4.0: 0.6647  NuScenes metric/pred_instances_3d_NuScenes/traffic_cone_trans_err: 0.1433  NuScenes metric/pred_instances_3d_NuScenes/traffic_cone_scale_err: 0.3345  NuScenes metric/pred_instances_3d_NuScenes/traffic_cone_orient_err: nan  NuScenes metric/pred_instances_3d_NuScenes/traffic_cone_vel_err: nan  NuScenes metric/pred_instances_3d_NuScenes/traffic_cone_attr_err: nan  NuScenes metric/pred_instances_3d_NuScenes/NDS: 0.6251  NuScenes metric/pred_instances_3d_NuScenes/mAP: 0.5319  data_time: 0.0082  time: 0.4936
