2024/12/05 06:42:35 - mmengine - INFO - 
------------------------------------------------------------
System environment:
    sys.platform: linux
    Python: 3.8.10 (default, Jul 29 2024, 17:02:10) [GCC 9.4.0]
    CUDA available: True
    MUSA available: False
    numpy_random_seed: 1646714792
    GPU 0: Xavier
    CUDA_HOME: /usr/local/cuda-11.4
    NVCC: Cuda compilation tools, release 11.4, V11.4.315
    GCC: aarch64-linux-gnu-gcc (Ubuntu 9.4.0-1ubuntu1~20.04.2) 9.4.0
    PyTorch: 1.11.0
    PyTorch compiling details: PyTorch built with:
  - GCC 9.4
  - C++ Version: 201402
  - OpenMP 201511 (a.k.a. OpenMP 4.5)
  - LAPACK is enabled (usually provided by MKL)
  - NNPACK is enabled
  - CPU capability usage: NO AVX
  - CUDA Runtime 11.4
  - NVCC architecture flags: -gencode;arch=compute_72,code=sm_72;-gencode;arch=compute_87,code=sm_87
  - CuDNN 8.6
    - Built with CuDNN 8.3.2
  - Build settings: BLAS_INFO=open, BUILD_TYPE=Release, CUDA_VERSION=11.4, CUDNN_VERSION=8.3.2, CXX_COMPILER=/usr/bin/c++, CXX_FLAGS= -Wno-deprecated -fvisibility-inlines-hidden -DUSE_PTHREADPOOL -fopenmp -DNDEBUG -DUSE_KINETO -DLIBKINETO_NOCUPTI -DUSE_XNNPACK -DSYMBOLICATE_MOBILE_DEBUG_HANDLE -DEDGE_PROFILER_USE_KINETO -O2 -fPIC -Wno-narrowing -Wall -Wextra -Werror=return-type -Wno-missing-field-initializers -Wno-type-limits -Wno-array-bounds -Wno-unknown-pragmas -Wno-sign-compare -Wno-unused-parameter -Wno-unused-function -Wno-unused-result -Wno-unused-local-typedefs -Wno-strict-overflow -Wno-strict-aliasing -Wno-error=deprecated-declarations -Wno-stringop-overflow -Wno-psabi -Wno-error=pedantic -Wno-error=redundant-decls -Wno-error=old-style-cast -fdiagnostics-color=always -faligned-new -Wno-unused-but-set-variable -Wno-maybe-uninitialized -fno-math-errno -fno-trapping-math -Werror=format -Werror=cast-function-type -Wno-stringop-overflow, FORCE_FALLBACK_CUDA_MPI=1, LAPACK_INFO=open, TORCH_VERSION=1.11.0, USE_CUDA=ON, USE_CUDNN=ON, USE_EIGEN_FOR_BLAS=ON, USE_EXCEPTION_PTR=1, USE_GFLAGS=OFF, USE_GLOG=OFF, USE_MKL=OFF, USE_MKLDNN=OFF, USE_MPI=ON, USE_NCCL=0, USE_NNPACK=ON, USE_OPENMP=ON, USE_ROCM=OFF, 

    TorchVision: 0.12.0
    OpenCV: 4.10.0
    MMEngine: 0.10.5

Runtime environment:
    cudnn_benchmark: False
    mp_cfg: {'mp_start_method': 'fork', 'opencv_num_threads': 0}
    dist_cfg: {'backend': 'nccl'}
    seed: 1646714792
    Distributed launcher: none
    Distributed training: False
    GPU number: 1
------------------------------------------------------------

2024/12/05 06:42:37 - mmengine - INFO - Config:
auto_scale_lr = dict(base_batch_size=32, enable=False)
backend_args = None
class_names = [
    'car',
    'truck',
    'construction_vehicle',
    'bus',
    'trailer',
    'barrier',
    'motorcycle',
    'bicycle',
    'pedestrian',
    'traffic_cone',
]
custom_imports = dict(
    allow_failed_imports=False, imports=[
        'projects.BEVFusion.bevfusion',
    ])
data_prefix = dict(
    CAM_BACK='samples/CAM_BACK',
    CAM_BACK_LEFT='samples/CAM_BACK_LEFT',
    CAM_BACK_RIGHT='samples/CAM_BACK_RIGHT',
    CAM_FRONT='samples/CAM_FRONT',
    CAM_FRONT_LEFT='samples/CAM_FRONT_LEFT',
    CAM_FRONT_RIGHT='samples/CAM_FRONT_RIGHT',
    pts='samples/LIDAR_TOP',
    sweeps='sweeps/LIDAR_TOP')
data_root = '/media/xavier02/Sparkles1/nuscenes/'
dataset_type = 'NuScenesDataset'
db_sampler = dict(
    classes=[
        'car',
        'truck',
        'construction_vehicle',
        'bus',
        'trailer',
        'barrier',
        'motorcycle',
        'bicycle',
        'pedestrian',
        'traffic_cone',
    ],
    data_root='/media/xavier02/Sparkles1/nuscenes/',
    info_path='/media/xavier02/Sparkles1/nuscenes/nuscenes_dbinfos_train.pkl',
    points_loader=dict(
        backend_args=None,
        coord_type='LIDAR',
        load_dim=5,
        type='LoadPointsFromFile',
        use_dim=[
            0,
            1,
            2,
            3,
            4,
        ]),
    prepare=dict(
        filter_by_difficulty=[
            -1,
        ],
        filter_by_min_points=dict(
            barrier=5,
            bicycle=5,
            bus=5,
            car=5,
            construction_vehicle=5,
            motorcycle=5,
            pedestrian=5,
            traffic_cone=5,
            trailer=5,
            truck=5)),
    rate=1.0,
    sample_groups=dict(
        barrier=2,
        bicycle=6,
        bus=4,
        car=2,
        construction_vehicle=7,
        motorcycle=6,
        pedestrian=2,
        traffic_cone=2,
        trailer=6,
        truck=3))
default_hooks = dict(
    checkpoint=dict(interval=1, type='CheckpointHook'),
    logger=dict(interval=50, type='LoggerHook'),
    param_scheduler=dict(type='ParamSchedulerHook'),
    sampler_seed=dict(type='DistSamplerSeedHook'),
    timer=dict(type='IterTimerHook'),
    visualization=dict(type='Det3DVisualizationHook'))
default_scope = 'mmdet3d'
env_cfg = dict(
    cudnn_benchmark=False,
    dist_cfg=dict(backend='nccl'),
    mp_cfg=dict(mp_start_method='fork', opencv_num_threads=0))
input_modality = dict(use_camera=True, use_lidar=True)
launcher = 'none'
load_from = '/media/xavier02/xavier_ssd_500/mmdetection3d_source/mmdetection3d-main/projects/BEVFusion/configs/Cam_Lidar_wResnet18_checkpoint.pth'
log_level = 'INFO'
log_processor = dict(by_epoch=True, type='LogProcessor', window_size=50)
lr = 0.0001
metainfo = dict(classes=[
    'car',
    'truck',
    'construction_vehicle',
    'bus',
    'trailer',
    'barrier',
    'motorcycle',
    'bicycle',
    'pedestrian',
    'traffic_cone',
])
model = dict(
    bbox_head=dict(
        auxiliary=True,
        bbox_coder=dict(
            code_size=10,
            out_size_factor=8,
            pc_range=[
                -54.0,
                -54.0,
            ],
            post_center_range=[
                -61.2,
                -61.2,
                -10.0,
                61.2,
                61.2,
                10.0,
            ],
            score_threshold=0.0,
            type='TransFusionBBoxCoder',
            voxel_size=[
                0.075,
                0.075,
            ]),
        bn_momentum=0.1,
        common_heads=dict(
            center=[
                2,
                2,
            ],
            dim=[
                3,
                2,
            ],
            height=[
                1,
                2,
            ],
            rot=[
                2,
                2,
            ],
            vel=[
                2,
                2,
            ]),
        decoder_layer=dict(
            cross_attn_cfg=dict(dropout=0.1, embed_dims=128, num_heads=8),
            ffn_cfg=dict(
                act_cfg=dict(inplace=True, type='ReLU'),
                embed_dims=128,
                feedforward_channels=256,
                ffn_drop=0.1,
                num_fcs=2),
            norm_cfg=dict(type='LN'),
            pos_encoding_cfg=dict(input_channel=2, num_pos_feats=128),
            self_attn_cfg=dict(dropout=0.1, embed_dims=128, num_heads=8),
            type='TransformerDecoderLayer'),
        hidden_channel=128,
        in_channels=512,
        loss_bbox=dict(
            loss_weight=0.25, reduction='mean', type='mmdet.L1Loss'),
        loss_cls=dict(
            alpha=0.25,
            gamma=2.0,
            loss_weight=1.0,
            reduction='mean',
            type='mmdet.FocalLoss',
            use_sigmoid=True),
        loss_heatmap=dict(
            loss_weight=1.0, reduction='mean', type='mmdet.GaussianFocalLoss'),
        nms_kernel_size=3,
        num_classes=10,
        num_decoder_layers=1,
        num_proposals=200,
        test_cfg=dict(
            dataset='nuScenes',
            grid_size=[
                1440,
                1440,
                41,
            ],
            nms_type=None,
            out_size_factor=8,
            pc_range=[
                -54.0,
                -54.0,
            ],
            voxel_size=[
                0.075,
                0.075,
            ]),
        train_cfg=dict(
            assigner=dict(
                cls_cost=dict(
                    alpha=0.25,
                    gamma=2.0,
                    type='mmdet.FocalLossCost',
                    weight=0.15),
                iou_calculator=dict(coordinate='lidar', type='BboxOverlaps3D'),
                iou_cost=dict(type='IoU3DCost', weight=0.25),
                reg_cost=dict(type='BBoxBEVL1Cost', weight=0.25),
                type='HungarianAssigner3D'),
            code_weights=[
                1.0,
                1.0,
                1.0,
                1.0,
                1.0,
                1.0,
                1.0,
                1.0,
                0.2,
                0.2,
            ],
            dataset='nuScenes',
            gaussian_overlap=0.1,
            grid_size=[
                1440,
                1440,
                41,
            ],
            min_radius=2,
            out_size_factor=8,
            point_cloud_range=[
                -54.0,
                -54.0,
                -5.0,
                54.0,
                54.0,
                3.0,
            ],
            pos_weight=-1,
            voxel_size=[
                0.075,
                0.075,
                0.2,
            ]),
        type='TransFusionHead'),
    data_preprocessor=dict(
        bgr_to_rgb=False,
        mean=[
            123.675,
            116.28,
            103.53,
        ],
        pad_size_divisor=32,
        std=[
            58.395,
            57.12,
            57.375,
        ],
        type='Det3DDataPreprocessor',
        voxelize_cfg=dict(
            max_num_points=10,
            max_voxels=[
                120000,
                160000,
            ],
            point_cloud_range=[
                -54.0,
                -54.0,
                -5.0,
                54.0,
                54.0,
                3.0,
            ],
            voxel_size=[
                0.075,
                0.075,
                0.2,
            ],
            voxelize_reduce=True)),
    fusion_layer=dict(
        in_channels=[
            80,
            256,
        ], out_channels=256, type='ConvFuser'),
    img_backbone=dict(
        depth=50,
        frozen_stages=1,
        init_cfg=dict(
            checkpoint=
            '/media/xavier02/xavier_ssd_500/mmdetection3d_source/mmdetection3d-main/projects/BEVFusion/configs/resnet50.pth',
            type='Pretrained'),
        norm_cfg=dict(requires_grad=True, type='BN'),
        norm_eval=True,
        num_stages=4,
        out_indices=(
            0,
            1,
            2,
            3,
        ),
        style='pytorch',
        type='mmdet.ResNet'),
    img_neck=dict(
        act_cfg=dict(inplace=True, type='ReLU'),
        in_channels=[
            256,
            512,
            1024,
            2048,
        ],
        norm_cfg=dict(requires_grad=True, type='BN2d'),
        num_outs=3,
        out_channels=256,
        start_level=0,
        type='GeneralizedLSSFPN_2',
        upsample_cfg=dict(align_corners=False, mode='bilinear')),
    pts_backbone=dict(
        conv_cfg=dict(bias=False, type='Conv2d'),
        in_channels=256,
        layer_nums=[
            5,
            5,
        ],
        layer_strides=[
            1,
            2,
        ],
        norm_cfg=dict(eps=0.001, momentum=0.01, type='BN'),
        out_channels=[
            128,
            256,
        ],
        type='SECOND'),
    pts_middle_encoder=dict(
        block_type='basicblock',
        encoder_channels=(
            (
                16,
                16,
                32,
            ),
            (
                32,
                32,
                64,
            ),
            (
                64,
                64,
                128,
            ),
            (
                128,
                128,
            ),
        ),
        encoder_paddings=(
            (
                0,
                0,
                1,
            ),
            (
                0,
                0,
                1,
            ),
            (
                0,
                0,
                (
                    1,
                    1,
                    0,
                ),
            ),
            (
                0,
                0,
            ),
        ),
        in_channels=5,
        norm_cfg=dict(eps=0.001, momentum=0.01, type='BN1d'),
        order=(
            'conv',
            'norm',
            'act',
        ),
        sparse_shape=[
            1440,
            1440,
            41,
        ],
        type='BEVFusionSparseEncoder'),
    pts_neck=dict(
        in_channels=[
            128,
            256,
        ],
        norm_cfg=dict(eps=0.001, momentum=0.01, type='BN'),
        out_channels=[
            256,
            256,
        ],
        type='SECONDFPN',
        upsample_cfg=dict(bias=False, type='deconv'),
        upsample_strides=[
            1,
            2,
        ],
        use_conv_for_no_stride=True),
    pts_voxel_encoder=dict(num_features=5, type='HardSimpleVFE'),
    type='BEVFusion',
    view_transform=dict(
        dbound=[
            1.0,
            60.0,
            0.5,
        ],
        downsample=2,
        feature_size=[
            32,
            88,
        ],
        image_size=[
            256,
            704,
        ],
        in_channels=256,
        out_channels=80,
        type='DepthLSSTransform',
        xbound=[
            -54.0,
            54.0,
            0.3,
        ],
        ybound=[
            -54.0,
            54.0,
            0.3,
        ],
        zbound=[
            -10.0,
            10.0,
            20.0,
        ]))
optim_wrapper = dict(
    clip_grad=dict(max_norm=35, norm_type=2),
    optimizer=dict(lr=0.0002, type='AdamW', weight_decay=0.01),
    type='OptimWrapper')
param_scheduler = [
    dict(
        begin=0,
        by_epoch=False,
        end=500,
        start_factor=0.33333333,
        type='LinearLR'),
    dict(
        T_max=6,
        begin=0,
        by_epoch=True,
        convert_to_iter_based=True,
        end=6,
        eta_min_ratio=0.0001,
        type='CosineAnnealingLR'),
    dict(
        begin=0,
        by_epoch=True,
        convert_to_iter_based=True,
        end=2.4,
        eta_min=0.8947368421052632,
        type='CosineAnnealingMomentum'),
    dict(
        begin=2.4,
        by_epoch=True,
        convert_to_iter_based=True,
        end=6,
        eta_min=1,
        type='CosineAnnealingMomentum'),
]
point_cloud_range = [
    -54.0,
    -54.0,
    -5.0,
    54.0,
    54.0,
    3.0,
]
resume = False
test_cfg = dict()
test_dataloader = dict(
    batch_size=1,
    dataset=dict(
        ann_file='nuscenes_infos_val.pkl',
        backend_args=None,
        box_type_3d='LiDAR',
        data_prefix=dict(
            CAM_BACK='samples/CAM_BACK',
            CAM_BACK_LEFT='samples/CAM_BACK_LEFT',
            CAM_BACK_RIGHT='samples/CAM_BACK_RIGHT',
            CAM_FRONT='samples/CAM_FRONT',
            CAM_FRONT_LEFT='samples/CAM_FRONT_LEFT',
            CAM_FRONT_RIGHT='samples/CAM_FRONT_RIGHT',
            pts='samples/LIDAR_TOP',
            sweeps='sweeps/LIDAR_TOP'),
        data_root='/media/xavier02/Sparkles1/nuscenes/',
        metainfo=dict(classes=[
            'car',
            'truck',
            'construction_vehicle',
            'bus',
            'trailer',
            'barrier',
            'motorcycle',
            'bicycle',
            'pedestrian',
            'traffic_cone',
        ]),
        modality=dict(use_camera=True, use_lidar=True),
        pipeline=[
            dict(
                backend_args=None,
                color_type='color',
                to_float32=True,
                type='BEVLoadMultiViewImageFromFiles'),
            dict(
                backend_args=None,
                coord_type='LIDAR',
                load_dim=5,
                type='LoadPointsFromFile',
                use_dim=5),
            dict(
                backend_args=None,
                load_dim=5,
                pad_empty_sweeps=True,
                remove_close=True,
                sweeps_num=9,
                type='LoadPointsFromMultiSweeps',
                use_dim=5),
            dict(
                bot_pct_lim=[
                    0.0,
                    0.0,
                ],
                final_dim=[
                    256,
                    704,
                ],
                is_train=False,
                rand_flip=False,
                resize_lim=[
                    0.48,
                    0.48,
                ],
                rot_lim=[
                    0.0,
                    0.0,
                ],
                type='ImageAug3D'),
            dict(
                point_cloud_range=[
                    -54.0,
                    -54.0,
                    -5.0,
                    54.0,
                    54.0,
                    3.0,
                ],
                type='PointsRangeFilter'),
            dict(
                keys=[
                    'img',
                    'points',
                    'gt_bboxes_3d',
                    'gt_labels_3d',
                ],
                meta_keys=[
                    'cam2img',
                    'ori_cam2img',
                    'lidar2cam',
                    'lidar2img',
                    'cam2lidar',
                    'ori_lidar2img',
                    'img_aug_matrix',
                    'box_type_3d',
                    'sample_idx',
                    'lidar_path',
                    'img_path',
                    'num_pts_feats',
                ],
                type='Pack3DDetInputs'),
        ],
        test_mode=True,
        type='NuScenesDataset'),
    drop_last=False,
    num_workers=1,
    persistent_workers=True,
    sampler=dict(shuffle=False, type='DefaultSampler'))
test_evaluator = dict(
    ann_file='/media/xavier02/Sparkles1/nuscenes/nuscenes_infos_val.pkl',
    backend_args=None,
    data_root='/media/xavier02/Sparkles1/nuscenes/',
    metric='bbox',
    type='NuScenesMetric')
test_pipeline = [
    dict(
        backend_args=None,
        color_type='color',
        to_float32=True,
        type='BEVLoadMultiViewImageFromFiles'),
    dict(
        backend_args=None,
        coord_type='LIDAR',
        load_dim=5,
        type='LoadPointsFromFile',
        use_dim=5),
    dict(
        backend_args=None,
        load_dim=5,
        pad_empty_sweeps=True,
        remove_close=True,
        sweeps_num=9,
        type='LoadPointsFromMultiSweeps',
        use_dim=5),
    dict(
        bot_pct_lim=[
            0.0,
            0.0,
        ],
        final_dim=[
            256,
            704,
        ],
        is_train=False,
        rand_flip=False,
        resize_lim=[
            0.48,
            0.48,
        ],
        rot_lim=[
            0.0,
            0.0,
        ],
        type='ImageAug3D'),
    dict(
        point_cloud_range=[
            -54.0,
            -54.0,
            -5.0,
            54.0,
            54.0,
            3.0,
        ],
        type='PointsRangeFilter'),
    dict(
        keys=[
            'img',
            'points',
            'gt_bboxes_3d',
            'gt_labels_3d',
        ],
        meta_keys=[
            'cam2img',
            'ori_cam2img',
            'lidar2cam',
            'lidar2img',
            'cam2lidar',
            'ori_lidar2img',
            'img_aug_matrix',
            'box_type_3d',
            'sample_idx',
            'lidar_path',
            'img_path',
            'num_pts_feats',
        ],
        type='Pack3DDetInputs'),
]
train_cfg = dict(by_epoch=True, max_epochs=6, val_interval=1)
train_dataloader = dict(
    batch_size=1,
    dataset=dict(
        dataset=dict(
            ann_file='nuscenes_infos_train.pkl',
            box_type_3d='LiDAR',
            data_prefix=dict(
                CAM_BACK='samples/CAM_BACK',
                CAM_BACK_LEFT='samples/CAM_BACK_LEFT',
                CAM_BACK_RIGHT='samples/CAM_BACK_RIGHT',
                CAM_FRONT='samples/CAM_FRONT',
                CAM_FRONT_LEFT='samples/CAM_FRONT_LEFT',
                CAM_FRONT_RIGHT='samples/CAM_FRONT_RIGHT',
                pts='samples/LIDAR_TOP',
                sweeps='sweeps/LIDAR_TOP'),
            data_root='/media/xavier02/Sparkles1/nuscenes/',
            metainfo=dict(classes=[
                'car',
                'truck',
                'construction_vehicle',
                'bus',
                'trailer',
                'barrier',
                'motorcycle',
                'bicycle',
                'pedestrian',
                'traffic_cone',
            ]),
            modality=dict(use_camera=True, use_lidar=True),
            pipeline=[
                dict(
                    backend_args=None,
                    color_type='color',
                    to_float32=True,
                    type='BEVLoadMultiViewImageFromFiles'),
                dict(
                    backend_args=None,
                    coord_type='LIDAR',
                    load_dim=5,
                    type='LoadPointsFromFile',
                    use_dim=5),
                dict(
                    backend_args=None,
                    load_dim=5,
                    pad_empty_sweeps=True,
                    remove_close=True,
                    sweeps_num=9,
                    type='LoadPointsFromMultiSweeps',
                    use_dim=5),
                dict(
                    type='LoadAnnotations3D',
                    with_attr_label=False,
                    with_bbox_3d=True,
                    with_label_3d=True),
                dict(
                    bot_pct_lim=[
                        0.0,
                        0.0,
                    ],
                    final_dim=[
                        256,
                        704,
                    ],
                    is_train=True,
                    rand_flip=True,
                    resize_lim=[
                        0.38,
                        0.55,
                    ],
                    rot_lim=[
                        -5.4,
                        5.4,
                    ],
                    type='ImageAug3D'),
                dict(
                    rot_range=[
                        -0.78539816,
                        0.78539816,
                    ],
                    scale_ratio_range=[
                        0.9,
                        1.1,
                    ],
                    translation_std=0.5,
                    type='BEVFusionGlobalRotScaleTrans'),
                dict(type='BEVFusionRandomFlip3D'),
                dict(
                    point_cloud_range=[
                        -54.0,
                        -54.0,
                        -5.0,
                        54.0,
                        54.0,
                        3.0,
                    ],
                    type='PointsRangeFilter'),
                dict(
                    point_cloud_range=[
                        -54.0,
                        -54.0,
                        -5.0,
                        54.0,
                        54.0,
                        3.0,
                    ],
                    type='ObjectRangeFilter'),
                dict(
                    classes=[
                        'car',
                        'truck',
                        'construction_vehicle',
                        'bus',
                        'trailer',
                        'barrier',
                        'motorcycle',
                        'bicycle',
                        'pedestrian',
                        'traffic_cone',
                    ],
                    type='ObjectNameFilter'),
                dict(
                    fixed_prob=True,
                    max_epoch=6,
                    mode=1,
                    offset=False,
                    prob=0.0,
                    ratio=0.5,
                    rotate=1,
                    type='GridMask',
                    use_h=True,
                    use_w=True),
                dict(type='PointShuffle'),
                dict(
                    keys=[
                        'points',
                        'img',
                        'gt_bboxes_3d',
                        'gt_labels_3d',
                        'gt_bboxes',
                        'gt_labels',
                    ],
                    meta_keys=[
                        'cam2img',
                        'ori_cam2img',
                        'lidar2cam',
                        'lidar2img',
                        'cam2lidar',
                        'ori_lidar2img',
                        'img_aug_matrix',
                        'box_type_3d',
                        'sample_idx',
                        'lidar_path',
                        'img_path',
                        'transformation_3d_flow',
                        'pcd_rotation',
                        'pcd_scale_factor',
                        'pcd_trans',
                        'img_aug_matrix',
                        'lidar_aug_matrix',
                        'num_pts_feats',
                    ],
                    type='Pack3DDetInputs'),
            ],
            test_mode=False,
            type='NuScenesDataset',
            use_valid_flag=True),
        type='CBGSDataset'),
    num_workers=1,
    persistent_workers=True,
    sampler=dict(shuffle=True, type='DefaultSampler'))
train_pipeline = [
    dict(
        backend_args=None,
        color_type='color',
        to_float32=True,
        type='BEVLoadMultiViewImageFromFiles'),
    dict(
        backend_args=None,
        coord_type='LIDAR',
        load_dim=5,
        type='LoadPointsFromFile',
        use_dim=5),
    dict(
        backend_args=None,
        load_dim=5,
        pad_empty_sweeps=True,
        remove_close=True,
        sweeps_num=9,
        type='LoadPointsFromMultiSweeps',
        use_dim=5),
    dict(
        type='LoadAnnotations3D',
        with_attr_label=False,
        with_bbox_3d=True,
        with_label_3d=True),
    dict(
        bot_pct_lim=[
            0.0,
            0.0,
        ],
        final_dim=[
            256,
            704,
        ],
        is_train=True,
        rand_flip=True,
        resize_lim=[
            0.38,
            0.55,
        ],
        rot_lim=[
            -5.4,
            5.4,
        ],
        type='ImageAug3D'),
    dict(
        rot_range=[
            -0.78539816,
            0.78539816,
        ],
        scale_ratio_range=[
            0.9,
            1.1,
        ],
        translation_std=0.5,
        type='BEVFusionGlobalRotScaleTrans'),
    dict(type='BEVFusionRandomFlip3D'),
    dict(
        point_cloud_range=[
            -54.0,
            -54.0,
            -5.0,
            54.0,
            54.0,
            3.0,
        ],
        type='PointsRangeFilter'),
    dict(
        point_cloud_range=[
            -54.0,
            -54.0,
            -5.0,
            54.0,
            54.0,
            3.0,
        ],
        type='ObjectRangeFilter'),
    dict(
        classes=[
            'car',
            'truck',
            'construction_vehicle',
            'bus',
            'trailer',
            'barrier',
            'motorcycle',
            'bicycle',
            'pedestrian',
            'traffic_cone',
        ],
        type='ObjectNameFilter'),
    dict(
        fixed_prob=True,
        max_epoch=6,
        mode=1,
        offset=False,
        prob=0.0,
        ratio=0.5,
        rotate=1,
        type='GridMask',
        use_h=True,
        use_w=True),
    dict(type='PointShuffle'),
    dict(
        keys=[
            'points',
            'img',
            'gt_bboxes_3d',
            'gt_labels_3d',
            'gt_bboxes',
            'gt_labels',
        ],
        meta_keys=[
            'cam2img',
            'ori_cam2img',
            'lidar2cam',
            'lidar2img',
            'cam2lidar',
            'ori_lidar2img',
            'img_aug_matrix',
            'box_type_3d',
            'sample_idx',
            'lidar_path',
            'img_path',
            'transformation_3d_flow',
            'pcd_rotation',
            'pcd_scale_factor',
            'pcd_trans',
            'img_aug_matrix',
            'lidar_aug_matrix',
            'num_pts_feats',
        ],
        type='Pack3DDetInputs'),
]
val_cfg = dict()
val_dataloader = dict(
    batch_size=1,
    dataset=dict(
        ann_file='nuscenes_infos_val.pkl',
        backend_args=None,
        box_type_3d='LiDAR',
        data_prefix=dict(
            CAM_BACK='samples/CAM_BACK',
            CAM_BACK_LEFT='samples/CAM_BACK_LEFT',
            CAM_BACK_RIGHT='samples/CAM_BACK_RIGHT',
            CAM_FRONT='samples/CAM_FRONT',
            CAM_FRONT_LEFT='samples/CAM_FRONT_LEFT',
            CAM_FRONT_RIGHT='samples/CAM_FRONT_RIGHT',
            pts='samples/LIDAR_TOP',
            sweeps='sweeps/LIDAR_TOP'),
        data_root='/media/xavier02/Sparkles1/nuscenes/',
        metainfo=dict(classes=[
            'car',
            'truck',
            'construction_vehicle',
            'bus',
            'trailer',
            'barrier',
            'motorcycle',
            'bicycle',
            'pedestrian',
            'traffic_cone',
        ]),
        modality=dict(use_camera=True, use_lidar=True),
        pipeline=[
            dict(
                backend_args=None,
                color_type='color',
                to_float32=True,
                type='BEVLoadMultiViewImageFromFiles'),
            dict(
                backend_args=None,
                coord_type='LIDAR',
                load_dim=5,
                type='LoadPointsFromFile',
                use_dim=5),
            dict(
                backend_args=None,
                load_dim=5,
                pad_empty_sweeps=True,
                remove_close=True,
                sweeps_num=9,
                type='LoadPointsFromMultiSweeps',
                use_dim=5),
            dict(
                bot_pct_lim=[
                    0.0,
                    0.0,
                ],
                final_dim=[
                    256,
                    704,
                ],
                is_train=False,
                rand_flip=False,
                resize_lim=[
                    0.48,
                    0.48,
                ],
                rot_lim=[
                    0.0,
                    0.0,
                ],
                type='ImageAug3D'),
            dict(
                point_cloud_range=[
                    -54.0,
                    -54.0,
                    -5.0,
                    54.0,
                    54.0,
                    3.0,
                ],
                type='PointsRangeFilter'),
            dict(
                keys=[
                    'img',
                    'points',
                    'gt_bboxes_3d',
                    'gt_labels_3d',
                ],
                meta_keys=[
                    'cam2img',
                    'ori_cam2img',
                    'lidar2cam',
                    'lidar2img',
                    'cam2lidar',
                    'ori_lidar2img',
                    'img_aug_matrix',
                    'box_type_3d',
                    'sample_idx',
                    'lidar_path',
                    'img_path',
                    'num_pts_feats',
                ],
                type='Pack3DDetInputs'),
        ],
        test_mode=True,
        type='NuScenesDataset'),
    drop_last=False,
    num_workers=1,
    persistent_workers=True,
    sampler=dict(shuffle=False, type='DefaultSampler'))
val_evaluator = dict(
    ann_file='/media/xavier02/Sparkles1/nuscenes/nuscenes_infos_val.pkl',
    backend_args=None,
    data_root='/media/xavier02/Sparkles1/nuscenes/',
    metric='bbox',
    type='NuScenesMetric')
vis_backends = [
    dict(type='LocalVisBackend'),
]
visualizer = dict(
    name='visualizer',
    type='Det3DLocalVisualizer',
    vis_backends=[
        dict(type='LocalVisBackend'),
    ])
voxel_size = [
    0.075,
    0.075,
    0.2,
]
work_dir = './work_dirs/bevfusion_lidar-cam_voxel0075_second_with_resnet_50'

2024/12/05 06:42:44 - mmengine - INFO - load model from: /media/xavier02/xavier_ssd_500/mmdetection3d_source/mmdetection3d-main/projects/BEVFusion/configs/resnet50.pth
2024/12/05 06:42:44 - mmengine - INFO - Loads checkpoint by local backend from path: /media/xavier02/xavier_ssd_500/mmdetection3d_source/mmdetection3d-main/projects/BEVFusion/configs/resnet50.pth
2024/12/05 06:42:44 - mmengine - WARNING - The model and loaded state dict do not match exactly

unexpected key in source state_dict: fc.weight, fc.bias

Name of parameter - Initialization information

conv1.weight - torch.Size([64, 3, 7, 7]): 
PretrainedInit: load from /media/xavier02/xavier_ssd_500/mmdetection3d_source/mmdetection3d-main/projects/BEVFusion/configs/resnet50.pth 

bn1.weight - torch.Size([64]): 
PretrainedInit: load from /media/xavier02/xavier_ssd_500/mmdetection3d_source/mmdetection3d-main/projects/BEVFusion/configs/resnet50.pth 

bn1.bias - torch.Size([64]): 
PretrainedInit: load from /media/xavier02/xavier_ssd_500/mmdetection3d_source/mmdetection3d-main/projects/BEVFusion/configs/resnet50.pth 

layer1.0.conv1.weight - torch.Size([64, 64, 1, 1]): 
PretrainedInit: load from /media/xavier02/xavier_ssd_500/mmdetection3d_source/mmdetection3d-main/projects/BEVFusion/configs/resnet50.pth 

layer1.0.bn1.weight - torch.Size([64]): 
PretrainedInit: load from /media/xavier02/xavier_ssd_500/mmdetection3d_source/mmdetection3d-main/projects/BEVFusion/configs/resnet50.pth 

layer1.0.bn1.bias - torch.Size([64]): 
PretrainedInit: load from /media/xavier02/xavier_ssd_500/mmdetection3d_source/mmdetection3d-main/projects/BEVFusion/configs/resnet50.pth 

layer1.0.conv2.weight - torch.Size([64, 64, 3, 3]): 
PretrainedInit: load from /media/xavier02/xavier_ssd_500/mmdetection3d_source/mmdetection3d-main/projects/BEVFusion/configs/resnet50.pth 

layer1.0.bn2.weight - torch.Size([64]): 
PretrainedInit: load from /media/xavier02/xavier_ssd_500/mmdetection3d_source/mmdetection3d-main/projects/BEVFusion/configs/resnet50.pth 

layer1.0.bn2.bias - torch.Size([64]): 
PretrainedInit: load from /media/xavier02/xavier_ssd_500/mmdetection3d_source/mmdetection3d-main/projects/BEVFusion/configs/resnet50.pth 

layer1.0.conv3.weight - torch.Size([256, 64, 1, 1]): 
PretrainedInit: load from /media/xavier02/xavier_ssd_500/mmdetection3d_source/mmdetection3d-main/projects/BEVFusion/configs/resnet50.pth 

layer1.0.bn3.weight - torch.Size([256]): 
PretrainedInit: load from /media/xavier02/xavier_ssd_500/mmdetection3d_source/mmdetection3d-main/projects/BEVFusion/configs/resnet50.pth 

layer1.0.bn3.bias - torch.Size([256]): 
PretrainedInit: load from /media/xavier02/xavier_ssd_500/mmdetection3d_source/mmdetection3d-main/projects/BEVFusion/configs/resnet50.pth 

layer1.0.downsample.0.weight - torch.Size([256, 64, 1, 1]): 
PretrainedInit: load from /media/xavier02/xavier_ssd_500/mmdetection3d_source/mmdetection3d-main/projects/BEVFusion/configs/resnet50.pth 

layer1.0.downsample.1.weight - torch.Size([256]): 
PretrainedInit: load from /media/xavier02/xavier_ssd_500/mmdetection3d_source/mmdetection3d-main/projects/BEVFusion/configs/resnet50.pth 

layer1.0.downsample.1.bias - torch.Size([256]): 
PretrainedInit: load from /media/xavier02/xavier_ssd_500/mmdetection3d_source/mmdetection3d-main/projects/BEVFusion/configs/resnet50.pth 

layer1.1.conv1.weight - torch.Size([64, 256, 1, 1]): 
PretrainedInit: load from /media/xavier02/xavier_ssd_500/mmdetection3d_source/mmdetection3d-main/projects/BEVFusion/configs/resnet50.pth 

layer1.1.bn1.weight - torch.Size([64]): 
PretrainedInit: load from /media/xavier02/xavier_ssd_500/mmdetection3d_source/mmdetection3d-main/projects/BEVFusion/configs/resnet50.pth 

layer1.1.bn1.bias - torch.Size([64]): 
PretrainedInit: load from /media/xavier02/xavier_ssd_500/mmdetection3d_source/mmdetection3d-main/projects/BEVFusion/configs/resnet50.pth 

layer1.1.conv2.weight - torch.Size([64, 64, 3, 3]): 
PretrainedInit: load from /media/xavier02/xavier_ssd_500/mmdetection3d_source/mmdetection3d-main/projects/BEVFusion/configs/resnet50.pth 

layer1.1.bn2.weight - torch.Size([64]): 
PretrainedInit: load from /media/xavier02/xavier_ssd_500/mmdetection3d_source/mmdetection3d-main/projects/BEVFusion/configs/resnet50.pth 

layer1.1.bn2.bias - torch.Size([64]): 
PretrainedInit: load from /media/xavier02/xavier_ssd_500/mmdetection3d_source/mmdetection3d-main/projects/BEVFusion/configs/resnet50.pth 

layer1.1.conv3.weight - torch.Size([256, 64, 1, 1]): 
PretrainedInit: load from /media/xavier02/xavier_ssd_500/mmdetection3d_source/mmdetection3d-main/projects/BEVFusion/configs/resnet50.pth 

layer1.1.bn3.weight - torch.Size([256]): 
PretrainedInit: load from /media/xavier02/xavier_ssd_500/mmdetection3d_source/mmdetection3d-main/projects/BEVFusion/configs/resnet50.pth 

layer1.1.bn3.bias - torch.Size([256]): 
PretrainedInit: load from /media/xavier02/xavier_ssd_500/mmdetection3d_source/mmdetection3d-main/projects/BEVFusion/configs/resnet50.pth 

layer1.2.conv1.weight - torch.Size([64, 256, 1, 1]): 
PretrainedInit: load from /media/xavier02/xavier_ssd_500/mmdetection3d_source/mmdetection3d-main/projects/BEVFusion/configs/resnet50.pth 

layer1.2.bn1.weight - torch.Size([64]): 
PretrainedInit: load from /media/xavier02/xavier_ssd_500/mmdetection3d_source/mmdetection3d-main/projects/BEVFusion/configs/resnet50.pth 

layer1.2.bn1.bias - torch.Size([64]): 
PretrainedInit: load from /media/xavier02/xavier_ssd_500/mmdetection3d_source/mmdetection3d-main/projects/BEVFusion/configs/resnet50.pth 

layer1.2.conv2.weight - torch.Size([64, 64, 3, 3]): 
PretrainedInit: load from /media/xavier02/xavier_ssd_500/mmdetection3d_source/mmdetection3d-main/projects/BEVFusion/configs/resnet50.pth 

layer1.2.bn2.weight - torch.Size([64]): 
PretrainedInit: load from /media/xavier02/xavier_ssd_500/mmdetection3d_source/mmdetection3d-main/projects/BEVFusion/configs/resnet50.pth 

layer1.2.bn2.bias - torch.Size([64]): 
PretrainedInit: load from /media/xavier02/xavier_ssd_500/mmdetection3d_source/mmdetection3d-main/projects/BEVFusion/configs/resnet50.pth 

layer1.2.conv3.weight - torch.Size([256, 64, 1, 1]): 
PretrainedInit: load from /media/xavier02/xavier_ssd_500/mmdetection3d_source/mmdetection3d-main/projects/BEVFusion/configs/resnet50.pth 

layer1.2.bn3.weight - torch.Size([256]): 
PretrainedInit: load from /media/xavier02/xavier_ssd_500/mmdetection3d_source/mmdetection3d-main/projects/BEVFusion/configs/resnet50.pth 

layer1.2.bn3.bias - torch.Size([256]): 
PretrainedInit: load from /media/xavier02/xavier_ssd_500/mmdetection3d_source/mmdetection3d-main/projects/BEVFusion/configs/resnet50.pth 

layer2.0.conv1.weight - torch.Size([128, 256, 1, 1]): 
PretrainedInit: load from /media/xavier02/xavier_ssd_500/mmdetection3d_source/mmdetection3d-main/projects/BEVFusion/configs/resnet50.pth 

layer2.0.bn1.weight - torch.Size([128]): 
PretrainedInit: load from /media/xavier02/xavier_ssd_500/mmdetection3d_source/mmdetection3d-main/projects/BEVFusion/configs/resnet50.pth 

layer2.0.bn1.bias - torch.Size([128]): 
PretrainedInit: load from /media/xavier02/xavier_ssd_500/mmdetection3d_source/mmdetection3d-main/projects/BEVFusion/configs/resnet50.pth 

layer2.0.conv2.weight - torch.Size([128, 128, 3, 3]): 
PretrainedInit: load from /media/xavier02/xavier_ssd_500/mmdetection3d_source/mmdetection3d-main/projects/BEVFusion/configs/resnet50.pth 

layer2.0.bn2.weight - torch.Size([128]): 
PretrainedInit: load from /media/xavier02/xavier_ssd_500/mmdetection3d_source/mmdetection3d-main/projects/BEVFusion/configs/resnet50.pth 

layer2.0.bn2.bias - torch.Size([128]): 
PretrainedInit: load from /media/xavier02/xavier_ssd_500/mmdetection3d_source/mmdetection3d-main/projects/BEVFusion/configs/resnet50.pth 

layer2.0.conv3.weight - torch.Size([512, 128, 1, 1]): 
PretrainedInit: load from /media/xavier02/xavier_ssd_500/mmdetection3d_source/mmdetection3d-main/projects/BEVFusion/configs/resnet50.pth 

layer2.0.bn3.weight - torch.Size([512]): 
PretrainedInit: load from /media/xavier02/xavier_ssd_500/mmdetection3d_source/mmdetection3d-main/projects/BEVFusion/configs/resnet50.pth 

layer2.0.bn3.bias - torch.Size([512]): 
PretrainedInit: load from /media/xavier02/xavier_ssd_500/mmdetection3d_source/mmdetection3d-main/projects/BEVFusion/configs/resnet50.pth 

layer2.0.downsample.0.weight - torch.Size([512, 256, 1, 1]): 
PretrainedInit: load from /media/xavier02/xavier_ssd_500/mmdetection3d_source/mmdetection3d-main/projects/BEVFusion/configs/resnet50.pth 

layer2.0.downsample.1.weight - torch.Size([512]): 
PretrainedInit: load from /media/xavier02/xavier_ssd_500/mmdetection3d_source/mmdetection3d-main/projects/BEVFusion/configs/resnet50.pth 

layer2.0.downsample.1.bias - torch.Size([512]): 
PretrainedInit: load from /media/xavier02/xavier_ssd_500/mmdetection3d_source/mmdetection3d-main/projects/BEVFusion/configs/resnet50.pth 

layer2.1.conv1.weight - torch.Size([128, 512, 1, 1]): 
PretrainedInit: load from /media/xavier02/xavier_ssd_500/mmdetection3d_source/mmdetection3d-main/projects/BEVFusion/configs/resnet50.pth 

layer2.1.bn1.weight - torch.Size([128]): 
PretrainedInit: load from /media/xavier02/xavier_ssd_500/mmdetection3d_source/mmdetection3d-main/projects/BEVFusion/configs/resnet50.pth 

layer2.1.bn1.bias - torch.Size([128]): 
PretrainedInit: load from /media/xavier02/xavier_ssd_500/mmdetection3d_source/mmdetection3d-main/projects/BEVFusion/configs/resnet50.pth 

layer2.1.conv2.weight - torch.Size([128, 128, 3, 3]): 
PretrainedInit: load from /media/xavier02/xavier_ssd_500/mmdetection3d_source/mmdetection3d-main/projects/BEVFusion/configs/resnet50.pth 

layer2.1.bn2.weight - torch.Size([128]): 
PretrainedInit: load from /media/xavier02/xavier_ssd_500/mmdetection3d_source/mmdetection3d-main/projects/BEVFusion/configs/resnet50.pth 

layer2.1.bn2.bias - torch.Size([128]): 
PretrainedInit: load from /media/xavier02/xavier_ssd_500/mmdetection3d_source/mmdetection3d-main/projects/BEVFusion/configs/resnet50.pth 

layer2.1.conv3.weight - torch.Size([512, 128, 1, 1]): 
PretrainedInit: load from /media/xavier02/xavier_ssd_500/mmdetection3d_source/mmdetection3d-main/projects/BEVFusion/configs/resnet50.pth 

layer2.1.bn3.weight - torch.Size([512]): 
PretrainedInit: load from /media/xavier02/xavier_ssd_500/mmdetection3d_source/mmdetection3d-main/projects/BEVFusion/configs/resnet50.pth 

layer2.1.bn3.bias - torch.Size([512]): 
PretrainedInit: load from /media/xavier02/xavier_ssd_500/mmdetection3d_source/mmdetection3d-main/projects/BEVFusion/configs/resnet50.pth 

layer2.2.conv1.weight - torch.Size([128, 512, 1, 1]): 
PretrainedInit: load from /media/xavier02/xavier_ssd_500/mmdetection3d_source/mmdetection3d-main/projects/BEVFusion/configs/resnet50.pth 

layer2.2.bn1.weight - torch.Size([128]): 
PretrainedInit: load from /media/xavier02/xavier_ssd_500/mmdetection3d_source/mmdetection3d-main/projects/BEVFusion/configs/resnet50.pth 

layer2.2.bn1.bias - torch.Size([128]): 
PretrainedInit: load from /media/xavier02/xavier_ssd_500/mmdetection3d_source/mmdetection3d-main/projects/BEVFusion/configs/resnet50.pth 

layer2.2.conv2.weight - torch.Size([128, 128, 3, 3]): 
PretrainedInit: load from /media/xavier02/xavier_ssd_500/mmdetection3d_source/mmdetection3d-main/projects/BEVFusion/configs/resnet50.pth 

layer2.2.bn2.weight - torch.Size([128]): 
PretrainedInit: load from /media/xavier02/xavier_ssd_500/mmdetection3d_source/mmdetection3d-main/projects/BEVFusion/configs/resnet50.pth 

layer2.2.bn2.bias - torch.Size([128]): 
PretrainedInit: load from /media/xavier02/xavier_ssd_500/mmdetection3d_source/mmdetection3d-main/projects/BEVFusion/configs/resnet50.pth 

layer2.2.conv3.weight - torch.Size([512, 128, 1, 1]): 
PretrainedInit: load from /media/xavier02/xavier_ssd_500/mmdetection3d_source/mmdetection3d-main/projects/BEVFusion/configs/resnet50.pth 

layer2.2.bn3.weight - torch.Size([512]): 
PretrainedInit: load from /media/xavier02/xavier_ssd_500/mmdetection3d_source/mmdetection3d-main/projects/BEVFusion/configs/resnet50.pth 

layer2.2.bn3.bias - torch.Size([512]): 
PretrainedInit: load from /media/xavier02/xavier_ssd_500/mmdetection3d_source/mmdetection3d-main/projects/BEVFusion/configs/resnet50.pth 

layer2.3.conv1.weight - torch.Size([128, 512, 1, 1]): 
PretrainedInit: load from /media/xavier02/xavier_ssd_500/mmdetection3d_source/mmdetection3d-main/projects/BEVFusion/configs/resnet50.pth 

layer2.3.bn1.weight - torch.Size([128]): 
PretrainedInit: load from /media/xavier02/xavier_ssd_500/mmdetection3d_source/mmdetection3d-main/projects/BEVFusion/configs/resnet50.pth 

layer2.3.bn1.bias - torch.Size([128]): 
PretrainedInit: load from /media/xavier02/xavier_ssd_500/mmdetection3d_source/mmdetection3d-main/projects/BEVFusion/configs/resnet50.pth 

layer2.3.conv2.weight - torch.Size([128, 128, 3, 3]): 
PretrainedInit: load from /media/xavier02/xavier_ssd_500/mmdetection3d_source/mmdetection3d-main/projects/BEVFusion/configs/resnet50.pth 

layer2.3.bn2.weight - torch.Size([128]): 
PretrainedInit: load from /media/xavier02/xavier_ssd_500/mmdetection3d_source/mmdetection3d-main/projects/BEVFusion/configs/resnet50.pth 

layer2.3.bn2.bias - torch.Size([128]): 
PretrainedInit: load from /media/xavier02/xavier_ssd_500/mmdetection3d_source/mmdetection3d-main/projects/BEVFusion/configs/resnet50.pth 

layer2.3.conv3.weight - torch.Size([512, 128, 1, 1]): 
PretrainedInit: load from /media/xavier02/xavier_ssd_500/mmdetection3d_source/mmdetection3d-main/projects/BEVFusion/configs/resnet50.pth 

layer2.3.bn3.weight - torch.Size([512]): 
PretrainedInit: load from /media/xavier02/xavier_ssd_500/mmdetection3d_source/mmdetection3d-main/projects/BEVFusion/configs/resnet50.pth 

layer2.3.bn3.bias - torch.Size([512]): 
PretrainedInit: load from /media/xavier02/xavier_ssd_500/mmdetection3d_source/mmdetection3d-main/projects/BEVFusion/configs/resnet50.pth 

layer3.0.conv1.weight - torch.Size([256, 512, 1, 1]): 
PretrainedInit: load from /media/xavier02/xavier_ssd_500/mmdetection3d_source/mmdetection3d-main/projects/BEVFusion/configs/resnet50.pth 

layer3.0.bn1.weight - torch.Size([256]): 
PretrainedInit: load from /media/xavier02/xavier_ssd_500/mmdetection3d_source/mmdetection3d-main/projects/BEVFusion/configs/resnet50.pth 

layer3.0.bn1.bias - torch.Size([256]): 
PretrainedInit: load from /media/xavier02/xavier_ssd_500/mmdetection3d_source/mmdetection3d-main/projects/BEVFusion/configs/resnet50.pth 

layer3.0.conv2.weight - torch.Size([256, 256, 3, 3]): 
PretrainedInit: load from /media/xavier02/xavier_ssd_500/mmdetection3d_source/mmdetection3d-main/projects/BEVFusion/configs/resnet50.pth 

layer3.0.bn2.weight - torch.Size([256]): 
PretrainedInit: load from /media/xavier02/xavier_ssd_500/mmdetection3d_source/mmdetection3d-main/projects/BEVFusion/configs/resnet50.pth 

layer3.0.bn2.bias - torch.Size([256]): 
PretrainedInit: load from /media/xavier02/xavier_ssd_500/mmdetection3d_source/mmdetection3d-main/projects/BEVFusion/configs/resnet50.pth 

layer3.0.conv3.weight - torch.Size([1024, 256, 1, 1]): 
PretrainedInit: load from /media/xavier02/xavier_ssd_500/mmdetection3d_source/mmdetection3d-main/projects/BEVFusion/configs/resnet50.pth 

layer3.0.bn3.weight - torch.Size([1024]): 
PretrainedInit: load from /media/xavier02/xavier_ssd_500/mmdetection3d_source/mmdetection3d-main/projects/BEVFusion/configs/resnet50.pth 

layer3.0.bn3.bias - torch.Size([1024]): 
PretrainedInit: load from /media/xavier02/xavier_ssd_500/mmdetection3d_source/mmdetection3d-main/projects/BEVFusion/configs/resnet50.pth 

layer3.0.downsample.0.weight - torch.Size([1024, 512, 1, 1]): 
PretrainedInit: load from /media/xavier02/xavier_ssd_500/mmdetection3d_source/mmdetection3d-main/projects/BEVFusion/configs/resnet50.pth 

layer3.0.downsample.1.weight - torch.Size([1024]): 
PretrainedInit: load from /media/xavier02/xavier_ssd_500/mmdetection3d_source/mmdetection3d-main/projects/BEVFusion/configs/resnet50.pth 

layer3.0.downsample.1.bias - torch.Size([1024]): 
PretrainedInit: load from /media/xavier02/xavier_ssd_500/mmdetection3d_source/mmdetection3d-main/projects/BEVFusion/configs/resnet50.pth 

layer3.1.conv1.weight - torch.Size([256, 1024, 1, 1]): 
PretrainedInit: load from /media/xavier02/xavier_ssd_500/mmdetection3d_source/mmdetection3d-main/projects/BEVFusion/configs/resnet50.pth 

layer3.1.bn1.weight - torch.Size([256]): 
PretrainedInit: load from /media/xavier02/xavier_ssd_500/mmdetection3d_source/mmdetection3d-main/projects/BEVFusion/configs/resnet50.pth 

layer3.1.bn1.bias - torch.Size([256]): 
PretrainedInit: load from /media/xavier02/xavier_ssd_500/mmdetection3d_source/mmdetection3d-main/projects/BEVFusion/configs/resnet50.pth 

layer3.1.conv2.weight - torch.Size([256, 256, 3, 3]): 
PretrainedInit: load from /media/xavier02/xavier_ssd_500/mmdetection3d_source/mmdetection3d-main/projects/BEVFusion/configs/resnet50.pth 

layer3.1.bn2.weight - torch.Size([256]): 
PretrainedInit: load from /media/xavier02/xavier_ssd_500/mmdetection3d_source/mmdetection3d-main/projects/BEVFusion/configs/resnet50.pth 

layer3.1.bn2.bias - torch.Size([256]): 
PretrainedInit: load from /media/xavier02/xavier_ssd_500/mmdetection3d_source/mmdetection3d-main/projects/BEVFusion/configs/resnet50.pth 

layer3.1.conv3.weight - torch.Size([1024, 256, 1, 1]): 
PretrainedInit: load from /media/xavier02/xavier_ssd_500/mmdetection3d_source/mmdetection3d-main/projects/BEVFusion/configs/resnet50.pth 

layer3.1.bn3.weight - torch.Size([1024]): 
PretrainedInit: load from /media/xavier02/xavier_ssd_500/mmdetection3d_source/mmdetection3d-main/projects/BEVFusion/configs/resnet50.pth 

layer3.1.bn3.bias - torch.Size([1024]): 
PretrainedInit: load from /media/xavier02/xavier_ssd_500/mmdetection3d_source/mmdetection3d-main/projects/BEVFusion/configs/resnet50.pth 

layer3.2.conv1.weight - torch.Size([256, 1024, 1, 1]): 
PretrainedInit: load from /media/xavier02/xavier_ssd_500/mmdetection3d_source/mmdetection3d-main/projects/BEVFusion/configs/resnet50.pth 

layer3.2.bn1.weight - torch.Size([256]): 
PretrainedInit: load from /media/xavier02/xavier_ssd_500/mmdetection3d_source/mmdetection3d-main/projects/BEVFusion/configs/resnet50.pth 

layer3.2.bn1.bias - torch.Size([256]): 
PretrainedInit: load from /media/xavier02/xavier_ssd_500/mmdetection3d_source/mmdetection3d-main/projects/BEVFusion/configs/resnet50.pth 

layer3.2.conv2.weight - torch.Size([256, 256, 3, 3]): 
PretrainedInit: load from /media/xavier02/xavier_ssd_500/mmdetection3d_source/mmdetection3d-main/projects/BEVFusion/configs/resnet50.pth 

layer3.2.bn2.weight - torch.Size([256]): 
PretrainedInit: load from /media/xavier02/xavier_ssd_500/mmdetection3d_source/mmdetection3d-main/projects/BEVFusion/configs/resnet50.pth 

layer3.2.bn2.bias - torch.Size([256]): 
PretrainedInit: load from /media/xavier02/xavier_ssd_500/mmdetection3d_source/mmdetection3d-main/projects/BEVFusion/configs/resnet50.pth 

layer3.2.conv3.weight - torch.Size([1024, 256, 1, 1]): 
PretrainedInit: load from /media/xavier02/xavier_ssd_500/mmdetection3d_source/mmdetection3d-main/projects/BEVFusion/configs/resnet50.pth 

layer3.2.bn3.weight - torch.Size([1024]): 
PretrainedInit: load from /media/xavier02/xavier_ssd_500/mmdetection3d_source/mmdetection3d-main/projects/BEVFusion/configs/resnet50.pth 

layer3.2.bn3.bias - torch.Size([1024]): 
PretrainedInit: load from /media/xavier02/xavier_ssd_500/mmdetection3d_source/mmdetection3d-main/projects/BEVFusion/configs/resnet50.pth 

layer3.3.conv1.weight - torch.Size([256, 1024, 1, 1]): 
PretrainedInit: load from /media/xavier02/xavier_ssd_500/mmdetection3d_source/mmdetection3d-main/projects/BEVFusion/configs/resnet50.pth 

layer3.3.bn1.weight - torch.Size([256]): 
PretrainedInit: load from /media/xavier02/xavier_ssd_500/mmdetection3d_source/mmdetection3d-main/projects/BEVFusion/configs/resnet50.pth 

layer3.3.bn1.bias - torch.Size([256]): 
PretrainedInit: load from /media/xavier02/xavier_ssd_500/mmdetection3d_source/mmdetection3d-main/projects/BEVFusion/configs/resnet50.pth 

layer3.3.conv2.weight - torch.Size([256, 256, 3, 3]): 
PretrainedInit: load from /media/xavier02/xavier_ssd_500/mmdetection3d_source/mmdetection3d-main/projects/BEVFusion/configs/resnet50.pth 

layer3.3.bn2.weight - torch.Size([256]): 
PretrainedInit: load from /media/xavier02/xavier_ssd_500/mmdetection3d_source/mmdetection3d-main/projects/BEVFusion/configs/resnet50.pth 

layer3.3.bn2.bias - torch.Size([256]): 
PretrainedInit: load from /media/xavier02/xavier_ssd_500/mmdetection3d_source/mmdetection3d-main/projects/BEVFusion/configs/resnet50.pth 

layer3.3.conv3.weight - torch.Size([1024, 256, 1, 1]): 
PretrainedInit: load from /media/xavier02/xavier_ssd_500/mmdetection3d_source/mmdetection3d-main/projects/BEVFusion/configs/resnet50.pth 

layer3.3.bn3.weight - torch.Size([1024]): 
PretrainedInit: load from /media/xavier02/xavier_ssd_500/mmdetection3d_source/mmdetection3d-main/projects/BEVFusion/configs/resnet50.pth 

layer3.3.bn3.bias - torch.Size([1024]): 
PretrainedInit: load from /media/xavier02/xavier_ssd_500/mmdetection3d_source/mmdetection3d-main/projects/BEVFusion/configs/resnet50.pth 

layer3.4.conv1.weight - torch.Size([256, 1024, 1, 1]): 
PretrainedInit: load from /media/xavier02/xavier_ssd_500/mmdetection3d_source/mmdetection3d-main/projects/BEVFusion/configs/resnet50.pth 

layer3.4.bn1.weight - torch.Size([256]): 
PretrainedInit: load from /media/xavier02/xavier_ssd_500/mmdetection3d_source/mmdetection3d-main/projects/BEVFusion/configs/resnet50.pth 

layer3.4.bn1.bias - torch.Size([256]): 
PretrainedInit: load from /media/xavier02/xavier_ssd_500/mmdetection3d_source/mmdetection3d-main/projects/BEVFusion/configs/resnet50.pth 

layer3.4.conv2.weight - torch.Size([256, 256, 3, 3]): 
PretrainedInit: load from /media/xavier02/xavier_ssd_500/mmdetection3d_source/mmdetection3d-main/projects/BEVFusion/configs/resnet50.pth 

layer3.4.bn2.weight - torch.Size([256]): 
PretrainedInit: load from /media/xavier02/xavier_ssd_500/mmdetection3d_source/mmdetection3d-main/projects/BEVFusion/configs/resnet50.pth 

layer3.4.bn2.bias - torch.Size([256]): 
PretrainedInit: load from /media/xavier02/xavier_ssd_500/mmdetection3d_source/mmdetection3d-main/projects/BEVFusion/configs/resnet50.pth 

layer3.4.conv3.weight - torch.Size([1024, 256, 1, 1]): 
PretrainedInit: load from /media/xavier02/xavier_ssd_500/mmdetection3d_source/mmdetection3d-main/projects/BEVFusion/configs/resnet50.pth 

layer3.4.bn3.weight - torch.Size([1024]): 
PretrainedInit: load from /media/xavier02/xavier_ssd_500/mmdetection3d_source/mmdetection3d-main/projects/BEVFusion/configs/resnet50.pth 

layer3.4.bn3.bias - torch.Size([1024]): 
PretrainedInit: load from /media/xavier02/xavier_ssd_500/mmdetection3d_source/mmdetection3d-main/projects/BEVFusion/configs/resnet50.pth 

layer3.5.conv1.weight - torch.Size([256, 1024, 1, 1]): 
PretrainedInit: load from /media/xavier02/xavier_ssd_500/mmdetection3d_source/mmdetection3d-main/projects/BEVFusion/configs/resnet50.pth 

layer3.5.bn1.weight - torch.Size([256]): 
PretrainedInit: load from /media/xavier02/xavier_ssd_500/mmdetection3d_source/mmdetection3d-main/projects/BEVFusion/configs/resnet50.pth 

layer3.5.bn1.bias - torch.Size([256]): 
PretrainedInit: load from /media/xavier02/xavier_ssd_500/mmdetection3d_source/mmdetection3d-main/projects/BEVFusion/configs/resnet50.pth 

layer3.5.conv2.weight - torch.Size([256, 256, 3, 3]): 
PretrainedInit: load from /media/xavier02/xavier_ssd_500/mmdetection3d_source/mmdetection3d-main/projects/BEVFusion/configs/resnet50.pth 

layer3.5.bn2.weight - torch.Size([256]): 
PretrainedInit: load from /media/xavier02/xavier_ssd_500/mmdetection3d_source/mmdetection3d-main/projects/BEVFusion/configs/resnet50.pth 

layer3.5.bn2.bias - torch.Size([256]): 
PretrainedInit: load from /media/xavier02/xavier_ssd_500/mmdetection3d_source/mmdetection3d-main/projects/BEVFusion/configs/resnet50.pth 

layer3.5.conv3.weight - torch.Size([1024, 256, 1, 1]): 
PretrainedInit: load from /media/xavier02/xavier_ssd_500/mmdetection3d_source/mmdetection3d-main/projects/BEVFusion/configs/resnet50.pth 

layer3.5.bn3.weight - torch.Size([1024]): 
PretrainedInit: load from /media/xavier02/xavier_ssd_500/mmdetection3d_source/mmdetection3d-main/projects/BEVFusion/configs/resnet50.pth 

layer3.5.bn3.bias - torch.Size([1024]): 
PretrainedInit: load from /media/xavier02/xavier_ssd_500/mmdetection3d_source/mmdetection3d-main/projects/BEVFusion/configs/resnet50.pth 

layer4.0.conv1.weight - torch.Size([512, 1024, 1, 1]): 
PretrainedInit: load from /media/xavier02/xavier_ssd_500/mmdetection3d_source/mmdetection3d-main/projects/BEVFusion/configs/resnet50.pth 

layer4.0.bn1.weight - torch.Size([512]): 
PretrainedInit: load from /media/xavier02/xavier_ssd_500/mmdetection3d_source/mmdetection3d-main/projects/BEVFusion/configs/resnet50.pth 

layer4.0.bn1.bias - torch.Size([512]): 
PretrainedInit: load from /media/xavier02/xavier_ssd_500/mmdetection3d_source/mmdetection3d-main/projects/BEVFusion/configs/resnet50.pth 

layer4.0.conv2.weight - torch.Size([512, 512, 3, 3]): 
PretrainedInit: load from /media/xavier02/xavier_ssd_500/mmdetection3d_source/mmdetection3d-main/projects/BEVFusion/configs/resnet50.pth 

layer4.0.bn2.weight - torch.Size([512]): 
PretrainedInit: load from /media/xavier02/xavier_ssd_500/mmdetection3d_source/mmdetection3d-main/projects/BEVFusion/configs/resnet50.pth 

layer4.0.bn2.bias - torch.Size([512]): 
PretrainedInit: load from /media/xavier02/xavier_ssd_500/mmdetection3d_source/mmdetection3d-main/projects/BEVFusion/configs/resnet50.pth 

layer4.0.conv3.weight - torch.Size([2048, 512, 1, 1]): 
PretrainedInit: load from /media/xavier02/xavier_ssd_500/mmdetection3d_source/mmdetection3d-main/projects/BEVFusion/configs/resnet50.pth 

layer4.0.bn3.weight - torch.Size([2048]): 
PretrainedInit: load from /media/xavier02/xavier_ssd_500/mmdetection3d_source/mmdetection3d-main/projects/BEVFusion/configs/resnet50.pth 

layer4.0.bn3.bias - torch.Size([2048]): 
PretrainedInit: load from /media/xavier02/xavier_ssd_500/mmdetection3d_source/mmdetection3d-main/projects/BEVFusion/configs/resnet50.pth 

layer4.0.downsample.0.weight - torch.Size([2048, 1024, 1, 1]): 
PretrainedInit: load from /media/xavier02/xavier_ssd_500/mmdetection3d_source/mmdetection3d-main/projects/BEVFusion/configs/resnet50.pth 

layer4.0.downsample.1.weight - torch.Size([2048]): 
PretrainedInit: load from /media/xavier02/xavier_ssd_500/mmdetection3d_source/mmdetection3d-main/projects/BEVFusion/configs/resnet50.pth 

layer4.0.downsample.1.bias - torch.Size([2048]): 
PretrainedInit: load from /media/xavier02/xavier_ssd_500/mmdetection3d_source/mmdetection3d-main/projects/BEVFusion/configs/resnet50.pth 

layer4.1.conv1.weight - torch.Size([512, 2048, 1, 1]): 
PretrainedInit: load from /media/xavier02/xavier_ssd_500/mmdetection3d_source/mmdetection3d-main/projects/BEVFusion/configs/resnet50.pth 

layer4.1.bn1.weight - torch.Size([512]): 
PretrainedInit: load from /media/xavier02/xavier_ssd_500/mmdetection3d_source/mmdetection3d-main/projects/BEVFusion/configs/resnet50.pth 

layer4.1.bn1.bias - torch.Size([512]): 
PretrainedInit: load from /media/xavier02/xavier_ssd_500/mmdetection3d_source/mmdetection3d-main/projects/BEVFusion/configs/resnet50.pth 

layer4.1.conv2.weight - torch.Size([512, 512, 3, 3]): 
PretrainedInit: load from /media/xavier02/xavier_ssd_500/mmdetection3d_source/mmdetection3d-main/projects/BEVFusion/configs/resnet50.pth 

layer4.1.bn2.weight - torch.Size([512]): 
PretrainedInit: load from /media/xavier02/xavier_ssd_500/mmdetection3d_source/mmdetection3d-main/projects/BEVFusion/configs/resnet50.pth 

layer4.1.bn2.bias - torch.Size([512]): 
PretrainedInit: load from /media/xavier02/xavier_ssd_500/mmdetection3d_source/mmdetection3d-main/projects/BEVFusion/configs/resnet50.pth 

layer4.1.conv3.weight - torch.Size([2048, 512, 1, 1]): 
PretrainedInit: load from /media/xavier02/xavier_ssd_500/mmdetection3d_source/mmdetection3d-main/projects/BEVFusion/configs/resnet50.pth 

layer4.1.bn3.weight - torch.Size([2048]): 
PretrainedInit: load from /media/xavier02/xavier_ssd_500/mmdetection3d_source/mmdetection3d-main/projects/BEVFusion/configs/resnet50.pth 

layer4.1.bn3.bias - torch.Size([2048]): 
PretrainedInit: load from /media/xavier02/xavier_ssd_500/mmdetection3d_source/mmdetection3d-main/projects/BEVFusion/configs/resnet50.pth 

layer4.2.conv1.weight - torch.Size([512, 2048, 1, 1]): 
PretrainedInit: load from /media/xavier02/xavier_ssd_500/mmdetection3d_source/mmdetection3d-main/projects/BEVFusion/configs/resnet50.pth 

layer4.2.bn1.weight - torch.Size([512]): 
PretrainedInit: load from /media/xavier02/xavier_ssd_500/mmdetection3d_source/mmdetection3d-main/projects/BEVFusion/configs/resnet50.pth 

layer4.2.bn1.bias - torch.Size([512]): 
PretrainedInit: load from /media/xavier02/xavier_ssd_500/mmdetection3d_source/mmdetection3d-main/projects/BEVFusion/configs/resnet50.pth 

layer4.2.conv2.weight - torch.Size([512, 512, 3, 3]): 
PretrainedInit: load from /media/xavier02/xavier_ssd_500/mmdetection3d_source/mmdetection3d-main/projects/BEVFusion/configs/resnet50.pth 

layer4.2.bn2.weight - torch.Size([512]): 
PretrainedInit: load from /media/xavier02/xavier_ssd_500/mmdetection3d_source/mmdetection3d-main/projects/BEVFusion/configs/resnet50.pth 

layer4.2.bn2.bias - torch.Size([512]): 
PretrainedInit: load from /media/xavier02/xavier_ssd_500/mmdetection3d_source/mmdetection3d-main/projects/BEVFusion/configs/resnet50.pth 

layer4.2.conv3.weight - torch.Size([2048, 512, 1, 1]): 
PretrainedInit: load from /media/xavier02/xavier_ssd_500/mmdetection3d_source/mmdetection3d-main/projects/BEVFusion/configs/resnet50.pth 

layer4.2.bn3.weight - torch.Size([2048]): 
PretrainedInit: load from /media/xavier02/xavier_ssd_500/mmdetection3d_source/mmdetection3d-main/projects/BEVFusion/configs/resnet50.pth 

layer4.2.bn3.bias - torch.Size([2048]): 
PretrainedInit: load from /media/xavier02/xavier_ssd_500/mmdetection3d_source/mmdetection3d-main/projects/BEVFusion/configs/resnet50.pth 
2024/12/05 06:42:47 - mmengine - INFO - Distributed training is not used, all SyncBatchNorm (SyncBN) layers in the model will be automatically reverted to BatchNormXd layers if they are used.
2024/12/05 06:42:47 - mmengine - INFO - Hooks will be executed in the following order:
before_run:
(VERY_HIGH   ) RuntimeInfoHook                    
(BELOW_NORMAL) LoggerHook                         
 -------------------- 
before_train:
(VERY_HIGH   ) RuntimeInfoHook                    
(NORMAL      ) IterTimerHook                      
(VERY_LOW    ) CheckpointHook                     
 -------------------- 
before_train_epoch:
(VERY_HIGH   ) RuntimeInfoHook                    
(NORMAL      ) IterTimerHook                      
(NORMAL      ) DistSamplerSeedHook                
 -------------------- 
before_train_iter:
(VERY_HIGH   ) RuntimeInfoHook                    
(NORMAL      ) IterTimerHook                      
 -------------------- 
after_train_iter:
(VERY_HIGH   ) RuntimeInfoHook                    
(NORMAL      ) IterTimerHook                      
(BELOW_NORMAL) LoggerHook                         
(LOW         ) ParamSchedulerHook                 
(VERY_LOW    ) CheckpointHook                     
 -------------------- 
after_train_epoch:
(NORMAL      ) IterTimerHook                      
(LOW         ) ParamSchedulerHook                 
(VERY_LOW    ) CheckpointHook                     
 -------------------- 
before_val:
(VERY_HIGH   ) RuntimeInfoHook                    
 -------------------- 
before_val_epoch:
(NORMAL      ) IterTimerHook                      
 -------------------- 
before_val_iter:
(NORMAL      ) IterTimerHook                      
 -------------------- 
after_val_iter:
(NORMAL      ) IterTimerHook                      
(NORMAL      ) Det3DVisualizationHook             
(BELOW_NORMAL) LoggerHook                         
 -------------------- 
after_val_epoch:
(VERY_HIGH   ) RuntimeInfoHook                    
(NORMAL      ) IterTimerHook                      
(BELOW_NORMAL) LoggerHook                         
(LOW         ) ParamSchedulerHook                 
(VERY_LOW    ) CheckpointHook                     
 -------------------- 
after_val:
(VERY_HIGH   ) RuntimeInfoHook                    
 -------------------- 
after_train:
(VERY_HIGH   ) RuntimeInfoHook                    
(VERY_LOW    ) CheckpointHook                     
 -------------------- 
before_test:
(VERY_HIGH   ) RuntimeInfoHook                    
 -------------------- 
before_test_epoch:
(NORMAL      ) IterTimerHook                      
 -------------------- 
before_test_iter:
(NORMAL      ) IterTimerHook                      
 -------------------- 
after_test_iter:
(NORMAL      ) IterTimerHook                      
(NORMAL      ) Det3DVisualizationHook             
(BELOW_NORMAL) LoggerHook                         
 -------------------- 
after_test_epoch:
(VERY_HIGH   ) RuntimeInfoHook                    
(NORMAL      ) IterTimerHook                      
(BELOW_NORMAL) LoggerHook                         
 -------------------- 
after_test:
(VERY_HIGH   ) RuntimeInfoHook                    
 -------------------- 
after_run:
(BELOW_NORMAL) LoggerHook                         
 -------------------- 
2024/12/05 06:43:30 - mmengine - INFO - ------------------------------
2024/12/05 06:43:30 - mmengine - INFO - The length of test dataset: 6019
2024/12/05 06:43:30 - mmengine - INFO - The number of instances per category in the dataset:
+----------------------+--------+
| category             | number |
+----------------------+--------+
| car                  | 80004  |
| truck                | 15704  |
| construction_vehicle | 2678   |
| bus                  | 3158   |
| trailer              | 4159   |
| barrier              | 26992  |
| motorcycle           | 2508   |
| bicycle              | 2381   |
| pedestrian           | 34347  |
| traffic_cone         | 15597  |
+----------------------+--------+
2024/12/05 06:43:34 - mmengine - INFO - Load checkpoint from /media/xavier02/xavier_ssd_500/mmdetection3d_source/mmdetection3d-main/projects/BEVFusion/configs/Cam_Lidar_wResnet18_checkpoint.pth
2024/12/05 06:45:07 - mmengine - INFO - Epoch(test) [  50/6019]    eta: 3:05:04  time: 1.8604  data_time: 0.0507  memory: 2213  
2024/12/05 06:46:32 - mmengine - INFO - Epoch(test) [ 100/6019]    eta: 2:54:45  time: 1.6828  data_time: 0.0189  memory: 2214  
2024/12/05 06:47:52 - mmengine - INFO - Epoch(test) [ 150/6019]    eta: 2:48:09  time: 1.6140  data_time: 0.0221  memory: 2212  
2024/12/05 06:49:14 - mmengine - INFO - Epoch(test) [ 200/6019]    eta: 2:44:43  time: 1.6367  data_time: 0.0227  memory: 2213  
2024/12/05 06:50:35 - mmengine - INFO - Epoch(test) [ 250/6019]    eta: 2:41:51  time: 1.6235  data_time: 0.0232  memory: 2215  
2024/12/05 06:51:54 - mmengine - INFO - Epoch(test) [ 300/6019]    eta: 2:38:39  time: 1.5703  data_time: 0.0229  memory: 2213  
2024/12/05 06:53:15 - mmengine - INFO - Epoch(test) [ 350/6019]    eta: 2:36:42  time: 1.6230  data_time: 0.0244  memory: 2215  
2024/12/05 06:54:37 - mmengine - INFO - Epoch(test) [ 400/6019]    eta: 2:35:06  time: 1.6399  data_time: 0.0245  memory: 2215  
2024/12/05 06:55:58 - mmengine - INFO - Epoch(test) [ 450/6019]    eta: 2:33:25  time: 1.6264  data_time: 0.0238  memory: 2215  
2024/12/05 06:57:19 - mmengine - INFO - Epoch(test) [ 500/6019]    eta: 2:31:37  time: 1.6077  data_time: 0.0244  memory: 2215  
2024/12/05 06:58:38 - mmengine - INFO - Epoch(test) [ 550/6019]    eta: 2:29:47  time: 1.5923  data_time: 0.0248  memory: 2215  
2024/12/05 06:59:55 - mmengine - INFO - Epoch(test) [ 600/6019]    eta: 2:27:34  time: 1.5307  data_time: 0.0233  memory: 2211  
2024/12/05 07:01:07 - mmengine - INFO - Epoch(test) [ 650/6019]    eta: 2:24:52  time: 1.4396  data_time: 0.0229  memory: 2210  
2024/12/05 07:02:18 - mmengine - INFO - Epoch(test) [ 700/6019]    eta: 2:22:14  time: 1.4164  data_time: 0.0228  memory: 2209  
2024/12/05 07:03:28 - mmengine - INFO - Epoch(test) [ 750/6019]    eta: 2:19:46  time: 1.4128  data_time: 0.0225  memory: 2210  
2024/12/05 07:04:46 - mmengine - INFO - Epoch(test) [ 800/6019]    eta: 2:18:12  time: 1.5462  data_time: 0.0237  memory: 2214  
2024/12/05 07:06:02 - mmengine - INFO - Epoch(test) [ 850/6019]    eta: 2:16:32  time: 1.5213  data_time: 0.0231  memory: 2212  
2024/12/05 07:07:15 - mmengine - INFO - Epoch(test) [ 900/6019]    eta: 2:14:38  time: 1.4625  data_time: 0.0228  memory: 2212  
2024/12/05 07:08:31 - mmengine - INFO - Epoch(test) [ 950/6019]    eta: 2:13:06  time: 1.5306  data_time: 0.0245  memory: 2215  
2024/12/05 07:09:51 - mmengine - INFO - Epoch(test) [1000/6019]    eta: 2:11:50  time: 1.5842  data_time: 0.0235  memory: 2215  
2024/12/05 07:11:01 - mmengine - INFO - Epoch(test) [1050/6019]    eta: 2:09:52  time: 1.4120  data_time: 0.0245  memory: 2209  
2024/12/05 07:12:17 - mmengine - INFO - Epoch(test) [1100/6019]    eta: 2:08:23  time: 1.5199  data_time: 0.0241  memory: 2213  
2024/12/05 07:13:32 - mmengine - INFO - Epoch(test) [1150/6019]    eta: 2:06:48  time: 1.4894  data_time: 0.0229  memory: 2211  
2024/12/05 07:14:49 - mmengine - INFO - Epoch(test) [1200/6019]    eta: 2:05:27  time: 1.5445  data_time: 0.0236  memory: 2214  
2024/12/05 07:16:10 - mmengine - INFO - Epoch(test) [1250/6019]    eta: 2:04:20  time: 1.6235  data_time: 0.0246  memory: 2215  
2024/12/05 07:17:28 - mmengine - INFO - Epoch(test) [1300/6019]    eta: 2:03:00  time: 1.5523  data_time: 0.0256  memory: 2213  
2024/12/05 07:18:48 - mmengine - INFO - Epoch(test) [1350/6019]    eta: 2:01:48  time: 1.5991  data_time: 0.0248  memory: 2214  
2024/12/05 07:20:06 - mmengine - INFO - Epoch(test) [1400/6019]    eta: 2:00:30  time: 1.5696  data_time: 0.0236  memory: 2215  
2024/12/05 07:21:27 - mmengine - INFO - Epoch(test) [1450/6019]    eta: 1:59:19  time: 1.6098  data_time: 0.0244  memory: 2214  
2024/12/05 07:22:50 - mmengine - INFO - Epoch(test) [1500/6019]    eta: 1:58:14  time: 1.6573  data_time: 0.0246  memory: 2215  
2024/12/05 07:24:10 - mmengine - INFO - Epoch(test) [1550/6019]    eta: 1:57:02  time: 1.6124  data_time: 0.0233  memory: 2214  
2024/12/05 07:25:24 - mmengine - INFO - Epoch(test) [1600/6019]    eta: 1:55:29  time: 1.4659  data_time: 0.0237  memory: 2211  
2024/12/05 07:26:43 - mmengine - INFO - Epoch(test) [1650/6019]    eta: 1:54:13  time: 1.5868  data_time: 0.0229  memory: 2213  
2024/12/05 07:28:00 - mmengine - INFO - Epoch(test) [1700/6019]    eta: 1:52:52  time: 1.5476  data_time: 0.0235  memory: 2212  
2024/12/05 07:29:18 - mmengine - INFO - Epoch(test) [1750/6019]    eta: 1:51:32  time: 1.5601  data_time: 0.0233  memory: 2213  
2024/12/05 07:30:36 - mmengine - INFO - Epoch(test) [1800/6019]    eta: 1:50:12  time: 1.5502  data_time: 0.0247  memory: 2213  
2024/12/05 07:31:53 - mmengine - INFO - Epoch(test) [1850/6019]    eta: 1:48:50  time: 1.5350  data_time: 0.0240  memory: 2211  
2024/12/05 07:33:06 - mmengine - INFO - Epoch(test) [1900/6019]    eta: 1:47:21  time: 1.4685  data_time: 0.0247  memory: 2213  
2024/12/05 07:34:22 - mmengine - INFO - Epoch(test) [1950/6019]    eta: 1:45:59  time: 1.5276  data_time: 0.0239  memory: 2214  
2024/12/05 07:35:39 - mmengine - INFO - Epoch(test) [2000/6019]    eta: 1:44:37  time: 1.5299  data_time: 0.0233  memory: 2211  
2024/12/05 07:36:57 - mmengine - INFO - Epoch(test) [2050/6019]    eta: 1:43:20  time: 1.5707  data_time: 0.0245  memory: 2213  
2024/12/05 07:38:15 - mmengine - INFO - Epoch(test) [2100/6019]    eta: 1:42:01  time: 1.5562  data_time: 0.0242  memory: 2212  
2024/12/05 07:39:32 - mmengine - INFO - Epoch(test) [2150/6019]    eta: 1:40:41  time: 1.5366  data_time: 0.0235  memory: 2212  
2024/12/05 07:40:51 - mmengine - INFO - Epoch(test) [2200/6019]    eta: 1:39:25  time: 1.5818  data_time: 0.0253  memory: 2215  
2024/12/05 07:42:10 - mmengine - INFO - Epoch(test) [2250/6019]    eta: 1:38:08  time: 1.5731  data_time: 0.0241  memory: 2215  
2024/12/05 07:43:23 - mmengine - INFO - Epoch(test) [2300/6019]    eta: 1:36:42  time: 1.4678  data_time: 0.0231  memory: 2213  
2024/12/05 07:44:33 - mmengine - INFO - Epoch(test) [2350/6019]    eta: 1:35:11  time: 1.3993  data_time: 0.0238  memory: 2208  
2024/12/05 07:45:48 - mmengine - INFO - Epoch(test) [2400/6019]    eta: 1:33:48  time: 1.4878  data_time: 0.0241  memory: 2211  
2024/12/05 07:47:07 - mmengine - INFO - Epoch(test) [2450/6019]    eta: 1:32:33  time: 1.5857  data_time: 0.0232  memory: 2216  
2024/12/05 07:48:25 - mmengine - INFO - Epoch(test) [2500/6019]    eta: 1:31:16  time: 1.5707  data_time: 0.0241  memory: 2214  
2024/12/05 07:49:39 - mmengine - INFO - Epoch(test) [2550/6019]    eta: 1:29:53  time: 1.4773  data_time: 0.0233  memory: 2211  
2024/12/05 07:50:51 - mmengine - INFO - Epoch(test) [2600/6019]    eta: 1:28:27  time: 1.4405  data_time: 0.0236  memory: 2212  
2024/12/05 07:52:08 - mmengine - INFO - Epoch(test) [2650/6019]    eta: 1:27:09  time: 1.5374  data_time: 0.0242  memory: 2214  
2024/12/05 07:53:25 - mmengine - INFO - Epoch(test) [2700/6019]    eta: 1:25:51  time: 1.5404  data_time: 0.0240  memory: 2213  
2024/12/05 07:54:40 - mmengine - INFO - Epoch(test) [2750/6019]    eta: 1:24:30  time: 1.4988  data_time: 0.0256  memory: 2212  
2024/12/05 07:55:57 - mmengine - INFO - Epoch(test) [2800/6019]    eta: 1:23:11  time: 1.5255  data_time: 0.0239  memory: 2212  
2024/12/05 07:57:07 - mmengine - INFO - Epoch(test) [2850/6019]    eta: 1:21:45  time: 1.4062  data_time: 0.0243  memory: 2210  
2024/12/05 07:58:18 - mmengine - INFO - Epoch(test) [2900/6019]    eta: 1:20:21  time: 1.4299  data_time: 0.0231  memory: 2211  
2024/12/05 07:59:29 - mmengine - INFO - Epoch(test) [2950/6019]    eta: 1:18:57  time: 1.4141  data_time: 0.0242  memory: 2213  
2024/12/05 08:00:43 - mmengine - INFO - Epoch(test) [3000/6019]    eta: 1:17:36  time: 1.4696  data_time: 0.0224  memory: 2215  
2024/12/05 08:01:58 - mmengine - INFO - Epoch(test) [3050/6019]    eta: 1:16:18  time: 1.5131  data_time: 0.0244  memory: 2215  
2024/12/05 08:03:04 - mmengine - INFO - Epoch(test) [3100/6019]    eta: 1:14:50  time: 1.3211  data_time: 0.0223  memory: 2207  
2024/12/05 08:04:08 - mmengine - INFO - Epoch(test) [3150/6019]    eta: 1:13:21  time: 1.2756  data_time: 0.0240  memory: 2203  
2024/12/05 08:05:18 - mmengine - INFO - Epoch(test) [3200/6019]    eta: 1:11:58  time: 1.3904  data_time: 0.0232  memory: 2207  
2024/12/05 08:06:27 - mmengine - INFO - Epoch(test) [3250/6019]    eta: 1:10:35  time: 1.3799  data_time: 0.0231  memory: 2206  
2024/12/05 08:07:45 - mmengine - INFO - Epoch(test) [3300/6019]    eta: 1:09:20  time: 1.5667  data_time: 0.0243  memory: 2215  
2024/12/05 08:09:01 - mmengine - INFO - Epoch(test) [3350/6019]    eta: 1:08:03  time: 1.5215  data_time: 0.0241  memory: 2212  
2024/12/05 08:10:17 - mmengine - INFO - Epoch(test) [3400/6019]    eta: 1:06:47  time: 1.5269  data_time: 0.0227  memory: 2214  
2024/12/05 08:11:34 - mmengine - INFO - Epoch(test) [3450/6019]    eta: 1:05:30  time: 1.5226  data_time: 0.0236  memory: 2212  
2024/12/05 08:12:49 - mmengine - INFO - Epoch(test) [3500/6019]    eta: 1:04:13  time: 1.5081  data_time: 0.0225  memory: 2213  
2024/12/05 08:14:02 - mmengine - INFO - Epoch(test) [3550/6019]    eta: 1:02:54  time: 1.4614  data_time: 0.0231  memory: 2211  
2024/12/05 08:15:15 - mmengine - INFO - Epoch(test) [3600/6019]    eta: 1:01:35  time: 1.4624  data_time: 0.0239  memory: 2211  
2024/12/05 08:16:30 - mmengine - INFO - Epoch(test) [3650/6019]    eta: 1:00:18  time: 1.4998  data_time: 0.0236  memory: 2211  
2024/12/05 08:17:41 - mmengine - INFO - Epoch(test) [3700/6019]    eta: 0:58:58  time: 1.4175  data_time: 0.0233  memory: 2209  
2024/12/05 08:18:57 - mmengine - INFO - Epoch(test) [3750/6019]    eta: 0:57:42  time: 1.5170  data_time: 0.0226  memory: 2212  
2024/12/05 08:20:20 - mmengine - INFO - Epoch(test) [3800/6019]    eta: 0:56:29  time: 1.6633  data_time: 0.0244  memory: 2216  
2024/12/05 08:21:39 - mmengine - INFO - Epoch(test) [3850/6019]    eta: 0:55:14  time: 1.5726  data_time: 0.0246  memory: 2213  
2024/12/05 08:23:02 - mmengine - INFO - Epoch(test) [3900/6019]    eta: 0:54:02  time: 1.6715  data_time: 0.0239  memory: 2213  
2024/12/05 08:24:25 - mmengine - INFO - Epoch(test) [3950/6019]    eta: 0:52:48  time: 1.6531  data_time: 0.0237  memory: 2215  
2024/12/05 08:25:49 - mmengine - INFO - Epoch(test) [4000/6019]    eta: 0:51:35  time: 1.6743  data_time: 0.0246  memory: 2215  
2024/12/05 08:27:00 - mmengine - INFO - Epoch(test) [4050/6019]    eta: 0:50:16  time: 1.4206  data_time: 0.0243  memory: 2211  
2024/12/05 08:28:13 - mmengine - INFO - Epoch(test) [4100/6019]    eta: 0:48:58  time: 1.4670  data_time: 0.0234  memory: 2211  
2024/12/05 08:29:28 - mmengine - INFO - Epoch(test) [4150/6019]    eta: 0:47:41  time: 1.4953  data_time: 0.0239  memory: 2214  
2024/12/05 08:30:47 - mmengine - INFO - Epoch(test) [4200/6019]    eta: 0:46:25  time: 1.5751  data_time: 0.0236  memory: 2214  
2024/12/05 08:31:56 - mmengine - INFO - Epoch(test) [4250/6019]    eta: 0:45:05  time: 1.3925  data_time: 0.0238  memory: 2211  
2024/12/05 08:33:05 - mmengine - INFO - Epoch(test) [4300/6019]    eta: 0:43:46  time: 1.3707  data_time: 0.0227  memory: 2208  
2024/12/05 08:34:14 - mmengine - INFO - Epoch(test) [4350/6019]    eta: 0:42:27  time: 1.3833  data_time: 0.0234  memory: 2208  
2024/12/05 08:35:26 - mmengine - INFO - Epoch(test) [4400/6019]    eta: 0:41:09  time: 1.4494  data_time: 0.0226  memory: 2210  
2024/12/05 08:36:40 - mmengine - INFO - Epoch(test) [4450/6019]    eta: 0:39:52  time: 1.4739  data_time: 0.0234  memory: 2210  
2024/12/05 08:37:59 - mmengine - INFO - Epoch(test) [4500/6019]    eta: 0:38:36  time: 1.5671  data_time: 0.0215  memory: 2214  
2024/12/05 08:39:17 - mmengine - INFO - Epoch(test) [4550/6019]    eta: 0:37:21  time: 1.5672  data_time: 0.0239  memory: 2213  
2024/12/05 08:40:39 - mmengine - INFO - Epoch(test) [4600/6019]    eta: 0:36:06  time: 1.6351  data_time: 0.0242  memory: 2218  
2024/12/05 08:42:02 - mmengine - INFO - Epoch(test) [4650/6019]    eta: 0:34:52  time: 1.6699  data_time: 0.0238  memory: 2215  
2024/12/05 08:43:22 - mmengine - INFO - Epoch(test) [4700/6019]    eta: 0:33:36  time: 1.6000  data_time: 0.0245  memory: 2212  
2024/12/05 08:44:42 - mmengine - INFO - Epoch(test) [4750/6019]    eta: 0:32:21  time: 1.5904  data_time: 0.0247  memory: 2212  
2024/12/05 08:46:03 - mmengine - INFO - Epoch(test) [4800/6019]    eta: 0:31:05  time: 1.6211  data_time: 0.0227  memory: 2215  
2024/12/05 08:47:24 - mmengine - INFO - Epoch(test) [4850/6019]    eta: 0:29:50  time: 1.6142  data_time: 0.0247  memory: 2214  
2024/12/05 08:48:43 - mmengine - INFO - Epoch(test) [4900/6019]    eta: 0:28:34  time: 1.5915  data_time: 0.0236  memory: 2213  
2024/12/05 08:50:02 - mmengine - INFO - Epoch(test) [4950/6019]    eta: 0:27:18  time: 1.5849  data_time: 0.0240  memory: 2215  
2024/12/05 08:51:23 - mmengine - INFO - Epoch(test) [5000/6019]    eta: 0:26:02  time: 1.6053  data_time: 0.0245  memory: 2213  
2024/12/05 08:52:42 - mmengine - INFO - Epoch(test) [5050/6019]    eta: 0:24:46  time: 1.5952  data_time: 0.0250  memory: 2213  
2024/12/05 08:54:02 - mmengine - INFO - Epoch(test) [5100/6019]    eta: 0:23:30  time: 1.5839  data_time: 0.0241  memory: 2213  
2024/12/05 08:55:19 - mmengine - INFO - Epoch(test) [5150/6019]    eta: 0:22:13  time: 1.5421  data_time: 0.0234  memory: 2211  
2024/12/05 08:56:34 - mmengine - INFO - Epoch(test) [5200/6019]    eta: 0:20:56  time: 1.5122  data_time: 0.0227  memory: 2215  
2024/12/05 08:57:54 - mmengine - INFO - Epoch(test) [5250/6019]    eta: 0:19:40  time: 1.5915  data_time: 0.0236  memory: 2214  
2024/12/05 08:59:09 - mmengine - INFO - Epoch(test) [5300/6019]    eta: 0:18:23  time: 1.5084  data_time: 0.0229  memory: 2211  
2024/12/05 09:00:28 - mmengine - INFO - Epoch(test) [5350/6019]    eta: 0:17:06  time: 1.5708  data_time: 0.0229  memory: 2213  
2024/12/05 09:01:50 - mmengine - INFO - Epoch(test) [5400/6019]    eta: 0:15:50  time: 1.6453  data_time: 0.0228  memory: 2215  
2024/12/05 09:03:11 - mmengine - INFO - Epoch(test) [5450/6019]    eta: 0:14:34  time: 1.6216  data_time: 0.0244  memory: 2214  
2024/12/05 09:04:34 - mmengine - INFO - Epoch(test) [5500/6019]    eta: 0:13:18  time: 1.6620  data_time: 0.0253  memory: 2216  
2024/12/05 09:05:57 - mmengine - INFO - Epoch(test) [5550/6019]    eta: 0:12:01  time: 1.6569  data_time: 0.0240  memory: 2215  
2024/12/05 09:07:20 - mmengine - INFO - Epoch(test) [5600/6019]    eta: 0:10:45  time: 1.6485  data_time: 0.0239  memory: 2215  
2024/12/05 09:08:41 - mmengine - INFO - Epoch(test) [5650/6019]    eta: 0:09:28  time: 1.6291  data_time: 0.0240  memory: 2215  
2024/12/05 09:10:06 - mmengine - INFO - Epoch(test) [5700/6019]    eta: 0:08:11  time: 1.6930  data_time: 0.0249  memory: 2216  
2024/12/05 09:11:29 - mmengine - INFO - Epoch(test) [5750/6019]    eta: 0:06:55  time: 1.6650  data_time: 0.0242  memory: 2215  
2024/12/05 09:12:49 - mmengine - INFO - Epoch(test) [5800/6019]    eta: 0:05:38  time: 1.6070  data_time: 0.0236  memory: 2215  
2024/12/05 09:14:10 - mmengine - INFO - Epoch(test) [5850/6019]    eta: 0:04:20  time: 1.6069  data_time: 0.0245  memory: 2215  
2024/12/05 09:15:33 - mmengine - INFO - Epoch(test) [5900/6019]    eta: 0:03:03  time: 1.6701  data_time: 0.0245  memory: 2216  
2024/12/05 09:16:56 - mmengine - INFO - Epoch(test) [5950/6019]    eta: 0:01:46  time: 1.6494  data_time: 0.0242  memory: 2215  
2024/12/05 09:18:15 - mmengine - INFO - Epoch(test) [6000/6019]    eta: 0:00:29  time: 1.5888  data_time: 0.0238  memory: 2215  
2024/12/05 09:44:32 - mmengine - INFO - Epoch(test) [6019/6019]    NuScenes metric/pred_instances_3d_NuScenes/car_AP_dist_0.5: 0.7780  NuScenes metric/pred_instances_3d_NuScenes/car_AP_dist_1.0: 0.8688  NuScenes metric/pred_instances_3d_NuScenes/car_AP_dist_2.0: 0.8976  NuScenes metric/pred_instances_3d_NuScenes/car_AP_dist_4.0: 0.9104  NuScenes metric/pred_instances_3d_NuScenes/car_trans_err: 0.1707  NuScenes metric/pred_instances_3d_NuScenes/car_scale_err: 0.1556  NuScenes metric/pred_instances_3d_NuScenes/car_orient_err: 0.0849  NuScenes metric/pred_instances_3d_NuScenes/car_vel_err: 0.2694  NuScenes metric/pred_instances_3d_NuScenes/car_attr_err: 0.1940  NuScenes metric/pred_instances_3d_NuScenes/mATE: 0.2794  NuScenes metric/pred_instances_3d_NuScenes/mASE: 0.2582  NuScenes metric/pred_instances_3d_NuScenes/mAOE: 0.3005  NuScenes metric/pred_instances_3d_NuScenes/mAVE: 0.2666  NuScenes metric/pred_instances_3d_NuScenes/mAAE: 0.1854  NuScenes metric/pred_instances_3d_NuScenes/truck_AP_dist_0.5: 0.4360  NuScenes metric/pred_instances_3d_NuScenes/truck_AP_dist_1.0: 0.6113  NuScenes metric/pred_instances_3d_NuScenes/truck_AP_dist_2.0: 0.6860  NuScenes metric/pred_instances_3d_NuScenes/truck_AP_dist_4.0: 0.7194  NuScenes metric/pred_instances_3d_NuScenes/truck_trans_err: 0.3101  NuScenes metric/pred_instances_3d_NuScenes/truck_scale_err: 0.1794  NuScenes metric/pred_instances_3d_NuScenes/truck_orient_err: 0.1043  NuScenes metric/pred_instances_3d_NuScenes/truck_vel_err: 0.2539  NuScenes metric/pred_instances_3d_NuScenes/truck_attr_err: 0.2298  NuScenes metric/pred_instances_3d_NuScenes/construction_vehicle_AP_dist_0.5: 0.0395  NuScenes metric/pred_instances_3d_NuScenes/construction_vehicle_AP_dist_1.0: 0.1850  NuScenes metric/pred_instances_3d_NuScenes/construction_vehicle_AP_dist_2.0: 0.3144  NuScenes metric/pred_instances_3d_NuScenes/construction_vehicle_AP_dist_4.0: 0.4351  NuScenes metric/pred_instances_3d_NuScenes/construction_vehicle_trans_err: 0.6652  NuScenes metric/pred_instances_3d_NuScenes/construction_vehicle_scale_err: 0.4328  NuScenes metric/pred_instances_3d_NuScenes/construction_vehicle_orient_err: 0.8773  NuScenes metric/pred_instances_3d_NuScenes/construction_vehicle_vel_err: 0.1189  NuScenes metric/pred_instances_3d_NuScenes/construction_vehicle_attr_err: 0.3184  NuScenes metric/pred_instances_3d_NuScenes/bus_AP_dist_0.5: 0.4691  NuScenes metric/pred_instances_3d_NuScenes/bus_AP_dist_1.0: 0.7397  NuScenes metric/pred_instances_3d_NuScenes/bus_AP_dist_2.0: 0.8458  NuScenes metric/pred_instances_3d_NuScenes/bus_AP_dist_4.0: 0.8746  NuScenes metric/pred_instances_3d_NuScenes/bus_trans_err: 0.3224  NuScenes metric/pred_instances_3d_NuScenes/bus_scale_err: 0.1821  NuScenes metric/pred_instances_3d_NuScenes/bus_orient_err: 0.0385  NuScenes metric/pred_instances_3d_NuScenes/bus_vel_err: 0.4412  NuScenes metric/pred_instances_3d_NuScenes/bus_attr_err: 0.2314  NuScenes metric/pred_instances_3d_NuScenes/trailer_AP_dist_0.5: 0.1329  NuScenes metric/pred_instances_3d_NuScenes/trailer_AP_dist_1.0: 0.3899  NuScenes metric/pred_instances_3d_NuScenes/trailer_AP_dist_2.0: 0.5440  NuScenes metric/pred_instances_3d_NuScenes/trailer_AP_dist_4.0: 0.6343  NuScenes metric/pred_instances_3d_NuScenes/trailer_trans_err: 0.5201  NuScenes metric/pred_instances_3d_NuScenes/trailer_scale_err: 0.2177  NuScenes metric/pred_instances_3d_NuScenes/trailer_orient_err: 0.5724  NuScenes metric/pred_instances_3d_NuScenes/trailer_vel_err: 0.1957  NuScenes metric/pred_instances_3d_NuScenes/trailer_attr_err: 0.1561  NuScenes metric/pred_instances_3d_NuScenes/barrier_AP_dist_0.5: 0.6002  NuScenes metric/pred_instances_3d_NuScenes/barrier_AP_dist_1.0: 0.6845  NuScenes metric/pred_instances_3d_NuScenes/barrier_AP_dist_2.0: 0.7257  NuScenes metric/pred_instances_3d_NuScenes/barrier_AP_dist_4.0: 0.7387  NuScenes metric/pred_instances_3d_NuScenes/barrier_trans_err: 0.1909  NuScenes metric/pred_instances_3d_NuScenes/barrier_scale_err: 0.2778  NuScenes metric/pred_instances_3d_NuScenes/barrier_orient_err: 0.0626  NuScenes metric/pred_instances_3d_NuScenes/barrier_vel_err: nan  NuScenes metric/pred_instances_3d_NuScenes/barrier_attr_err: nan  NuScenes metric/pred_instances_3d_NuScenes/motorcycle_AP_dist_0.5: 0.5702  NuScenes metric/pred_instances_3d_NuScenes/motorcycle_AP_dist_1.0: 0.6795  NuScenes metric/pred_instances_3d_NuScenes/motorcycle_AP_dist_2.0: 0.6939  NuScenes metric/pred_instances_3d_NuScenes/motorcycle_AP_dist_4.0: 0.7093  NuScenes metric/pred_instances_3d_NuScenes/motorcycle_trans_err: 0.1941  NuScenes metric/pred_instances_3d_NuScenes/motorcycle_scale_err: 0.2430  NuScenes metric/pred_instances_3d_NuScenes/motorcycle_orient_err: 0.2453  NuScenes metric/pred_instances_3d_NuScenes/motorcycle_vel_err: 0.4218  NuScenes metric/pred_instances_3d_NuScenes/motorcycle_attr_err: 0.2521  NuScenes metric/pred_instances_3d_NuScenes/bicycle_AP_dist_0.5: 0.4961  NuScenes metric/pred_instances_3d_NuScenes/bicycle_AP_dist_1.0: 0.5184  NuScenes metric/pred_instances_3d_NuScenes/bicycle_AP_dist_2.0: 0.5219  NuScenes metric/pred_instances_3d_NuScenes/bicycle_AP_dist_4.0: 0.5299  NuScenes metric/pred_instances_3d_NuScenes/bicycle_trans_err: 0.1547  NuScenes metric/pred_instances_3d_NuScenes/bicycle_scale_err: 0.2663  NuScenes metric/pred_instances_3d_NuScenes/bicycle_orient_err: 0.3350  NuScenes metric/pred_instances_3d_NuScenes/bicycle_vel_err: 0.2091  NuScenes metric/pred_instances_3d_NuScenes/bicycle_attr_err: 0.0084  NuScenes metric/pred_instances_3d_NuScenes/pedestrian_AP_dist_0.5: 0.8333  NuScenes metric/pred_instances_3d_NuScenes/pedestrian_AP_dist_1.0: 0.8458  NuScenes metric/pred_instances_3d_NuScenes/pedestrian_AP_dist_2.0: 0.8555  NuScenes metric/pred_instances_3d_NuScenes/pedestrian_AP_dist_4.0: 0.8674  NuScenes metric/pred_instances_3d_NuScenes/pedestrian_trans_err: 0.1319  NuScenes metric/pred_instances_3d_NuScenes/pedestrian_scale_err: 0.2851  NuScenes metric/pred_instances_3d_NuScenes/pedestrian_orient_err: 0.3839  NuScenes metric/pred_instances_3d_NuScenes/pedestrian_vel_err: 0.2225  NuScenes metric/pred_instances_3d_NuScenes/pedestrian_attr_err: 0.0928  NuScenes metric/pred_instances_3d_NuScenes/traffic_cone_AP_dist_0.5: 0.6218  NuScenes metric/pred_instances_3d_NuScenes/traffic_cone_AP_dist_1.0: 0.6327  NuScenes metric/pred_instances_3d_NuScenes/traffic_cone_AP_dist_2.0: 0.6533  NuScenes metric/pred_instances_3d_NuScenes/traffic_cone_AP_dist_4.0: 0.6907  NuScenes metric/pred_instances_3d_NuScenes/traffic_cone_trans_err: 0.1336  NuScenes metric/pred_instances_3d_NuScenes/traffic_cone_scale_err: 0.3420  NuScenes metric/pred_instances_3d_NuScenes/traffic_cone_orient_err: nan  NuScenes metric/pred_instances_3d_NuScenes/traffic_cone_vel_err: nan  NuScenes metric/pred_instances_3d_NuScenes/traffic_cone_attr_err: nan  NuScenes metric/pred_instances_3d_NuScenes/NDS: 0.6833  NuScenes metric/pred_instances_3d_NuScenes/mAP: 0.6245  data_time: 0.0239  time: 1.5466
