2024/12/07 21:24:07 - mmengine - INFO - 
------------------------------------------------------------
System environment:
    sys.platform: linux
    Python: 3.8.10 (default, Jul 29 2024, 17:02:10) [GCC 9.4.0]
    CUDA available: True
    MUSA available: False
    numpy_random_seed: 1911524187
    GPU 0: Xavier
    CUDA_HOME: /usr/local/cuda-11.4
    NVCC: Cuda compilation tools, release 11.4, V11.4.315
    GCC: aarch64-linux-gnu-gcc (Ubuntu 9.4.0-1ubuntu1~20.04.2) 9.4.0
    PyTorch: 1.11.0
    PyTorch compiling details: PyTorch built with:
  - GCC 9.4
  - C++ Version: 201402
  - OpenMP 201511 (a.k.a. OpenMP 4.5)
  - LAPACK is enabled (usually provided by MKL)
  - NNPACK is enabled
  - CPU capability usage: NO AVX
  - CUDA Runtime 11.4
  - NVCC architecture flags: -gencode;arch=compute_72,code=sm_72;-gencode;arch=compute_87,code=sm_87
  - CuDNN 8.6
    - Built with CuDNN 8.3.2
  - Build settings: BLAS_INFO=open, BUILD_TYPE=Release, CUDA_VERSION=11.4, CUDNN_VERSION=8.3.2, CXX_COMPILER=/usr/bin/c++, CXX_FLAGS= -Wno-deprecated -fvisibility-inlines-hidden -DUSE_PTHREADPOOL -fopenmp -DNDEBUG -DUSE_KINETO -DLIBKINETO_NOCUPTI -DUSE_XNNPACK -DSYMBOLICATE_MOBILE_DEBUG_HANDLE -DEDGE_PROFILER_USE_KINETO -O2 -fPIC -Wno-narrowing -Wall -Wextra -Werror=return-type -Wno-missing-field-initializers -Wno-type-limits -Wno-array-bounds -Wno-unknown-pragmas -Wno-sign-compare -Wno-unused-parameter -Wno-unused-function -Wno-unused-result -Wno-unused-local-typedefs -Wno-strict-overflow -Wno-strict-aliasing -Wno-error=deprecated-declarations -Wno-stringop-overflow -Wno-psabi -Wno-error=pedantic -Wno-error=redundant-decls -Wno-error=old-style-cast -fdiagnostics-color=always -faligned-new -Wno-unused-but-set-variable -Wno-maybe-uninitialized -fno-math-errno -fno-trapping-math -Werror=format -Werror=cast-function-type -Wno-stringop-overflow, FORCE_FALLBACK_CUDA_MPI=1, LAPACK_INFO=open, TORCH_VERSION=1.11.0, USE_CUDA=ON, USE_CUDNN=ON, USE_EIGEN_FOR_BLAS=ON, USE_EXCEPTION_PTR=1, USE_GFLAGS=OFF, USE_GLOG=OFF, USE_MKL=OFF, USE_MKLDNN=OFF, USE_MPI=ON, USE_NCCL=0, USE_NNPACK=ON, USE_OPENMP=ON, USE_ROCM=OFF, 

    TorchVision: 0.12.0
    OpenCV: 4.10.0
    MMEngine: 0.10.5

Runtime environment:
    cudnn_benchmark: False
    mp_cfg: {'mp_start_method': 'fork', 'opencv_num_threads': 0}
    dist_cfg: {'backend': 'nccl'}
    seed: 1911524187
    Distributed launcher: none
    Distributed training: False
    GPU number: 1
------------------------------------------------------------

2024/12/07 21:24:10 - mmengine - INFO - Config:
auto_scale_lr = dict(base_batch_size=32, enable=False)
backend_args = None
class_names = [
    'car',
    'truck',
    'construction_vehicle',
    'bus',
    'trailer',
    'barrier',
    'motorcycle',
    'bicycle',
    'pedestrian',
    'traffic_cone',
]
custom_hooks = [
    dict(disable_after_epoch=15, type='DisableObjectSampleHook'),
]
custom_imports = dict(
    allow_failed_imports=False, imports=[
        'projects.BEVFusion.bevfusion',
    ])
data_prefix = dict(
    CAM_BACK='samples/CAM_BACK',
    CAM_BACK_LEFT='samples/CAM_BACK_LEFT',
    CAM_BACK_RIGHT='samples/CAM_BACK_RIGHT',
    CAM_FRONT='samples/CAM_FRONT',
    CAM_FRONT_LEFT='samples/CAM_FRONT_LEFT',
    CAM_FRONT_RIGHT='samples/CAM_FRONT_RIGHT',
    pts='samples/LIDAR_TOP',
    sweeps='sweeps/LIDAR_TOP')
data_root = '/media/xavier02/Sparkles1/nuscenes/'
dataset_type = 'NuScenesDataset'
db_sampler = dict(
    classes=[
        'car',
        'truck',
        'construction_vehicle',
        'bus',
        'trailer',
        'barrier',
        'motorcycle',
        'bicycle',
        'pedestrian',
        'traffic_cone',
    ],
    data_root='/media/xavier02/Sparkles1/nuscenes/',
    info_path='/media/xavier02/Sparkles1/nuscenes/nuscenes_dbinfos_train.pkl',
    points_loader=dict(
        backend_args=None,
        coord_type='LIDAR',
        load_dim=5,
        type='LoadPointsFromFile',
        use_dim=[
            0,
            1,
            2,
            3,
            4,
        ]),
    prepare=dict(
        filter_by_difficulty=[
            -1,
        ],
        filter_by_min_points=dict(
            barrier=5,
            bicycle=5,
            bus=5,
            car=5,
            construction_vehicle=5,
            motorcycle=5,
            pedestrian=5,
            traffic_cone=5,
            trailer=5,
            truck=5)),
    rate=1.0,
    sample_groups=dict(
        barrier=2,
        bicycle=6,
        bus=4,
        car=2,
        construction_vehicle=7,
        motorcycle=6,
        pedestrian=2,
        traffic_cone=2,
        trailer=6,
        truck=3))
default_hooks = dict(
    checkpoint=dict(interval=5, type='CheckpointHook'),
    logger=dict(interval=50, type='LoggerHook'),
    param_scheduler=dict(type='ParamSchedulerHook'),
    sampler_seed=dict(type='DistSamplerSeedHook'),
    timer=dict(type='IterTimerHook'),
    visualization=dict(type='Det3DVisualizationHook'))
default_scope = 'mmdet3d'
env_cfg = dict(
    cudnn_benchmark=False,
    dist_cfg=dict(backend='nccl'),
    mp_cfg=dict(mp_start_method='fork', opencv_num_threads=0))
input_modality = dict(use_camera=False, use_lidar=True)
launcher = 'none'
load_from = 'projects/BEVFusion/configs/MMCV_Lidar_own.pth'
log_level = 'INFO'
log_processor = dict(by_epoch=True, type='LogProcessor', window_size=50)
lr = 0.0001
metainfo = dict(classes=[
    'car',
    'truck',
    'construction_vehicle',
    'bus',
    'trailer',
    'barrier',
    'motorcycle',
    'bicycle',
    'pedestrian',
    'traffic_cone',
])
model = dict(
    bbox_head=dict(
        auxiliary=True,
        bbox_coder=dict(
            code_size=10,
            out_size_factor=8,
            pc_range=[
                -54.0,
                -54.0,
            ],
            post_center_range=[
                -61.2,
                -61.2,
                -10.0,
                61.2,
                61.2,
                10.0,
            ],
            score_threshold=0.0,
            type='TransFusionBBoxCoder',
            voxel_size=[
                0.075,
                0.075,
            ]),
        bn_momentum=0.1,
        common_heads=dict(
            center=[
                2,
                2,
            ],
            dim=[
                3,
                2,
            ],
            height=[
                1,
                2,
            ],
            rot=[
                2,
                2,
            ],
            vel=[
                2,
                2,
            ]),
        decoder_layer=dict(
            cross_attn_cfg=dict(dropout=0.1, embed_dims=128, num_heads=8),
            ffn_cfg=dict(
                act_cfg=dict(inplace=True, type='ReLU'),
                embed_dims=128,
                feedforward_channels=256,
                ffn_drop=0.1,
                num_fcs=2),
            norm_cfg=dict(type='LN'),
            pos_encoding_cfg=dict(input_channel=2, num_pos_feats=128),
            self_attn_cfg=dict(dropout=0.1, embed_dims=128, num_heads=8),
            type='TransformerDecoderLayer'),
        hidden_channel=128,
        in_channels=512,
        loss_bbox=dict(
            loss_weight=0.25, reduction='mean', type='mmdet.L1Loss'),
        loss_cls=dict(
            alpha=0.25,
            gamma=2.0,
            loss_weight=1.0,
            reduction='mean',
            type='mmdet.FocalLoss',
            use_sigmoid=True),
        loss_heatmap=dict(
            loss_weight=1.0, reduction='mean', type='mmdet.GaussianFocalLoss'),
        nms_kernel_size=3,
        num_classes=10,
        num_decoder_layers=1,
        num_proposals=200,
        test_cfg=dict(
            dataset='nuScenes',
            grid_size=[
                1440,
                1440,
                41,
            ],
            nms_type=None,
            out_size_factor=8,
            pc_range=[
                -54.0,
                -54.0,
            ],
            voxel_size=[
                0.075,
                0.075,
            ]),
        train_cfg=dict(
            assigner=dict(
                cls_cost=dict(
                    alpha=0.25,
                    gamma=2.0,
                    type='mmdet.FocalLossCost',
                    weight=0.15),
                iou_calculator=dict(coordinate='lidar', type='BboxOverlaps3D'),
                iou_cost=dict(type='IoU3DCost', weight=0.25),
                reg_cost=dict(type='BBoxBEVL1Cost', weight=0.25),
                type='HungarianAssigner3D'),
            code_weights=[
                1.0,
                1.0,
                1.0,
                1.0,
                1.0,
                1.0,
                1.0,
                1.0,
                0.2,
                0.2,
            ],
            dataset='nuScenes',
            gaussian_overlap=0.1,
            grid_size=[
                1440,
                1440,
                41,
            ],
            min_radius=2,
            out_size_factor=8,
            point_cloud_range=[
                -54.0,
                -54.0,
                -5.0,
                54.0,
                54.0,
                3.0,
            ],
            pos_weight=-1,
            voxel_size=[
                0.075,
                0.075,
                0.2,
            ]),
        type='TransFusionHead'),
    data_preprocessor=dict(
        pad_size_divisor=32,
        type='Det3DDataPreprocessor',
        voxelize_cfg=dict(
            max_num_points=10,
            max_voxels=[
                120000,
                160000,
            ],
            point_cloud_range=[
                -54.0,
                -54.0,
                -5.0,
                54.0,
                54.0,
                3.0,
            ],
            voxel_size=[
                0.075,
                0.075,
                0.2,
            ],
            voxelize_reduce=True)),
    pts_backbone=dict(
        conv_cfg=dict(bias=False, type='Conv2d'),
        in_channels=256,
        layer_nums=[
            5,
            5,
        ],
        layer_strides=[
            1,
            2,
        ],
        norm_cfg=dict(eps=0.001, momentum=0.01, type='BN'),
        out_channels=[
            128,
            256,
        ],
        type='SECOND'),
    pts_middle_encoder=dict(
        block_type='basicblock',
        encoder_channels=(
            (
                16,
                16,
                32,
            ),
            (
                32,
                32,
                64,
            ),
            (
                64,
                64,
                128,
            ),
            (
                128,
                128,
            ),
        ),
        encoder_paddings=(
            (
                0,
                0,
                1,
            ),
            (
                0,
                0,
                1,
            ),
            (
                0,
                0,
                (
                    1,
                    1,
                    0,
                ),
            ),
            (
                0,
                0,
            ),
        ),
        in_channels=5,
        norm_cfg=dict(eps=0.001, momentum=0.01, type='BN1d'),
        order=(
            'conv',
            'norm',
            'act',
        ),
        sparse_shape=[
            1440,
            1440,
            41,
        ],
        type='BEVFusionSparseEncoder'),
    pts_neck=dict(
        in_channels=[
            128,
            256,
        ],
        norm_cfg=dict(eps=0.001, momentum=0.01, type='BN'),
        out_channels=[
            256,
            256,
        ],
        type='SECONDFPN',
        upsample_cfg=dict(bias=False, type='deconv'),
        upsample_strides=[
            1,
            2,
        ],
        use_conv_for_no_stride=True),
    pts_voxel_encoder=dict(num_features=5, type='HardSimpleVFE'),
    type='BEVFusion')
optim_wrapper = dict(
    clip_grad=dict(max_norm=35, norm_type=2),
    optimizer=dict(lr=0.0001, type='AdamW', weight_decay=0.01),
    type='OptimWrapper')
param_scheduler = [
    dict(
        T_max=8,
        begin=0,
        by_epoch=True,
        convert_to_iter_based=True,
        end=8,
        eta_min=0.001,
        type='CosineAnnealingLR'),
    dict(
        T_max=12,
        begin=8,
        by_epoch=True,
        convert_to_iter_based=True,
        end=20,
        eta_min=1e-08,
        type='CosineAnnealingLR'),
    dict(
        T_max=8,
        begin=0,
        by_epoch=True,
        convert_to_iter_based=True,
        end=8,
        eta_min=0.8947368421052632,
        type='CosineAnnealingMomentum'),
    dict(
        T_max=12,
        begin=8,
        by_epoch=True,
        convert_to_iter_based=True,
        end=20,
        eta_min=1,
        type='CosineAnnealingMomentum'),
]
point_cloud_range = [
    -54.0,
    -54.0,
    -5.0,
    54.0,
    54.0,
    3.0,
]
resume = False
test_cfg = dict()
test_dataloader = dict(
    batch_size=1,
    dataset=dict(
        ann_file='nuscenes_infos_val.pkl',
        backend_args=None,
        box_type_3d='LiDAR',
        data_prefix=dict(
            CAM_BACK='samples/CAM_BACK',
            CAM_BACK_LEFT='samples/CAM_BACK_LEFT',
            CAM_BACK_RIGHT='samples/CAM_BACK_RIGHT',
            CAM_FRONT='samples/CAM_FRONT',
            CAM_FRONT_LEFT='samples/CAM_FRONT_LEFT',
            CAM_FRONT_RIGHT='samples/CAM_FRONT_RIGHT',
            pts='samples/LIDAR_TOP',
            sweeps='sweeps/LIDAR_TOP'),
        data_root='/media/xavier02/Sparkles1/nuscenes/',
        metainfo=dict(classes=[
            'car',
            'truck',
            'construction_vehicle',
            'bus',
            'trailer',
            'barrier',
            'motorcycle',
            'bicycle',
            'pedestrian',
            'traffic_cone',
        ]),
        modality=dict(use_camera=False, use_lidar=True),
        pipeline=[
            dict(
                backend_args=None,
                coord_type='LIDAR',
                load_dim=5,
                type='LoadPointsFromFile',
                use_dim=5),
            dict(
                backend_args=None,
                load_dim=5,
                pad_empty_sweeps=True,
                remove_close=True,
                sweeps_num=1,
                type='LoadPointsFromMultiSweeps',
                use_dim=5),
            dict(
                point_cloud_range=[
                    -54.0,
                    -54.0,
                    -5.0,
                    54.0,
                    54.0,
                    3.0,
                ],
                type='PointsRangeFilter'),
            dict(
                keys=[
                    'img',
                    'points',
                    'gt_bboxes_3d',
                    'gt_labels_3d',
                ],
                meta_keys=[
                    'cam2img',
                    'ori_cam2img',
                    'lidar2cam',
                    'lidar2img',
                    'cam2lidar',
                    'ori_lidar2img',
                    'img_aug_matrix',
                    'box_type_3d',
                    'sample_idx',
                    'lidar_path',
                    'img_path',
                    'num_pts_feats',
                    'num_views',
                ],
                type='Pack3DDetInputs'),
        ],
        test_mode=True,
        type='NuScenesDataset'),
    drop_last=False,
    num_workers=4,
    persistent_workers=True,
    sampler=dict(shuffle=False, type='DefaultSampler'))
test_evaluator = dict(
    ann_file='/media/xavier02/Sparkles1/nuscenes/nuscenes_infos_val.pkl',
    backend_args=None,
    data_root='/media/xavier02/Sparkles1/nuscenes/',
    metric='bbox',
    type='NuScenesMetric')
test_pipeline = [
    dict(
        backend_args=None,
        coord_type='LIDAR',
        load_dim=5,
        type='LoadPointsFromFile',
        use_dim=5),
    dict(
        backend_args=None,
        load_dim=5,
        pad_empty_sweeps=True,
        remove_close=True,
        sweeps_num=1,
        type='LoadPointsFromMultiSweeps',
        use_dim=5),
    dict(
        point_cloud_range=[
            -54.0,
            -54.0,
            -5.0,
            54.0,
            54.0,
            3.0,
        ],
        type='PointsRangeFilter'),
    dict(
        keys=[
            'img',
            'points',
            'gt_bboxes_3d',
            'gt_labels_3d',
        ],
        meta_keys=[
            'cam2img',
            'ori_cam2img',
            'lidar2cam',
            'lidar2img',
            'cam2lidar',
            'ori_lidar2img',
            'img_aug_matrix',
            'box_type_3d',
            'sample_idx',
            'lidar_path',
            'img_path',
            'num_pts_feats',
            'num_views',
        ],
        type='Pack3DDetInputs'),
]
train_cfg = dict(by_epoch=True, max_epochs=20, val_interval=5)
train_dataloader = dict(
    batch_size=1,
    dataset=dict(
        dataset=dict(
            ann_file='nuscenes_infos_train.pkl',
            box_type_3d='LiDAR',
            data_prefix=dict(
                CAM_BACK='samples/CAM_BACK',
                CAM_BACK_LEFT='samples/CAM_BACK_LEFT',
                CAM_BACK_RIGHT='samples/CAM_BACK_RIGHT',
                CAM_FRONT='samples/CAM_FRONT',
                CAM_FRONT_LEFT='samples/CAM_FRONT_LEFT',
                CAM_FRONT_RIGHT='samples/CAM_FRONT_RIGHT',
                pts='samples/LIDAR_TOP',
                sweeps='sweeps/LIDAR_TOP'),
            data_root='/media/xavier02/Sparkles1/nuscenes/',
            metainfo=dict(classes=[
                'car',
                'truck',
                'construction_vehicle',
                'bus',
                'trailer',
                'barrier',
                'motorcycle',
                'bicycle',
                'pedestrian',
                'traffic_cone',
            ]),
            modality=dict(use_camera=False, use_lidar=True),
            pipeline=[
                dict(
                    backend_args=None,
                    coord_type='LIDAR',
                    load_dim=5,
                    type='LoadPointsFromFile',
                    use_dim=5),
                dict(
                    backend_args=None,
                    load_dim=5,
                    pad_empty_sweeps=True,
                    remove_close=True,
                    sweeps_num=1,
                    type='LoadPointsFromMultiSweeps',
                    use_dim=5),
                dict(
                    type='LoadAnnotations3D',
                    with_attr_label=False,
                    with_bbox_3d=True,
                    with_label_3d=True),
                dict(
                    db_sampler=dict(
                        classes=[
                            'car',
                            'truck',
                            'construction_vehicle',
                            'bus',
                            'trailer',
                            'barrier',
                            'motorcycle',
                            'bicycle',
                            'pedestrian',
                            'traffic_cone',
                        ],
                        data_root='/media/xavier02/Sparkles1/nuscenes/',
                        info_path=
                        '/media/xavier02/Sparkles1/nuscenes/nuscenes_dbinfos_train.pkl',
                        points_loader=dict(
                            backend_args=None,
                            coord_type='LIDAR',
                            load_dim=5,
                            type='LoadPointsFromFile',
                            use_dim=[
                                0,
                                1,
                                2,
                                3,
                                4,
                            ]),
                        prepare=dict(
                            filter_by_difficulty=[
                                -1,
                            ],
                            filter_by_min_points=dict(
                                barrier=5,
                                bicycle=5,
                                bus=5,
                                car=5,
                                construction_vehicle=5,
                                motorcycle=5,
                                pedestrian=5,
                                traffic_cone=5,
                                trailer=5,
                                truck=5)),
                        rate=1.0,
                        sample_groups=dict(
                            barrier=2,
                            bicycle=6,
                            bus=4,
                            car=2,
                            construction_vehicle=7,
                            motorcycle=6,
                            pedestrian=2,
                            traffic_cone=2,
                            trailer=6,
                            truck=3)),
                    type='ObjectSample'),
                dict(
                    rot_range=[
                        -0.78539816,
                        0.78539816,
                    ],
                    scale_ratio_range=[
                        0.9,
                        1.1,
                    ],
                    translation_std=0.5,
                    type='GlobalRotScaleTrans'),
                dict(type='BEVFusionRandomFlip3D'),
                dict(
                    point_cloud_range=[
                        -54.0,
                        -54.0,
                        -5.0,
                        54.0,
                        54.0,
                        3.0,
                    ],
                    type='PointsRangeFilter'),
                dict(
                    point_cloud_range=[
                        -54.0,
                        -54.0,
                        -5.0,
                        54.0,
                        54.0,
                        3.0,
                    ],
                    type='ObjectRangeFilter'),
                dict(
                    classes=[
                        'car',
                        'truck',
                        'construction_vehicle',
                        'bus',
                        'trailer',
                        'barrier',
                        'motorcycle',
                        'bicycle',
                        'pedestrian',
                        'traffic_cone',
                    ],
                    type='ObjectNameFilter'),
                dict(type='PointShuffle'),
                dict(
                    keys=[
                        'points',
                        'img',
                        'gt_bboxes_3d',
                        'gt_labels_3d',
                        'gt_bboxes',
                        'gt_labels',
                    ],
                    meta_keys=[
                        'cam2img',
                        'ori_cam2img',
                        'lidar2cam',
                        'lidar2img',
                        'cam2lidar',
                        'ori_lidar2img',
                        'img_aug_matrix',
                        'box_type_3d',
                        'sample_idx',
                        'lidar_path',
                        'img_path',
                        'transformation_3d_flow',
                        'pcd_rotation',
                        'pcd_scale_factor',
                        'pcd_trans',
                        'img_aug_matrix',
                        'lidar_aug_matrix',
                    ],
                    type='Pack3DDetInputs'),
            ],
            test_mode=False,
            type='NuScenesDataset',
            use_valid_flag=True),
        type='CBGSDataset'),
    num_workers=1,
    persistent_workers=True,
    sampler=dict(shuffle=True, type='DefaultSampler'))
train_pipeline = [
    dict(
        backend_args=None,
        coord_type='LIDAR',
        load_dim=5,
        type='LoadPointsFromFile',
        use_dim=5),
    dict(
        backend_args=None,
        load_dim=5,
        pad_empty_sweeps=True,
        remove_close=True,
        sweeps_num=1,
        type='LoadPointsFromMultiSweeps',
        use_dim=5),
    dict(
        type='LoadAnnotations3D',
        with_attr_label=False,
        with_bbox_3d=True,
        with_label_3d=True),
    dict(
        db_sampler=dict(
            classes=[
                'car',
                'truck',
                'construction_vehicle',
                'bus',
                'trailer',
                'barrier',
                'motorcycle',
                'bicycle',
                'pedestrian',
                'traffic_cone',
            ],
            data_root='/media/xavier02/Sparkles1/nuscenes/',
            info_path=
            '/media/xavier02/Sparkles1/nuscenes/nuscenes_dbinfos_train.pkl',
            points_loader=dict(
                backend_args=None,
                coord_type='LIDAR',
                load_dim=5,
                type='LoadPointsFromFile',
                use_dim=[
                    0,
                    1,
                    2,
                    3,
                    4,
                ]),
            prepare=dict(
                filter_by_difficulty=[
                    -1,
                ],
                filter_by_min_points=dict(
                    barrier=5,
                    bicycle=5,
                    bus=5,
                    car=5,
                    construction_vehicle=5,
                    motorcycle=5,
                    pedestrian=5,
                    traffic_cone=5,
                    trailer=5,
                    truck=5)),
            rate=1.0,
            sample_groups=dict(
                barrier=2,
                bicycle=6,
                bus=4,
                car=2,
                construction_vehicle=7,
                motorcycle=6,
                pedestrian=2,
                traffic_cone=2,
                trailer=6,
                truck=3)),
        type='ObjectSample'),
    dict(
        rot_range=[
            -0.78539816,
            0.78539816,
        ],
        scale_ratio_range=[
            0.9,
            1.1,
        ],
        translation_std=0.5,
        type='GlobalRotScaleTrans'),
    dict(type='BEVFusionRandomFlip3D'),
    dict(
        point_cloud_range=[
            -54.0,
            -54.0,
            -5.0,
            54.0,
            54.0,
            3.0,
        ],
        type='PointsRangeFilter'),
    dict(
        point_cloud_range=[
            -54.0,
            -54.0,
            -5.0,
            54.0,
            54.0,
            3.0,
        ],
        type='ObjectRangeFilter'),
    dict(
        classes=[
            'car',
            'truck',
            'construction_vehicle',
            'bus',
            'trailer',
            'barrier',
            'motorcycle',
            'bicycle',
            'pedestrian',
            'traffic_cone',
        ],
        type='ObjectNameFilter'),
    dict(type='PointShuffle'),
    dict(
        keys=[
            'points',
            'img',
            'gt_bboxes_3d',
            'gt_labels_3d',
            'gt_bboxes',
            'gt_labels',
        ],
        meta_keys=[
            'cam2img',
            'ori_cam2img',
            'lidar2cam',
            'lidar2img',
            'cam2lidar',
            'ori_lidar2img',
            'img_aug_matrix',
            'box_type_3d',
            'sample_idx',
            'lidar_path',
            'img_path',
            'transformation_3d_flow',
            'pcd_rotation',
            'pcd_scale_factor',
            'pcd_trans',
            'img_aug_matrix',
            'lidar_aug_matrix',
        ],
        type='Pack3DDetInputs'),
]
val_cfg = dict()
val_dataloader = dict(
    batch_size=1,
    dataset=dict(
        ann_file='nuscenes_infos_val.pkl',
        backend_args=None,
        box_type_3d='LiDAR',
        data_prefix=dict(
            CAM_BACK='samples/CAM_BACK',
            CAM_BACK_LEFT='samples/CAM_BACK_LEFT',
            CAM_BACK_RIGHT='samples/CAM_BACK_RIGHT',
            CAM_FRONT='samples/CAM_FRONT',
            CAM_FRONT_LEFT='samples/CAM_FRONT_LEFT',
            CAM_FRONT_RIGHT='samples/CAM_FRONT_RIGHT',
            pts='samples/LIDAR_TOP',
            sweeps='sweeps/LIDAR_TOP'),
        data_root='/media/xavier02/Sparkles1/nuscenes/',
        metainfo=dict(classes=[
            'car',
            'truck',
            'construction_vehicle',
            'bus',
            'trailer',
            'barrier',
            'motorcycle',
            'bicycle',
            'pedestrian',
            'traffic_cone',
        ]),
        modality=dict(use_camera=False, use_lidar=True),
        pipeline=[
            dict(
                backend_args=None,
                coord_type='LIDAR',
                load_dim=5,
                type='LoadPointsFromFile',
                use_dim=5),
            dict(
                backend_args=None,
                load_dim=5,
                pad_empty_sweeps=True,
                remove_close=True,
                sweeps_num=1,
                type='LoadPointsFromMultiSweeps',
                use_dim=5),
            dict(
                point_cloud_range=[
                    -54.0,
                    -54.0,
                    -5.0,
                    54.0,
                    54.0,
                    3.0,
                ],
                type='PointsRangeFilter'),
            dict(
                keys=[
                    'img',
                    'points',
                    'gt_bboxes_3d',
                    'gt_labels_3d',
                ],
                meta_keys=[
                    'cam2img',
                    'ori_cam2img',
                    'lidar2cam',
                    'lidar2img',
                    'cam2lidar',
                    'ori_lidar2img',
                    'img_aug_matrix',
                    'box_type_3d',
                    'sample_idx',
                    'lidar_path',
                    'img_path',
                    'num_pts_feats',
                    'num_views',
                ],
                type='Pack3DDetInputs'),
        ],
        test_mode=True,
        type='NuScenesDataset'),
    drop_last=False,
    num_workers=4,
    persistent_workers=True,
    sampler=dict(shuffle=False, type='DefaultSampler'))
val_evaluator = dict(
    ann_file='/media/xavier02/Sparkles1/nuscenes/nuscenes_infos_val.pkl',
    backend_args=None,
    data_root='/media/xavier02/Sparkles1/nuscenes/',
    metric='bbox',
    type='NuScenesMetric')
vis_backends = [
    dict(type='LocalVisBackend'),
]
visualizer = dict(
    name='visualizer',
    type='Det3DLocalVisualizer',
    vis_backends=[
        dict(type='LocalVisBackend'),
    ])
voxel_size = [
    0.075,
    0.075,
    0.2,
]
work_dir = './work_dirs/bevfusion_lidar_voxel0075_1sweeps'

2024/12/07 21:24:18 - mmengine - INFO - Distributed training is not used, all SyncBatchNorm (SyncBN) layers in the model will be automatically reverted to BatchNormXd layers if they are used.
2024/12/07 21:24:18 - mmengine - INFO - Hooks will be executed in the following order:
before_run:
(VERY_HIGH   ) RuntimeInfoHook                    
(BELOW_NORMAL) LoggerHook                         
 -------------------- 
before_train:
(VERY_HIGH   ) RuntimeInfoHook                    
(NORMAL      ) IterTimerHook                      
(VERY_LOW    ) CheckpointHook                     
 -------------------- 
before_train_epoch:
(VERY_HIGH   ) RuntimeInfoHook                    
(NORMAL      ) IterTimerHook                      
(NORMAL      ) DistSamplerSeedHook                
(NORMAL      ) DisableObjectSampleHook            
 -------------------- 
before_train_iter:
(VERY_HIGH   ) RuntimeInfoHook                    
(NORMAL      ) IterTimerHook                      
 -------------------- 
after_train_iter:
(VERY_HIGH   ) RuntimeInfoHook                    
(NORMAL      ) IterTimerHook                      
(BELOW_NORMAL) LoggerHook                         
(LOW         ) ParamSchedulerHook                 
(VERY_LOW    ) CheckpointHook                     
 -------------------- 
after_train_epoch:
(NORMAL      ) IterTimerHook                      
(LOW         ) ParamSchedulerHook                 
(VERY_LOW    ) CheckpointHook                     
 -------------------- 
before_val:
(VERY_HIGH   ) RuntimeInfoHook                    
 -------------------- 
before_val_epoch:
(NORMAL      ) IterTimerHook                      
 -------------------- 
before_val_iter:
(NORMAL      ) IterTimerHook                      
 -------------------- 
after_val_iter:
(NORMAL      ) IterTimerHook                      
(NORMAL      ) Det3DVisualizationHook             
(BELOW_NORMAL) LoggerHook                         
 -------------------- 
after_val_epoch:
(VERY_HIGH   ) RuntimeInfoHook                    
(NORMAL      ) IterTimerHook                      
(BELOW_NORMAL) LoggerHook                         
(LOW         ) ParamSchedulerHook                 
(VERY_LOW    ) CheckpointHook                     
 -------------------- 
after_val:
(VERY_HIGH   ) RuntimeInfoHook                    
 -------------------- 
after_train:
(VERY_HIGH   ) RuntimeInfoHook                    
(VERY_LOW    ) CheckpointHook                     
 -------------------- 
before_test:
(VERY_HIGH   ) RuntimeInfoHook                    
 -------------------- 
before_test_epoch:
(NORMAL      ) IterTimerHook                      
 -------------------- 
before_test_iter:
(NORMAL      ) IterTimerHook                      
 -------------------- 
after_test_iter:
(NORMAL      ) IterTimerHook                      
(NORMAL      ) Det3DVisualizationHook             
(BELOW_NORMAL) LoggerHook                         
 -------------------- 
after_test_epoch:
(VERY_HIGH   ) RuntimeInfoHook                    
(NORMAL      ) IterTimerHook                      
(BELOW_NORMAL) LoggerHook                         
 -------------------- 
after_test:
(VERY_HIGH   ) RuntimeInfoHook                    
 -------------------- 
after_run:
(BELOW_NORMAL) LoggerHook                         
 -------------------- 
2024/12/07 21:24:56 - mmengine - INFO - ------------------------------
2024/12/07 21:24:56 - mmengine - INFO - The length of test dataset: 6019
2024/12/07 21:24:56 - mmengine - INFO - The number of instances per category in the dataset:
+----------------------+--------+
| category             | number |
+----------------------+--------+
| car                  | 80004  |
| truck                | 15704  |
| construction_vehicle | 2678   |
| bus                  | 3158   |
| trailer              | 4159   |
| barrier              | 26992  |
| motorcycle           | 2508   |
| bicycle              | 2381   |
| pedestrian           | 34347  |
| traffic_cone         | 15597  |
+----------------------+--------+
2024/12/07 21:25:01 - mmengine - INFO - Load checkpoint from projects/BEVFusion/configs/MMCV_Lidar_own.pth
2024/12/07 21:25:18 - mmengine - INFO - Epoch(test) [  50/6019]    eta: 0:33:11  time: 0.3336  data_time: 0.0108  memory: 428  
2024/12/07 21:25:32 - mmengine - INFO - Epoch(test) [ 100/6019]    eta: 0:30:11  time: 0.2785  data_time: 0.0056  memory: 428  
2024/12/07 21:25:45 - mmengine - INFO - Epoch(test) [ 150/6019]    eta: 0:28:53  time: 0.2738  data_time: 0.0056  memory: 428  
2024/12/07 21:25:59 - mmengine - INFO - Epoch(test) [ 200/6019]    eta: 0:28:04  time: 0.2720  data_time: 0.0056  memory: 428  
2024/12/07 21:26:12 - mmengine - INFO - Epoch(test) [ 250/6019]    eta: 0:27:15  time: 0.2593  data_time: 0.0054  memory: 428  
2024/12/07 21:26:25 - mmengine - INFO - Epoch(test) [ 300/6019]    eta: 0:26:34  time: 0.2558  data_time: 0.0066  memory: 428  
2024/12/07 21:26:38 - mmengine - INFO - Epoch(test) [ 350/6019]    eta: 0:26:06  time: 0.2613  data_time: 0.0064  memory: 428  
2024/12/07 21:26:51 - mmengine - INFO - Epoch(test) [ 400/6019]    eta: 0:25:47  time: 0.2692  data_time: 0.0064  memory: 428  
2024/12/07 21:27:04 - mmengine - INFO - Epoch(test) [ 450/6019]    eta: 0:25:27  time: 0.2650  data_time: 0.0057  memory: 428  
2024/12/07 21:27:17 - mmengine - INFO - Epoch(test) [ 500/6019]    eta: 0:25:02  time: 0.2549  data_time: 0.0054  memory: 428  
2024/12/07 21:27:30 - mmengine - INFO - Epoch(test) [ 550/6019]    eta: 0:24:42  time: 0.2579  data_time: 0.0058  memory: 428  
2024/12/07 21:27:43 - mmengine - INFO - Epoch(test) [ 600/6019]    eta: 0:24:21  time: 0.2544  data_time: 0.0062  memory: 428  
2024/12/07 21:27:54 - mmengine - INFO - Epoch(test) [ 650/6019]    eta: 0:23:52  time: 0.2317  data_time: 0.0054  memory: 428  
2024/12/07 21:28:06 - mmengine - INFO - Epoch(test) [ 700/6019]    eta: 0:23:27  time: 0.2378  data_time: 0.0057  memory: 428  
2024/12/07 21:28:18 - mmengine - INFO - Epoch(test) [ 750/6019]    eta: 0:23:04  time: 0.2362  data_time: 0.0054  memory: 428  
2024/12/07 21:28:30 - mmengine - INFO - Epoch(test) [ 800/6019]    eta: 0:22:45  time: 0.2443  data_time: 0.0057  memory: 428  
2024/12/07 21:28:42 - mmengine - INFO - Epoch(test) [ 850/6019]    eta: 0:22:25  time: 0.2386  data_time: 0.0058  memory: 428  
2024/12/07 21:28:54 - mmengine - INFO - Epoch(test) [ 900/6019]    eta: 0:22:06  time: 0.2397  data_time: 0.0059  memory: 428  
2024/12/07 21:29:07 - mmengine - INFO - Epoch(test) [ 950/6019]    eta: 0:21:49  time: 0.2454  data_time: 0.0056  memory: 428  
2024/12/07 21:29:19 - mmengine - INFO - Epoch(test) [1000/6019]    eta: 0:21:34  time: 0.2479  data_time: 0.0056  memory: 428  
2024/12/07 21:29:31 - mmengine - INFO - Epoch(test) [1050/6019]    eta: 0:21:15  time: 0.2338  data_time: 0.0065  memory: 428  
2024/12/07 21:29:43 - mmengine - INFO - Epoch(test) [1100/6019]    eta: 0:21:00  time: 0.2448  data_time: 0.0058  memory: 428  
2024/12/07 21:29:55 - mmengine - INFO - Epoch(test) [1150/6019]    eta: 0:20:45  time: 0.2463  data_time: 0.0056  memory: 428  
2024/12/07 21:30:08 - mmengine - INFO - Epoch(test) [1200/6019]    eta: 0:20:30  time: 0.2457  data_time: 0.0057  memory: 428  
2024/12/07 21:30:21 - mmengine - INFO - Epoch(test) [1250/6019]    eta: 0:20:20  time: 0.2678  data_time: 0.0056  memory: 428  
2024/12/07 21:30:34 - mmengine - INFO - Epoch(test) [1300/6019]    eta: 0:20:06  time: 0.2528  data_time: 0.0055  memory: 428  
2024/12/07 21:30:47 - mmengine - INFO - Epoch(test) [1350/6019]    eta: 0:19:55  time: 0.2661  data_time: 0.0057  memory: 428  
2024/12/07 21:31:00 - mmengine - INFO - Epoch(test) [1400/6019]    eta: 0:19:44  time: 0.2650  data_time: 0.0057  memory: 428  
2024/12/07 21:31:14 - mmengine - INFO - Epoch(test) [1450/6019]    eta: 0:19:33  time: 0.2683  data_time: 0.0054  memory: 428  
2024/12/07 21:31:28 - mmengine - INFO - Epoch(test) [1500/6019]    eta: 0:19:23  time: 0.2794  data_time: 0.0056  memory: 428  
2024/12/07 21:31:41 - mmengine - INFO - Epoch(test) [1550/6019]    eta: 0:19:12  time: 0.2680  data_time: 0.0065  memory: 428  
2024/12/07 21:31:54 - mmengine - INFO - Epoch(test) [1600/6019]    eta: 0:18:59  time: 0.2561  data_time: 0.0061  memory: 428  
2024/12/07 21:32:07 - mmengine - INFO - Epoch(test) [1650/6019]    eta: 0:18:47  time: 0.2625  data_time: 0.0061  memory: 428  
2024/12/07 21:32:20 - mmengine - INFO - Epoch(test) [1700/6019]    eta: 0:18:34  time: 0.2567  data_time: 0.0055  memory: 428  
2024/12/07 21:32:32 - mmengine - INFO - Epoch(test) [1750/6019]    eta: 0:18:20  time: 0.2537  data_time: 0.0057  memory: 428  
2024/12/07 21:32:45 - mmengine - INFO - Epoch(test) [1800/6019]    eta: 0:18:06  time: 0.2483  data_time: 0.0060  memory: 428  
2024/12/07 21:32:58 - mmengine - INFO - Epoch(test) [1850/6019]    eta: 0:17:53  time: 0.2580  data_time: 0.0061  memory: 428  
2024/12/07 21:33:10 - mmengine - INFO - Epoch(test) [1900/6019]    eta: 0:17:39  time: 0.2482  data_time: 0.0059  memory: 428  
2024/12/07 21:33:23 - mmengine - INFO - Epoch(test) [1950/6019]    eta: 0:17:26  time: 0.2559  data_time: 0.0063  memory: 428  
2024/12/07 21:33:36 - mmengine - INFO - Epoch(test) [2000/6019]    eta: 0:17:14  time: 0.2640  data_time: 0.0056  memory: 428  
2024/12/07 21:33:49 - mmengine - INFO - Epoch(test) [2050/6019]    eta: 0:17:01  time: 0.2571  data_time: 0.0057  memory: 428  
2024/12/07 21:34:02 - mmengine - INFO - Epoch(test) [2100/6019]    eta: 0:16:49  time: 0.2580  data_time: 0.0057  memory: 428  
2024/12/07 21:34:14 - mmengine - INFO - Epoch(test) [2150/6019]    eta: 0:16:35  time: 0.2473  data_time: 0.0057  memory: 428  
2024/12/07 21:34:27 - mmengine - INFO - Epoch(test) [2200/6019]    eta: 0:16:22  time: 0.2560  data_time: 0.0059  memory: 428  
2024/12/07 21:34:40 - mmengine - INFO - Epoch(test) [2250/6019]    eta: 0:16:09  time: 0.2591  data_time: 0.0056  memory: 428  
2024/12/07 21:34:52 - mmengine - INFO - Epoch(test) [2300/6019]    eta: 0:15:55  time: 0.2393  data_time: 0.0056  memory: 428  
2024/12/07 21:35:03 - mmengine - INFO - Epoch(test) [2350/6019]    eta: 0:15:39  time: 0.2249  data_time: 0.0056  memory: 428  
2024/12/07 21:35:16 - mmengine - INFO - Epoch(test) [2400/6019]    eta: 0:15:26  time: 0.2452  data_time: 0.0059  memory: 428  
2024/12/07 21:35:27 - mmengine - INFO - Epoch(test) [2450/6019]    eta: 0:15:11  time: 0.2344  data_time: 0.0053  memory: 428  
2024/12/07 21:35:39 - mmengine - INFO - Epoch(test) [2500/6019]    eta: 0:14:57  time: 0.2348  data_time: 0.0054  memory: 428  
2024/12/07 21:35:51 - mmengine - INFO - Epoch(test) [2550/6019]    eta: 0:14:43  time: 0.2403  data_time: 0.0055  memory: 428  
2024/12/07 21:36:03 - mmengine - INFO - Epoch(test) [2600/6019]    eta: 0:14:29  time: 0.2289  data_time: 0.0055  memory: 428  
2024/12/07 21:36:15 - mmengine - INFO - Epoch(test) [2650/6019]    eta: 0:14:16  time: 0.2494  data_time: 0.0061  memory: 428  
2024/12/07 21:36:27 - mmengine - INFO - Epoch(test) [2700/6019]    eta: 0:14:03  time: 0.2483  data_time: 0.0060  memory: 428  
2024/12/07 21:36:39 - mmengine - INFO - Epoch(test) [2750/6019]    eta: 0:13:49  time: 0.2354  data_time: 0.0056  memory: 428  
2024/12/07 21:36:52 - mmengine - INFO - Epoch(test) [2800/6019]    eta: 0:13:36  time: 0.2449  data_time: 0.0056  memory: 428  
2024/12/07 21:37:03 - mmengine - INFO - Epoch(test) [2850/6019]    eta: 0:13:22  time: 0.2357  data_time: 0.0057  memory: 428  
2024/12/07 21:37:15 - mmengine - INFO - Epoch(test) [2900/6019]    eta: 0:13:08  time: 0.2269  data_time: 0.0054  memory: 428  
2024/12/07 21:37:26 - mmengine - INFO - Epoch(test) [2950/6019]    eta: 0:12:54  time: 0.2292  data_time: 0.0058  memory: 428  
2024/12/07 21:37:38 - mmengine - INFO - Epoch(test) [3000/6019]    eta: 0:12:41  time: 0.2405  data_time: 0.0055  memory: 428  
2024/12/07 21:37:50 - mmengine - INFO - Epoch(test) [3050/6019]    eta: 0:12:28  time: 0.2364  data_time: 0.0054  memory: 428  
2024/12/07 21:38:01 - mmengine - INFO - Epoch(test) [3100/6019]    eta: 0:12:14  time: 0.2292  data_time: 0.0060  memory: 428  
2024/12/07 21:38:12 - mmengine - INFO - Epoch(test) [3150/6019]    eta: 0:12:00  time: 0.2179  data_time: 0.0054  memory: 428  
2024/12/07 21:38:24 - mmengine - INFO - Epoch(test) [3200/6019]    eta: 0:11:47  time: 0.2349  data_time: 0.0056  memory: 428  
2024/12/07 21:38:36 - mmengine - INFO - Epoch(test) [3250/6019]    eta: 0:11:34  time: 0.2407  data_time: 0.0057  memory: 428  
2024/12/07 21:38:48 - mmengine - INFO - Epoch(test) [3300/6019]    eta: 0:11:21  time: 0.2446  data_time: 0.0056  memory: 428  
2024/12/07 21:39:00 - mmengine - INFO - Epoch(test) [3350/6019]    eta: 0:11:07  time: 0.2299  data_time: 0.0057  memory: 428  
2024/12/07 21:39:11 - mmengine - INFO - Epoch(test) [3400/6019]    eta: 0:10:54  time: 0.2309  data_time: 0.0054  memory: 428  
2024/12/07 21:39:23 - mmengine - INFO - Epoch(test) [3450/6019]    eta: 0:10:41  time: 0.2337  data_time: 0.0062  memory: 428  
2024/12/07 21:39:35 - mmengine - INFO - Epoch(test) [3500/6019]    eta: 0:10:28  time: 0.2317  data_time: 0.0055  memory: 428  
2024/12/07 21:39:46 - mmengine - INFO - Epoch(test) [3550/6019]    eta: 0:10:15  time: 0.2299  data_time: 0.0056  memory: 428  
2024/12/07 21:39:58 - mmengine - INFO - Epoch(test) [3600/6019]    eta: 0:10:02  time: 0.2343  data_time: 0.0055  memory: 428  
2024/12/07 21:40:10 - mmengine - INFO - Epoch(test) [3650/6019]    eta: 0:09:49  time: 0.2445  data_time: 0.0056  memory: 428  
2024/12/07 21:40:22 - mmengine - INFO - Epoch(test) [3700/6019]    eta: 0:09:36  time: 0.2348  data_time: 0.0056  memory: 428  
2024/12/07 21:40:35 - mmengine - INFO - Epoch(test) [3750/6019]    eta: 0:09:24  time: 0.2582  data_time: 0.0057  memory: 428  
2024/12/07 21:40:48 - mmengine - INFO - Epoch(test) [3800/6019]    eta: 0:09:12  time: 0.2687  data_time: 0.0056  memory: 428  
2024/12/07 21:41:01 - mmengine - INFO - Epoch(test) [3850/6019]    eta: 0:09:00  time: 0.2611  data_time: 0.0056  memory: 428  
2024/12/07 21:41:15 - mmengine - INFO - Epoch(test) [3900/6019]    eta: 0:08:49  time: 0.2773  data_time: 0.0057  memory: 428  
2024/12/07 21:41:29 - mmengine - INFO - Epoch(test) [3950/6019]    eta: 0:08:37  time: 0.2683  data_time: 0.0056  memory: 428  
2024/12/07 21:41:42 - mmengine - INFO - Epoch(test) [4000/6019]    eta: 0:08:25  time: 0.2702  data_time: 0.0057  memory: 428  
2024/12/07 21:41:54 - mmengine - INFO - Epoch(test) [4050/6019]    eta: 0:08:12  time: 0.2304  data_time: 0.0057  memory: 428  
2024/12/07 21:42:06 - mmengine - INFO - Epoch(test) [4100/6019]    eta: 0:07:59  time: 0.2447  data_time: 0.0056  memory: 428  
2024/12/07 21:42:19 - mmengine - INFO - Epoch(test) [4150/6019]    eta: 0:07:47  time: 0.2556  data_time: 0.0057  memory: 428  
2024/12/07 21:42:32 - mmengine - INFO - Epoch(test) [4200/6019]    eta: 0:07:34  time: 0.2581  data_time: 0.0057  memory: 428  
2024/12/07 21:42:43 - mmengine - INFO - Epoch(test) [4250/6019]    eta: 0:07:21  time: 0.2313  data_time: 0.0055  memory: 428  
2024/12/07 21:42:55 - mmengine - INFO - Epoch(test) [4300/6019]    eta: 0:07:08  time: 0.2279  data_time: 0.0056  memory: 428  
2024/12/07 21:43:06 - mmengine - INFO - Epoch(test) [4350/6019]    eta: 0:06:56  time: 0.2307  data_time: 0.0056  memory: 428  
2024/12/07 21:43:18 - mmengine - INFO - Epoch(test) [4400/6019]    eta: 0:06:43  time: 0.2439  data_time: 0.0061  memory: 428  
2024/12/07 21:43:31 - mmengine - INFO - Epoch(test) [4450/6019]    eta: 0:06:31  time: 0.2457  data_time: 0.0056  memory: 428  
2024/12/07 21:43:43 - mmengine - INFO - Epoch(test) [4500/6019]    eta: 0:06:18  time: 0.2436  data_time: 0.0060  memory: 428  
2024/12/07 21:43:56 - mmengine - INFO - Epoch(test) [4550/6019]    eta: 0:06:06  time: 0.2585  data_time: 0.0058  memory: 428  
2024/12/07 21:44:09 - mmengine - INFO - Epoch(test) [4600/6019]    eta: 0:05:53  time: 0.2654  data_time: 0.0056  memory: 428  
2024/12/07 21:44:22 - mmengine - INFO - Epoch(test) [4650/6019]    eta: 0:05:41  time: 0.2658  data_time: 0.0056  memory: 428  
2024/12/07 21:44:36 - mmengine - INFO - Epoch(test) [4700/6019]    eta: 0:05:29  time: 0.2659  data_time: 0.0058  memory: 428  
2024/12/07 21:44:49 - mmengine - INFO - Epoch(test) [4750/6019]    eta: 0:05:17  time: 0.2615  data_time: 0.0056  memory: 428  
2024/12/07 21:45:02 - mmengine - INFO - Epoch(test) [4800/6019]    eta: 0:05:04  time: 0.2585  data_time: 0.0056  memory: 428  
2024/12/07 21:45:15 - mmengine - INFO - Epoch(test) [4850/6019]    eta: 0:04:52  time: 0.2614  data_time: 0.0056  memory: 428  
2024/12/07 21:45:28 - mmengine - INFO - Epoch(test) [4900/6019]    eta: 0:04:39  time: 0.2557  data_time: 0.0056  memory: 428  
2024/12/07 21:45:40 - mmengine - INFO - Epoch(test) [4950/6019]    eta: 0:04:27  time: 0.2479  data_time: 0.0057  memory: 428  
2024/12/07 21:45:53 - mmengine - INFO - Epoch(test) [5000/6019]    eta: 0:04:14  time: 0.2602  data_time: 0.0056  memory: 428  
2024/12/07 21:46:06 - mmengine - INFO - Epoch(test) [5050/6019]    eta: 0:04:02  time: 0.2514  data_time: 0.0055  memory: 428  
2024/12/07 21:46:18 - mmengine - INFO - Epoch(test) [5100/6019]    eta: 0:03:49  time: 0.2501  data_time: 0.0055  memory: 428  
2024/12/07 21:46:31 - mmengine - INFO - Epoch(test) [5150/6019]    eta: 0:03:37  time: 0.2601  data_time: 0.0057  memory: 428  
2024/12/07 21:46:43 - mmengine - INFO - Epoch(test) [5200/6019]    eta: 0:03:25  time: 0.2470  data_time: 0.0058  memory: 428  
2024/12/07 21:46:56 - mmengine - INFO - Epoch(test) [5250/6019]    eta: 0:03:12  time: 0.2502  data_time: 0.0056  memory: 428  
2024/12/07 21:47:08 - mmengine - INFO - Epoch(test) [5300/6019]    eta: 0:02:59  time: 0.2474  data_time: 0.0057  memory: 428  
2024/12/07 21:47:21 - mmengine - INFO - Epoch(test) [5350/6019]    eta: 0:02:47  time: 0.2473  data_time: 0.0056  memory: 428  
2024/12/07 21:47:33 - mmengine - INFO - Epoch(test) [5400/6019]    eta: 0:02:34  time: 0.2473  data_time: 0.0057  memory: 428  
2024/12/07 21:47:46 - mmengine - INFO - Epoch(test) [5450/6019]    eta: 0:02:22  time: 0.2513  data_time: 0.0057  memory: 428  
2024/12/07 21:47:58 - mmengine - INFO - Epoch(test) [5500/6019]    eta: 0:02:09  time: 0.2534  data_time: 0.0056  memory: 428  
2024/12/07 21:48:11 - mmengine - INFO - Epoch(test) [5550/6019]    eta: 0:01:57  time: 0.2537  data_time: 0.0053  memory: 428  
2024/12/07 21:48:24 - mmengine - INFO - Epoch(test) [5600/6019]    eta: 0:01:44  time: 0.2642  data_time: 0.0058  memory: 428  
2024/12/07 21:48:37 - mmengine - INFO - Epoch(test) [5650/6019]    eta: 0:01:32  time: 0.2582  data_time: 0.0054  memory: 428  
2024/12/07 21:48:51 - mmengine - INFO - Epoch(test) [5700/6019]    eta: 0:01:19  time: 0.2655  data_time: 0.0056  memory: 428  
2024/12/07 21:49:04 - mmengine - INFO - Epoch(test) [5750/6019]    eta: 0:01:07  time: 0.2660  data_time: 0.0057  memory: 428  
2024/12/07 21:49:17 - mmengine - INFO - Epoch(test) [5800/6019]    eta: 0:00:54  time: 0.2536  data_time: 0.0054  memory: 428  
2024/12/07 21:49:30 - mmengine - INFO - Epoch(test) [5850/6019]    eta: 0:00:42  time: 0.2602  data_time: 0.0056  memory: 428  
2024/12/07 21:49:43 - mmengine - INFO - Epoch(test) [5900/6019]    eta: 0:00:29  time: 0.2722  data_time: 0.0057  memory: 428  
2024/12/07 21:49:56 - mmengine - INFO - Epoch(test) [5950/6019]    eta: 0:00:17  time: 0.2664  data_time: 0.0057  memory: 428  
2024/12/07 21:50:09 - mmengine - INFO - Epoch(test) [6000/6019]    eta: 0:00:04  time: 0.2446  data_time: 0.0056  memory: 428  
2024/12/07 22:17:13 - mmengine - INFO - Epoch(test) [6019/6019]    NuScenes metric/pred_instances_3d_NuScenes/car_AP_dist_0.5: 0.6855  NuScenes metric/pred_instances_3d_NuScenes/car_AP_dist_1.0: 0.7861  NuScenes metric/pred_instances_3d_NuScenes/car_AP_dist_2.0: 0.8293  NuScenes metric/pred_instances_3d_NuScenes/car_AP_dist_4.0: 0.8494  NuScenes metric/pred_instances_3d_NuScenes/car_trans_err: 0.1921  NuScenes metric/pred_instances_3d_NuScenes/car_scale_err: 0.1571  NuScenes metric/pred_instances_3d_NuScenes/car_orient_err: 0.1774  NuScenes metric/pred_instances_3d_NuScenes/car_vel_err: 0.9484  NuScenes metric/pred_instances_3d_NuScenes/car_attr_err: 0.2100  NuScenes metric/pred_instances_3d_NuScenes/mATE: 0.3078  NuScenes metric/pred_instances_3d_NuScenes/mASE: 0.2644  NuScenes metric/pred_instances_3d_NuScenes/mAOE: 0.4092  NuScenes metric/pred_instances_3d_NuScenes/mAVE: 0.8427  NuScenes metric/pred_instances_3d_NuScenes/mAAE: 0.2240  NuScenes metric/pred_instances_3d_NuScenes/truck_AP_dist_0.5: 0.3246  NuScenes metric/pred_instances_3d_NuScenes/truck_AP_dist_1.0: 0.4878  NuScenes metric/pred_instances_3d_NuScenes/truck_AP_dist_2.0: 0.5549  NuScenes metric/pred_instances_3d_NuScenes/truck_AP_dist_4.0: 0.5897  NuScenes metric/pred_instances_3d_NuScenes/truck_trans_err: 0.3331  NuScenes metric/pred_instances_3d_NuScenes/truck_scale_err: 0.1868  NuScenes metric/pred_instances_3d_NuScenes/truck_orient_err: 0.1525  NuScenes metric/pred_instances_3d_NuScenes/truck_vel_err: 0.8700  NuScenes metric/pred_instances_3d_NuScenes/truck_attr_err: 0.2869  NuScenes metric/pred_instances_3d_NuScenes/construction_vehicle_AP_dist_0.5: 0.0013  NuScenes metric/pred_instances_3d_NuScenes/construction_vehicle_AP_dist_1.0: 0.0377  NuScenes metric/pred_instances_3d_NuScenes/construction_vehicle_AP_dist_2.0: 0.1133  NuScenes metric/pred_instances_3d_NuScenes/construction_vehicle_AP_dist_4.0: 0.1746  NuScenes metric/pred_instances_3d_NuScenes/construction_vehicle_trans_err: 0.7841  NuScenes metric/pred_instances_3d_NuScenes/construction_vehicle_scale_err: 0.4751  NuScenes metric/pred_instances_3d_NuScenes/construction_vehicle_orient_err: 0.9761  NuScenes metric/pred_instances_3d_NuScenes/construction_vehicle_vel_err: 0.1472  NuScenes metric/pred_instances_3d_NuScenes/construction_vehicle_attr_err: 0.3585  NuScenes metric/pred_instances_3d_NuScenes/bus_AP_dist_0.5: 0.3902  NuScenes metric/pred_instances_3d_NuScenes/bus_AP_dist_1.0: 0.6167  NuScenes metric/pred_instances_3d_NuScenes/bus_AP_dist_2.0: 0.7294  NuScenes metric/pred_instances_3d_NuScenes/bus_AP_dist_4.0: 0.7546  NuScenes metric/pred_instances_3d_NuScenes/bus_trans_err: 0.3432  NuScenes metric/pred_instances_3d_NuScenes/bus_scale_err: 0.1871  NuScenes metric/pred_instances_3d_NuScenes/bus_orient_err: 0.1009  NuScenes metric/pred_instances_3d_NuScenes/bus_vel_err: 1.3415  NuScenes metric/pred_instances_3d_NuScenes/bus_attr_err: 0.2646  NuScenes metric/pred_instances_3d_NuScenes/trailer_AP_dist_0.5: 0.0751  NuScenes metric/pred_instances_3d_NuScenes/trailer_AP_dist_1.0: 0.2371  NuScenes metric/pred_instances_3d_NuScenes/trailer_AP_dist_2.0: 0.3377  NuScenes metric/pred_instances_3d_NuScenes/trailer_AP_dist_4.0: 0.4068  NuScenes metric/pred_instances_3d_NuScenes/trailer_trans_err: 0.5215  NuScenes metric/pred_instances_3d_NuScenes/trailer_scale_err: 0.2096  NuScenes metric/pred_instances_3d_NuScenes/trailer_orient_err: 0.6074  NuScenes metric/pred_instances_3d_NuScenes/trailer_vel_err: 0.6344  NuScenes metric/pred_instances_3d_NuScenes/trailer_attr_err: 0.2081  NuScenes metric/pred_instances_3d_NuScenes/barrier_AP_dist_0.5: 0.5306  NuScenes metric/pred_instances_3d_NuScenes/barrier_AP_dist_1.0: 0.6518  NuScenes metric/pred_instances_3d_NuScenes/barrier_AP_dist_2.0: 0.6971  NuScenes metric/pred_instances_3d_NuScenes/barrier_AP_dist_4.0: 0.7142  NuScenes metric/pred_instances_3d_NuScenes/barrier_trans_err: 0.2221  NuScenes metric/pred_instances_3d_NuScenes/barrier_scale_err: 0.2811  NuScenes metric/pred_instances_3d_NuScenes/barrier_orient_err: 0.0664  NuScenes metric/pred_instances_3d_NuScenes/barrier_vel_err: nan  NuScenes metric/pred_instances_3d_NuScenes/barrier_attr_err: nan  NuScenes metric/pred_instances_3d_NuScenes/motorcycle_AP_dist_0.5: 0.3204  NuScenes metric/pred_instances_3d_NuScenes/motorcycle_AP_dist_1.0: 0.3758  NuScenes metric/pred_instances_3d_NuScenes/motorcycle_AP_dist_2.0: 0.3813  NuScenes metric/pred_instances_3d_NuScenes/motorcycle_AP_dist_4.0: 0.3864  NuScenes metric/pred_instances_3d_NuScenes/motorcycle_trans_err: 0.2042  NuScenes metric/pred_instances_3d_NuScenes/motorcycle_scale_err: 0.2392  NuScenes metric/pred_instances_3d_NuScenes/motorcycle_orient_err: 0.4081  NuScenes metric/pred_instances_3d_NuScenes/motorcycle_vel_err: 1.8879  NuScenes metric/pred_instances_3d_NuScenes/motorcycle_attr_err: 0.2753  NuScenes metric/pred_instances_3d_NuScenes/bicycle_AP_dist_0.5: 0.1885  NuScenes metric/pred_instances_3d_NuScenes/bicycle_AP_dist_1.0: 0.1978  NuScenes metric/pred_instances_3d_NuScenes/bicycle_AP_dist_2.0: 0.1992  NuScenes metric/pred_instances_3d_NuScenes/bicycle_AP_dist_4.0: 0.2007  NuScenes metric/pred_instances_3d_NuScenes/bicycle_trans_err: 0.1922  NuScenes metric/pred_instances_3d_NuScenes/bicycle_scale_err: 0.2708  NuScenes metric/pred_instances_3d_NuScenes/bicycle_orient_err: 0.6741  NuScenes metric/pred_instances_3d_NuScenes/bicycle_vel_err: 0.5356  NuScenes metric/pred_instances_3d_NuScenes/bicycle_attr_err: 0.0375  NuScenes metric/pred_instances_3d_NuScenes/pedestrian_AP_dist_0.5: 0.7367  NuScenes metric/pred_instances_3d_NuScenes/pedestrian_AP_dist_1.0: 0.7505  NuScenes metric/pred_instances_3d_NuScenes/pedestrian_AP_dist_2.0: 0.7628  NuScenes metric/pred_instances_3d_NuScenes/pedestrian_AP_dist_4.0: 0.7794  NuScenes metric/pred_instances_3d_NuScenes/pedestrian_trans_err: 0.1425  NuScenes metric/pred_instances_3d_NuScenes/pedestrian_scale_err: 0.2849  NuScenes metric/pred_instances_3d_NuScenes/pedestrian_orient_err: 0.5196  NuScenes metric/pred_instances_3d_NuScenes/pedestrian_vel_err: 0.3768  NuScenes metric/pred_instances_3d_NuScenes/pedestrian_attr_err: 0.1507  NuScenes metric/pred_instances_3d_NuScenes/traffic_cone_AP_dist_0.5: 0.5477  NuScenes metric/pred_instances_3d_NuScenes/traffic_cone_AP_dist_1.0: 0.5616  NuScenes metric/pred_instances_3d_NuScenes/traffic_cone_AP_dist_2.0: 0.5800  NuScenes metric/pred_instances_3d_NuScenes/traffic_cone_AP_dist_4.0: 0.6130  NuScenes metric/pred_instances_3d_NuScenes/traffic_cone_trans_err: 0.1427  NuScenes metric/pred_instances_3d_NuScenes/traffic_cone_scale_err: 0.3522  NuScenes metric/pred_instances_3d_NuScenes/traffic_cone_orient_err: nan  NuScenes metric/pred_instances_3d_NuScenes/traffic_cone_vel_err: nan  NuScenes metric/pred_instances_3d_NuScenes/traffic_cone_attr_err: nan  NuScenes metric/pred_instances_3d_NuScenes/NDS: 0.5347  NuScenes metric/pred_instances_3d_NuScenes/mAP: 0.4789  data_time: 0.0057  time: 0.2511
