2024/12/09 02:49:29 - mmengine - INFO - 
------------------------------------------------------------
System environment:
    sys.platform: linux
    Python: 3.8.10 (default, Jul 29 2024, 17:02:10) [GCC 9.4.0]
    CUDA available: True
    MUSA available: False
    numpy_random_seed: 1733704079
    GPU 0: Xavier
    CUDA_HOME: /usr/local/cuda-11.4
    NVCC: Cuda compilation tools, release 11.4, V11.4.315
    GCC: aarch64-linux-gnu-gcc (Ubuntu 9.4.0-1ubuntu1~20.04.2) 9.4.0
    PyTorch: 1.11.0
    PyTorch compiling details: PyTorch built with:
  - GCC 9.4
  - C++ Version: 201402
  - OpenMP 201511 (a.k.a. OpenMP 4.5)
  - LAPACK is enabled (usually provided by MKL)
  - NNPACK is enabled
  - CPU capability usage: NO AVX
  - CUDA Runtime 11.4
  - NVCC architecture flags: -gencode;arch=compute_72,code=sm_72;-gencode;arch=compute_87,code=sm_87
  - CuDNN 8.6
    - Built with CuDNN 8.3.2
  - Build settings: BLAS_INFO=open, BUILD_TYPE=Release, CUDA_VERSION=11.4, CUDNN_VERSION=8.3.2, CXX_COMPILER=/usr/bin/c++, CXX_FLAGS= -Wno-deprecated -fvisibility-inlines-hidden -DUSE_PTHREADPOOL -fopenmp -DNDEBUG -DUSE_KINETO -DLIBKINETO_NOCUPTI -DUSE_XNNPACK -DSYMBOLICATE_MOBILE_DEBUG_HANDLE -DEDGE_PROFILER_USE_KINETO -O2 -fPIC -Wno-narrowing -Wall -Wextra -Werror=return-type -Wno-missing-field-initializers -Wno-type-limits -Wno-array-bounds -Wno-unknown-pragmas -Wno-sign-compare -Wno-unused-parameter -Wno-unused-function -Wno-unused-result -Wno-unused-local-typedefs -Wno-strict-overflow -Wno-strict-aliasing -Wno-error=deprecated-declarations -Wno-stringop-overflow -Wno-psabi -Wno-error=pedantic -Wno-error=redundant-decls -Wno-error=old-style-cast -fdiagnostics-color=always -faligned-new -Wno-unused-but-set-variable -Wno-maybe-uninitialized -fno-math-errno -fno-trapping-math -Werror=format -Werror=cast-function-type -Wno-stringop-overflow, FORCE_FALLBACK_CUDA_MPI=1, LAPACK_INFO=open, TORCH_VERSION=1.11.0, USE_CUDA=ON, USE_CUDNN=ON, USE_EIGEN_FOR_BLAS=ON, USE_EXCEPTION_PTR=1, USE_GFLAGS=OFF, USE_GLOG=OFF, USE_MKL=OFF, USE_MKLDNN=OFF, USE_MPI=ON, USE_NCCL=0, USE_NNPACK=ON, USE_OPENMP=ON, USE_ROCM=OFF, 

    TorchVision: 0.12.0
    OpenCV: 4.10.0
    MMEngine: 0.10.5

Runtime environment:
    cudnn_benchmark: False
    mp_cfg: {'mp_start_method': 'fork', 'opencv_num_threads': 0}
    dist_cfg: {'backend': 'nccl'}
    seed: 1733704079
    Distributed launcher: none
    Distributed training: False
    GPU number: 1
------------------------------------------------------------

2024/12/09 02:49:32 - mmengine - INFO - Config:
auto_scale_lr = dict(base_batch_size=32, enable=False)
backend_args = None
class_names = [
    'car',
    'truck',
    'construction_vehicle',
    'bus',
    'trailer',
    'barrier',
    'motorcycle',
    'bicycle',
    'pedestrian',
    'traffic_cone',
]
custom_hooks = [
    dict(disable_after_epoch=15, type='DisableObjectSampleHook'),
]
custom_imports = dict(
    allow_failed_imports=False, imports=[
        'projects.BEVFusion.bevfusion',
    ])
data_prefix = dict(
    CAM_BACK='samples/CAM_BACK',
    CAM_BACK_LEFT='samples/CAM_BACK_LEFT',
    CAM_BACK_RIGHT='samples/CAM_BACK_RIGHT',
    CAM_FRONT='samples/CAM_FRONT',
    CAM_FRONT_LEFT='samples/CAM_FRONT_LEFT',
    CAM_FRONT_RIGHT='samples/CAM_FRONT_RIGHT',
    pts='samples/LIDAR_TOP',
    sweeps='sweeps/LIDAR_TOP')
data_root = '/media/xavier02/Sparkles1/nuscenes/'
dataset_type = 'NuScenesDataset'
db_sampler = dict(
    classes=[
        'car',
        'truck',
        'construction_vehicle',
        'bus',
        'trailer',
        'barrier',
        'motorcycle',
        'bicycle',
        'pedestrian',
        'traffic_cone',
    ],
    data_root='/media/xavier02/Sparkles1/nuscenes/',
    info_path='/media/xavier02/Sparkles1/nuscenes/nuscenes_dbinfos_train.pkl',
    points_loader=dict(
        backend_args=None,
        coord_type='LIDAR',
        load_dim=5,
        type='LoadPointsFromFile',
        use_dim=[
            0,
            1,
            2,
            3,
            4,
        ]),
    prepare=dict(
        filter_by_difficulty=[
            -1,
        ],
        filter_by_min_points=dict(
            barrier=5,
            bicycle=5,
            bus=5,
            car=5,
            construction_vehicle=5,
            motorcycle=5,
            pedestrian=5,
            traffic_cone=5,
            trailer=5,
            truck=5)),
    rate=1.0,
    sample_groups=dict(
        barrier=2,
        bicycle=6,
        bus=4,
        car=2,
        construction_vehicle=7,
        motorcycle=6,
        pedestrian=2,
        traffic_cone=2,
        trailer=6,
        truck=3))
default_hooks = dict(
    checkpoint=dict(interval=5, type='CheckpointHook'),
    logger=dict(interval=50, type='LoggerHook'),
    param_scheduler=dict(type='ParamSchedulerHook'),
    sampler_seed=dict(type='DistSamplerSeedHook'),
    timer=dict(type='IterTimerHook'),
    visualization=dict(type='Det3DVisualizationHook'))
default_scope = 'mmdet3d'
env_cfg = dict(
    cudnn_benchmark=False,
    dist_cfg=dict(backend='nccl'),
    mp_cfg=dict(mp_start_method='fork', opencv_num_threads=0))
input_modality = dict(use_camera=False, use_lidar=True)
launcher = 'none'
load_from = 'projects/BEVFusion/configs/MMCV_Lidar_own.pth'
log_level = 'INFO'
log_processor = dict(by_epoch=True, type='LogProcessor', window_size=50)
lr = 0.0001
metainfo = dict(classes=[
    'car',
    'truck',
    'construction_vehicle',
    'bus',
    'trailer',
    'barrier',
    'motorcycle',
    'bicycle',
    'pedestrian',
    'traffic_cone',
])
model = dict(
    bbox_head=dict(
        auxiliary=True,
        bbox_coder=dict(
            code_size=10,
            out_size_factor=8,
            pc_range=[
                -54.0,
                -54.0,
            ],
            post_center_range=[
                -61.2,
                -61.2,
                -10.0,
                61.2,
                61.2,
                10.0,
            ],
            score_threshold=0.0,
            type='TransFusionBBoxCoder',
            voxel_size=[
                0.075,
                0.075,
            ]),
        bn_momentum=0.1,
        common_heads=dict(
            center=[
                2,
                2,
            ],
            dim=[
                3,
                2,
            ],
            height=[
                1,
                2,
            ],
            rot=[
                2,
                2,
            ],
            vel=[
                2,
                2,
            ]),
        decoder_layer=dict(
            cross_attn_cfg=dict(dropout=0.1, embed_dims=128, num_heads=8),
            ffn_cfg=dict(
                act_cfg=dict(inplace=True, type='ReLU'),
                embed_dims=128,
                feedforward_channels=256,
                ffn_drop=0.1,
                num_fcs=2),
            norm_cfg=dict(type='LN'),
            pos_encoding_cfg=dict(input_channel=2, num_pos_feats=128),
            self_attn_cfg=dict(dropout=0.1, embed_dims=128, num_heads=8),
            type='TransformerDecoderLayer'),
        hidden_channel=128,
        in_channels=512,
        loss_bbox=dict(
            loss_weight=0.25, reduction='mean', type='mmdet.L1Loss'),
        loss_cls=dict(
            alpha=0.25,
            gamma=2.0,
            loss_weight=1.0,
            reduction='mean',
            type='mmdet.FocalLoss',
            use_sigmoid=True),
        loss_heatmap=dict(
            loss_weight=1.0, reduction='mean', type='mmdet.GaussianFocalLoss'),
        nms_kernel_size=3,
        num_classes=10,
        num_decoder_layers=1,
        num_proposals=200,
        test_cfg=dict(
            dataset='nuScenes',
            grid_size=[
                1440,
                1440,
                41,
            ],
            nms_type=None,
            out_size_factor=8,
            pc_range=[
                -54.0,
                -54.0,
            ],
            voxel_size=[
                0.075,
                0.075,
            ]),
        train_cfg=dict(
            assigner=dict(
                cls_cost=dict(
                    alpha=0.25,
                    gamma=2.0,
                    type='mmdet.FocalLossCost',
                    weight=0.15),
                iou_calculator=dict(coordinate='lidar', type='BboxOverlaps3D'),
                iou_cost=dict(type='IoU3DCost', weight=0.25),
                reg_cost=dict(type='BBoxBEVL1Cost', weight=0.25),
                type='HungarianAssigner3D'),
            code_weights=[
                1.0,
                1.0,
                1.0,
                1.0,
                1.0,
                1.0,
                1.0,
                1.0,
                0.2,
                0.2,
            ],
            dataset='nuScenes',
            gaussian_overlap=0.1,
            grid_size=[
                1440,
                1440,
                41,
            ],
            min_radius=2,
            out_size_factor=8,
            point_cloud_range=[
                -54.0,
                -54.0,
                -5.0,
                54.0,
                54.0,
                3.0,
            ],
            pos_weight=-1,
            voxel_size=[
                0.075,
                0.075,
                0.2,
            ]),
        type='TransFusionHead'),
    data_preprocessor=dict(
        pad_size_divisor=32,
        type='Det3DDataPreprocessor',
        voxelize_cfg=dict(
            max_num_points=10,
            max_voxels=[
                120000,
                160000,
            ],
            point_cloud_range=[
                -54.0,
                -54.0,
                -5.0,
                54.0,
                54.0,
                3.0,
            ],
            voxel_size=[
                0.075,
                0.075,
                0.2,
            ],
            voxelize_reduce=True)),
    pts_backbone=dict(
        conv_cfg=dict(bias=False, type='Conv2d'),
        in_channels=256,
        layer_nums=[
            5,
            5,
        ],
        layer_strides=[
            1,
            2,
        ],
        norm_cfg=dict(eps=0.001, momentum=0.01, type='BN'),
        out_channels=[
            128,
            256,
        ],
        type='SECOND'),
    pts_middle_encoder=dict(
        block_type='basicblock',
        encoder_channels=(
            (
                16,
                16,
                32,
            ),
            (
                32,
                32,
                64,
            ),
            (
                64,
                64,
                128,
            ),
            (
                128,
                128,
            ),
        ),
        encoder_paddings=(
            (
                0,
                0,
                1,
            ),
            (
                0,
                0,
                1,
            ),
            (
                0,
                0,
                (
                    1,
                    1,
                    0,
                ),
            ),
            (
                0,
                0,
            ),
        ),
        in_channels=5,
        norm_cfg=dict(eps=0.001, momentum=0.01, type='BN1d'),
        order=(
            'conv',
            'norm',
            'act',
        ),
        sparse_shape=[
            1440,
            1440,
            41,
        ],
        type='BEVFusionSparseEncoder'),
    pts_neck=dict(
        in_channels=[
            128,
            256,
        ],
        norm_cfg=dict(eps=0.001, momentum=0.01, type='BN'),
        out_channels=[
            256,
            256,
        ],
        type='SECONDFPN',
        upsample_cfg=dict(bias=False, type='deconv'),
        upsample_strides=[
            1,
            2,
        ],
        use_conv_for_no_stride=True),
    pts_voxel_encoder=dict(num_features=5, type='HardSimpleVFE'),
    type='BEVFusion')
optim_wrapper = dict(
    clip_grad=dict(max_norm=35, norm_type=2),
    optimizer=dict(lr=0.0001, type='AdamW', weight_decay=0.01),
    type='OptimWrapper')
param_scheduler = [
    dict(
        T_max=8,
        begin=0,
        by_epoch=True,
        convert_to_iter_based=True,
        end=8,
        eta_min=0.001,
        type='CosineAnnealingLR'),
    dict(
        T_max=12,
        begin=8,
        by_epoch=True,
        convert_to_iter_based=True,
        end=20,
        eta_min=1e-08,
        type='CosineAnnealingLR'),
    dict(
        T_max=8,
        begin=0,
        by_epoch=True,
        convert_to_iter_based=True,
        end=8,
        eta_min=0.8947368421052632,
        type='CosineAnnealingMomentum'),
    dict(
        T_max=12,
        begin=8,
        by_epoch=True,
        convert_to_iter_based=True,
        end=20,
        eta_min=1,
        type='CosineAnnealingMomentum'),
]
point_cloud_range = [
    -54.0,
    -54.0,
    -5.0,
    54.0,
    54.0,
    3.0,
]
resume = False
test_cfg = dict()
test_dataloader = dict(
    batch_size=1,
    dataset=dict(
        ann_file='nuscenes_infos_val.pkl',
        backend_args=None,
        box_type_3d='LiDAR',
        data_prefix=dict(
            CAM_BACK='samples/CAM_BACK',
            CAM_BACK_LEFT='samples/CAM_BACK_LEFT',
            CAM_BACK_RIGHT='samples/CAM_BACK_RIGHT',
            CAM_FRONT='samples/CAM_FRONT',
            CAM_FRONT_LEFT='samples/CAM_FRONT_LEFT',
            CAM_FRONT_RIGHT='samples/CAM_FRONT_RIGHT',
            pts='samples/LIDAR_TOP',
            sweeps='sweeps/LIDAR_TOP'),
        data_root='/media/xavier02/Sparkles1/nuscenes/',
        metainfo=dict(classes=[
            'car',
            'truck',
            'construction_vehicle',
            'bus',
            'trailer',
            'barrier',
            'motorcycle',
            'bicycle',
            'pedestrian',
            'traffic_cone',
        ]),
        modality=dict(use_camera=False, use_lidar=True),
        pipeline=[
            dict(
                backend_args=None,
                coord_type='LIDAR',
                load_dim=5,
                type='LoadPointsFromFile',
                use_dim=5),
            dict(
                backend_args=None,
                load_dim=5,
                pad_empty_sweeps=True,
                remove_close=True,
                sweeps_num=9,
                type='LoadPointsFromMultiSweeps',
                use_dim=5),
            dict(type='PointShuffle'),
            dict(num_points=200000, type='PointSample'),
            dict(
                point_cloud_range=[
                    -54.0,
                    -54.0,
                    -5.0,
                    54.0,
                    54.0,
                    3.0,
                ],
                type='PointsRangeFilter'),
            dict(
                keys=[
                    'img',
                    'points',
                    'gt_bboxes_3d',
                    'gt_labels_3d',
                ],
                meta_keys=[
                    'cam2img',
                    'ori_cam2img',
                    'lidar2cam',
                    'lidar2img',
                    'cam2lidar',
                    'ori_lidar2img',
                    'img_aug_matrix',
                    'box_type_3d',
                    'sample_idx',
                    'lidar_path',
                    'img_path',
                    'num_pts_feats',
                    'num_views',
                ],
                type='Pack3DDetInputs'),
        ],
        test_mode=True,
        type='NuScenesDataset'),
    drop_last=False,
    num_workers=4,
    persistent_workers=True,
    sampler=dict(shuffle=False, type='DefaultSampler'))
test_evaluator = dict(
    ann_file='/media/xavier02/Sparkles1/nuscenes/nuscenes_infos_val.pkl',
    backend_args=None,
    data_root='/media/xavier02/Sparkles1/nuscenes/',
    metric='bbox',
    type='NuScenesMetric')
test_pipeline = [
    dict(
        backend_args=None,
        coord_type='LIDAR',
        load_dim=5,
        type='LoadPointsFromFile',
        use_dim=5),
    dict(
        backend_args=None,
        load_dim=5,
        pad_empty_sweeps=True,
        remove_close=True,
        sweeps_num=9,
        type='LoadPointsFromMultiSweeps',
        use_dim=5),
    dict(type='PointShuffle'),
    dict(num_points=200000, type='PointSample'),
    dict(
        point_cloud_range=[
            -54.0,
            -54.0,
            -5.0,
            54.0,
            54.0,
            3.0,
        ],
        type='PointsRangeFilter'),
    dict(
        keys=[
            'img',
            'points',
            'gt_bboxes_3d',
            'gt_labels_3d',
        ],
        meta_keys=[
            'cam2img',
            'ori_cam2img',
            'lidar2cam',
            'lidar2img',
            'cam2lidar',
            'ori_lidar2img',
            'img_aug_matrix',
            'box_type_3d',
            'sample_idx',
            'lidar_path',
            'img_path',
            'num_pts_feats',
            'num_views',
        ],
        type='Pack3DDetInputs'),
]
train_cfg = dict(by_epoch=True, max_epochs=20, val_interval=5)
train_dataloader = dict(
    batch_size=1,
    dataset=dict(
        dataset=dict(
            ann_file='nuscenes_infos_train.pkl',
            box_type_3d='LiDAR',
            data_prefix=dict(
                CAM_BACK='samples/CAM_BACK',
                CAM_BACK_LEFT='samples/CAM_BACK_LEFT',
                CAM_BACK_RIGHT='samples/CAM_BACK_RIGHT',
                CAM_FRONT='samples/CAM_FRONT',
                CAM_FRONT_LEFT='samples/CAM_FRONT_LEFT',
                CAM_FRONT_RIGHT='samples/CAM_FRONT_RIGHT',
                pts='samples/LIDAR_TOP',
                sweeps='sweeps/LIDAR_TOP'),
            data_root='/media/xavier02/Sparkles1/nuscenes/',
            metainfo=dict(classes=[
                'car',
                'truck',
                'construction_vehicle',
                'bus',
                'trailer',
                'barrier',
                'motorcycle',
                'bicycle',
                'pedestrian',
                'traffic_cone',
            ]),
            modality=dict(use_camera=False, use_lidar=True),
            pipeline=[
                dict(
                    backend_args=None,
                    coord_type='LIDAR',
                    load_dim=5,
                    type='LoadPointsFromFile',
                    use_dim=5),
                dict(
                    backend_args=None,
                    load_dim=5,
                    pad_empty_sweeps=True,
                    remove_close=True,
                    sweeps_num=9,
                    type='LoadPointsFromMultiSweeps',
                    use_dim=5),
                dict(
                    type='LoadAnnotations3D',
                    with_attr_label=False,
                    with_bbox_3d=True,
                    with_label_3d=True),
                dict(
                    db_sampler=dict(
                        classes=[
                            'car',
                            'truck',
                            'construction_vehicle',
                            'bus',
                            'trailer',
                            'barrier',
                            'motorcycle',
                            'bicycle',
                            'pedestrian',
                            'traffic_cone',
                        ],
                        data_root='/media/xavier02/Sparkles1/nuscenes/',
                        info_path=
                        '/media/xavier02/Sparkles1/nuscenes/nuscenes_dbinfos_train.pkl',
                        points_loader=dict(
                            backend_args=None,
                            coord_type='LIDAR',
                            load_dim=5,
                            type='LoadPointsFromFile',
                            use_dim=[
                                0,
                                1,
                                2,
                                3,
                                4,
                            ]),
                        prepare=dict(
                            filter_by_difficulty=[
                                -1,
                            ],
                            filter_by_min_points=dict(
                                barrier=5,
                                bicycle=5,
                                bus=5,
                                car=5,
                                construction_vehicle=5,
                                motorcycle=5,
                                pedestrian=5,
                                traffic_cone=5,
                                trailer=5,
                                truck=5)),
                        rate=1.0,
                        sample_groups=dict(
                            barrier=2,
                            bicycle=6,
                            bus=4,
                            car=2,
                            construction_vehicle=7,
                            motorcycle=6,
                            pedestrian=2,
                            traffic_cone=2,
                            trailer=6,
                            truck=3)),
                    type='ObjectSample'),
                dict(
                    rot_range=[
                        -0.78539816,
                        0.78539816,
                    ],
                    scale_ratio_range=[
                        0.9,
                        1.1,
                    ],
                    translation_std=0.5,
                    type='GlobalRotScaleTrans'),
                dict(type='BEVFusionRandomFlip3D'),
                dict(
                    point_cloud_range=[
                        -54.0,
                        -54.0,
                        -5.0,
                        54.0,
                        54.0,
                        3.0,
                    ],
                    type='PointsRangeFilter'),
                dict(
                    point_cloud_range=[
                        -54.0,
                        -54.0,
                        -5.0,
                        54.0,
                        54.0,
                        3.0,
                    ],
                    type='ObjectRangeFilter'),
                dict(
                    classes=[
                        'car',
                        'truck',
                        'construction_vehicle',
                        'bus',
                        'trailer',
                        'barrier',
                        'motorcycle',
                        'bicycle',
                        'pedestrian',
                        'traffic_cone',
                    ],
                    type='ObjectNameFilter'),
                dict(type='PointShuffle'),
                dict(
                    keys=[
                        'points',
                        'img',
                        'gt_bboxes_3d',
                        'gt_labels_3d',
                        'gt_bboxes',
                        'gt_labels',
                    ],
                    meta_keys=[
                        'cam2img',
                        'ori_cam2img',
                        'lidar2cam',
                        'lidar2img',
                        'cam2lidar',
                        'ori_lidar2img',
                        'img_aug_matrix',
                        'box_type_3d',
                        'sample_idx',
                        'lidar_path',
                        'img_path',
                        'transformation_3d_flow',
                        'pcd_rotation',
                        'pcd_scale_factor',
                        'pcd_trans',
                        'img_aug_matrix',
                        'lidar_aug_matrix',
                    ],
                    type='Pack3DDetInputs'),
            ],
            test_mode=False,
            type='NuScenesDataset',
            use_valid_flag=True),
        type='CBGSDataset'),
    num_workers=1,
    persistent_workers=True,
    sampler=dict(shuffle=True, type='DefaultSampler'))
train_pipeline = [
    dict(
        backend_args=None,
        coord_type='LIDAR',
        load_dim=5,
        type='LoadPointsFromFile',
        use_dim=5),
    dict(
        backend_args=None,
        load_dim=5,
        pad_empty_sweeps=True,
        remove_close=True,
        sweeps_num=9,
        type='LoadPointsFromMultiSweeps',
        use_dim=5),
    dict(
        type='LoadAnnotations3D',
        with_attr_label=False,
        with_bbox_3d=True,
        with_label_3d=True),
    dict(
        db_sampler=dict(
            classes=[
                'car',
                'truck',
                'construction_vehicle',
                'bus',
                'trailer',
                'barrier',
                'motorcycle',
                'bicycle',
                'pedestrian',
                'traffic_cone',
            ],
            data_root='/media/xavier02/Sparkles1/nuscenes/',
            info_path=
            '/media/xavier02/Sparkles1/nuscenes/nuscenes_dbinfos_train.pkl',
            points_loader=dict(
                backend_args=None,
                coord_type='LIDAR',
                load_dim=5,
                type='LoadPointsFromFile',
                use_dim=[
                    0,
                    1,
                    2,
                    3,
                    4,
                ]),
            prepare=dict(
                filter_by_difficulty=[
                    -1,
                ],
                filter_by_min_points=dict(
                    barrier=5,
                    bicycle=5,
                    bus=5,
                    car=5,
                    construction_vehicle=5,
                    motorcycle=5,
                    pedestrian=5,
                    traffic_cone=5,
                    trailer=5,
                    truck=5)),
            rate=1.0,
            sample_groups=dict(
                barrier=2,
                bicycle=6,
                bus=4,
                car=2,
                construction_vehicle=7,
                motorcycle=6,
                pedestrian=2,
                traffic_cone=2,
                trailer=6,
                truck=3)),
        type='ObjectSample'),
    dict(
        rot_range=[
            -0.78539816,
            0.78539816,
        ],
        scale_ratio_range=[
            0.9,
            1.1,
        ],
        translation_std=0.5,
        type='GlobalRotScaleTrans'),
    dict(type='BEVFusionRandomFlip3D'),
    dict(
        point_cloud_range=[
            -54.0,
            -54.0,
            -5.0,
            54.0,
            54.0,
            3.0,
        ],
        type='PointsRangeFilter'),
    dict(
        point_cloud_range=[
            -54.0,
            -54.0,
            -5.0,
            54.0,
            54.0,
            3.0,
        ],
        type='ObjectRangeFilter'),
    dict(
        classes=[
            'car',
            'truck',
            'construction_vehicle',
            'bus',
            'trailer',
            'barrier',
            'motorcycle',
            'bicycle',
            'pedestrian',
            'traffic_cone',
        ],
        type='ObjectNameFilter'),
    dict(type='PointShuffle'),
    dict(
        keys=[
            'points',
            'img',
            'gt_bboxes_3d',
            'gt_labels_3d',
            'gt_bboxes',
            'gt_labels',
        ],
        meta_keys=[
            'cam2img',
            'ori_cam2img',
            'lidar2cam',
            'lidar2img',
            'cam2lidar',
            'ori_lidar2img',
            'img_aug_matrix',
            'box_type_3d',
            'sample_idx',
            'lidar_path',
            'img_path',
            'transformation_3d_flow',
            'pcd_rotation',
            'pcd_scale_factor',
            'pcd_trans',
            'img_aug_matrix',
            'lidar_aug_matrix',
        ],
        type='Pack3DDetInputs'),
]
val_cfg = dict()
val_dataloader = dict(
    batch_size=1,
    dataset=dict(
        ann_file='nuscenes_infos_val.pkl',
        backend_args=None,
        box_type_3d='LiDAR',
        data_prefix=dict(
            CAM_BACK='samples/CAM_BACK',
            CAM_BACK_LEFT='samples/CAM_BACK_LEFT',
            CAM_BACK_RIGHT='samples/CAM_BACK_RIGHT',
            CAM_FRONT='samples/CAM_FRONT',
            CAM_FRONT_LEFT='samples/CAM_FRONT_LEFT',
            CAM_FRONT_RIGHT='samples/CAM_FRONT_RIGHT',
            pts='samples/LIDAR_TOP',
            sweeps='sweeps/LIDAR_TOP'),
        data_root='/media/xavier02/Sparkles1/nuscenes/',
        metainfo=dict(classes=[
            'car',
            'truck',
            'construction_vehicle',
            'bus',
            'trailer',
            'barrier',
            'motorcycle',
            'bicycle',
            'pedestrian',
            'traffic_cone',
        ]),
        modality=dict(use_camera=False, use_lidar=True),
        pipeline=[
            dict(
                backend_args=None,
                coord_type='LIDAR',
                load_dim=5,
                type='LoadPointsFromFile',
                use_dim=5),
            dict(
                backend_args=None,
                load_dim=5,
                pad_empty_sweeps=True,
                remove_close=True,
                sweeps_num=9,
                type='LoadPointsFromMultiSweeps',
                use_dim=5),
            dict(type='PointShuffle'),
            dict(num_points=200000, type='PointSample'),
            dict(
                point_cloud_range=[
                    -54.0,
                    -54.0,
                    -5.0,
                    54.0,
                    54.0,
                    3.0,
                ],
                type='PointsRangeFilter'),
            dict(
                keys=[
                    'img',
                    'points',
                    'gt_bboxes_3d',
                    'gt_labels_3d',
                ],
                meta_keys=[
                    'cam2img',
                    'ori_cam2img',
                    'lidar2cam',
                    'lidar2img',
                    'cam2lidar',
                    'ori_lidar2img',
                    'img_aug_matrix',
                    'box_type_3d',
                    'sample_idx',
                    'lidar_path',
                    'img_path',
                    'num_pts_feats',
                    'num_views',
                ],
                type='Pack3DDetInputs'),
        ],
        test_mode=True,
        type='NuScenesDataset'),
    drop_last=False,
    num_workers=4,
    persistent_workers=True,
    sampler=dict(shuffle=False, type='DefaultSampler'))
val_evaluator = dict(
    ann_file='/media/xavier02/Sparkles1/nuscenes/nuscenes_infos_val.pkl',
    backend_args=None,
    data_root='/media/xavier02/Sparkles1/nuscenes/',
    metric='bbox',
    type='NuScenesMetric')
vis_backends = [
    dict(type='LocalVisBackend'),
]
visualizer = dict(
    name='visualizer',
    type='Det3DLocalVisualizer',
    vis_backends=[
        dict(type='LocalVisBackend'),
    ])
voxel_size = [
    0.075,
    0.075,
    0.2,
]
work_dir = './work_dirs/bevfusion_lidar_voxel0075_200k'

2024/12/09 02:49:41 - mmengine - INFO - Distributed training is not used, all SyncBatchNorm (SyncBN) layers in the model will be automatically reverted to BatchNormXd layers if they are used.
2024/12/09 02:49:41 - mmengine - INFO - Hooks will be executed in the following order:
before_run:
(VERY_HIGH   ) RuntimeInfoHook                    
(BELOW_NORMAL) LoggerHook                         
 -------------------- 
before_train:
(VERY_HIGH   ) RuntimeInfoHook                    
(NORMAL      ) IterTimerHook                      
(VERY_LOW    ) CheckpointHook                     
 -------------------- 
before_train_epoch:
(VERY_HIGH   ) RuntimeInfoHook                    
(NORMAL      ) IterTimerHook                      
(NORMAL      ) DistSamplerSeedHook                
(NORMAL      ) DisableObjectSampleHook            
 -------------------- 
before_train_iter:
(VERY_HIGH   ) RuntimeInfoHook                    
(NORMAL      ) IterTimerHook                      
 -------------------- 
after_train_iter:
(VERY_HIGH   ) RuntimeInfoHook                    
(NORMAL      ) IterTimerHook                      
(BELOW_NORMAL) LoggerHook                         
(LOW         ) ParamSchedulerHook                 
(VERY_LOW    ) CheckpointHook                     
 -------------------- 
after_train_epoch:
(NORMAL      ) IterTimerHook                      
(LOW         ) ParamSchedulerHook                 
(VERY_LOW    ) CheckpointHook                     
 -------------------- 
before_val:
(VERY_HIGH   ) RuntimeInfoHook                    
 -------------------- 
before_val_epoch:
(NORMAL      ) IterTimerHook                      
 -------------------- 
before_val_iter:
(NORMAL      ) IterTimerHook                      
 -------------------- 
after_val_iter:
(NORMAL      ) IterTimerHook                      
(NORMAL      ) Det3DVisualizationHook             
(BELOW_NORMAL) LoggerHook                         
 -------------------- 
after_val_epoch:
(VERY_HIGH   ) RuntimeInfoHook                    
(NORMAL      ) IterTimerHook                      
(BELOW_NORMAL) LoggerHook                         
(LOW         ) ParamSchedulerHook                 
(VERY_LOW    ) CheckpointHook                     
 -------------------- 
after_val:
(VERY_HIGH   ) RuntimeInfoHook                    
 -------------------- 
after_train:
(VERY_HIGH   ) RuntimeInfoHook                    
(VERY_LOW    ) CheckpointHook                     
 -------------------- 
before_test:
(VERY_HIGH   ) RuntimeInfoHook                    
 -------------------- 
before_test_epoch:
(NORMAL      ) IterTimerHook                      
 -------------------- 
before_test_iter:
(NORMAL      ) IterTimerHook                      
 -------------------- 
after_test_iter:
(NORMAL      ) IterTimerHook                      
(NORMAL      ) Det3DVisualizationHook             
(BELOW_NORMAL) LoggerHook                         
 -------------------- 
after_test_epoch:
(VERY_HIGH   ) RuntimeInfoHook                    
(NORMAL      ) IterTimerHook                      
(BELOW_NORMAL) LoggerHook                         
 -------------------- 
after_test:
(VERY_HIGH   ) RuntimeInfoHook                    
 -------------------- 
after_run:
(BELOW_NORMAL) LoggerHook                         
 -------------------- 
2024/12/09 02:50:18 - mmengine - INFO - ------------------------------
2024/12/09 02:50:18 - mmengine - INFO - The length of test dataset: 6019
2024/12/09 02:50:18 - mmengine - INFO - The number of instances per category in the dataset:
+----------------------+--------+
| category             | number |
+----------------------+--------+
| car                  | 80004  |
| truck                | 15704  |
| construction_vehicle | 2678   |
| bus                  | 3158   |
| trailer              | 4159   |
| barrier              | 26992  |
| motorcycle           | 2508   |
| bicycle              | 2381   |
| pedestrian           | 34347  |
| traffic_cone         | 15597  |
+----------------------+--------+
2024/12/09 02:50:23 - mmengine - INFO - Load checkpoint from projects/BEVFusion/configs/MMCV_Lidar_own.pth
2024/12/09 02:50:57 - mmengine - INFO - Epoch(test) [  50/6019]    eta: 1:08:19  time: 0.6868  data_time: 0.0181  memory: 432  
2024/12/09 02:51:31 - mmengine - INFO - Epoch(test) [ 100/6019]    eta: 1:07:17  time: 0.6776  data_time: 0.0075  memory: 432  
2024/12/09 02:52:03 - mmengine - INFO - Epoch(test) [ 150/6019]    eta: 1:05:43  time: 0.6515  data_time: 0.0074  memory: 432  
2024/12/09 02:52:36 - mmengine - INFO - Epoch(test) [ 200/6019]    eta: 1:04:49  time: 0.6581  data_time: 0.0076  memory: 432  
2024/12/09 02:53:08 - mmengine - INFO - Epoch(test) [ 250/6019]    eta: 1:03:40  time: 0.6369  data_time: 0.0074  memory: 433  
2024/12/09 02:53:39 - mmengine - INFO - Epoch(test) [ 300/6019]    eta: 1:02:29  time: 0.6233  data_time: 0.0084  memory: 432  
2024/12/09 02:54:11 - mmengine - INFO - Epoch(test) [ 350/6019]    eta: 1:01:38  time: 0.6327  data_time: 0.0077  memory: 432  
2024/12/09 02:54:44 - mmengine - INFO - Epoch(test) [ 400/6019]    eta: 1:01:06  time: 0.6539  data_time: 0.0078  memory: 432  
2024/12/09 02:55:16 - mmengine - INFO - Epoch(test) [ 450/6019]    eta: 1:00:28  time: 0.6432  data_time: 0.0073  memory: 432  
2024/12/09 02:55:47 - mmengine - INFO - Epoch(test) [ 500/6019]    eta: 0:59:41  time: 0.6256  data_time: 0.0072  memory: 431  
2024/12/09 02:56:20 - mmengine - INFO - Epoch(test) [ 550/6019]    eta: 0:59:11  time: 0.6541  data_time: 0.0076  memory: 432  
2024/12/09 02:56:52 - mmengine - INFO - Epoch(test) [ 600/6019]    eta: 0:58:37  time: 0.6445  data_time: 0.0077  memory: 432  
2024/12/09 02:57:20 - mmengine - INFO - Epoch(test) [ 650/6019]    eta: 0:57:28  time: 0.5615  data_time: 0.0072  memory: 431  
2024/12/09 02:57:50 - mmengine - INFO - Epoch(test) [ 700/6019]    eta: 0:56:40  time: 0.6009  data_time: 0.0077  memory: 431  
2024/12/09 02:58:21 - mmengine - INFO - Epoch(test) [ 750/6019]    eta: 0:56:02  time: 0.6222  data_time: 0.0073  memory: 432  
2024/12/09 02:58:52 - mmengine - INFO - Epoch(test) [ 800/6019]    eta: 0:55:20  time: 0.6071  data_time: 0.0074  memory: 432  
2024/12/09 02:59:19 - mmengine - INFO - Epoch(test) [ 850/6019]    eta: 0:54:24  time: 0.5555  data_time: 0.0071  memory: 431  
2024/12/09 02:59:51 - mmengine - INFO - Epoch(test) [ 900/6019]    eta: 0:53:50  time: 0.6247  data_time: 0.0078  memory: 432  
2024/12/09 03:00:22 - mmengine - INFO - Epoch(test) [ 950/6019]    eta: 0:53:18  time: 0.6294  data_time: 0.0074  memory: 432  
2024/12/09 03:00:54 - mmengine - INFO - Epoch(test) [1000/6019]    eta: 0:52:47  time: 0.6309  data_time: 0.0075  memory: 432  
2024/12/09 03:01:25 - mmengine - INFO - Epoch(test) [1050/6019]    eta: 0:52:16  time: 0.6340  data_time: 0.0085  memory: 432  
2024/12/09 03:01:57 - mmengine - INFO - Epoch(test) [1100/6019]    eta: 0:51:45  time: 0.6362  data_time: 0.0077  memory: 432  
2024/12/09 03:02:29 - mmengine - INFO - Epoch(test) [1150/6019]    eta: 0:51:12  time: 0.6253  data_time: 0.0075  memory: 432  
2024/12/09 03:03:01 - mmengine - INFO - Epoch(test) [1200/6019]    eta: 0:50:44  time: 0.6456  data_time: 0.0078  memory: 432  
2024/12/09 03:03:33 - mmengine - INFO - Epoch(test) [1250/6019]    eta: 0:50:15  time: 0.6488  data_time: 0.0074  memory: 432  
2024/12/09 03:04:04 - mmengine - INFO - Epoch(test) [1300/6019]    eta: 0:49:41  time: 0.6150  data_time: 0.0073  memory: 432  
2024/12/09 03:04:36 - mmengine - INFO - Epoch(test) [1350/6019]    eta: 0:49:10  time: 0.6368  data_time: 0.0075  memory: 432  
2024/12/09 03:05:06 - mmengine - INFO - Epoch(test) [1400/6019]    eta: 0:48:34  time: 0.6025  data_time: 0.0076  memory: 433  
2024/12/09 03:05:37 - mmengine - INFO - Epoch(test) [1450/6019]    eta: 0:48:00  time: 0.6209  data_time: 0.0071  memory: 431  
2024/12/09 03:06:10 - mmengine - INFO - Epoch(test) [1500/6019]    eta: 0:47:34  time: 0.6627  data_time: 0.0075  memory: 432  
2024/12/09 03:06:42 - mmengine - INFO - Epoch(test) [1550/6019]    eta: 0:47:03  time: 0.6364  data_time: 0.0080  memory: 432  
2024/12/09 03:07:12 - mmengine - INFO - Epoch(test) [1600/6019]    eta: 0:46:26  time: 0.5944  data_time: 0.0078  memory: 431  
2024/12/09 03:07:43 - mmengine - INFO - Epoch(test) [1650/6019]    eta: 0:45:54  time: 0.6263  data_time: 0.0079  memory: 432  
2024/12/09 03:08:13 - mmengine - INFO - Epoch(test) [1700/6019]    eta: 0:45:18  time: 0.5979  data_time: 0.0072  memory: 433  
2024/12/09 03:08:44 - mmengine - INFO - Epoch(test) [1750/6019]    eta: 0:44:47  time: 0.6298  data_time: 0.0074  memory: 432  
2024/12/09 03:09:14 - mmengine - INFO - Epoch(test) [1800/6019]    eta: 0:44:11  time: 0.5951  data_time: 0.0073  memory: 432  
2024/12/09 03:09:46 - mmengine - INFO - Epoch(test) [1850/6019]    eta: 0:43:40  time: 0.6313  data_time: 0.0076  memory: 433  
2024/12/09 03:10:14 - mmengine - INFO - Epoch(test) [1900/6019]    eta: 0:43:02  time: 0.5642  data_time: 0.0074  memory: 432  
2024/12/09 03:10:44 - mmengine - INFO - Epoch(test) [1950/6019]    eta: 0:42:27  time: 0.5963  data_time: 0.0078  memory: 431  
2024/12/09 03:11:14 - mmengine - INFO - Epoch(test) [2000/6019]    eta: 0:41:54  time: 0.6105  data_time: 0.0073  memory: 432  
2024/12/09 03:11:46 - mmengine - INFO - Epoch(test) [2050/6019]    eta: 0:41:24  time: 0.6338  data_time: 0.0076  memory: 432  
2024/12/09 03:12:19 - mmengine - INFO - Epoch(test) [2100/6019]    eta: 0:40:56  time: 0.6611  data_time: 0.0077  memory: 432  
2024/12/09 03:12:51 - mmengine - INFO - Epoch(test) [2150/6019]    eta: 0:40:25  time: 0.6367  data_time: 0.0076  memory: 433  
2024/12/09 03:13:24 - mmengine - INFO - Epoch(test) [2200/6019]    eta: 0:39:57  time: 0.6608  data_time: 0.0080  memory: 432  
2024/12/09 03:13:55 - mmengine - INFO - Epoch(test) [2250/6019]    eta: 0:39:25  time: 0.6252  data_time: 0.0076  memory: 432  
2024/12/09 03:14:24 - mmengine - INFO - Epoch(test) [2300/6019]    eta: 0:38:50  time: 0.5820  data_time: 0.0074  memory: 432  
2024/12/09 03:14:51 - mmengine - INFO - Epoch(test) [2350/6019]    eta: 0:38:12  time: 0.5387  data_time: 0.0072  memory: 431  
2024/12/09 03:15:22 - mmengine - INFO - Epoch(test) [2400/6019]    eta: 0:37:40  time: 0.6117  data_time: 0.0077  memory: 431  
2024/12/09 03:15:52 - mmengine - INFO - Epoch(test) [2450/6019]    eta: 0:37:06  time: 0.5926  data_time: 0.0071  memory: 432  
2024/12/09 03:16:20 - mmengine - INFO - Epoch(test) [2500/6019]    eta: 0:36:32  time: 0.5784  data_time: 0.0071  memory: 432  
2024/12/09 03:16:51 - mmengine - INFO - Epoch(test) [2550/6019]    eta: 0:36:00  time: 0.6141  data_time: 0.0074  memory: 431  
2024/12/09 03:17:19 - mmengine - INFO - Epoch(test) [2600/6019]    eta: 0:35:24  time: 0.5540  data_time: 0.0072  memory: 431  
2024/12/09 03:17:49 - mmengine - INFO - Epoch(test) [2650/6019]    eta: 0:34:53  time: 0.6074  data_time: 0.0084  memory: 432  
2024/12/09 03:18:20 - mmengine - INFO - Epoch(test) [2700/6019]    eta: 0:34:21  time: 0.6141  data_time: 0.0074  memory: 432  
2024/12/09 03:18:49 - mmengine - INFO - Epoch(test) [2750/6019]    eta: 0:33:48  time: 0.5820  data_time: 0.0073  memory: 432  
2024/12/09 03:19:20 - mmengine - INFO - Epoch(test) [2800/6019]    eta: 0:33:16  time: 0.6130  data_time: 0.0075  memory: 432  
2024/12/09 03:19:50 - mmengine - INFO - Epoch(test) [2850/6019]    eta: 0:32:44  time: 0.6043  data_time: 0.0074  memory: 432  
2024/12/09 03:20:20 - mmengine - INFO - Epoch(test) [2900/6019]    eta: 0:32:12  time: 0.5955  data_time: 0.0072  memory: 432  
2024/12/09 03:20:50 - mmengine - INFO - Epoch(test) [2950/6019]    eta: 0:31:40  time: 0.5959  data_time: 0.0080  memory: 432  
2024/12/09 03:21:20 - mmengine - INFO - Epoch(test) [3000/6019]    eta: 0:31:09  time: 0.6151  data_time: 0.0074  memory: 432  
2024/12/09 03:21:51 - mmengine - INFO - Epoch(test) [3050/6019]    eta: 0:30:38  time: 0.6218  data_time: 0.0073  memory: 432  
2024/12/09 03:22:21 - mmengine - INFO - Epoch(test) [3100/6019]    eta: 0:30:05  time: 0.5842  data_time: 0.0076  memory: 432  
2024/12/09 03:22:47 - mmengine - INFO - Epoch(test) [3150/6019]    eta: 0:29:30  time: 0.5187  data_time: 0.0070  memory: 430  
2024/12/09 03:23:16 - mmengine - INFO - Epoch(test) [3200/6019]    eta: 0:28:58  time: 0.5872  data_time: 0.0073  memory: 432  
2024/12/09 03:23:47 - mmengine - INFO - Epoch(test) [3250/6019]    eta: 0:28:27  time: 0.6224  data_time: 0.0076  memory: 432  
2024/12/09 03:24:17 - mmengine - INFO - Epoch(test) [3300/6019]    eta: 0:27:56  time: 0.6048  data_time: 0.0074  memory: 432  
2024/12/09 03:24:45 - mmengine - INFO - Epoch(test) [3350/6019]    eta: 0:27:22  time: 0.5561  data_time: 0.0072  memory: 432  
2024/12/09 03:25:13 - mmengine - INFO - Epoch(test) [3400/6019]    eta: 0:26:49  time: 0.5551  data_time: 0.0070  memory: 432  
2024/12/09 03:25:41 - mmengine - INFO - Epoch(test) [3450/6019]    eta: 0:26:16  time: 0.5578  data_time: 0.0070  memory: 432  
2024/12/09 03:26:09 - mmengine - INFO - Epoch(test) [3500/6019]    eta: 0:25:44  time: 0.5713  data_time: 0.0073  memory: 432  
2024/12/09 03:26:36 - mmengine - INFO - Epoch(test) [3550/6019]    eta: 0:25:11  time: 0.5356  data_time: 0.0072  memory: 431  
2024/12/09 03:27:06 - mmengine - INFO - Epoch(test) [3600/6019]    eta: 0:24:40  time: 0.6037  data_time: 0.0072  memory: 432  
2024/12/09 03:27:37 - mmengine - INFO - Epoch(test) [3650/6019]    eta: 0:24:10  time: 0.6177  data_time: 0.0074  memory: 431  
2024/12/09 03:28:04 - mmengine - INFO - Epoch(test) [3700/6019]    eta: 0:23:37  time: 0.5360  data_time: 0.0072  memory: 431  
2024/12/09 03:28:34 - mmengine - INFO - Epoch(test) [3750/6019]    eta: 0:23:06  time: 0.6036  data_time: 0.0074  memory: 432  
2024/12/09 03:29:07 - mmengine - INFO - Epoch(test) [3800/6019]    eta: 0:22:37  time: 0.6597  data_time: 0.0076  memory: 432  
2024/12/09 03:29:38 - mmengine - INFO - Epoch(test) [3850/6019]    eta: 0:22:06  time: 0.6129  data_time: 0.0079  memory: 431  
2024/12/09 03:30:11 - mmengine - INFO - Epoch(test) [3900/6019]    eta: 0:21:37  time: 0.6646  data_time: 0.0074  memory: 432  
2024/12/09 03:30:44 - mmengine - INFO - Epoch(test) [3950/6019]    eta: 0:21:07  time: 0.6509  data_time: 0.0075  memory: 432  
2024/12/09 03:31:17 - mmengine - INFO - Epoch(test) [4000/6019]    eta: 0:20:38  time: 0.6580  data_time: 0.0076  memory: 432  
2024/12/09 03:31:46 - mmengine - INFO - Epoch(test) [4050/6019]    eta: 0:20:07  time: 0.5950  data_time: 0.0074  memory: 432  
2024/12/09 03:32:17 - mmengine - INFO - Epoch(test) [4100/6019]    eta: 0:19:36  time: 0.6089  data_time: 0.0072  memory: 431  
2024/12/09 03:32:49 - mmengine - INFO - Epoch(test) [4150/6019]    eta: 0:19:06  time: 0.6383  data_time: 0.0074  memory: 432  
2024/12/09 03:33:20 - mmengine - INFO - Epoch(test) [4200/6019]    eta: 0:18:35  time: 0.6220  data_time: 0.0074  memory: 432  
2024/12/09 03:33:50 - mmengine - INFO - Epoch(test) [4250/6019]    eta: 0:18:05  time: 0.6027  data_time: 0.0073  memory: 432  
2024/12/09 03:34:20 - mmengine - INFO - Epoch(test) [4300/6019]    eta: 0:17:33  time: 0.5900  data_time: 0.0072  memory: 431  
2024/12/09 03:34:50 - mmengine - INFO - Epoch(test) [4350/6019]    eta: 0:17:03  time: 0.6122  data_time: 0.0074  memory: 432  
2024/12/09 03:35:22 - mmengine - INFO - Epoch(test) [4400/6019]    eta: 0:16:32  time: 0.6353  data_time: 0.0080  memory: 432  
2024/12/09 03:35:53 - mmengine - INFO - Epoch(test) [4450/6019]    eta: 0:16:02  time: 0.6231  data_time: 0.0073  memory: 432  
2024/12/09 03:36:23 - mmengine - INFO - Epoch(test) [4500/6019]    eta: 0:15:31  time: 0.6062  data_time: 0.0077  memory: 432  
2024/12/09 03:36:54 - mmengine - INFO - Epoch(test) [4550/6019]    eta: 0:15:01  time: 0.6125  data_time: 0.0074  memory: 431  
2024/12/09 03:37:25 - mmengine - INFO - Epoch(test) [4600/6019]    eta: 0:14:30  time: 0.6270  data_time: 0.0069  memory: 432  
2024/12/09 03:37:57 - mmengine - INFO - Epoch(test) [4650/6019]    eta: 0:14:00  time: 0.6369  data_time: 0.0074  memory: 431  
2024/12/09 03:38:29 - mmengine - INFO - Epoch(test) [4700/6019]    eta: 0:13:29  time: 0.6290  data_time: 0.0073  memory: 432  
2024/12/09 03:39:00 - mmengine - INFO - Epoch(test) [4750/6019]    eta: 0:12:59  time: 0.6309  data_time: 0.0079  memory: 432  
2024/12/09 03:39:32 - mmengine - INFO - Epoch(test) [4800/6019]    eta: 0:12:28  time: 0.6338  data_time: 0.0075  memory: 432  
2024/12/09 03:40:03 - mmengine - INFO - Epoch(test) [4850/6019]    eta: 0:11:58  time: 0.6149  data_time: 0.0071  memory: 431  
2024/12/09 03:40:34 - mmengine - INFO - Epoch(test) [4900/6019]    eta: 0:11:27  time: 0.6171  data_time: 0.0074  memory: 432  
2024/12/09 03:41:04 - mmengine - INFO - Epoch(test) [4950/6019]    eta: 0:10:56  time: 0.6024  data_time: 0.0072  memory: 431  
2024/12/09 03:41:35 - mmengine - INFO - Epoch(test) [5000/6019]    eta: 0:10:25  time: 0.6244  data_time: 0.0074  memory: 432  
2024/12/09 03:42:05 - mmengine - INFO - Epoch(test) [5050/6019]    eta: 0:09:55  time: 0.6081  data_time: 0.0072  memory: 431  
2024/12/09 03:42:36 - mmengine - INFO - Epoch(test) [5100/6019]    eta: 0:09:24  time: 0.6062  data_time: 0.0073  memory: 432  
2024/12/09 03:43:08 - mmengine - INFO - Epoch(test) [5150/6019]    eta: 0:08:54  time: 0.6515  data_time: 0.0076  memory: 432  
2024/12/09 03:43:38 - mmengine - INFO - Epoch(test) [5200/6019]    eta: 0:08:23  time: 0.6042  data_time: 0.0076  memory: 432  
2024/12/09 03:44:09 - mmengine - INFO - Epoch(test) [5250/6019]    eta: 0:07:52  time: 0.6032  data_time: 0.0073  memory: 432  
2024/12/09 03:44:37 - mmengine - INFO - Epoch(test) [5300/6019]    eta: 0:07:21  time: 0.5619  data_time: 0.0072  memory: 431  
2024/12/09 03:45:06 - mmengine - INFO - Epoch(test) [5350/6019]    eta: 0:06:50  time: 0.5872  data_time: 0.0074  memory: 431  
2024/12/09 03:45:37 - mmengine - INFO - Epoch(test) [5400/6019]    eta: 0:06:19  time: 0.6181  data_time: 0.0074  memory: 431  
2024/12/09 03:46:07 - mmengine - INFO - Epoch(test) [5450/6019]    eta: 0:05:49  time: 0.6074  data_time: 0.0074  memory: 432  
2024/12/09 03:46:39 - mmengine - INFO - Epoch(test) [5500/6019]    eta: 0:05:18  time: 0.6315  data_time: 0.0073  memory: 432  
2024/12/09 03:47:11 - mmengine - INFO - Epoch(test) [5550/6019]    eta: 0:04:47  time: 0.6394  data_time: 0.0072  memory: 433  
2024/12/09 03:47:43 - mmengine - INFO - Epoch(test) [5600/6019]    eta: 0:04:17  time: 0.6426  data_time: 0.0074  memory: 432  
2024/12/09 03:48:15 - mmengine - INFO - Epoch(test) [5650/6019]    eta: 0:03:46  time: 0.6305  data_time: 0.0074  memory: 432  
2024/12/09 03:48:48 - mmengine - INFO - Epoch(test) [5700/6019]    eta: 0:03:16  time: 0.6608  data_time: 0.0075  memory: 432  
2024/12/09 03:49:20 - mmengine - INFO - Epoch(test) [5750/6019]    eta: 0:02:45  time: 0.6546  data_time: 0.0075  memory: 433  
2024/12/09 03:49:51 - mmengine - INFO - Epoch(test) [5800/6019]    eta: 0:02:14  time: 0.6029  data_time: 0.0072  memory: 432  
2024/12/09 03:50:23 - mmengine - INFO - Epoch(test) [5850/6019]    eta: 0:01:43  time: 0.6476  data_time: 0.0076  memory: 433  
2024/12/09 03:50:56 - mmengine - INFO - Epoch(test) [5900/6019]    eta: 0:01:13  time: 0.6647  data_time: 0.0075  memory: 432  
2024/12/09 03:51:29 - mmengine - INFO - Epoch(test) [5950/6019]    eta: 0:00:42  time: 0.6571  data_time: 0.0077  memory: 432  
2024/12/09 03:51:59 - mmengine - INFO - Epoch(test) [6000/6019]    eta: 0:00:11  time: 0.5958  data_time: 0.0073  memory: 431  
2024/12/09 04:18:47 - mmengine - INFO - Epoch(test) [6019/6019]    NuScenes metric/pred_instances_3d_NuScenes/car_AP_dist_0.5: 0.7523  NuScenes metric/pred_instances_3d_NuScenes/car_AP_dist_1.0: 0.8550  NuScenes metric/pred_instances_3d_NuScenes/car_AP_dist_2.0: 0.8878  NuScenes metric/pred_instances_3d_NuScenes/car_AP_dist_4.0: 0.9002  NuScenes metric/pred_instances_3d_NuScenes/car_trans_err: 0.1819  NuScenes metric/pred_instances_3d_NuScenes/car_scale_err: 0.1570  NuScenes metric/pred_instances_3d_NuScenes/car_orient_err: 0.1233  NuScenes metric/pred_instances_3d_NuScenes/car_vel_err: 0.3063  NuScenes metric/pred_instances_3d_NuScenes/car_attr_err: 0.1855  NuScenes metric/pred_instances_3d_NuScenes/mATE: 0.2872  NuScenes metric/pred_instances_3d_NuScenes/mASE: 0.2583  NuScenes metric/pred_instances_3d_NuScenes/mAOE: 0.3461  NuScenes metric/pred_instances_3d_NuScenes/mAVE: 0.2928  NuScenes metric/pred_instances_3d_NuScenes/mAAE: 0.1886  NuScenes metric/pred_instances_3d_NuScenes/truck_AP_dist_0.5: 0.3978  NuScenes metric/pred_instances_3d_NuScenes/truck_AP_dist_1.0: 0.5710  NuScenes metric/pred_instances_3d_NuScenes/truck_AP_dist_2.0: 0.6455  NuScenes metric/pred_instances_3d_NuScenes/truck_AP_dist_4.0: 0.6792  NuScenes metric/pred_instances_3d_NuScenes/truck_trans_err: 0.3136  NuScenes metric/pred_instances_3d_NuScenes/truck_scale_err: 0.1831  NuScenes metric/pred_instances_3d_NuScenes/truck_orient_err: 0.1374  NuScenes metric/pred_instances_3d_NuScenes/truck_vel_err: 0.2737  NuScenes metric/pred_instances_3d_NuScenes/truck_attr_err: 0.2253  NuScenes metric/pred_instances_3d_NuScenes/construction_vehicle_AP_dist_0.5: 0.0193  NuScenes metric/pred_instances_3d_NuScenes/construction_vehicle_AP_dist_1.0: 0.0983  NuScenes metric/pred_instances_3d_NuScenes/construction_vehicle_AP_dist_2.0: 0.2010  NuScenes metric/pred_instances_3d_NuScenes/construction_vehicle_AP_dist_4.0: 0.2882  NuScenes metric/pred_instances_3d_NuScenes/construction_vehicle_trans_err: 0.7130  NuScenes metric/pred_instances_3d_NuScenes/construction_vehicle_scale_err: 0.4509  NuScenes metric/pred_instances_3d_NuScenes/construction_vehicle_orient_err: 1.0093  NuScenes metric/pred_instances_3d_NuScenes/construction_vehicle_vel_err: 0.1345  NuScenes metric/pred_instances_3d_NuScenes/construction_vehicle_attr_err: 0.3364  NuScenes metric/pred_instances_3d_NuScenes/bus_AP_dist_0.5: 0.4207  NuScenes metric/pred_instances_3d_NuScenes/bus_AP_dist_1.0: 0.6775  NuScenes metric/pred_instances_3d_NuScenes/bus_AP_dist_2.0: 0.8043  NuScenes metric/pred_instances_3d_NuScenes/bus_AP_dist_4.0: 0.8278  NuScenes metric/pred_instances_3d_NuScenes/bus_trans_err: 0.3422  NuScenes metric/pred_instances_3d_NuScenes/bus_scale_err: 0.1967  NuScenes metric/pred_instances_3d_NuScenes/bus_orient_err: 0.0960  NuScenes metric/pred_instances_3d_NuScenes/bus_vel_err: 0.4768  NuScenes metric/pred_instances_3d_NuScenes/bus_attr_err: 0.2443  NuScenes metric/pred_instances_3d_NuScenes/trailer_AP_dist_0.5: 0.1036  NuScenes metric/pred_instances_3d_NuScenes/trailer_AP_dist_1.0: 0.3222  NuScenes metric/pred_instances_3d_NuScenes/trailer_AP_dist_2.0: 0.4292  NuScenes metric/pred_instances_3d_NuScenes/trailer_AP_dist_4.0: 0.5123  NuScenes metric/pred_instances_3d_NuScenes/trailer_trans_err: 0.4933  NuScenes metric/pred_instances_3d_NuScenes/trailer_scale_err: 0.2041  NuScenes metric/pred_instances_3d_NuScenes/trailer_orient_err: 0.5531  NuScenes metric/pred_instances_3d_NuScenes/trailer_vel_err: 0.2588  NuScenes metric/pred_instances_3d_NuScenes/trailer_attr_err: 0.1634  NuScenes metric/pred_instances_3d_NuScenes/barrier_AP_dist_0.5: 0.5913  NuScenes metric/pred_instances_3d_NuScenes/barrier_AP_dist_1.0: 0.6883  NuScenes metric/pred_instances_3d_NuScenes/barrier_AP_dist_2.0: 0.7294  NuScenes metric/pred_instances_3d_NuScenes/barrier_AP_dist_4.0: 0.7422  NuScenes metric/pred_instances_3d_NuScenes/barrier_trans_err: 0.1957  NuScenes metric/pred_instances_3d_NuScenes/barrier_scale_err: 0.2792  NuScenes metric/pred_instances_3d_NuScenes/barrier_orient_err: 0.0663  NuScenes metric/pred_instances_3d_NuScenes/barrier_vel_err: nan  NuScenes metric/pred_instances_3d_NuScenes/barrier_attr_err: nan  NuScenes metric/pred_instances_3d_NuScenes/motorcycle_AP_dist_0.5: 0.4606  NuScenes metric/pred_instances_3d_NuScenes/motorcycle_AP_dist_1.0: 0.5214  NuScenes metric/pred_instances_3d_NuScenes/motorcycle_AP_dist_2.0: 0.5298  NuScenes metric/pred_instances_3d_NuScenes/motorcycle_AP_dist_4.0: 0.5336  NuScenes metric/pred_instances_3d_NuScenes/motorcycle_trans_err: 0.1926  NuScenes metric/pred_instances_3d_NuScenes/motorcycle_scale_err: 0.2357  NuScenes metric/pred_instances_3d_NuScenes/motorcycle_orient_err: 0.2756  NuScenes metric/pred_instances_3d_NuScenes/motorcycle_vel_err: 0.4635  NuScenes metric/pred_instances_3d_NuScenes/motorcycle_attr_err: 0.2469  NuScenes metric/pred_instances_3d_NuScenes/bicycle_AP_dist_0.5: 0.3615  NuScenes metric/pred_instances_3d_NuScenes/bicycle_AP_dist_1.0: 0.3711  NuScenes metric/pred_instances_3d_NuScenes/bicycle_AP_dist_2.0: 0.3717  NuScenes metric/pred_instances_3d_NuScenes/bicycle_AP_dist_4.0: 0.3750  NuScenes metric/pred_instances_3d_NuScenes/bicycle_trans_err: 0.1599  NuScenes metric/pred_instances_3d_NuScenes/bicycle_scale_err: 0.2611  NuScenes metric/pred_instances_3d_NuScenes/bicycle_orient_err: 0.4660  NuScenes metric/pred_instances_3d_NuScenes/bicycle_vel_err: 0.1902  NuScenes metric/pred_instances_3d_NuScenes/bicycle_attr_err: 0.0137  NuScenes metric/pred_instances_3d_NuScenes/pedestrian_AP_dist_0.5: 0.8149  NuScenes metric/pred_instances_3d_NuScenes/pedestrian_AP_dist_1.0: 0.8282  NuScenes metric/pred_instances_3d_NuScenes/pedestrian_AP_dist_2.0: 0.8401  NuScenes metric/pred_instances_3d_NuScenes/pedestrian_AP_dist_4.0: 0.8539  NuScenes metric/pred_instances_3d_NuScenes/pedestrian_trans_err: 0.1411  NuScenes metric/pred_instances_3d_NuScenes/pedestrian_scale_err: 0.2850  NuScenes metric/pred_instances_3d_NuScenes/pedestrian_orient_err: 0.3881  NuScenes metric/pred_instances_3d_NuScenes/pedestrian_vel_err: 0.2390  NuScenes metric/pred_instances_3d_NuScenes/pedestrian_attr_err: 0.0933  NuScenes metric/pred_instances_3d_NuScenes/traffic_cone_AP_dist_0.5: 0.6454  NuScenes metric/pred_instances_3d_NuScenes/traffic_cone_AP_dist_1.0: 0.6574  NuScenes metric/pred_instances_3d_NuScenes/traffic_cone_AP_dist_2.0: 0.6768  NuScenes metric/pred_instances_3d_NuScenes/traffic_cone_AP_dist_4.0: 0.7096  NuScenes metric/pred_instances_3d_NuScenes/traffic_cone_trans_err: 0.1381  NuScenes metric/pred_instances_3d_NuScenes/traffic_cone_scale_err: 0.3301  NuScenes metric/pred_instances_3d_NuScenes/traffic_cone_orient_err: nan  NuScenes metric/pred_instances_3d_NuScenes/traffic_cone_vel_err: nan  NuScenes metric/pred_instances_3d_NuScenes/traffic_cone_attr_err: nan  NuScenes metric/pred_instances_3d_NuScenes/NDS: 0.6464  NuScenes metric/pred_instances_3d_NuScenes/mAP: 0.5674  data_time: 0.0075  time: 0.6159
