2000/01/02 06:59:41 - mmengine - INFO - 
------------------------------------------------------------
System environment:
    sys.platform: linux
    Python: 3.8.10 (default, Jul 29 2024, 17:02:10) [GCC 9.4.0]
    CUDA available: True
    MUSA available: False
    numpy_random_seed: 1133283156
    GPU 0: Xavier
    CUDA_HOME: /usr/local/cuda-11.4
    NVCC: Cuda compilation tools, release 11.4, V11.4.315
    GCC: aarch64-linux-gnu-gcc (Ubuntu 9.4.0-1ubuntu1~20.04.2) 9.4.0
    PyTorch: 1.11.0
    PyTorch compiling details: PyTorch built with:
  - GCC 9.4
  - C++ Version: 201402
  - OpenMP 201511 (a.k.a. OpenMP 4.5)
  - LAPACK is enabled (usually provided by MKL)
  - NNPACK is enabled
  - CPU capability usage: NO AVX
  - CUDA Runtime 11.4
  - NVCC architecture flags: -gencode;arch=compute_72,code=sm_72;-gencode;arch=compute_87,code=sm_87
  - CuDNN 8.6
    - Built with CuDNN 8.3.2
  - Build settings: BLAS_INFO=open, BUILD_TYPE=Release, CUDA_VERSION=11.4, CUDNN_VERSION=8.3.2, CXX_COMPILER=/usr/bin/c++, CXX_FLAGS= -Wno-deprecated -fvisibility-inlines-hidden -DUSE_PTHREADPOOL -fopenmp -DNDEBUG -DUSE_KINETO -DLIBKINETO_NOCUPTI -DUSE_XNNPACK -DSYMBOLICATE_MOBILE_DEBUG_HANDLE -DEDGE_PROFILER_USE_KINETO -O2 -fPIC -Wno-narrowing -Wall -Wextra -Werror=return-type -Wno-missing-field-initializers -Wno-type-limits -Wno-array-bounds -Wno-unknown-pragmas -Wno-sign-compare -Wno-unused-parameter -Wno-unused-function -Wno-unused-result -Wno-unused-local-typedefs -Wno-strict-overflow -Wno-strict-aliasing -Wno-error=deprecated-declarations -Wno-stringop-overflow -Wno-psabi -Wno-error=pedantic -Wno-error=redundant-decls -Wno-error=old-style-cast -fdiagnostics-color=always -faligned-new -Wno-unused-but-set-variable -Wno-maybe-uninitialized -fno-math-errno -fno-trapping-math -Werror=format -Werror=cast-function-type -Wno-stringop-overflow, FORCE_FALLBACK_CUDA_MPI=1, LAPACK_INFO=open, TORCH_VERSION=1.11.0, USE_CUDA=ON, USE_CUDNN=ON, USE_EIGEN_FOR_BLAS=ON, USE_EXCEPTION_PTR=1, USE_GFLAGS=OFF, USE_GLOG=OFF, USE_MKL=OFF, USE_MKLDNN=OFF, USE_MPI=ON, USE_NCCL=0, USE_NNPACK=ON, USE_OPENMP=ON, USE_ROCM=OFF, 

    TorchVision: 0.12.0
    OpenCV: 4.10.0
    MMEngine: 0.10.5

Runtime environment:
    cudnn_benchmark: False
    mp_cfg: {'mp_start_method': 'fork', 'opencv_num_threads': 0}
    dist_cfg: {'backend': 'nccl'}
    seed: 1133283156
    Distributed launcher: none
    Distributed training: False
    GPU number: 1
------------------------------------------------------------

2000/01/02 06:59:44 - mmengine - INFO - Config:
auto_scale_lr = dict(base_batch_size=32, enable=False)
backend_args = None
class_names = [
    'car',
    'truck',
    'construction_vehicle',
    'bus',
    'trailer',
    'barrier',
    'motorcycle',
    'bicycle',
    'pedestrian',
    'traffic_cone',
]
custom_hooks = [
    dict(disable_after_epoch=15, type='DisableObjectSampleHook'),
]
custom_imports = dict(
    allow_failed_imports=False, imports=[
        'projects.BEVFusion.bevfusion',
    ])
data_prefix = dict(
    CAM_BACK='samples/CAM_BACK',
    CAM_BACK_LEFT='samples/CAM_BACK_LEFT',
    CAM_BACK_RIGHT='samples/CAM_BACK_RIGHT',
    CAM_FRONT='samples/CAM_FRONT',
    CAM_FRONT_LEFT='samples/CAM_FRONT_LEFT',
    CAM_FRONT_RIGHT='samples/CAM_FRONT_RIGHT',
    pts='samples/LIDAR_TOP',
    sweeps='sweeps/LIDAR_TOP')
data_root = '/media/xavier02/Sparkles1/nuscenes/'
dataset_type = 'NuScenesDataset'
db_sampler = dict(
    classes=[
        'car',
        'truck',
        'construction_vehicle',
        'bus',
        'trailer',
        'barrier',
        'motorcycle',
        'bicycle',
        'pedestrian',
        'traffic_cone',
    ],
    data_root='/media/xavier02/Sparkles1/nuscenes/',
    info_path='/media/xavier02/Sparkles1/nuscenes/nuscenes_dbinfos_train.pkl',
    points_loader=dict(
        backend_args=None,
        coord_type='LIDAR',
        load_dim=5,
        type='LoadPointsFromFile',
        use_dim=[
            0,
            1,
            2,
            3,
            4,
        ]),
    prepare=dict(
        filter_by_difficulty=[
            -1,
        ],
        filter_by_min_points=dict(
            barrier=5,
            bicycle=5,
            bus=5,
            car=5,
            construction_vehicle=5,
            motorcycle=5,
            pedestrian=5,
            traffic_cone=5,
            trailer=5,
            truck=5)),
    rate=1.0,
    sample_groups=dict(
        barrier=2,
        bicycle=6,
        bus=4,
        car=2,
        construction_vehicle=7,
        motorcycle=6,
        pedestrian=2,
        traffic_cone=2,
        trailer=6,
        truck=3))
default_hooks = dict(
    checkpoint=dict(interval=5, type='CheckpointHook'),
    logger=dict(interval=50, type='LoggerHook'),
    param_scheduler=dict(type='ParamSchedulerHook'),
    sampler_seed=dict(type='DistSamplerSeedHook'),
    timer=dict(type='IterTimerHook'),
    visualization=dict(type='Det3DVisualizationHook'))
default_scope = 'mmdet3d'
env_cfg = dict(
    cudnn_benchmark=False,
    dist_cfg=dict(backend='nccl'),
    mp_cfg=dict(mp_start_method='fork', opencv_num_threads=0))
input_modality = dict(use_camera=False, use_lidar=True)
launcher = 'none'
load_from = 'projects/BEVFusion/configs/Lidar_checkpoint_voxel_0075_4sweeps.pth'
log_level = 'INFO'
log_processor = dict(by_epoch=True, type='LogProcessor', window_size=50)
lr = 0.0001
metainfo = dict(classes=[
    'car',
    'truck',
    'construction_vehicle',
    'bus',
    'trailer',
    'barrier',
    'motorcycle',
    'bicycle',
    'pedestrian',
    'traffic_cone',
])
model = dict(
    bbox_head=dict(
        auxiliary=True,
        bbox_coder=dict(
            code_size=10,
            out_size_factor=8,
            pc_range=[
                -54.0,
                -54.0,
            ],
            post_center_range=[
                -61.2,
                -61.2,
                -10.0,
                61.2,
                61.2,
                10.0,
            ],
            score_threshold=0.0,
            type='TransFusionBBoxCoder',
            voxel_size=[
                0.075,
                0.075,
            ]),
        bn_momentum=0.1,
        common_heads=dict(
            center=[
                2,
                2,
            ],
            dim=[
                3,
                2,
            ],
            height=[
                1,
                2,
            ],
            rot=[
                2,
                2,
            ],
            vel=[
                2,
                2,
            ]),
        decoder_layer=dict(
            cross_attn_cfg=dict(dropout=0.1, embed_dims=128, num_heads=8),
            ffn_cfg=dict(
                act_cfg=dict(inplace=True, type='ReLU'),
                embed_dims=128,
                feedforward_channels=256,
                ffn_drop=0.1,
                num_fcs=2),
            norm_cfg=dict(type='LN'),
            pos_encoding_cfg=dict(input_channel=2, num_pos_feats=128),
            self_attn_cfg=dict(dropout=0.1, embed_dims=128, num_heads=8),
            type='TransformerDecoderLayer'),
        hidden_channel=128,
        in_channels=512,
        loss_bbox=dict(
            loss_weight=0.25, reduction='mean', type='mmdet.L1Loss'),
        loss_cls=dict(
            alpha=0.25,
            gamma=2.0,
            loss_weight=1.0,
            reduction='mean',
            type='mmdet.FocalLoss',
            use_sigmoid=True),
        loss_heatmap=dict(
            loss_weight=1.0, reduction='mean', type='mmdet.GaussianFocalLoss'),
        nms_kernel_size=3,
        num_classes=10,
        num_decoder_layers=1,
        num_proposals=200,
        test_cfg=dict(
            dataset='nuScenes',
            grid_size=[
                1440,
                1440,
                41,
            ],
            nms_type=None,
            out_size_factor=8,
            pc_range=[
                -54.0,
                -54.0,
            ],
            voxel_size=[
                0.075,
                0.075,
            ]),
        train_cfg=dict(
            assigner=dict(
                cls_cost=dict(
                    alpha=0.25,
                    gamma=2.0,
                    type='mmdet.FocalLossCost',
                    weight=0.15),
                iou_calculator=dict(coordinate='lidar', type='BboxOverlaps3D'),
                iou_cost=dict(type='IoU3DCost', weight=0.25),
                reg_cost=dict(type='BBoxBEVL1Cost', weight=0.25),
                type='HungarianAssigner3D'),
            code_weights=[
                1.0,
                1.0,
                1.0,
                1.0,
                1.0,
                1.0,
                1.0,
                1.0,
                0.2,
                0.2,
            ],
            dataset='nuScenes',
            gaussian_overlap=0.1,
            grid_size=[
                1440,
                1440,
                41,
            ],
            min_radius=2,
            out_size_factor=8,
            point_cloud_range=[
                -54.0,
                -54.0,
                -5.0,
                54.0,
                54.0,
                3.0,
            ],
            pos_weight=-1,
            voxel_size=[
                0.075,
                0.075,
                0.2,
            ]),
        type='TransFusionHead'),
    data_preprocessor=dict(
        pad_size_divisor=32,
        type='Det3DDataPreprocessor',
        voxelize_cfg=dict(
            max_num_points=10,
            max_voxels=[
                120000,
                160000,
            ],
            point_cloud_range=[
                -54.0,
                -54.0,
                -5.0,
                54.0,
                54.0,
                3.0,
            ],
            voxel_size=[
                0.075,
                0.075,
                0.2,
            ],
            voxelize_reduce=True)),
    pts_backbone=dict(
        conv_cfg=dict(bias=False, type='Conv2d'),
        in_channels=256,
        layer_nums=[
            5,
            5,
        ],
        layer_strides=[
            1,
            2,
        ],
        norm_cfg=dict(eps=0.001, momentum=0.01, type='BN'),
        out_channels=[
            128,
            256,
        ],
        type='SECOND'),
    pts_middle_encoder=dict(
        block_type='basicblock',
        encoder_channels=(
            (
                16,
                16,
                32,
            ),
            (
                32,
                32,
                64,
            ),
            (
                64,
                64,
                128,
            ),
            (
                128,
                128,
            ),
        ),
        encoder_paddings=(
            (
                0,
                0,
                1,
            ),
            (
                0,
                0,
                1,
            ),
            (
                0,
                0,
                (
                    1,
                    1,
                    0,
                ),
            ),
            (
                0,
                0,
            ),
        ),
        in_channels=5,
        norm_cfg=dict(eps=0.001, momentum=0.01, type='BN1d'),
        order=(
            'conv',
            'norm',
            'act',
        ),
        sparse_shape=[
            1440,
            1440,
            41,
        ],
        type='BEVFusionSparseEncoder'),
    pts_neck=dict(
        in_channels=[
            128,
            256,
        ],
        norm_cfg=dict(eps=0.001, momentum=0.01, type='BN'),
        out_channels=[
            256,
            256,
        ],
        type='SECONDFPN',
        upsample_cfg=dict(bias=False, type='deconv'),
        upsample_strides=[
            1,
            2,
        ],
        use_conv_for_no_stride=True),
    pts_voxel_encoder=dict(num_features=5, type='HardSimpleVFE'),
    type='BEVFusion')
optim_wrapper = dict(
    clip_grad=dict(max_norm=35, norm_type=2),
    optimizer=dict(lr=0.0001, type='AdamW', weight_decay=0.01),
    type='OptimWrapper')
param_scheduler = [
    dict(
        T_max=8,
        begin=0,
        by_epoch=True,
        convert_to_iter_based=True,
        end=8,
        eta_min=0.001,
        type='CosineAnnealingLR'),
    dict(
        T_max=12,
        begin=8,
        by_epoch=True,
        convert_to_iter_based=True,
        end=20,
        eta_min=1e-08,
        type='CosineAnnealingLR'),
    dict(
        T_max=8,
        begin=0,
        by_epoch=True,
        convert_to_iter_based=True,
        end=8,
        eta_min=0.8947368421052632,
        type='CosineAnnealingMomentum'),
    dict(
        T_max=12,
        begin=8,
        by_epoch=True,
        convert_to_iter_based=True,
        end=20,
        eta_min=1,
        type='CosineAnnealingMomentum'),
]
point_cloud_range = [
    -54.0,
    -54.0,
    -5.0,
    54.0,
    54.0,
    3.0,
]
resume = False
test_cfg = dict()
test_dataloader = dict(
    batch_size=1,
    dataset=dict(
        ann_file='nuscenes_infos_val.pkl',
        backend_args=None,
        box_type_3d='LiDAR',
        data_prefix=dict(
            CAM_BACK='samples/CAM_BACK',
            CAM_BACK_LEFT='samples/CAM_BACK_LEFT',
            CAM_BACK_RIGHT='samples/CAM_BACK_RIGHT',
            CAM_FRONT='samples/CAM_FRONT',
            CAM_FRONT_LEFT='samples/CAM_FRONT_LEFT',
            CAM_FRONT_RIGHT='samples/CAM_FRONT_RIGHT',
            pts='samples/LIDAR_TOP',
            sweeps='sweeps/LIDAR_TOP'),
        data_root='/media/xavier02/Sparkles1/nuscenes/',
        metainfo=dict(classes=[
            'car',
            'truck',
            'construction_vehicle',
            'bus',
            'trailer',
            'barrier',
            'motorcycle',
            'bicycle',
            'pedestrian',
            'traffic_cone',
        ]),
        modality=dict(use_camera=False, use_lidar=True),
        pipeline=[
            dict(
                backend_args=None,
                coord_type='LIDAR',
                load_dim=5,
                type='LoadPointsFromFile',
                use_dim=5),
            dict(
                backend_args=None,
                load_dim=5,
                pad_empty_sweeps=True,
                remove_close=True,
                sweeps_num=7,
                type='LoadPointsFromMultiSweeps',
                use_dim=5),
            dict(
                point_cloud_range=[
                    -54.0,
                    -54.0,
                    -5.0,
                    54.0,
                    54.0,
                    3.0,
                ],
                type='PointsRangeFilter'),
            dict(
                keys=[
                    'img',
                    'points',
                    'gt_bboxes_3d',
                    'gt_labels_3d',
                ],
                meta_keys=[
                    'cam2img',
                    'ori_cam2img',
                    'lidar2cam',
                    'lidar2img',
                    'cam2lidar',
                    'ori_lidar2img',
                    'img_aug_matrix',
                    'box_type_3d',
                    'sample_idx',
                    'lidar_path',
                    'img_path',
                    'num_pts_feats',
                    'num_views',
                ],
                type='Pack3DDetInputs'),
        ],
        test_mode=True,
        type='NuScenesDataset'),
    drop_last=False,
    num_workers=4,
    persistent_workers=True,
    sampler=dict(shuffle=False, type='DefaultSampler'))
test_evaluator = dict(
    ann_file='/media/xavier02/Sparkles1/nuscenes/nuscenes_infos_val.pkl',
    backend_args=None,
    data_root='/media/xavier02/Sparkles1/nuscenes/',
    metric='bbox',
    type='NuScenesMetric')
test_pipeline = [
    dict(
        backend_args=None,
        coord_type='LIDAR',
        load_dim=5,
        type='LoadPointsFromFile',
        use_dim=5),
    dict(
        backend_args=None,
        load_dim=5,
        pad_empty_sweeps=True,
        remove_close=True,
        sweeps_num=7,
        type='LoadPointsFromMultiSweeps',
        use_dim=5),
    dict(
        point_cloud_range=[
            -54.0,
            -54.0,
            -5.0,
            54.0,
            54.0,
            3.0,
        ],
        type='PointsRangeFilter'),
    dict(
        keys=[
            'img',
            'points',
            'gt_bboxes_3d',
            'gt_labels_3d',
        ],
        meta_keys=[
            'cam2img',
            'ori_cam2img',
            'lidar2cam',
            'lidar2img',
            'cam2lidar',
            'ori_lidar2img',
            'img_aug_matrix',
            'box_type_3d',
            'sample_idx',
            'lidar_path',
            'img_path',
            'num_pts_feats',
            'num_views',
        ],
        type='Pack3DDetInputs'),
]
train_cfg = dict(by_epoch=True, max_epochs=20, val_interval=5)
train_dataloader = dict(
    batch_size=1,
    dataset=dict(
        dataset=dict(
            ann_file='nuscenes_infos_train.pkl',
            box_type_3d='LiDAR',
            data_prefix=dict(
                CAM_BACK='samples/CAM_BACK',
                CAM_BACK_LEFT='samples/CAM_BACK_LEFT',
                CAM_BACK_RIGHT='samples/CAM_BACK_RIGHT',
                CAM_FRONT='samples/CAM_FRONT',
                CAM_FRONT_LEFT='samples/CAM_FRONT_LEFT',
                CAM_FRONT_RIGHT='samples/CAM_FRONT_RIGHT',
                pts='samples/LIDAR_TOP',
                sweeps='sweeps/LIDAR_TOP'),
            data_root='/media/xavier02/Sparkles1/nuscenes/',
            metainfo=dict(classes=[
                'car',
                'truck',
                'construction_vehicle',
                'bus',
                'trailer',
                'barrier',
                'motorcycle',
                'bicycle',
                'pedestrian',
                'traffic_cone',
            ]),
            modality=dict(use_camera=False, use_lidar=True),
            pipeline=[
                dict(
                    backend_args=None,
                    coord_type='LIDAR',
                    load_dim=5,
                    type='LoadPointsFromFile',
                    use_dim=5),
                dict(
                    backend_args=None,
                    load_dim=5,
                    pad_empty_sweeps=True,
                    remove_close=True,
                    sweeps_num=9,
                    type='LoadPointsFromMultiSweeps',
                    use_dim=5),
                dict(
                    type='LoadAnnotations3D',
                    with_attr_label=False,
                    with_bbox_3d=True,
                    with_label_3d=True),
                dict(
                    db_sampler=dict(
                        classes=[
                            'car',
                            'truck',
                            'construction_vehicle',
                            'bus',
                            'trailer',
                            'barrier',
                            'motorcycle',
                            'bicycle',
                            'pedestrian',
                            'traffic_cone',
                        ],
                        data_root='/media/xavier02/Sparkles1/nuscenes/',
                        info_path=
                        '/media/xavier02/Sparkles1/nuscenes/nuscenes_dbinfos_train.pkl',
                        points_loader=dict(
                            backend_args=None,
                            coord_type='LIDAR',
                            load_dim=5,
                            type='LoadPointsFromFile',
                            use_dim=[
                                0,
                                1,
                                2,
                                3,
                                4,
                            ]),
                        prepare=dict(
                            filter_by_difficulty=[
                                -1,
                            ],
                            filter_by_min_points=dict(
                                barrier=5,
                                bicycle=5,
                                bus=5,
                                car=5,
                                construction_vehicle=5,
                                motorcycle=5,
                                pedestrian=5,
                                traffic_cone=5,
                                trailer=5,
                                truck=5)),
                        rate=1.0,
                        sample_groups=dict(
                            barrier=2,
                            bicycle=6,
                            bus=4,
                            car=2,
                            construction_vehicle=7,
                            motorcycle=6,
                            pedestrian=2,
                            traffic_cone=2,
                            trailer=6,
                            truck=3)),
                    type='ObjectSample'),
                dict(
                    rot_range=[
                        -0.78539816,
                        0.78539816,
                    ],
                    scale_ratio_range=[
                        0.9,
                        1.1,
                    ],
                    translation_std=0.5,
                    type='GlobalRotScaleTrans'),
                dict(type='BEVFusionRandomFlip3D'),
                dict(
                    point_cloud_range=[
                        -54.0,
                        -54.0,
                        -5.0,
                        54.0,
                        54.0,
                        3.0,
                    ],
                    type='PointsRangeFilter'),
                dict(
                    point_cloud_range=[
                        -54.0,
                        -54.0,
                        -5.0,
                        54.0,
                        54.0,
                        3.0,
                    ],
                    type='ObjectRangeFilter'),
                dict(
                    classes=[
                        'car',
                        'truck',
                        'construction_vehicle',
                        'bus',
                        'trailer',
                        'barrier',
                        'motorcycle',
                        'bicycle',
                        'pedestrian',
                        'traffic_cone',
                    ],
                    type='ObjectNameFilter'),
                dict(type='PointShuffle'),
                dict(
                    keys=[
                        'points',
                        'img',
                        'gt_bboxes_3d',
                        'gt_labels_3d',
                        'gt_bboxes',
                        'gt_labels',
                    ],
                    meta_keys=[
                        'cam2img',
                        'ori_cam2img',
                        'lidar2cam',
                        'lidar2img',
                        'cam2lidar',
                        'ori_lidar2img',
                        'img_aug_matrix',
                        'box_type_3d',
                        'sample_idx',
                        'lidar_path',
                        'img_path',
                        'transformation_3d_flow',
                        'pcd_rotation',
                        'pcd_scale_factor',
                        'pcd_trans',
                        'img_aug_matrix',
                        'lidar_aug_matrix',
                    ],
                    type='Pack3DDetInputs'),
            ],
            test_mode=False,
            type='NuScenesDataset',
            use_valid_flag=True),
        type='CBGSDataset'),
    num_workers=1,
    persistent_workers=True,
    sampler=dict(shuffle=True, type='DefaultSampler'))
train_pipeline = [
    dict(
        backend_args=None,
        coord_type='LIDAR',
        load_dim=5,
        type='LoadPointsFromFile',
        use_dim=5),
    dict(
        backend_args=None,
        load_dim=5,
        pad_empty_sweeps=True,
        remove_close=True,
        sweeps_num=9,
        type='LoadPointsFromMultiSweeps',
        use_dim=5),
    dict(
        type='LoadAnnotations3D',
        with_attr_label=False,
        with_bbox_3d=True,
        with_label_3d=True),
    dict(
        db_sampler=dict(
            classes=[
                'car',
                'truck',
                'construction_vehicle',
                'bus',
                'trailer',
                'barrier',
                'motorcycle',
                'bicycle',
                'pedestrian',
                'traffic_cone',
            ],
            data_root='/media/xavier02/Sparkles1/nuscenes/',
            info_path=
            '/media/xavier02/Sparkles1/nuscenes/nuscenes_dbinfos_train.pkl',
            points_loader=dict(
                backend_args=None,
                coord_type='LIDAR',
                load_dim=5,
                type='LoadPointsFromFile',
                use_dim=[
                    0,
                    1,
                    2,
                    3,
                    4,
                ]),
            prepare=dict(
                filter_by_difficulty=[
                    -1,
                ],
                filter_by_min_points=dict(
                    barrier=5,
                    bicycle=5,
                    bus=5,
                    car=5,
                    construction_vehicle=5,
                    motorcycle=5,
                    pedestrian=5,
                    traffic_cone=5,
                    trailer=5,
                    truck=5)),
            rate=1.0,
            sample_groups=dict(
                barrier=2,
                bicycle=6,
                bus=4,
                car=2,
                construction_vehicle=7,
                motorcycle=6,
                pedestrian=2,
                traffic_cone=2,
                trailer=6,
                truck=3)),
        type='ObjectSample'),
    dict(
        rot_range=[
            -0.78539816,
            0.78539816,
        ],
        scale_ratio_range=[
            0.9,
            1.1,
        ],
        translation_std=0.5,
        type='GlobalRotScaleTrans'),
    dict(type='BEVFusionRandomFlip3D'),
    dict(
        point_cloud_range=[
            -54.0,
            -54.0,
            -5.0,
            54.0,
            54.0,
            3.0,
        ],
        type='PointsRangeFilter'),
    dict(
        point_cloud_range=[
            -54.0,
            -54.0,
            -5.0,
            54.0,
            54.0,
            3.0,
        ],
        type='ObjectRangeFilter'),
    dict(
        classes=[
            'car',
            'truck',
            'construction_vehicle',
            'bus',
            'trailer',
            'barrier',
            'motorcycle',
            'bicycle',
            'pedestrian',
            'traffic_cone',
        ],
        type='ObjectNameFilter'),
    dict(type='PointShuffle'),
    dict(
        keys=[
            'points',
            'img',
            'gt_bboxes_3d',
            'gt_labels_3d',
            'gt_bboxes',
            'gt_labels',
        ],
        meta_keys=[
            'cam2img',
            'ori_cam2img',
            'lidar2cam',
            'lidar2img',
            'cam2lidar',
            'ori_lidar2img',
            'img_aug_matrix',
            'box_type_3d',
            'sample_idx',
            'lidar_path',
            'img_path',
            'transformation_3d_flow',
            'pcd_rotation',
            'pcd_scale_factor',
            'pcd_trans',
            'img_aug_matrix',
            'lidar_aug_matrix',
        ],
        type='Pack3DDetInputs'),
]
val_cfg = dict()
val_dataloader = dict(
    batch_size=1,
    dataset=dict(
        ann_file='nuscenes_infos_val.pkl',
        backend_args=None,
        box_type_3d='LiDAR',
        data_prefix=dict(
            CAM_BACK='samples/CAM_BACK',
            CAM_BACK_LEFT='samples/CAM_BACK_LEFT',
            CAM_BACK_RIGHT='samples/CAM_BACK_RIGHT',
            CAM_FRONT='samples/CAM_FRONT',
            CAM_FRONT_LEFT='samples/CAM_FRONT_LEFT',
            CAM_FRONT_RIGHT='samples/CAM_FRONT_RIGHT',
            pts='samples/LIDAR_TOP',
            sweeps='sweeps/LIDAR_TOP'),
        data_root='/media/xavier02/Sparkles1/nuscenes/',
        metainfo=dict(classes=[
            'car',
            'truck',
            'construction_vehicle',
            'bus',
            'trailer',
            'barrier',
            'motorcycle',
            'bicycle',
            'pedestrian',
            'traffic_cone',
        ]),
        modality=dict(use_camera=False, use_lidar=True),
        pipeline=[
            dict(
                backend_args=None,
                coord_type='LIDAR',
                load_dim=5,
                type='LoadPointsFromFile',
                use_dim=5),
            dict(
                backend_args=None,
                load_dim=5,
                pad_empty_sweeps=True,
                remove_close=True,
                sweeps_num=7,
                type='LoadPointsFromMultiSweeps',
                use_dim=5),
            dict(
                point_cloud_range=[
                    -54.0,
                    -54.0,
                    -5.0,
                    54.0,
                    54.0,
                    3.0,
                ],
                type='PointsRangeFilter'),
            dict(
                keys=[
                    'img',
                    'points',
                    'gt_bboxes_3d',
                    'gt_labels_3d',
                ],
                meta_keys=[
                    'cam2img',
                    'ori_cam2img',
                    'lidar2cam',
                    'lidar2img',
                    'cam2lidar',
                    'ori_lidar2img',
                    'img_aug_matrix',
                    'box_type_3d',
                    'sample_idx',
                    'lidar_path',
                    'img_path',
                    'num_pts_feats',
                    'num_views',
                ],
                type='Pack3DDetInputs'),
        ],
        test_mode=True,
        type='NuScenesDataset'),
    drop_last=False,
    num_workers=4,
    persistent_workers=True,
    sampler=dict(shuffle=False, type='DefaultSampler'))
val_evaluator = dict(
    ann_file='/media/xavier02/Sparkles1/nuscenes/nuscenes_infos_val.pkl',
    backend_args=None,
    data_root='/media/xavier02/Sparkles1/nuscenes/',
    metric='bbox',
    type='NuScenesMetric')
vis_backends = [
    dict(type='LocalVisBackend'),
]
visualizer = dict(
    name='visualizer',
    type='Det3DLocalVisualizer',
    vis_backends=[
        dict(type='LocalVisBackend'),
    ])
voxel_size = [
    0.075,
    0.075,
    0.2,
]
work_dir = './work_dirs/bevfusion_lidar_voxel0075_7sweeps'

2000/01/02 06:59:53 - mmengine - INFO - Distributed training is not used, all SyncBatchNorm (SyncBN) layers in the model will be automatically reverted to BatchNormXd layers if they are used.
2000/01/02 06:59:53 - mmengine - INFO - Hooks will be executed in the following order:
before_run:
(VERY_HIGH   ) RuntimeInfoHook                    
(BELOW_NORMAL) LoggerHook                         
 -------------------- 
before_train:
(VERY_HIGH   ) RuntimeInfoHook                    
(NORMAL      ) IterTimerHook                      
(VERY_LOW    ) CheckpointHook                     
 -------------------- 
before_train_epoch:
(VERY_HIGH   ) RuntimeInfoHook                    
(NORMAL      ) IterTimerHook                      
(NORMAL      ) DistSamplerSeedHook                
(NORMAL      ) DisableObjectSampleHook            
 -------------------- 
before_train_iter:
(VERY_HIGH   ) RuntimeInfoHook                    
(NORMAL      ) IterTimerHook                      
 -------------------- 
after_train_iter:
(VERY_HIGH   ) RuntimeInfoHook                    
(NORMAL      ) IterTimerHook                      
(BELOW_NORMAL) LoggerHook                         
(LOW         ) ParamSchedulerHook                 
(VERY_LOW    ) CheckpointHook                     
 -------------------- 
after_train_epoch:
(NORMAL      ) IterTimerHook                      
(LOW         ) ParamSchedulerHook                 
(VERY_LOW    ) CheckpointHook                     
 -------------------- 
before_val:
(VERY_HIGH   ) RuntimeInfoHook                    
 -------------------- 
before_val_epoch:
(NORMAL      ) IterTimerHook                      
 -------------------- 
before_val_iter:
(NORMAL      ) IterTimerHook                      
 -------------------- 
after_val_iter:
(NORMAL      ) IterTimerHook                      
(NORMAL      ) Det3DVisualizationHook             
(BELOW_NORMAL) LoggerHook                         
 -------------------- 
after_val_epoch:
(VERY_HIGH   ) RuntimeInfoHook                    
(NORMAL      ) IterTimerHook                      
(BELOW_NORMAL) LoggerHook                         
(LOW         ) ParamSchedulerHook                 
(VERY_LOW    ) CheckpointHook                     
 -------------------- 
after_val:
(VERY_HIGH   ) RuntimeInfoHook                    
 -------------------- 
after_train:
(VERY_HIGH   ) RuntimeInfoHook                    
(VERY_LOW    ) CheckpointHook                     
 -------------------- 
before_test:
(VERY_HIGH   ) RuntimeInfoHook                    
 -------------------- 
before_test_epoch:
(NORMAL      ) IterTimerHook                      
 -------------------- 
before_test_iter:
(NORMAL      ) IterTimerHook                      
 -------------------- 
after_test_iter:
(NORMAL      ) IterTimerHook                      
(NORMAL      ) Det3DVisualizationHook             
(BELOW_NORMAL) LoggerHook                         
 -------------------- 
after_test_epoch:
(VERY_HIGH   ) RuntimeInfoHook                    
(NORMAL      ) IterTimerHook                      
(BELOW_NORMAL) LoggerHook                         
 -------------------- 
after_test:
(VERY_HIGH   ) RuntimeInfoHook                    
 -------------------- 
after_run:
(BELOW_NORMAL) LoggerHook                         
 -------------------- 
2000/01/02 07:00:31 - mmengine - INFO - ------------------------------
2000/01/02 07:00:31 - mmengine - INFO - The length of test dataset: 6019
2000/01/02 07:00:31 - mmengine - INFO - The number of instances per category in the dataset:
+----------------------+--------+
| category             | number |
+----------------------+--------+
| car                  | 80004  |
| truck                | 15704  |
| construction_vehicle | 2678   |
| bus                  | 3158   |
| trailer              | 4159   |
| barrier              | 26992  |
| motorcycle           | 2508   |
| bicycle              | 2381   |
| pedestrian           | 34347  |
| traffic_cone         | 15597  |
+----------------------+--------+
2000/01/02 07:00:36 - mmengine - INFO - Load checkpoint from projects/BEVFusion/configs/Lidar_checkpoint_voxel_0075_4sweeps.pth
2000/01/02 07:01:13 - mmengine - INFO - Epoch(test) [  50/6019]    eta: 1:12:31  time: 0.7290  data_time: 0.0165  memory: 432  
2000/01/02 07:01:48 - mmengine - INFO - Epoch(test) [ 100/6019]    eta: 1:10:46  time: 0.7057  data_time: 0.0076  memory: 432  
2000/01/02 07:02:22 - mmengine - INFO - Epoch(test) [ 150/6019]    eta: 1:08:45  time: 0.6738  data_time: 0.0076  memory: 432  
2000/01/02 07:02:56 - mmengine - INFO - Epoch(test) [ 200/6019]    eta: 1:07:53  time: 0.6919  data_time: 0.0076  memory: 433  
2000/01/02 07:03:30 - mmengine - INFO - Epoch(test) [ 250/6019]    eta: 1:06:43  time: 0.6694  data_time: 0.0074  memory: 432  
2000/01/02 07:04:02 - mmengine - INFO - Epoch(test) [ 300/6019]    eta: 1:05:14  time: 0.6372  data_time: 0.0084  memory: 433  
2000/01/02 07:04:36 - mmengine - INFO - Epoch(test) [ 350/6019]    eta: 1:04:36  time: 0.6791  data_time: 0.0080  memory: 432  
2000/01/02 07:05:10 - mmengine - INFO - Epoch(test) [ 400/6019]    eta: 1:04:08  time: 0.6937  data_time: 0.0081  memory: 432  
2000/01/02 07:05:44 - mmengine - INFO - Epoch(test) [ 450/6019]    eta: 1:03:30  time: 0.6786  data_time: 0.0075  memory: 432  
2000/01/02 07:06:17 - mmengine - INFO - Epoch(test) [ 500/6019]    eta: 1:02:43  time: 0.6612  data_time: 0.0074  memory: 432  
2000/01/02 07:06:50 - mmengine - INFO - Epoch(test) [ 550/6019]    eta: 1:01:58  time: 0.6588  data_time: 0.0076  memory: 432  
2000/01/02 07:07:21 - mmengine - INFO - Epoch(test) [ 600/6019]    eta: 1:00:56  time: 0.6196  data_time: 0.0075  memory: 432  
2000/01/02 07:07:49 - mmengine - INFO - Epoch(test) [ 650/6019]    eta: 0:59:30  time: 0.5479  data_time: 0.0070  memory: 431  
2000/01/02 07:08:16 - mmengine - INFO - Epoch(test) [ 700/6019]    eta: 0:58:13  time: 0.5492  data_time: 0.0076  memory: 431  
2000/01/02 07:08:43 - mmengine - INFO - Epoch(test) [ 750/6019]    eta: 0:57:01  time: 0.5462  data_time: 0.0073  memory: 431  
2000/01/02 07:09:15 - mmengine - INFO - Epoch(test) [ 800/6019]    eta: 0:56:20  time: 0.6227  data_time: 0.0077  memory: 432  
2000/01/02 07:09:45 - mmengine - INFO - Epoch(test) [ 850/6019]    eta: 0:55:33  time: 0.5996  data_time: 0.0076  memory: 432  
2000/01/02 07:10:13 - mmengine - INFO - Epoch(test) [ 900/6019]    eta: 0:54:40  time: 0.5715  data_time: 0.0076  memory: 432  
2000/01/02 07:10:44 - mmengine - INFO - Epoch(test) [ 950/6019]    eta: 0:54:01  time: 0.6136  data_time: 0.0076  memory: 432  
2000/01/02 07:11:16 - mmengine - INFO - Epoch(test) [1000/6019]    eta: 0:53:31  time: 0.6484  data_time: 0.0076  memory: 433  
2000/01/02 07:11:43 - mmengine - INFO - Epoch(test) [1050/6019]    eta: 0:52:35  time: 0.5391  data_time: 0.0079  memory: 431  
2000/01/02 07:12:14 - mmengine - INFO - Epoch(test) [1100/6019]    eta: 0:51:57  time: 0.6075  data_time: 0.0074  memory: 432  
2000/01/02 07:12:43 - mmengine - INFO - Epoch(test) [1150/6019]    eta: 0:51:16  time: 0.5894  data_time: 0.0073  memory: 432  
2000/01/02 07:13:14 - mmengine - INFO - Epoch(test) [1200/6019]    eta: 0:50:43  time: 0.6247  data_time: 0.0075  memory: 432  
2000/01/02 07:13:48 - mmengine - INFO - Epoch(test) [1250/6019]    eta: 0:50:21  time: 0.6820  data_time: 0.0076  memory: 432  
2000/01/02 07:14:20 - mmengine - INFO - Epoch(test) [1300/6019]    eta: 0:49:49  time: 0.6288  data_time: 0.0074  memory: 432  
2000/01/02 07:14:53 - mmengine - INFO - Epoch(test) [1350/6019]    eta: 0:49:22  time: 0.6630  data_time: 0.0074  memory: 432  
2000/01/02 07:15:25 - mmengine - INFO - Epoch(test) [1400/6019]    eta: 0:48:53  time: 0.6485  data_time: 0.0075  memory: 432  
2000/01/02 07:15:59 - mmengine - INFO - Epoch(test) [1450/6019]    eta: 0:48:26  time: 0.6684  data_time: 0.0074  memory: 432  
2000/01/02 07:16:34 - mmengine - INFO - Epoch(test) [1500/6019]    eta: 0:48:06  time: 0.7122  data_time: 0.0076  memory: 432  
2000/01/02 07:17:09 - mmengine - INFO - Epoch(test) [1550/6019]    eta: 0:47:40  time: 0.6814  data_time: 0.0082  memory: 433  
2000/01/02 07:17:37 - mmengine - INFO - Epoch(test) [1600/6019]    eta: 0:46:59  time: 0.5774  data_time: 0.0075  memory: 433  
2000/01/02 07:18:10 - mmengine - INFO - Epoch(test) [1650/6019]    eta: 0:46:30  time: 0.6596  data_time: 0.0078  memory: 432  
2000/01/02 07:18:42 - mmengine - INFO - Epoch(test) [1700/6019]    eta: 0:45:57  time: 0.6288  data_time: 0.0072  memory: 432  
2000/01/02 07:19:14 - mmengine - INFO - Epoch(test) [1750/6019]    eta: 0:45:25  time: 0.6369  data_time: 0.0075  memory: 432  
2000/01/02 07:19:45 - mmengine - INFO - Epoch(test) [1800/6019]    eta: 0:44:51  time: 0.6205  data_time: 0.0073  memory: 432  
2000/01/02 07:20:16 - mmengine - INFO - Epoch(test) [1850/6019]    eta: 0:44:17  time: 0.6174  data_time: 0.0074  memory: 432  
2000/01/02 07:20:44 - mmengine - INFO - Epoch(test) [1900/6019]    eta: 0:43:37  time: 0.5676  data_time: 0.0074  memory: 432  
2000/01/02 07:21:15 - mmengine - INFO - Epoch(test) [1950/6019]    eta: 0:43:03  time: 0.6144  data_time: 0.0080  memory: 432  
2000/01/02 07:21:46 - mmengine - INFO - Epoch(test) [2000/6019]    eta: 0:42:30  time: 0.6174  data_time: 0.0074  memory: 432  
2000/01/02 07:22:18 - mmengine - INFO - Epoch(test) [2050/6019]    eta: 0:41:59  time: 0.6420  data_time: 0.0075  memory: 432  
2000/01/02 07:22:50 - mmengine - INFO - Epoch(test) [2100/6019]    eta: 0:41:27  time: 0.6372  data_time: 0.0074  memory: 432  
2000/01/02 07:23:20 - mmengine - INFO - Epoch(test) [2150/6019]    eta: 0:40:54  time: 0.6166  data_time: 0.0074  memory: 432  
2000/01/02 07:23:53 - mmengine - INFO - Epoch(test) [2200/6019]    eta: 0:40:23  time: 0.6474  data_time: 0.0077  memory: 433  
2000/01/02 07:24:25 - mmengine - INFO - Epoch(test) [2250/6019]    eta: 0:39:52  time: 0.6408  data_time: 0.0074  memory: 432  
2000/01/02 07:24:54 - mmengine - INFO - Epoch(test) [2300/6019]    eta: 0:39:15  time: 0.5731  data_time: 0.0074  memory: 432  
2000/01/02 07:25:19 - mmengine - INFO - Epoch(test) [2350/6019]    eta: 0:38:35  time: 0.5158  data_time: 0.0070  memory: 431  
2000/01/02 07:25:48 - mmengine - INFO - Epoch(test) [2400/6019]    eta: 0:37:59  time: 0.5796  data_time: 0.0073  memory: 432  
2000/01/02 07:26:20 - mmengine - INFO - Epoch(test) [2450/6019]    eta: 0:37:28  time: 0.6380  data_time: 0.0072  memory: 432  
2000/01/02 07:26:52 - mmengine - INFO - Epoch(test) [2500/6019]    eta: 0:36:56  time: 0.6255  data_time: 0.0077  memory: 432  
2000/01/02 07:27:21 - mmengine - INFO - Epoch(test) [2550/6019]    eta: 0:36:21  time: 0.5803  data_time: 0.0072  memory: 432  
2000/01/02 07:27:48 - mmengine - INFO - Epoch(test) [2600/6019]    eta: 0:35:44  time: 0.5423  data_time: 0.0072  memory: 432  
2000/01/02 07:28:18 - mmengine - INFO - Epoch(test) [2650/6019]    eta: 0:35:12  time: 0.6083  data_time: 0.0078  memory: 432  
2000/01/02 07:28:49 - mmengine - INFO - Epoch(test) [2700/6019]    eta: 0:34:40  time: 0.6143  data_time: 0.0073  memory: 432  
2000/01/02 07:29:18 - mmengine - INFO - Epoch(test) [2750/6019]    eta: 0:34:06  time: 0.5801  data_time: 0.0073  memory: 432  
2000/01/02 07:29:48 - mmengine - INFO - Epoch(test) [2800/6019]    eta: 0:33:33  time: 0.6009  data_time: 0.0073  memory: 432  
2000/01/02 07:30:14 - mmengine - INFO - Epoch(test) [2850/6019]    eta: 0:32:56  time: 0.5233  data_time: 0.0072  memory: 431  
2000/01/02 07:30:41 - mmengine - INFO - Epoch(test) [2900/6019]    eta: 0:32:20  time: 0.5352  data_time: 0.0071  memory: 432  
2000/01/02 07:31:07 - mmengine - INFO - Epoch(test) [2950/6019]    eta: 0:31:44  time: 0.5313  data_time: 0.0075  memory: 432  
2000/01/02 07:31:36 - mmengine - INFO - Epoch(test) [3000/6019]    eta: 0:31:11  time: 0.5738  data_time: 0.0071  memory: 432  
2000/01/02 07:32:06 - mmengine - INFO - Epoch(test) [3050/6019]    eta: 0:30:38  time: 0.5894  data_time: 0.0071  memory: 432  
2000/01/02 07:32:29 - mmengine - INFO - Epoch(test) [3100/6019]    eta: 0:30:00  time: 0.4746  data_time: 0.0071  memory: 430  
2000/01/02 07:32:51 - mmengine - INFO - Epoch(test) [3150/6019]    eta: 0:29:21  time: 0.4392  data_time: 0.0068  memory: 430  
2000/01/02 07:33:17 - mmengine - INFO - Epoch(test) [3200/6019]    eta: 0:28:47  time: 0.5178  data_time: 0.0070  memory: 431  
2000/01/02 07:33:43 - mmengine - INFO - Epoch(test) [3250/6019]    eta: 0:28:12  time: 0.5161  data_time: 0.0071  memory: 430  
2000/01/02 07:34:14 - mmengine - INFO - Epoch(test) [3300/6019]    eta: 0:27:42  time: 0.6246  data_time: 0.0074  memory: 432  
2000/01/02 07:34:44 - mmengine - INFO - Epoch(test) [3350/6019]    eta: 0:27:11  time: 0.5940  data_time: 0.0073  memory: 432  
2000/01/02 07:35:14 - mmengine - INFO - Epoch(test) [3400/6019]    eta: 0:26:39  time: 0.5924  data_time: 0.0071  memory: 432  
2000/01/02 07:35:43 - mmengine - INFO - Epoch(test) [3450/6019]    eta: 0:26:08  time: 0.5944  data_time: 0.0077  memory: 432  
2000/01/02 07:36:13 - mmengine - INFO - Epoch(test) [3500/6019]    eta: 0:25:37  time: 0.5846  data_time: 0.0072  memory: 432  
2000/01/02 07:36:40 - mmengine - INFO - Epoch(test) [3550/6019]    eta: 0:25:04  time: 0.5549  data_time: 0.0073  memory: 432  
2000/01/02 07:37:08 - mmengine - INFO - Epoch(test) [3600/6019]    eta: 0:24:32  time: 0.5621  data_time: 0.0072  memory: 432  
2000/01/02 07:37:38 - mmengine - INFO - Epoch(test) [3650/6019]    eta: 0:24:01  time: 0.5921  data_time: 0.0074  memory: 432  
2000/01/02 07:38:05 - mmengine - INFO - Epoch(test) [3700/6019]    eta: 0:23:28  time: 0.5351  data_time: 0.0075  memory: 431  
2000/01/02 07:38:36 - mmengine - INFO - Epoch(test) [3750/6019]    eta: 0:22:58  time: 0.6147  data_time: 0.0075  memory: 432  
2000/01/02 07:39:11 - mmengine - INFO - Epoch(test) [3800/6019]    eta: 0:22:31  time: 0.7058  data_time: 0.0078  memory: 432  
2000/01/02 07:39:43 - mmengine - INFO - Epoch(test) [3850/6019]    eta: 0:22:01  time: 0.6401  data_time: 0.0073  memory: 432  
2000/01/02 07:40:18 - mmengine - INFO - Epoch(test) [3900/6019]    eta: 0:21:33  time: 0.7103  data_time: 0.0075  memory: 432  
2000/01/02 07:40:54 - mmengine - INFO - Epoch(test) [3950/6019]    eta: 0:21:05  time: 0.7038  data_time: 0.0075  memory: 432  
2000/01/02 07:41:29 - mmengine - INFO - Epoch(test) [4000/6019]    eta: 0:20:37  time: 0.7156  data_time: 0.0077  memory: 433  
2000/01/02 07:41:56 - mmengine - INFO - Epoch(test) [4050/6019]    eta: 0:20:05  time: 0.5347  data_time: 0.0075  memory: 432  
2000/01/02 07:42:25 - mmengine - INFO - Epoch(test) [4100/6019]    eta: 0:19:33  time: 0.5683  data_time: 0.0071  memory: 432  
2000/01/02 07:42:54 - mmengine - INFO - Epoch(test) [4150/6019]    eta: 0:19:02  time: 0.5892  data_time: 0.0074  memory: 432  
2000/01/02 07:43:26 - mmengine - INFO - Epoch(test) [4200/6019]    eta: 0:18:32  time: 0.6407  data_time: 0.0074  memory: 432  
2000/01/02 07:43:52 - mmengine - INFO - Epoch(test) [4250/6019]    eta: 0:18:00  time: 0.5173  data_time: 0.0071  memory: 432  
2000/01/02 07:44:17 - mmengine - INFO - Epoch(test) [4300/6019]    eta: 0:17:27  time: 0.5069  data_time: 0.0070  memory: 430  
2000/01/02 07:44:43 - mmengine - INFO - Epoch(test) [4350/6019]    eta: 0:16:55  time: 0.5153  data_time: 0.0072  memory: 431  
2000/01/02 07:45:11 - mmengine - INFO - Epoch(test) [4400/6019]    eta: 0:16:24  time: 0.5665  data_time: 0.0078  memory: 431  
2000/01/02 07:45:40 - mmengine - INFO - Epoch(test) [4450/6019]    eta: 0:15:53  time: 0.5779  data_time: 0.0074  memory: 432  
2000/01/02 07:46:12 - mmengine - INFO - Epoch(test) [4500/6019]    eta: 0:15:23  time: 0.6354  data_time: 0.0076  memory: 432  
2000/01/02 07:46:44 - mmengine - INFO - Epoch(test) [4550/6019]    eta: 0:14:53  time: 0.6409  data_time: 0.0075  memory: 432  
2000/01/02 07:47:18 - mmengine - INFO - Epoch(test) [4600/6019]    eta: 0:14:24  time: 0.6803  data_time: 0.0072  memory: 432  
2000/01/02 07:47:53 - mmengine - INFO - Epoch(test) [4650/6019]    eta: 0:13:55  time: 0.7060  data_time: 0.0078  memory: 433  
2000/01/02 07:48:27 - mmengine - INFO - Epoch(test) [4700/6019]    eta: 0:13:25  time: 0.6673  data_time: 0.0075  memory: 432  
2000/01/02 07:49:00 - mmengine - INFO - Epoch(test) [4750/6019]    eta: 0:12:55  time: 0.6541  data_time: 0.0075  memory: 432  
2000/01/02 07:49:33 - mmengine - INFO - Epoch(test) [4800/6019]    eta: 0:12:25  time: 0.6737  data_time: 0.0074  memory: 432  
2000/01/02 07:50:06 - mmengine - INFO - Epoch(test) [4850/6019]    eta: 0:11:55  time: 0.6653  data_time: 0.0074  memory: 432  
2000/01/02 07:50:39 - mmengine - INFO - Epoch(test) [4900/6019]    eta: 0:11:25  time: 0.6473  data_time: 0.0074  memory: 432  
2000/01/02 07:51:11 - mmengine - INFO - Epoch(test) [4950/6019]    eta: 0:10:55  time: 0.6501  data_time: 0.0075  memory: 432  
2000/01/02 07:51:45 - mmengine - INFO - Epoch(test) [5000/6019]    eta: 0:10:25  time: 0.6690  data_time: 0.0075  memory: 432  
2000/01/02 07:52:17 - mmengine - INFO - Epoch(test) [5050/6019]    eta: 0:09:54  time: 0.6509  data_time: 0.0074  memory: 432  
2000/01/02 07:52:50 - mmengine - INFO - Epoch(test) [5100/6019]    eta: 0:09:24  time: 0.6463  data_time: 0.0074  memory: 432  
2000/01/02 07:53:21 - mmengine - INFO - Epoch(test) [5150/6019]    eta: 0:08:53  time: 0.6315  data_time: 0.0073  memory: 432  
2000/01/02 07:53:51 - mmengine - INFO - Epoch(test) [5200/6019]    eta: 0:08:23  time: 0.5981  data_time: 0.0073  memory: 432  
2000/01/02 07:54:24 - mmengine - INFO - Epoch(test) [5250/6019]    eta: 0:07:52  time: 0.6500  data_time: 0.0075  memory: 432  
2000/01/02 07:54:53 - mmengine - INFO - Epoch(test) [5300/6019]    eta: 0:07:21  time: 0.5929  data_time: 0.0076  memory: 432  
2000/01/02 07:55:25 - mmengine - INFO - Epoch(test) [5350/6019]    eta: 0:06:51  time: 0.6317  data_time: 0.0075  memory: 433  
2000/01/02 07:55:59 - mmengine - INFO - Epoch(test) [5400/6019]    eta: 0:06:20  time: 0.6803  data_time: 0.0075  memory: 433  
2000/01/02 07:56:32 - mmengine - INFO - Epoch(test) [5450/6019]    eta: 0:05:50  time: 0.6606  data_time: 0.0075  memory: 432  
2000/01/02 07:57:07 - mmengine - INFO - Epoch(test) [5500/6019]    eta: 0:05:19  time: 0.6957  data_time: 0.0076  memory: 432  
2000/01/02 07:57:41 - mmengine - INFO - Epoch(test) [5550/6019]    eta: 0:04:49  time: 0.6933  data_time: 0.0072  memory: 433  
2000/01/02 07:58:16 - mmengine - INFO - Epoch(test) [5600/6019]    eta: 0:04:18  time: 0.6940  data_time: 0.0073  memory: 432  
2000/01/02 07:58:50 - mmengine - INFO - Epoch(test) [5650/6019]    eta: 0:03:48  time: 0.6820  data_time: 0.0076  memory: 432  
2000/01/02 07:59:26 - mmengine - INFO - Epoch(test) [5700/6019]    eta: 0:03:17  time: 0.7204  data_time: 0.0078  memory: 432  
2000/01/02 08:00:01 - mmengine - INFO - Epoch(test) [5750/6019]    eta: 0:02:46  time: 0.7022  data_time: 0.0074  memory: 432  
2000/01/02 08:00:34 - mmengine - INFO - Epoch(test) [5800/6019]    eta: 0:02:15  time: 0.6560  data_time: 0.0074  memory: 433  
2000/01/02 08:01:08 - mmengine - INFO - Epoch(test) [5850/6019]    eta: 0:01:44  time: 0.6663  data_time: 0.0076  memory: 432  
2000/01/02 08:01:43 - mmengine - INFO - Epoch(test) [5900/6019]    eta: 0:01:13  time: 0.7064  data_time: 0.0076  memory: 433  
2000/01/02 08:02:18 - mmengine - INFO - Epoch(test) [5950/6019]    eta: 0:00:42  time: 0.6942  data_time: 0.0074  memory: 433  
2000/01/02 08:02:50 - mmengine - INFO - Epoch(test) [6000/6019]    eta: 0:00:11  time: 0.6456  data_time: 0.0077  memory: 432  
2000/01/02 08:29:32 - mmengine - INFO - Epoch(test) [6019/6019]    NuScenes metric/pred_instances_3d_NuScenes/car_AP_dist_0.5: 0.5904  NuScenes metric/pred_instances_3d_NuScenes/car_AP_dist_1.0: 0.6791  NuScenes metric/pred_instances_3d_NuScenes/car_AP_dist_2.0: 0.7019  NuScenes metric/pred_instances_3d_NuScenes/car_AP_dist_4.0: 0.7143  NuScenes metric/pred_instances_3d_NuScenes/car_trans_err: 0.1891  NuScenes metric/pred_instances_3d_NuScenes/car_scale_err: 0.1652  NuScenes metric/pred_instances_3d_NuScenes/car_orient_err: 0.1545  NuScenes metric/pred_instances_3d_NuScenes/car_vel_err: 0.4983  NuScenes metric/pred_instances_3d_NuScenes/car_attr_err: 0.2095  NuScenes metric/pred_instances_3d_NuScenes/mATE: 0.3136  NuScenes metric/pred_instances_3d_NuScenes/mASE: 0.2688  NuScenes metric/pred_instances_3d_NuScenes/mAOE: 0.3849  NuScenes metric/pred_instances_3d_NuScenes/mAVE: 0.3943  NuScenes metric/pred_instances_3d_NuScenes/mAAE: 0.2054  NuScenes metric/pred_instances_3d_NuScenes/truck_AP_dist_0.5: 0.2392  NuScenes metric/pred_instances_3d_NuScenes/truck_AP_dist_1.0: 0.3872  NuScenes metric/pred_instances_3d_NuScenes/truck_AP_dist_2.0: 0.4330  NuScenes metric/pred_instances_3d_NuScenes/truck_AP_dist_4.0: 0.4643  NuScenes metric/pred_instances_3d_NuScenes/truck_trans_err: 0.3387  NuScenes metric/pred_instances_3d_NuScenes/truck_scale_err: 0.1946  NuScenes metric/pred_instances_3d_NuScenes/truck_orient_err: 0.1499  NuScenes metric/pred_instances_3d_NuScenes/truck_vel_err: 0.3335  NuScenes metric/pred_instances_3d_NuScenes/truck_attr_err: 0.2631  NuScenes metric/pred_instances_3d_NuScenes/construction_vehicle_AP_dist_0.5: 0.0000  NuScenes metric/pred_instances_3d_NuScenes/construction_vehicle_AP_dist_1.0: 0.0000  NuScenes metric/pred_instances_3d_NuScenes/construction_vehicle_AP_dist_2.0: 0.0019  NuScenes metric/pred_instances_3d_NuScenes/construction_vehicle_AP_dist_4.0: 0.0168  NuScenes metric/pred_instances_3d_NuScenes/construction_vehicle_trans_err: 0.8249  NuScenes metric/pred_instances_3d_NuScenes/construction_vehicle_scale_err: 0.4595  NuScenes metric/pred_instances_3d_NuScenes/construction_vehicle_orient_err: 1.0797  NuScenes metric/pred_instances_3d_NuScenes/construction_vehicle_vel_err: 0.1312  NuScenes metric/pred_instances_3d_NuScenes/construction_vehicle_attr_err: 0.3048  NuScenes metric/pred_instances_3d_NuScenes/bus_AP_dist_0.5: 0.3565  NuScenes metric/pred_instances_3d_NuScenes/bus_AP_dist_1.0: 0.5775  NuScenes metric/pred_instances_3d_NuScenes/bus_AP_dist_2.0: 0.6962  NuScenes metric/pred_instances_3d_NuScenes/bus_AP_dist_4.0: 0.7217  NuScenes metric/pred_instances_3d_NuScenes/bus_trans_err: 0.3577  NuScenes metric/pred_instances_3d_NuScenes/bus_scale_err: 0.1885  NuScenes metric/pred_instances_3d_NuScenes/bus_orient_err: 0.0813  NuScenes metric/pred_instances_3d_NuScenes/bus_vel_err: 0.6585  NuScenes metric/pred_instances_3d_NuScenes/bus_attr_err: 0.2795  NuScenes metric/pred_instances_3d_NuScenes/trailer_AP_dist_0.5: 0.0345  NuScenes metric/pred_instances_3d_NuScenes/trailer_AP_dist_1.0: 0.1072  NuScenes metric/pred_instances_3d_NuScenes/trailer_AP_dist_2.0: 0.1548  NuScenes metric/pred_instances_3d_NuScenes/trailer_AP_dist_4.0: 0.1942  NuScenes metric/pred_instances_3d_NuScenes/trailer_trans_err: 0.5309  NuScenes metric/pred_instances_3d_NuScenes/trailer_scale_err: 0.2163  NuScenes metric/pred_instances_3d_NuScenes/trailer_orient_err: 0.7165  NuScenes metric/pred_instances_3d_NuScenes/trailer_vel_err: 0.2927  NuScenes metric/pred_instances_3d_NuScenes/trailer_attr_err: 0.1914  NuScenes metric/pred_instances_3d_NuScenes/barrier_AP_dist_0.5: 0.3743  NuScenes metric/pred_instances_3d_NuScenes/barrier_AP_dist_1.0: 0.4656  NuScenes metric/pred_instances_3d_NuScenes/barrier_AP_dist_2.0: 0.4994  NuScenes metric/pred_instances_3d_NuScenes/barrier_AP_dist_4.0: 0.5187  NuScenes metric/pred_instances_3d_NuScenes/barrier_trans_err: 0.2362  NuScenes metric/pred_instances_3d_NuScenes/barrier_scale_err: 0.2930  NuScenes metric/pred_instances_3d_NuScenes/barrier_orient_err: 0.0910  NuScenes metric/pred_instances_3d_NuScenes/barrier_vel_err: nan  NuScenes metric/pred_instances_3d_NuScenes/barrier_attr_err: nan  NuScenes metric/pred_instances_3d_NuScenes/motorcycle_AP_dist_0.5: 0.2703  NuScenes metric/pred_instances_3d_NuScenes/motorcycle_AP_dist_1.0: 0.3091  NuScenes metric/pred_instances_3d_NuScenes/motorcycle_AP_dist_2.0: 0.3115  NuScenes metric/pred_instances_3d_NuScenes/motorcycle_AP_dist_4.0: 0.3133  NuScenes metric/pred_instances_3d_NuScenes/motorcycle_trans_err: 0.2046  NuScenes metric/pred_instances_3d_NuScenes/motorcycle_scale_err: 0.2551  NuScenes metric/pred_instances_3d_NuScenes/motorcycle_orient_err: 0.2875  NuScenes metric/pred_instances_3d_NuScenes/motorcycle_vel_err: 0.6548  NuScenes metric/pred_instances_3d_NuScenes/motorcycle_attr_err: 0.2732  NuScenes metric/pred_instances_3d_NuScenes/bicycle_AP_dist_0.5: 0.0959  NuScenes metric/pred_instances_3d_NuScenes/bicycle_AP_dist_1.0: 0.0992  NuScenes metric/pred_instances_3d_NuScenes/bicycle_AP_dist_2.0: 0.0994  NuScenes metric/pred_instances_3d_NuScenes/bicycle_AP_dist_4.0: 0.1005  NuScenes metric/pred_instances_3d_NuScenes/bicycle_trans_err: 0.1617  NuScenes metric/pred_instances_3d_NuScenes/bicycle_scale_err: 0.2691  NuScenes metric/pred_instances_3d_NuScenes/bicycle_orient_err: 0.4576  NuScenes metric/pred_instances_3d_NuScenes/bicycle_vel_err: 0.2998  NuScenes metric/pred_instances_3d_NuScenes/bicycle_attr_err: 0.0313  NuScenes metric/pred_instances_3d_NuScenes/pedestrian_AP_dist_0.5: 0.7123  NuScenes metric/pred_instances_3d_NuScenes/pedestrian_AP_dist_1.0: 0.7287  NuScenes metric/pred_instances_3d_NuScenes/pedestrian_AP_dist_2.0: 0.7429  NuScenes metric/pred_instances_3d_NuScenes/pedestrian_AP_dist_4.0: 0.7600  NuScenes metric/pred_instances_3d_NuScenes/pedestrian_trans_err: 0.1497  NuScenes metric/pred_instances_3d_NuScenes/pedestrian_scale_err: 0.2852  NuScenes metric/pred_instances_3d_NuScenes/pedestrian_orient_err: 0.4462  NuScenes metric/pred_instances_3d_NuScenes/pedestrian_vel_err: 0.2858  NuScenes metric/pred_instances_3d_NuScenes/pedestrian_attr_err: 0.0900  NuScenes metric/pred_instances_3d_NuScenes/traffic_cone_AP_dist_0.5: 0.4445  NuScenes metric/pred_instances_3d_NuScenes/traffic_cone_AP_dist_1.0: 0.4544  NuScenes metric/pred_instances_3d_NuScenes/traffic_cone_AP_dist_2.0: 0.4721  NuScenes metric/pred_instances_3d_NuScenes/traffic_cone_AP_dist_4.0: 0.5106  NuScenes metric/pred_instances_3d_NuScenes/traffic_cone_trans_err: 0.1428  NuScenes metric/pred_instances_3d_NuScenes/traffic_cone_scale_err: 0.3615  NuScenes metric/pred_instances_3d_NuScenes/traffic_cone_orient_err: nan  NuScenes metric/pred_instances_3d_NuScenes/traffic_cone_vel_err: nan  NuScenes metric/pred_instances_3d_NuScenes/traffic_cone_attr_err: nan  NuScenes metric/pred_instances_3d_NuScenes/NDS: 0.5352  NuScenes metric/pred_instances_3d_NuScenes/mAP: 0.3838  data_time: 0.0075  time: 0.6221
