2024/12/09 12:59:22 - mmengine - INFO - 
------------------------------------------------------------
System environment:
    sys.platform: linux
    Python: 3.8.10 (default, Jul 29 2024, 17:02:10) [GCC 9.4.0]
    CUDA available: True
    MUSA available: False
    numpy_random_seed: 1590011492
    GPU 0: Xavier
    CUDA_HOME: /usr/local/cuda-11.4
    NVCC: Cuda compilation tools, release 11.4, V11.4.315
    GCC: aarch64-linux-gnu-gcc (Ubuntu 9.4.0-1ubuntu1~20.04.2) 9.4.0
    PyTorch: 1.11.0
    PyTorch compiling details: PyTorch built with:
  - GCC 9.4
  - C++ Version: 201402
  - OpenMP 201511 (a.k.a. OpenMP 4.5)
  - LAPACK is enabled (usually provided by MKL)
  - NNPACK is enabled
  - CPU capability usage: NO AVX
  - CUDA Runtime 11.4
  - NVCC architecture flags: -gencode;arch=compute_72,code=sm_72;-gencode;arch=compute_87,code=sm_87
  - CuDNN 8.6
    - Built with CuDNN 8.3.2
  - Build settings: BLAS_INFO=open, BUILD_TYPE=Release, CUDA_VERSION=11.4, CUDNN_VERSION=8.3.2, CXX_COMPILER=/usr/bin/c++, CXX_FLAGS= -Wno-deprecated -fvisibility-inlines-hidden -DUSE_PTHREADPOOL -fopenmp -DNDEBUG -DUSE_KINETO -DLIBKINETO_NOCUPTI -DUSE_XNNPACK -DSYMBOLICATE_MOBILE_DEBUG_HANDLE -DEDGE_PROFILER_USE_KINETO -O2 -fPIC -Wno-narrowing -Wall -Wextra -Werror=return-type -Wno-missing-field-initializers -Wno-type-limits -Wno-array-bounds -Wno-unknown-pragmas -Wno-sign-compare -Wno-unused-parameter -Wno-unused-function -Wno-unused-result -Wno-unused-local-typedefs -Wno-strict-overflow -Wno-strict-aliasing -Wno-error=deprecated-declarations -Wno-stringop-overflow -Wno-psabi -Wno-error=pedantic -Wno-error=redundant-decls -Wno-error=old-style-cast -fdiagnostics-color=always -faligned-new -Wno-unused-but-set-variable -Wno-maybe-uninitialized -fno-math-errno -fno-trapping-math -Werror=format -Werror=cast-function-type -Wno-stringop-overflow, FORCE_FALLBACK_CUDA_MPI=1, LAPACK_INFO=open, TORCH_VERSION=1.11.0, USE_CUDA=ON, USE_CUDNN=ON, USE_EIGEN_FOR_BLAS=ON, USE_EXCEPTION_PTR=1, USE_GFLAGS=OFF, USE_GLOG=OFF, USE_MKL=OFF, USE_MKLDNN=OFF, USE_MPI=ON, USE_NCCL=0, USE_NNPACK=ON, USE_OPENMP=ON, USE_ROCM=OFF, 

    TorchVision: 0.12.0
    OpenCV: 4.10.0
    MMEngine: 0.10.5

Runtime environment:
    cudnn_benchmark: False
    mp_cfg: {'mp_start_method': 'fork', 'opencv_num_threads': 0}
    dist_cfg: {'backend': 'nccl'}
    seed: 1590011492
    Distributed launcher: none
    Distributed training: False
    GPU number: 1
------------------------------------------------------------

2024/12/09 12:59:24 - mmengine - INFO - Config:
auto_scale_lr = dict(base_batch_size=32, enable=False)
backend_args = None
class_names = [
    'car',
    'truck',
    'construction_vehicle',
    'bus',
    'trailer',
    'barrier',
    'motorcycle',
    'bicycle',
    'pedestrian',
    'traffic_cone',
]
custom_imports = dict(
    allow_failed_imports=False, imports=[
        'projects.BEVFusion.bevfusion',
    ])
data_prefix = dict(
    CAM_BACK='samples/CAM_BACK',
    CAM_BACK_LEFT='samples/CAM_BACK_LEFT',
    CAM_BACK_RIGHT='samples/CAM_BACK_RIGHT',
    CAM_FRONT='samples/CAM_FRONT',
    CAM_FRONT_LEFT='samples/CAM_FRONT_LEFT',
    CAM_FRONT_RIGHT='samples/CAM_FRONT_RIGHT',
    pts='samples/LIDAR_TOP',
    sweeps='sweeps/LIDAR_TOP')
data_root = '/media/xavier02/Sparkles1/nuscenes/'
dataset_type = 'NuScenesDataset'
db_sampler = dict(
    classes=[
        'car',
        'truck',
        'construction_vehicle',
        'bus',
        'trailer',
        'barrier',
        'motorcycle',
        'bicycle',
        'pedestrian',
        'traffic_cone',
    ],
    data_root='/media/xavier02/Sparkles1/nuscenes/',
    info_path='/media/xavier02/Sparkles1/nuscenes/nuscenes_dbinfos_train.pkl',
    points_loader=dict(
        backend_args=None,
        coord_type='LIDAR',
        load_dim=5,
        type='LoadPointsFromFile',
        use_dim=[
            0,
            1,
            2,
            3,
            4,
        ]),
    prepare=dict(
        filter_by_difficulty=[
            -1,
        ],
        filter_by_min_points=dict(
            barrier=5,
            bicycle=5,
            bus=5,
            car=5,
            construction_vehicle=5,
            motorcycle=5,
            pedestrian=5,
            traffic_cone=5,
            trailer=5,
            truck=5)),
    rate=1.0,
    sample_groups=dict(
        barrier=2,
        bicycle=6,
        bus=4,
        car=2,
        construction_vehicle=7,
        motorcycle=6,
        pedestrian=2,
        traffic_cone=2,
        trailer=6,
        truck=3))
default_hooks = dict(
    checkpoint=dict(interval=1, type='CheckpointHook'),
    logger=dict(interval=50, type='LoggerHook'),
    param_scheduler=dict(type='ParamSchedulerHook'),
    sampler_seed=dict(type='DistSamplerSeedHook'),
    timer=dict(type='IterTimerHook'),
    visualization=dict(type='Det3DVisualizationHook'))
default_scope = 'mmdet3d'
env_cfg = dict(
    cudnn_benchmark=False,
    dist_cfg=dict(backend='nccl'),
    mp_cfg=dict(mp_start_method='fork', opencv_num_threads=0))
input_modality = dict(use_camera=True, use_lidar=True)
launcher = 'none'
load_from = '/media/xavier02/xavier_ssd_500/mmdetection3d_source/mmdetection3d-main/projects/BEVFusion/configs/Cam_lid_ep6_fp16.pth'
log_level = 'INFO'
log_processor = dict(by_epoch=True, type='LogProcessor', window_size=50)
lr = 0.0001
metainfo = dict(classes=[
    'car',
    'truck',
    'construction_vehicle',
    'bus',
    'trailer',
    'barrier',
    'motorcycle',
    'bicycle',
    'pedestrian',
    'traffic_cone',
])
model = dict(
    bbox_head=dict(
        auxiliary=True,
        bbox_coder=dict(
            code_size=10,
            out_size_factor=8,
            pc_range=[
                -54.0,
                -54.0,
            ],
            post_center_range=[
                -61.2,
                -61.2,
                -10.0,
                61.2,
                61.2,
                10.0,
            ],
            score_threshold=0.0,
            type='TransFusionBBoxCoder',
            voxel_size=[
                0.075,
                0.075,
            ]),
        bn_momentum=0.1,
        common_heads=dict(
            center=[
                2,
                2,
            ],
            dim=[
                3,
                2,
            ],
            height=[
                1,
                2,
            ],
            rot=[
                2,
                2,
            ],
            vel=[
                2,
                2,
            ]),
        decoder_layer=dict(
            cross_attn_cfg=dict(dropout=0.1, embed_dims=128, num_heads=8),
            ffn_cfg=dict(
                act_cfg=dict(inplace=True, type='ReLU'),
                embed_dims=128,
                feedforward_channels=256,
                ffn_drop=0.1,
                num_fcs=2),
            norm_cfg=dict(type='LN'),
            pos_encoding_cfg=dict(input_channel=2, num_pos_feats=128),
            self_attn_cfg=dict(dropout=0.1, embed_dims=128, num_heads=8),
            type='TransformerDecoderLayer'),
        hidden_channel=128,
        in_channels=512,
        loss_bbox=dict(
            loss_weight=0.25, reduction='mean', type='mmdet.L1Loss'),
        loss_cls=dict(
            alpha=0.25,
            gamma=2.0,
            loss_weight=1.0,
            reduction='mean',
            type='mmdet.FocalLoss',
            use_sigmoid=True),
        loss_heatmap=dict(
            loss_weight=1.0, reduction='mean', type='mmdet.GaussianFocalLoss'),
        nms_kernel_size=3,
        num_classes=10,
        num_decoder_layers=1,
        num_proposals=200,
        test_cfg=dict(
            dataset='nuScenes',
            grid_size=[
                1440,
                1440,
                41,
            ],
            nms_type=None,
            out_size_factor=8,
            pc_range=[
                -54.0,
                -54.0,
            ],
            voxel_size=[
                0.075,
                0.075,
            ]),
        train_cfg=dict(
            assigner=dict(
                cls_cost=dict(
                    alpha=0.25,
                    gamma=2.0,
                    type='mmdet.FocalLossCost',
                    weight=0.15),
                iou_calculator=dict(coordinate='lidar', type='BboxOverlaps3D'),
                iou_cost=dict(type='IoU3DCost', weight=0.25),
                reg_cost=dict(type='BBoxBEVL1Cost', weight=0.25),
                type='HungarianAssigner3D'),
            code_weights=[
                1.0,
                1.0,
                1.0,
                1.0,
                1.0,
                1.0,
                1.0,
                1.0,
                0.2,
                0.2,
            ],
            dataset='nuScenes',
            gaussian_overlap=0.1,
            grid_size=[
                1440,
                1440,
                41,
            ],
            min_radius=2,
            out_size_factor=8,
            point_cloud_range=[
                -54.0,
                -54.0,
                -5.0,
                54.0,
                54.0,
                3.0,
            ],
            pos_weight=-1,
            voxel_size=[
                0.075,
                0.075,
                0.2,
            ]),
        type='TransFusionHead'),
    data_preprocessor=dict(
        bgr_to_rgb=False,
        mean=[
            123.675,
            116.28,
            103.53,
        ],
        pad_size_divisor=32,
        std=[
            58.395,
            57.12,
            57.375,
        ],
        type='Det3DDataPreprocessor',
        voxelize_cfg=dict(
            max_num_points=10,
            max_voxels=[
                120000,
                160000,
            ],
            point_cloud_range=[
                -54.0,
                -54.0,
                -5.0,
                54.0,
                54.0,
                3.0,
            ],
            voxel_size=[
                0.075,
                0.075,
                0.2,
            ],
            voxelize_reduce=True)),
    fusion_layer=dict(
        in_channels=[
            80,
            256,
        ], out_channels=256, type='ConvFuser'),
    img_backbone=dict(
        depth=34,
        frozen_stages=1,
        init_cfg=dict(
            checkpoint=
            '/media/xavier02/xavier_ssd_500/mmdetection3d_source/mmdetection3d-main/projects/BEVFusion/configs/resnet34.pth',
            type='Pretrained'),
        norm_cfg=dict(requires_grad=True, type='BN'),
        norm_eval=True,
        num_stages=4,
        out_indices=(
            0,
            1,
            2,
            3,
        ),
        style='pytorch',
        type='mmdet.ResNet'),
    img_neck=dict(
        act_cfg=dict(inplace=True, type='ReLU'),
        in_channels=[
            64,
            128,
            256,
            512,
        ],
        norm_cfg=dict(requires_grad=True, type='BN2d'),
        num_outs=3,
        out_channels=256,
        start_level=0,
        type='GeneralizedLSSFPN_2',
        upsample_cfg=dict(align_corners=False, mode='bilinear')),
    pts_backbone=dict(
        conv_cfg=dict(bias=False, type='Conv2d'),
        in_channels=256,
        layer_nums=[
            5,
            5,
        ],
        layer_strides=[
            1,
            2,
        ],
        norm_cfg=dict(eps=0.001, momentum=0.01, type='BN'),
        out_channels=[
            128,
            256,
        ],
        type='SECOND'),
    pts_middle_encoder=dict(
        block_type='basicblock',
        encoder_channels=(
            (
                16,
                16,
                32,
            ),
            (
                32,
                32,
                64,
            ),
            (
                64,
                64,
                128,
            ),
            (
                128,
                128,
            ),
        ),
        encoder_paddings=(
            (
                0,
                0,
                1,
            ),
            (
                0,
                0,
                1,
            ),
            (
                0,
                0,
                (
                    1,
                    1,
                    0,
                ),
            ),
            (
                0,
                0,
            ),
        ),
        in_channels=5,
        norm_cfg=dict(eps=0.001, momentum=0.01, type='BN1d'),
        order=(
            'conv',
            'norm',
            'act',
        ),
        sparse_shape=[
            1440,
            1440,
            41,
        ],
        type='BEVFusionSparseEncoder'),
    pts_neck=dict(
        in_channels=[
            128,
            256,
        ],
        norm_cfg=dict(eps=0.001, momentum=0.01, type='BN'),
        out_channels=[
            256,
            256,
        ],
        type='SECONDFPN',
        upsample_cfg=dict(bias=False, type='deconv'),
        upsample_strides=[
            1,
            2,
        ],
        use_conv_for_no_stride=True),
    pts_voxel_encoder=dict(num_features=5, type='HardSimpleVFE'),
    type='BEVFusion',
    view_transform=dict(
        dbound=[
            1.0,
            60.0,
            0.5,
        ],
        downsample=2,
        feature_size=[
            32,
            88,
        ],
        image_size=[
            256,
            704,
        ],
        in_channels=256,
        out_channels=80,
        type='DepthLSSTransform',
        xbound=[
            -54.0,
            54.0,
            0.3,
        ],
        ybound=[
            -54.0,
            54.0,
            0.3,
        ],
        zbound=[
            -10.0,
            10.0,
            20.0,
        ]))
optim_wrapper = dict(
    clip_grad=dict(max_norm=35, norm_type=2),
    optimizer=dict(lr=0.0002, type='AdamW', weight_decay=0.01),
    type='OptimWrapper')
param_scheduler = [
    dict(
        begin=0,
        by_epoch=False,
        end=500,
        start_factor=0.33333333,
        type='LinearLR'),
    dict(
        T_max=6,
        begin=0,
        by_epoch=True,
        convert_to_iter_based=True,
        end=6,
        eta_min_ratio=0.0001,
        type='CosineAnnealingLR'),
    dict(
        begin=0,
        by_epoch=True,
        convert_to_iter_based=True,
        end=2.4,
        eta_min=0.8947368421052632,
        type='CosineAnnealingMomentum'),
    dict(
        begin=2.4,
        by_epoch=True,
        convert_to_iter_based=True,
        end=6,
        eta_min=1,
        type='CosineAnnealingMomentum'),
]
point_cloud_range = [
    -54.0,
    -54.0,
    -5.0,
    54.0,
    54.0,
    3.0,
]
resume = False
test_cfg = dict()
test_dataloader = dict(
    batch_size=1,
    dataset=dict(
        ann_file='nuscenes_infos_val.pkl',
        backend_args=None,
        box_type_3d='LiDAR',
        data_prefix=dict(
            CAM_BACK='samples/CAM_BACK',
            CAM_BACK_LEFT='samples/CAM_BACK_LEFT',
            CAM_BACK_RIGHT='samples/CAM_BACK_RIGHT',
            CAM_FRONT='samples/CAM_FRONT',
            CAM_FRONT_LEFT='samples/CAM_FRONT_LEFT',
            CAM_FRONT_RIGHT='samples/CAM_FRONT_RIGHT',
            pts='samples/LIDAR_TOP',
            sweeps='sweeps/LIDAR_TOP'),
        data_root='/media/xavier02/Sparkles1/nuscenes/',
        metainfo=dict(classes=[
            'car',
            'truck',
            'construction_vehicle',
            'bus',
            'trailer',
            'barrier',
            'motorcycle',
            'bicycle',
            'pedestrian',
            'traffic_cone',
        ]),
        modality=dict(use_camera=True, use_lidar=True),
        pipeline=[
            dict(
                backend_args=None,
                color_type='color',
                to_float32=True,
                type='BEVLoadMultiViewImageFromFiles'),
            dict(
                backend_args=None,
                coord_type='LIDAR',
                load_dim=5,
                type='LoadPointsFromFile',
                use_dim=5),
            dict(
                backend_args=None,
                load_dim=5,
                pad_empty_sweeps=True,
                remove_close=True,
                sweeps_num=9,
                type='LoadPointsFromMultiSweeps',
                use_dim=5),
            dict(
                bot_pct_lim=[
                    0.0,
                    0.0,
                ],
                final_dim=[
                    256,
                    704,
                ],
                is_train=False,
                rand_flip=False,
                resize_lim=[
                    0.48,
                    0.48,
                ],
                rot_lim=[
                    0.0,
                    0.0,
                ],
                type='ImageAug3D'),
            dict(
                point_cloud_range=[
                    -54.0,
                    -54.0,
                    -5.0,
                    54.0,
                    54.0,
                    3.0,
                ],
                type='PointsRangeFilter'),
            dict(
                keys=[
                    'img',
                    'points',
                    'gt_bboxes_3d',
                    'gt_labels_3d',
                ],
                meta_keys=[
                    'cam2img',
                    'ori_cam2img',
                    'lidar2cam',
                    'lidar2img',
                    'cam2lidar',
                    'ori_lidar2img',
                    'img_aug_matrix',
                    'box_type_3d',
                    'sample_idx',
                    'lidar_path',
                    'img_path',
                    'num_pts_feats',
                ],
                type='Pack3DDetInputs'),
        ],
        test_mode=True,
        type='NuScenesDataset'),
    drop_last=False,
    num_workers=1,
    persistent_workers=True,
    sampler=dict(shuffle=False, type='DefaultSampler'))
test_evaluator = dict(
    ann_file='/media/xavier02/Sparkles1/nuscenes/nuscenes_infos_val.pkl',
    backend_args=None,
    data_root='/media/xavier02/Sparkles1/nuscenes/',
    metric='bbox',
    type='NuScenesMetric')
test_pipeline = [
    dict(
        backend_args=None,
        color_type='color',
        to_float32=True,
        type='BEVLoadMultiViewImageFromFiles'),
    dict(
        backend_args=None,
        coord_type='LIDAR',
        load_dim=5,
        type='LoadPointsFromFile',
        use_dim=5),
    dict(
        backend_args=None,
        load_dim=5,
        pad_empty_sweeps=True,
        remove_close=True,
        sweeps_num=9,
        type='LoadPointsFromMultiSweeps',
        use_dim=5),
    dict(
        bot_pct_lim=[
            0.0,
            0.0,
        ],
        final_dim=[
            256,
            704,
        ],
        is_train=False,
        rand_flip=False,
        resize_lim=[
            0.48,
            0.48,
        ],
        rot_lim=[
            0.0,
            0.0,
        ],
        type='ImageAug3D'),
    dict(
        point_cloud_range=[
            -54.0,
            -54.0,
            -5.0,
            54.0,
            54.0,
            3.0,
        ],
        type='PointsRangeFilter'),
    dict(
        keys=[
            'img',
            'points',
            'gt_bboxes_3d',
            'gt_labels_3d',
        ],
        meta_keys=[
            'cam2img',
            'ori_cam2img',
            'lidar2cam',
            'lidar2img',
            'cam2lidar',
            'ori_lidar2img',
            'img_aug_matrix',
            'box_type_3d',
            'sample_idx',
            'lidar_path',
            'img_path',
            'num_pts_feats',
        ],
        type='Pack3DDetInputs'),
]
train_cfg = dict(by_epoch=True, max_epochs=6, val_interval=1)
train_dataloader = dict(
    batch_size=1,
    dataset=dict(
        dataset=dict(
            ann_file='nuscenes_infos_train.pkl',
            box_type_3d='LiDAR',
            data_prefix=dict(
                CAM_BACK='samples/CAM_BACK',
                CAM_BACK_LEFT='samples/CAM_BACK_LEFT',
                CAM_BACK_RIGHT='samples/CAM_BACK_RIGHT',
                CAM_FRONT='samples/CAM_FRONT',
                CAM_FRONT_LEFT='samples/CAM_FRONT_LEFT',
                CAM_FRONT_RIGHT='samples/CAM_FRONT_RIGHT',
                pts='samples/LIDAR_TOP',
                sweeps='sweeps/LIDAR_TOP'),
            data_root='/media/xavier02/Sparkles1/nuscenes/',
            metainfo=dict(classes=[
                'car',
                'truck',
                'construction_vehicle',
                'bus',
                'trailer',
                'barrier',
                'motorcycle',
                'bicycle',
                'pedestrian',
                'traffic_cone',
            ]),
            modality=dict(use_camera=True, use_lidar=True),
            pipeline=[
                dict(
                    backend_args=None,
                    color_type='color',
                    to_float32=True,
                    type='BEVLoadMultiViewImageFromFiles'),
                dict(
                    backend_args=None,
                    coord_type='LIDAR',
                    load_dim=5,
                    type='LoadPointsFromFile',
                    use_dim=5),
                dict(
                    backend_args=None,
                    load_dim=5,
                    pad_empty_sweeps=True,
                    remove_close=True,
                    sweeps_num=9,
                    type='LoadPointsFromMultiSweeps',
                    use_dim=5),
                dict(
                    type='LoadAnnotations3D',
                    with_attr_label=False,
                    with_bbox_3d=True,
                    with_label_3d=True),
                dict(
                    bot_pct_lim=[
                        0.0,
                        0.0,
                    ],
                    final_dim=[
                        256,
                        704,
                    ],
                    is_train=True,
                    rand_flip=True,
                    resize_lim=[
                        0.38,
                        0.55,
                    ],
                    rot_lim=[
                        -5.4,
                        5.4,
                    ],
                    type='ImageAug3D'),
                dict(
                    rot_range=[
                        -0.78539816,
                        0.78539816,
                    ],
                    scale_ratio_range=[
                        0.9,
                        1.1,
                    ],
                    translation_std=0.5,
                    type='BEVFusionGlobalRotScaleTrans'),
                dict(type='BEVFusionRandomFlip3D'),
                dict(
                    point_cloud_range=[
                        -54.0,
                        -54.0,
                        -5.0,
                        54.0,
                        54.0,
                        3.0,
                    ],
                    type='PointsRangeFilter'),
                dict(
                    point_cloud_range=[
                        -54.0,
                        -54.0,
                        -5.0,
                        54.0,
                        54.0,
                        3.0,
                    ],
                    type='ObjectRangeFilter'),
                dict(
                    classes=[
                        'car',
                        'truck',
                        'construction_vehicle',
                        'bus',
                        'trailer',
                        'barrier',
                        'motorcycle',
                        'bicycle',
                        'pedestrian',
                        'traffic_cone',
                    ],
                    type='ObjectNameFilter'),
                dict(
                    fixed_prob=True,
                    max_epoch=6,
                    mode=1,
                    offset=False,
                    prob=0.0,
                    ratio=0.5,
                    rotate=1,
                    type='GridMask',
                    use_h=True,
                    use_w=True),
                dict(type='PointShuffle'),
                dict(
                    keys=[
                        'points',
                        'img',
                        'gt_bboxes_3d',
                        'gt_labels_3d',
                        'gt_bboxes',
                        'gt_labels',
                    ],
                    meta_keys=[
                        'cam2img',
                        'ori_cam2img',
                        'lidar2cam',
                        'lidar2img',
                        'cam2lidar',
                        'ori_lidar2img',
                        'img_aug_matrix',
                        'box_type_3d',
                        'sample_idx',
                        'lidar_path',
                        'img_path',
                        'transformation_3d_flow',
                        'pcd_rotation',
                        'pcd_scale_factor',
                        'pcd_trans',
                        'img_aug_matrix',
                        'lidar_aug_matrix',
                        'num_pts_feats',
                    ],
                    type='Pack3DDetInputs'),
            ],
            test_mode=False,
            type='NuScenesDataset',
            use_valid_flag=True),
        type='CBGSDataset'),
    num_workers=1,
    persistent_workers=True,
    sampler=dict(shuffle=True, type='DefaultSampler'))
train_pipeline = [
    dict(
        backend_args=None,
        color_type='color',
        to_float32=True,
        type='BEVLoadMultiViewImageFromFiles'),
    dict(
        backend_args=None,
        coord_type='LIDAR',
        load_dim=5,
        type='LoadPointsFromFile',
        use_dim=5),
    dict(
        backend_args=None,
        load_dim=5,
        pad_empty_sweeps=True,
        remove_close=True,
        sweeps_num=9,
        type='LoadPointsFromMultiSweeps',
        use_dim=5),
    dict(
        type='LoadAnnotations3D',
        with_attr_label=False,
        with_bbox_3d=True,
        with_label_3d=True),
    dict(
        bot_pct_lim=[
            0.0,
            0.0,
        ],
        final_dim=[
            256,
            704,
        ],
        is_train=True,
        rand_flip=True,
        resize_lim=[
            0.38,
            0.55,
        ],
        rot_lim=[
            -5.4,
            5.4,
        ],
        type='ImageAug3D'),
    dict(
        rot_range=[
            -0.78539816,
            0.78539816,
        ],
        scale_ratio_range=[
            0.9,
            1.1,
        ],
        translation_std=0.5,
        type='BEVFusionGlobalRotScaleTrans'),
    dict(type='BEVFusionRandomFlip3D'),
    dict(
        point_cloud_range=[
            -54.0,
            -54.0,
            -5.0,
            54.0,
            54.0,
            3.0,
        ],
        type='PointsRangeFilter'),
    dict(
        point_cloud_range=[
            -54.0,
            -54.0,
            -5.0,
            54.0,
            54.0,
            3.0,
        ],
        type='ObjectRangeFilter'),
    dict(
        classes=[
            'car',
            'truck',
            'construction_vehicle',
            'bus',
            'trailer',
            'barrier',
            'motorcycle',
            'bicycle',
            'pedestrian',
            'traffic_cone',
        ],
        type='ObjectNameFilter'),
    dict(
        fixed_prob=True,
        max_epoch=6,
        mode=1,
        offset=False,
        prob=0.0,
        ratio=0.5,
        rotate=1,
        type='GridMask',
        use_h=True,
        use_w=True),
    dict(type='PointShuffle'),
    dict(
        keys=[
            'points',
            'img',
            'gt_bboxes_3d',
            'gt_labels_3d',
            'gt_bboxes',
            'gt_labels',
        ],
        meta_keys=[
            'cam2img',
            'ori_cam2img',
            'lidar2cam',
            'lidar2img',
            'cam2lidar',
            'ori_lidar2img',
            'img_aug_matrix',
            'box_type_3d',
            'sample_idx',
            'lidar_path',
            'img_path',
            'transformation_3d_flow',
            'pcd_rotation',
            'pcd_scale_factor',
            'pcd_trans',
            'img_aug_matrix',
            'lidar_aug_matrix',
            'num_pts_feats',
        ],
        type='Pack3DDetInputs'),
]
val_cfg = dict()
val_dataloader = dict(
    batch_size=1,
    dataset=dict(
        ann_file='nuscenes_infos_val.pkl',
        backend_args=None,
        box_type_3d='LiDAR',
        data_prefix=dict(
            CAM_BACK='samples/CAM_BACK',
            CAM_BACK_LEFT='samples/CAM_BACK_LEFT',
            CAM_BACK_RIGHT='samples/CAM_BACK_RIGHT',
            CAM_FRONT='samples/CAM_FRONT',
            CAM_FRONT_LEFT='samples/CAM_FRONT_LEFT',
            CAM_FRONT_RIGHT='samples/CAM_FRONT_RIGHT',
            pts='samples/LIDAR_TOP',
            sweeps='sweeps/LIDAR_TOP'),
        data_root='/media/xavier02/Sparkles1/nuscenes/',
        metainfo=dict(classes=[
            'car',
            'truck',
            'construction_vehicle',
            'bus',
            'trailer',
            'barrier',
            'motorcycle',
            'bicycle',
            'pedestrian',
            'traffic_cone',
        ]),
        modality=dict(use_camera=True, use_lidar=True),
        pipeline=[
            dict(
                backend_args=None,
                color_type='color',
                to_float32=True,
                type='BEVLoadMultiViewImageFromFiles'),
            dict(
                backend_args=None,
                coord_type='LIDAR',
                load_dim=5,
                type='LoadPointsFromFile',
                use_dim=5),
            dict(
                backend_args=None,
                load_dim=5,
                pad_empty_sweeps=True,
                remove_close=True,
                sweeps_num=9,
                type='LoadPointsFromMultiSweeps',
                use_dim=5),
            dict(
                bot_pct_lim=[
                    0.0,
                    0.0,
                ],
                final_dim=[
                    256,
                    704,
                ],
                is_train=False,
                rand_flip=False,
                resize_lim=[
                    0.48,
                    0.48,
                ],
                rot_lim=[
                    0.0,
                    0.0,
                ],
                type='ImageAug3D'),
            dict(
                point_cloud_range=[
                    -54.0,
                    -54.0,
                    -5.0,
                    54.0,
                    54.0,
                    3.0,
                ],
                type='PointsRangeFilter'),
            dict(
                keys=[
                    'img',
                    'points',
                    'gt_bboxes_3d',
                    'gt_labels_3d',
                ],
                meta_keys=[
                    'cam2img',
                    'ori_cam2img',
                    'lidar2cam',
                    'lidar2img',
                    'cam2lidar',
                    'ori_lidar2img',
                    'img_aug_matrix',
                    'box_type_3d',
                    'sample_idx',
                    'lidar_path',
                    'img_path',
                    'num_pts_feats',
                ],
                type='Pack3DDetInputs'),
        ],
        test_mode=True,
        type='NuScenesDataset'),
    drop_last=False,
    num_workers=1,
    persistent_workers=True,
    sampler=dict(shuffle=False, type='DefaultSampler'))
val_evaluator = dict(
    ann_file='/media/xavier02/Sparkles1/nuscenes/nuscenes_infos_val.pkl',
    backend_args=None,
    data_root='/media/xavier02/Sparkles1/nuscenes/',
    metric='bbox',
    type='NuScenesMetric')
vis_backends = [
    dict(type='LocalVisBackend'),
]
visualizer = dict(
    name='visualizer',
    type='Det3DLocalVisualizer',
    vis_backends=[
        dict(type='LocalVisBackend'),
    ])
voxel_size = [
    0.075,
    0.075,
    0.2,
]
work_dir = './work_dirs/bevfusion_lidar-cam_voxel0075_second_with_resnet_34'

2024/12/09 12:59:30 - mmengine - INFO - load model from: /media/xavier02/xavier_ssd_500/mmdetection3d_source/mmdetection3d-main/projects/BEVFusion/configs/resnet34.pth
2024/12/09 12:59:30 - mmengine - INFO - Loads checkpoint by local backend from path: /media/xavier02/xavier_ssd_500/mmdetection3d_source/mmdetection3d-main/projects/BEVFusion/configs/resnet34.pth
2024/12/09 12:59:31 - mmengine - WARNING - The model and loaded state dict do not match exactly

unexpected key in source state_dict: fc.weight, fc.bias

Name of parameter - Initialization information

conv1.weight - torch.Size([64, 3, 7, 7]): 
PretrainedInit: load from /media/xavier02/xavier_ssd_500/mmdetection3d_source/mmdetection3d-main/projects/BEVFusion/configs/resnet34.pth 

bn1.weight - torch.Size([64]): 
PretrainedInit: load from /media/xavier02/xavier_ssd_500/mmdetection3d_source/mmdetection3d-main/projects/BEVFusion/configs/resnet34.pth 

bn1.bias - torch.Size([64]): 
PretrainedInit: load from /media/xavier02/xavier_ssd_500/mmdetection3d_source/mmdetection3d-main/projects/BEVFusion/configs/resnet34.pth 

layer1.0.conv1.weight - torch.Size([64, 64, 3, 3]): 
PretrainedInit: load from /media/xavier02/xavier_ssd_500/mmdetection3d_source/mmdetection3d-main/projects/BEVFusion/configs/resnet34.pth 

layer1.0.bn1.weight - torch.Size([64]): 
PretrainedInit: load from /media/xavier02/xavier_ssd_500/mmdetection3d_source/mmdetection3d-main/projects/BEVFusion/configs/resnet34.pth 

layer1.0.bn1.bias - torch.Size([64]): 
PretrainedInit: load from /media/xavier02/xavier_ssd_500/mmdetection3d_source/mmdetection3d-main/projects/BEVFusion/configs/resnet34.pth 

layer1.0.conv2.weight - torch.Size([64, 64, 3, 3]): 
PretrainedInit: load from /media/xavier02/xavier_ssd_500/mmdetection3d_source/mmdetection3d-main/projects/BEVFusion/configs/resnet34.pth 

layer1.0.bn2.weight - torch.Size([64]): 
PretrainedInit: load from /media/xavier02/xavier_ssd_500/mmdetection3d_source/mmdetection3d-main/projects/BEVFusion/configs/resnet34.pth 

layer1.0.bn2.bias - torch.Size([64]): 
PretrainedInit: load from /media/xavier02/xavier_ssd_500/mmdetection3d_source/mmdetection3d-main/projects/BEVFusion/configs/resnet34.pth 

layer1.1.conv1.weight - torch.Size([64, 64, 3, 3]): 
PretrainedInit: load from /media/xavier02/xavier_ssd_500/mmdetection3d_source/mmdetection3d-main/projects/BEVFusion/configs/resnet34.pth 

layer1.1.bn1.weight - torch.Size([64]): 
PretrainedInit: load from /media/xavier02/xavier_ssd_500/mmdetection3d_source/mmdetection3d-main/projects/BEVFusion/configs/resnet34.pth 

layer1.1.bn1.bias - torch.Size([64]): 
PretrainedInit: load from /media/xavier02/xavier_ssd_500/mmdetection3d_source/mmdetection3d-main/projects/BEVFusion/configs/resnet34.pth 

layer1.1.conv2.weight - torch.Size([64, 64, 3, 3]): 
PretrainedInit: load from /media/xavier02/xavier_ssd_500/mmdetection3d_source/mmdetection3d-main/projects/BEVFusion/configs/resnet34.pth 

layer1.1.bn2.weight - torch.Size([64]): 
PretrainedInit: load from /media/xavier02/xavier_ssd_500/mmdetection3d_source/mmdetection3d-main/projects/BEVFusion/configs/resnet34.pth 

layer1.1.bn2.bias - torch.Size([64]): 
PretrainedInit: load from /media/xavier02/xavier_ssd_500/mmdetection3d_source/mmdetection3d-main/projects/BEVFusion/configs/resnet34.pth 

layer1.2.conv1.weight - torch.Size([64, 64, 3, 3]): 
PretrainedInit: load from /media/xavier02/xavier_ssd_500/mmdetection3d_source/mmdetection3d-main/projects/BEVFusion/configs/resnet34.pth 

layer1.2.bn1.weight - torch.Size([64]): 
PretrainedInit: load from /media/xavier02/xavier_ssd_500/mmdetection3d_source/mmdetection3d-main/projects/BEVFusion/configs/resnet34.pth 

layer1.2.bn1.bias - torch.Size([64]): 
PretrainedInit: load from /media/xavier02/xavier_ssd_500/mmdetection3d_source/mmdetection3d-main/projects/BEVFusion/configs/resnet34.pth 

layer1.2.conv2.weight - torch.Size([64, 64, 3, 3]): 
PretrainedInit: load from /media/xavier02/xavier_ssd_500/mmdetection3d_source/mmdetection3d-main/projects/BEVFusion/configs/resnet34.pth 

layer1.2.bn2.weight - torch.Size([64]): 
PretrainedInit: load from /media/xavier02/xavier_ssd_500/mmdetection3d_source/mmdetection3d-main/projects/BEVFusion/configs/resnet34.pth 

layer1.2.bn2.bias - torch.Size([64]): 
PretrainedInit: load from /media/xavier02/xavier_ssd_500/mmdetection3d_source/mmdetection3d-main/projects/BEVFusion/configs/resnet34.pth 

layer2.0.conv1.weight - torch.Size([128, 64, 3, 3]): 
PretrainedInit: load from /media/xavier02/xavier_ssd_500/mmdetection3d_source/mmdetection3d-main/projects/BEVFusion/configs/resnet34.pth 

layer2.0.bn1.weight - torch.Size([128]): 
PretrainedInit: load from /media/xavier02/xavier_ssd_500/mmdetection3d_source/mmdetection3d-main/projects/BEVFusion/configs/resnet34.pth 

layer2.0.bn1.bias - torch.Size([128]): 
PretrainedInit: load from /media/xavier02/xavier_ssd_500/mmdetection3d_source/mmdetection3d-main/projects/BEVFusion/configs/resnet34.pth 

layer2.0.conv2.weight - torch.Size([128, 128, 3, 3]): 
PretrainedInit: load from /media/xavier02/xavier_ssd_500/mmdetection3d_source/mmdetection3d-main/projects/BEVFusion/configs/resnet34.pth 

layer2.0.bn2.weight - torch.Size([128]): 
PretrainedInit: load from /media/xavier02/xavier_ssd_500/mmdetection3d_source/mmdetection3d-main/projects/BEVFusion/configs/resnet34.pth 

layer2.0.bn2.bias - torch.Size([128]): 
PretrainedInit: load from /media/xavier02/xavier_ssd_500/mmdetection3d_source/mmdetection3d-main/projects/BEVFusion/configs/resnet34.pth 

layer2.0.downsample.0.weight - torch.Size([128, 64, 1, 1]): 
PretrainedInit: load from /media/xavier02/xavier_ssd_500/mmdetection3d_source/mmdetection3d-main/projects/BEVFusion/configs/resnet34.pth 

layer2.0.downsample.1.weight - torch.Size([128]): 
PretrainedInit: load from /media/xavier02/xavier_ssd_500/mmdetection3d_source/mmdetection3d-main/projects/BEVFusion/configs/resnet34.pth 

layer2.0.downsample.1.bias - torch.Size([128]): 
PretrainedInit: load from /media/xavier02/xavier_ssd_500/mmdetection3d_source/mmdetection3d-main/projects/BEVFusion/configs/resnet34.pth 

layer2.1.conv1.weight - torch.Size([128, 128, 3, 3]): 
PretrainedInit: load from /media/xavier02/xavier_ssd_500/mmdetection3d_source/mmdetection3d-main/projects/BEVFusion/configs/resnet34.pth 

layer2.1.bn1.weight - torch.Size([128]): 
PretrainedInit: load from /media/xavier02/xavier_ssd_500/mmdetection3d_source/mmdetection3d-main/projects/BEVFusion/configs/resnet34.pth 

layer2.1.bn1.bias - torch.Size([128]): 
PretrainedInit: load from /media/xavier02/xavier_ssd_500/mmdetection3d_source/mmdetection3d-main/projects/BEVFusion/configs/resnet34.pth 

layer2.1.conv2.weight - torch.Size([128, 128, 3, 3]): 
PretrainedInit: load from /media/xavier02/xavier_ssd_500/mmdetection3d_source/mmdetection3d-main/projects/BEVFusion/configs/resnet34.pth 

layer2.1.bn2.weight - torch.Size([128]): 
PretrainedInit: load from /media/xavier02/xavier_ssd_500/mmdetection3d_source/mmdetection3d-main/projects/BEVFusion/configs/resnet34.pth 

layer2.1.bn2.bias - torch.Size([128]): 
PretrainedInit: load from /media/xavier02/xavier_ssd_500/mmdetection3d_source/mmdetection3d-main/projects/BEVFusion/configs/resnet34.pth 

layer2.2.conv1.weight - torch.Size([128, 128, 3, 3]): 
PretrainedInit: load from /media/xavier02/xavier_ssd_500/mmdetection3d_source/mmdetection3d-main/projects/BEVFusion/configs/resnet34.pth 

layer2.2.bn1.weight - torch.Size([128]): 
PretrainedInit: load from /media/xavier02/xavier_ssd_500/mmdetection3d_source/mmdetection3d-main/projects/BEVFusion/configs/resnet34.pth 

layer2.2.bn1.bias - torch.Size([128]): 
PretrainedInit: load from /media/xavier02/xavier_ssd_500/mmdetection3d_source/mmdetection3d-main/projects/BEVFusion/configs/resnet34.pth 

layer2.2.conv2.weight - torch.Size([128, 128, 3, 3]): 
PretrainedInit: load from /media/xavier02/xavier_ssd_500/mmdetection3d_source/mmdetection3d-main/projects/BEVFusion/configs/resnet34.pth 

layer2.2.bn2.weight - torch.Size([128]): 
PretrainedInit: load from /media/xavier02/xavier_ssd_500/mmdetection3d_source/mmdetection3d-main/projects/BEVFusion/configs/resnet34.pth 

layer2.2.bn2.bias - torch.Size([128]): 
PretrainedInit: load from /media/xavier02/xavier_ssd_500/mmdetection3d_source/mmdetection3d-main/projects/BEVFusion/configs/resnet34.pth 

layer2.3.conv1.weight - torch.Size([128, 128, 3, 3]): 
PretrainedInit: load from /media/xavier02/xavier_ssd_500/mmdetection3d_source/mmdetection3d-main/projects/BEVFusion/configs/resnet34.pth 

layer2.3.bn1.weight - torch.Size([128]): 
PretrainedInit: load from /media/xavier02/xavier_ssd_500/mmdetection3d_source/mmdetection3d-main/projects/BEVFusion/configs/resnet34.pth 

layer2.3.bn1.bias - torch.Size([128]): 
PretrainedInit: load from /media/xavier02/xavier_ssd_500/mmdetection3d_source/mmdetection3d-main/projects/BEVFusion/configs/resnet34.pth 

layer2.3.conv2.weight - torch.Size([128, 128, 3, 3]): 
PretrainedInit: load from /media/xavier02/xavier_ssd_500/mmdetection3d_source/mmdetection3d-main/projects/BEVFusion/configs/resnet34.pth 

layer2.3.bn2.weight - torch.Size([128]): 
PretrainedInit: load from /media/xavier02/xavier_ssd_500/mmdetection3d_source/mmdetection3d-main/projects/BEVFusion/configs/resnet34.pth 

layer2.3.bn2.bias - torch.Size([128]): 
PretrainedInit: load from /media/xavier02/xavier_ssd_500/mmdetection3d_source/mmdetection3d-main/projects/BEVFusion/configs/resnet34.pth 

layer3.0.conv1.weight - torch.Size([256, 128, 3, 3]): 
PretrainedInit: load from /media/xavier02/xavier_ssd_500/mmdetection3d_source/mmdetection3d-main/projects/BEVFusion/configs/resnet34.pth 

layer3.0.bn1.weight - torch.Size([256]): 
PretrainedInit: load from /media/xavier02/xavier_ssd_500/mmdetection3d_source/mmdetection3d-main/projects/BEVFusion/configs/resnet34.pth 

layer3.0.bn1.bias - torch.Size([256]): 
PretrainedInit: load from /media/xavier02/xavier_ssd_500/mmdetection3d_source/mmdetection3d-main/projects/BEVFusion/configs/resnet34.pth 

layer3.0.conv2.weight - torch.Size([256, 256, 3, 3]): 
PretrainedInit: load from /media/xavier02/xavier_ssd_500/mmdetection3d_source/mmdetection3d-main/projects/BEVFusion/configs/resnet34.pth 

layer3.0.bn2.weight - torch.Size([256]): 
PretrainedInit: load from /media/xavier02/xavier_ssd_500/mmdetection3d_source/mmdetection3d-main/projects/BEVFusion/configs/resnet34.pth 

layer3.0.bn2.bias - torch.Size([256]): 
PretrainedInit: load from /media/xavier02/xavier_ssd_500/mmdetection3d_source/mmdetection3d-main/projects/BEVFusion/configs/resnet34.pth 

layer3.0.downsample.0.weight - torch.Size([256, 128, 1, 1]): 
PretrainedInit: load from /media/xavier02/xavier_ssd_500/mmdetection3d_source/mmdetection3d-main/projects/BEVFusion/configs/resnet34.pth 

layer3.0.downsample.1.weight - torch.Size([256]): 
PretrainedInit: load from /media/xavier02/xavier_ssd_500/mmdetection3d_source/mmdetection3d-main/projects/BEVFusion/configs/resnet34.pth 

layer3.0.downsample.1.bias - torch.Size([256]): 
PretrainedInit: load from /media/xavier02/xavier_ssd_500/mmdetection3d_source/mmdetection3d-main/projects/BEVFusion/configs/resnet34.pth 

layer3.1.conv1.weight - torch.Size([256, 256, 3, 3]): 
PretrainedInit: load from /media/xavier02/xavier_ssd_500/mmdetection3d_source/mmdetection3d-main/projects/BEVFusion/configs/resnet34.pth 

layer3.1.bn1.weight - torch.Size([256]): 
PretrainedInit: load from /media/xavier02/xavier_ssd_500/mmdetection3d_source/mmdetection3d-main/projects/BEVFusion/configs/resnet34.pth 

layer3.1.bn1.bias - torch.Size([256]): 
PretrainedInit: load from /media/xavier02/xavier_ssd_500/mmdetection3d_source/mmdetection3d-main/projects/BEVFusion/configs/resnet34.pth 

layer3.1.conv2.weight - torch.Size([256, 256, 3, 3]): 
PretrainedInit: load from /media/xavier02/xavier_ssd_500/mmdetection3d_source/mmdetection3d-main/projects/BEVFusion/configs/resnet34.pth 

layer3.1.bn2.weight - torch.Size([256]): 
PretrainedInit: load from /media/xavier02/xavier_ssd_500/mmdetection3d_source/mmdetection3d-main/projects/BEVFusion/configs/resnet34.pth 

layer3.1.bn2.bias - torch.Size([256]): 
PretrainedInit: load from /media/xavier02/xavier_ssd_500/mmdetection3d_source/mmdetection3d-main/projects/BEVFusion/configs/resnet34.pth 

layer3.2.conv1.weight - torch.Size([256, 256, 3, 3]): 
PretrainedInit: load from /media/xavier02/xavier_ssd_500/mmdetection3d_source/mmdetection3d-main/projects/BEVFusion/configs/resnet34.pth 

layer3.2.bn1.weight - torch.Size([256]): 
PretrainedInit: load from /media/xavier02/xavier_ssd_500/mmdetection3d_source/mmdetection3d-main/projects/BEVFusion/configs/resnet34.pth 

layer3.2.bn1.bias - torch.Size([256]): 
PretrainedInit: load from /media/xavier02/xavier_ssd_500/mmdetection3d_source/mmdetection3d-main/projects/BEVFusion/configs/resnet34.pth 

layer3.2.conv2.weight - torch.Size([256, 256, 3, 3]): 
PretrainedInit: load from /media/xavier02/xavier_ssd_500/mmdetection3d_source/mmdetection3d-main/projects/BEVFusion/configs/resnet34.pth 

layer3.2.bn2.weight - torch.Size([256]): 
PretrainedInit: load from /media/xavier02/xavier_ssd_500/mmdetection3d_source/mmdetection3d-main/projects/BEVFusion/configs/resnet34.pth 

layer3.2.bn2.bias - torch.Size([256]): 
PretrainedInit: load from /media/xavier02/xavier_ssd_500/mmdetection3d_source/mmdetection3d-main/projects/BEVFusion/configs/resnet34.pth 

layer3.3.conv1.weight - torch.Size([256, 256, 3, 3]): 
PretrainedInit: load from /media/xavier02/xavier_ssd_500/mmdetection3d_source/mmdetection3d-main/projects/BEVFusion/configs/resnet34.pth 

layer3.3.bn1.weight - torch.Size([256]): 
PretrainedInit: load from /media/xavier02/xavier_ssd_500/mmdetection3d_source/mmdetection3d-main/projects/BEVFusion/configs/resnet34.pth 

layer3.3.bn1.bias - torch.Size([256]): 
PretrainedInit: load from /media/xavier02/xavier_ssd_500/mmdetection3d_source/mmdetection3d-main/projects/BEVFusion/configs/resnet34.pth 

layer3.3.conv2.weight - torch.Size([256, 256, 3, 3]): 
PretrainedInit: load from /media/xavier02/xavier_ssd_500/mmdetection3d_source/mmdetection3d-main/projects/BEVFusion/configs/resnet34.pth 

layer3.3.bn2.weight - torch.Size([256]): 
PretrainedInit: load from /media/xavier02/xavier_ssd_500/mmdetection3d_source/mmdetection3d-main/projects/BEVFusion/configs/resnet34.pth 

layer3.3.bn2.bias - torch.Size([256]): 
PretrainedInit: load from /media/xavier02/xavier_ssd_500/mmdetection3d_source/mmdetection3d-main/projects/BEVFusion/configs/resnet34.pth 

layer3.4.conv1.weight - torch.Size([256, 256, 3, 3]): 
PretrainedInit: load from /media/xavier02/xavier_ssd_500/mmdetection3d_source/mmdetection3d-main/projects/BEVFusion/configs/resnet34.pth 

layer3.4.bn1.weight - torch.Size([256]): 
PretrainedInit: load from /media/xavier02/xavier_ssd_500/mmdetection3d_source/mmdetection3d-main/projects/BEVFusion/configs/resnet34.pth 

layer3.4.bn1.bias - torch.Size([256]): 
PretrainedInit: load from /media/xavier02/xavier_ssd_500/mmdetection3d_source/mmdetection3d-main/projects/BEVFusion/configs/resnet34.pth 

layer3.4.conv2.weight - torch.Size([256, 256, 3, 3]): 
PretrainedInit: load from /media/xavier02/xavier_ssd_500/mmdetection3d_source/mmdetection3d-main/projects/BEVFusion/configs/resnet34.pth 

layer3.4.bn2.weight - torch.Size([256]): 
PretrainedInit: load from /media/xavier02/xavier_ssd_500/mmdetection3d_source/mmdetection3d-main/projects/BEVFusion/configs/resnet34.pth 

layer3.4.bn2.bias - torch.Size([256]): 
PretrainedInit: load from /media/xavier02/xavier_ssd_500/mmdetection3d_source/mmdetection3d-main/projects/BEVFusion/configs/resnet34.pth 

layer3.5.conv1.weight - torch.Size([256, 256, 3, 3]): 
PretrainedInit: load from /media/xavier02/xavier_ssd_500/mmdetection3d_source/mmdetection3d-main/projects/BEVFusion/configs/resnet34.pth 

layer3.5.bn1.weight - torch.Size([256]): 
PretrainedInit: load from /media/xavier02/xavier_ssd_500/mmdetection3d_source/mmdetection3d-main/projects/BEVFusion/configs/resnet34.pth 

layer3.5.bn1.bias - torch.Size([256]): 
PretrainedInit: load from /media/xavier02/xavier_ssd_500/mmdetection3d_source/mmdetection3d-main/projects/BEVFusion/configs/resnet34.pth 

layer3.5.conv2.weight - torch.Size([256, 256, 3, 3]): 
PretrainedInit: load from /media/xavier02/xavier_ssd_500/mmdetection3d_source/mmdetection3d-main/projects/BEVFusion/configs/resnet34.pth 

layer3.5.bn2.weight - torch.Size([256]): 
PretrainedInit: load from /media/xavier02/xavier_ssd_500/mmdetection3d_source/mmdetection3d-main/projects/BEVFusion/configs/resnet34.pth 

layer3.5.bn2.bias - torch.Size([256]): 
PretrainedInit: load from /media/xavier02/xavier_ssd_500/mmdetection3d_source/mmdetection3d-main/projects/BEVFusion/configs/resnet34.pth 

layer4.0.conv1.weight - torch.Size([512, 256, 3, 3]): 
PretrainedInit: load from /media/xavier02/xavier_ssd_500/mmdetection3d_source/mmdetection3d-main/projects/BEVFusion/configs/resnet34.pth 

layer4.0.bn1.weight - torch.Size([512]): 
PretrainedInit: load from /media/xavier02/xavier_ssd_500/mmdetection3d_source/mmdetection3d-main/projects/BEVFusion/configs/resnet34.pth 

layer4.0.bn1.bias - torch.Size([512]): 
PretrainedInit: load from /media/xavier02/xavier_ssd_500/mmdetection3d_source/mmdetection3d-main/projects/BEVFusion/configs/resnet34.pth 

layer4.0.conv2.weight - torch.Size([512, 512, 3, 3]): 
PretrainedInit: load from /media/xavier02/xavier_ssd_500/mmdetection3d_source/mmdetection3d-main/projects/BEVFusion/configs/resnet34.pth 

layer4.0.bn2.weight - torch.Size([512]): 
PretrainedInit: load from /media/xavier02/xavier_ssd_500/mmdetection3d_source/mmdetection3d-main/projects/BEVFusion/configs/resnet34.pth 

layer4.0.bn2.bias - torch.Size([512]): 
PretrainedInit: load from /media/xavier02/xavier_ssd_500/mmdetection3d_source/mmdetection3d-main/projects/BEVFusion/configs/resnet34.pth 

layer4.0.downsample.0.weight - torch.Size([512, 256, 1, 1]): 
PretrainedInit: load from /media/xavier02/xavier_ssd_500/mmdetection3d_source/mmdetection3d-main/projects/BEVFusion/configs/resnet34.pth 

layer4.0.downsample.1.weight - torch.Size([512]): 
PretrainedInit: load from /media/xavier02/xavier_ssd_500/mmdetection3d_source/mmdetection3d-main/projects/BEVFusion/configs/resnet34.pth 

layer4.0.downsample.1.bias - torch.Size([512]): 
PretrainedInit: load from /media/xavier02/xavier_ssd_500/mmdetection3d_source/mmdetection3d-main/projects/BEVFusion/configs/resnet34.pth 

layer4.1.conv1.weight - torch.Size([512, 512, 3, 3]): 
PretrainedInit: load from /media/xavier02/xavier_ssd_500/mmdetection3d_source/mmdetection3d-main/projects/BEVFusion/configs/resnet34.pth 

layer4.1.bn1.weight - torch.Size([512]): 
PretrainedInit: load from /media/xavier02/xavier_ssd_500/mmdetection3d_source/mmdetection3d-main/projects/BEVFusion/configs/resnet34.pth 

layer4.1.bn1.bias - torch.Size([512]): 
PretrainedInit: load from /media/xavier02/xavier_ssd_500/mmdetection3d_source/mmdetection3d-main/projects/BEVFusion/configs/resnet34.pth 

layer4.1.conv2.weight - torch.Size([512, 512, 3, 3]): 
PretrainedInit: load from /media/xavier02/xavier_ssd_500/mmdetection3d_source/mmdetection3d-main/projects/BEVFusion/configs/resnet34.pth 

layer4.1.bn2.weight - torch.Size([512]): 
PretrainedInit: load from /media/xavier02/xavier_ssd_500/mmdetection3d_source/mmdetection3d-main/projects/BEVFusion/configs/resnet34.pth 

layer4.1.bn2.bias - torch.Size([512]): 
PretrainedInit: load from /media/xavier02/xavier_ssd_500/mmdetection3d_source/mmdetection3d-main/projects/BEVFusion/configs/resnet34.pth 

layer4.2.conv1.weight - torch.Size([512, 512, 3, 3]): 
PretrainedInit: load from /media/xavier02/xavier_ssd_500/mmdetection3d_source/mmdetection3d-main/projects/BEVFusion/configs/resnet34.pth 

layer4.2.bn1.weight - torch.Size([512]): 
PretrainedInit: load from /media/xavier02/xavier_ssd_500/mmdetection3d_source/mmdetection3d-main/projects/BEVFusion/configs/resnet34.pth 

layer4.2.bn1.bias - torch.Size([512]): 
PretrainedInit: load from /media/xavier02/xavier_ssd_500/mmdetection3d_source/mmdetection3d-main/projects/BEVFusion/configs/resnet34.pth 

layer4.2.conv2.weight - torch.Size([512, 512, 3, 3]): 
PretrainedInit: load from /media/xavier02/xavier_ssd_500/mmdetection3d_source/mmdetection3d-main/projects/BEVFusion/configs/resnet34.pth 

layer4.2.bn2.weight - torch.Size([512]): 
PretrainedInit: load from /media/xavier02/xavier_ssd_500/mmdetection3d_source/mmdetection3d-main/projects/BEVFusion/configs/resnet34.pth 

layer4.2.bn2.bias - torch.Size([512]): 
PretrainedInit: load from /media/xavier02/xavier_ssd_500/mmdetection3d_source/mmdetection3d-main/projects/BEVFusion/configs/resnet34.pth 
2024/12/09 12:59:33 - mmengine - INFO - Distributed training is not used, all SyncBatchNorm (SyncBN) layers in the model will be automatically reverted to BatchNormXd layers if they are used.
2024/12/09 12:59:33 - mmengine - INFO - Hooks will be executed in the following order:
before_run:
(VERY_HIGH   ) RuntimeInfoHook                    
(BELOW_NORMAL) LoggerHook                         
 -------------------- 
before_train:
(VERY_HIGH   ) RuntimeInfoHook                    
(NORMAL      ) IterTimerHook                      
(VERY_LOW    ) CheckpointHook                     
 -------------------- 
before_train_epoch:
(VERY_HIGH   ) RuntimeInfoHook                    
(NORMAL      ) IterTimerHook                      
(NORMAL      ) DistSamplerSeedHook                
 -------------------- 
before_train_iter:
(VERY_HIGH   ) RuntimeInfoHook                    
(NORMAL      ) IterTimerHook                      
 -------------------- 
after_train_iter:
(VERY_HIGH   ) RuntimeInfoHook                    
(NORMAL      ) IterTimerHook                      
(BELOW_NORMAL) LoggerHook                         
(LOW         ) ParamSchedulerHook                 
(VERY_LOW    ) CheckpointHook                     
 -------------------- 
after_train_epoch:
(NORMAL      ) IterTimerHook                      
(LOW         ) ParamSchedulerHook                 
(VERY_LOW    ) CheckpointHook                     
 -------------------- 
before_val:
(VERY_HIGH   ) RuntimeInfoHook                    
 -------------------- 
before_val_epoch:
(NORMAL      ) IterTimerHook                      
 -------------------- 
before_val_iter:
(NORMAL      ) IterTimerHook                      
 -------------------- 
after_val_iter:
(NORMAL      ) IterTimerHook                      
(NORMAL      ) Det3DVisualizationHook             
(BELOW_NORMAL) LoggerHook                         
 -------------------- 
after_val_epoch:
(VERY_HIGH   ) RuntimeInfoHook                    
(NORMAL      ) IterTimerHook                      
(BELOW_NORMAL) LoggerHook                         
(LOW         ) ParamSchedulerHook                 
(VERY_LOW    ) CheckpointHook                     
 -------------------- 
after_val:
(VERY_HIGH   ) RuntimeInfoHook                    
 -------------------- 
after_train:
(VERY_HIGH   ) RuntimeInfoHook                    
(VERY_LOW    ) CheckpointHook                     
 -------------------- 
before_test:
(VERY_HIGH   ) RuntimeInfoHook                    
 -------------------- 
before_test_epoch:
(NORMAL      ) IterTimerHook                      
 -------------------- 
before_test_iter:
(NORMAL      ) IterTimerHook                      
 -------------------- 
after_test_iter:
(NORMAL      ) IterTimerHook                      
(NORMAL      ) Det3DVisualizationHook             
(BELOW_NORMAL) LoggerHook                         
 -------------------- 
after_test_epoch:
(VERY_HIGH   ) RuntimeInfoHook                    
(NORMAL      ) IterTimerHook                      
(BELOW_NORMAL) LoggerHook                         
 -------------------- 
after_test:
(VERY_HIGH   ) RuntimeInfoHook                    
 -------------------- 
after_run:
(BELOW_NORMAL) LoggerHook                         
 -------------------- 
2024/12/09 13:00:12 - mmengine - INFO - ------------------------------
2024/12/09 13:00:12 - mmengine - INFO - The length of test dataset: 6019
2024/12/09 13:00:12 - mmengine - INFO - The number of instances per category in the dataset:
+----------------------+--------+
| category             | number |
+----------------------+--------+
| car                  | 80004  |
| truck                | 15704  |
| construction_vehicle | 2678   |
| bus                  | 3158   |
| trailer              | 4159   |
| barrier              | 26992  |
| motorcycle           | 2508   |
| bicycle              | 2381   |
| pedestrian           | 34347  |
| traffic_cone         | 15597  |
+----------------------+--------+
2024/12/09 13:00:16 - mmengine - INFO - Load checkpoint from /media/xavier02/xavier_ssd_500/mmdetection3d_source/mmdetection3d-main/projects/BEVFusion/configs/Cam_lid_ep6_fp16.pth
2024/12/09 13:01:35 - mmengine - INFO - Epoch(test) [  50/6019]    eta: 2:36:16  time: 1.5709  data_time: 0.0413  memory: 2201  
2024/12/09 13:02:53 - mmengine - INFO - Epoch(test) [ 100/6019]    eta: 2:34:20  time: 1.5581  data_time: 0.0213  memory: 2203  
2024/12/09 13:04:09 - mmengine - INFO - Epoch(test) [ 150/6019]    eta: 2:31:20  time: 1.5127  data_time: 0.0212  memory: 2200  
2024/12/09 13:05:26 - mmengine - INFO - Epoch(test) [ 200/6019]    eta: 2:30:03  time: 1.5470  data_time: 0.0205  memory: 2202  
2024/12/09 13:06:42 - mmengine - INFO - Epoch(test) [ 250/6019]    eta: 2:28:17  time: 1.5230  data_time: 0.0209  memory: 2203  
2024/12/09 13:07:55 - mmengine - INFO - Epoch(test) [ 300/6019]    eta: 2:25:46  time: 1.4651  data_time: 0.0203  memory: 2201  
2024/12/09 13:09:13 - mmengine - INFO - Epoch(test) [ 350/6019]    eta: 2:24:52  time: 1.5569  data_time: 0.0204  memory: 2203  
2024/12/09 13:10:31 - mmengine - INFO - Epoch(test) [ 400/6019]    eta: 2:23:56  time: 1.5629  data_time: 0.0201  memory: 2204  
2024/12/09 13:11:49 - mmengine - INFO - Epoch(test) [ 450/6019]    eta: 2:22:45  time: 1.5458  data_time: 0.0202  memory: 2204  
2024/12/09 13:13:04 - mmengine - INFO - Epoch(test) [ 500/6019]    eta: 2:21:14  time: 1.5136  data_time: 0.0205  memory: 2203  
2024/12/09 13:14:20 - mmengine - INFO - Epoch(test) [ 550/6019]    eta: 2:19:44  time: 1.5086  data_time: 0.0203  memory: 2203  
2024/12/09 13:15:32 - mmengine - INFO - Epoch(test) [ 600/6019]    eta: 2:17:48  time: 1.4449  data_time: 0.0199  memory: 2200  
2024/12/09 13:16:40 - mmengine - INFO - Epoch(test) [ 650/6019]    eta: 2:15:19  time: 1.3494  data_time: 0.0203  memory: 2199  
2024/12/09 13:17:46 - mmengine - INFO - Epoch(test) [ 700/6019]    eta: 2:12:55  time: 1.3338  data_time: 0.0207  memory: 2198  
2024/12/09 13:18:53 - mmengine - INFO - Epoch(test) [ 750/6019]    eta: 2:10:40  time: 1.3292  data_time: 0.0198  memory: 2198  
2024/12/09 13:20:05 - mmengine - INFO - Epoch(test) [ 800/6019]    eta: 2:09:09  time: 1.4361  data_time: 0.0205  memory: 2203  
2024/12/09 13:21:16 - mmengine - INFO - Epoch(test) [ 850/6019]    eta: 2:07:36  time: 1.4215  data_time: 0.0205  memory: 2201  
2024/12/09 13:22:23 - mmengine - INFO - Epoch(test) [ 900/6019]    eta: 2:05:46  time: 1.3563  data_time: 0.0200  memory: 2201  
2024/12/09 13:23:34 - mmengine - INFO - Epoch(test) [ 950/6019]    eta: 2:04:16  time: 1.4118  data_time: 0.0210  memory: 2203  
2024/12/09 13:24:47 - mmengine - INFO - Epoch(test) [1000/6019]    eta: 2:02:59  time: 1.4598  data_time: 0.0224  memory: 2204  
2024/12/09 13:25:51 - mmengine - INFO - Epoch(test) [1050/6019]    eta: 2:01:03  time: 1.2876  data_time: 0.0219  memory: 2197  
2024/12/09 13:27:01 - mmengine - INFO - Epoch(test) [1100/6019]    eta: 1:59:36  time: 1.4004  data_time: 0.0205  memory: 2201  
2024/12/09 13:28:11 - mmengine - INFO - Epoch(test) [1150/6019]    eta: 1:58:06  time: 1.3810  data_time: 0.0202  memory: 2200  
2024/12/09 13:29:22 - mmengine - INFO - Epoch(test) [1200/6019]    eta: 1:56:47  time: 1.4235  data_time: 0.0235  memory: 2202  
2024/12/09 13:30:37 - mmengine - INFO - Epoch(test) [1250/6019]    eta: 1:55:43  time: 1.4988  data_time: 0.0233  memory: 2204  
2024/12/09 13:31:48 - mmengine - INFO - Epoch(test) [1300/6019]    eta: 1:54:25  time: 1.4265  data_time: 0.0239  memory: 2202  
2024/12/09 13:33:01 - mmengine - INFO - Epoch(test) [1350/6019]    eta: 1:53:15  time: 1.4695  data_time: 0.0227  memory: 2203  
2024/12/09 13:34:14 - mmengine - INFO - Epoch(test) [1400/6019]    eta: 1:52:00  time: 1.4424  data_time: 0.0233  memory: 2203  
2024/12/09 13:35:28 - mmengine - INFO - Epoch(test) [1450/6019]    eta: 1:50:52  time: 1.4841  data_time: 0.0238  memory: 2202  
2024/12/09 13:36:44 - mmengine - INFO - Epoch(test) [1500/6019]    eta: 1:49:49  time: 1.5269  data_time: 0.0233  memory: 2204  
2024/12/09 13:37:58 - mmengine - INFO - Epoch(test) [1550/6019]    eta: 1:48:40  time: 1.4841  data_time: 0.0234  memory: 2203  
2024/12/09 13:39:05 - mmengine - INFO - Epoch(test) [1600/6019]    eta: 1:47:11  time: 1.3392  data_time: 0.0223  memory: 2200  
2024/12/09 13:40:18 - mmengine - INFO - Epoch(test) [1650/6019]    eta: 1:45:59  time: 1.4617  data_time: 0.0234  memory: 2201  
2024/12/09 13:41:30 - mmengine - INFO - Epoch(test) [1700/6019]    eta: 1:44:42  time: 1.4225  data_time: 0.0232  memory: 2201  
2024/12/09 13:42:41 - mmengine - INFO - Epoch(test) [1750/6019]    eta: 1:43:27  time: 1.4361  data_time: 0.0215  memory: 2201  
2024/12/09 13:43:53 - mmengine - INFO - Epoch(test) [1800/6019]    eta: 1:42:11  time: 1.4242  data_time: 0.0221  memory: 2201  
2024/12/09 13:45:03 - mmengine - INFO - Epoch(test) [1850/6019]    eta: 1:40:54  time: 1.4170  data_time: 0.0226  memory: 2200  
2024/12/09 13:46:13 - mmengine - INFO - Epoch(test) [1900/6019]    eta: 1:39:34  time: 1.3829  data_time: 0.0190  memory: 2201  
2024/12/09 13:47:24 - mmengine - INFO - Epoch(test) [1950/6019]    eta: 1:38:19  time: 1.4289  data_time: 0.0202  memory: 2203  
2024/12/09 13:48:35 - mmengine - INFO - Epoch(test) [2000/6019]    eta: 1:37:04  time: 1.4207  data_time: 0.0189  memory: 2199  
2024/12/09 13:49:51 - mmengine - INFO - Epoch(test) [2050/6019]    eta: 1:35:58  time: 1.5197  data_time: 0.0218  memory: 2201  
2024/12/09 13:51:10 - mmengine - INFO - Epoch(test) [2100/6019]    eta: 1:34:57  time: 1.5757  data_time: 0.0213  memory: 2200  
2024/12/09 13:52:25 - mmengine - INFO - Epoch(test) [2150/6019]    eta: 1:33:49  time: 1.5088  data_time: 0.0216  memory: 2201  
2024/12/09 13:53:51 - mmengine - INFO - Epoch(test) [2200/6019]    eta: 1:32:59  time: 1.7150  data_time: 0.0229  memory: 2204  
2024/12/09 13:55:20 - mmengine - INFO - Epoch(test) [2250/6019]    eta: 1:32:13  time: 1.7781  data_time: 0.0221  memory: 2204  
2024/12/09 13:56:43 - mmengine - INFO - Epoch(test) [2300/6019]    eta: 1:31:15  time: 1.6661  data_time: 0.0230  memory: 2202  
2024/12/09 13:57:58 - mmengine - INFO - Epoch(test) [2350/6019]    eta: 1:30:03  time: 1.4848  data_time: 0.0213  memory: 2197  
2024/12/09 13:59:06 - mmengine - INFO - Epoch(test) [2400/6019]    eta: 1:28:42  time: 1.3745  data_time: 0.0208  memory: 2200  
2024/12/09 14:00:19 - mmengine - INFO - Epoch(test) [2450/6019]    eta: 1:27:27  time: 1.4606  data_time: 0.0219  memory: 2205  
2024/12/09 14:01:32 - mmengine - INFO - Epoch(test) [2500/6019]    eta: 1:26:12  time: 1.4442  data_time: 0.0208  memory: 2203  
2024/12/09 14:02:40 - mmengine - INFO - Epoch(test) [2550/6019]    eta: 1:24:51  time: 1.3572  data_time: 0.0211  memory: 2200  
2024/12/09 14:03:45 - mmengine - INFO - Epoch(test) [2600/6019]    eta: 1:23:27  time: 1.3089  data_time: 0.0219  memory: 2201  
2024/12/09 14:04:55 - mmengine - INFO - Epoch(test) [2650/6019]    eta: 1:22:10  time: 1.4055  data_time: 0.0220  memory: 2202  
2024/12/09 14:06:06 - mmengine - INFO - Epoch(test) [2700/6019]    eta: 1:20:54  time: 1.4107  data_time: 0.0216  memory: 2202  
2024/12/09 14:07:14 - mmengine - INFO - Epoch(test) [2750/6019]    eta: 1:19:35  time: 1.3672  data_time: 0.0215  memory: 2200  
2024/12/09 14:08:24 - mmengine - INFO - Epoch(test) [2800/6019]    eta: 1:18:18  time: 1.3935  data_time: 0.0219  memory: 2201  
2024/12/09 14:09:27 - mmengine - INFO - Epoch(test) [2850/6019]    eta: 1:16:54  time: 1.2687  data_time: 0.0220  memory: 2199  
2024/12/09 14:10:32 - mmengine - INFO - Epoch(test) [2900/6019]    eta: 1:15:33  time: 1.2916  data_time: 0.0227  memory: 2199  
2024/12/09 14:11:36 - mmengine - INFO - Epoch(test) [2950/6019]    eta: 1:14:11  time: 1.2784  data_time: 0.0234  memory: 2202  
2024/12/09 14:12:43 - mmengine - INFO - Epoch(test) [3000/6019]    eta: 1:12:53  time: 1.3371  data_time: 0.0233  memory: 2203  
2024/12/09 14:13:51 - mmengine - INFO - Epoch(test) [3050/6019]    eta: 1:11:37  time: 1.3740  data_time: 0.0225  memory: 2204  
2024/12/09 14:14:51 - mmengine - INFO - Epoch(test) [3100/6019]    eta: 1:10:12  time: 1.1860  data_time: 0.0209  memory: 2196  
2024/12/09 14:15:48 - mmengine - INFO - Epoch(test) [3150/6019]    eta: 1:08:46  time: 1.1426  data_time: 0.0215  memory: 2192  
2024/12/09 14:16:50 - mmengine - INFO - Epoch(test) [3200/6019]    eta: 1:07:26  time: 1.2521  data_time: 0.0217  memory: 2196  
2024/12/09 14:17:53 - mmengine - INFO - Epoch(test) [3250/6019]    eta: 1:06:06  time: 1.2419  data_time: 0.0210  memory: 2195  
2024/12/09 14:19:04 - mmengine - INFO - Epoch(test) [3300/6019]    eta: 1:04:54  time: 1.4255  data_time: 0.0229  memory: 2203  
2024/12/09 14:20:13 - mmengine - INFO - Epoch(test) [3350/6019]    eta: 1:03:41  time: 1.3914  data_time: 0.0231  memory: 2201  
2024/12/09 14:21:23 - mmengine - INFO - Epoch(test) [3400/6019]    eta: 1:02:28  time: 1.3904  data_time: 0.0233  memory: 2203  
2024/12/09 14:22:32 - mmengine - INFO - Epoch(test) [3450/6019]    eta: 1:01:14  time: 1.3850  data_time: 0.0228  memory: 2201  
2024/12/09 14:23:41 - mmengine - INFO - Epoch(test) [3500/6019]    eta: 1:00:01  time: 1.3719  data_time: 0.0223  memory: 2202  
2024/12/09 14:24:47 - mmengine - INFO - Epoch(test) [3550/6019]    eta: 0:58:46  time: 1.3270  data_time: 0.0213  memory: 2200  
2024/12/09 14:25:53 - mmengine - INFO - Epoch(test) [3600/6019]    eta: 0:57:31  time: 1.3206  data_time: 0.0218  memory: 2200  
2024/12/09 14:27:01 - mmengine - INFO - Epoch(test) [3650/6019]    eta: 0:56:17  time: 1.3594  data_time: 0.0216  memory: 2200  
2024/12/09 14:28:05 - mmengine - INFO - Epoch(test) [3700/6019]    eta: 0:55:01  time: 1.2854  data_time: 0.0226  memory: 2197  
2024/12/09 14:29:14 - mmengine - INFO - Epoch(test) [3750/6019]    eta: 0:53:49  time: 1.3788  data_time: 0.0237  memory: 2201  
2024/12/09 14:30:30 - mmengine - INFO - Epoch(test) [3800/6019]    eta: 0:52:41  time: 1.5217  data_time: 0.0237  memory: 2204  
2024/12/09 14:31:42 - mmengine - INFO - Epoch(test) [3850/6019]    eta: 0:51:30  time: 1.4323  data_time: 0.0231  memory: 2202  
2024/12/09 14:32:58 - mmengine - INFO - Epoch(test) [3900/6019]    eta: 0:50:21  time: 1.5224  data_time: 0.0222  memory: 2202  
2024/12/09 14:34:14 - mmengine - INFO - Epoch(test) [3950/6019]    eta: 0:49:12  time: 1.5125  data_time: 0.0240  memory: 2204  
2024/12/09 14:35:30 - mmengine - INFO - Epoch(test) [4000/6019]    eta: 0:48:03  time: 1.5313  data_time: 0.0239  memory: 2204  
2024/12/09 14:36:35 - mmengine - INFO - Epoch(test) [4050/6019]    eta: 0:46:48  time: 1.2883  data_time: 0.0227  memory: 2200  
2024/12/09 14:37:42 - mmengine - INFO - Epoch(test) [4100/6019]    eta: 0:45:35  time: 1.3352  data_time: 0.0228  memory: 2200  
2024/12/09 14:38:50 - mmengine - INFO - Epoch(test) [4150/6019]    eta: 0:44:22  time: 1.3598  data_time: 0.0235  memory: 2203  
2024/12/09 14:40:01 - mmengine - INFO - Epoch(test) [4200/6019]    eta: 0:43:11  time: 1.4346  data_time: 0.0235  memory: 2202  
2024/12/09 14:41:04 - mmengine - INFO - Epoch(test) [4250/6019]    eta: 0:41:56  time: 1.2584  data_time: 0.0220  memory: 2201  
2024/12/09 14:42:06 - mmengine - INFO - Epoch(test) [4300/6019]    eta: 0:40:42  time: 1.2354  data_time: 0.0209  memory: 2196  
2024/12/09 14:43:08 - mmengine - INFO - Epoch(test) [4350/6019]    eta: 0:39:27  time: 1.2465  data_time: 0.0214  memory: 2196  
2024/12/09 14:44:14 - mmengine - INFO - Epoch(test) [4400/6019]    eta: 0:38:14  time: 1.3138  data_time: 0.0218  memory: 2198  
2024/12/09 14:45:21 - mmengine - INFO - Epoch(test) [4450/6019]    eta: 0:37:02  time: 1.3388  data_time: 0.0228  memory: 2199  
2024/12/09 14:46:33 - mmengine - INFO - Epoch(test) [4500/6019]    eta: 0:35:52  time: 1.4365  data_time: 0.0227  memory: 2203  
2024/12/09 14:47:44 - mmengine - INFO - Epoch(test) [4550/6019]    eta: 0:34:41  time: 1.4292  data_time: 0.0233  memory: 2201  
2024/12/09 14:48:59 - mmengine - INFO - Epoch(test) [4600/6019]    eta: 0:33:31  time: 1.4987  data_time: 0.0238  memory: 2206  
2024/12/09 14:50:16 - mmengine - INFO - Epoch(test) [4650/6019]    eta: 0:32:22  time: 1.5283  data_time: 0.0239  memory: 2203  
2024/12/09 14:51:29 - mmengine - INFO - Epoch(test) [4700/6019]    eta: 0:31:12  time: 1.4659  data_time: 0.0240  memory: 2201  
2024/12/09 14:52:41 - mmengine - INFO - Epoch(test) [4750/6019]    eta: 0:30:01  time: 1.4424  data_time: 0.0226  memory: 2201  
2024/12/09 14:53:55 - mmengine - INFO - Epoch(test) [4800/6019]    eta: 0:28:51  time: 1.4825  data_time: 0.0231  memory: 2204  
2024/12/09 14:55:09 - mmengine - INFO - Epoch(test) [4850/6019]    eta: 0:27:41  time: 1.4772  data_time: 0.0232  memory: 2203  
2024/12/09 14:56:22 - mmengine - INFO - Epoch(test) [4900/6019]    eta: 0:26:30  time: 1.4496  data_time: 0.0240  memory: 2201  
2024/12/09 14:57:34 - mmengine - INFO - Epoch(test) [4950/6019]    eta: 0:25:19  time: 1.4420  data_time: 0.0234  memory: 2204  
2024/12/09 14:58:47 - mmengine - INFO - Epoch(test) [5000/6019]    eta: 0:24:08  time: 1.4639  data_time: 0.0224  memory: 2202  
2024/12/09 15:00:00 - mmengine - INFO - Epoch(test) [5050/6019]    eta: 0:22:58  time: 1.4547  data_time: 0.0235  memory: 2201  
2024/12/09 15:01:12 - mmengine - INFO - Epoch(test) [5100/6019]    eta: 0:21:47  time: 1.4440  data_time: 0.0230  memory: 2202  
2024/12/09 15:02:22 - mmengine - INFO - Epoch(test) [5150/6019]    eta: 0:20:35  time: 1.4056  data_time: 0.0234  memory: 2199  
2024/12/09 15:03:31 - mmengine - INFO - Epoch(test) [5200/6019]    eta: 0:19:24  time: 1.3774  data_time: 0.0225  memory: 2203  
2024/12/09 15:04:44 - mmengine - INFO - Epoch(test) [5250/6019]    eta: 0:18:13  time: 1.4539  data_time: 0.0240  memory: 2202  
2024/12/09 15:05:53 - mmengine - INFO - Epoch(test) [5300/6019]    eta: 0:17:02  time: 1.3750  data_time: 0.0241  memory: 2200  
2024/12/09 15:07:04 - mmengine - INFO - Epoch(test) [5350/6019]    eta: 0:15:51  time: 1.4312  data_time: 0.0235  memory: 2201  
2024/12/09 15:08:19 - mmengine - INFO - Epoch(test) [5400/6019]    eta: 0:14:40  time: 1.5058  data_time: 0.0226  memory: 2203  
2024/12/09 15:09:33 - mmengine - INFO - Epoch(test) [5450/6019]    eta: 0:13:29  time: 1.4802  data_time: 0.0240  memory: 2203  
2024/12/09 15:10:49 - mmengine - INFO - Epoch(test) [5500/6019]    eta: 0:12:19  time: 1.5175  data_time: 0.0244  memory: 2204  
2024/12/09 15:12:05 - mmengine - INFO - Epoch(test) [5550/6019]    eta: 0:11:08  time: 1.5088  data_time: 0.0233  memory: 2204  
2024/12/09 15:13:20 - mmengine - INFO - Epoch(test) [5600/6019]    eta: 0:09:57  time: 1.5039  data_time: 0.0231  memory: 2204  
2024/12/09 15:14:35 - mmengine - INFO - Epoch(test) [5650/6019]    eta: 0:08:46  time: 1.4925  data_time: 0.0240  memory: 2204  
2024/12/09 15:15:52 - mmengine - INFO - Epoch(test) [5700/6019]    eta: 0:07:35  time: 1.5513  data_time: 0.0243  memory: 2204  
2024/12/09 15:17:08 - mmengine - INFO - Epoch(test) [5750/6019]    eta: 0:06:24  time: 1.5262  data_time: 0.0235  memory: 2204  
2024/12/09 15:18:22 - mmengine - INFO - Epoch(test) [5800/6019]    eta: 0:05:12  time: 1.4678  data_time: 0.0242  memory: 2203  
2024/12/09 15:19:35 - mmengine - INFO - Epoch(test) [5850/6019]    eta: 0:04:01  time: 1.4653  data_time: 0.0239  memory: 2203  
2024/12/09 15:20:51 - mmengine - INFO - Epoch(test) [5900/6019]    eta: 0:02:50  time: 1.5211  data_time: 0.0239  memory: 2204  
2024/12/09 15:22:07 - mmengine - INFO - Epoch(test) [5950/6019]    eta: 0:01:38  time: 1.5060  data_time: 0.0238  memory: 2204  
2024/12/09 15:23:19 - mmengine - INFO - Epoch(test) [6000/6019]    eta: 0:00:27  time: 1.4523  data_time: 0.0231  memory: 2204  
2024/12/09 15:49:41 - mmengine - INFO - Epoch(test) [6019/6019]    NuScenes metric/pred_instances_3d_NuScenes/car_AP_dist_0.5: 0.7901  NuScenes metric/pred_instances_3d_NuScenes/car_AP_dist_1.0: 0.8788  NuScenes metric/pred_instances_3d_NuScenes/car_AP_dist_2.0: 0.9087  NuScenes metric/pred_instances_3d_NuScenes/car_AP_dist_4.0: 0.9198  NuScenes metric/pred_instances_3d_NuScenes/car_trans_err: 0.1705  NuScenes metric/pred_instances_3d_NuScenes/car_scale_err: 0.1539  NuScenes metric/pred_instances_3d_NuScenes/car_orient_err: 0.0795  NuScenes metric/pred_instances_3d_NuScenes/car_vel_err: 0.2694  NuScenes metric/pred_instances_3d_NuScenes/car_attr_err: 0.1924  NuScenes metric/pred_instances_3d_NuScenes/mATE: 0.2807  NuScenes metric/pred_instances_3d_NuScenes/mASE: 0.2569  NuScenes metric/pred_instances_3d_NuScenes/mAOE: 0.3098  NuScenes metric/pred_instances_3d_NuScenes/mAVE: 0.2608  NuScenes metric/pred_instances_3d_NuScenes/mAAE: 0.1863  NuScenes metric/pred_instances_3d_NuScenes/truck_AP_dist_0.5: 0.4396  NuScenes metric/pred_instances_3d_NuScenes/truck_AP_dist_1.0: 0.6151  NuScenes metric/pred_instances_3d_NuScenes/truck_AP_dist_2.0: 0.7009  NuScenes metric/pred_instances_3d_NuScenes/truck_AP_dist_4.0: 0.7390  NuScenes metric/pred_instances_3d_NuScenes/truck_trans_err: 0.3206  NuScenes metric/pred_instances_3d_NuScenes/truck_scale_err: 0.1791  NuScenes metric/pred_instances_3d_NuScenes/truck_orient_err: 0.0874  NuScenes metric/pred_instances_3d_NuScenes/truck_vel_err: 0.2497  NuScenes metric/pred_instances_3d_NuScenes/truck_attr_err: 0.2238  NuScenes metric/pred_instances_3d_NuScenes/construction_vehicle_AP_dist_0.5: 0.0429  NuScenes metric/pred_instances_3d_NuScenes/construction_vehicle_AP_dist_1.0: 0.2076  NuScenes metric/pred_instances_3d_NuScenes/construction_vehicle_AP_dist_2.0: 0.3676  NuScenes metric/pred_instances_3d_NuScenes/construction_vehicle_AP_dist_4.0: 0.4681  NuScenes metric/pred_instances_3d_NuScenes/construction_vehicle_trans_err: 0.6857  NuScenes metric/pred_instances_3d_NuScenes/construction_vehicle_scale_err: 0.4516  NuScenes metric/pred_instances_3d_NuScenes/construction_vehicle_orient_err: 0.8990  NuScenes metric/pred_instances_3d_NuScenes/construction_vehicle_vel_err: 0.1218  NuScenes metric/pred_instances_3d_NuScenes/construction_vehicle_attr_err: 0.3054  NuScenes metric/pred_instances_3d_NuScenes/bus_AP_dist_0.5: 0.5218  NuScenes metric/pred_instances_3d_NuScenes/bus_AP_dist_1.0: 0.7686  NuScenes metric/pred_instances_3d_NuScenes/bus_AP_dist_2.0: 0.8745  NuScenes metric/pred_instances_3d_NuScenes/bus_AP_dist_4.0: 0.8950  NuScenes metric/pred_instances_3d_NuScenes/bus_trans_err: 0.3129  NuScenes metric/pred_instances_3d_NuScenes/bus_scale_err: 0.1783  NuScenes metric/pred_instances_3d_NuScenes/bus_orient_err: 0.0421  NuScenes metric/pred_instances_3d_NuScenes/bus_vel_err: 0.4363  NuScenes metric/pred_instances_3d_NuScenes/bus_attr_err: 0.2420  NuScenes metric/pred_instances_3d_NuScenes/trailer_AP_dist_0.5: 0.1322  NuScenes metric/pred_instances_3d_NuScenes/trailer_AP_dist_1.0: 0.3719  NuScenes metric/pred_instances_3d_NuScenes/trailer_AP_dist_2.0: 0.5511  NuScenes metric/pred_instances_3d_NuScenes/trailer_AP_dist_4.0: 0.6502  NuScenes metric/pred_instances_3d_NuScenes/trailer_trans_err: 0.5321  NuScenes metric/pred_instances_3d_NuScenes/trailer_scale_err: 0.2145  NuScenes metric/pred_instances_3d_NuScenes/trailer_orient_err: 0.6745  NuScenes metric/pred_instances_3d_NuScenes/trailer_vel_err: 0.1948  NuScenes metric/pred_instances_3d_NuScenes/trailer_attr_err: 0.1721  NuScenes metric/pred_instances_3d_NuScenes/barrier_AP_dist_0.5: 0.6134  NuScenes metric/pred_instances_3d_NuScenes/barrier_AP_dist_1.0: 0.7015  NuScenes metric/pred_instances_3d_NuScenes/barrier_AP_dist_2.0: 0.7374  NuScenes metric/pred_instances_3d_NuScenes/barrier_AP_dist_4.0: 0.7498  NuScenes metric/pred_instances_3d_NuScenes/barrier_trans_err: 0.1853  NuScenes metric/pred_instances_3d_NuScenes/barrier_scale_err: 0.2746  NuScenes metric/pred_instances_3d_NuScenes/barrier_orient_err: 0.0648  NuScenes metric/pred_instances_3d_NuScenes/barrier_vel_err: nan  NuScenes metric/pred_instances_3d_NuScenes/barrier_attr_err: nan  NuScenes metric/pred_instances_3d_NuScenes/motorcycle_AP_dist_0.5: 0.6167  NuScenes metric/pred_instances_3d_NuScenes/motorcycle_AP_dist_1.0: 0.7266  NuScenes metric/pred_instances_3d_NuScenes/motorcycle_AP_dist_2.0: 0.7431  NuScenes metric/pred_instances_3d_NuScenes/motorcycle_AP_dist_4.0: 0.7515  NuScenes metric/pred_instances_3d_NuScenes/motorcycle_trans_err: 0.1915  NuScenes metric/pred_instances_3d_NuScenes/motorcycle_scale_err: 0.2390  NuScenes metric/pred_instances_3d_NuScenes/motorcycle_orient_err: 0.2223  NuScenes metric/pred_instances_3d_NuScenes/motorcycle_vel_err: 0.3774  NuScenes metric/pred_instances_3d_NuScenes/motorcycle_attr_err: 0.2490  NuScenes metric/pred_instances_3d_NuScenes/bicycle_AP_dist_0.5: 0.5249  NuScenes metric/pred_instances_3d_NuScenes/bicycle_AP_dist_1.0: 0.5482  NuScenes metric/pred_instances_3d_NuScenes/bicycle_AP_dist_2.0: 0.5506  NuScenes metric/pred_instances_3d_NuScenes/bicycle_AP_dist_4.0: 0.5557  NuScenes metric/pred_instances_3d_NuScenes/bicycle_trans_err: 0.1536  NuScenes metric/pred_instances_3d_NuScenes/bicycle_scale_err: 0.2652  NuScenes metric/pred_instances_3d_NuScenes/bicycle_orient_err: 0.3437  NuScenes metric/pred_instances_3d_NuScenes/bicycle_vel_err: 0.2135  NuScenes metric/pred_instances_3d_NuScenes/bicycle_attr_err: 0.0072  NuScenes metric/pred_instances_3d_NuScenes/pedestrian_AP_dist_0.5: 0.8487  NuScenes metric/pred_instances_3d_NuScenes/pedestrian_AP_dist_1.0: 0.8609  NuScenes metric/pred_instances_3d_NuScenes/pedestrian_AP_dist_2.0: 0.8717  NuScenes metric/pred_instances_3d_NuScenes/pedestrian_AP_dist_4.0: 0.8831  NuScenes metric/pred_instances_3d_NuScenes/pedestrian_trans_err: 0.1307  NuScenes metric/pred_instances_3d_NuScenes/pedestrian_scale_err: 0.2865  NuScenes metric/pred_instances_3d_NuScenes/pedestrian_orient_err: 0.3746  NuScenes metric/pred_instances_3d_NuScenes/pedestrian_vel_err: 0.2231  NuScenes metric/pred_instances_3d_NuScenes/pedestrian_attr_err: 0.0981  NuScenes metric/pred_instances_3d_NuScenes/traffic_cone_AP_dist_0.5: 0.7100  NuScenes metric/pred_instances_3d_NuScenes/traffic_cone_AP_dist_1.0: 0.7212  NuScenes metric/pred_instances_3d_NuScenes/traffic_cone_AP_dist_2.0: 0.7392  NuScenes metric/pred_instances_3d_NuScenes/traffic_cone_AP_dist_4.0: 0.7665  NuScenes metric/pred_instances_3d_NuScenes/traffic_cone_trans_err: 0.1238  NuScenes metric/pred_instances_3d_NuScenes/traffic_cone_scale_err: 0.3261  NuScenes metric/pred_instances_3d_NuScenes/traffic_cone_orient_err: nan  NuScenes metric/pred_instances_3d_NuScenes/traffic_cone_vel_err: nan  NuScenes metric/pred_instances_3d_NuScenes/traffic_cone_attr_err: nan  NuScenes metric/pred_instances_3d_NuScenes/NDS: 0.6964  NuScenes metric/pred_instances_3d_NuScenes/mAP: 0.6516  data_time: 0.0224  time: 1.4302
