2024/12/06 06:46:52 - mmengine - INFO - 
------------------------------------------------------------
System environment:
    sys.platform: linux
    Python: 3.8.10 (default, Jul 29 2024, 17:02:10) [GCC 9.4.0]
    CUDA available: True
    MUSA available: False
    numpy_random_seed: 795546243
    GPU 0: Xavier
    CUDA_HOME: /usr/local/cuda-11.4
    NVCC: Cuda compilation tools, release 11.4, V11.4.315
    GCC: aarch64-linux-gnu-gcc (Ubuntu 9.4.0-1ubuntu1~20.04.2) 9.4.0
    PyTorch: 1.11.0
    PyTorch compiling details: PyTorch built with:
  - GCC 9.4
  - C++ Version: 201402
  - OpenMP 201511 (a.k.a. OpenMP 4.5)
  - LAPACK is enabled (usually provided by MKL)
  - NNPACK is enabled
  - CPU capability usage: NO AVX
  - CUDA Runtime 11.4
  - NVCC architecture flags: -gencode;arch=compute_72,code=sm_72;-gencode;arch=compute_87,code=sm_87
  - CuDNN 8.6
    - Built with CuDNN 8.3.2
  - Build settings: BLAS_INFO=open, BUILD_TYPE=Release, CUDA_VERSION=11.4, CUDNN_VERSION=8.3.2, CXX_COMPILER=/usr/bin/c++, CXX_FLAGS= -Wno-deprecated -fvisibility-inlines-hidden -DUSE_PTHREADPOOL -fopenmp -DNDEBUG -DUSE_KINETO -DLIBKINETO_NOCUPTI -DUSE_XNNPACK -DSYMBOLICATE_MOBILE_DEBUG_HANDLE -DEDGE_PROFILER_USE_KINETO -O2 -fPIC -Wno-narrowing -Wall -Wextra -Werror=return-type -Wno-missing-field-initializers -Wno-type-limits -Wno-array-bounds -Wno-unknown-pragmas -Wno-sign-compare -Wno-unused-parameter -Wno-unused-function -Wno-unused-result -Wno-unused-local-typedefs -Wno-strict-overflow -Wno-strict-aliasing -Wno-error=deprecated-declarations -Wno-stringop-overflow -Wno-psabi -Wno-error=pedantic -Wno-error=redundant-decls -Wno-error=old-style-cast -fdiagnostics-color=always -faligned-new -Wno-unused-but-set-variable -Wno-maybe-uninitialized -fno-math-errno -fno-trapping-math -Werror=format -Werror=cast-function-type -Wno-stringop-overflow, FORCE_FALLBACK_CUDA_MPI=1, LAPACK_INFO=open, TORCH_VERSION=1.11.0, USE_CUDA=ON, USE_CUDNN=ON, USE_EIGEN_FOR_BLAS=ON, USE_EXCEPTION_PTR=1, USE_GFLAGS=OFF, USE_GLOG=OFF, USE_MKL=OFF, USE_MKLDNN=OFF, USE_MPI=ON, USE_NCCL=0, USE_NNPACK=ON, USE_OPENMP=ON, USE_ROCM=OFF, 

    TorchVision: 0.12.0
    OpenCV: 4.10.0
    MMEngine: 0.10.5

Runtime environment:
    cudnn_benchmark: False
    mp_cfg: {'mp_start_method': 'fork', 'opencv_num_threads': 0}
    dist_cfg: {'backend': 'nccl'}
    seed: 795546243
    Distributed launcher: none
    Distributed training: False
    GPU number: 1
------------------------------------------------------------

2024/12/06 06:46:55 - mmengine - INFO - Config:
auto_scale_lr = dict(base_batch_size=32, enable=False)
backend_args = None
class_names = [
    'car',
    'truck',
    'construction_vehicle',
    'bus',
    'trailer',
    'barrier',
    'motorcycle',
    'bicycle',
    'pedestrian',
    'traffic_cone',
]
custom_imports = dict(
    allow_failed_imports=False, imports=[
        'projects.BEVFusion.bevfusion',
    ])
data_prefix = dict(
    CAM_BACK='samples/CAM_BACK',
    CAM_BACK_LEFT='samples/CAM_BACK_LEFT',
    CAM_BACK_RIGHT='samples/CAM_BACK_RIGHT',
    CAM_FRONT='samples/CAM_FRONT',
    CAM_FRONT_LEFT='samples/CAM_FRONT_LEFT',
    CAM_FRONT_RIGHT='samples/CAM_FRONT_RIGHT',
    pts='samples/LIDAR_TOP',
    sweeps='sweeps/LIDAR_TOP')
data_root = '/media/xavier02/Sparkles1/nuscenes/'
dataset_type = 'NuScenesDataset'
db_sampler = dict(
    classes=[
        'car',
        'truck',
        'construction_vehicle',
        'bus',
        'trailer',
        'barrier',
        'motorcycle',
        'bicycle',
        'pedestrian',
        'traffic_cone',
    ],
    data_root='/media/xavier02/Sparkles1/nuscenes/',
    info_path='/media/xavier02/Sparkles1/nuscenes/nuscenes_dbinfos_train.pkl',
    points_loader=dict(
        backend_args=None,
        coord_type='LIDAR',
        load_dim=5,
        type='LoadPointsFromFile',
        use_dim=[
            0,
            1,
            2,
            3,
            4,
        ]),
    prepare=dict(
        filter_by_difficulty=[
            -1,
        ],
        filter_by_min_points=dict(
            barrier=5,
            bicycle=5,
            bus=5,
            car=5,
            construction_vehicle=5,
            motorcycle=5,
            pedestrian=5,
            traffic_cone=5,
            trailer=5,
            truck=5)),
    rate=1.0,
    sample_groups=dict(
        barrier=2,
        bicycle=6,
        bus=4,
        car=2,
        construction_vehicle=7,
        motorcycle=6,
        pedestrian=2,
        traffic_cone=2,
        trailer=6,
        truck=3))
default_hooks = dict(
    checkpoint=dict(interval=1, type='CheckpointHook'),
    logger=dict(interval=50, type='LoggerHook'),
    param_scheduler=dict(type='ParamSchedulerHook'),
    sampler_seed=dict(type='DistSamplerSeedHook'),
    timer=dict(type='IterTimerHook'),
    visualization=dict(type='Det3DVisualizationHook'))
default_scope = 'mmdet3d'
env_cfg = dict(
    cudnn_benchmark=False,
    dist_cfg=dict(backend='nccl'),
    mp_cfg=dict(mp_start_method='fork', opencv_num_threads=0))
input_modality = dict(use_camera=True, use_lidar=True)
launcher = 'none'
load_from = '/media/xavier02/xavier_ssd_500/mmdetection3d_source/mmdetection3d-main/projects/BEVFusion/configs/Camara_lidar_swin_fp32.pth'
log_level = 'INFO'
log_processor = dict(by_epoch=True, type='LogProcessor', window_size=50)
lr = 0.0001
metainfo = dict(classes=[
    'car',
    'truck',
    'construction_vehicle',
    'bus',
    'trailer',
    'barrier',
    'motorcycle',
    'bicycle',
    'pedestrian',
    'traffic_cone',
])
model = dict(
    bbox_head=dict(
        auxiliary=True,
        bbox_coder=dict(
            code_size=10,
            out_size_factor=8,
            pc_range=[
                -54.0,
                -54.0,
            ],
            post_center_range=[
                -61.2,
                -61.2,
                -10.0,
                61.2,
                61.2,
                10.0,
            ],
            score_threshold=0.0,
            type='TransFusionBBoxCoder',
            voxel_size=[
                0.075,
                0.075,
            ]),
        bn_momentum=0.1,
        common_heads=dict(
            center=[
                2,
                2,
            ],
            dim=[
                3,
                2,
            ],
            height=[
                1,
                2,
            ],
            rot=[
                2,
                2,
            ],
            vel=[
                2,
                2,
            ]),
        decoder_layer=dict(
            cross_attn_cfg=dict(dropout=0.1, embed_dims=128, num_heads=8),
            ffn_cfg=dict(
                act_cfg=dict(inplace=True, type='ReLU'),
                embed_dims=128,
                feedforward_channels=256,
                ffn_drop=0.1,
                num_fcs=2),
            norm_cfg=dict(type='LN'),
            pos_encoding_cfg=dict(input_channel=2, num_pos_feats=128),
            self_attn_cfg=dict(dropout=0.1, embed_dims=128, num_heads=8),
            type='TransformerDecoderLayer'),
        hidden_channel=128,
        in_channels=512,
        loss_bbox=dict(
            loss_weight=0.25, reduction='mean', type='mmdet.L1Loss'),
        loss_cls=dict(
            alpha=0.25,
            gamma=2.0,
            loss_weight=1.0,
            reduction='mean',
            type='mmdet.FocalLoss',
            use_sigmoid=True),
        loss_heatmap=dict(
            loss_weight=1.0, reduction='mean', type='mmdet.GaussianFocalLoss'),
        nms_kernel_size=3,
        num_classes=10,
        num_decoder_layers=1,
        num_proposals=200,
        test_cfg=dict(
            dataset='nuScenes',
            grid_size=[
                1440,
                1440,
                41,
            ],
            nms_type=None,
            out_size_factor=8,
            pc_range=[
                -54.0,
                -54.0,
            ],
            voxel_size=[
                0.075,
                0.075,
            ]),
        train_cfg=dict(
            assigner=dict(
                cls_cost=dict(
                    alpha=0.25,
                    gamma=2.0,
                    type='mmdet.FocalLossCost',
                    weight=0.15),
                iou_calculator=dict(coordinate='lidar', type='BboxOverlaps3D'),
                iou_cost=dict(type='IoU3DCost', weight=0.25),
                reg_cost=dict(type='BBoxBEVL1Cost', weight=0.25),
                type='HungarianAssigner3D'),
            code_weights=[
                1.0,
                1.0,
                1.0,
                1.0,
                1.0,
                1.0,
                1.0,
                1.0,
                0.2,
                0.2,
            ],
            dataset='nuScenes',
            gaussian_overlap=0.1,
            grid_size=[
                1440,
                1440,
                41,
            ],
            min_radius=2,
            out_size_factor=8,
            point_cloud_range=[
                -54.0,
                -54.0,
                -5.0,
                54.0,
                54.0,
                3.0,
            ],
            pos_weight=-1,
            voxel_size=[
                0.075,
                0.075,
                0.2,
            ]),
        type='TransFusionHead'),
    data_preprocessor=dict(
        bgr_to_rgb=False,
        mean=[
            123.675,
            116.28,
            103.53,
        ],
        pad_size_divisor=32,
        std=[
            58.395,
            57.12,
            57.375,
        ],
        type='Det3DDataPreprocessor',
        voxelize_cfg=dict(
            max_num_points=10,
            max_voxels=[
                120000,
                160000,
            ],
            point_cloud_range=[
                -54.0,
                -54.0,
                -5.0,
                54.0,
                54.0,
                3.0,
            ],
            voxel_size=[
                0.075,
                0.075,
                0.2,
            ],
            voxelize_reduce=True)),
    fusion_layer=dict(
        in_channels=[
            80,
            256,
        ], out_channels=256, type='ConvFuser'),
    img_backbone=dict(
        attn_drop_rate=0.0,
        convert_weights=True,
        depths=[
            2,
            2,
            6,
            2,
        ],
        drop_path_rate=0.2,
        drop_rate=0.0,
        embed_dims=96,
        init_cfg=dict(
            checkpoint=
            'projects/BEVFusion/configs/swin_tiny_patch4_window7_224.pth',
            type='Pretrained'),
        mlp_ratio=4,
        num_heads=[
            3,
            6,
            12,
            24,
        ],
        out_indices=[
            1,
            2,
            3,
        ],
        patch_norm=True,
        qk_scale=None,
        qkv_bias=True,
        type='mmdet.SwinTransformer',
        window_size=7,
        with_cp=False),
    img_neck=dict(
        act_cfg=dict(inplace=True, type='ReLU'),
        in_channels=[
            192,
            384,
            768,
        ],
        norm_cfg=dict(requires_grad=True, type='BN2d'),
        num_outs=3,
        out_channels=256,
        start_level=0,
        type='GeneralizedLSSFPN',
        upsample_cfg=dict(align_corners=False, mode='bilinear')),
    pts_backbone=dict(
        conv_cfg=dict(bias=False, type='Conv2d'),
        in_channels=256,
        layer_nums=[
            5,
            5,
        ],
        layer_strides=[
            1,
            2,
        ],
        norm_cfg=dict(eps=0.001, momentum=0.01, type='BN'),
        out_channels=[
            128,
            256,
        ],
        type='SECOND'),
    pts_middle_encoder=dict(
        block_type='basicblock',
        encoder_channels=(
            (
                16,
                16,
                32,
            ),
            (
                32,
                32,
                64,
            ),
            (
                64,
                64,
                128,
            ),
            (
                128,
                128,
            ),
        ),
        encoder_paddings=(
            (
                0,
                0,
                1,
            ),
            (
                0,
                0,
                1,
            ),
            (
                0,
                0,
                (
                    1,
                    1,
                    0,
                ),
            ),
            (
                0,
                0,
            ),
        ),
        in_channels=5,
        norm_cfg=dict(eps=0.001, momentum=0.01, type='BN1d'),
        order=(
            'conv',
            'norm',
            'act',
        ),
        sparse_shape=[
            1440,
            1440,
            41,
        ],
        type='BEVFusionSparseEncoder'),
    pts_neck=dict(
        in_channels=[
            128,
            256,
        ],
        norm_cfg=dict(eps=0.001, momentum=0.01, type='BN'),
        out_channels=[
            256,
            256,
        ],
        type='SECONDFPN',
        upsample_cfg=dict(bias=False, type='deconv'),
        upsample_strides=[
            1,
            2,
        ],
        use_conv_for_no_stride=True),
    pts_voxel_encoder=dict(num_features=5, type='HardSimpleVFE'),
    type='BEVFusion',
    view_transform=dict(
        dbound=[
            1.0,
            60.0,
            0.5,
        ],
        downsample=2,
        feature_size=[
            32,
            88,
        ],
        image_size=[
            256,
            704,
        ],
        in_channels=256,
        out_channels=80,
        type='DepthLSSTransform',
        xbound=[
            -54.0,
            54.0,
            0.3,
        ],
        ybound=[
            -54.0,
            54.0,
            0.3,
        ],
        zbound=[
            -10.0,
            10.0,
            20.0,
        ]))
optim_wrapper = dict(
    clip_grad=dict(max_norm=35, norm_type=2),
    optimizer=dict(lr=0.0002, type='AdamW', weight_decay=0.01),
    type='OptimWrapper')
param_scheduler = [
    dict(
        begin=0,
        by_epoch=False,
        end=500,
        start_factor=0.33333333,
        type='LinearLR'),
    dict(
        T_max=6,
        begin=0,
        by_epoch=True,
        convert_to_iter_based=True,
        end=6,
        eta_min_ratio=0.0001,
        type='CosineAnnealingLR'),
    dict(
        begin=0,
        by_epoch=True,
        convert_to_iter_based=True,
        end=2.4,
        eta_min=0.8947368421052632,
        type='CosineAnnealingMomentum'),
    dict(
        begin=2.4,
        by_epoch=True,
        convert_to_iter_based=True,
        end=6,
        eta_min=1,
        type='CosineAnnealingMomentum'),
]
point_cloud_range = [
    -54.0,
    -54.0,
    -5.0,
    54.0,
    54.0,
    3.0,
]
resume = False
test_cfg = dict()
test_dataloader = dict(
    batch_size=1,
    dataset=dict(
        ann_file='nuscenes_infos_val.pkl',
        backend_args=None,
        box_type_3d='LiDAR',
        data_prefix=dict(
            CAM_BACK='samples/CAM_BACK',
            CAM_BACK_LEFT='samples/CAM_BACK_LEFT',
            CAM_BACK_RIGHT='samples/CAM_BACK_RIGHT',
            CAM_FRONT='samples/CAM_FRONT',
            CAM_FRONT_LEFT='samples/CAM_FRONT_LEFT',
            CAM_FRONT_RIGHT='samples/CAM_FRONT_RIGHT',
            pts='samples/LIDAR_TOP',
            sweeps='sweeps/LIDAR_TOP'),
        data_root='/media/xavier02/Sparkles1/nuscenes/',
        metainfo=dict(classes=[
            'car',
            'truck',
            'construction_vehicle',
            'bus',
            'trailer',
            'barrier',
            'motorcycle',
            'bicycle',
            'pedestrian',
            'traffic_cone',
        ]),
        modality=dict(use_camera=True, use_lidar=True),
        pipeline=[
            dict(
                backend_args=None,
                color_type='color',
                to_float32=True,
                type='BEVLoadMultiViewImageFromFiles'),
            dict(
                backend_args=None,
                coord_type='LIDAR',
                load_dim=5,
                type='LoadPointsFromFile',
                use_dim=5),
            dict(
                backend_args=None,
                load_dim=5,
                pad_empty_sweeps=True,
                remove_close=True,
                sweeps_num=9,
                type='LoadPointsFromMultiSweeps',
                use_dim=5),
            dict(
                bot_pct_lim=[
                    0.0,
                    0.0,
                ],
                final_dim=[
                    256,
                    704,
                ],
                is_train=False,
                rand_flip=False,
                resize_lim=[
                    0.48,
                    0.48,
                ],
                rot_lim=[
                    0.0,
                    0.0,
                ],
                type='ImageAug3D'),
            dict(
                point_cloud_range=[
                    -54.0,
                    -54.0,
                    -5.0,
                    54.0,
                    54.0,
                    3.0,
                ],
                type='PointsRangeFilter'),
            dict(
                keys=[
                    'img',
                    'points',
                    'gt_bboxes_3d',
                    'gt_labels_3d',
                ],
                meta_keys=[
                    'cam2img',
                    'ori_cam2img',
                    'lidar2cam',
                    'lidar2img',
                    'cam2lidar',
                    'ori_lidar2img',
                    'img_aug_matrix',
                    'box_type_3d',
                    'sample_idx',
                    'lidar_path',
                    'img_path',
                    'num_pts_feats',
                ],
                type='Pack3DDetInputs'),
        ],
        test_mode=True,
        type='NuScenesDataset'),
    drop_last=False,
    num_workers=1,
    persistent_workers=True,
    sampler=dict(shuffle=False, type='DefaultSampler'))
test_evaluator = dict(
    ann_file='/media/xavier02/Sparkles1/nuscenes/nuscenes_infos_val.pkl',
    backend_args=None,
    data_root='/media/xavier02/Sparkles1/nuscenes/',
    metric='bbox',
    type='NuScenesMetric')
test_pipeline = [
    dict(
        backend_args=None,
        color_type='color',
        to_float32=True,
        type='BEVLoadMultiViewImageFromFiles'),
    dict(
        backend_args=None,
        coord_type='LIDAR',
        load_dim=5,
        type='LoadPointsFromFile',
        use_dim=5),
    dict(
        backend_args=None,
        load_dim=5,
        pad_empty_sweeps=True,
        remove_close=True,
        sweeps_num=9,
        type='LoadPointsFromMultiSweeps',
        use_dim=5),
    dict(
        bot_pct_lim=[
            0.0,
            0.0,
        ],
        final_dim=[
            256,
            704,
        ],
        is_train=False,
        rand_flip=False,
        resize_lim=[
            0.48,
            0.48,
        ],
        rot_lim=[
            0.0,
            0.0,
        ],
        type='ImageAug3D'),
    dict(
        point_cloud_range=[
            -54.0,
            -54.0,
            -5.0,
            54.0,
            54.0,
            3.0,
        ],
        type='PointsRangeFilter'),
    dict(
        keys=[
            'img',
            'points',
            'gt_bboxes_3d',
            'gt_labels_3d',
        ],
        meta_keys=[
            'cam2img',
            'ori_cam2img',
            'lidar2cam',
            'lidar2img',
            'cam2lidar',
            'ori_lidar2img',
            'img_aug_matrix',
            'box_type_3d',
            'sample_idx',
            'lidar_path',
            'img_path',
            'num_pts_feats',
        ],
        type='Pack3DDetInputs'),
]
train_cfg = dict(by_epoch=True, max_epochs=6, val_interval=2)
train_dataloader = dict(
    batch_size=1,
    dataset=dict(
        dataset=dict(
            ann_file='nuscenes_infos_train.pkl',
            box_type_3d='LiDAR',
            data_prefix=dict(
                CAM_BACK='samples/CAM_BACK',
                CAM_BACK_LEFT='samples/CAM_BACK_LEFT',
                CAM_BACK_RIGHT='samples/CAM_BACK_RIGHT',
                CAM_FRONT='samples/CAM_FRONT',
                CAM_FRONT_LEFT='samples/CAM_FRONT_LEFT',
                CAM_FRONT_RIGHT='samples/CAM_FRONT_RIGHT',
                pts='samples/LIDAR_TOP',
                sweeps='sweeps/LIDAR_TOP'),
            data_root='/media/xavier02/Sparkles1/nuscenes/',
            metainfo=dict(classes=[
                'car',
                'truck',
                'construction_vehicle',
                'bus',
                'trailer',
                'barrier',
                'motorcycle',
                'bicycle',
                'pedestrian',
                'traffic_cone',
            ]),
            modality=dict(use_camera=True, use_lidar=True),
            pipeline=[
                dict(
                    backend_args=None,
                    color_type='color',
                    to_float32=True,
                    type='BEVLoadMultiViewImageFromFiles'),
                dict(
                    backend_args=None,
                    coord_type='LIDAR',
                    load_dim=5,
                    type='LoadPointsFromFile',
                    use_dim=5),
                dict(
                    backend_args=None,
                    load_dim=5,
                    pad_empty_sweeps=True,
                    remove_close=True,
                    sweeps_num=9,
                    type='LoadPointsFromMultiSweeps',
                    use_dim=5),
                dict(
                    type='LoadAnnotations3D',
                    with_attr_label=False,
                    with_bbox_3d=True,
                    with_label_3d=True),
                dict(
                    bot_pct_lim=[
                        0.0,
                        0.0,
                    ],
                    final_dim=[
                        256,
                        704,
                    ],
                    is_train=True,
                    rand_flip=True,
                    resize_lim=[
                        0.38,
                        0.55,
                    ],
                    rot_lim=[
                        -5.4,
                        5.4,
                    ],
                    type='ImageAug3D'),
                dict(
                    rot_range=[
                        -0.78539816,
                        0.78539816,
                    ],
                    scale_ratio_range=[
                        0.9,
                        1.1,
                    ],
                    translation_std=0.5,
                    type='BEVFusionGlobalRotScaleTrans'),
                dict(type='BEVFusionRandomFlip3D'),
                dict(
                    point_cloud_range=[
                        -54.0,
                        -54.0,
                        -5.0,
                        54.0,
                        54.0,
                        3.0,
                    ],
                    type='PointsRangeFilter'),
                dict(
                    point_cloud_range=[
                        -54.0,
                        -54.0,
                        -5.0,
                        54.0,
                        54.0,
                        3.0,
                    ],
                    type='ObjectRangeFilter'),
                dict(
                    classes=[
                        'car',
                        'truck',
                        'construction_vehicle',
                        'bus',
                        'trailer',
                        'barrier',
                        'motorcycle',
                        'bicycle',
                        'pedestrian',
                        'traffic_cone',
                    ],
                    type='ObjectNameFilter'),
                dict(
                    fixed_prob=True,
                    max_epoch=6,
                    mode=1,
                    offset=False,
                    prob=0.0,
                    ratio=0.5,
                    rotate=1,
                    type='GridMask',
                    use_h=True,
                    use_w=True),
                dict(type='PointShuffle'),
                dict(
                    keys=[
                        'points',
                        'img',
                        'gt_bboxes_3d',
                        'gt_labels_3d',
                        'gt_bboxes',
                        'gt_labels',
                    ],
                    meta_keys=[
                        'cam2img',
                        'ori_cam2img',
                        'lidar2cam',
                        'lidar2img',
                        'cam2lidar',
                        'ori_lidar2img',
                        'img_aug_matrix',
                        'box_type_3d',
                        'sample_idx',
                        'lidar_path',
                        'img_path',
                        'transformation_3d_flow',
                        'pcd_rotation',
                        'pcd_scale_factor',
                        'pcd_trans',
                        'img_aug_matrix',
                        'lidar_aug_matrix',
                        'num_pts_feats',
                    ],
                    type='Pack3DDetInputs'),
            ],
            test_mode=False,
            type='NuScenesDataset',
            use_valid_flag=True),
        type='CBGSDataset'),
    num_workers=1,
    persistent_workers=True,
    sampler=dict(shuffle=True, type='DefaultSampler'))
train_pipeline = [
    dict(
        backend_args=None,
        color_type='color',
        to_float32=True,
        type='BEVLoadMultiViewImageFromFiles'),
    dict(
        backend_args=None,
        coord_type='LIDAR',
        load_dim=5,
        type='LoadPointsFromFile',
        use_dim=5),
    dict(
        backend_args=None,
        load_dim=5,
        pad_empty_sweeps=True,
        remove_close=True,
        sweeps_num=9,
        type='LoadPointsFromMultiSweeps',
        use_dim=5),
    dict(
        type='LoadAnnotations3D',
        with_attr_label=False,
        with_bbox_3d=True,
        with_label_3d=True),
    dict(
        bot_pct_lim=[
            0.0,
            0.0,
        ],
        final_dim=[
            256,
            704,
        ],
        is_train=True,
        rand_flip=True,
        resize_lim=[
            0.38,
            0.55,
        ],
        rot_lim=[
            -5.4,
            5.4,
        ],
        type='ImageAug3D'),
    dict(
        rot_range=[
            -0.78539816,
            0.78539816,
        ],
        scale_ratio_range=[
            0.9,
            1.1,
        ],
        translation_std=0.5,
        type='BEVFusionGlobalRotScaleTrans'),
    dict(type='BEVFusionRandomFlip3D'),
    dict(
        point_cloud_range=[
            -54.0,
            -54.0,
            -5.0,
            54.0,
            54.0,
            3.0,
        ],
        type='PointsRangeFilter'),
    dict(
        point_cloud_range=[
            -54.0,
            -54.0,
            -5.0,
            54.0,
            54.0,
            3.0,
        ],
        type='ObjectRangeFilter'),
    dict(
        classes=[
            'car',
            'truck',
            'construction_vehicle',
            'bus',
            'trailer',
            'barrier',
            'motorcycle',
            'bicycle',
            'pedestrian',
            'traffic_cone',
        ],
        type='ObjectNameFilter'),
    dict(
        fixed_prob=True,
        max_epoch=6,
        mode=1,
        offset=False,
        prob=0.0,
        ratio=0.5,
        rotate=1,
        type='GridMask',
        use_h=True,
        use_w=True),
    dict(type='PointShuffle'),
    dict(
        keys=[
            'points',
            'img',
            'gt_bboxes_3d',
            'gt_labels_3d',
            'gt_bboxes',
            'gt_labels',
        ],
        meta_keys=[
            'cam2img',
            'ori_cam2img',
            'lidar2cam',
            'lidar2img',
            'cam2lidar',
            'ori_lidar2img',
            'img_aug_matrix',
            'box_type_3d',
            'sample_idx',
            'lidar_path',
            'img_path',
            'transformation_3d_flow',
            'pcd_rotation',
            'pcd_scale_factor',
            'pcd_trans',
            'img_aug_matrix',
            'lidar_aug_matrix',
            'num_pts_feats',
        ],
        type='Pack3DDetInputs'),
]
val_cfg = dict()
val_dataloader = dict(
    batch_size=1,
    dataset=dict(
        ann_file='nuscenes_infos_val.pkl',
        backend_args=None,
        box_type_3d='LiDAR',
        data_prefix=dict(
            CAM_BACK='samples/CAM_BACK',
            CAM_BACK_LEFT='samples/CAM_BACK_LEFT',
            CAM_BACK_RIGHT='samples/CAM_BACK_RIGHT',
            CAM_FRONT='samples/CAM_FRONT',
            CAM_FRONT_LEFT='samples/CAM_FRONT_LEFT',
            CAM_FRONT_RIGHT='samples/CAM_FRONT_RIGHT',
            pts='samples/LIDAR_TOP',
            sweeps='sweeps/LIDAR_TOP'),
        data_root='/media/xavier02/Sparkles1/nuscenes/',
        metainfo=dict(classes=[
            'car',
            'truck',
            'construction_vehicle',
            'bus',
            'trailer',
            'barrier',
            'motorcycle',
            'bicycle',
            'pedestrian',
            'traffic_cone',
        ]),
        modality=dict(use_camera=True, use_lidar=True),
        pipeline=[
            dict(
                backend_args=None,
                color_type='color',
                to_float32=True,
                type='BEVLoadMultiViewImageFromFiles'),
            dict(
                backend_args=None,
                coord_type='LIDAR',
                load_dim=5,
                type='LoadPointsFromFile',
                use_dim=5),
            dict(
                backend_args=None,
                load_dim=5,
                pad_empty_sweeps=True,
                remove_close=True,
                sweeps_num=9,
                type='LoadPointsFromMultiSweeps',
                use_dim=5),
            dict(
                bot_pct_lim=[
                    0.0,
                    0.0,
                ],
                final_dim=[
                    256,
                    704,
                ],
                is_train=False,
                rand_flip=False,
                resize_lim=[
                    0.48,
                    0.48,
                ],
                rot_lim=[
                    0.0,
                    0.0,
                ],
                type='ImageAug3D'),
            dict(
                point_cloud_range=[
                    -54.0,
                    -54.0,
                    -5.0,
                    54.0,
                    54.0,
                    3.0,
                ],
                type='PointsRangeFilter'),
            dict(
                keys=[
                    'img',
                    'points',
                    'gt_bboxes_3d',
                    'gt_labels_3d',
                ],
                meta_keys=[
                    'cam2img',
                    'ori_cam2img',
                    'lidar2cam',
                    'lidar2img',
                    'cam2lidar',
                    'ori_lidar2img',
                    'img_aug_matrix',
                    'box_type_3d',
                    'sample_idx',
                    'lidar_path',
                    'img_path',
                    'num_pts_feats',
                ],
                type='Pack3DDetInputs'),
        ],
        test_mode=True,
        type='NuScenesDataset'),
    drop_last=False,
    num_workers=1,
    persistent_workers=True,
    sampler=dict(shuffle=False, type='DefaultSampler'))
val_evaluator = dict(
    ann_file='/media/xavier02/Sparkles1/nuscenes/nuscenes_infos_val.pkl',
    backend_args=None,
    data_root='/media/xavier02/Sparkles1/nuscenes/',
    metric='bbox',
    type='NuScenesMetric')
vis_backends = [
    dict(type='LocalVisBackend'),
]
visualizer = dict(
    name='visualizer',
    type='Det3DLocalVisualizer',
    vis_backends=[
        dict(type='LocalVisBackend'),
    ])
voxel_size = [
    0.075,
    0.075,
    0.2,
]
work_dir = './work_dirs/bevfusion_lidar-cam_voxel0075_second_secfpn_8xb4-cyclic-20e_nus-3d'

2024/12/06 06:47:02 - mmengine - INFO - Loads checkpoint by local backend from path: projects/BEVFusion/configs/swin_tiny_patch4_window7_224.pth
2024/12/06 06:47:04 - mmengine - INFO - Distributed training is not used, all SyncBatchNorm (SyncBN) layers in the model will be automatically reverted to BatchNormXd layers if they are used.
2024/12/06 06:47:04 - mmengine - INFO - Hooks will be executed in the following order:
before_run:
(VERY_HIGH   ) RuntimeInfoHook                    
(BELOW_NORMAL) LoggerHook                         
 -------------------- 
before_train:
(VERY_HIGH   ) RuntimeInfoHook                    
(NORMAL      ) IterTimerHook                      
(VERY_LOW    ) CheckpointHook                     
 -------------------- 
before_train_epoch:
(VERY_HIGH   ) RuntimeInfoHook                    
(NORMAL      ) IterTimerHook                      
(NORMAL      ) DistSamplerSeedHook                
 -------------------- 
before_train_iter:
(VERY_HIGH   ) RuntimeInfoHook                    
(NORMAL      ) IterTimerHook                      
 -------------------- 
after_train_iter:
(VERY_HIGH   ) RuntimeInfoHook                    
(NORMAL      ) IterTimerHook                      
(BELOW_NORMAL) LoggerHook                         
(LOW         ) ParamSchedulerHook                 
(VERY_LOW    ) CheckpointHook                     
 -------------------- 
after_train_epoch:
(NORMAL      ) IterTimerHook                      
(LOW         ) ParamSchedulerHook                 
(VERY_LOW    ) CheckpointHook                     
 -------------------- 
before_val:
(VERY_HIGH   ) RuntimeInfoHook                    
 -------------------- 
before_val_epoch:
(NORMAL      ) IterTimerHook                      
 -------------------- 
before_val_iter:
(NORMAL      ) IterTimerHook                      
 -------------------- 
after_val_iter:
(NORMAL      ) IterTimerHook                      
(NORMAL      ) Det3DVisualizationHook             
(BELOW_NORMAL) LoggerHook                         
 -------------------- 
after_val_epoch:
(VERY_HIGH   ) RuntimeInfoHook                    
(NORMAL      ) IterTimerHook                      
(BELOW_NORMAL) LoggerHook                         
(LOW         ) ParamSchedulerHook                 
(VERY_LOW    ) CheckpointHook                     
 -------------------- 
after_val:
(VERY_HIGH   ) RuntimeInfoHook                    
 -------------------- 
after_train:
(VERY_HIGH   ) RuntimeInfoHook                    
(VERY_LOW    ) CheckpointHook                     
 -------------------- 
before_test:
(VERY_HIGH   ) RuntimeInfoHook                    
 -------------------- 
before_test_epoch:
(NORMAL      ) IterTimerHook                      
 -------------------- 
before_test_iter:
(NORMAL      ) IterTimerHook                      
 -------------------- 
after_test_iter:
(NORMAL      ) IterTimerHook                      
(NORMAL      ) Det3DVisualizationHook             
(BELOW_NORMAL) LoggerHook                         
 -------------------- 
after_test_epoch:
(VERY_HIGH   ) RuntimeInfoHook                    
(NORMAL      ) IterTimerHook                      
(BELOW_NORMAL) LoggerHook                         
 -------------------- 
after_test:
(VERY_HIGH   ) RuntimeInfoHook                    
 -------------------- 
after_run:
(BELOW_NORMAL) LoggerHook                         
 -------------------- 
2024/12/06 06:47:43 - mmengine - INFO - ------------------------------
2024/12/06 06:47:43 - mmengine - INFO - The length of test dataset: 6019
2024/12/06 06:47:43 - mmengine - INFO - The number of instances per category in the dataset:
+----------------------+--------+
| category             | number |
+----------------------+--------+
| car                  | 80004  |
| truck                | 15704  |
| construction_vehicle | 2678   |
| bus                  | 3158   |
| trailer              | 4159   |
| barrier              | 26992  |
| motorcycle           | 2508   |
| bicycle              | 2381   |
| pedestrian           | 34347  |
| traffic_cone         | 15597  |
+----------------------+--------+
2024/12/06 06:47:48 - mmengine - INFO - Load checkpoint from /media/xavier02/xavier_ssd_500/mmdetection3d_source/mmdetection3d-main/projects/BEVFusion/configs/Camara_lidar_swin_fp32.pth
2024/12/06 06:49:15 - mmengine - INFO - Epoch(test) [  50/6019]    eta: 2:52:46  time: 1.7367  data_time: 0.0932  memory: 2277  
2024/12/06 06:50:41 - mmengine - INFO - Epoch(test) [ 100/6019]    eta: 2:50:55  time: 1.7286  data_time: 0.0186  memory: 2278  
2024/12/06 06:52:05 - mmengine - INFO - Epoch(test) [ 150/6019]    eta: 2:47:32  time: 1.6729  data_time: 0.0183  memory: 2276  
2024/12/06 06:53:30 - mmengine - INFO - Epoch(test) [ 200/6019]    eta: 2:45:34  time: 1.6909  data_time: 0.0182  memory: 2278  
2024/12/06 06:54:53 - mmengine - INFO - Epoch(test) [ 250/6019]    eta: 2:43:18  time: 1.6636  data_time: 0.0188  memory: 2278  
2024/12/06 06:56:11 - mmengine - INFO - Epoch(test) [ 300/6019]    eta: 2:39:55  time: 1.5742  data_time: 0.0180  memory: 2278  
2024/12/06 06:57:34 - mmengine - INFO - Epoch(test) [ 350/6019]    eta: 2:38:10  time: 1.6519  data_time: 0.0181  memory: 2278  
2024/12/06 06:58:57 - mmengine - INFO - Epoch(test) [ 400/6019]    eta: 2:36:41  time: 1.6669  data_time: 0.0183  memory: 2278  
2024/12/06 07:00:20 - mmengine - INFO - Epoch(test) [ 450/6019]    eta: 2:35:00  time: 1.6443  data_time: 0.0188  memory: 2279  
2024/12/06 07:01:41 - mmengine - INFO - Epoch(test) [ 500/6019]    eta: 2:33:09  time: 1.6199  data_time: 0.0190  memory: 2278  
2024/12/06 07:03:01 - mmengine - INFO - Epoch(test) [ 550/6019]    eta: 2:31:18  time: 1.6106  data_time: 0.0183  memory: 2278  
2024/12/06 07:04:18 - mmengine - INFO - Epoch(test) [ 600/6019]    eta: 2:29:03  time: 1.5433  data_time: 0.0181  memory: 2274  
2024/12/06 07:05:28 - mmengine - INFO - Epoch(test) [ 650/6019]    eta: 2:25:57  time: 1.4018  data_time: 0.0184  memory: 2272  
2024/12/06 07:06:39 - mmengine - INFO - Epoch(test) [ 700/6019]    eta: 2:23:12  time: 1.4116  data_time: 0.0185  memory: 2272  
2024/12/06 07:07:50 - mmengine - INFO - Epoch(test) [ 750/6019]    eta: 2:20:45  time: 1.4250  data_time: 0.0177  memory: 2273  
2024/12/06 07:09:07 - mmengine - INFO - Epoch(test) [ 800/6019]    eta: 2:19:03  time: 1.5361  data_time: 0.0182  memory: 2278  
2024/12/06 07:10:21 - mmengine - INFO - Epoch(test) [ 850/6019]    eta: 2:17:08  time: 1.4833  data_time: 0.0176  memory: 2277  
2024/12/06 07:11:34 - mmengine - INFO - Epoch(test) [ 900/6019]    eta: 2:15:10  time: 1.4576  data_time: 0.0180  memory: 2276  
2024/12/06 07:12:51 - mmengine - INFO - Epoch(test) [ 950/6019]    eta: 2:13:36  time: 1.5286  data_time: 0.0184  memory: 2278  
2024/12/06 07:14:10 - mmengine - INFO - Epoch(test) [1000/6019]    eta: 2:12:16  time: 1.5802  data_time: 0.0179  memory: 2278  
2024/12/06 07:15:20 - mmengine - INFO - Epoch(test) [1050/6019]    eta: 2:10:17  time: 1.4094  data_time: 0.0174  memory: 2272  
2024/12/06 07:16:36 - mmengine - INFO - Epoch(test) [1100/6019]    eta: 2:08:48  time: 1.5283  data_time: 0.0186  memory: 2278  
2024/12/06 07:17:51 - mmengine - INFO - Epoch(test) [1150/6019]    eta: 2:07:11  time: 1.4852  data_time: 0.0184  memory: 2274  
2024/12/06 07:19:08 - mmengine - INFO - Epoch(test) [1200/6019]    eta: 2:05:48  time: 1.5419  data_time: 0.0183  memory: 2278  
2024/12/06 07:20:30 - mmengine - INFO - Epoch(test) [1250/6019]    eta: 2:04:45  time: 1.6470  data_time: 0.0193  memory: 2278  
2024/12/06 07:21:48 - mmengine - INFO - Epoch(test) [1300/6019]    eta: 2:03:23  time: 1.5519  data_time: 0.0182  memory: 2277  
2024/12/06 07:23:09 - mmengine - INFO - Epoch(test) [1350/6019]    eta: 2:02:13  time: 1.6140  data_time: 0.0186  memory: 2278  
2024/12/06 07:24:28 - mmengine - INFO - Epoch(test) [1400/6019]    eta: 2:00:56  time: 1.5854  data_time: 0.0198  memory: 2278  
2024/12/06 07:25:49 - mmengine - INFO - Epoch(test) [1450/6019]    eta: 1:59:45  time: 1.6147  data_time: 0.0184  memory: 2278  
2024/12/06 07:27:13 - mmengine - INFO - Epoch(test) [1500/6019]    eta: 1:58:45  time: 1.6952  data_time: 0.0190  memory: 2278  
2024/12/06 07:28:35 - mmengine - INFO - Epoch(test) [1550/6019]    eta: 1:57:33  time: 1.6290  data_time: 0.0199  memory: 2278  
2024/12/06 07:29:49 - mmengine - INFO - Epoch(test) [1600/6019]    eta: 1:56:00  time: 1.4775  data_time: 0.0183  memory: 2276  
2024/12/06 07:31:09 - mmengine - INFO - Epoch(test) [1650/6019]    eta: 1:54:45  time: 1.5987  data_time: 0.0188  memory: 2278  
2024/12/06 07:32:27 - mmengine - INFO - Epoch(test) [1700/6019]    eta: 1:53:24  time: 1.5635  data_time: 0.0184  memory: 2275  
2024/12/06 07:33:45 - mmengine - INFO - Epoch(test) [1750/6019]    eta: 1:52:04  time: 1.5646  data_time: 0.0184  memory: 2277  
2024/12/06 07:35:01 - mmengine - INFO - Epoch(test) [1800/6019]    eta: 1:50:40  time: 1.5279  data_time: 0.0182  memory: 2277  
2024/12/06 07:36:18 - mmengine - INFO - Epoch(test) [1850/6019]    eta: 1:49:17  time: 1.5364  data_time: 0.0200  memory: 2275  
2024/12/06 07:37:31 - mmengine - INFO - Epoch(test) [1900/6019]    eta: 1:47:45  time: 1.4477  data_time: 0.0183  memory: 2276  
2024/12/06 07:38:47 - mmengine - INFO - Epoch(test) [1950/6019]    eta: 1:46:23  time: 1.5330  data_time: 0.0185  memory: 2278  
2024/12/06 07:40:06 - mmengine - INFO - Epoch(test) [2000/6019]    eta: 1:45:04  time: 1.5701  data_time: 0.0188  memory: 2273  
2024/12/06 07:41:24 - mmengine - INFO - Epoch(test) [2050/6019]    eta: 1:43:45  time: 1.5638  data_time: 0.0185  memory: 2276  
2024/12/06 07:42:42 - mmengine - INFO - Epoch(test) [2100/6019]    eta: 1:42:27  time: 1.5671  data_time: 0.0188  memory: 2276  
2024/12/06 07:43:59 - mmengine - INFO - Epoch(test) [2150/6019]    eta: 1:41:05  time: 1.5263  data_time: 0.0183  memory: 2276  
2024/12/06 07:45:18 - mmengine - INFO - Epoch(test) [2200/6019]    eta: 1:39:47  time: 1.5796  data_time: 0.0186  memory: 2278  
2024/12/06 07:46:36 - mmengine - INFO - Epoch(test) [2250/6019]    eta: 1:38:29  time: 1.5700  data_time: 0.0184  memory: 2278  
2024/12/06 07:47:48 - mmengine - INFO - Epoch(test) [2300/6019]    eta: 1:37:00  time: 1.4427  data_time: 0.0186  memory: 2278  
2024/12/06 07:48:55 - mmengine - INFO - Epoch(test) [2350/6019]    eta: 1:35:25  time: 1.3388  data_time: 0.0172  memory: 2271  
2024/12/06 07:50:09 - mmengine - INFO - Epoch(test) [2400/6019]    eta: 1:34:00  time: 1.4791  data_time: 0.0182  memory: 2275  
2024/12/06 07:51:27 - mmengine - INFO - Epoch(test) [2450/6019]    eta: 1:32:42  time: 1.5564  data_time: 0.0177  memory: 2280  
2024/12/06 07:52:44 - mmengine - INFO - Epoch(test) [2500/6019]    eta: 1:31:23  time: 1.5380  data_time: 0.0178  memory: 2277  
2024/12/06 07:53:57 - mmengine - INFO - Epoch(test) [2550/6019]    eta: 1:29:59  time: 1.4658  data_time: 0.0179  memory: 2276  
2024/12/06 07:55:07 - mmengine - INFO - Epoch(test) [2600/6019]    eta: 1:28:31  time: 1.4002  data_time: 0.0174  memory: 2277  
2024/12/06 07:56:23 - mmengine - INFO - Epoch(test) [2650/6019]    eta: 1:27:11  time: 1.5199  data_time: 0.0182  memory: 2278  
2024/12/06 07:57:39 - mmengine - INFO - Epoch(test) [2700/6019]    eta: 1:25:51  time: 1.5184  data_time: 0.0181  memory: 2278  
2024/12/06 07:58:52 - mmengine - INFO - Epoch(test) [2750/6019]    eta: 1:24:28  time: 1.4626  data_time: 0.0181  memory: 2276  
2024/12/06 08:00:08 - mmengine - INFO - Epoch(test) [2800/6019]    eta: 1:23:08  time: 1.5066  data_time: 0.0186  memory: 2276  
2024/12/06 08:01:16 - mmengine - INFO - Epoch(test) [2850/6019]    eta: 1:21:41  time: 1.3724  data_time: 0.0177  memory: 2272  
2024/12/06 08:02:26 - mmengine - INFO - Epoch(test) [2900/6019]    eta: 1:20:15  time: 1.3910  data_time: 0.0172  memory: 2273  
2024/12/06 08:03:35 - mmengine - INFO - Epoch(test) [2950/6019]    eta: 1:18:49  time: 1.3828  data_time: 0.0177  memory: 2278  
2024/12/06 08:04:48 - mmengine - INFO - Epoch(test) [3000/6019]    eta: 1:17:28  time: 1.4524  data_time: 0.0179  memory: 2278  
2024/12/06 08:06:02 - mmengine - INFO - Epoch(test) [3050/6019]    eta: 1:16:08  time: 1.4832  data_time: 0.0178  memory: 2278  
2024/12/06 08:07:07 - mmengine - INFO - Epoch(test) [3100/6019]    eta: 1:14:40  time: 1.2947  data_time: 0.0174  memory: 2269  
2024/12/06 08:08:08 - mmengine - INFO - Epoch(test) [3150/6019]    eta: 1:13:09  time: 1.2209  data_time: 0.0176  memory: 2269  
2024/12/06 08:09:16 - mmengine - INFO - Epoch(test) [3200/6019]    eta: 1:11:45  time: 1.3623  data_time: 0.0175  memory: 2269  
2024/12/06 08:10:24 - mmengine - INFO - Epoch(test) [3250/6019]    eta: 1:10:21  time: 1.3611  data_time: 0.0182  memory: 2269  
2024/12/06 08:11:41 - mmengine - INFO - Epoch(test) [3300/6019]    eta: 1:09:06  time: 1.5347  data_time: 0.0179  memory: 2278  
2024/12/06 08:12:54 - mmengine - INFO - Epoch(test) [3350/6019]    eta: 1:07:47  time: 1.4714  data_time: 0.0174  memory: 2277  
2024/12/06 08:14:08 - mmengine - INFO - Epoch(test) [3400/6019]    eta: 1:06:29  time: 1.4709  data_time: 0.0184  memory: 2277  
2024/12/06 08:15:21 - mmengine - INFO - Epoch(test) [3450/6019]    eta: 1:05:11  time: 1.4714  data_time: 0.0177  memory: 2277  
2024/12/06 08:16:34 - mmengine - INFO - Epoch(test) [3500/6019]    eta: 1:03:53  time: 1.4624  data_time: 0.0176  memory: 2277  
2024/12/06 08:17:45 - mmengine - INFO - Epoch(test) [3550/6019]    eta: 1:02:32  time: 1.4050  data_time: 0.0173  memory: 2274  
2024/12/06 08:18:56 - mmengine - INFO - Epoch(test) [3600/6019]    eta: 1:01:13  time: 1.4293  data_time: 0.0175  memory: 2275  
2024/12/06 08:20:11 - mmengine - INFO - Epoch(test) [3650/6019]    eta: 0:59:56  time: 1.4872  data_time: 0.0180  memory: 2274  
2024/12/06 08:21:19 - mmengine - INFO - Epoch(test) [3700/6019]    eta: 0:58:36  time: 1.3770  data_time: 0.0180  memory: 2271  
2024/12/06 08:22:36 - mmengine - INFO - Epoch(test) [3750/6019]    eta: 0:57:21  time: 1.5303  data_time: 0.0183  memory: 2277  
2024/12/06 08:24:00 - mmengine - INFO - Epoch(test) [3800/6019]    eta: 0:56:10  time: 1.6789  data_time: 0.0190  memory: 2279  
2024/12/06 08:25:18 - mmengine - INFO - Epoch(test) [3850/6019]    eta: 0:54:55  time: 1.5539  data_time: 0.0183  memory: 2278  
2024/12/06 08:26:42 - mmengine - INFO - Epoch(test) [3900/6019]    eta: 0:53:43  time: 1.6784  data_time: 0.0191  memory: 2278  
2024/12/06 08:28:05 - mmengine - INFO - Epoch(test) [3950/6019]    eta: 0:52:31  time: 1.6788  data_time: 0.0191  memory: 2279  
2024/12/06 08:29:30 - mmengine - INFO - Epoch(test) [4000/6019]    eta: 0:51:19  time: 1.6947  data_time: 0.0186  memory: 2279  
2024/12/06 08:30:40 - mmengine - INFO - Epoch(test) [4050/6019]    eta: 0:50:00  time: 1.3887  data_time: 0.0177  memory: 2275  
2024/12/06 08:31:52 - mmengine - INFO - Epoch(test) [4100/6019]    eta: 0:48:42  time: 1.4452  data_time: 0.0178  memory: 2274  
2024/12/06 08:33:06 - mmengine - INFO - Epoch(test) [4150/6019]    eta: 0:47:25  time: 1.4804  data_time: 0.0189  memory: 2278  
2024/12/06 08:34:24 - mmengine - INFO - Epoch(test) [4200/6019]    eta: 0:46:09  time: 1.5566  data_time: 0.0181  memory: 2278  
2024/12/06 08:35:32 - mmengine - INFO - Epoch(test) [4250/6019]    eta: 0:44:50  time: 1.3695  data_time: 0.0172  memory: 2274  
2024/12/06 08:36:39 - mmengine - INFO - Epoch(test) [4300/6019]    eta: 0:43:30  time: 1.3366  data_time: 0.0172  memory: 2270  
2024/12/06 08:37:47 - mmengine - INFO - Epoch(test) [4350/6019]    eta: 0:42:11  time: 1.3556  data_time: 0.0180  memory: 2270  
2024/12/06 08:38:58 - mmengine - INFO - Epoch(test) [4400/6019]    eta: 0:40:54  time: 1.4258  data_time: 0.0181  memory: 2273  
2024/12/06 08:40:11 - mmengine - INFO - Epoch(test) [4450/6019]    eta: 0:39:37  time: 1.4518  data_time: 0.0178  memory: 2273  
2024/12/06 08:41:28 - mmengine - INFO - Epoch(test) [4500/6019]    eta: 0:38:21  time: 1.5483  data_time: 0.0183  memory: 2278  
2024/12/06 08:42:47 - mmengine - INFO - Epoch(test) [4550/6019]    eta: 0:37:07  time: 1.5718  data_time: 0.0185  memory: 2278  
2024/12/06 08:44:09 - mmengine - INFO - Epoch(test) [4600/6019]    eta: 0:35:53  time: 1.6406  data_time: 0.0188  memory: 2280  
2024/12/06 08:45:33 - mmengine - INFO - Epoch(test) [4650/6019]    eta: 0:34:39  time: 1.6861  data_time: 0.0184  memory: 2278  
2024/12/06 08:46:54 - mmengine - INFO - Epoch(test) [4700/6019]    eta: 0:33:25  time: 1.6192  data_time: 0.0183  memory: 2276  
2024/12/06 08:48:14 - mmengine - INFO - Epoch(test) [4750/6019]    eta: 0:32:10  time: 1.5960  data_time: 0.0190  memory: 2276  
2024/12/06 08:49:35 - mmengine - INFO - Epoch(test) [4800/6019]    eta: 0:30:55  time: 1.6240  data_time: 0.0184  memory: 2278  
2024/12/06 08:50:55 - mmengine - INFO - Epoch(test) [4850/6019]    eta: 0:29:40  time: 1.5971  data_time: 0.0182  memory: 2278  
2024/12/06 08:52:14 - mmengine - INFO - Epoch(test) [4900/6019]    eta: 0:28:24  time: 1.5826  data_time: 0.0183  memory: 2276  
2024/12/06 08:53:33 - mmengine - INFO - Epoch(test) [4950/6019]    eta: 0:27:09  time: 1.5765  data_time: 0.0193  memory: 2278  
2024/12/06 08:54:53 - mmengine - INFO - Epoch(test) [5000/6019]    eta: 0:25:53  time: 1.6090  data_time: 0.0186  memory: 2278  
2024/12/06 08:56:13 - mmengine - INFO - Epoch(test) [5050/6019]    eta: 0:24:38  time: 1.5812  data_time: 0.0187  memory: 2278  
2024/12/06 08:57:31 - mmengine - INFO - Epoch(test) [5100/6019]    eta: 0:23:22  time: 1.5762  data_time: 0.0181  memory: 2278  
2024/12/06 08:58:51 - mmengine - INFO - Epoch(test) [5150/6019]    eta: 0:22:06  time: 1.5882  data_time: 0.0186  memory: 2273  
2024/12/06 09:00:06 - mmengine - INFO - Epoch(test) [5200/6019]    eta: 0:20:50  time: 1.5097  data_time: 0.0181  memory: 2278  
2024/12/06 09:01:25 - mmengine - INFO - Epoch(test) [5250/6019]    eta: 0:19:34  time: 1.5766  data_time: 0.0183  memory: 2278  
2024/12/06 09:02:40 - mmengine - INFO - Epoch(test) [5300/6019]    eta: 0:18:17  time: 1.5021  data_time: 0.0183  memory: 2275  
2024/12/06 09:03:58 - mmengine - INFO - Epoch(test) [5350/6019]    eta: 0:17:01  time: 1.5548  data_time: 0.0179  memory: 2277  
2024/12/06 09:05:20 - mmengine - INFO - Epoch(test) [5400/6019]    eta: 0:15:45  time: 1.6303  data_time: 0.0182  memory: 2278  
2024/12/06 09:06:39 - mmengine - INFO - Epoch(test) [5450/6019]    eta: 0:14:29  time: 1.5933  data_time: 0.0178  memory: 2278  
2024/12/06 09:08:02 - mmengine - INFO - Epoch(test) [5500/6019]    eta: 0:13:13  time: 1.6472  data_time: 0.0196  memory: 2279  
2024/12/06 09:09:24 - mmengine - INFO - Epoch(test) [5550/6019]    eta: 0:11:57  time: 1.6406  data_time: 0.0184  memory: 2278  
2024/12/06 09:10:46 - mmengine - INFO - Epoch(test) [5600/6019]    eta: 0:10:41  time: 1.6418  data_time: 0.0182  memory: 2278  
2024/12/06 09:12:07 - mmengine - INFO - Epoch(test) [5650/6019]    eta: 0:09:25  time: 1.6273  data_time: 0.0181  memory: 2278  
2024/12/06 09:13:32 - mmengine - INFO - Epoch(test) [5700/6019]    eta: 0:08:09  time: 1.6981  data_time: 0.0185  memory: 2279  
2024/12/06 09:14:55 - mmengine - INFO - Epoch(test) [5750/6019]    eta: 0:06:52  time: 1.6662  data_time: 0.0186  memory: 2279  
2024/12/06 09:16:14 - mmengine - INFO - Epoch(test) [5800/6019]    eta: 0:05:36  time: 1.5823  data_time: 0.0182  memory: 2278  
2024/12/06 09:17:35 - mmengine - INFO - Epoch(test) [5850/6019]    eta: 0:04:19  time: 1.6148  data_time: 0.0185  memory: 2278  
2024/12/06 09:18:59 - mmengine - INFO - Epoch(test) [5900/6019]    eta: 0:03:02  time: 1.6710  data_time: 0.0186  memory: 2279  
2024/12/06 09:20:22 - mmengine - INFO - Epoch(test) [5950/6019]    eta: 0:01:46  time: 1.6585  data_time: 0.0188  memory: 2278  
2024/12/06 09:21:40 - mmengine - INFO - Epoch(test) [6000/6019]    eta: 0:00:29  time: 1.5685  data_time: 0.0183  memory: 2278  
2024/12/06 09:48:49 - mmengine - INFO - Epoch(test) [6019/6019]    NuScenes metric/pred_instances_3d_NuScenes/car_AP_dist_0.5: 0.7905  NuScenes metric/pred_instances_3d_NuScenes/car_AP_dist_1.0: 0.8797  NuScenes metric/pred_instances_3d_NuScenes/car_AP_dist_2.0: 0.9096  NuScenes metric/pred_instances_3d_NuScenes/car_AP_dist_4.0: 0.9207  NuScenes metric/pred_instances_3d_NuScenes/car_trans_err: 0.1696  NuScenes metric/pred_instances_3d_NuScenes/car_scale_err: 0.1518  NuScenes metric/pred_instances_3d_NuScenes/car_orient_err: 0.0790  NuScenes metric/pred_instances_3d_NuScenes/car_vel_err: 0.2643  NuScenes metric/pred_instances_3d_NuScenes/car_attr_err: 0.1897  NuScenes metric/pred_instances_3d_NuScenes/mATE: 0.2766  NuScenes metric/pred_instances_3d_NuScenes/mASE: 0.2546  NuScenes metric/pred_instances_3d_NuScenes/mAOE: 0.3168  NuScenes metric/pred_instances_3d_NuScenes/mAVE: 0.2614  NuScenes metric/pred_instances_3d_NuScenes/mAAE: 0.1886  NuScenes metric/pred_instances_3d_NuScenes/truck_AP_dist_0.5: 0.4409  NuScenes metric/pred_instances_3d_NuScenes/truck_AP_dist_1.0: 0.6109  NuScenes metric/pred_instances_3d_NuScenes/truck_AP_dist_2.0: 0.6969  NuScenes metric/pred_instances_3d_NuScenes/truck_AP_dist_4.0: 0.7326  NuScenes metric/pred_instances_3d_NuScenes/truck_trans_err: 0.3189  NuScenes metric/pred_instances_3d_NuScenes/truck_scale_err: 0.1815  NuScenes metric/pred_instances_3d_NuScenes/truck_orient_err: 0.0875  NuScenes metric/pred_instances_3d_NuScenes/truck_vel_err: 0.2538  NuScenes metric/pred_instances_3d_NuScenes/truck_attr_err: 0.2320  NuScenes metric/pred_instances_3d_NuScenes/construction_vehicle_AP_dist_0.5: 0.0371  NuScenes metric/pred_instances_3d_NuScenes/construction_vehicle_AP_dist_1.0: 0.2035  NuScenes metric/pred_instances_3d_NuScenes/construction_vehicle_AP_dist_2.0: 0.3497  NuScenes metric/pred_instances_3d_NuScenes/construction_vehicle_AP_dist_4.0: 0.4663  NuScenes metric/pred_instances_3d_NuScenes/construction_vehicle_trans_err: 0.6678  NuScenes metric/pred_instances_3d_NuScenes/construction_vehicle_scale_err: 0.4475  NuScenes metric/pred_instances_3d_NuScenes/construction_vehicle_orient_err: 0.8895  NuScenes metric/pred_instances_3d_NuScenes/construction_vehicle_vel_err: 0.1221  NuScenes metric/pred_instances_3d_NuScenes/construction_vehicle_attr_err: 0.3082  NuScenes metric/pred_instances_3d_NuScenes/bus_AP_dist_0.5: 0.4834  NuScenes metric/pred_instances_3d_NuScenes/bus_AP_dist_1.0: 0.7624  NuScenes metric/pred_instances_3d_NuScenes/bus_AP_dist_2.0: 0.8696  NuScenes metric/pred_instances_3d_NuScenes/bus_AP_dist_4.0: 0.8888  NuScenes metric/pred_instances_3d_NuScenes/bus_trans_err: 0.3183  NuScenes metric/pred_instances_3d_NuScenes/bus_scale_err: 0.1795  NuScenes metric/pred_instances_3d_NuScenes/bus_orient_err: 0.0428  NuScenes metric/pred_instances_3d_NuScenes/bus_vel_err: 0.4461  NuScenes metric/pred_instances_3d_NuScenes/bus_attr_err: 0.2481  NuScenes metric/pred_instances_3d_NuScenes/trailer_AP_dist_0.5: 0.1368  NuScenes metric/pred_instances_3d_NuScenes/trailer_AP_dist_1.0: 0.3949  NuScenes metric/pred_instances_3d_NuScenes/trailer_AP_dist_2.0: 0.5628  NuScenes metric/pred_instances_3d_NuScenes/trailer_AP_dist_4.0: 0.6628  NuScenes metric/pred_instances_3d_NuScenes/trailer_trans_err: 0.5095  NuScenes metric/pred_instances_3d_NuScenes/trailer_scale_err: 0.2067  NuScenes metric/pred_instances_3d_NuScenes/trailer_orient_err: 0.7265  NuScenes metric/pred_instances_3d_NuScenes/trailer_vel_err: 0.1951  NuScenes metric/pred_instances_3d_NuScenes/trailer_attr_err: 0.1746  NuScenes metric/pred_instances_3d_NuScenes/barrier_AP_dist_0.5: 0.6092  NuScenes metric/pred_instances_3d_NuScenes/barrier_AP_dist_1.0: 0.6982  NuScenes metric/pred_instances_3d_NuScenes/barrier_AP_dist_2.0: 0.7318  NuScenes metric/pred_instances_3d_NuScenes/barrier_AP_dist_4.0: 0.7438  NuScenes metric/pred_instances_3d_NuScenes/barrier_trans_err: 0.1817  NuScenes metric/pred_instances_3d_NuScenes/barrier_scale_err: 0.2803  NuScenes metric/pred_instances_3d_NuScenes/barrier_orient_err: 0.0587  NuScenes metric/pred_instances_3d_NuScenes/barrier_vel_err: nan  NuScenes metric/pred_instances_3d_NuScenes/barrier_attr_err: nan  NuScenes metric/pred_instances_3d_NuScenes/motorcycle_AP_dist_0.5: 0.6090  NuScenes metric/pred_instances_3d_NuScenes/motorcycle_AP_dist_1.0: 0.7247  NuScenes metric/pred_instances_3d_NuScenes/motorcycle_AP_dist_2.0: 0.7405  NuScenes metric/pred_instances_3d_NuScenes/motorcycle_AP_dist_4.0: 0.7511  NuScenes metric/pred_instances_3d_NuScenes/motorcycle_trans_err: 0.1940  NuScenes metric/pred_instances_3d_NuScenes/motorcycle_scale_err: 0.2320  NuScenes metric/pred_instances_3d_NuScenes/motorcycle_orient_err: 0.2136  NuScenes metric/pred_instances_3d_NuScenes/motorcycle_vel_err: 0.3814  NuScenes metric/pred_instances_3d_NuScenes/motorcycle_attr_err: 0.2541  NuScenes metric/pred_instances_3d_NuScenes/bicycle_AP_dist_0.5: 0.5244  NuScenes metric/pred_instances_3d_NuScenes/bicycle_AP_dist_1.0: 0.5479  NuScenes metric/pred_instances_3d_NuScenes/bicycle_AP_dist_2.0: 0.5488  NuScenes metric/pred_instances_3d_NuScenes/bicycle_AP_dist_4.0: 0.5539  NuScenes metric/pred_instances_3d_NuScenes/bicycle_trans_err: 0.1514  NuScenes metric/pred_instances_3d_NuScenes/bicycle_scale_err: 0.2638  NuScenes metric/pred_instances_3d_NuScenes/bicycle_orient_err: 0.3864  NuScenes metric/pred_instances_3d_NuScenes/bicycle_vel_err: 0.2088  NuScenes metric/pred_instances_3d_NuScenes/bicycle_attr_err: 0.0080  NuScenes metric/pred_instances_3d_NuScenes/pedestrian_AP_dist_0.5: 0.8471  NuScenes metric/pred_instances_3d_NuScenes/pedestrian_AP_dist_1.0: 0.8599  NuScenes metric/pred_instances_3d_NuScenes/pedestrian_AP_dist_2.0: 0.8703  NuScenes metric/pred_instances_3d_NuScenes/pedestrian_AP_dist_4.0: 0.8823  NuScenes metric/pred_instances_3d_NuScenes/pedestrian_trans_err: 0.1310  NuScenes metric/pred_instances_3d_NuScenes/pedestrian_scale_err: 0.2880  NuScenes metric/pred_instances_3d_NuScenes/pedestrian_orient_err: 0.3674  NuScenes metric/pred_instances_3d_NuScenes/pedestrian_vel_err: 0.2196  NuScenes metric/pred_instances_3d_NuScenes/pedestrian_attr_err: 0.0937  NuScenes metric/pred_instances_3d_NuScenes/traffic_cone_AP_dist_0.5: 0.7103  NuScenes metric/pred_instances_3d_NuScenes/traffic_cone_AP_dist_1.0: 0.7208  NuScenes metric/pred_instances_3d_NuScenes/traffic_cone_AP_dist_2.0: 0.7378  NuScenes metric/pred_instances_3d_NuScenes/traffic_cone_AP_dist_4.0: 0.7658  NuScenes metric/pred_instances_3d_NuScenes/traffic_cone_trans_err: 0.1237  NuScenes metric/pred_instances_3d_NuScenes/traffic_cone_scale_err: 0.3153  NuScenes metric/pred_instances_3d_NuScenes/traffic_cone_orient_err: nan  NuScenes metric/pred_instances_3d_NuScenes/traffic_cone_vel_err: nan  NuScenes metric/pred_instances_3d_NuScenes/traffic_cone_attr_err: nan  NuScenes metric/pred_instances_3d_NuScenes/NDS: 0.6949  NuScenes metric/pred_instances_3d_NuScenes/mAP: 0.6494  data_time: 0.0189  time: 1.5385
