2024/12/07 10:35:14 - mmengine - INFO - 
------------------------------------------------------------
System environment:
    sys.platform: linux
    Python: 3.8.10 (default, Jul 29 2024, 17:02:10) [GCC 9.4.0]
    CUDA available: True
    MUSA available: False
    numpy_random_seed: 1999030884
    GPU 0: Xavier
    CUDA_HOME: /usr/local/cuda-11.4
    NVCC: Cuda compilation tools, release 11.4, V11.4.315
    GCC: aarch64-linux-gnu-gcc (Ubuntu 9.4.0-1ubuntu1~20.04.2) 9.4.0
    PyTorch: 1.11.0
    PyTorch compiling details: PyTorch built with:
  - GCC 9.4
  - C++ Version: 201402
  - OpenMP 201511 (a.k.a. OpenMP 4.5)
  - LAPACK is enabled (usually provided by MKL)
  - NNPACK is enabled
  - CPU capability usage: NO AVX
  - CUDA Runtime 11.4
  - NVCC architecture flags: -gencode;arch=compute_72,code=sm_72;-gencode;arch=compute_87,code=sm_87
  - CuDNN 8.6
    - Built with CuDNN 8.3.2
  - Build settings: BLAS_INFO=open, BUILD_TYPE=Release, CUDA_VERSION=11.4, CUDNN_VERSION=8.3.2, CXX_COMPILER=/usr/bin/c++, CXX_FLAGS= -Wno-deprecated -fvisibility-inlines-hidden -DUSE_PTHREADPOOL -fopenmp -DNDEBUG -DUSE_KINETO -DLIBKINETO_NOCUPTI -DUSE_XNNPACK -DSYMBOLICATE_MOBILE_DEBUG_HANDLE -DEDGE_PROFILER_USE_KINETO -O2 -fPIC -Wno-narrowing -Wall -Wextra -Werror=return-type -Wno-missing-field-initializers -Wno-type-limits -Wno-array-bounds -Wno-unknown-pragmas -Wno-sign-compare -Wno-unused-parameter -Wno-unused-function -Wno-unused-result -Wno-unused-local-typedefs -Wno-strict-overflow -Wno-strict-aliasing -Wno-error=deprecated-declarations -Wno-stringop-overflow -Wno-psabi -Wno-error=pedantic -Wno-error=redundant-decls -Wno-error=old-style-cast -fdiagnostics-color=always -faligned-new -Wno-unused-but-set-variable -Wno-maybe-uninitialized -fno-math-errno -fno-trapping-math -Werror=format -Werror=cast-function-type -Wno-stringop-overflow, FORCE_FALLBACK_CUDA_MPI=1, LAPACK_INFO=open, TORCH_VERSION=1.11.0, USE_CUDA=ON, USE_CUDNN=ON, USE_EIGEN_FOR_BLAS=ON, USE_EXCEPTION_PTR=1, USE_GFLAGS=OFF, USE_GLOG=OFF, USE_MKL=OFF, USE_MKLDNN=OFF, USE_MPI=ON, USE_NCCL=0, USE_NNPACK=ON, USE_OPENMP=ON, USE_ROCM=OFF, 

    TorchVision: 0.12.0
    OpenCV: 4.10.0
    MMEngine: 0.10.5

Runtime environment:
    cudnn_benchmark: False
    mp_cfg: {'mp_start_method': 'fork', 'opencv_num_threads': 0}
    dist_cfg: {'backend': 'nccl'}
    seed: 1999030884
    Distributed launcher: none
    Distributed training: False
    GPU number: 1
------------------------------------------------------------

2024/12/07 10:35:19 - mmengine - INFO - Config:
auto_scale_lr = dict(base_batch_size=32, enable=False)
backend_args = None
class_names = [
    'car',
    'truck',
    'construction_vehicle',
    'bus',
    'trailer',
    'barrier',
    'motorcycle',
    'bicycle',
    'pedestrian',
    'traffic_cone',
]
custom_imports = dict(
    allow_failed_imports=False, imports=[
        'projects.BEVFusion.bevfusion',
    ])
data_prefix = dict(
    CAM_BACK='samples/CAM_BACK',
    CAM_BACK_LEFT='samples/CAM_BACK_LEFT',
    CAM_BACK_RIGHT='samples/CAM_BACK_RIGHT',
    CAM_FRONT='samples/CAM_FRONT',
    CAM_FRONT_LEFT='samples/CAM_FRONT_LEFT',
    CAM_FRONT_RIGHT='samples/CAM_FRONT_RIGHT',
    pts='samples/LIDAR_TOP',
    sweeps='sweeps/LIDAR_TOP')
data_root = '/media/xavier02/Sparkles1/nuscenes/'
dataset_type = 'NuScenesDataset'
db_sampler = dict(
    classes=[
        'car',
        'truck',
        'construction_vehicle',
        'bus',
        'trailer',
        'barrier',
        'motorcycle',
        'bicycle',
        'pedestrian',
        'traffic_cone',
    ],
    data_root='/media/xavier02/Sparkles1/nuscenes/',
    info_path='/media/xavier02/Sparkles1/nuscenes/nuscenes_dbinfos_train.pkl',
    points_loader=dict(
        backend_args=None,
        coord_type='LIDAR',
        load_dim=5,
        type='LoadPointsFromFile',
        use_dim=[
            0,
            1,
            2,
            3,
            4,
        ]),
    prepare=dict(
        filter_by_difficulty=[
            -1,
        ],
        filter_by_min_points=dict(
            barrier=5,
            bicycle=5,
            bus=5,
            car=5,
            construction_vehicle=5,
            motorcycle=5,
            pedestrian=5,
            traffic_cone=5,
            trailer=5,
            truck=5)),
    rate=1.0,
    sample_groups=dict(
        barrier=2,
        bicycle=6,
        bus=4,
        car=2,
        construction_vehicle=7,
        motorcycle=6,
        pedestrian=2,
        traffic_cone=2,
        trailer=6,
        truck=3))
default_hooks = dict(
    checkpoint=dict(interval=1, type='CheckpointHook'),
    logger=dict(interval=50, type='LoggerHook'),
    param_scheduler=dict(type='ParamSchedulerHook'),
    sampler_seed=dict(type='DistSamplerSeedHook'),
    timer=dict(type='IterTimerHook'),
    visualization=dict(type='Det3DVisualizationHook'))
default_scope = 'mmdet3d'
env_cfg = dict(
    cudnn_benchmark=False,
    dist_cfg=dict(backend='nccl'),
    mp_cfg=dict(mp_start_method='fork', opencv_num_threads=0))
input_modality = dict(use_camera=True, use_lidar=True)
launcher = 'none'
load_from = '/media/xavier02/xavier_ssd_500/mmdetection3d_source/mmdetection3d-main/projects/BEVFusion/configs/Camara_lidar_swin_fp32.pth'
log_level = 'INFO'
log_processor = dict(by_epoch=True, type='LogProcessor', window_size=50)
lr = 0.0001
metainfo = dict(classes=[
    'car',
    'truck',
    'construction_vehicle',
    'bus',
    'trailer',
    'barrier',
    'motorcycle',
    'bicycle',
    'pedestrian',
    'traffic_cone',
])
model = dict(
    bbox_head=dict(
        auxiliary=True,
        bbox_coder=dict(
            code_size=10,
            out_size_factor=8,
            pc_range=[
                -54.0,
                -54.0,
            ],
            post_center_range=[
                -61.2,
                -61.2,
                -10.0,
                61.2,
                61.2,
                10.0,
            ],
            score_threshold=0.0,
            type='TransFusionBBoxCoder',
            voxel_size=[
                0.075,
                0.075,
            ]),
        bn_momentum=0.1,
        common_heads=dict(
            center=[
                2,
                2,
            ],
            dim=[
                3,
                2,
            ],
            height=[
                1,
                2,
            ],
            rot=[
                2,
                2,
            ],
            vel=[
                2,
                2,
            ]),
        decoder_layer=dict(
            cross_attn_cfg=dict(dropout=0.1, embed_dims=128, num_heads=8),
            ffn_cfg=dict(
                act_cfg=dict(inplace=True, type='ReLU'),
                embed_dims=128,
                feedforward_channels=256,
                ffn_drop=0.1,
                num_fcs=2),
            norm_cfg=dict(type='LN'),
            pos_encoding_cfg=dict(input_channel=2, num_pos_feats=128),
            self_attn_cfg=dict(dropout=0.1, embed_dims=128, num_heads=8),
            type='TransformerDecoderLayer'),
        hidden_channel=128,
        in_channels=512,
        loss_bbox=dict(
            loss_weight=0.25, reduction='mean', type='mmdet.L1Loss'),
        loss_cls=dict(
            alpha=0.25,
            gamma=2.0,
            loss_weight=1.0,
            reduction='mean',
            type='mmdet.FocalLoss',
            use_sigmoid=True),
        loss_heatmap=dict(
            loss_weight=1.0, reduction='mean', type='mmdet.GaussianFocalLoss'),
        nms_kernel_size=3,
        num_classes=10,
        num_decoder_layers=1,
        num_proposals=200,
        test_cfg=dict(
            dataset='nuScenes',
            grid_size=[
                1440,
                1440,
                41,
            ],
            nms_type=None,
            out_size_factor=8,
            pc_range=[
                -54.0,
                -54.0,
            ],
            voxel_size=[
                0.075,
                0.075,
            ]),
        train_cfg=dict(
            assigner=dict(
                cls_cost=dict(
                    alpha=0.25,
                    gamma=2.0,
                    type='mmdet.FocalLossCost',
                    weight=0.15),
                iou_calculator=dict(coordinate='lidar', type='BboxOverlaps3D'),
                iou_cost=dict(type='IoU3DCost', weight=0.25),
                reg_cost=dict(type='BBoxBEVL1Cost', weight=0.25),
                type='HungarianAssigner3D'),
            code_weights=[
                1.0,
                1.0,
                1.0,
                1.0,
                1.0,
                1.0,
                1.0,
                1.0,
                0.2,
                0.2,
            ],
            dataset='nuScenes',
            gaussian_overlap=0.1,
            grid_size=[
                1440,
                1440,
                41,
            ],
            min_radius=2,
            out_size_factor=8,
            point_cloud_range=[
                -54.0,
                -54.0,
                -5.0,
                54.0,
                54.0,
                3.0,
            ],
            pos_weight=-1,
            voxel_size=[
                0.075,
                0.075,
                0.2,
            ]),
        type='TransFusionHead'),
    data_preprocessor=dict(
        bgr_to_rgb=False,
        mean=[
            123.675,
            116.28,
            103.53,
        ],
        pad_size_divisor=32,
        std=[
            58.395,
            57.12,
            57.375,
        ],
        type='Det3DDataPreprocessor',
        voxelize_cfg=dict(
            max_num_points=10,
            max_voxels=[
                120000,
                160000,
            ],
            point_cloud_range=[
                -54.0,
                -54.0,
                -5.0,
                54.0,
                54.0,
                3.0,
            ],
            voxel_size=[
                0.075,
                0.075,
                0.2,
            ],
            voxelize_reduce=True)),
    fusion_layer=dict(
        in_channels=[
            80,
            256,
        ], out_channels=256, type='ConvFuser'),
    img_backbone=dict(
        attn_drop_rate=0.0,
        convert_weights=True,
        depths=[
            2,
            2,
            6,
            2,
        ],
        drop_path_rate=0.2,
        drop_rate=0.0,
        embed_dims=96,
        init_cfg=dict(
            checkpoint=
            'projects/BEVFusion/configs/swin_tiny_patch4_window7_224.pth',
            type='Pretrained'),
        mlp_ratio=4,
        num_heads=[
            3,
            6,
            12,
            24,
        ],
        out_indices=[
            1,
            2,
            3,
        ],
        patch_norm=True,
        qk_scale=None,
        qkv_bias=True,
        type='mmdet.SwinTransformer',
        window_size=7,
        with_cp=False),
    img_neck=dict(
        act_cfg=dict(inplace=True, type='ReLU'),
        in_channels=[
            192,
            384,
            768,
        ],
        norm_cfg=dict(requires_grad=True, type='BN2d'),
        num_outs=3,
        out_channels=256,
        start_level=0,
        type='GeneralizedLSSFPN',
        upsample_cfg=dict(align_corners=False, mode='bilinear')),
    pts_backbone=dict(
        conv_cfg=dict(bias=False, type='Conv2d'),
        in_channels=256,
        layer_nums=[
            5,
            5,
        ],
        layer_strides=[
            1,
            2,
        ],
        norm_cfg=dict(eps=0.001, momentum=0.01, type='BN'),
        out_channels=[
            128,
            256,
        ],
        type='SECOND'),
    pts_middle_encoder=dict(
        block_type='basicblock',
        encoder_channels=(
            (
                16,
                16,
                32,
            ),
            (
                32,
                32,
                64,
            ),
            (
                64,
                64,
                128,
            ),
            (
                128,
                128,
            ),
        ),
        encoder_paddings=(
            (
                0,
                0,
                1,
            ),
            (
                0,
                0,
                1,
            ),
            (
                0,
                0,
                (
                    1,
                    1,
                    0,
                ),
            ),
            (
                0,
                0,
            ),
        ),
        in_channels=5,
        norm_cfg=dict(eps=0.001, momentum=0.01, type='BN1d'),
        order=(
            'conv',
            'norm',
            'act',
        ),
        sparse_shape=[
            1440,
            1440,
            41,
        ],
        type='BEVFusionSparseEncoder'),
    pts_neck=dict(
        in_channels=[
            128,
            256,
        ],
        norm_cfg=dict(eps=0.001, momentum=0.01, type='BN'),
        out_channels=[
            256,
            256,
        ],
        type='SECONDFPN',
        upsample_cfg=dict(bias=False, type='deconv'),
        upsample_strides=[
            1,
            2,
        ],
        use_conv_for_no_stride=True),
    pts_voxel_encoder=dict(num_features=5, type='HardSimpleVFE'),
    type='BEVFusion',
    view_transform=dict(
        dbound=[
            1.0,
            60.0,
            0.5,
        ],
        downsample=2,
        feature_size=[
            32,
            88,
        ],
        image_size=[
            256,
            704,
        ],
        in_channels=256,
        out_channels=80,
        type='DepthLSSTransform',
        xbound=[
            -54.0,
            54.0,
            0.3,
        ],
        ybound=[
            -54.0,
            54.0,
            0.3,
        ],
        zbound=[
            -10.0,
            10.0,
            20.0,
        ]))
optim_wrapper = dict(
    clip_grad=dict(max_norm=35, norm_type=2),
    optimizer=dict(lr=0.0002, type='AdamW', weight_decay=0.01),
    type='OptimWrapper')
param_scheduler = [
    dict(
        begin=0,
        by_epoch=False,
        end=500,
        start_factor=0.33333333,
        type='LinearLR'),
    dict(
        T_max=6,
        begin=0,
        by_epoch=True,
        convert_to_iter_based=True,
        end=6,
        eta_min_ratio=0.0001,
        type='CosineAnnealingLR'),
    dict(
        begin=0,
        by_epoch=True,
        convert_to_iter_based=True,
        end=2.4,
        eta_min=0.8947368421052632,
        type='CosineAnnealingMomentum'),
    dict(
        begin=2.4,
        by_epoch=True,
        convert_to_iter_based=True,
        end=6,
        eta_min=1,
        type='CosineAnnealingMomentum'),
]
point_cloud_range = [
    -54.0,
    -54.0,
    -5.0,
    54.0,
    54.0,
    3.0,
]
resume = False
test_cfg = dict()
test_dataloader = dict(
    batch_size=1,
    dataset=dict(
        ann_file='nuscenes_infos_val.pkl',
        backend_args=None,
        box_type_3d='LiDAR',
        data_prefix=dict(
            CAM_BACK='samples/CAM_BACK',
            CAM_BACK_LEFT='samples/CAM_BACK_LEFT',
            CAM_BACK_RIGHT='samples/CAM_BACK_RIGHT',
            CAM_FRONT='samples/CAM_FRONT',
            CAM_FRONT_LEFT='samples/CAM_FRONT_LEFT',
            CAM_FRONT_RIGHT='samples/CAM_FRONT_RIGHT',
            pts='samples/LIDAR_TOP',
            sweeps='sweeps/LIDAR_TOP'),
        data_root='/media/xavier02/Sparkles1/nuscenes/',
        metainfo=dict(classes=[
            'car',
            'truck',
            'construction_vehicle',
            'bus',
            'trailer',
            'barrier',
            'motorcycle',
            'bicycle',
            'pedestrian',
            'traffic_cone',
        ]),
        modality=dict(use_camera=True, use_lidar=True),
        pipeline=[
            dict(
                backend_args=None,
                color_type='color',
                to_float32=True,
                type='BEVLoadMultiViewImageFromFiles'),
            dict(
                backend_args=None,
                coord_type='LIDAR',
                load_dim=5,
                type='LoadPointsFromFile',
                use_dim=5),
            dict(
                backend_args=None,
                load_dim=5,
                pad_empty_sweeps=True,
                remove_close=True,
                sweeps_num=9,
                type='LoadPointsFromMultiSweeps',
                use_dim=5),
            dict(
                bot_pct_lim=[
                    0.0,
                    0.0,
                ],
                final_dim=[
                    256,
                    704,
                ],
                is_train=False,
                rand_flip=False,
                resize_lim=[
                    0.48,
                    0.48,
                ],
                rot_lim=[
                    0.0,
                    0.0,
                ],
                type='ImageAug3D'),
            dict(
                point_cloud_range=[
                    -54.0,
                    -54.0,
                    -5.0,
                    54.0,
                    54.0,
                    3.0,
                ],
                type='PointsRangeFilter'),
            dict(
                keys=[
                    'img',
                    'points',
                    'gt_bboxes_3d',
                    'gt_labels_3d',
                ],
                meta_keys=[
                    'cam2img',
                    'ori_cam2img',
                    'lidar2cam',
                    'lidar2img',
                    'cam2lidar',
                    'ori_lidar2img',
                    'img_aug_matrix',
                    'box_type_3d',
                    'sample_idx',
                    'lidar_path',
                    'img_path',
                    'num_pts_feats',
                ],
                type='Pack3DDetInputs'),
        ],
        test_mode=True,
        type='NuScenesDataset'),
    drop_last=False,
    num_workers=1,
    persistent_workers=True,
    sampler=dict(shuffle=False, type='DefaultSampler'))
test_evaluator = dict(
    ann_file='/media/xavier02/Sparkles1/nuscenes/nuscenes_infos_val.pkl',
    backend_args=None,
    data_root='/media/xavier02/Sparkles1/nuscenes/',
    metric='bbox',
    type='NuScenesMetric')
test_pipeline = [
    dict(
        backend_args=None,
        color_type='color',
        to_float32=True,
        type='BEVLoadMultiViewImageFromFiles'),
    dict(
        backend_args=None,
        coord_type='LIDAR',
        load_dim=5,
        type='LoadPointsFromFile',
        use_dim=5),
    dict(
        backend_args=None,
        load_dim=5,
        pad_empty_sweeps=True,
        remove_close=True,
        sweeps_num=9,
        type='LoadPointsFromMultiSweeps',
        use_dim=5),
    dict(
        bot_pct_lim=[
            0.0,
            0.0,
        ],
        final_dim=[
            256,
            704,
        ],
        is_train=False,
        rand_flip=False,
        resize_lim=[
            0.48,
            0.48,
        ],
        rot_lim=[
            0.0,
            0.0,
        ],
        type='ImageAug3D'),
    dict(
        point_cloud_range=[
            -54.0,
            -54.0,
            -5.0,
            54.0,
            54.0,
            3.0,
        ],
        type='PointsRangeFilter'),
    dict(
        keys=[
            'img',
            'points',
            'gt_bboxes_3d',
            'gt_labels_3d',
        ],
        meta_keys=[
            'cam2img',
            'ori_cam2img',
            'lidar2cam',
            'lidar2img',
            'cam2lidar',
            'ori_lidar2img',
            'img_aug_matrix',
            'box_type_3d',
            'sample_idx',
            'lidar_path',
            'img_path',
            'num_pts_feats',
        ],
        type='Pack3DDetInputs'),
]
train_cfg = dict(by_epoch=True, max_epochs=6, val_interval=2)
train_dataloader = dict(
    batch_size=1,
    dataset=dict(
        dataset=dict(
            ann_file='nuscenes_infos_train.pkl',
            box_type_3d='LiDAR',
            data_prefix=dict(
                CAM_BACK='samples/CAM_BACK',
                CAM_BACK_LEFT='samples/CAM_BACK_LEFT',
                CAM_BACK_RIGHT='samples/CAM_BACK_RIGHT',
                CAM_FRONT='samples/CAM_FRONT',
                CAM_FRONT_LEFT='samples/CAM_FRONT_LEFT',
                CAM_FRONT_RIGHT='samples/CAM_FRONT_RIGHT',
                pts='samples/LIDAR_TOP',
                sweeps='sweeps/LIDAR_TOP'),
            data_root='/media/xavier02/Sparkles1/nuscenes/',
            metainfo=dict(classes=[
                'car',
                'truck',
                'construction_vehicle',
                'bus',
                'trailer',
                'barrier',
                'motorcycle',
                'bicycle',
                'pedestrian',
                'traffic_cone',
            ]),
            modality=dict(use_camera=True, use_lidar=True),
            pipeline=[
                dict(
                    backend_args=None,
                    color_type='color',
                    to_float32=True,
                    type='BEVLoadMultiViewImageFromFiles'),
                dict(
                    backend_args=None,
                    coord_type='LIDAR',
                    load_dim=5,
                    type='LoadPointsFromFile',
                    use_dim=5),
                dict(
                    backend_args=None,
                    load_dim=5,
                    pad_empty_sweeps=True,
                    remove_close=True,
                    sweeps_num=9,
                    type='LoadPointsFromMultiSweeps',
                    use_dim=5),
                dict(
                    type='LoadAnnotations3D',
                    with_attr_label=False,
                    with_bbox_3d=True,
                    with_label_3d=True),
                dict(
                    bot_pct_lim=[
                        0.0,
                        0.0,
                    ],
                    final_dim=[
                        256,
                        704,
                    ],
                    is_train=True,
                    rand_flip=True,
                    resize_lim=[
                        0.38,
                        0.55,
                    ],
                    rot_lim=[
                        -5.4,
                        5.4,
                    ],
                    type='ImageAug3D'),
                dict(
                    rot_range=[
                        -0.78539816,
                        0.78539816,
                    ],
                    scale_ratio_range=[
                        0.9,
                        1.1,
                    ],
                    translation_std=0.5,
                    type='BEVFusionGlobalRotScaleTrans'),
                dict(type='BEVFusionRandomFlip3D'),
                dict(
                    point_cloud_range=[
                        -54.0,
                        -54.0,
                        -5.0,
                        54.0,
                        54.0,
                        3.0,
                    ],
                    type='PointsRangeFilter'),
                dict(
                    point_cloud_range=[
                        -54.0,
                        -54.0,
                        -5.0,
                        54.0,
                        54.0,
                        3.0,
                    ],
                    type='ObjectRangeFilter'),
                dict(
                    classes=[
                        'car',
                        'truck',
                        'construction_vehicle',
                        'bus',
                        'trailer',
                        'barrier',
                        'motorcycle',
                        'bicycle',
                        'pedestrian',
                        'traffic_cone',
                    ],
                    type='ObjectNameFilter'),
                dict(
                    fixed_prob=True,
                    max_epoch=6,
                    mode=1,
                    offset=False,
                    prob=0.0,
                    ratio=0.5,
                    rotate=1,
                    type='GridMask',
                    use_h=True,
                    use_w=True),
                dict(type='PointShuffle'),
                dict(
                    keys=[
                        'points',
                        'img',
                        'gt_bboxes_3d',
                        'gt_labels_3d',
                        'gt_bboxes',
                        'gt_labels',
                    ],
                    meta_keys=[
                        'cam2img',
                        'ori_cam2img',
                        'lidar2cam',
                        'lidar2img',
                        'cam2lidar',
                        'ori_lidar2img',
                        'img_aug_matrix',
                        'box_type_3d',
                        'sample_idx',
                        'lidar_path',
                        'img_path',
                        'transformation_3d_flow',
                        'pcd_rotation',
                        'pcd_scale_factor',
                        'pcd_trans',
                        'img_aug_matrix',
                        'lidar_aug_matrix',
                        'num_pts_feats',
                    ],
                    type='Pack3DDetInputs'),
            ],
            test_mode=False,
            type='NuScenesDataset',
            use_valid_flag=True),
        type='CBGSDataset'),
    num_workers=1,
    persistent_workers=True,
    sampler=dict(shuffle=True, type='DefaultSampler'))
train_pipeline = [
    dict(
        backend_args=None,
        color_type='color',
        to_float32=True,
        type='BEVLoadMultiViewImageFromFiles'),
    dict(
        backend_args=None,
        coord_type='LIDAR',
        load_dim=5,
        type='LoadPointsFromFile',
        use_dim=5),
    dict(
        backend_args=None,
        load_dim=5,
        pad_empty_sweeps=True,
        remove_close=True,
        sweeps_num=9,
        type='LoadPointsFromMultiSweeps',
        use_dim=5),
    dict(
        type='LoadAnnotations3D',
        with_attr_label=False,
        with_bbox_3d=True,
        with_label_3d=True),
    dict(
        bot_pct_lim=[
            0.0,
            0.0,
        ],
        final_dim=[
            256,
            704,
        ],
        is_train=True,
        rand_flip=True,
        resize_lim=[
            0.38,
            0.55,
        ],
        rot_lim=[
            -5.4,
            5.4,
        ],
        type='ImageAug3D'),
    dict(
        rot_range=[
            -0.78539816,
            0.78539816,
        ],
        scale_ratio_range=[
            0.9,
            1.1,
        ],
        translation_std=0.5,
        type='BEVFusionGlobalRotScaleTrans'),
    dict(type='BEVFusionRandomFlip3D'),
    dict(
        point_cloud_range=[
            -54.0,
            -54.0,
            -5.0,
            54.0,
            54.0,
            3.0,
        ],
        type='PointsRangeFilter'),
    dict(
        point_cloud_range=[
            -54.0,
            -54.0,
            -5.0,
            54.0,
            54.0,
            3.0,
        ],
        type='ObjectRangeFilter'),
    dict(
        classes=[
            'car',
            'truck',
            'construction_vehicle',
            'bus',
            'trailer',
            'barrier',
            'motorcycle',
            'bicycle',
            'pedestrian',
            'traffic_cone',
        ],
        type='ObjectNameFilter'),
    dict(
        fixed_prob=True,
        max_epoch=6,
        mode=1,
        offset=False,
        prob=0.0,
        ratio=0.5,
        rotate=1,
        type='GridMask',
        use_h=True,
        use_w=True),
    dict(type='PointShuffle'),
    dict(
        keys=[
            'points',
            'img',
            'gt_bboxes_3d',
            'gt_labels_3d',
            'gt_bboxes',
            'gt_labels',
        ],
        meta_keys=[
            'cam2img',
            'ori_cam2img',
            'lidar2cam',
            'lidar2img',
            'cam2lidar',
            'ori_lidar2img',
            'img_aug_matrix',
            'box_type_3d',
            'sample_idx',
            'lidar_path',
            'img_path',
            'transformation_3d_flow',
            'pcd_rotation',
            'pcd_scale_factor',
            'pcd_trans',
            'img_aug_matrix',
            'lidar_aug_matrix',
            'num_pts_feats',
        ],
        type='Pack3DDetInputs'),
]
val_cfg = dict()
val_dataloader = dict(
    batch_size=1,
    dataset=dict(
        ann_file='nuscenes_infos_val.pkl',
        backend_args=None,
        box_type_3d='LiDAR',
        data_prefix=dict(
            CAM_BACK='samples/CAM_BACK',
            CAM_BACK_LEFT='samples/CAM_BACK_LEFT',
            CAM_BACK_RIGHT='samples/CAM_BACK_RIGHT',
            CAM_FRONT='samples/CAM_FRONT',
            CAM_FRONT_LEFT='samples/CAM_FRONT_LEFT',
            CAM_FRONT_RIGHT='samples/CAM_FRONT_RIGHT',
            pts='samples/LIDAR_TOP',
            sweeps='sweeps/LIDAR_TOP'),
        data_root='/media/xavier02/Sparkles1/nuscenes/',
        metainfo=dict(classes=[
            'car',
            'truck',
            'construction_vehicle',
            'bus',
            'trailer',
            'barrier',
            'motorcycle',
            'bicycle',
            'pedestrian',
            'traffic_cone',
        ]),
        modality=dict(use_camera=True, use_lidar=True),
        pipeline=[
            dict(
                backend_args=None,
                color_type='color',
                to_float32=True,
                type='BEVLoadMultiViewImageFromFiles'),
            dict(
                backend_args=None,
                coord_type='LIDAR',
                load_dim=5,
                type='LoadPointsFromFile',
                use_dim=5),
            dict(
                backend_args=None,
                load_dim=5,
                pad_empty_sweeps=True,
                remove_close=True,
                sweeps_num=9,
                type='LoadPointsFromMultiSweeps',
                use_dim=5),
            dict(
                bot_pct_lim=[
                    0.0,
                    0.0,
                ],
                final_dim=[
                    256,
                    704,
                ],
                is_train=False,
                rand_flip=False,
                resize_lim=[
                    0.48,
                    0.48,
                ],
                rot_lim=[
                    0.0,
                    0.0,
                ],
                type='ImageAug3D'),
            dict(
                point_cloud_range=[
                    -54.0,
                    -54.0,
                    -5.0,
                    54.0,
                    54.0,
                    3.0,
                ],
                type='PointsRangeFilter'),
            dict(
                keys=[
                    'img',
                    'points',
                    'gt_bboxes_3d',
                    'gt_labels_3d',
                ],
                meta_keys=[
                    'cam2img',
                    'ori_cam2img',
                    'lidar2cam',
                    'lidar2img',
                    'cam2lidar',
                    'ori_lidar2img',
                    'img_aug_matrix',
                    'box_type_3d',
                    'sample_idx',
                    'lidar_path',
                    'img_path',
                    'num_pts_feats',
                ],
                type='Pack3DDetInputs'),
        ],
        test_mode=True,
        type='NuScenesDataset'),
    drop_last=False,
    num_workers=1,
    persistent_workers=True,
    sampler=dict(shuffle=False, type='DefaultSampler'))
val_evaluator = dict(
    ann_file='/media/xavier02/Sparkles1/nuscenes/nuscenes_infos_val.pkl',
    backend_args=None,
    data_root='/media/xavier02/Sparkles1/nuscenes/',
    metric='bbox',
    type='NuScenesMetric')
vis_backends = [
    dict(type='LocalVisBackend'),
]
visualizer = dict(
    name='visualizer',
    type='Det3DLocalVisualizer',
    vis_backends=[
        dict(type='LocalVisBackend'),
    ])
voxel_size = [
    0.075,
    0.075,
    0.2,
]
work_dir = './work_dirs/bevfusion_lidar-cam_voxel0075_second_secfpn_8xb4-cyclic-20e_nus-3d'

2024/12/07 10:35:33 - mmengine - INFO - Loads checkpoint by local backend from path: projects/BEVFusion/configs/swin_tiny_patch4_window7_224.pth
2024/12/07 10:35:38 - mmengine - INFO - Distributed training is not used, all SyncBatchNorm (SyncBN) layers in the model will be automatically reverted to BatchNormXd layers if they are used.
2024/12/07 10:35:38 - mmengine - INFO - Hooks will be executed in the following order:
before_run:
(VERY_HIGH   ) RuntimeInfoHook                    
(BELOW_NORMAL) LoggerHook                         
 -------------------- 
before_train:
(VERY_HIGH   ) RuntimeInfoHook                    
(NORMAL      ) IterTimerHook                      
(VERY_LOW    ) CheckpointHook                     
 -------------------- 
before_train_epoch:
(VERY_HIGH   ) RuntimeInfoHook                    
(NORMAL      ) IterTimerHook                      
(NORMAL      ) DistSamplerSeedHook                
 -------------------- 
before_train_iter:
(VERY_HIGH   ) RuntimeInfoHook                    
(NORMAL      ) IterTimerHook                      
 -------------------- 
after_train_iter:
(VERY_HIGH   ) RuntimeInfoHook                    
(NORMAL      ) IterTimerHook                      
(BELOW_NORMAL) LoggerHook                         
(LOW         ) ParamSchedulerHook                 
(VERY_LOW    ) CheckpointHook                     
 -------------------- 
after_train_epoch:
(NORMAL      ) IterTimerHook                      
(LOW         ) ParamSchedulerHook                 
(VERY_LOW    ) CheckpointHook                     
 -------------------- 
before_val:
(VERY_HIGH   ) RuntimeInfoHook                    
 -------------------- 
before_val_epoch:
(NORMAL      ) IterTimerHook                      
 -------------------- 
before_val_iter:
(NORMAL      ) IterTimerHook                      
 -------------------- 
after_val_iter:
(NORMAL      ) IterTimerHook                      
(NORMAL      ) Det3DVisualizationHook             
(BELOW_NORMAL) LoggerHook                         
 -------------------- 
after_val_epoch:
(VERY_HIGH   ) RuntimeInfoHook                    
(NORMAL      ) IterTimerHook                      
(BELOW_NORMAL) LoggerHook                         
(LOW         ) ParamSchedulerHook                 
(VERY_LOW    ) CheckpointHook                     
 -------------------- 
after_val:
(VERY_HIGH   ) RuntimeInfoHook                    
 -------------------- 
after_train:
(VERY_HIGH   ) RuntimeInfoHook                    
(VERY_LOW    ) CheckpointHook                     
 -------------------- 
before_test:
(VERY_HIGH   ) RuntimeInfoHook                    
 -------------------- 
before_test_epoch:
(NORMAL      ) IterTimerHook                      
 -------------------- 
before_test_iter:
(NORMAL      ) IterTimerHook                      
 -------------------- 
after_test_iter:
(NORMAL      ) IterTimerHook                      
(NORMAL      ) Det3DVisualizationHook             
(BELOW_NORMAL) LoggerHook                         
 -------------------- 
after_test_epoch:
(VERY_HIGH   ) RuntimeInfoHook                    
(NORMAL      ) IterTimerHook                      
(BELOW_NORMAL) LoggerHook                         
 -------------------- 
after_test:
(VERY_HIGH   ) RuntimeInfoHook                    
 -------------------- 
after_run:
(BELOW_NORMAL) LoggerHook                         
 -------------------- 
2024/12/07 10:36:53 - mmengine - INFO - ------------------------------
2024/12/07 10:36:53 - mmengine - INFO - The length of test dataset: 6019
2024/12/07 10:36:53 - mmengine - INFO - The number of instances per category in the dataset:
+----------------------+--------+
| category             | number |
+----------------------+--------+
| car                  | 80004  |
| truck                | 15704  |
| construction_vehicle | 2678   |
| bus                  | 3158   |
| trailer              | 4159   |
| barrier              | 26992  |
| motorcycle           | 2508   |
| bicycle              | 2381   |
| pedestrian           | 34347  |
| traffic_cone         | 15597  |
+----------------------+--------+
2024/12/07 10:37:03 - mmengine - INFO - Load checkpoint from /media/xavier02/xavier_ssd_500/mmdetection3d_source/mmdetection3d-main/projects/BEVFusion/configs/Camara_lidar_swin_fp32.pth
2024/12/07 10:39:36 - mmengine - INFO - Epoch(test) [  50/6019]    eta: 5:04:03  time: 3.0564  data_time: 0.0826  memory: 2223  
2024/12/07 10:41:58 - mmengine - INFO - Epoch(test) [ 100/6019]    eta: 4:51:10  time: 2.8469  data_time: 0.0372  memory: 2225  
2024/12/07 10:44:19 - mmengine - INFO - Epoch(test) [ 150/6019]    eta: 4:44:12  time: 2.8131  data_time: 0.0367  memory: 2222  
2024/12/07 10:46:39 - mmengine - INFO - Epoch(test) [ 200/6019]    eta: 4:39:35  time: 2.8149  data_time: 0.0354  memory: 2223  
2024/12/07 10:48:59 - mmengine - INFO - Epoch(test) [ 250/6019]    eta: 4:35:23  time: 2.7895  data_time: 0.0365  memory: 2225  
2024/12/07 10:51:15 - mmengine - INFO - Epoch(test) [ 300/6019]    eta: 4:30:43  time: 2.7209  data_time: 0.0383  memory: 2223  
2024/12/07 10:53:32 - mmengine - INFO - Epoch(test) [ 350/6019]    eta: 4:27:02  time: 2.7422  data_time: 0.0325  memory: 2225  
2024/12/07 10:55:52 - mmengine - INFO - Epoch(test) [ 400/6019]    eta: 4:24:14  time: 2.7892  data_time: 0.0308  memory: 2225  
2024/12/07 10:58:09 - mmengine - INFO - Epoch(test) [ 450/6019]    eta: 4:21:02  time: 2.7392  data_time: 0.0321  memory: 2225  
2024/12/07 11:00:23 - mmengine - INFO - Epoch(test) [ 500/6019]    eta: 4:17:39  time: 2.6987  data_time: 0.0311  memory: 2224  
2024/12/07 11:02:38 - mmengine - INFO - Epoch(test) [ 550/6019]    eta: 4:14:22  time: 2.6875  data_time: 0.0306  memory: 2225  
2024/12/07 11:04:48 - mmengine - INFO - Epoch(test) [ 600/6019]    eta: 4:10:39  time: 2.6064  data_time: 0.0308  memory: 2222  
2024/12/07 11:06:48 - mmengine - INFO - Epoch(test) [ 650/6019]    eta: 4:05:42  time: 2.3919  data_time: 0.0300  memory: 2220  
2024/12/07 11:08:48 - mmengine - INFO - Epoch(test) [ 700/6019]    eta: 4:01:11  time: 2.3938  data_time: 0.0291  memory: 2219  
2024/12/07 11:10:50 - mmengine - INFO - Epoch(test) [ 750/6019]    eta: 3:57:18  time: 2.4428  data_time: 0.0300  memory: 2220  
2024/12/07 11:12:59 - mmengine - INFO - Epoch(test) [ 800/6019]    eta: 3:54:23  time: 2.5800  data_time: 0.0303  memory: 2224  
2024/12/07 11:15:04 - mmengine - INFO - Epoch(test) [ 850/6019]    eta: 3:51:12  time: 2.5115  data_time: 0.0302  memory: 2222  
2024/12/07 11:17:08 - mmengine - INFO - Epoch(test) [ 900/6019]    eta: 3:47:57  time: 2.4710  data_time: 0.0305  memory: 2222  
2024/12/07 11:19:16 - mmengine - INFO - Epoch(test) [ 950/6019]    eta: 3:45:13  time: 2.5567  data_time: 0.0312  memory: 2223  
2024/12/07 11:21:27 - mmengine - INFO - Epoch(test) [1000/6019]    eta: 3:42:49  time: 2.6241  data_time: 0.0313  memory: 2223  
2024/12/07 11:23:26 - mmengine - INFO - Epoch(test) [1050/6019]    eta: 3:39:28  time: 2.3764  data_time: 0.0296  memory: 2219  
2024/12/07 11:25:33 - mmengine - INFO - Epoch(test) [1100/6019]    eta: 3:36:53  time: 2.5509  data_time: 0.0291  memory: 2223  
2024/12/07 11:27:37 - mmengine - INFO - Epoch(test) [1150/6019]    eta: 3:34:07  time: 2.4840  data_time: 0.0298  memory: 2221  
2024/12/07 11:29:46 - mmengine - INFO - Epoch(test) [1200/6019]    eta: 3:31:43  time: 2.5794  data_time: 0.0304  memory: 2224  
2024/12/07 11:32:03 - mmengine - INFO - Epoch(test) [1250/6019]    eta: 3:29:49  time: 2.7296  data_time: 0.0302  memory: 2225  
2024/12/07 11:34:12 - mmengine - INFO - Epoch(test) [1300/6019]    eta: 3:27:27  time: 2.5826  data_time: 0.0298  memory: 2223  
2024/12/07 11:36:25 - mmengine - INFO - Epoch(test) [1350/6019]    eta: 3:25:20  time: 2.6680  data_time: 0.0293  memory: 2223  
2024/12/07 11:38:37 - mmengine - INFO - Epoch(test) [1400/6019]    eta: 3:23:08  time: 2.6378  data_time: 0.0300  memory: 2224  
2024/12/07 11:40:52 - mmengine - INFO - Epoch(test) [1450/6019]    eta: 3:21:04  time: 2.6889  data_time: 0.0295  memory: 2223  
2024/12/07 11:43:10 - mmengine - INFO - Epoch(test) [1500/6019]    eta: 3:19:11  time: 2.7701  data_time: 0.0294  memory: 2225  
2024/12/07 11:45:25 - mmengine - INFO - Epoch(test) [1550/6019]    eta: 3:17:05  time: 2.6835  data_time: 0.0301  memory: 2224  
2024/12/07 11:47:28 - mmengine - INFO - Epoch(test) [1600/6019]    eta: 3:14:28  time: 2.4659  data_time: 0.0283  memory: 2222  
2024/12/07 11:49:40 - mmengine - INFO - Epoch(test) [1650/6019]    eta: 3:12:16  time: 2.6437  data_time: 0.0293  memory: 2223  
2024/12/07 11:51:50 - mmengine - INFO - Epoch(test) [1700/6019]    eta: 3:09:59  time: 2.6044  data_time: 0.0292  memory: 2222  
2024/12/07 11:54:01 - mmengine - INFO - Epoch(test) [1750/6019]    eta: 3:07:44  time: 2.6148  data_time: 0.0296  memory: 2222  
2024/12/07 11:56:09 - mmengine - INFO - Epoch(test) [1800/6019]    eta: 3:05:22  time: 2.5506  data_time: 0.0295  memory: 2223  
2024/12/07 11:58:16 - mmengine - INFO - Epoch(test) [1850/6019]    eta: 3:03:01  time: 2.5569  data_time: 0.0301  memory: 2221  
2024/12/07 12:00:19 - mmengine - INFO - Epoch(test) [1900/6019]    eta: 3:00:30  time: 2.4518  data_time: 0.0297  memory: 2223  
2024/12/07 12:02:27 - mmengine - INFO - Epoch(test) [1950/6019]    eta: 2:58:11  time: 2.5607  data_time: 0.0299  memory: 2225  
2024/12/07 12:04:37 - mmengine - INFO - Epoch(test) [2000/6019]    eta: 2:55:58  time: 2.6060  data_time: 0.0289  memory: 2221  
2024/12/07 12:06:47 - mmengine - INFO - Epoch(test) [2050/6019]    eta: 2:53:44  time: 2.6010  data_time: 0.0300  memory: 2223  
2024/12/07 12:08:59 - mmengine - INFO - Epoch(test) [2100/6019]    eta: 2:51:32  time: 2.6228  data_time: 0.0298  memory: 2222  
2024/12/07 12:11:06 - mmengine - INFO - Epoch(test) [2150/6019]    eta: 2:49:13  time: 2.5433  data_time: 0.0306  memory: 2222  
2024/12/07 12:13:17 - mmengine - INFO - Epoch(test) [2200/6019]    eta: 2:47:01  time: 2.6172  data_time: 0.0306  memory: 2223  
2024/12/07 12:15:28 - mmengine - INFO - Epoch(test) [2250/6019]    eta: 2:44:51  time: 2.6301  data_time: 0.0322  memory: 2223  
2024/12/07 12:17:30 - mmengine - INFO - Epoch(test) [2300/6019]    eta: 2:42:24  time: 2.4381  data_time: 0.0304  memory: 2223  
2024/12/07 12:19:24 - mmengine - INFO - Epoch(test) [2350/6019]    eta: 2:39:47  time: 2.2860  data_time: 0.0299  memory: 2218  
2024/12/07 12:21:29 - mmengine - INFO - Epoch(test) [2400/6019]    eta: 2:37:27  time: 2.4838  data_time: 0.0304  memory: 2221  
2024/12/07 12:23:39 - mmengine - INFO - Epoch(test) [2450/6019]    eta: 2:35:16  time: 2.6054  data_time: 0.0298  memory: 2227  
2024/12/07 12:25:47 - mmengine - INFO - Epoch(test) [2500/6019]    eta: 2:33:03  time: 2.5719  data_time: 0.0298  memory: 2224  
2024/12/07 12:27:51 - mmengine - INFO - Epoch(test) [2550/6019]    eta: 2:30:42  time: 2.4624  data_time: 0.0314  memory: 2222  
2024/12/07 12:29:50 - mmengine - INFO - Epoch(test) [2600/6019]    eta: 2:28:18  time: 2.3876  data_time: 0.0303  memory: 2222  
2024/12/07 12:31:57 - mmengine - INFO - Epoch(test) [2650/6019]    eta: 2:26:04  time: 2.5420  data_time: 0.0293  memory: 2223  
2024/12/07 12:34:04 - mmengine - INFO - Epoch(test) [2700/6019]    eta: 2:23:49  time: 2.5343  data_time: 0.0293  memory: 2223  
2024/12/07 12:36:07 - mmengine - INFO - Epoch(test) [2750/6019]    eta: 2:21:32  time: 2.4691  data_time: 0.0296  memory: 2222  
2024/12/07 12:38:13 - mmengine - INFO - Epoch(test) [2800/6019]    eta: 2:19:17  time: 2.5195  data_time: 0.0289  memory: 2222  
2024/12/07 12:40:10 - mmengine - INFO - Epoch(test) [2850/6019]    eta: 2:16:52  time: 2.3241  data_time: 0.0296  memory: 2220  
2024/12/07 12:42:07 - mmengine - INFO - Epoch(test) [2900/6019]    eta: 2:14:29  time: 2.3451  data_time: 0.0286  memory: 2221  
2024/12/07 12:44:04 - mmengine - INFO - Epoch(test) [2950/6019]    eta: 2:12:07  time: 2.3439  data_time: 0.0282  memory: 2223  
2024/12/07 12:46:07 - mmengine - INFO - Epoch(test) [3000/6019]    eta: 2:09:52  time: 2.4526  data_time: 0.0300  memory: 2225  
2024/12/07 12:48:11 - mmengine - INFO - Epoch(test) [3050/6019]    eta: 2:07:38  time: 2.4877  data_time: 0.0292  memory: 2226  
2024/12/07 12:50:01 - mmengine - INFO - Epoch(test) [3100/6019]    eta: 2:05:12  time: 2.2069  data_time: 0.0285  memory: 2217  
2024/12/07 12:51:47 - mmengine - INFO - Epoch(test) [3150/6019]    eta: 2:02:42  time: 2.1111  data_time: 0.0279  memory: 2212  
2024/12/07 12:53:43 - mmengine - INFO - Epoch(test) [3200/6019]    eta: 2:00:23  time: 2.3179  data_time: 0.0288  memory: 2217  
2024/12/07 12:55:38 - mmengine - INFO - Epoch(test) [3250/6019]    eta: 1:58:03  time: 2.3002  data_time: 0.0286  memory: 2217  
2024/12/07 12:57:46 - mmengine - INFO - Epoch(test) [3300/6019]    eta: 1:55:55  time: 2.5570  data_time: 0.0298  memory: 2224  
2024/12/07 12:59:51 - mmengine - INFO - Epoch(test) [3350/6019]    eta: 1:53:45  time: 2.4987  data_time: 0.0308  memory: 2222  
2024/12/07 13:01:55 - mmengine - INFO - Epoch(test) [3400/6019]    eta: 1:51:34  time: 2.4812  data_time: 0.0289  memory: 2223  
2024/12/07 13:03:59 - mmengine - INFO - Epoch(test) [3450/6019]    eta: 1:49:23  time: 2.4765  data_time: 0.0297  memory: 2222  
2024/12/07 13:06:02 - mmengine - INFO - Epoch(test) [3500/6019]    eta: 1:47:13  time: 2.4718  data_time: 0.0290  memory: 2223  
2024/12/07 13:08:02 - mmengine - INFO - Epoch(test) [3550/6019]    eta: 1:45:00  time: 2.4045  data_time: 0.0288  memory: 2221  
2024/12/07 13:10:03 - mmengine - INFO - Epoch(test) [3600/6019]    eta: 1:42:48  time: 2.4172  data_time: 0.0299  memory: 2221  
2024/12/07 13:12:08 - mmengine - INFO - Epoch(test) [3650/6019]    eta: 1:40:38  time: 2.4886  data_time: 0.0303  memory: 2221  
2024/12/07 13:14:06 - mmengine - INFO - Epoch(test) [3700/6019]    eta: 1:38:25  time: 2.3624  data_time: 0.0328  memory: 2219  
2024/12/07 13:16:13 - mmengine - INFO - Epoch(test) [3750/6019]    eta: 1:36:18  time: 2.5480  data_time: 0.0291  memory: 2223  
2024/12/07 13:18:31 - mmengine - INFO - Epoch(test) [3800/6019]    eta: 1:34:17  time: 2.7604  data_time: 0.0312  memory: 2224  
2024/12/07 13:20:41 - mmengine - INFO - Epoch(test) [3850/6019]    eta: 1:32:11  time: 2.6010  data_time: 0.0300  memory: 2223  
2024/12/07 13:23:00 - mmengine - INFO - Epoch(test) [3900/6019]    eta: 1:30:09  time: 2.7705  data_time: 0.0308  memory: 2223  
2024/12/07 13:25:18 - mmengine - INFO - Epoch(test) [3950/6019]    eta: 1:28:07  time: 2.7555  data_time: 0.0294  memory: 2225  
2024/12/07 13:27:37 - mmengine - INFO - Epoch(test) [4000/6019]    eta: 1:26:05  time: 2.7899  data_time: 0.0304  memory: 2225  
2024/12/07 13:29:35 - mmengine - INFO - Epoch(test) [4050/6019]    eta: 1:23:52  time: 2.3580  data_time: 0.0307  memory: 2221  
2024/12/07 13:31:37 - mmengine - INFO - Epoch(test) [4100/6019]    eta: 1:21:41  time: 2.4283  data_time: 0.0291  memory: 2221  
2024/12/07 13:33:41 - mmengine - INFO - Epoch(test) [4150/6019]    eta: 1:19:32  time: 2.4799  data_time: 0.0295  memory: 2225  
2024/12/07 13:35:51 - mmengine - INFO - Epoch(test) [4200/6019]    eta: 1:17:25  time: 2.6046  data_time: 0.0302  memory: 2223  
2024/12/07 13:37:46 - mmengine - INFO - Epoch(test) [4250/6019]    eta: 1:15:13  time: 2.3119  data_time: 0.0282  memory: 2222  
2024/12/07 13:39:40 - mmengine - INFO - Epoch(test) [4300/6019]    eta: 1:13:00  time: 2.2774  data_time: 0.0287  memory: 2217  
2024/12/07 13:41:36 - mmengine - INFO - Epoch(test) [4350/6019]    eta: 1:10:48  time: 2.3133  data_time: 0.0286  memory: 2218  
2024/12/07 13:43:36 - mmengine - INFO - Epoch(test) [4400/6019]    eta: 1:08:38  time: 2.4082  data_time: 0.0294  memory: 2219  
2024/12/07 13:45:38 - mmengine - INFO - Epoch(test) [4450/6019]    eta: 1:06:29  time: 2.4413  data_time: 0.0303  memory: 2221  
2024/12/07 13:47:48 - mmengine - INFO - Epoch(test) [4500/6019]    eta: 1:04:23  time: 2.5903  data_time: 0.0294  memory: 2224  
2024/12/07 13:49:59 - mmengine - INFO - Epoch(test) [4550/6019]    eta: 1:02:17  time: 2.6217  data_time: 0.0295  memory: 2223  
2024/12/07 13:52:15 - mmengine - INFO - Epoch(test) [4600/6019]    eta: 1:00:12  time: 2.7123  data_time: 0.0299  memory: 2228  
2024/12/07 13:54:34 - mmengine - INFO - Epoch(test) [4650/6019]    eta: 0:58:08  time: 2.7777  data_time: 0.0295  memory: 2225  
2024/12/07 13:56:48 - mmengine - INFO - Epoch(test) [4700/6019]    eta: 0:56:03  time: 2.6788  data_time: 0.0289  memory: 2222  
2024/12/07 13:59:00 - mmengine - INFO - Epoch(test) [4750/6019]    eta: 0:53:56  time: 2.6399  data_time: 0.0293  memory: 2222  
2024/12/07 14:01:14 - mmengine - INFO - Epoch(test) [4800/6019]    eta: 0:51:51  time: 2.6930  data_time: 0.0289  memory: 2225  
2024/12/07 14:03:27 - mmengine - INFO - Epoch(test) [4850/6019]    eta: 0:49:44  time: 2.6617  data_time: 0.0301  memory: 2225  
2024/12/07 14:05:39 - mmengine - INFO - Epoch(test) [4900/6019]    eta: 0:47:37  time: 2.6226  data_time: 0.0290  memory: 2222  
2024/12/07 14:07:49 - mmengine - INFO - Epoch(test) [4950/6019]    eta: 0:45:30  time: 2.6153  data_time: 0.0296  memory: 2225  
2024/12/07 14:10:03 - mmengine - INFO - Epoch(test) [5000/6019]    eta: 0:43:24  time: 2.6731  data_time: 0.0306  memory: 2223  
2024/12/07 14:12:14 - mmengine - INFO - Epoch(test) [5050/6019]    eta: 0:41:17  time: 2.6175  data_time: 0.0309  memory: 2223  
2024/12/07 14:14:25 - mmengine - INFO - Epoch(test) [5100/6019]    eta: 0:39:09  time: 2.6171  data_time: 0.0298  memory: 2224  
2024/12/07 14:16:36 - mmengine - INFO - Epoch(test) [5150/6019]    eta: 0:37:02  time: 2.6229  data_time: 0.0291  memory: 2221  
2024/12/07 14:18:42 - mmengine - INFO - Epoch(test) [5200/6019]    eta: 0:34:54  time: 2.5305  data_time: 0.0301  memory: 2223  
2024/12/07 14:20:54 - mmengine - INFO - Epoch(test) [5250/6019]    eta: 0:32:47  time: 2.6283  data_time: 0.0304  memory: 2223  
2024/12/07 14:23:00 - mmengine - INFO - Epoch(test) [5300/6019]    eta: 0:30:38  time: 2.5136  data_time: 0.0294  memory: 2221  
2024/12/07 14:25:09 - mmengine - INFO - Epoch(test) [5350/6019]    eta: 0:28:31  time: 2.5931  data_time: 0.0296  memory: 2222  
2024/12/07 14:27:24 - mmengine - INFO - Epoch(test) [5400/6019]    eta: 0:26:24  time: 2.7042  data_time: 0.0296  memory: 2225  
2024/12/07 14:29:37 - mmengine - INFO - Epoch(test) [5450/6019]    eta: 0:24:16  time: 2.6523  data_time: 0.0302  memory: 2224  
2024/12/07 14:31:53 - mmengine - INFO - Epoch(test) [5500/6019]    eta: 0:22:09  time: 2.7153  data_time: 0.0303  memory: 2226  
2024/12/07 14:34:09 - mmengine - INFO - Epoch(test) [5550/6019]    eta: 0:20:02  time: 2.7220  data_time: 0.0296  memory: 2225  
2024/12/07 14:36:25 - mmengine - INFO - Epoch(test) [5600/6019]    eta: 0:17:54  time: 2.7187  data_time: 0.0319  memory: 2225  
2024/12/07 14:38:39 - mmengine - INFO - Epoch(test) [5650/6019]    eta: 0:15:46  time: 2.6831  data_time: 0.0289  memory: 2225  
2024/12/07 14:40:59 - mmengine - INFO - Epoch(test) [5700/6019]    eta: 0:13:39  time: 2.7964  data_time: 0.0307  memory: 2225  
2024/12/07 14:43:16 - mmengine - INFO - Epoch(test) [5750/6019]    eta: 0:11:31  time: 2.7499  data_time: 0.0295  memory: 2225  
2024/12/07 14:45:28 - mmengine - INFO - Epoch(test) [5800/6019]    eta: 0:09:22  time: 2.6222  data_time: 0.0302  memory: 2224  
2024/12/07 14:47:41 - mmengine - INFO - Epoch(test) [5850/6019]    eta: 0:07:14  time: 2.6709  data_time: 0.0289  memory: 2224  
2024/12/07 14:49:59 - mmengine - INFO - Epoch(test) [5900/6019]    eta: 0:05:06  time: 2.7662  data_time: 0.0301  memory: 2224  
2024/12/07 14:52:16 - mmengine - INFO - Epoch(test) [5950/6019]    eta: 0:02:57  time: 2.7293  data_time: 0.0296  memory: 2224  
2024/12/07 14:54:26 - mmengine - INFO - Epoch(test) [6000/6019]    eta: 0:00:48  time: 2.6027  data_time: 0.0300  memory: 2224  
2024/12/07 15:32:06 - mmengine - INFO - Epoch(test) [6019/6019]    NuScenes metric/pred_instances_3d_NuScenes/car_AP_dist_0.5: 0.7983 NuScenes metric/pred_instances_3d_NuScenes/car_AP_dist_1.0: 0.8899 NuScenes metric/pred_instances_3d_NuScenes/car_AP_dist_2.0: 0.9176 NuScenes metric/pred_instances_3d_NuScenes/car_AP_dist_4.0: 0.9316 NuScenes metric/pred_instances_3d_NuScenes/car_trans_err: 0.1682 NuScenes metric/pred_instances_3d_NuScenes/car_scale_err: 0.1505 NuScenes metric/pred_instances_3d_NuScenes/car_orient_err: 0.0780 NuScenes metric/pred_instances_3d_NuScenes/car_vel_err: 0.2629 NuScenes metric/pred_instances_3d_NuScenes/car_attr_err: 0.1881 NuScenes metric/pred_instances_3d_NuScenes/mATE: 0.2758 NuScenes metric/pred_instances_3d_NuScenes/mASE: 0.2529 NuScenes metric/pred_instances_3d_NuScenes/mAOE: 0.3092 NuScenes metric/pred_instances_3d_NuScenes/mAVE: 0.2595 NuScenes metric/pred_instances_3d_NuScenes/mAAE: 0.1874 NuScenes metric/pred_instances_3d_NuScenes/truck_AP_dist_0.5: 0.4441 NuScenes metric/pred_instances_3d_NuScenes/truck_AP_dist_1.0: 0.6149 NuScenes metric/pred_instances_3d_NuScenes/truck_AP_dist_2.0: 0.7023 NuScenes metric/pred_instances_3d_NuScenes/truck_AP_dist_4.0: 0.7381 NuScenes metric/pred_instances_3d_NuScenes/truck_trans_err: 0.3175 NuScenes metric/pred_instances_3d_NuScenes/truck_scale_err: 0.1802 NuScenes metric/pred_instances_3d_NuScenes/truck_orient_err: 0.0897 NuScenes metric/pred_instances_3d_NuScenes/truck_vel_err: 0.2499 NuScenes metric/pred_instances_3d_NuScenes/truck_attr_err: 0.2303 NuScenes metric/pred_instances_3d_NuScenes/construction_vehicle_AP_dist_0.5: 0.0368 NuScenes metric/pred_instances_3d_NuScenes/construction_vehicle_AP_dist_1.0: 0.1982 NuScenes metric/pred_instances_3d_NuScenes/construction_vehicle_AP_dist_2.0: 0.3582 NuScenes metric/pred_instances_3d_NuScenes/construction_vehicle_AP_dist_4.0: 0.4722 NuScenes metric/pred_instances_3d_NuScenes/construction_vehicle_trans_err: 0.6729 NuScenes metric/pred_instances_3d_NuScenes/construction_vehicle_scale_err: 0.4475 NuScenes metric/pred_instances_3d_NuScenes/construction_vehicle_orient_err: 0.8690 NuScenes metric/pred_instances_3d_NuScenes/construction_vehicle_vel_err: 0.1234 NuScenes metric/pred_instances_3d_NuScenes/construction_vehicle_attr_err: 0.3057 NuScenes metric/pred_instances_3d_NuScenes/bus_AP_dist_0.5: 0.4928 NuScenes metric/pred_instances_3d_NuScenes/bus_AP_dist_1.0: 0.7743 NuScenes metric/pred_instances_3d_NuScenes/bus_AP_dist_2.0: 0.8799 NuScenes metric/pred_instances_3d_NuScenes/bus_AP_dist_4.0: 0.9008 NuScenes metric/pred_instances_3d_NuScenes/bus_trans_err: 0.3174 NuScenes metric/pred_instances_3d_NuScenes/bus_scale_err: 0.1771 NuScenes metric/pred_instances_3d_NuScenes/bus_orient_err: 0.0442 NuScenes metric/pred_instances_3d_NuScenes/bus_vel_err: 0.4402 NuScenes metric/pred_instances_3d_NuScenes/bus_attr_err: 0.2474 NuScenes metric/pred_instances_3d_NuScenes/trailer_AP_dist_0.5: 0.1361 NuScenes metric/pred_instances_3d_NuScenes/trailer_AP_dist_1.0: 0.4004 NuScenes metric/pred_instances_3d_NuScenes/trailer_AP_dist_2.0: 0.5697 NuScenes metric/pred_instances_3d_NuScenes/trailer_AP_dist_4.0: 0.6695 NuScenes metric/pred_instances_3d_NuScenes/trailer_trans_err: 0.5076 NuScenes metric/pred_instances_3d_NuScenes/trailer_scale_err: 0.2055 NuScenes metric/pred_instances_3d_NuScenes/trailer_orient_err: 0.6926 NuScenes metric/pred_instances_3d_NuScenes/trailer_vel_err: 0.1936 NuScenes metric/pred_instances_3d_NuScenes/trailer_attr_err: 0.1734 NuScenes metric/pred_instances_3d_NuScenes/barrier_AP_dist_0.5: 0.6149 NuScenes metric/pred_instances_3d_NuScenes/barrier_AP_dist_1.0: 0.7042 NuScenes metric/pred_instances_3d_NuScenes/barrier_AP_dist_2.0: 0.7384 NuScenes metric/pred_instances_3d_NuScenes/barrier_AP_dist_4.0: 0.7506 NuScenes metric/pred_instances_3d_NuScenes/barrier_trans_err: 0.1799 NuScenes metric/pred_instances_3d_NuScenes/barrier_scale_err: 0.2773 NuScenes metric/pred_instances_3d_NuScenes/barrier_orient_err: 0.0575 NuScenes metric/pred_instances_3d_NuScenes/motorcycle_AP_dist_0.5: 0.6172 NuScenes metric/pred_instances_3d_NuScenes/motorcycle_AP_dist_1.0: 0.7320 NuScenes metric/pred_instances_3d_NuScenes/motorcycle_AP_dist_2.0: 0.7461 NuScenes metric/pred_instances_3d_NuScenes/motorcycle_AP_dist_4.0: 0.7583 NuScenes metric/pred_instances_3d_NuScenes/motorcycle_trans_err: 0.1913 NuScenes metric/pred_instances_3d_NuScenes/motorcycle_scale_err: 0.2304 NuScenes metric/pred_instances_3d_NuScenes/motorcycle_orient_err: 0.2161 NuScenes metric/pred_instances_3d_NuScenes/motorcycle_vel_err: 0.3789 NuScenes metric/pred_instances_3d_NuScenes/motorcycle_attr_err: 0.2523 NuScenes metric/pred_instances_3d_NuScenes/bicycle_AP_dist_0.5: 0.5272 NuScenes metric/pred_instances_3d_NuScenes/bicycle_AP_dist_1.0: 0.5517 NuScenes metric/pred_instances_3d_NuScenes/bicycle_AP_dist_2.0: 0.5528 NuScenes metric/pred_instances_3d_NuScenes/bicycle_AP_dist_4.0: 0.5578 NuScenes metric/pred_instances_3d_NuScenes/bicycle_trans_err: 0.1508 NuScenes metric/pred_instances_3d_NuScenes/bicycle_scale_err: 0.2625 NuScenes metric/pred_instances_3d_NuScenes/bicycle_orient_err: 0.3712 NuScenes metric/pred_instances_3d_NuScenes/bicycle_vel_err: 0.2095 NuScenes metric/pred_instances_3d_NuScenes/bicycle_attr_err: 0.0086 NuScenes metric/pred_instances_3d_NuScenes/pedestrian_AP_dist_0.5: 0.8551 NuScenes metric/pred_instances_3d_NuScenes/pedestrian_AP_dist_1.0: 0.8673 NuScenes metric/pred_instances_3d_NuScenes/pedestrian_AP_dist_2.0: 0.8780 NuScenes metric/pred_instances_3d_NuScenes/pedestrian_AP_dist_4.0: 0.8901 NuScenes metric/pred_instances_3d_NuScenes/pedestrian_trans_err: 0.1297 NuScenes metric/pred_instances_3d_NuScenes/pedestrian_scale_err: 0.2853 NuScenes metric/pred_instances_3d_NuScenes/pedestrian_orient_err: 0.3643 NuScenes metric/pred_instances_3d_NuScenes/pedestrian_vel_err: 0.2175 NuScenes metric/pred_instances_3d_NuScenes/pedestrian_attr_err: 0.0934 NuScenes metric/pred_instances_3d_NuScenes/traffic_cone_AP_dist_0.5: 0.7162 NuScenes metric/pred_instances_3d_NuScenes/traffic_cone_AP_dist_1.0: 0.7264 NuScenes metric/pred_instances_3d_NuScenes/traffic_cone_AP_dist_2.0: 0.7441 NuScenes metric/pred_instances_3d_NuScenes/traffic_cone_AP_dist_4.0: 0.7727 NuScenes metric/pred_instances_3d_NuScenes/traffic_cone_trans_err: 0.1223 NuScenes metric/pred_instances_3d_NuScenes/traffic_cone_scale_err: 0.3125  NuScenes metric/pred_instances_3d_NuScenes/traffic_cone_orient_err: nan  NuScenes metric/pred_instances_3d_NuScenes/traffic_cone_vel_err: nan  NuScenes metric/pred_instances_3d_NuScenes/traffic_cone_attr_err: nan  NuScenes metric/pred_instances_3d_NuScenes/NDS: 0.6953  NuScenes metric/pred_instances_3d_NuScenes/mAP: 0.6556  data_time: 0.0306  time: 2.5736
