2024/12/04 18:41:36 - mmengine - INFO - 
------------------------------------------------------------
System environment:
    sys.platform: linux
    Python: 3.8.10 (default, Jul 29 2024, 17:02:10) [GCC 9.4.0]
    CUDA available: True
    MUSA available: False
    numpy_random_seed: 1093519944
    GPU 0: Xavier
    CUDA_HOME: /usr/local/cuda-11.4
    NVCC: Cuda compilation tools, release 11.4, V11.4.315
    GCC: aarch64-linux-gnu-gcc (Ubuntu 9.4.0-1ubuntu1~20.04.2) 9.4.0
    PyTorch: 1.11.0
    PyTorch compiling details: PyTorch built with:
  - GCC 9.4
  - C++ Version: 201402
  - OpenMP 201511 (a.k.a. OpenMP 4.5)
  - LAPACK is enabled (usually provided by MKL)
  - NNPACK is enabled
  - CPU capability usage: NO AVX
  - CUDA Runtime 11.4
  - NVCC architecture flags: -gencode;arch=compute_72,code=sm_72;-gencode;arch=compute_87,code=sm_87
  - CuDNN 8.6
    - Built with CuDNN 8.3.2
  - Build settings: BLAS_INFO=open, BUILD_TYPE=Release, CUDA_VERSION=11.4, CUDNN_VERSION=8.3.2, CXX_COMPILER=/usr/bin/c++, CXX_FLAGS= -Wno-deprecated -fvisibility-inlines-hidden -DUSE_PTHREADPOOL -fopenmp -DNDEBUG -DUSE_KINETO -DLIBKINETO_NOCUPTI -DUSE_XNNPACK -DSYMBOLICATE_MOBILE_DEBUG_HANDLE -DEDGE_PROFILER_USE_KINETO -O2 -fPIC -Wno-narrowing -Wall -Wextra -Werror=return-type -Wno-missing-field-initializers -Wno-type-limits -Wno-array-bounds -Wno-unknown-pragmas -Wno-sign-compare -Wno-unused-parameter -Wno-unused-function -Wno-unused-result -Wno-unused-local-typedefs -Wno-strict-overflow -Wno-strict-aliasing -Wno-error=deprecated-declarations -Wno-stringop-overflow -Wno-psabi -Wno-error=pedantic -Wno-error=redundant-decls -Wno-error=old-style-cast -fdiagnostics-color=always -faligned-new -Wno-unused-but-set-variable -Wno-maybe-uninitialized -fno-math-errno -fno-trapping-math -Werror=format -Werror=cast-function-type -Wno-stringop-overflow, FORCE_FALLBACK_CUDA_MPI=1, LAPACK_INFO=open, TORCH_VERSION=1.11.0, USE_CUDA=ON, USE_CUDNN=ON, USE_EIGEN_FOR_BLAS=ON, USE_EXCEPTION_PTR=1, USE_GFLAGS=OFF, USE_GLOG=OFF, USE_MKL=OFF, USE_MKLDNN=OFF, USE_MPI=ON, USE_NCCL=0, USE_NNPACK=ON, USE_OPENMP=ON, USE_ROCM=OFF, 

    TorchVision: 0.12.0
    OpenCV: 4.10.0
    MMEngine: 0.10.5

Runtime environment:
    cudnn_benchmark: False
    mp_cfg: {'mp_start_method': 'fork', 'opencv_num_threads': 0}
    dist_cfg: {'backend': 'nccl'}
    seed: 1093519944
    Distributed launcher: none
    Distributed training: False
    GPU number: 1
------------------------------------------------------------

2024/12/04 18:41:38 - mmengine - INFO - Config:
auto_scale_lr = dict(base_batch_size=32, enable=False)
backend_args = None
class_names = [
    'car',
    'truck',
    'construction_vehicle',
    'bus',
    'trailer',
    'barrier',
    'motorcycle',
    'bicycle',
    'pedestrian',
    'traffic_cone',
]
custom_imports = dict(
    allow_failed_imports=False, imports=[
        'projects.BEVFusion.bevfusion',
    ])
data_prefix = dict(
    CAM_BACK='samples/CAM_BACK',
    CAM_BACK_LEFT='samples/CAM_BACK_LEFT',
    CAM_BACK_RIGHT='samples/CAM_BACK_RIGHT',
    CAM_FRONT='samples/CAM_FRONT',
    CAM_FRONT_LEFT='samples/CAM_FRONT_LEFT',
    CAM_FRONT_RIGHT='samples/CAM_FRONT_RIGHT',
    pts='samples/LIDAR_TOP',
    sweeps='sweeps/LIDAR_TOP')
data_root = '/media/xavier02/Sparkles1/nuscenes/'
dataset_type = 'NuScenesDataset'
db_sampler = dict(
    classes=[
        'car',
        'truck',
        'construction_vehicle',
        'bus',
        'trailer',
        'barrier',
        'motorcycle',
        'bicycle',
        'pedestrian',
        'traffic_cone',
    ],
    data_root='/media/xavier02/Sparkles1/nuscenes/',
    info_path='/media/xavier02/Sparkles1/nuscenes/nuscenes_dbinfos_train.pkl',
    points_loader=dict(
        backend_args=None,
        coord_type='LIDAR',
        load_dim=5,
        type='LoadPointsFromFile',
        use_dim=[
            0,
            1,
            2,
            3,
            4,
        ]),
    prepare=dict(
        filter_by_difficulty=[
            -1,
        ],
        filter_by_min_points=dict(
            barrier=5,
            bicycle=5,
            bus=5,
            car=5,
            construction_vehicle=5,
            motorcycle=5,
            pedestrian=5,
            traffic_cone=5,
            trailer=5,
            truck=5)),
    rate=1.0,
    sample_groups=dict(
        barrier=2,
        bicycle=6,
        bus=4,
        car=2,
        construction_vehicle=7,
        motorcycle=6,
        pedestrian=2,
        traffic_cone=2,
        trailer=6,
        truck=3))
default_hooks = dict(
    checkpoint=dict(interval=1, type='CheckpointHook'),
    logger=dict(interval=50, type='LoggerHook'),
    param_scheduler=dict(type='ParamSchedulerHook'),
    sampler_seed=dict(type='DistSamplerSeedHook'),
    timer=dict(type='IterTimerHook'),
    visualization=dict(type='Det3DVisualizationHook'))
default_scope = 'mmdet3d'
env_cfg = dict(
    cudnn_benchmark=False,
    dist_cfg=dict(backend='nccl'),
    mp_cfg=dict(mp_start_method='fork', opencv_num_threads=0))
input_modality = dict(use_camera=True, use_lidar=True)
launcher = 'none'
load_from = '/media/xavier02/xavier_ssd_500/mmdetection3d_source/mmdetection3d-main/projects/BEVFusion/configs/Cam_Lidar_wResnet18_checkpoint.pth'
log_level = 'INFO'
log_processor = dict(by_epoch=True, type='LogProcessor', window_size=50)
lr = 0.0001
metainfo = dict(classes=[
    'car',
    'truck',
    'construction_vehicle',
    'bus',
    'trailer',
    'barrier',
    'motorcycle',
    'bicycle',
    'pedestrian',
    'traffic_cone',
])
model = dict(
    bbox_head=dict(
        auxiliary=True,
        bbox_coder=dict(
            code_size=10,
            out_size_factor=8,
            pc_range=[
                -54.0,
                -54.0,
            ],
            post_center_range=[
                -61.2,
                -61.2,
                -10.0,
                61.2,
                61.2,
                10.0,
            ],
            score_threshold=0.0,
            type='TransFusionBBoxCoder',
            voxel_size=[
                0.075,
                0.075,
            ]),
        bn_momentum=0.1,
        common_heads=dict(
            center=[
                2,
                2,
            ],
            dim=[
                3,
                2,
            ],
            height=[
                1,
                2,
            ],
            rot=[
                2,
                2,
            ],
            vel=[
                2,
                2,
            ]),
        decoder_layer=dict(
            cross_attn_cfg=dict(dropout=0.1, embed_dims=128, num_heads=8),
            ffn_cfg=dict(
                act_cfg=dict(inplace=True, type='ReLU'),
                embed_dims=128,
                feedforward_channels=256,
                ffn_drop=0.1,
                num_fcs=2),
            norm_cfg=dict(type='LN'),
            pos_encoding_cfg=dict(input_channel=2, num_pos_feats=128),
            self_attn_cfg=dict(dropout=0.1, embed_dims=128, num_heads=8),
            type='TransformerDecoderLayer'),
        hidden_channel=128,
        in_channels=512,
        loss_bbox=dict(
            loss_weight=0.25, reduction='mean', type='mmdet.L1Loss'),
        loss_cls=dict(
            alpha=0.25,
            gamma=2.0,
            loss_weight=1.0,
            reduction='mean',
            type='mmdet.FocalLoss',
            use_sigmoid=True),
        loss_heatmap=dict(
            loss_weight=1.0, reduction='mean', type='mmdet.GaussianFocalLoss'),
        nms_kernel_size=3,
        num_classes=10,
        num_decoder_layers=1,
        num_proposals=200,
        test_cfg=dict(
            dataset='nuScenes',
            grid_size=[
                1440,
                1440,
                41,
            ],
            nms_type=None,
            out_size_factor=8,
            pc_range=[
                -54.0,
                -54.0,
            ],
            voxel_size=[
                0.075,
                0.075,
            ]),
        train_cfg=dict(
            assigner=dict(
                cls_cost=dict(
                    alpha=0.25,
                    gamma=2.0,
                    type='mmdet.FocalLossCost',
                    weight=0.15),
                iou_calculator=dict(coordinate='lidar', type='BboxOverlaps3D'),
                iou_cost=dict(type='IoU3DCost', weight=0.25),
                reg_cost=dict(type='BBoxBEVL1Cost', weight=0.25),
                type='HungarianAssigner3D'),
            code_weights=[
                1.0,
                1.0,
                1.0,
                1.0,
                1.0,
                1.0,
                1.0,
                1.0,
                0.2,
                0.2,
            ],
            dataset='nuScenes',
            gaussian_overlap=0.1,
            grid_size=[
                1440,
                1440,
                41,
            ],
            min_radius=2,
            out_size_factor=8,
            point_cloud_range=[
                -54.0,
                -54.0,
                -5.0,
                54.0,
                54.0,
                3.0,
            ],
            pos_weight=-1,
            voxel_size=[
                0.075,
                0.075,
                0.2,
            ]),
        type='TransFusionHead'),
    data_preprocessor=dict(
        bgr_to_rgb=False,
        mean=[
            123.675,
            116.28,
            103.53,
        ],
        pad_size_divisor=32,
        std=[
            58.395,
            57.12,
            57.375,
        ],
        type='Det3DDataPreprocessor',
        voxelize_cfg=dict(
            max_num_points=10,
            max_voxels=[
                120000,
                160000,
            ],
            point_cloud_range=[
                -54.0,
                -54.0,
                -5.0,
                54.0,
                54.0,
                3.0,
            ],
            voxel_size=[
                0.075,
                0.075,
                0.2,
            ],
            voxelize_reduce=True)),
    fusion_layer=dict(
        in_channels=[
            80,
            256,
        ], out_channels=256, type='ConvFuser'),
    img_backbone=dict(
        depth=18,
        frozen_stages=1,
        init_cfg=dict(
            checkpoint=
            '/media/xavier02/xavier_ssd_500/mmdetection3d_source/mmdetection3d-main/projects/BEVFusion/configs/resnet18.pth',
            type='Pretrained'),
        norm_cfg=dict(requires_grad=True, type='BN'),
        norm_eval=True,
        num_stages=4,
        out_indices=(
            0,
            1,
            2,
            3,
        ),
        style='pytorch',
        type='mmdet.ResNet'),
    img_neck=dict(
        act_cfg=dict(inplace=True, type='ReLU'),
        in_channels=[
            64,
            128,
            256,
            512,
        ],
        norm_cfg=dict(requires_grad=True, type='BN2d'),
        num_outs=3,
        out_channels=256,
        start_level=0,
        type='GeneralizedLSSFPN_2',
        upsample_cfg=dict(align_corners=False, mode='bilinear')),
    pts_backbone=dict(
        conv_cfg=dict(bias=False, type='Conv2d'),
        in_channels=256,
        layer_nums=[
            5,
            5,
        ],
        layer_strides=[
            1,
            2,
        ],
        norm_cfg=dict(eps=0.001, momentum=0.01, type='BN'),
        out_channels=[
            128,
            256,
        ],
        type='SECOND'),
    pts_middle_encoder=dict(
        block_type='basicblock',
        encoder_channels=(
            (
                16,
                16,
                32,
            ),
            (
                32,
                32,
                64,
            ),
            (
                64,
                64,
                128,
            ),
            (
                128,
                128,
            ),
        ),
        encoder_paddings=(
            (
                0,
                0,
                1,
            ),
            (
                0,
                0,
                1,
            ),
            (
                0,
                0,
                (
                    1,
                    1,
                    0,
                ),
            ),
            (
                0,
                0,
            ),
        ),
        in_channels=5,
        norm_cfg=dict(eps=0.001, momentum=0.01, type='BN1d'),
        order=(
            'conv',
            'norm',
            'act',
        ),
        sparse_shape=[
            1440,
            1440,
            41,
        ],
        type='BEVFusionSparseEncoder'),
    pts_neck=dict(
        in_channels=[
            128,
            256,
        ],
        norm_cfg=dict(eps=0.001, momentum=0.01, type='BN'),
        out_channels=[
            256,
            256,
        ],
        type='SECONDFPN',
        upsample_cfg=dict(bias=False, type='deconv'),
        upsample_strides=[
            1,
            2,
        ],
        use_conv_for_no_stride=True),
    pts_voxel_encoder=dict(num_features=5, type='HardSimpleVFE'),
    type='BEVFusion',
    view_transform=dict(
        dbound=[
            1.0,
            60.0,
            0.5,
        ],
        downsample=2,
        feature_size=[
            32,
            88,
        ],
        image_size=[
            256,
            704,
        ],
        in_channels=256,
        out_channels=80,
        type='DepthLSSTransform',
        xbound=[
            -54.0,
            54.0,
            0.3,
        ],
        ybound=[
            -54.0,
            54.0,
            0.3,
        ],
        zbound=[
            -10.0,
            10.0,
            20.0,
        ]))
optim_wrapper = dict(
    clip_grad=dict(max_norm=35, norm_type=2),
    optimizer=dict(lr=0.0002, type='AdamW', weight_decay=0.01),
    type='OptimWrapper')
param_scheduler = [
    dict(
        begin=0,
        by_epoch=False,
        end=500,
        start_factor=0.33333333,
        type='LinearLR'),
    dict(
        T_max=6,
        begin=0,
        by_epoch=True,
        convert_to_iter_based=True,
        end=6,
        eta_min_ratio=0.0001,
        type='CosineAnnealingLR'),
    dict(
        begin=0,
        by_epoch=True,
        convert_to_iter_based=True,
        end=2.4,
        eta_min=0.8947368421052632,
        type='CosineAnnealingMomentum'),
    dict(
        begin=2.4,
        by_epoch=True,
        convert_to_iter_based=True,
        end=6,
        eta_min=1,
        type='CosineAnnealingMomentum'),
]
point_cloud_range = [
    -54.0,
    -54.0,
    -5.0,
    54.0,
    54.0,
    3.0,
]
resume = False
test_cfg = dict()
test_dataloader = dict(
    batch_size=1,
    dataset=dict(
        ann_file='nuscenes_infos_val.pkl',
        backend_args=None,
        box_type_3d='LiDAR',
        data_prefix=dict(
            CAM_BACK='samples/CAM_BACK',
            CAM_BACK_LEFT='samples/CAM_BACK_LEFT',
            CAM_BACK_RIGHT='samples/CAM_BACK_RIGHT',
            CAM_FRONT='samples/CAM_FRONT',
            CAM_FRONT_LEFT='samples/CAM_FRONT_LEFT',
            CAM_FRONT_RIGHT='samples/CAM_FRONT_RIGHT',
            pts='samples/LIDAR_TOP',
            sweeps='sweeps/LIDAR_TOP'),
        data_root='/media/xavier02/Sparkles1/nuscenes/',
        metainfo=dict(classes=[
            'car',
            'truck',
            'construction_vehicle',
            'bus',
            'trailer',
            'barrier',
            'motorcycle',
            'bicycle',
            'pedestrian',
            'traffic_cone',
        ]),
        modality=dict(use_camera=True, use_lidar=True),
        pipeline=[
            dict(
                backend_args=None,
                color_type='color',
                to_float32=True,
                type='BEVLoadMultiViewImageFromFiles'),
            dict(
                backend_args=None,
                coord_type='LIDAR',
                load_dim=5,
                type='LoadPointsFromFile',
                use_dim=5),
            dict(
                backend_args=None,
                load_dim=5,
                pad_empty_sweeps=True,
                remove_close=True,
                sweeps_num=9,
                type='LoadPointsFromMultiSweeps',
                use_dim=5),
            dict(
                bot_pct_lim=[
                    0.0,
                    0.0,
                ],
                final_dim=[
                    256,
                    704,
                ],
                is_train=False,
                rand_flip=False,
                resize_lim=[
                    0.48,
                    0.48,
                ],
                rot_lim=[
                    0.0,
                    0.0,
                ],
                type='ImageAug3D'),
            dict(
                point_cloud_range=[
                    -54.0,
                    -54.0,
                    -5.0,
                    54.0,
                    54.0,
                    3.0,
                ],
                type='PointsRangeFilter'),
            dict(
                keys=[
                    'img',
                    'points',
                    'gt_bboxes_3d',
                    'gt_labels_3d',
                ],
                meta_keys=[
                    'cam2img',
                    'ori_cam2img',
                    'lidar2cam',
                    'lidar2img',
                    'cam2lidar',
                    'ori_lidar2img',
                    'img_aug_matrix',
                    'box_type_3d',
                    'sample_idx',
                    'lidar_path',
                    'img_path',
                    'num_pts_feats',
                ],
                type='Pack3DDetInputs'),
        ],
        test_mode=True,
        type='NuScenesDataset'),
    drop_last=False,
    num_workers=1,
    persistent_workers=True,
    sampler=dict(shuffle=False, type='DefaultSampler'))
test_evaluator = dict(
    ann_file='/media/xavier02/Sparkles1/nuscenes/nuscenes_infos_val.pkl',
    backend_args=None,
    data_root='/media/xavier02/Sparkles1/nuscenes/',
    metric='bbox',
    type='NuScenesMetric')
test_pipeline = [
    dict(
        backend_args=None,
        color_type='color',
        to_float32=True,
        type='BEVLoadMultiViewImageFromFiles'),
    dict(
        backend_args=None,
        coord_type='LIDAR',
        load_dim=5,
        type='LoadPointsFromFile',
        use_dim=5),
    dict(
        backend_args=None,
        load_dim=5,
        pad_empty_sweeps=True,
        remove_close=True,
        sweeps_num=9,
        type='LoadPointsFromMultiSweeps',
        use_dim=5),
    dict(
        bot_pct_lim=[
            0.0,
            0.0,
        ],
        final_dim=[
            256,
            704,
        ],
        is_train=False,
        rand_flip=False,
        resize_lim=[
            0.48,
            0.48,
        ],
        rot_lim=[
            0.0,
            0.0,
        ],
        type='ImageAug3D'),
    dict(
        point_cloud_range=[
            -54.0,
            -54.0,
            -5.0,
            54.0,
            54.0,
            3.0,
        ],
        type='PointsRangeFilter'),
    dict(
        keys=[
            'img',
            'points',
            'gt_bboxes_3d',
            'gt_labels_3d',
        ],
        meta_keys=[
            'cam2img',
            'ori_cam2img',
            'lidar2cam',
            'lidar2img',
            'cam2lidar',
            'ori_lidar2img',
            'img_aug_matrix',
            'box_type_3d',
            'sample_idx',
            'lidar_path',
            'img_path',
            'num_pts_feats',
        ],
        type='Pack3DDetInputs'),
]
train_cfg = dict(by_epoch=True, max_epochs=6, val_interval=1)
train_dataloader = dict(
    batch_size=1,
    dataset=dict(
        dataset=dict(
            ann_file='nuscenes_infos_train.pkl',
            box_type_3d='LiDAR',
            data_prefix=dict(
                CAM_BACK='samples/CAM_BACK',
                CAM_BACK_LEFT='samples/CAM_BACK_LEFT',
                CAM_BACK_RIGHT='samples/CAM_BACK_RIGHT',
                CAM_FRONT='samples/CAM_FRONT',
                CAM_FRONT_LEFT='samples/CAM_FRONT_LEFT',
                CAM_FRONT_RIGHT='samples/CAM_FRONT_RIGHT',
                pts='samples/LIDAR_TOP',
                sweeps='sweeps/LIDAR_TOP'),
            data_root='/media/xavier02/Sparkles1/nuscenes/',
            metainfo=dict(classes=[
                'car',
                'truck',
                'construction_vehicle',
                'bus',
                'trailer',
                'barrier',
                'motorcycle',
                'bicycle',
                'pedestrian',
                'traffic_cone',
            ]),
            modality=dict(use_camera=True, use_lidar=True),
            pipeline=[
                dict(
                    backend_args=None,
                    color_type='color',
                    to_float32=True,
                    type='BEVLoadMultiViewImageFromFiles'),
                dict(
                    backend_args=None,
                    coord_type='LIDAR',
                    load_dim=5,
                    type='LoadPointsFromFile',
                    use_dim=5),
                dict(
                    backend_args=None,
                    load_dim=5,
                    pad_empty_sweeps=True,
                    remove_close=True,
                    sweeps_num=9,
                    type='LoadPointsFromMultiSweeps',
                    use_dim=5),
                dict(
                    type='LoadAnnotations3D',
                    with_attr_label=False,
                    with_bbox_3d=True,
                    with_label_3d=True),
                dict(
                    bot_pct_lim=[
                        0.0,
                        0.0,
                    ],
                    final_dim=[
                        256,
                        704,
                    ],
                    is_train=True,
                    rand_flip=True,
                    resize_lim=[
                        0.38,
                        0.55,
                    ],
                    rot_lim=[
                        -5.4,
                        5.4,
                    ],
                    type='ImageAug3D'),
                dict(
                    rot_range=[
                        -0.78539816,
                        0.78539816,
                    ],
                    scale_ratio_range=[
                        0.9,
                        1.1,
                    ],
                    translation_std=0.5,
                    type='BEVFusionGlobalRotScaleTrans'),
                dict(type='BEVFusionRandomFlip3D'),
                dict(
                    point_cloud_range=[
                        -54.0,
                        -54.0,
                        -5.0,
                        54.0,
                        54.0,
                        3.0,
                    ],
                    type='PointsRangeFilter'),
                dict(
                    point_cloud_range=[
                        -54.0,
                        -54.0,
                        -5.0,
                        54.0,
                        54.0,
                        3.0,
                    ],
                    type='ObjectRangeFilter'),
                dict(
                    classes=[
                        'car',
                        'truck',
                        'construction_vehicle',
                        'bus',
                        'trailer',
                        'barrier',
                        'motorcycle',
                        'bicycle',
                        'pedestrian',
                        'traffic_cone',
                    ],
                    type='ObjectNameFilter'),
                dict(
                    fixed_prob=True,
                    max_epoch=6,
                    mode=1,
                    offset=False,
                    prob=0.0,
                    ratio=0.5,
                    rotate=1,
                    type='GridMask',
                    use_h=True,
                    use_w=True),
                dict(type='PointShuffle'),
                dict(
                    keys=[
                        'points',
                        'img',
                        'gt_bboxes_3d',
                        'gt_labels_3d',
                        'gt_bboxes',
                        'gt_labels',
                    ],
                    meta_keys=[
                        'cam2img',
                        'ori_cam2img',
                        'lidar2cam',
                        'lidar2img',
                        'cam2lidar',
                        'ori_lidar2img',
                        'img_aug_matrix',
                        'box_type_3d',
                        'sample_idx',
                        'lidar_path',
                        'img_path',
                        'transformation_3d_flow',
                        'pcd_rotation',
                        'pcd_scale_factor',
                        'pcd_trans',
                        'img_aug_matrix',
                        'lidar_aug_matrix',
                        'num_pts_feats',
                    ],
                    type='Pack3DDetInputs'),
            ],
            test_mode=False,
            type='NuScenesDataset',
            use_valid_flag=True),
        type='CBGSDataset'),
    num_workers=1,
    persistent_workers=True,
    sampler=dict(shuffle=True, type='DefaultSampler'))
train_pipeline = [
    dict(
        backend_args=None,
        color_type='color',
        to_float32=True,
        type='BEVLoadMultiViewImageFromFiles'),
    dict(
        backend_args=None,
        coord_type='LIDAR',
        load_dim=5,
        type='LoadPointsFromFile',
        use_dim=5),
    dict(
        backend_args=None,
        load_dim=5,
        pad_empty_sweeps=True,
        remove_close=True,
        sweeps_num=9,
        type='LoadPointsFromMultiSweeps',
        use_dim=5),
    dict(
        type='LoadAnnotations3D',
        with_attr_label=False,
        with_bbox_3d=True,
        with_label_3d=True),
    dict(
        bot_pct_lim=[
            0.0,
            0.0,
        ],
        final_dim=[
            256,
            704,
        ],
        is_train=True,
        rand_flip=True,
        resize_lim=[
            0.38,
            0.55,
        ],
        rot_lim=[
            -5.4,
            5.4,
        ],
        type='ImageAug3D'),
    dict(
        rot_range=[
            -0.78539816,
            0.78539816,
        ],
        scale_ratio_range=[
            0.9,
            1.1,
        ],
        translation_std=0.5,
        type='BEVFusionGlobalRotScaleTrans'),
    dict(type='BEVFusionRandomFlip3D'),
    dict(
        point_cloud_range=[
            -54.0,
            -54.0,
            -5.0,
            54.0,
            54.0,
            3.0,
        ],
        type='PointsRangeFilter'),
    dict(
        point_cloud_range=[
            -54.0,
            -54.0,
            -5.0,
            54.0,
            54.0,
            3.0,
        ],
        type='ObjectRangeFilter'),
    dict(
        classes=[
            'car',
            'truck',
            'construction_vehicle',
            'bus',
            'trailer',
            'barrier',
            'motorcycle',
            'bicycle',
            'pedestrian',
            'traffic_cone',
        ],
        type='ObjectNameFilter'),
    dict(
        fixed_prob=True,
        max_epoch=6,
        mode=1,
        offset=False,
        prob=0.0,
        ratio=0.5,
        rotate=1,
        type='GridMask',
        use_h=True,
        use_w=True),
    dict(type='PointShuffle'),
    dict(
        keys=[
            'points',
            'img',
            'gt_bboxes_3d',
            'gt_labels_3d',
            'gt_bboxes',
            'gt_labels',
        ],
        meta_keys=[
            'cam2img',
            'ori_cam2img',
            'lidar2cam',
            'lidar2img',
            'cam2lidar',
            'ori_lidar2img',
            'img_aug_matrix',
            'box_type_3d',
            'sample_idx',
            'lidar_path',
            'img_path',
            'transformation_3d_flow',
            'pcd_rotation',
            'pcd_scale_factor',
            'pcd_trans',
            'img_aug_matrix',
            'lidar_aug_matrix',
            'num_pts_feats',
        ],
        type='Pack3DDetInputs'),
]
val_cfg = dict()
val_dataloader = dict(
    batch_size=1,
    dataset=dict(
        ann_file='nuscenes_infos_val.pkl',
        backend_args=None,
        box_type_3d='LiDAR',
        data_prefix=dict(
            CAM_BACK='samples/CAM_BACK',
            CAM_BACK_LEFT='samples/CAM_BACK_LEFT',
            CAM_BACK_RIGHT='samples/CAM_BACK_RIGHT',
            CAM_FRONT='samples/CAM_FRONT',
            CAM_FRONT_LEFT='samples/CAM_FRONT_LEFT',
            CAM_FRONT_RIGHT='samples/CAM_FRONT_RIGHT',
            pts='samples/LIDAR_TOP',
            sweeps='sweeps/LIDAR_TOP'),
        data_root='/media/xavier02/Sparkles1/nuscenes/',
        metainfo=dict(classes=[
            'car',
            'truck',
            'construction_vehicle',
            'bus',
            'trailer',
            'barrier',
            'motorcycle',
            'bicycle',
            'pedestrian',
            'traffic_cone',
        ]),
        modality=dict(use_camera=True, use_lidar=True),
        pipeline=[
            dict(
                backend_args=None,
                color_type='color',
                to_float32=True,
                type='BEVLoadMultiViewImageFromFiles'),
            dict(
                backend_args=None,
                coord_type='LIDAR',
                load_dim=5,
                type='LoadPointsFromFile',
                use_dim=5),
            dict(
                backend_args=None,
                load_dim=5,
                pad_empty_sweeps=True,
                remove_close=True,
                sweeps_num=9,
                type='LoadPointsFromMultiSweeps',
                use_dim=5),
            dict(
                bot_pct_lim=[
                    0.0,
                    0.0,
                ],
                final_dim=[
                    256,
                    704,
                ],
                is_train=False,
                rand_flip=False,
                resize_lim=[
                    0.48,
                    0.48,
                ],
                rot_lim=[
                    0.0,
                    0.0,
                ],
                type='ImageAug3D'),
            dict(
                point_cloud_range=[
                    -54.0,
                    -54.0,
                    -5.0,
                    54.0,
                    54.0,
                    3.0,
                ],
                type='PointsRangeFilter'),
            dict(
                keys=[
                    'img',
                    'points',
                    'gt_bboxes_3d',
                    'gt_labels_3d',
                ],
                meta_keys=[
                    'cam2img',
                    'ori_cam2img',
                    'lidar2cam',
                    'lidar2img',
                    'cam2lidar',
                    'ori_lidar2img',
                    'img_aug_matrix',
                    'box_type_3d',
                    'sample_idx',
                    'lidar_path',
                    'img_path',
                    'num_pts_feats',
                ],
                type='Pack3DDetInputs'),
        ],
        test_mode=True,
        type='NuScenesDataset'),
    drop_last=False,
    num_workers=1,
    persistent_workers=True,
    sampler=dict(shuffle=False, type='DefaultSampler'))
val_evaluator = dict(
    ann_file='/media/xavier02/Sparkles1/nuscenes/nuscenes_infos_val.pkl',
    backend_args=None,
    data_root='/media/xavier02/Sparkles1/nuscenes/',
    metric='bbox',
    type='NuScenesMetric')
vis_backends = [
    dict(type='LocalVisBackend'),
]
visualizer = dict(
    name='visualizer',
    type='Det3DLocalVisualizer',
    vis_backends=[
        dict(type='LocalVisBackend'),
    ])
voxel_size = [
    0.075,
    0.075,
    0.2,
]
work_dir = './work_dirs/bevfusion_lidar-cam_voxel0075_second_with_resnet_18'

2024/12/04 18:41:44 - mmengine - INFO - load model from: /media/xavier02/xavier_ssd_500/mmdetection3d_source/mmdetection3d-main/projects/BEVFusion/configs/resnet18.pth
2024/12/04 18:41:44 - mmengine - INFO - Loads checkpoint by local backend from path: /media/xavier02/xavier_ssd_500/mmdetection3d_source/mmdetection3d-main/projects/BEVFusion/configs/resnet18.pth
2024/12/04 18:41:44 - mmengine - WARNING - The model and loaded state dict do not match exactly

unexpected key in source state_dict: fc.weight, fc.bias

Name of parameter - Initialization information

conv1.weight - torch.Size([64, 3, 7, 7]): 
PretrainedInit: load from /media/xavier02/xavier_ssd_500/mmdetection3d_source/mmdetection3d-main/projects/BEVFusion/configs/resnet18.pth 

bn1.weight - torch.Size([64]): 
PretrainedInit: load from /media/xavier02/xavier_ssd_500/mmdetection3d_source/mmdetection3d-main/projects/BEVFusion/configs/resnet18.pth 

bn1.bias - torch.Size([64]): 
PretrainedInit: load from /media/xavier02/xavier_ssd_500/mmdetection3d_source/mmdetection3d-main/projects/BEVFusion/configs/resnet18.pth 

layer1.0.conv1.weight - torch.Size([64, 64, 3, 3]): 
PretrainedInit: load from /media/xavier02/xavier_ssd_500/mmdetection3d_source/mmdetection3d-main/projects/BEVFusion/configs/resnet18.pth 

layer1.0.bn1.weight - torch.Size([64]): 
PretrainedInit: load from /media/xavier02/xavier_ssd_500/mmdetection3d_source/mmdetection3d-main/projects/BEVFusion/configs/resnet18.pth 

layer1.0.bn1.bias - torch.Size([64]): 
PretrainedInit: load from /media/xavier02/xavier_ssd_500/mmdetection3d_source/mmdetection3d-main/projects/BEVFusion/configs/resnet18.pth 

layer1.0.conv2.weight - torch.Size([64, 64, 3, 3]): 
PretrainedInit: load from /media/xavier02/xavier_ssd_500/mmdetection3d_source/mmdetection3d-main/projects/BEVFusion/configs/resnet18.pth 

layer1.0.bn2.weight - torch.Size([64]): 
PretrainedInit: load from /media/xavier02/xavier_ssd_500/mmdetection3d_source/mmdetection3d-main/projects/BEVFusion/configs/resnet18.pth 

layer1.0.bn2.bias - torch.Size([64]): 
PretrainedInit: load from /media/xavier02/xavier_ssd_500/mmdetection3d_source/mmdetection3d-main/projects/BEVFusion/configs/resnet18.pth 

layer1.1.conv1.weight - torch.Size([64, 64, 3, 3]): 
PretrainedInit: load from /media/xavier02/xavier_ssd_500/mmdetection3d_source/mmdetection3d-main/projects/BEVFusion/configs/resnet18.pth 

layer1.1.bn1.weight - torch.Size([64]): 
PretrainedInit: load from /media/xavier02/xavier_ssd_500/mmdetection3d_source/mmdetection3d-main/projects/BEVFusion/configs/resnet18.pth 

layer1.1.bn1.bias - torch.Size([64]): 
PretrainedInit: load from /media/xavier02/xavier_ssd_500/mmdetection3d_source/mmdetection3d-main/projects/BEVFusion/configs/resnet18.pth 

layer1.1.conv2.weight - torch.Size([64, 64, 3, 3]): 
PretrainedInit: load from /media/xavier02/xavier_ssd_500/mmdetection3d_source/mmdetection3d-main/projects/BEVFusion/configs/resnet18.pth 

layer1.1.bn2.weight - torch.Size([64]): 
PretrainedInit: load from /media/xavier02/xavier_ssd_500/mmdetection3d_source/mmdetection3d-main/projects/BEVFusion/configs/resnet18.pth 

layer1.1.bn2.bias - torch.Size([64]): 
PretrainedInit: load from /media/xavier02/xavier_ssd_500/mmdetection3d_source/mmdetection3d-main/projects/BEVFusion/configs/resnet18.pth 

layer2.0.conv1.weight - torch.Size([128, 64, 3, 3]): 
PretrainedInit: load from /media/xavier02/xavier_ssd_500/mmdetection3d_source/mmdetection3d-main/projects/BEVFusion/configs/resnet18.pth 

layer2.0.bn1.weight - torch.Size([128]): 
PretrainedInit: load from /media/xavier02/xavier_ssd_500/mmdetection3d_source/mmdetection3d-main/projects/BEVFusion/configs/resnet18.pth 

layer2.0.bn1.bias - torch.Size([128]): 
PretrainedInit: load from /media/xavier02/xavier_ssd_500/mmdetection3d_source/mmdetection3d-main/projects/BEVFusion/configs/resnet18.pth 

layer2.0.conv2.weight - torch.Size([128, 128, 3, 3]): 
PretrainedInit: load from /media/xavier02/xavier_ssd_500/mmdetection3d_source/mmdetection3d-main/projects/BEVFusion/configs/resnet18.pth 

layer2.0.bn2.weight - torch.Size([128]): 
PretrainedInit: load from /media/xavier02/xavier_ssd_500/mmdetection3d_source/mmdetection3d-main/projects/BEVFusion/configs/resnet18.pth 

layer2.0.bn2.bias - torch.Size([128]): 
PretrainedInit: load from /media/xavier02/xavier_ssd_500/mmdetection3d_source/mmdetection3d-main/projects/BEVFusion/configs/resnet18.pth 

layer2.0.downsample.0.weight - torch.Size([128, 64, 1, 1]): 
PretrainedInit: load from /media/xavier02/xavier_ssd_500/mmdetection3d_source/mmdetection3d-main/projects/BEVFusion/configs/resnet18.pth 

layer2.0.downsample.1.weight - torch.Size([128]): 
PretrainedInit: load from /media/xavier02/xavier_ssd_500/mmdetection3d_source/mmdetection3d-main/projects/BEVFusion/configs/resnet18.pth 

layer2.0.downsample.1.bias - torch.Size([128]): 
PretrainedInit: load from /media/xavier02/xavier_ssd_500/mmdetection3d_source/mmdetection3d-main/projects/BEVFusion/configs/resnet18.pth 

layer2.1.conv1.weight - torch.Size([128, 128, 3, 3]): 
PretrainedInit: load from /media/xavier02/xavier_ssd_500/mmdetection3d_source/mmdetection3d-main/projects/BEVFusion/configs/resnet18.pth 

layer2.1.bn1.weight - torch.Size([128]): 
PretrainedInit: load from /media/xavier02/xavier_ssd_500/mmdetection3d_source/mmdetection3d-main/projects/BEVFusion/configs/resnet18.pth 

layer2.1.bn1.bias - torch.Size([128]): 
PretrainedInit: load from /media/xavier02/xavier_ssd_500/mmdetection3d_source/mmdetection3d-main/projects/BEVFusion/configs/resnet18.pth 

layer2.1.conv2.weight - torch.Size([128, 128, 3, 3]): 
PretrainedInit: load from /media/xavier02/xavier_ssd_500/mmdetection3d_source/mmdetection3d-main/projects/BEVFusion/configs/resnet18.pth 

layer2.1.bn2.weight - torch.Size([128]): 
PretrainedInit: load from /media/xavier02/xavier_ssd_500/mmdetection3d_source/mmdetection3d-main/projects/BEVFusion/configs/resnet18.pth 

layer2.1.bn2.bias - torch.Size([128]): 
PretrainedInit: load from /media/xavier02/xavier_ssd_500/mmdetection3d_source/mmdetection3d-main/projects/BEVFusion/configs/resnet18.pth 

layer3.0.conv1.weight - torch.Size([256, 128, 3, 3]): 
PretrainedInit: load from /media/xavier02/xavier_ssd_500/mmdetection3d_source/mmdetection3d-main/projects/BEVFusion/configs/resnet18.pth 

layer3.0.bn1.weight - torch.Size([256]): 
PretrainedInit: load from /media/xavier02/xavier_ssd_500/mmdetection3d_source/mmdetection3d-main/projects/BEVFusion/configs/resnet18.pth 

layer3.0.bn1.bias - torch.Size([256]): 
PretrainedInit: load from /media/xavier02/xavier_ssd_500/mmdetection3d_source/mmdetection3d-main/projects/BEVFusion/configs/resnet18.pth 

layer3.0.conv2.weight - torch.Size([256, 256, 3, 3]): 
PretrainedInit: load from /media/xavier02/xavier_ssd_500/mmdetection3d_source/mmdetection3d-main/projects/BEVFusion/configs/resnet18.pth 

layer3.0.bn2.weight - torch.Size([256]): 
PretrainedInit: load from /media/xavier02/xavier_ssd_500/mmdetection3d_source/mmdetection3d-main/projects/BEVFusion/configs/resnet18.pth 

layer3.0.bn2.bias - torch.Size([256]): 
PretrainedInit: load from /media/xavier02/xavier_ssd_500/mmdetection3d_source/mmdetection3d-main/projects/BEVFusion/configs/resnet18.pth 

layer3.0.downsample.0.weight - torch.Size([256, 128, 1, 1]): 
PretrainedInit: load from /media/xavier02/xavier_ssd_500/mmdetection3d_source/mmdetection3d-main/projects/BEVFusion/configs/resnet18.pth 

layer3.0.downsample.1.weight - torch.Size([256]): 
PretrainedInit: load from /media/xavier02/xavier_ssd_500/mmdetection3d_source/mmdetection3d-main/projects/BEVFusion/configs/resnet18.pth 

layer3.0.downsample.1.bias - torch.Size([256]): 
PretrainedInit: load from /media/xavier02/xavier_ssd_500/mmdetection3d_source/mmdetection3d-main/projects/BEVFusion/configs/resnet18.pth 

layer3.1.conv1.weight - torch.Size([256, 256, 3, 3]): 
PretrainedInit: load from /media/xavier02/xavier_ssd_500/mmdetection3d_source/mmdetection3d-main/projects/BEVFusion/configs/resnet18.pth 

layer3.1.bn1.weight - torch.Size([256]): 
PretrainedInit: load from /media/xavier02/xavier_ssd_500/mmdetection3d_source/mmdetection3d-main/projects/BEVFusion/configs/resnet18.pth 

layer3.1.bn1.bias - torch.Size([256]): 
PretrainedInit: load from /media/xavier02/xavier_ssd_500/mmdetection3d_source/mmdetection3d-main/projects/BEVFusion/configs/resnet18.pth 

layer3.1.conv2.weight - torch.Size([256, 256, 3, 3]): 
PretrainedInit: load from /media/xavier02/xavier_ssd_500/mmdetection3d_source/mmdetection3d-main/projects/BEVFusion/configs/resnet18.pth 

layer3.1.bn2.weight - torch.Size([256]): 
PretrainedInit: load from /media/xavier02/xavier_ssd_500/mmdetection3d_source/mmdetection3d-main/projects/BEVFusion/configs/resnet18.pth 

layer3.1.bn2.bias - torch.Size([256]): 
PretrainedInit: load from /media/xavier02/xavier_ssd_500/mmdetection3d_source/mmdetection3d-main/projects/BEVFusion/configs/resnet18.pth 

layer4.0.conv1.weight - torch.Size([512, 256, 3, 3]): 
PretrainedInit: load from /media/xavier02/xavier_ssd_500/mmdetection3d_source/mmdetection3d-main/projects/BEVFusion/configs/resnet18.pth 

layer4.0.bn1.weight - torch.Size([512]): 
PretrainedInit: load from /media/xavier02/xavier_ssd_500/mmdetection3d_source/mmdetection3d-main/projects/BEVFusion/configs/resnet18.pth 

layer4.0.bn1.bias - torch.Size([512]): 
PretrainedInit: load from /media/xavier02/xavier_ssd_500/mmdetection3d_source/mmdetection3d-main/projects/BEVFusion/configs/resnet18.pth 

layer4.0.conv2.weight - torch.Size([512, 512, 3, 3]): 
PretrainedInit: load from /media/xavier02/xavier_ssd_500/mmdetection3d_source/mmdetection3d-main/projects/BEVFusion/configs/resnet18.pth 

layer4.0.bn2.weight - torch.Size([512]): 
PretrainedInit: load from /media/xavier02/xavier_ssd_500/mmdetection3d_source/mmdetection3d-main/projects/BEVFusion/configs/resnet18.pth 

layer4.0.bn2.bias - torch.Size([512]): 
PretrainedInit: load from /media/xavier02/xavier_ssd_500/mmdetection3d_source/mmdetection3d-main/projects/BEVFusion/configs/resnet18.pth 

layer4.0.downsample.0.weight - torch.Size([512, 256, 1, 1]): 
PretrainedInit: load from /media/xavier02/xavier_ssd_500/mmdetection3d_source/mmdetection3d-main/projects/BEVFusion/configs/resnet18.pth 

layer4.0.downsample.1.weight - torch.Size([512]): 
PretrainedInit: load from /media/xavier02/xavier_ssd_500/mmdetection3d_source/mmdetection3d-main/projects/BEVFusion/configs/resnet18.pth 

layer4.0.downsample.1.bias - torch.Size([512]): 
PretrainedInit: load from /media/xavier02/xavier_ssd_500/mmdetection3d_source/mmdetection3d-main/projects/BEVFusion/configs/resnet18.pth 

layer4.1.conv1.weight - torch.Size([512, 512, 3, 3]): 
PretrainedInit: load from /media/xavier02/xavier_ssd_500/mmdetection3d_source/mmdetection3d-main/projects/BEVFusion/configs/resnet18.pth 

layer4.1.bn1.weight - torch.Size([512]): 
PretrainedInit: load from /media/xavier02/xavier_ssd_500/mmdetection3d_source/mmdetection3d-main/projects/BEVFusion/configs/resnet18.pth 

layer4.1.bn1.bias - torch.Size([512]): 
PretrainedInit: load from /media/xavier02/xavier_ssd_500/mmdetection3d_source/mmdetection3d-main/projects/BEVFusion/configs/resnet18.pth 

layer4.1.conv2.weight - torch.Size([512, 512, 3, 3]): 
PretrainedInit: load from /media/xavier02/xavier_ssd_500/mmdetection3d_source/mmdetection3d-main/projects/BEVFusion/configs/resnet18.pth 

layer4.1.bn2.weight - torch.Size([512]): 
PretrainedInit: load from /media/xavier02/xavier_ssd_500/mmdetection3d_source/mmdetection3d-main/projects/BEVFusion/configs/resnet18.pth 

layer4.1.bn2.bias - torch.Size([512]): 
PretrainedInit: load from /media/xavier02/xavier_ssd_500/mmdetection3d_source/mmdetection3d-main/projects/BEVFusion/configs/resnet18.pth 
2024/12/04 18:41:47 - mmengine - INFO - Distributed training is not used, all SyncBatchNorm (SyncBN) layers in the model will be automatically reverted to BatchNormXd layers if they are used.
2024/12/04 18:41:47 - mmengine - INFO - Hooks will be executed in the following order:
before_run:
(VERY_HIGH   ) RuntimeInfoHook                    
(BELOW_NORMAL) LoggerHook                         
 -------------------- 
before_train:
(VERY_HIGH   ) RuntimeInfoHook                    
(NORMAL      ) IterTimerHook                      
(VERY_LOW    ) CheckpointHook                     
 -------------------- 
before_train_epoch:
(VERY_HIGH   ) RuntimeInfoHook                    
(NORMAL      ) IterTimerHook                      
(NORMAL      ) DistSamplerSeedHook                
 -------------------- 
before_train_iter:
(VERY_HIGH   ) RuntimeInfoHook                    
(NORMAL      ) IterTimerHook                      
 -------------------- 
after_train_iter:
(VERY_HIGH   ) RuntimeInfoHook                    
(NORMAL      ) IterTimerHook                      
(BELOW_NORMAL) LoggerHook                         
(LOW         ) ParamSchedulerHook                 
(VERY_LOW    ) CheckpointHook                     
 -------------------- 
after_train_epoch:
(NORMAL      ) IterTimerHook                      
(LOW         ) ParamSchedulerHook                 
(VERY_LOW    ) CheckpointHook                     
 -------------------- 
before_val:
(VERY_HIGH   ) RuntimeInfoHook                    
 -------------------- 
before_val_epoch:
(NORMAL      ) IterTimerHook                      
 -------------------- 
before_val_iter:
(NORMAL      ) IterTimerHook                      
 -------------------- 
after_val_iter:
(NORMAL      ) IterTimerHook                      
(NORMAL      ) Det3DVisualizationHook             
(BELOW_NORMAL) LoggerHook                         
 -------------------- 
after_val_epoch:
(VERY_HIGH   ) RuntimeInfoHook                    
(NORMAL      ) IterTimerHook                      
(BELOW_NORMAL) LoggerHook                         
(LOW         ) ParamSchedulerHook                 
(VERY_LOW    ) CheckpointHook                     
 -------------------- 
after_val:
(VERY_HIGH   ) RuntimeInfoHook                    
 -------------------- 
after_train:
(VERY_HIGH   ) RuntimeInfoHook                    
(VERY_LOW    ) CheckpointHook                     
 -------------------- 
before_test:
(VERY_HIGH   ) RuntimeInfoHook                    
 -------------------- 
before_test_epoch:
(NORMAL      ) IterTimerHook                      
 -------------------- 
before_test_iter:
(NORMAL      ) IterTimerHook                      
 -------------------- 
after_test_iter:
(NORMAL      ) IterTimerHook                      
(NORMAL      ) Det3DVisualizationHook             
(BELOW_NORMAL) LoggerHook                         
 -------------------- 
after_test_epoch:
(VERY_HIGH   ) RuntimeInfoHook                    
(NORMAL      ) IterTimerHook                      
(BELOW_NORMAL) LoggerHook                         
 -------------------- 
after_test:
(VERY_HIGH   ) RuntimeInfoHook                    
 -------------------- 
after_run:
(BELOW_NORMAL) LoggerHook                         
 -------------------- 
2024/12/04 18:42:29 - mmengine - INFO - ------------------------------
2024/12/04 18:42:29 - mmengine - INFO - The length of test dataset: 6019
2024/12/04 18:42:29 - mmengine - INFO - The number of instances per category in the dataset:
+----------------------+--------+
| category             | number |
+----------------------+--------+
| car                  | 80004  |
| truck                | 15704  |
| construction_vehicle | 2678   |
| bus                  | 3158   |
| trailer              | 4159   |
| barrier              | 26992  |
| motorcycle           | 2508   |
| bicycle              | 2381   |
| pedestrian           | 34347  |
| traffic_cone         | 15597  |
+----------------------+--------+
2024/12/04 18:42:34 - mmengine - INFO - Load checkpoint from /media/xavier02/xavier_ssd_500/mmdetection3d_source/mmdetection3d-main/projects/BEVFusion/configs/Cam_Lidar_wResnet18_checkpoint.pth
2024/12/04 18:44:01 - mmengine - INFO - Epoch(test) [  50/6019]    eta: 2:53:20  time: 1.7424  data_time: 0.0492  memory: 2163  
2024/12/04 18:45:17 - mmengine - INFO - Epoch(test) [ 100/6019]    eta: 2:41:32  time: 1.5328  data_time: 0.0222  memory: 2164  
2024/12/04 18:46:31 - mmengine - INFO - Epoch(test) [ 150/6019]    eta: 2:34:41  time: 1.4692  data_time: 0.0228  memory: 2161  
2024/12/04 18:47:46 - mmengine - INFO - Epoch(test) [ 200/6019]    eta: 2:31:12  time: 1.4918  data_time: 0.0239  memory: 2163  
2024/12/04 18:48:59 - mmengine - INFO - Epoch(test) [ 250/6019]    eta: 2:28:17  time: 1.4754  data_time: 0.0237  memory: 2164  
2024/12/04 18:50:10 - mmengine - INFO - Epoch(test) [ 300/6019]    eta: 2:25:01  time: 1.4176  data_time: 0.0223  memory: 2163  
2024/12/04 18:51:25 - mmengine - INFO - Epoch(test) [ 350/6019]    eta: 2:23:17  time: 1.4872  data_time: 0.0229  memory: 2164  
2024/12/04 18:52:40 - mmengine - INFO - Epoch(test) [ 400/6019]    eta: 2:21:51  time: 1.5013  data_time: 0.0231  memory: 2165  
2024/12/04 18:53:54 - mmengine - INFO - Epoch(test) [ 450/6019]    eta: 2:20:19  time: 1.4896  data_time: 0.0235  memory: 2165  
2024/12/04 18:55:07 - mmengine - INFO - Epoch(test) [ 500/6019]    eta: 2:18:37  time: 1.4626  data_time: 0.0230  memory: 2164  
2024/12/04 18:56:20 - mmengine - INFO - Epoch(test) [ 550/6019]    eta: 2:16:54  time: 1.4529  data_time: 0.0230  memory: 2164  
2024/12/04 18:57:29 - mmengine - INFO - Epoch(test) [ 600/6019]    eta: 2:14:49  time: 1.3913  data_time: 0.0228  memory: 2160  
2024/12/04 18:58:34 - mmengine - INFO - Epoch(test) [ 650/6019]    eta: 2:12:15  time: 1.2998  data_time: 0.0217  memory: 2160  
2024/12/04 18:59:38 - mmengine - INFO - Epoch(test) [ 700/6019]    eta: 2:09:45  time: 1.2790  data_time: 0.0219  memory: 2160  
2024/12/04 19:00:43 - mmengine - INFO - Epoch(test) [ 750/6019]    eta: 2:07:28  time: 1.2813  data_time: 0.0218  memory: 2160  
2024/12/04 19:01:53 - mmengine - INFO - Epoch(test) [ 800/6019]    eta: 2:06:00  time: 1.4037  data_time: 0.0230  memory: 2164  
2024/12/04 19:03:02 - mmengine - INFO - Epoch(test) [ 850/6019]    eta: 2:04:28  time: 1.3849  data_time: 0.0231  memory: 2162  
2024/12/04 19:04:09 - mmengine - INFO - Epoch(test) [ 900/6019]    eta: 2:02:46  time: 1.3406  data_time: 0.0205  memory: 2162  
2024/12/04 19:05:20 - mmengine - INFO - Epoch(test) [ 950/6019]    eta: 2:01:31  time: 1.4262  data_time: 0.0204  memory: 2164  
2024/12/04 19:06:34 - mmengine - INFO - Epoch(test) [1000/6019]    eta: 2:00:29  time: 1.4790  data_time: 0.0204  memory: 2165  
2024/12/04 19:07:39 - mmengine - INFO - Epoch(test) [1050/6019]    eta: 1:58:44  time: 1.3020  data_time: 0.0194  memory: 2160  
2024/12/04 19:08:50 - mmengine - INFO - Epoch(test) [1100/6019]    eta: 1:57:27  time: 1.4072  data_time: 0.0191  memory: 2163  
2024/12/04 19:09:58 - mmengine - INFO - Epoch(test) [1150/6019]    eta: 1:56:02  time: 1.3693  data_time: 0.0215  memory: 2160  
2024/12/04 19:11:09 - mmengine - INFO - Epoch(test) [1200/6019]    eta: 1:54:46  time: 1.4103  data_time: 0.0228  memory: 2163  
2024/12/04 19:12:23 - mmengine - INFO - Epoch(test) [1250/6019]    eta: 1:53:46  time: 1.4860  data_time: 0.0235  memory: 2165  
2024/12/04 19:13:34 - mmengine - INFO - Epoch(test) [1300/6019]    eta: 1:52:30  time: 1.4094  data_time: 0.0223  memory: 2163  
2024/12/04 19:14:46 - mmengine - INFO - Epoch(test) [1350/6019]    eta: 1:51:23  time: 1.4573  data_time: 0.0226  memory: 2164  
2024/12/04 19:15:58 - mmengine - INFO - Epoch(test) [1400/6019]    eta: 1:50:12  time: 1.4343  data_time: 0.0235  memory: 2164  
2024/12/04 19:17:12 - mmengine - INFO - Epoch(test) [1450/6019]    eta: 1:49:08  time: 1.4797  data_time: 0.0233  memory: 2163  
2024/12/04 19:18:28 - mmengine - INFO - Epoch(test) [1500/6019]    eta: 1:48:09  time: 1.5176  data_time: 0.0236  memory: 2165  
2024/12/04 19:19:42 - mmengine - INFO - Epoch(test) [1550/6019]    eta: 1:47:03  time: 1.4748  data_time: 0.0218  memory: 2164  
2024/12/04 19:20:48 - mmengine - INFO - Epoch(test) [1600/6019]    eta: 1:45:35  time: 1.3241  data_time: 0.0216  memory: 2161  
2024/12/04 19:22:00 - mmengine - INFO - Epoch(test) [1650/6019]    eta: 1:44:26  time: 1.4492  data_time: 0.0224  memory: 2163  
2024/12/04 19:23:11 - mmengine - INFO - Epoch(test) [1700/6019]    eta: 1:43:11  time: 1.4115  data_time: 0.0228  memory: 2161  
2024/12/04 19:24:22 - mmengine - INFO - Epoch(test) [1750/6019]    eta: 1:41:58  time: 1.4211  data_time: 0.0220  memory: 2162  
2024/12/04 19:25:33 - mmengine - INFO - Epoch(test) [1800/6019]    eta: 1:40:43  time: 1.4083  data_time: 0.0230  memory: 2162  
2024/12/04 19:26:43 - mmengine - INFO - Epoch(test) [1850/6019]    eta: 1:39:29  time: 1.4121  data_time: 0.0201  memory: 2160  
2024/12/04 19:27:51 - mmengine - INFO - Epoch(test) [1900/6019]    eta: 1:38:09  time: 1.3486  data_time: 0.0187  memory: 2162  
2024/12/04 19:29:01 - mmengine - INFO - Epoch(test) [1950/6019]    eta: 1:36:56  time: 1.4131  data_time: 0.0195  memory: 2164  
2024/12/04 19:30:12 - mmengine - INFO - Epoch(test) [2000/6019]    eta: 1:35:42  time: 1.4117  data_time: 0.0184  memory: 2159  
2024/12/04 19:31:24 - mmengine - INFO - Epoch(test) [2050/6019]    eta: 1:34:33  time: 1.4495  data_time: 0.0195  memory: 2163  
2024/12/04 19:32:36 - mmengine - INFO - Epoch(test) [2100/6019]    eta: 1:33:22  time: 1.4381  data_time: 0.0188  memory: 2161  
2024/12/04 19:33:47 - mmengine - INFO - Epoch(test) [2150/6019]    eta: 1:32:10  time: 1.4192  data_time: 0.0204  memory: 2162  
2024/12/04 19:34:59 - mmengine - INFO - Epoch(test) [2200/6019]    eta: 1:30:59  time: 1.4404  data_time: 0.0223  memory: 2164  
2024/12/04 19:36:11 - mmengine - INFO - Epoch(test) [2250/6019]    eta: 1:29:48  time: 1.4323  data_time: 0.0227  memory: 2164  
2024/12/04 19:37:19 - mmengine - INFO - Epoch(test) [2300/6019]    eta: 1:28:31  time: 1.3562  data_time: 0.0208  memory: 2163  
2024/12/04 19:38:23 - mmengine - INFO - Epoch(test) [2350/6019]    eta: 1:27:08  time: 1.2901  data_time: 0.0195  memory: 2159  
2024/12/04 19:39:32 - mmengine - INFO - Epoch(test) [2400/6019]    eta: 1:25:53  time: 1.3747  data_time: 0.0192  memory: 2160  
2024/12/04 19:40:46 - mmengine - INFO - Epoch(test) [2450/6019]    eta: 1:24:46  time: 1.4724  data_time: 0.0192  memory: 2167  
2024/12/04 19:41:58 - mmengine - INFO - Epoch(test) [2500/6019]    eta: 1:23:36  time: 1.4521  data_time: 0.0191  memory: 2164  
2024/12/04 19:43:07 - mmengine - INFO - Epoch(test) [2550/6019]    eta: 1:22:21  time: 1.3669  data_time: 0.0189  memory: 2161  
2024/12/04 19:44:13 - mmengine - INFO - Epoch(test) [2600/6019]    eta: 1:21:04  time: 1.3304  data_time: 0.0188  memory: 2162  
2024/12/04 19:45:24 - mmengine - INFO - Epoch(test) [2650/6019]    eta: 1:19:52  time: 1.4207  data_time: 0.0198  memory: 2164  
2024/12/04 19:46:34 - mmengine - INFO - Epoch(test) [2700/6019]    eta: 1:18:40  time: 1.4052  data_time: 0.0224  memory: 2163  
2024/12/04 19:47:43 - mmengine - INFO - Epoch(test) [2750/6019]    eta: 1:17:26  time: 1.3667  data_time: 0.0238  memory: 2162  
2024/12/04 19:48:52 - mmengine - INFO - Epoch(test) [2800/6019]    eta: 1:16:12  time: 1.3834  data_time: 0.0234  memory: 2162  
2024/12/04 19:49:55 - mmengine - INFO - Epoch(test) [2850/6019]    eta: 1:14:53  time: 1.2642  data_time: 0.0212  memory: 2159  
2024/12/04 19:51:00 - mmengine - INFO - Epoch(test) [2900/6019]    eta: 1:13:35  time: 1.2901  data_time: 0.0226  memory: 2160  
2024/12/04 19:52:03 - mmengine - INFO - Epoch(test) [2950/6019]    eta: 1:12:17  time: 1.2760  data_time: 0.0221  memory: 2163  
2024/12/04 19:53:10 - mmengine - INFO - Epoch(test) [3000/6019]    eta: 1:11:02  time: 1.3352  data_time: 0.0228  memory: 2164  
2024/12/04 19:54:19 - mmengine - INFO - Epoch(test) [3050/6019]    eta: 1:09:50  time: 1.3702  data_time: 0.0234  memory: 2165  
2024/12/04 19:55:18 - mmengine - INFO - Epoch(test) [3100/6019]    eta: 1:08:28  time: 1.1820  data_time: 0.0227  memory: 2156  
2024/12/04 19:56:15 - mmengine - INFO - Epoch(test) [3150/6019]    eta: 1:07:05  time: 1.1329  data_time: 0.0212  memory: 2152  
2024/12/04 19:57:17 - mmengine - INFO - Epoch(test) [3200/6019]    eta: 1:05:48  time: 1.2468  data_time: 0.0214  memory: 2156  
2024/12/04 19:58:19 - mmengine - INFO - Epoch(test) [3250/6019]    eta: 1:04:31  time: 1.2356  data_time: 0.0220  memory: 2156  
2024/12/04 19:59:30 - mmengine - INFO - Epoch(test) [3300/6019]    eta: 1:03:22  time: 1.4252  data_time: 0.0226  memory: 2164  
2024/12/04 20:00:40 - mmengine - INFO - Epoch(test) [3350/6019]    eta: 1:02:12  time: 1.3918  data_time: 0.0223  memory: 2162  
2024/12/04 20:01:49 - mmengine - INFO - Epoch(test) [3400/6019]    eta: 1:01:02  time: 1.3899  data_time: 0.0227  memory: 2164  
2024/12/04 20:02:58 - mmengine - INFO - Epoch(test) [3450/6019]    eta: 0:59:52  time: 1.3858  data_time: 0.0227  memory: 2162  
2024/12/04 20:04:07 - mmengine - INFO - Epoch(test) [3500/6019]    eta: 0:58:41  time: 1.3687  data_time: 0.0224  memory: 2162  
2024/12/04 20:05:13 - mmengine - INFO - Epoch(test) [3550/6019]    eta: 0:57:28  time: 1.3254  data_time: 0.0229  memory: 2159  
2024/12/04 20:06:19 - mmengine - INFO - Epoch(test) [3600/6019]    eta: 0:56:16  time: 1.3199  data_time: 0.0226  memory: 2160  
2024/12/04 20:07:27 - mmengine - INFO - Epoch(test) [3650/6019]    eta: 0:55:05  time: 1.3562  data_time: 0.0215  memory: 2160  
2024/12/04 20:08:31 - mmengine - INFO - Epoch(test) [3700/6019]    eta: 0:53:51  time: 1.2735  data_time: 0.0229  memory: 2159  
2024/12/04 20:09:40 - mmengine - INFO - Epoch(test) [3750/6019]    eta: 0:52:41  time: 1.3792  data_time: 0.0230  memory: 2162  
2024/12/04 20:10:56 - mmengine - INFO - Epoch(test) [3800/6019]    eta: 0:51:35  time: 1.5208  data_time: 0.0220  memory: 2165  
2024/12/04 20:12:07 - mmengine - INFO - Epoch(test) [3850/6019]    eta: 0:50:26  time: 1.4321  data_time: 0.0232  memory: 2163  
2024/12/04 20:13:23 - mmengine - INFO - Epoch(test) [3900/6019]    eta: 0:49:20  time: 1.5226  data_time: 0.0234  memory: 2163  
2024/12/04 20:14:39 - mmengine - INFO - Epoch(test) [3950/6019]    eta: 0:48:13  time: 1.5175  data_time: 0.0221  memory: 2165  
2024/12/04 20:15:56 - mmengine - INFO - Epoch(test) [4000/6019]    eta: 0:47:07  time: 1.5357  data_time: 0.0225  memory: 2165  
2024/12/04 20:17:00 - mmengine - INFO - Epoch(test) [4050/6019]    eta: 0:45:54  time: 1.2846  data_time: 0.0216  memory: 2160  
2024/12/04 20:18:07 - mmengine - INFO - Epoch(test) [4100/6019]    eta: 0:44:42  time: 1.3281  data_time: 0.0228  memory: 2160  
2024/12/04 20:19:15 - mmengine - INFO - Epoch(test) [4150/6019]    eta: 0:43:32  time: 1.3577  data_time: 0.0223  memory: 2164  
2024/12/04 20:20:26 - mmengine - INFO - Epoch(test) [4200/6019]    eta: 0:42:23  time: 1.4337  data_time: 0.0227  memory: 2163  
2024/12/04 20:21:29 - mmengine - INFO - Epoch(test) [4250/6019]    eta: 0:41:10  time: 1.2521  data_time: 0.0223  memory: 2160  
2024/12/04 20:22:30 - mmengine - INFO - Epoch(test) [4300/6019]    eta: 0:39:56  time: 1.2275  data_time: 0.0206  memory: 2157  
2024/12/04 20:23:32 - mmengine - INFO - Epoch(test) [4350/6019]    eta: 0:38:44  time: 1.2405  data_time: 0.0209  memory: 2158  
2024/12/04 20:24:38 - mmengine - INFO - Epoch(test) [4400/6019]    eta: 0:37:33  time: 1.3112  data_time: 0.0219  memory: 2160  
2024/12/04 20:25:45 - mmengine - INFO - Epoch(test) [4450/6019]    eta: 0:36:22  time: 1.3358  data_time: 0.0217  memory: 2160  
2024/12/04 20:26:56 - mmengine - INFO - Epoch(test) [4500/6019]    eta: 0:35:13  time: 1.4311  data_time: 0.0222  memory: 2164  
2024/12/04 20:28:08 - mmengine - INFO - Epoch(test) [4550/6019]    eta: 0:34:04  time: 1.4409  data_time: 0.0217  memory: 2162  
2024/12/04 20:29:25 - mmengine - INFO - Epoch(test) [4600/6019]    eta: 0:32:57  time: 1.5336  data_time: 0.0194  memory: 2168  
2024/12/04 20:30:43 - mmengine - INFO - Epoch(test) [4650/6019]    eta: 0:31:50  time: 1.5627  data_time: 0.0195  memory: 2164  
2024/12/04 20:31:58 - mmengine - INFO - Epoch(test) [4700/6019]    eta: 0:30:41  time: 1.5000  data_time: 0.0194  memory: 2161  
2024/12/04 20:33:12 - mmengine - INFO - Epoch(test) [4750/6019]    eta: 0:29:33  time: 1.4779  data_time: 0.0189  memory: 2161  
2024/12/04 20:34:27 - mmengine - INFO - Epoch(test) [4800/6019]    eta: 0:28:24  time: 1.5046  data_time: 0.0187  memory: 2165  
2024/12/04 20:35:42 - mmengine - INFO - Epoch(test) [4850/6019]    eta: 0:27:16  time: 1.4991  data_time: 0.0188  memory: 2164  
2024/12/04 20:36:56 - mmengine - INFO - Epoch(test) [4900/6019]    eta: 0:26:06  time: 1.4767  data_time: 0.0192  memory: 2162  
2024/12/04 20:38:09 - mmengine - INFO - Epoch(test) [4950/6019]    eta: 0:24:57  time: 1.4509  data_time: 0.0215  memory: 2164  
2024/12/04 20:39:22 - mmengine - INFO - Epoch(test) [5000/6019]    eta: 0:23:48  time: 1.4629  data_time: 0.0222  memory: 2163  
2024/12/04 20:40:34 - mmengine - INFO - Epoch(test) [5050/6019]    eta: 0:22:38  time: 1.4515  data_time: 0.0217  memory: 2163  
2024/12/04 20:41:47 - mmengine - INFO - Epoch(test) [5100/6019]    eta: 0:21:28  time: 1.4468  data_time: 0.0224  memory: 2163  
2024/12/04 20:42:58 - mmengine - INFO - Epoch(test) [5150/6019]    eta: 0:20:18  time: 1.4320  data_time: 0.0211  memory: 2160  
2024/12/04 20:44:09 - mmengine - INFO - Epoch(test) [5200/6019]    eta: 0:19:08  time: 1.4048  data_time: 0.0196  memory: 2164  
2024/12/04 20:45:22 - mmengine - INFO - Epoch(test) [5250/6019]    eta: 0:17:59  time: 1.4670  data_time: 0.0196  memory: 2163  
2024/12/04 20:46:32 - mmengine - INFO - Epoch(test) [5300/6019]    eta: 0:16:48  time: 1.3978  data_time: 0.0187  memory: 2160  
2024/12/04 20:47:45 - mmengine - INFO - Epoch(test) [5350/6019]    eta: 0:15:39  time: 1.4573  data_time: 0.0195  memory: 2162  
2024/12/04 20:49:01 - mmengine - INFO - Epoch(test) [5400/6019]    eta: 0:14:29  time: 1.5228  data_time: 0.0194  memory: 2165  
2024/12/04 20:50:15 - mmengine - INFO - Epoch(test) [5450/6019]    eta: 0:13:19  time: 1.4851  data_time: 0.0210  memory: 2164  
2024/12/04 20:51:31 - mmengine - INFO - Epoch(test) [5500/6019]    eta: 0:12:10  time: 1.5247  data_time: 0.0243  memory: 2166  
2024/12/04 20:52:47 - mmengine - INFO - Epoch(test) [5550/6019]    eta: 0:11:00  time: 1.5143  data_time: 0.0236  memory: 2165  
2024/12/04 20:54:03 - mmengine - INFO - Epoch(test) [5600/6019]    eta: 0:09:50  time: 1.5061  data_time: 0.0234  memory: 2165  
2024/12/04 20:55:17 - mmengine - INFO - Epoch(test) [5650/6019]    eta: 0:08:40  time: 1.4910  data_time: 0.0239  memory: 2164  
2024/12/04 20:56:35 - mmengine - INFO - Epoch(test) [5700/6019]    eta: 0:07:29  time: 1.5648  data_time: 0.0202  memory: 2165  
2024/12/04 20:57:53 - mmengine - INFO - Epoch(test) [5750/6019]    eta: 0:06:19  time: 1.5514  data_time: 0.0191  memory: 2165  
2024/12/04 20:59:08 - mmengine - INFO - Epoch(test) [5800/6019]    eta: 0:05:09  time: 1.4935  data_time: 0.0184  memory: 2164  
2024/12/04 21:00:22 - mmengine - INFO - Epoch(test) [5850/6019]    eta: 0:03:58  time: 1.4865  data_time: 0.0190  memory: 2163  
2024/12/04 21:01:39 - mmengine - INFO - Epoch(test) [5900/6019]    eta: 0:02:48  time: 1.5446  data_time: 0.0202  memory: 2165  
2024/12/04 21:02:55 - mmengine - INFO - Epoch(test) [5950/6019]    eta: 0:01:37  time: 1.5103  data_time: 0.0235  memory: 2165  
2024/12/04 21:04:07 - mmengine - INFO - Epoch(test) [6000/6019]    eta: 0:00:26  time: 1.4484  data_time: 0.0228  memory: 2165  
2024/12/04 21:30:39 - mmengine - INFO - Epoch(test) [6019/6019]    NuScenes metric/pred_instances_3d_NuScenes/car_AP_dist_0.5: 0.8078  NuScenes metric/pred_instances_3d_NuScenes/car_AP_dist_1.0: 0.9002  NuScenes metric/pred_instances_3d_NuScenes/car_AP_dist_2.0: 0.9263  NuScenes metric/pred_instances_3d_NuScenes/car_AP_dist_4.0: 0.9364  NuScenes metric/pred_instances_3d_NuScenes/car_trans_err: 0.1682  NuScenes metric/pred_instances_3d_NuScenes/car_scale_err: 0.1506  NuScenes metric/pred_instances_3d_NuScenes/car_orient_err: 0.0737  NuScenes metric/pred_instances_3d_NuScenes/car_vel_err: 0.2677  NuScenes metric/pred_instances_3d_NuScenes/car_attr_err: 0.1885  NuScenes metric/pred_instances_3d_NuScenes/mATE: 0.2746  NuScenes metric/pred_instances_3d_NuScenes/mASE: 0.2543  NuScenes metric/pred_instances_3d_NuScenes/mAOE: 0.3072  NuScenes metric/pred_instances_3d_NuScenes/mAVE: 0.2606  NuScenes metric/pred_instances_3d_NuScenes/mAAE: 0.1836  NuScenes metric/pred_instances_3d_NuScenes/truck_AP_dist_0.5: 0.4549  NuScenes metric/pred_instances_3d_NuScenes/truck_AP_dist_1.0: 0.6275  NuScenes metric/pred_instances_3d_NuScenes/truck_AP_dist_2.0: 0.7061  NuScenes metric/pred_instances_3d_NuScenes/truck_AP_dist_4.0: 0.7413  NuScenes metric/pred_instances_3d_NuScenes/truck_trans_err: 0.3022  NuScenes metric/pred_instances_3d_NuScenes/truck_scale_err: 0.1758  NuScenes metric/pred_instances_3d_NuScenes/truck_orient_err: 0.0933  NuScenes metric/pred_instances_3d_NuScenes/truck_vel_err: 0.2484  NuScenes metric/pred_instances_3d_NuScenes/truck_attr_err: 0.2293  NuScenes metric/pred_instances_3d_NuScenes/construction_vehicle_AP_dist_0.5: 0.0489  NuScenes metric/pred_instances_3d_NuScenes/construction_vehicle_AP_dist_1.0: 0.2075  NuScenes metric/pred_instances_3d_NuScenes/construction_vehicle_AP_dist_2.0: 0.3807  NuScenes metric/pred_instances_3d_NuScenes/construction_vehicle_AP_dist_4.0: 0.4901  NuScenes metric/pred_instances_3d_NuScenes/construction_vehicle_trans_err: 0.6743  NuScenes metric/pred_instances_3d_NuScenes/construction_vehicle_scale_err: 0.4389  NuScenes metric/pred_instances_3d_NuScenes/construction_vehicle_orient_err: 0.8596  NuScenes metric/pred_instances_3d_NuScenes/construction_vehicle_vel_err: 0.1225  NuScenes metric/pred_instances_3d_NuScenes/construction_vehicle_attr_err: 0.2871  NuScenes metric/pred_instances_3d_NuScenes/bus_AP_dist_0.5: 0.5063  NuScenes metric/pred_instances_3d_NuScenes/bus_AP_dist_1.0: 0.7692  NuScenes metric/pred_instances_3d_NuScenes/bus_AP_dist_2.0: 0.8629  NuScenes metric/pred_instances_3d_NuScenes/bus_AP_dist_4.0: 0.8907  NuScenes metric/pred_instances_3d_NuScenes/bus_trans_err: 0.3116  NuScenes metric/pred_instances_3d_NuScenes/bus_scale_err: 0.1769  NuScenes metric/pred_instances_3d_NuScenes/bus_orient_err: 0.0443  NuScenes metric/pred_instances_3d_NuScenes/bus_vel_err: 0.4354  NuScenes metric/pred_instances_3d_NuScenes/bus_attr_err: 0.2356  NuScenes metric/pred_instances_3d_NuScenes/trailer_AP_dist_0.5: 0.1413  NuScenes metric/pred_instances_3d_NuScenes/trailer_AP_dist_1.0: 0.4202  NuScenes metric/pred_instances_3d_NuScenes/trailer_AP_dist_2.0: 0.5861  NuScenes metric/pred_instances_3d_NuScenes/trailer_AP_dist_4.0: 0.6739  NuScenes metric/pred_instances_3d_NuScenes/trailer_trans_err: 0.5149  NuScenes metric/pred_instances_3d_NuScenes/trailer_scale_err: 0.2109  NuScenes metric/pred_instances_3d_NuScenes/trailer_orient_err: 0.6809  NuScenes metric/pred_instances_3d_NuScenes/trailer_vel_err: 0.1915  NuScenes metric/pred_instances_3d_NuScenes/trailer_attr_err: 0.1492  NuScenes metric/pred_instances_3d_NuScenes/barrier_AP_dist_0.5: 0.6212  NuScenes metric/pred_instances_3d_NuScenes/barrier_AP_dist_1.0: 0.7098  NuScenes metric/pred_instances_3d_NuScenes/barrier_AP_dist_2.0: 0.7454  NuScenes metric/pred_instances_3d_NuScenes/barrier_AP_dist_4.0: 0.7574  NuScenes metric/pred_instances_3d_NuScenes/barrier_trans_err: 0.1838  NuScenes metric/pred_instances_3d_NuScenes/barrier_scale_err: 0.2776  NuScenes metric/pred_instances_3d_NuScenes/barrier_orient_err: 0.0658  NuScenes metric/pred_instances_3d_NuScenes/barrier_vel_err: nan  NuScenes metric/pred_instances_3d_NuScenes/barrier_attr_err: nan  NuScenes metric/pred_instances_3d_NuScenes/motorcycle_AP_dist_0.5: 0.6506  NuScenes metric/pred_instances_3d_NuScenes/motorcycle_AP_dist_1.0: 0.7623  NuScenes metric/pred_instances_3d_NuScenes/motorcycle_AP_dist_2.0: 0.7779  NuScenes metric/pred_instances_3d_NuScenes/motorcycle_AP_dist_4.0: 0.7895  NuScenes metric/pred_instances_3d_NuScenes/motorcycle_trans_err: 0.1874  NuScenes metric/pred_instances_3d_NuScenes/motorcycle_scale_err: 0.2378  NuScenes metric/pred_instances_3d_NuScenes/motorcycle_orient_err: 0.2425  NuScenes metric/pred_instances_3d_NuScenes/motorcycle_vel_err: 0.3919  NuScenes metric/pred_instances_3d_NuScenes/motorcycle_attr_err: 0.2704  NuScenes metric/pred_instances_3d_NuScenes/bicycle_AP_dist_0.5: 0.5358  NuScenes metric/pred_instances_3d_NuScenes/bicycle_AP_dist_1.0: 0.5587  NuScenes metric/pred_instances_3d_NuScenes/bicycle_AP_dist_2.0: 0.5625  NuScenes metric/pred_instances_3d_NuScenes/bicycle_AP_dist_4.0: 0.5714  NuScenes metric/pred_instances_3d_NuScenes/bicycle_trans_err: 0.1537  NuScenes metric/pred_instances_3d_NuScenes/bicycle_scale_err: 0.2622  NuScenes metric/pred_instances_3d_NuScenes/bicycle_orient_err: 0.3255  NuScenes metric/pred_instances_3d_NuScenes/bicycle_vel_err: 0.2056  NuScenes metric/pred_instances_3d_NuScenes/bicycle_attr_err: 0.0093  NuScenes metric/pred_instances_3d_NuScenes/pedestrian_AP_dist_0.5: 0.8604  NuScenes metric/pred_instances_3d_NuScenes/pedestrian_AP_dist_1.0: 0.8727  NuScenes metric/pred_instances_3d_NuScenes/pedestrian_AP_dist_2.0: 0.8823  NuScenes metric/pred_instances_3d_NuScenes/pedestrian_AP_dist_4.0: 0.8934  NuScenes metric/pred_instances_3d_NuScenes/pedestrian_trans_err: 0.1302  NuScenes metric/pred_instances_3d_NuScenes/pedestrian_scale_err: 0.2879  NuScenes metric/pred_instances_3d_NuScenes/pedestrian_orient_err: 0.3796  NuScenes metric/pred_instances_3d_NuScenes/pedestrian_vel_err: 0.2218  NuScenes metric/pred_instances_3d_NuScenes/pedestrian_attr_err: 0.0997  NuScenes metric/pred_instances_3d_NuScenes/traffic_cone_AP_dist_0.5: 0.7547  NuScenes metric/pred_instances_3d_NuScenes/traffic_cone_AP_dist_1.0: 0.7646  NuScenes metric/pred_instances_3d_NuScenes/traffic_cone_AP_dist_2.0: 0.7820  NuScenes metric/pred_instances_3d_NuScenes/traffic_cone_AP_dist_4.0: 0.8094  NuScenes metric/pred_instances_3d_NuScenes/traffic_cone_trans_err: 0.1198  NuScenes metric/pred_instances_3d_NuScenes/traffic_cone_scale_err: 0.3242  NuScenes metric/pred_instances_3d_NuScenes/traffic_cone_orient_err: nan  NuScenes metric/pred_instances_3d_NuScenes/traffic_cone_vel_err: nan  NuScenes metric/pred_instances_3d_NuScenes/traffic_cone_attr_err: nan  NuScenes metric/pred_instances_3d_NuScenes/NDS: 0.7062  NuScenes metric/pred_instances_3d_NuScenes/mAP: 0.6685  data_time: 0.0218  time: 1.4154
