2024/12/09 01:09:49 - mmengine - INFO - 
------------------------------------------------------------
System environment:
    sys.platform: linux
    Python: 3.8.10 (default, Jul 29 2024, 17:02:10) [GCC 9.4.0]
    CUDA available: True
    MUSA available: False
    numpy_random_seed: 1675503671
    GPU 0: Xavier
    CUDA_HOME: /usr/local/cuda-11.4
    NVCC: Cuda compilation tools, release 11.4, V11.4.315
    GCC: aarch64-linux-gnu-gcc (Ubuntu 9.4.0-1ubuntu1~20.04.2) 9.4.0
    PyTorch: 1.11.0
    PyTorch compiling details: PyTorch built with:
  - GCC 9.4
  - C++ Version: 201402
  - OpenMP 201511 (a.k.a. OpenMP 4.5)
  - LAPACK is enabled (usually provided by MKL)
  - NNPACK is enabled
  - CPU capability usage: NO AVX
  - CUDA Runtime 11.4
  - NVCC architecture flags: -gencode;arch=compute_72,code=sm_72;-gencode;arch=compute_87,code=sm_87
  - CuDNN 8.6
    - Built with CuDNN 8.3.2
  - Build settings: BLAS_INFO=open, BUILD_TYPE=Release, CUDA_VERSION=11.4, CUDNN_VERSION=8.3.2, CXX_COMPILER=/usr/bin/c++, CXX_FLAGS= -Wno-deprecated -fvisibility-inlines-hidden -DUSE_PTHREADPOOL -fopenmp -DNDEBUG -DUSE_KINETO -DLIBKINETO_NOCUPTI -DUSE_XNNPACK -DSYMBOLICATE_MOBILE_DEBUG_HANDLE -DEDGE_PROFILER_USE_KINETO -O2 -fPIC -Wno-narrowing -Wall -Wextra -Werror=return-type -Wno-missing-field-initializers -Wno-type-limits -Wno-array-bounds -Wno-unknown-pragmas -Wno-sign-compare -Wno-unused-parameter -Wno-unused-function -Wno-unused-result -Wno-unused-local-typedefs -Wno-strict-overflow -Wno-strict-aliasing -Wno-error=deprecated-declarations -Wno-stringop-overflow -Wno-psabi -Wno-error=pedantic -Wno-error=redundant-decls -Wno-error=old-style-cast -fdiagnostics-color=always -faligned-new -Wno-unused-but-set-variable -Wno-maybe-uninitialized -fno-math-errno -fno-trapping-math -Werror=format -Werror=cast-function-type -Wno-stringop-overflow, FORCE_FALLBACK_CUDA_MPI=1, LAPACK_INFO=open, TORCH_VERSION=1.11.0, USE_CUDA=ON, USE_CUDNN=ON, USE_EIGEN_FOR_BLAS=ON, USE_EXCEPTION_PTR=1, USE_GFLAGS=OFF, USE_GLOG=OFF, USE_MKL=OFF, USE_MKLDNN=OFF, USE_MPI=ON, USE_NCCL=0, USE_NNPACK=ON, USE_OPENMP=ON, USE_ROCM=OFF, 

    TorchVision: 0.12.0
    OpenCV: 4.10.0
    MMEngine: 0.10.5

Runtime environment:
    cudnn_benchmark: False
    mp_cfg: {'mp_start_method': 'fork', 'opencv_num_threads': 0}
    dist_cfg: {'backend': 'nccl'}
    seed: 1675503671
    Distributed launcher: none
    Distributed training: False
    GPU number: 1
------------------------------------------------------------

2024/12/09 01:09:52 - mmengine - INFO - Config:
auto_scale_lr = dict(base_batch_size=32, enable=False)
backend_args = None
class_names = [
    'car',
    'truck',
    'construction_vehicle',
    'bus',
    'trailer',
    'barrier',
    'motorcycle',
    'bicycle',
    'pedestrian',
    'traffic_cone',
]
custom_hooks = [
    dict(disable_after_epoch=15, type='DisableObjectSampleHook'),
]
custom_imports = dict(
    allow_failed_imports=False, imports=[
        'projects.BEVFusion.bevfusion',
    ])
data_prefix = dict(
    CAM_BACK='samples/CAM_BACK',
    CAM_BACK_LEFT='samples/CAM_BACK_LEFT',
    CAM_BACK_RIGHT='samples/CAM_BACK_RIGHT',
    CAM_FRONT='samples/CAM_FRONT',
    CAM_FRONT_LEFT='samples/CAM_FRONT_LEFT',
    CAM_FRONT_RIGHT='samples/CAM_FRONT_RIGHT',
    pts='samples/LIDAR_TOP',
    sweeps='sweeps/LIDAR_TOP')
data_root = '/media/xavier02/Sparkles1/nuscenes/'
dataset_type = 'NuScenesDataset'
db_sampler = dict(
    classes=[
        'car',
        'truck',
        'construction_vehicle',
        'bus',
        'trailer',
        'barrier',
        'motorcycle',
        'bicycle',
        'pedestrian',
        'traffic_cone',
    ],
    data_root='/media/xavier02/Sparkles1/nuscenes/',
    info_path='/media/xavier02/Sparkles1/nuscenes/nuscenes_dbinfos_train.pkl',
    points_loader=dict(
        backend_args=None,
        coord_type='LIDAR',
        load_dim=5,
        type='LoadPointsFromFile',
        use_dim=[
            0,
            1,
            2,
            3,
            4,
        ]),
    prepare=dict(
        filter_by_difficulty=[
            -1,
        ],
        filter_by_min_points=dict(
            barrier=5,
            bicycle=5,
            bus=5,
            car=5,
            construction_vehicle=5,
            motorcycle=5,
            pedestrian=5,
            traffic_cone=5,
            trailer=5,
            truck=5)),
    rate=1.0,
    sample_groups=dict(
        barrier=2,
        bicycle=6,
        bus=4,
        car=2,
        construction_vehicle=7,
        motorcycle=6,
        pedestrian=2,
        traffic_cone=2,
        trailer=6,
        truck=3))
default_hooks = dict(
    checkpoint=dict(interval=5, type='CheckpointHook'),
    logger=dict(interval=50, type='LoggerHook'),
    param_scheduler=dict(type='ParamSchedulerHook'),
    sampler_seed=dict(type='DistSamplerSeedHook'),
    timer=dict(type='IterTimerHook'),
    visualization=dict(type='Det3DVisualizationHook'))
default_scope = 'mmdet3d'
env_cfg = dict(
    cudnn_benchmark=False,
    dist_cfg=dict(backend='nccl'),
    mp_cfg=dict(mp_start_method='fork', opencv_num_threads=0))
input_modality = dict(use_camera=False, use_lidar=True)
launcher = 'none'
load_from = 'projects/BEVFusion/configs/MMCV_Lidar_own.pth'
log_level = 'INFO'
log_processor = dict(by_epoch=True, type='LogProcessor', window_size=50)
lr = 0.0001
metainfo = dict(classes=[
    'car',
    'truck',
    'construction_vehicle',
    'bus',
    'trailer',
    'barrier',
    'motorcycle',
    'bicycle',
    'pedestrian',
    'traffic_cone',
])
model = dict(
    bbox_head=dict(
        auxiliary=True,
        bbox_coder=dict(
            code_size=10,
            out_size_factor=8,
            pc_range=[
                -54.0,
                -54.0,
            ],
            post_center_range=[
                -61.2,
                -61.2,
                -10.0,
                61.2,
                61.2,
                10.0,
            ],
            score_threshold=0.0,
            type='TransFusionBBoxCoder',
            voxel_size=[
                0.075,
                0.075,
            ]),
        bn_momentum=0.1,
        common_heads=dict(
            center=[
                2,
                2,
            ],
            dim=[
                3,
                2,
            ],
            height=[
                1,
                2,
            ],
            rot=[
                2,
                2,
            ],
            vel=[
                2,
                2,
            ]),
        decoder_layer=dict(
            cross_attn_cfg=dict(dropout=0.1, embed_dims=128, num_heads=8),
            ffn_cfg=dict(
                act_cfg=dict(inplace=True, type='ReLU'),
                embed_dims=128,
                feedforward_channels=256,
                ffn_drop=0.1,
                num_fcs=2),
            norm_cfg=dict(type='LN'),
            pos_encoding_cfg=dict(input_channel=2, num_pos_feats=128),
            self_attn_cfg=dict(dropout=0.1, embed_dims=128, num_heads=8),
            type='TransformerDecoderLayer'),
        hidden_channel=128,
        in_channels=512,
        loss_bbox=dict(
            loss_weight=0.25, reduction='mean', type='mmdet.L1Loss'),
        loss_cls=dict(
            alpha=0.25,
            gamma=2.0,
            loss_weight=1.0,
            reduction='mean',
            type='mmdet.FocalLoss',
            use_sigmoid=True),
        loss_heatmap=dict(
            loss_weight=1.0, reduction='mean', type='mmdet.GaussianFocalLoss'),
        nms_kernel_size=3,
        num_classes=10,
        num_decoder_layers=1,
        num_proposals=200,
        test_cfg=dict(
            dataset='nuScenes',
            grid_size=[
                1440,
                1440,
                41,
            ],
            nms_type=None,
            out_size_factor=8,
            pc_range=[
                -54.0,
                -54.0,
            ],
            voxel_size=[
                0.075,
                0.075,
            ]),
        train_cfg=dict(
            assigner=dict(
                cls_cost=dict(
                    alpha=0.25,
                    gamma=2.0,
                    type='mmdet.FocalLossCost',
                    weight=0.15),
                iou_calculator=dict(coordinate='lidar', type='BboxOverlaps3D'),
                iou_cost=dict(type='IoU3DCost', weight=0.25),
                reg_cost=dict(type='BBoxBEVL1Cost', weight=0.25),
                type='HungarianAssigner3D'),
            code_weights=[
                1.0,
                1.0,
                1.0,
                1.0,
                1.0,
                1.0,
                1.0,
                1.0,
                0.2,
                0.2,
            ],
            dataset='nuScenes',
            gaussian_overlap=0.1,
            grid_size=[
                1440,
                1440,
                41,
            ],
            min_radius=2,
            out_size_factor=8,
            point_cloud_range=[
                -54.0,
                -54.0,
                -5.0,
                54.0,
                54.0,
                3.0,
            ],
            pos_weight=-1,
            voxel_size=[
                0.075,
                0.075,
                0.2,
            ]),
        type='TransFusionHead'),
    data_preprocessor=dict(
        pad_size_divisor=32,
        type='Det3DDataPreprocessor',
        voxelize_cfg=dict(
            max_num_points=10,
            max_voxels=[
                120000,
                160000,
            ],
            point_cloud_range=[
                -54.0,
                -54.0,
                -5.0,
                54.0,
                54.0,
                3.0,
            ],
            voxel_size=[
                0.075,
                0.075,
                0.2,
            ],
            voxelize_reduce=True)),
    pts_backbone=dict(
        conv_cfg=dict(bias=False, type='Conv2d'),
        in_channels=256,
        layer_nums=[
            5,
            5,
        ],
        layer_strides=[
            1,
            2,
        ],
        norm_cfg=dict(eps=0.001, momentum=0.01, type='BN'),
        out_channels=[
            128,
            256,
        ],
        type='SECOND'),
    pts_middle_encoder=dict(
        block_type='basicblock',
        encoder_channels=(
            (
                16,
                16,
                32,
            ),
            (
                32,
                32,
                64,
            ),
            (
                64,
                64,
                128,
            ),
            (
                128,
                128,
            ),
        ),
        encoder_paddings=(
            (
                0,
                0,
                1,
            ),
            (
                0,
                0,
                1,
            ),
            (
                0,
                0,
                (
                    1,
                    1,
                    0,
                ),
            ),
            (
                0,
                0,
            ),
        ),
        in_channels=5,
        norm_cfg=dict(eps=0.001, momentum=0.01, type='BN1d'),
        order=(
            'conv',
            'norm',
            'act',
        ),
        sparse_shape=[
            1440,
            1440,
            41,
        ],
        type='BEVFusionSparseEncoder'),
    pts_neck=dict(
        in_channels=[
            128,
            256,
        ],
        norm_cfg=dict(eps=0.001, momentum=0.01, type='BN'),
        out_channels=[
            256,
            256,
        ],
        type='SECONDFPN',
        upsample_cfg=dict(bias=False, type='deconv'),
        upsample_strides=[
            1,
            2,
        ],
        use_conv_for_no_stride=True),
    pts_voxel_encoder=dict(num_features=5, type='HardSimpleVFE'),
    type='BEVFusion')
optim_wrapper = dict(
    clip_grad=dict(max_norm=35, norm_type=2),
    optimizer=dict(lr=0.0001, type='AdamW', weight_decay=0.01),
    type='OptimWrapper')
param_scheduler = [
    dict(
        T_max=8,
        begin=0,
        by_epoch=True,
        convert_to_iter_based=True,
        end=8,
        eta_min=0.001,
        type='CosineAnnealingLR'),
    dict(
        T_max=12,
        begin=8,
        by_epoch=True,
        convert_to_iter_based=True,
        end=20,
        eta_min=1e-08,
        type='CosineAnnealingLR'),
    dict(
        T_max=8,
        begin=0,
        by_epoch=True,
        convert_to_iter_based=True,
        end=8,
        eta_min=0.8947368421052632,
        type='CosineAnnealingMomentum'),
    dict(
        T_max=12,
        begin=8,
        by_epoch=True,
        convert_to_iter_based=True,
        end=20,
        eta_min=1,
        type='CosineAnnealingMomentum'),
]
point_cloud_range = [
    -54.0,
    -54.0,
    -5.0,
    54.0,
    54.0,
    3.0,
]
resume = False
test_cfg = dict()
test_dataloader = dict(
    batch_size=1,
    dataset=dict(
        ann_file='nuscenes_infos_val.pkl',
        backend_args=None,
        box_type_3d='LiDAR',
        data_prefix=dict(
            CAM_BACK='samples/CAM_BACK',
            CAM_BACK_LEFT='samples/CAM_BACK_LEFT',
            CAM_BACK_RIGHT='samples/CAM_BACK_RIGHT',
            CAM_FRONT='samples/CAM_FRONT',
            CAM_FRONT_LEFT='samples/CAM_FRONT_LEFT',
            CAM_FRONT_RIGHT='samples/CAM_FRONT_RIGHT',
            pts='samples/LIDAR_TOP',
            sweeps='sweeps/LIDAR_TOP'),
        data_root='/media/xavier02/Sparkles1/nuscenes/',
        metainfo=dict(classes=[
            'car',
            'truck',
            'construction_vehicle',
            'bus',
            'trailer',
            'barrier',
            'motorcycle',
            'bicycle',
            'pedestrian',
            'traffic_cone',
        ]),
        modality=dict(use_camera=False, use_lidar=True),
        pipeline=[
            dict(
                backend_args=None,
                coord_type='LIDAR',
                load_dim=5,
                type='LoadPointsFromFile',
                use_dim=5),
            dict(
                backend_args=None,
                load_dim=5,
                pad_empty_sweeps=True,
                remove_close=True,
                sweeps_num=9,
                type='LoadPointsFromMultiSweeps',
                use_dim=5),
            dict(type='PointShuffle'),
            dict(num_points=225000, type='PointSample'),
            dict(
                point_cloud_range=[
                    -54.0,
                    -54.0,
                    -5.0,
                    54.0,
                    54.0,
                    3.0,
                ],
                type='PointsRangeFilter'),
            dict(
                keys=[
                    'img',
                    'points',
                    'gt_bboxes_3d',
                    'gt_labels_3d',
                ],
                meta_keys=[
                    'cam2img',
                    'ori_cam2img',
                    'lidar2cam',
                    'lidar2img',
                    'cam2lidar',
                    'ori_lidar2img',
                    'img_aug_matrix',
                    'box_type_3d',
                    'sample_idx',
                    'lidar_path',
                    'img_path',
                    'num_pts_feats',
                    'num_views',
                ],
                type='Pack3DDetInputs'),
        ],
        test_mode=True,
        type='NuScenesDataset'),
    drop_last=False,
    num_workers=4,
    persistent_workers=True,
    sampler=dict(shuffle=False, type='DefaultSampler'))
test_evaluator = dict(
    ann_file='/media/xavier02/Sparkles1/nuscenes/nuscenes_infos_val.pkl',
    backend_args=None,
    data_root='/media/xavier02/Sparkles1/nuscenes/',
    metric='bbox',
    type='NuScenesMetric')
test_pipeline = [
    dict(
        backend_args=None,
        coord_type='LIDAR',
        load_dim=5,
        type='LoadPointsFromFile',
        use_dim=5),
    dict(
        backend_args=None,
        load_dim=5,
        pad_empty_sweeps=True,
        remove_close=True,
        sweeps_num=9,
        type='LoadPointsFromMultiSweeps',
        use_dim=5),
    dict(type='PointShuffle'),
    dict(num_points=225000, type='PointSample'),
    dict(
        point_cloud_range=[
            -54.0,
            -54.0,
            -5.0,
            54.0,
            54.0,
            3.0,
        ],
        type='PointsRangeFilter'),
    dict(
        keys=[
            'img',
            'points',
            'gt_bboxes_3d',
            'gt_labels_3d',
        ],
        meta_keys=[
            'cam2img',
            'ori_cam2img',
            'lidar2cam',
            'lidar2img',
            'cam2lidar',
            'ori_lidar2img',
            'img_aug_matrix',
            'box_type_3d',
            'sample_idx',
            'lidar_path',
            'img_path',
            'num_pts_feats',
            'num_views',
        ],
        type='Pack3DDetInputs'),
]
train_cfg = dict(by_epoch=True, max_epochs=20, val_interval=5)
train_dataloader = dict(
    batch_size=1,
    dataset=dict(
        dataset=dict(
            ann_file='nuscenes_infos_train.pkl',
            box_type_3d='LiDAR',
            data_prefix=dict(
                CAM_BACK='samples/CAM_BACK',
                CAM_BACK_LEFT='samples/CAM_BACK_LEFT',
                CAM_BACK_RIGHT='samples/CAM_BACK_RIGHT',
                CAM_FRONT='samples/CAM_FRONT',
                CAM_FRONT_LEFT='samples/CAM_FRONT_LEFT',
                CAM_FRONT_RIGHT='samples/CAM_FRONT_RIGHT',
                pts='samples/LIDAR_TOP',
                sweeps='sweeps/LIDAR_TOP'),
            data_root='/media/xavier02/Sparkles1/nuscenes/',
            metainfo=dict(classes=[
                'car',
                'truck',
                'construction_vehicle',
                'bus',
                'trailer',
                'barrier',
                'motorcycle',
                'bicycle',
                'pedestrian',
                'traffic_cone',
            ]),
            modality=dict(use_camera=False, use_lidar=True),
            pipeline=[
                dict(
                    backend_args=None,
                    coord_type='LIDAR',
                    load_dim=5,
                    type='LoadPointsFromFile',
                    use_dim=5),
                dict(
                    backend_args=None,
                    load_dim=5,
                    pad_empty_sweeps=True,
                    remove_close=True,
                    sweeps_num=9,
                    type='LoadPointsFromMultiSweeps',
                    use_dim=5),
                dict(
                    type='LoadAnnotations3D',
                    with_attr_label=False,
                    with_bbox_3d=True,
                    with_label_3d=True),
                dict(
                    db_sampler=dict(
                        classes=[
                            'car',
                            'truck',
                            'construction_vehicle',
                            'bus',
                            'trailer',
                            'barrier',
                            'motorcycle',
                            'bicycle',
                            'pedestrian',
                            'traffic_cone',
                        ],
                        data_root='/media/xavier02/Sparkles1/nuscenes/',
                        info_path=
                        '/media/xavier02/Sparkles1/nuscenes/nuscenes_dbinfos_train.pkl',
                        points_loader=dict(
                            backend_args=None,
                            coord_type='LIDAR',
                            load_dim=5,
                            type='LoadPointsFromFile',
                            use_dim=[
                                0,
                                1,
                                2,
                                3,
                                4,
                            ]),
                        prepare=dict(
                            filter_by_difficulty=[
                                -1,
                            ],
                            filter_by_min_points=dict(
                                barrier=5,
                                bicycle=5,
                                bus=5,
                                car=5,
                                construction_vehicle=5,
                                motorcycle=5,
                                pedestrian=5,
                                traffic_cone=5,
                                trailer=5,
                                truck=5)),
                        rate=1.0,
                        sample_groups=dict(
                            barrier=2,
                            bicycle=6,
                            bus=4,
                            car=2,
                            construction_vehicle=7,
                            motorcycle=6,
                            pedestrian=2,
                            traffic_cone=2,
                            trailer=6,
                            truck=3)),
                    type='ObjectSample'),
                dict(
                    rot_range=[
                        -0.78539816,
                        0.78539816,
                    ],
                    scale_ratio_range=[
                        0.9,
                        1.1,
                    ],
                    translation_std=0.5,
                    type='GlobalRotScaleTrans'),
                dict(type='BEVFusionRandomFlip3D'),
                dict(
                    point_cloud_range=[
                        -54.0,
                        -54.0,
                        -5.0,
                        54.0,
                        54.0,
                        3.0,
                    ],
                    type='PointsRangeFilter'),
                dict(
                    point_cloud_range=[
                        -54.0,
                        -54.0,
                        -5.0,
                        54.0,
                        54.0,
                        3.0,
                    ],
                    type='ObjectRangeFilter'),
                dict(
                    classes=[
                        'car',
                        'truck',
                        'construction_vehicle',
                        'bus',
                        'trailer',
                        'barrier',
                        'motorcycle',
                        'bicycle',
                        'pedestrian',
                        'traffic_cone',
                    ],
                    type='ObjectNameFilter'),
                dict(type='PointShuffle'),
                dict(
                    keys=[
                        'points',
                        'img',
                        'gt_bboxes_3d',
                        'gt_labels_3d',
                        'gt_bboxes',
                        'gt_labels',
                    ],
                    meta_keys=[
                        'cam2img',
                        'ori_cam2img',
                        'lidar2cam',
                        'lidar2img',
                        'cam2lidar',
                        'ori_lidar2img',
                        'img_aug_matrix',
                        'box_type_3d',
                        'sample_idx',
                        'lidar_path',
                        'img_path',
                        'transformation_3d_flow',
                        'pcd_rotation',
                        'pcd_scale_factor',
                        'pcd_trans',
                        'img_aug_matrix',
                        'lidar_aug_matrix',
                    ],
                    type='Pack3DDetInputs'),
            ],
            test_mode=False,
            type='NuScenesDataset',
            use_valid_flag=True),
        type='CBGSDataset'),
    num_workers=1,
    persistent_workers=True,
    sampler=dict(shuffle=True, type='DefaultSampler'))
train_pipeline = [
    dict(
        backend_args=None,
        coord_type='LIDAR',
        load_dim=5,
        type='LoadPointsFromFile',
        use_dim=5),
    dict(
        backend_args=None,
        load_dim=5,
        pad_empty_sweeps=True,
        remove_close=True,
        sweeps_num=9,
        type='LoadPointsFromMultiSweeps',
        use_dim=5),
    dict(
        type='LoadAnnotations3D',
        with_attr_label=False,
        with_bbox_3d=True,
        with_label_3d=True),
    dict(
        db_sampler=dict(
            classes=[
                'car',
                'truck',
                'construction_vehicle',
                'bus',
                'trailer',
                'barrier',
                'motorcycle',
                'bicycle',
                'pedestrian',
                'traffic_cone',
            ],
            data_root='/media/xavier02/Sparkles1/nuscenes/',
            info_path=
            '/media/xavier02/Sparkles1/nuscenes/nuscenes_dbinfos_train.pkl',
            points_loader=dict(
                backend_args=None,
                coord_type='LIDAR',
                load_dim=5,
                type='LoadPointsFromFile',
                use_dim=[
                    0,
                    1,
                    2,
                    3,
                    4,
                ]),
            prepare=dict(
                filter_by_difficulty=[
                    -1,
                ],
                filter_by_min_points=dict(
                    barrier=5,
                    bicycle=5,
                    bus=5,
                    car=5,
                    construction_vehicle=5,
                    motorcycle=5,
                    pedestrian=5,
                    traffic_cone=5,
                    trailer=5,
                    truck=5)),
            rate=1.0,
            sample_groups=dict(
                barrier=2,
                bicycle=6,
                bus=4,
                car=2,
                construction_vehicle=7,
                motorcycle=6,
                pedestrian=2,
                traffic_cone=2,
                trailer=6,
                truck=3)),
        type='ObjectSample'),
    dict(
        rot_range=[
            -0.78539816,
            0.78539816,
        ],
        scale_ratio_range=[
            0.9,
            1.1,
        ],
        translation_std=0.5,
        type='GlobalRotScaleTrans'),
    dict(type='BEVFusionRandomFlip3D'),
    dict(
        point_cloud_range=[
            -54.0,
            -54.0,
            -5.0,
            54.0,
            54.0,
            3.0,
        ],
        type='PointsRangeFilter'),
    dict(
        point_cloud_range=[
            -54.0,
            -54.0,
            -5.0,
            54.0,
            54.0,
            3.0,
        ],
        type='ObjectRangeFilter'),
    dict(
        classes=[
            'car',
            'truck',
            'construction_vehicle',
            'bus',
            'trailer',
            'barrier',
            'motorcycle',
            'bicycle',
            'pedestrian',
            'traffic_cone',
        ],
        type='ObjectNameFilter'),
    dict(type='PointShuffle'),
    dict(
        keys=[
            'points',
            'img',
            'gt_bboxes_3d',
            'gt_labels_3d',
            'gt_bboxes',
            'gt_labels',
        ],
        meta_keys=[
            'cam2img',
            'ori_cam2img',
            'lidar2cam',
            'lidar2img',
            'cam2lidar',
            'ori_lidar2img',
            'img_aug_matrix',
            'box_type_3d',
            'sample_idx',
            'lidar_path',
            'img_path',
            'transformation_3d_flow',
            'pcd_rotation',
            'pcd_scale_factor',
            'pcd_trans',
            'img_aug_matrix',
            'lidar_aug_matrix',
        ],
        type='Pack3DDetInputs'),
]
val_cfg = dict()
val_dataloader = dict(
    batch_size=1,
    dataset=dict(
        ann_file='nuscenes_infos_val.pkl',
        backend_args=None,
        box_type_3d='LiDAR',
        data_prefix=dict(
            CAM_BACK='samples/CAM_BACK',
            CAM_BACK_LEFT='samples/CAM_BACK_LEFT',
            CAM_BACK_RIGHT='samples/CAM_BACK_RIGHT',
            CAM_FRONT='samples/CAM_FRONT',
            CAM_FRONT_LEFT='samples/CAM_FRONT_LEFT',
            CAM_FRONT_RIGHT='samples/CAM_FRONT_RIGHT',
            pts='samples/LIDAR_TOP',
            sweeps='sweeps/LIDAR_TOP'),
        data_root='/media/xavier02/Sparkles1/nuscenes/',
        metainfo=dict(classes=[
            'car',
            'truck',
            'construction_vehicle',
            'bus',
            'trailer',
            'barrier',
            'motorcycle',
            'bicycle',
            'pedestrian',
            'traffic_cone',
        ]),
        modality=dict(use_camera=False, use_lidar=True),
        pipeline=[
            dict(
                backend_args=None,
                coord_type='LIDAR',
                load_dim=5,
                type='LoadPointsFromFile',
                use_dim=5),
            dict(
                backend_args=None,
                load_dim=5,
                pad_empty_sweeps=True,
                remove_close=True,
                sweeps_num=9,
                type='LoadPointsFromMultiSweeps',
                use_dim=5),
            dict(type='PointShuffle'),
            dict(num_points=225000, type='PointSample'),
            dict(
                point_cloud_range=[
                    -54.0,
                    -54.0,
                    -5.0,
                    54.0,
                    54.0,
                    3.0,
                ],
                type='PointsRangeFilter'),
            dict(
                keys=[
                    'img',
                    'points',
                    'gt_bboxes_3d',
                    'gt_labels_3d',
                ],
                meta_keys=[
                    'cam2img',
                    'ori_cam2img',
                    'lidar2cam',
                    'lidar2img',
                    'cam2lidar',
                    'ori_lidar2img',
                    'img_aug_matrix',
                    'box_type_3d',
                    'sample_idx',
                    'lidar_path',
                    'img_path',
                    'num_pts_feats',
                    'num_views',
                ],
                type='Pack3DDetInputs'),
        ],
        test_mode=True,
        type='NuScenesDataset'),
    drop_last=False,
    num_workers=4,
    persistent_workers=True,
    sampler=dict(shuffle=False, type='DefaultSampler'))
val_evaluator = dict(
    ann_file='/media/xavier02/Sparkles1/nuscenes/nuscenes_infos_val.pkl',
    backend_args=None,
    data_root='/media/xavier02/Sparkles1/nuscenes/',
    metric='bbox',
    type='NuScenesMetric')
vis_backends = [
    dict(type='LocalVisBackend'),
]
visualizer = dict(
    name='visualizer',
    type='Det3DLocalVisualizer',
    vis_backends=[
        dict(type='LocalVisBackend'),
    ])
voxel_size = [
    0.075,
    0.075,
    0.2,
]
work_dir = './work_dirs/bevfusion_lidar_voxel0075_225k'

2024/12/09 01:10:00 - mmengine - INFO - Distributed training is not used, all SyncBatchNorm (SyncBN) layers in the model will be automatically reverted to BatchNormXd layers if they are used.
2024/12/09 01:10:00 - mmengine - INFO - Hooks will be executed in the following order:
before_run:
(VERY_HIGH   ) RuntimeInfoHook                    
(BELOW_NORMAL) LoggerHook                         
 -------------------- 
before_train:
(VERY_HIGH   ) RuntimeInfoHook                    
(NORMAL      ) IterTimerHook                      
(VERY_LOW    ) CheckpointHook                     
 -------------------- 
before_train_epoch:
(VERY_HIGH   ) RuntimeInfoHook                    
(NORMAL      ) IterTimerHook                      
(NORMAL      ) DistSamplerSeedHook                
(NORMAL      ) DisableObjectSampleHook            
 -------------------- 
before_train_iter:
(VERY_HIGH   ) RuntimeInfoHook                    
(NORMAL      ) IterTimerHook                      
 -------------------- 
after_train_iter:
(VERY_HIGH   ) RuntimeInfoHook                    
(NORMAL      ) IterTimerHook                      
(BELOW_NORMAL) LoggerHook                         
(LOW         ) ParamSchedulerHook                 
(VERY_LOW    ) CheckpointHook                     
 -------------------- 
after_train_epoch:
(NORMAL      ) IterTimerHook                      
(LOW         ) ParamSchedulerHook                 
(VERY_LOW    ) CheckpointHook                     
 -------------------- 
before_val:
(VERY_HIGH   ) RuntimeInfoHook                    
 -------------------- 
before_val_epoch:
(NORMAL      ) IterTimerHook                      
 -------------------- 
before_val_iter:
(NORMAL      ) IterTimerHook                      
 -------------------- 
after_val_iter:
(NORMAL      ) IterTimerHook                      
(NORMAL      ) Det3DVisualizationHook             
(BELOW_NORMAL) LoggerHook                         
 -------------------- 
after_val_epoch:
(VERY_HIGH   ) RuntimeInfoHook                    
(NORMAL      ) IterTimerHook                      
(BELOW_NORMAL) LoggerHook                         
(LOW         ) ParamSchedulerHook                 
(VERY_LOW    ) CheckpointHook                     
 -------------------- 
after_val:
(VERY_HIGH   ) RuntimeInfoHook                    
 -------------------- 
after_train:
(VERY_HIGH   ) RuntimeInfoHook                    
(VERY_LOW    ) CheckpointHook                     
 -------------------- 
before_test:
(VERY_HIGH   ) RuntimeInfoHook                    
 -------------------- 
before_test_epoch:
(NORMAL      ) IterTimerHook                      
 -------------------- 
before_test_iter:
(NORMAL      ) IterTimerHook                      
 -------------------- 
after_test_iter:
(NORMAL      ) IterTimerHook                      
(NORMAL      ) Det3DVisualizationHook             
(BELOW_NORMAL) LoggerHook                         
 -------------------- 
after_test_epoch:
(VERY_HIGH   ) RuntimeInfoHook                    
(NORMAL      ) IterTimerHook                      
(BELOW_NORMAL) LoggerHook                         
 -------------------- 
after_test:
(VERY_HIGH   ) RuntimeInfoHook                    
 -------------------- 
after_run:
(BELOW_NORMAL) LoggerHook                         
 -------------------- 
2024/12/09 01:10:39 - mmengine - INFO - ------------------------------
2024/12/09 01:10:39 - mmengine - INFO - The length of test dataset: 6019
2024/12/09 01:10:39 - mmengine - INFO - The number of instances per category in the dataset:
+----------------------+--------+
| category             | number |
+----------------------+--------+
| car                  | 80004  |
| truck                | 15704  |
| construction_vehicle | 2678   |
| bus                  | 3158   |
| trailer              | 4159   |
| barrier              | 26992  |
| motorcycle           | 2508   |
| bicycle              | 2381   |
| pedestrian           | 34347  |
| traffic_cone         | 15597  |
+----------------------+--------+
2024/12/09 01:10:44 - mmengine - INFO - Load checkpoint from projects/BEVFusion/configs/MMCV_Lidar_own.pth
2024/12/09 01:11:22 - mmengine - INFO - Epoch(test) [  50/6019]    eta: 1:16:25  time: 0.7682  data_time: 0.0185  memory: 432  
2024/12/09 01:12:01 - mmengine - INFO - Epoch(test) [ 100/6019]    eta: 1:15:40  time: 0.7659  data_time: 0.0078  memory: 432  
2024/12/09 01:12:37 - mmengine - INFO - Epoch(test) [ 150/6019]    eta: 1:14:00  time: 0.7356  data_time: 0.0077  memory: 432  
2024/12/09 01:13:15 - mmengine - INFO - Epoch(test) [ 200/6019]    eta: 1:13:10  time: 0.7481  data_time: 0.0077  memory: 433  
2024/12/09 01:13:51 - mmengine - INFO - Epoch(test) [ 250/6019]    eta: 1:11:47  time: 0.7158  data_time: 0.0076  memory: 432  
2024/12/09 01:14:26 - mmengine - INFO - Epoch(test) [ 300/6019]    eta: 1:10:27  time: 0.7017  data_time: 0.0087  memory: 432  
2024/12/09 01:15:02 - mmengine - INFO - Epoch(test) [ 350/6019]    eta: 1:09:36  time: 0.7214  data_time: 0.0079  memory: 432  
2024/12/09 01:15:39 - mmengine - INFO - Epoch(test) [ 400/6019]    eta: 1:08:58  time: 0.7352  data_time: 0.0081  memory: 433  
2024/12/09 01:16:15 - mmengine - INFO - Epoch(test) [ 450/6019]    eta: 1:08:14  time: 0.7243  data_time: 0.0077  memory: 433  
2024/12/09 01:16:50 - mmengine - INFO - Epoch(test) [ 500/6019]    eta: 1:07:24  time: 0.7114  data_time: 0.0075  memory: 432  
2024/12/09 01:17:27 - mmengine - INFO - Epoch(test) [ 550/6019]    eta: 1:06:51  time: 0.7415  data_time: 0.0080  memory: 432  
2024/12/09 01:18:04 - mmengine - INFO - Epoch(test) [ 600/6019]    eta: 1:06:12  time: 0.7274  data_time: 0.0080  memory: 433  
2024/12/09 01:18:36 - mmengine - INFO - Epoch(test) [ 650/6019]    eta: 1:04:57  time: 0.6416  data_time: 0.0080  memory: 432  
2024/12/09 01:19:10 - mmengine - INFO - Epoch(test) [ 700/6019]    eta: 1:04:02  time: 0.6748  data_time: 0.0079  memory: 432  
2024/12/09 01:19:45 - mmengine - INFO - Epoch(test) [ 750/6019]    eta: 1:03:18  time: 0.7006  data_time: 0.0075  memory: 432  
2024/12/09 01:20:19 - mmengine - INFO - Epoch(test) [ 800/6019]    eta: 1:02:31  time: 0.6877  data_time: 0.0077  memory: 432  
2024/12/09 01:20:51 - mmengine - INFO - Epoch(test) [ 850/6019]    eta: 1:01:30  time: 0.6362  data_time: 0.0081  memory: 432  
2024/12/09 01:21:26 - mmengine - INFO - Epoch(test) [ 900/6019]    eta: 1:00:52  time: 0.7045  data_time: 0.0078  memory: 433  
2024/12/09 01:22:02 - mmengine - INFO - Epoch(test) [ 950/6019]    eta: 1:00:18  time: 0.7227  data_time: 0.0079  memory: 433  
2024/12/09 01:22:38 - mmengine - INFO - Epoch(test) [1000/6019]    eta: 0:59:43  time: 0.7160  data_time: 0.0078  memory: 432  
2024/12/09 01:23:14 - mmengine - INFO - Epoch(test) [1050/6019]    eta: 0:59:09  time: 0.7217  data_time: 0.0088  memory: 432  
2024/12/09 01:23:50 - mmengine - INFO - Epoch(test) [1100/6019]    eta: 0:58:34  time: 0.7144  data_time: 0.0079  memory: 432  
2024/12/09 01:24:26 - mmengine - INFO - Epoch(test) [1150/6019]    eta: 0:57:58  time: 0.7136  data_time: 0.0079  memory: 432  
2024/12/09 01:25:03 - mmengine - INFO - Epoch(test) [1200/6019]    eta: 0:57:27  time: 0.7390  data_time: 0.0080  memory: 433  
2024/12/09 01:25:39 - mmengine - INFO - Epoch(test) [1250/6019]    eta: 0:56:55  time: 0.7370  data_time: 0.0081  memory: 432  
2024/12/09 01:26:15 - mmengine - INFO - Epoch(test) [1300/6019]    eta: 0:56:17  time: 0.7019  data_time: 0.0077  memory: 433  
2024/12/09 01:26:51 - mmengine - INFO - Epoch(test) [1350/6019]    eta: 0:55:42  time: 0.7213  data_time: 0.0085  memory: 433  
2024/12/09 01:27:25 - mmengine - INFO - Epoch(test) [1400/6019]    eta: 0:55:01  time: 0.6813  data_time: 0.0077  memory: 432  
2024/12/09 01:28:00 - mmengine - INFO - Epoch(test) [1450/6019]    eta: 0:54:22  time: 0.6964  data_time: 0.0074  memory: 432  
2024/12/09 01:28:37 - mmengine - INFO - Epoch(test) [1500/6019]    eta: 0:53:52  time: 0.7494  data_time: 0.0085  memory: 432  
2024/12/09 01:29:13 - mmengine - INFO - Epoch(test) [1550/6019]    eta: 0:53:16  time: 0.7184  data_time: 0.0087  memory: 433  
2024/12/09 01:29:47 - mmengine - INFO - Epoch(test) [1600/6019]    eta: 0:52:35  time: 0.6764  data_time: 0.0081  memory: 432  
2024/12/09 01:30:22 - mmengine - INFO - Epoch(test) [1650/6019]    eta: 0:51:59  time: 0.7113  data_time: 0.0082  memory: 432  
2024/12/09 01:30:56 - mmengine - INFO - Epoch(test) [1700/6019]    eta: 0:51:18  time: 0.6722  data_time: 0.0075  memory: 433  
2024/12/09 01:31:32 - mmengine - INFO - Epoch(test) [1750/6019]    eta: 0:50:43  time: 0.7206  data_time: 0.0079  memory: 432  
2024/12/09 01:32:06 - mmengine - INFO - Epoch(test) [1800/6019]    eta: 0:50:04  time: 0.6796  data_time: 0.0076  memory: 432  
2024/12/09 01:32:42 - mmengine - INFO - Epoch(test) [1850/6019]    eta: 0:49:30  time: 0.7251  data_time: 0.0081  memory: 433  
2024/12/09 01:33:14 - mmengine - INFO - Epoch(test) [1900/6019]    eta: 0:48:46  time: 0.6409  data_time: 0.0078  memory: 432  
2024/12/09 01:33:48 - mmengine - INFO - Epoch(test) [1950/6019]    eta: 0:48:07  time: 0.6734  data_time: 0.0081  memory: 432  
2024/12/09 01:34:22 - mmengine - INFO - Epoch(test) [2000/6019]    eta: 0:47:29  time: 0.6853  data_time: 0.0077  memory: 432  
2024/12/09 01:34:58 - mmengine - INFO - Epoch(test) [2050/6019]    eta: 0:46:54  time: 0.7168  data_time: 0.0078  memory: 432  
2024/12/09 01:35:36 - mmengine - INFO - Epoch(test) [2100/6019]    eta: 0:46:23  time: 0.7511  data_time: 0.0080  memory: 433  
2024/12/09 01:36:12 - mmengine - INFO - Epoch(test) [2150/6019]    eta: 0:45:49  time: 0.7306  data_time: 0.0079  memory: 433  
2024/12/09 01:36:50 - mmengine - INFO - Epoch(test) [2200/6019]    eta: 0:45:18  time: 0.7584  data_time: 0.0088  memory: 433  
2024/12/09 01:37:26 - mmengine - INFO - Epoch(test) [2250/6019]    eta: 0:44:42  time: 0.7119  data_time: 0.0079  memory: 433  
2024/12/09 01:37:59 - mmengine - INFO - Epoch(test) [2300/6019]    eta: 0:44:03  time: 0.6708  data_time: 0.0077  memory: 432  
2024/12/09 01:38:30 - mmengine - INFO - Epoch(test) [2350/6019]    eta: 0:43:21  time: 0.6244  data_time: 0.0076  memory: 432  
2024/12/09 01:39:06 - mmengine - INFO - Epoch(test) [2400/6019]    eta: 0:42:45  time: 0.7021  data_time: 0.0079  memory: 432  
2024/12/09 01:39:40 - mmengine - INFO - Epoch(test) [2450/6019]    eta: 0:42:08  time: 0.6852  data_time: 0.0074  memory: 432  
2024/12/09 01:40:13 - mmengine - INFO - Epoch(test) [2500/6019]    eta: 0:41:29  time: 0.6563  data_time: 0.0075  memory: 432  
2024/12/09 01:40:47 - mmengine - INFO - Epoch(test) [2550/6019]    eta: 0:40:52  time: 0.6939  data_time: 0.0079  memory: 432  
2024/12/09 01:41:19 - mmengine - INFO - Epoch(test) [2600/6019]    eta: 0:40:12  time: 0.6303  data_time: 0.0075  memory: 432  
2024/12/09 01:41:53 - mmengine - INFO - Epoch(test) [2650/6019]    eta: 0:39:35  time: 0.6812  data_time: 0.0082  memory: 433  
2024/12/09 01:42:28 - mmengine - INFO - Epoch(test) [2700/6019]    eta: 0:39:00  time: 0.7098  data_time: 0.0079  memory: 432  
2024/12/09 01:43:02 - mmengine - INFO - Epoch(test) [2750/6019]    eta: 0:38:23  time: 0.6762  data_time: 0.0077  memory: 432  
2024/12/09 01:43:37 - mmengine - INFO - Epoch(test) [2800/6019]    eta: 0:37:47  time: 0.6948  data_time: 0.0078  memory: 432  
2024/12/09 01:44:12 - mmengine - INFO - Epoch(test) [2850/6019]    eta: 0:37:12  time: 0.6937  data_time: 0.0078  memory: 432  
2024/12/09 01:44:46 - mmengine - INFO - Epoch(test) [2900/6019]    eta: 0:36:36  time: 0.6917  data_time: 0.0075  memory: 432  
2024/12/09 01:45:20 - mmengine - INFO - Epoch(test) [2950/6019]    eta: 0:35:59  time: 0.6804  data_time: 0.0086  memory: 432  
2024/12/09 01:45:56 - mmengine - INFO - Epoch(test) [3000/6019]    eta: 0:35:24  time: 0.7053  data_time: 0.0074  memory: 432  
2024/12/09 01:46:32 - mmengine - INFO - Epoch(test) [3050/6019]    eta: 0:34:50  time: 0.7196  data_time: 0.0075  memory: 432  
2024/12/09 01:47:04 - mmengine - INFO - Epoch(test) [3100/6019]    eta: 0:34:12  time: 0.6572  data_time: 0.0078  memory: 432  
2024/12/09 01:47:34 - mmengine - INFO - Epoch(test) [3150/6019]    eta: 0:33:32  time: 0.5849  data_time: 0.0074  memory: 432  
2024/12/09 01:48:07 - mmengine - INFO - Epoch(test) [3200/6019]    eta: 0:32:55  time: 0.6629  data_time: 0.0074  memory: 432  
2024/12/09 01:48:42 - mmengine - INFO - Epoch(test) [3250/6019]    eta: 0:32:20  time: 0.6997  data_time: 0.0078  memory: 432  
2024/12/09 01:49:17 - mmengine - INFO - Epoch(test) [3300/6019]    eta: 0:31:45  time: 0.6995  data_time: 0.0076  memory: 432  
2024/12/09 01:49:49 - mmengine - INFO - Epoch(test) [3350/6019]    eta: 0:31:08  time: 0.6470  data_time: 0.0077  memory: 432  
2024/12/09 01:50:22 - mmengine - INFO - Epoch(test) [3400/6019]    eta: 0:30:31  time: 0.6456  data_time: 0.0075  memory: 432  
2024/12/09 01:50:54 - mmengine - INFO - Epoch(test) [3450/6019]    eta: 0:29:54  time: 0.6547  data_time: 0.0074  memory: 432  
2024/12/09 01:51:27 - mmengine - INFO - Epoch(test) [3500/6019]    eta: 0:29:18  time: 0.6602  data_time: 0.0076  memory: 432  
2024/12/09 01:51:58 - mmengine - INFO - Epoch(test) [3550/6019]    eta: 0:28:40  time: 0.6138  data_time: 0.0075  memory: 432  
2024/12/09 01:52:33 - mmengine - INFO - Epoch(test) [3600/6019]    eta: 0:28:05  time: 0.6914  data_time: 0.0078  memory: 432  
2024/12/09 01:53:07 - mmengine - INFO - Epoch(test) [3650/6019]    eta: 0:27:30  time: 0.6955  data_time: 0.0077  memory: 432  
2024/12/09 01:53:37 - mmengine - INFO - Epoch(test) [3700/6019]    eta: 0:26:52  time: 0.6006  data_time: 0.0076  memory: 432  
2024/12/09 01:54:12 - mmengine - INFO - Epoch(test) [3750/6019]    eta: 0:26:17  time: 0.6830  data_time: 0.0076  memory: 432  
2024/12/09 01:54:49 - mmengine - INFO - Epoch(test) [3800/6019]    eta: 0:25:44  time: 0.7436  data_time: 0.0078  memory: 432  
2024/12/09 01:55:23 - mmengine - INFO - Epoch(test) [3850/6019]    eta: 0:25:09  time: 0.6891  data_time: 0.0075  memory: 432  
2024/12/09 01:56:01 - mmengine - INFO - Epoch(test) [3900/6019]    eta: 0:24:35  time: 0.7527  data_time: 0.0077  memory: 432  
2024/12/09 01:56:38 - mmengine - INFO - Epoch(test) [3950/6019]    eta: 0:24:02  time: 0.7363  data_time: 0.0079  memory: 432  
2024/12/09 01:57:15 - mmengine - INFO - Epoch(test) [4000/6019]    eta: 0:23:28  time: 0.7408  data_time: 0.0076  memory: 432  
2024/12/09 01:57:49 - mmengine - INFO - Epoch(test) [4050/6019]    eta: 0:22:53  time: 0.6849  data_time: 0.0077  memory: 432  
2024/12/09 01:58:23 - mmengine - INFO - Epoch(test) [4100/6019]    eta: 0:22:18  time: 0.6863  data_time: 0.0077  memory: 432  
2024/12/09 01:58:59 - mmengine - INFO - Epoch(test) [4150/6019]    eta: 0:21:43  time: 0.7192  data_time: 0.0077  memory: 433  
2024/12/09 01:59:35 - mmengine - INFO - Epoch(test) [4200/6019]    eta: 0:21:09  time: 0.7152  data_time: 0.0077  memory: 432  
2024/12/09 02:00:09 - mmengine - INFO - Epoch(test) [4250/6019]    eta: 0:20:33  time: 0.6837  data_time: 0.0078  memory: 432  
2024/12/09 02:00:43 - mmengine - INFO - Epoch(test) [4300/6019]    eta: 0:19:58  time: 0.6675  data_time: 0.0078  memory: 432  
2024/12/09 02:01:17 - mmengine - INFO - Epoch(test) [4350/6019]    eta: 0:19:23  time: 0.6932  data_time: 0.0076  memory: 432  
2024/12/09 02:01:54 - mmengine - INFO - Epoch(test) [4400/6019]    eta: 0:18:49  time: 0.7296  data_time: 0.0081  memory: 432  
2024/12/09 02:02:30 - mmengine - INFO - Epoch(test) [4450/6019]    eta: 0:18:14  time: 0.7188  data_time: 0.0078  memory: 432  
2024/12/09 02:03:05 - mmengine - INFO - Epoch(test) [4500/6019]    eta: 0:17:39  time: 0.7025  data_time: 0.0080  memory: 432  
2024/12/09 02:03:39 - mmengine - INFO - Epoch(test) [4550/6019]    eta: 0:17:05  time: 0.6930  data_time: 0.0080  memory: 433  
2024/12/09 02:04:15 - mmengine - INFO - Epoch(test) [4600/6019]    eta: 0:16:30  time: 0.7172  data_time: 0.0074  memory: 433  
2024/12/09 02:04:51 - mmengine - INFO - Epoch(test) [4650/6019]    eta: 0:15:55  time: 0.7226  data_time: 0.0076  memory: 432  
2024/12/09 02:05:27 - mmengine - INFO - Epoch(test) [4700/6019]    eta: 0:15:21  time: 0.7119  data_time: 0.0077  memory: 433  
2024/12/09 02:06:03 - mmengine - INFO - Epoch(test) [4750/6019]    eta: 0:14:46  time: 0.7141  data_time: 0.0079  memory: 432  
2024/12/09 02:06:39 - mmengine - INFO - Epoch(test) [4800/6019]    eta: 0:14:11  time: 0.7215  data_time: 0.0078  memory: 432  
2024/12/09 02:07:14 - mmengine - INFO - Epoch(test) [4850/6019]    eta: 0:13:36  time: 0.6927  data_time: 0.0075  memory: 432  
2024/12/09 02:07:48 - mmengine - INFO - Epoch(test) [4900/6019]    eta: 0:13:01  time: 0.6962  data_time: 0.0076  memory: 433  
2024/12/09 02:08:23 - mmengine - INFO - Epoch(test) [4950/6019]    eta: 0:12:26  time: 0.6838  data_time: 0.0075  memory: 432  
2024/12/09 02:08:58 - mmengine - INFO - Epoch(test) [5000/6019]    eta: 0:11:51  time: 0.7030  data_time: 0.0076  memory: 432  
2024/12/09 02:09:32 - mmengine - INFO - Epoch(test) [5050/6019]    eta: 0:11:16  time: 0.6864  data_time: 0.0076  memory: 432  
2024/12/09 02:10:06 - mmengine - INFO - Epoch(test) [5100/6019]    eta: 0:10:41  time: 0.6892  data_time: 0.0075  memory: 432  
2024/12/09 02:10:43 - mmengine - INFO - Epoch(test) [5150/6019]    eta: 0:10:07  time: 0.7347  data_time: 0.0079  memory: 432  
2024/12/09 02:11:18 - mmengine - INFO - Epoch(test) [5200/6019]    eta: 0:09:32  time: 0.6921  data_time: 0.0077  memory: 432  
2024/12/09 02:11:53 - mmengine - INFO - Epoch(test) [5250/6019]    eta: 0:08:57  time: 0.6932  data_time: 0.0077  memory: 432  
2024/12/09 02:12:24 - mmengine - INFO - Epoch(test) [5300/6019]    eta: 0:08:21  time: 0.6382  data_time: 0.0075  memory: 432  
2024/12/09 02:12:58 - mmengine - INFO - Epoch(test) [5350/6019]    eta: 0:07:46  time: 0.6666  data_time: 0.0076  memory: 432  
2024/12/09 02:13:33 - mmengine - INFO - Epoch(test) [5400/6019]    eta: 0:07:11  time: 0.7023  data_time: 0.0078  memory: 432  
2024/12/09 02:14:08 - mmengine - INFO - Epoch(test) [5450/6019]    eta: 0:06:37  time: 0.7006  data_time: 0.0077  memory: 432  
2024/12/09 02:14:44 - mmengine - INFO - Epoch(test) [5500/6019]    eta: 0:06:02  time: 0.7270  data_time: 0.0077  memory: 432  
2024/12/09 02:15:21 - mmengine - INFO - Epoch(test) [5550/6019]    eta: 0:05:27  time: 0.7388  data_time: 0.0074  memory: 433  
2024/12/09 02:15:58 - mmengine - INFO - Epoch(test) [5600/6019]    eta: 0:04:52  time: 0.7311  data_time: 0.0077  memory: 433  
2024/12/09 02:16:33 - mmengine - INFO - Epoch(test) [5650/6019]    eta: 0:04:17  time: 0.7114  data_time: 0.0076  memory: 432  
2024/12/09 02:17:11 - mmengine - INFO - Epoch(test) [5700/6019]    eta: 0:03:43  time: 0.7520  data_time: 0.0079  memory: 433  
2024/12/09 02:17:48 - mmengine - INFO - Epoch(test) [5750/6019]    eta: 0:03:08  time: 0.7436  data_time: 0.0078  memory: 433  
2024/12/09 02:18:23 - mmengine - INFO - Epoch(test) [5800/6019]    eta: 0:02:33  time: 0.6895  data_time: 0.0073  memory: 432  
2024/12/09 02:18:59 - mmengine - INFO - Epoch(test) [5850/6019]    eta: 0:01:58  time: 0.7307  data_time: 0.0078  memory: 432  
2024/12/09 02:19:37 - mmengine - INFO - Epoch(test) [5900/6019]    eta: 0:01:23  time: 0.7501  data_time: 0.0076  memory: 432  
2024/12/09 02:20:14 - mmengine - INFO - Epoch(test) [5950/6019]    eta: 0:00:48  time: 0.7385  data_time: 0.0079  memory: 433  
2024/12/09 02:20:48 - mmengine - INFO - Epoch(test) [6000/6019]    eta: 0:00:13  time: 0.6851  data_time: 0.0076  memory: 433  
2024/12/09 02:47:36 - mmengine - INFO - Epoch(test) [6019/6019]    NuScenes metric/pred_instances_3d_NuScenes/car_AP_dist_0.5: 0.7585  NuScenes metric/pred_instances_3d_NuScenes/car_AP_dist_1.0: 0.8564  NuScenes metric/pred_instances_3d_NuScenes/car_AP_dist_2.0: 0.8885  NuScenes metric/pred_instances_3d_NuScenes/car_AP_dist_4.0: 0.9010  NuScenes metric/pred_instances_3d_NuScenes/car_trans_err: 0.1814  NuScenes metric/pred_instances_3d_NuScenes/car_scale_err: 0.1567  NuScenes metric/pred_instances_3d_NuScenes/car_orient_err: 0.1222  NuScenes metric/pred_instances_3d_NuScenes/car_vel_err: 0.3051  NuScenes metric/pred_instances_3d_NuScenes/car_attr_err: 0.1850  NuScenes metric/pred_instances_3d_NuScenes/mATE: 0.2880  NuScenes metric/pred_instances_3d_NuScenes/mASE: 0.2585  NuScenes metric/pred_instances_3d_NuScenes/mAOE: 0.3446  NuScenes metric/pred_instances_3d_NuScenes/mAVE: 0.2935  NuScenes metric/pred_instances_3d_NuScenes/mAAE: 0.1904  NuScenes metric/pred_instances_3d_NuScenes/truck_AP_dist_0.5: 0.3992  NuScenes metric/pred_instances_3d_NuScenes/truck_AP_dist_1.0: 0.5706  NuScenes metric/pred_instances_3d_NuScenes/truck_AP_dist_2.0: 0.6482  NuScenes metric/pred_instances_3d_NuScenes/truck_AP_dist_4.0: 0.6814  NuScenes metric/pred_instances_3d_NuScenes/truck_trans_err: 0.3179  NuScenes metric/pred_instances_3d_NuScenes/truck_scale_err: 0.1837  NuScenes metric/pred_instances_3d_NuScenes/truck_orient_err: 0.1357  NuScenes metric/pred_instances_3d_NuScenes/truck_vel_err: 0.2746  NuScenes metric/pred_instances_3d_NuScenes/truck_attr_err: 0.2257  NuScenes metric/pred_instances_3d_NuScenes/construction_vehicle_AP_dist_0.5: 0.0216  NuScenes metric/pred_instances_3d_NuScenes/construction_vehicle_AP_dist_1.0: 0.1025  NuScenes metric/pred_instances_3d_NuScenes/construction_vehicle_AP_dist_2.0: 0.2130  NuScenes metric/pred_instances_3d_NuScenes/construction_vehicle_AP_dist_4.0: 0.2950  NuScenes metric/pred_instances_3d_NuScenes/construction_vehicle_trans_err: 0.7150  NuScenes metric/pred_instances_3d_NuScenes/construction_vehicle_scale_err: 0.4522  NuScenes metric/pred_instances_3d_NuScenes/construction_vehicle_orient_err: 1.0095  NuScenes metric/pred_instances_3d_NuScenes/construction_vehicle_vel_err: 0.1343  NuScenes metric/pred_instances_3d_NuScenes/construction_vehicle_attr_err: 0.3367  NuScenes metric/pred_instances_3d_NuScenes/bus_AP_dist_0.5: 0.4130  NuScenes metric/pred_instances_3d_NuScenes/bus_AP_dist_1.0: 0.6767  NuScenes metric/pred_instances_3d_NuScenes/bus_AP_dist_2.0: 0.8121  NuScenes metric/pred_instances_3d_NuScenes/bus_AP_dist_4.0: 0.8317  NuScenes metric/pred_instances_3d_NuScenes/bus_trans_err: 0.3423  NuScenes metric/pred_instances_3d_NuScenes/bus_scale_err: 0.1968  NuScenes metric/pred_instances_3d_NuScenes/bus_orient_err: 0.0909  NuScenes metric/pred_instances_3d_NuScenes/bus_vel_err: 0.4644  NuScenes metric/pred_instances_3d_NuScenes/bus_attr_err: 0.2517  NuScenes metric/pred_instances_3d_NuScenes/trailer_AP_dist_0.5: 0.1057  NuScenes metric/pred_instances_3d_NuScenes/trailer_AP_dist_1.0: 0.3168  NuScenes metric/pred_instances_3d_NuScenes/trailer_AP_dist_2.0: 0.4282  NuScenes metric/pred_instances_3d_NuScenes/trailer_AP_dist_4.0: 0.5113  NuScenes metric/pred_instances_3d_NuScenes/trailer_trans_err: 0.4991  NuScenes metric/pred_instances_3d_NuScenes/trailer_scale_err: 0.2054  NuScenes metric/pred_instances_3d_NuScenes/trailer_orient_err: 0.5826  NuScenes metric/pred_instances_3d_NuScenes/trailer_vel_err: 0.2502  NuScenes metric/pred_instances_3d_NuScenes/trailer_attr_err: 0.1654  NuScenes metric/pred_instances_3d_NuScenes/barrier_AP_dist_0.5: 0.5941  NuScenes metric/pred_instances_3d_NuScenes/barrier_AP_dist_1.0: 0.6900  NuScenes metric/pred_instances_3d_NuScenes/barrier_AP_dist_2.0: 0.7309  NuScenes metric/pred_instances_3d_NuScenes/barrier_AP_dist_4.0: 0.7441  NuScenes metric/pred_instances_3d_NuScenes/barrier_trans_err: 0.1949  NuScenes metric/pred_instances_3d_NuScenes/barrier_scale_err: 0.2783  NuScenes metric/pred_instances_3d_NuScenes/barrier_orient_err: 0.0667  NuScenes metric/pred_instances_3d_NuScenes/barrier_vel_err: nan  NuScenes metric/pred_instances_3d_NuScenes/barrier_attr_err: nan  NuScenes metric/pred_instances_3d_NuScenes/motorcycle_AP_dist_0.5: 0.4761  NuScenes metric/pred_instances_3d_NuScenes/motorcycle_AP_dist_1.0: 0.5337  NuScenes metric/pred_instances_3d_NuScenes/motorcycle_AP_dist_2.0: 0.5450  NuScenes metric/pred_instances_3d_NuScenes/motorcycle_AP_dist_4.0: 0.5515  NuScenes metric/pred_instances_3d_NuScenes/motorcycle_trans_err: 0.1921  NuScenes metric/pred_instances_3d_NuScenes/motorcycle_scale_err: 0.2339  NuScenes metric/pred_instances_3d_NuScenes/motorcycle_orient_err: 0.2422  NuScenes metric/pred_instances_3d_NuScenes/motorcycle_vel_err: 0.4896  NuScenes metric/pred_instances_3d_NuScenes/motorcycle_attr_err: 0.2500  NuScenes metric/pred_instances_3d_NuScenes/bicycle_AP_dist_0.5: 0.3777  NuScenes metric/pred_instances_3d_NuScenes/bicycle_AP_dist_1.0: 0.3874  NuScenes metric/pred_instances_3d_NuScenes/bicycle_AP_dist_2.0: 0.3882  NuScenes metric/pred_instances_3d_NuScenes/bicycle_AP_dist_4.0: 0.3911  NuScenes metric/pred_instances_3d_NuScenes/bicycle_trans_err: 0.1583  NuScenes metric/pred_instances_3d_NuScenes/bicycle_scale_err: 0.2621  NuScenes metric/pred_instances_3d_NuScenes/bicycle_orient_err: 0.4654  NuScenes metric/pred_instances_3d_NuScenes/bicycle_vel_err: 0.1913  NuScenes metric/pred_instances_3d_NuScenes/bicycle_attr_err: 0.0162  NuScenes metric/pred_instances_3d_NuScenes/pedestrian_AP_dist_0.5: 0.8197  NuScenes metric/pred_instances_3d_NuScenes/pedestrian_AP_dist_1.0: 0.8332  NuScenes metric/pred_instances_3d_NuScenes/pedestrian_AP_dist_2.0: 0.8450  NuScenes metric/pred_instances_3d_NuScenes/pedestrian_AP_dist_4.0: 0.8578  NuScenes metric/pred_instances_3d_NuScenes/pedestrian_trans_err: 0.1403  NuScenes metric/pred_instances_3d_NuScenes/pedestrian_scale_err: 0.2859  NuScenes metric/pred_instances_3d_NuScenes/pedestrian_orient_err: 0.3865  NuScenes metric/pred_instances_3d_NuScenes/pedestrian_vel_err: 0.2383  NuScenes metric/pred_instances_3d_NuScenes/pedestrian_attr_err: 0.0927  NuScenes metric/pred_instances_3d_NuScenes/traffic_cone_AP_dist_0.5: 0.6506  NuScenes metric/pred_instances_3d_NuScenes/traffic_cone_AP_dist_1.0: 0.6616  NuScenes metric/pred_instances_3d_NuScenes/traffic_cone_AP_dist_2.0: 0.6811  NuScenes metric/pred_instances_3d_NuScenes/traffic_cone_AP_dist_4.0: 0.7147  NuScenes metric/pred_instances_3d_NuScenes/traffic_cone_trans_err: 0.1384  NuScenes metric/pred_instances_3d_NuScenes/traffic_cone_scale_err: 0.3302  NuScenes metric/pred_instances_3d_NuScenes/traffic_cone_orient_err: nan  NuScenes metric/pred_instances_3d_NuScenes/traffic_cone_vel_err: nan  NuScenes metric/pred_instances_3d_NuScenes/traffic_cone_attr_err: nan  NuScenes metric/pred_instances_3d_NuScenes/NDS: 0.6488  NuScenes metric/pred_instances_3d_NuScenes/mAP: 0.5726  data_time: 0.0079  time: 0.7005
