2024/12/03 18:18:41 - mmengine - INFO - 
------------------------------------------------------------
System environment:
    sys.platform: linux
    Python: 3.8.10 (default, Jul 29 2024, 17:02:10) [GCC 9.4.0]
    CUDA available: True
    MUSA available: False
    numpy_random_seed: 1394287085
    GPU 0: Xavier
    CUDA_HOME: /usr/local/cuda-11.4
    NVCC: Cuda compilation tools, release 11.4, V11.4.315
    GCC: aarch64-linux-gnu-gcc (Ubuntu 9.4.0-1ubuntu1~20.04.2) 9.4.0
    PyTorch: 1.11.0
    PyTorch compiling details: PyTorch built with:
  - GCC 9.4
  - C++ Version: 201402
  - OpenMP 201511 (a.k.a. OpenMP 4.5)
  - LAPACK is enabled (usually provided by MKL)
  - NNPACK is enabled
  - CPU capability usage: NO AVX
  - CUDA Runtime 11.4
  - NVCC architecture flags: -gencode;arch=compute_72,code=sm_72;-gencode;arch=compute_87,code=sm_87
  - CuDNN 8.6
    - Built with CuDNN 8.3.2
  - Build settings: BLAS_INFO=open, BUILD_TYPE=Release, CUDA_VERSION=11.4, CUDNN_VERSION=8.3.2, CXX_COMPILER=/usr/bin/c++, CXX_FLAGS= -Wno-deprecated -fvisibility-inlines-hidden -DUSE_PTHREADPOOL -fopenmp -DNDEBUG -DUSE_KINETO -DLIBKINETO_NOCUPTI -DUSE_XNNPACK -DSYMBOLICATE_MOBILE_DEBUG_HANDLE -DEDGE_PROFILER_USE_KINETO -O2 -fPIC -Wno-narrowing -Wall -Wextra -Werror=return-type -Wno-missing-field-initializers -Wno-type-limits -Wno-array-bounds -Wno-unknown-pragmas -Wno-sign-compare -Wno-unused-parameter -Wno-unused-function -Wno-unused-result -Wno-unused-local-typedefs -Wno-strict-overflow -Wno-strict-aliasing -Wno-error=deprecated-declarations -Wno-stringop-overflow -Wno-psabi -Wno-error=pedantic -Wno-error=redundant-decls -Wno-error=old-style-cast -fdiagnostics-color=always -faligned-new -Wno-unused-but-set-variable -Wno-maybe-uninitialized -fno-math-errno -fno-trapping-math -Werror=format -Werror=cast-function-type -Wno-stringop-overflow, FORCE_FALLBACK_CUDA_MPI=1, LAPACK_INFO=open, TORCH_VERSION=1.11.0, USE_CUDA=ON, USE_CUDNN=ON, USE_EIGEN_FOR_BLAS=ON, USE_EXCEPTION_PTR=1, USE_GFLAGS=OFF, USE_GLOG=OFF, USE_MKL=OFF, USE_MKLDNN=OFF, USE_MPI=ON, USE_NCCL=0, USE_NNPACK=ON, USE_OPENMP=ON, USE_ROCM=OFF, 

    TorchVision: 0.12.0
    OpenCV: 4.10.0
    MMEngine: 0.10.5

Runtime environment:
    cudnn_benchmark: False
    mp_cfg: {'mp_start_method': 'fork', 'opencv_num_threads': 0}
    dist_cfg: {'backend': 'nccl'}
    seed: 1394287085
    Distributed launcher: none
    Distributed training: False
    GPU number: 1
------------------------------------------------------------

2024/12/03 18:18:43 - mmengine - INFO - Config:
auto_scale_lr = dict(base_batch_size=32, enable=False)
backend_args = None
class_names = [
    'car',
    'truck',
    'construction_vehicle',
    'bus',
    'trailer',
    'barrier',
    'motorcycle',
    'bicycle',
    'pedestrian',
    'traffic_cone',
]
custom_imports = dict(
    allow_failed_imports=False, imports=[
        'projects.BEVFusion.bevfusion',
    ])
data_prefix = dict(
    CAM_BACK='samples/CAM_BACK',
    CAM_BACK_LEFT='samples/CAM_BACK_LEFT',
    CAM_BACK_RIGHT='samples/CAM_BACK_RIGHT',
    CAM_FRONT='samples/CAM_FRONT',
    CAM_FRONT_LEFT='samples/CAM_FRONT_LEFT',
    CAM_FRONT_RIGHT='samples/CAM_FRONT_RIGHT',
    pts='samples/LIDAR_TOP',
    sweeps='sweeps/LIDAR_TOP')
data_root = '/media/xavier02/Sparkles1/nuscenes/'
dataset_type = 'NuScenesDataset'
db_sampler = dict(
    classes=[
        'car',
        'truck',
        'construction_vehicle',
        'bus',
        'trailer',
        'barrier',
        'motorcycle',
        'bicycle',
        'pedestrian',
        'traffic_cone',
    ],
    data_root='/media/xavier02/Sparkles1/nuscenes/',
    info_path='/media/xavier02/Sparkles1/nuscenes/nuscenes_dbinfos_train.pkl',
    points_loader=dict(
        backend_args=None,
        coord_type='LIDAR',
        load_dim=5,
        type='LoadPointsFromFile',
        use_dim=[
            0,
            1,
            2,
            3,
            4,
        ]),
    prepare=dict(
        filter_by_difficulty=[
            -1,
        ],
        filter_by_min_points=dict(
            barrier=5,
            bicycle=5,
            bus=5,
            car=5,
            construction_vehicle=5,
            motorcycle=5,
            pedestrian=5,
            traffic_cone=5,
            trailer=5,
            truck=5)),
    rate=1.0,
    sample_groups=dict(
        barrier=2,
        bicycle=6,
        bus=4,
        car=2,
        construction_vehicle=7,
        motorcycle=6,
        pedestrian=2,
        traffic_cone=2,
        trailer=6,
        truck=3))
default_hooks = dict(
    checkpoint=dict(interval=1, type='CheckpointHook'),
    logger=dict(interval=50, type='LoggerHook'),
    param_scheduler=dict(type='ParamSchedulerHook'),
    sampler_seed=dict(type='DistSamplerSeedHook'),
    timer=dict(type='IterTimerHook'),
    visualization=dict(type='Det3DVisualizationHook'))
default_scope = 'mmdet3d'
env_cfg = dict(
    cudnn_benchmark=False,
    dist_cfg=dict(backend='nccl'),
    mp_cfg=dict(mp_start_method='fork', opencv_num_threads=0))
input_modality = dict(use_camera=True, use_lidar=True)
launcher = 'none'
load_from = '/media/xavier02/xavier_ssd_500/mmdetection3d_source/mmdetection3d-main/projects/BEVFusion/configs/Cam_lid_ep6_fp16.pth'
log_level = 'INFO'
log_processor = dict(by_epoch=True, type='LogProcessor', window_size=50)
lr = 0.0001
metainfo = dict(classes=[
    'car',
    'truck',
    'construction_vehicle',
    'bus',
    'trailer',
    'barrier',
    'motorcycle',
    'bicycle',
    'pedestrian',
    'traffic_cone',
])
model = dict(
    bbox_head=dict(
        auxiliary=True,
        bbox_coder=dict(
            code_size=10,
            out_size_factor=8,
            pc_range=[
                -54.0,
                -54.0,
            ],
            post_center_range=[
                -61.2,
                -61.2,
                -10.0,
                61.2,
                61.2,
                10.0,
            ],
            score_threshold=0.0,
            type='TransFusionBBoxCoder',
            voxel_size=[
                0.075,
                0.075,
            ]),
        bn_momentum=0.1,
        common_heads=dict(
            center=[
                2,
                2,
            ],
            dim=[
                3,
                2,
            ],
            height=[
                1,
                2,
            ],
            rot=[
                2,
                2,
            ],
            vel=[
                2,
                2,
            ]),
        decoder_layer=dict(
            cross_attn_cfg=dict(dropout=0.1, embed_dims=128, num_heads=8),
            ffn_cfg=dict(
                act_cfg=dict(inplace=True, type='ReLU'),
                embed_dims=128,
                feedforward_channels=256,
                ffn_drop=0.1,
                num_fcs=2),
            norm_cfg=dict(type='LN'),
            pos_encoding_cfg=dict(input_channel=2, num_pos_feats=128),
            self_attn_cfg=dict(dropout=0.1, embed_dims=128, num_heads=8),
            type='TransformerDecoderLayer'),
        hidden_channel=128,
        in_channels=512,
        loss_bbox=dict(
            loss_weight=0.25, reduction='mean', type='mmdet.L1Loss'),
        loss_cls=dict(
            alpha=0.25,
            gamma=2.0,
            loss_weight=1.0,
            reduction='mean',
            type='mmdet.FocalLoss',
            use_sigmoid=True),
        loss_heatmap=dict(
            loss_weight=1.0, reduction='mean', type='mmdet.GaussianFocalLoss'),
        nms_kernel_size=3,
        num_classes=10,
        num_decoder_layers=1,
        num_proposals=200,
        test_cfg=dict(
            dataset='nuScenes',
            grid_size=[
                1440,
                1440,
                41,
            ],
            nms_type=None,
            out_size_factor=8,
            pc_range=[
                -54.0,
                -54.0,
            ],
            voxel_size=[
                0.075,
                0.075,
            ]),
        train_cfg=dict(
            assigner=dict(
                cls_cost=dict(
                    alpha=0.25,
                    gamma=2.0,
                    type='mmdet.FocalLossCost',
                    weight=0.15),
                iou_calculator=dict(coordinate='lidar', type='BboxOverlaps3D'),
                iou_cost=dict(type='IoU3DCost', weight=0.25),
                reg_cost=dict(type='BBoxBEVL1Cost', weight=0.25),
                type='HungarianAssigner3D'),
            code_weights=[
                1.0,
                1.0,
                1.0,
                1.0,
                1.0,
                1.0,
                1.0,
                1.0,
                0.2,
                0.2,
            ],
            dataset='nuScenes',
            gaussian_overlap=0.1,
            grid_size=[
                1440,
                1440,
                41,
            ],
            min_radius=2,
            out_size_factor=8,
            point_cloud_range=[
                -54.0,
                -54.0,
                -5.0,
                54.0,
                54.0,
                3.0,
            ],
            pos_weight=-1,
            voxel_size=[
                0.075,
                0.075,
                0.2,
            ]),
        type='TransFusionHead'),
    data_preprocessor=dict(
        bgr_to_rgb=False,
        mean=[
            123.675,
            116.28,
            103.53,
        ],
        pad_size_divisor=32,
        std=[
            58.395,
            57.12,
            57.375,
        ],
        type='Det3DDataPreprocessor',
        voxelize_cfg=dict(
            max_num_points=10,
            max_voxels=[
                120000,
                160000,
            ],
            point_cloud_range=[
                -54.0,
                -54.0,
                -5.0,
                54.0,
                54.0,
                3.0,
            ],
            voxel_size=[
                0.075,
                0.075,
                0.2,
            ],
            voxelize_reduce=True)),
    fusion_layer=dict(
        in_channels=[
            80,
            256,
        ], out_channels=256, type='ConvFuser'),
    img_backbone=dict(
        depth=50,
        frozen_stages=1,
        init_cfg=dict(
            checkpoint=
            '/media/xavier02/xavier_ssd_500/mmdetection3d_source/mmdetection3d-main/projects/BEVFusion/configs/resnet50.pth',
            type='Pretrained'),
        norm_cfg=dict(requires_grad=True, type='BN'),
        norm_eval=True,
        num_stages=4,
        out_indices=(
            0,
            1,
            2,
            3,
        ),
        style='pytorch',
        type='mmdet.ResNet'),
    img_neck=dict(
        act_cfg=dict(inplace=True, type='ReLU'),
        in_channels=[
            256,
            512,
            1024,
            2048,
        ],
        norm_cfg=dict(requires_grad=True, type='BN2d'),
        num_outs=3,
        out_channels=256,
        start_level=0,
        type='GeneralizedLSSFPN_2',
        upsample_cfg=dict(align_corners=False, mode='bilinear')),
    pts_backbone=dict(
        conv_cfg=dict(bias=False, type='Conv2d'),
        in_channels=256,
        layer_nums=[
            5,
            5,
        ],
        layer_strides=[
            1,
            2,
        ],
        norm_cfg=dict(eps=0.001, momentum=0.01, type='BN'),
        out_channels=[
            128,
            256,
        ],
        type='SECOND'),
    pts_middle_encoder=dict(
        block_type='basicblock',
        encoder_channels=(
            (
                16,
                16,
                32,
            ),
            (
                32,
                32,
                64,
            ),
            (
                64,
                64,
                128,
            ),
            (
                128,
                128,
            ),
        ),
        encoder_paddings=(
            (
                0,
                0,
                1,
            ),
            (
                0,
                0,
                1,
            ),
            (
                0,
                0,
                (
                    1,
                    1,
                    0,
                ),
            ),
            (
                0,
                0,
            ),
        ),
        in_channels=5,
        norm_cfg=dict(eps=0.001, momentum=0.01, type='BN1d'),
        order=(
            'conv',
            'norm',
            'act',
        ),
        sparse_shape=[
            1440,
            1440,
            41,
        ],
        type='BEVFusionSparseEncoder'),
    pts_neck=dict(
        in_channels=[
            128,
            256,
        ],
        norm_cfg=dict(eps=0.001, momentum=0.01, type='BN'),
        out_channels=[
            256,
            256,
        ],
        type='SECONDFPN',
        upsample_cfg=dict(bias=False, type='deconv'),
        upsample_strides=[
            1,
            2,
        ],
        use_conv_for_no_stride=True),
    pts_voxel_encoder=dict(num_features=5, type='HardSimpleVFE'),
    type='BEVFusion',
    view_transform=dict(
        dbound=[
            1.0,
            60.0,
            0.5,
        ],
        downsample=2,
        feature_size=[
            32,
            88,
        ],
        image_size=[
            256,
            704,
        ],
        in_channels=256,
        out_channels=80,
        type='DepthLSSTransform',
        xbound=[
            -54.0,
            54.0,
            0.3,
        ],
        ybound=[
            -54.0,
            54.0,
            0.3,
        ],
        zbound=[
            -10.0,
            10.0,
            20.0,
        ]))
optim_wrapper = dict(
    clip_grad=dict(max_norm=35, norm_type=2),
    optimizer=dict(lr=0.0002, type='AdamW', weight_decay=0.01),
    type='OptimWrapper')
param_scheduler = [
    dict(
        begin=0,
        by_epoch=False,
        end=500,
        start_factor=0.33333333,
        type='LinearLR'),
    dict(
        T_max=6,
        begin=0,
        by_epoch=True,
        convert_to_iter_based=True,
        end=6,
        eta_min_ratio=0.0001,
        type='CosineAnnealingLR'),
    dict(
        begin=0,
        by_epoch=True,
        convert_to_iter_based=True,
        end=2.4,
        eta_min=0.8947368421052632,
        type='CosineAnnealingMomentum'),
    dict(
        begin=2.4,
        by_epoch=True,
        convert_to_iter_based=True,
        end=6,
        eta_min=1,
        type='CosineAnnealingMomentum'),
]
point_cloud_range = [
    -54.0,
    -54.0,
    -5.0,
    54.0,
    54.0,
    3.0,
]
resume = False
test_cfg = dict()
test_dataloader = dict(
    batch_size=1,
    dataset=dict(
        ann_file='nuscenes_infos_val.pkl',
        backend_args=None,
        box_type_3d='LiDAR',
        data_prefix=dict(
            CAM_BACK='samples/CAM_BACK',
            CAM_BACK_LEFT='samples/CAM_BACK_LEFT',
            CAM_BACK_RIGHT='samples/CAM_BACK_RIGHT',
            CAM_FRONT='samples/CAM_FRONT',
            CAM_FRONT_LEFT='samples/CAM_FRONT_LEFT',
            CAM_FRONT_RIGHT='samples/CAM_FRONT_RIGHT',
            pts='samples/LIDAR_TOP',
            sweeps='sweeps/LIDAR_TOP'),
        data_root='/media/xavier02/Sparkles1/nuscenes/',
        metainfo=dict(classes=[
            'car',
            'truck',
            'construction_vehicle',
            'bus',
            'trailer',
            'barrier',
            'motorcycle',
            'bicycle',
            'pedestrian',
            'traffic_cone',
        ]),
        modality=dict(use_camera=True, use_lidar=True),
        pipeline=[
            dict(
                backend_args=None,
                color_type='color',
                to_float32=True,
                type='BEVLoadMultiViewImageFromFiles'),
            dict(
                backend_args=None,
                coord_type='LIDAR',
                load_dim=5,
                type='LoadPointsFromFile',
                use_dim=5),
            dict(
                backend_args=None,
                load_dim=5,
                pad_empty_sweeps=True,
                remove_close=True,
                sweeps_num=9,
                type='LoadPointsFromMultiSweeps',
                use_dim=5),
            dict(
                bot_pct_lim=[
                    0.0,
                    0.0,
                ],
                final_dim=[
                    256,
                    704,
                ],
                is_train=False,
                rand_flip=False,
                resize_lim=[
                    0.48,
                    0.48,
                ],
                rot_lim=[
                    0.0,
                    0.0,
                ],
                type='ImageAug3D'),
            dict(
                point_cloud_range=[
                    -54.0,
                    -54.0,
                    -5.0,
                    54.0,
                    54.0,
                    3.0,
                ],
                type='PointsRangeFilter'),
            dict(
                keys=[
                    'img',
                    'points',
                    'gt_bboxes_3d',
                    'gt_labels_3d',
                ],
                meta_keys=[
                    'cam2img',
                    'ori_cam2img',
                    'lidar2cam',
                    'lidar2img',
                    'cam2lidar',
                    'ori_lidar2img',
                    'img_aug_matrix',
                    'box_type_3d',
                    'sample_idx',
                    'lidar_path',
                    'img_path',
                    'num_pts_feats',
                ],
                type='Pack3DDetInputs'),
        ],
        test_mode=True,
        type='NuScenesDataset'),
    drop_last=False,
    num_workers=1,
    persistent_workers=True,
    sampler=dict(shuffle=False, type='DefaultSampler'))
test_evaluator = dict(
    ann_file='/media/xavier02/Sparkles1/nuscenes/nuscenes_infos_val.pkl',
    backend_args=None,
    data_root='/media/xavier02/Sparkles1/nuscenes/',
    metric='bbox',
    type='NuScenesMetric')
test_pipeline = [
    dict(
        backend_args=None,
        color_type='color',
        to_float32=True,
        type='BEVLoadMultiViewImageFromFiles'),
    dict(
        backend_args=None,
        coord_type='LIDAR',
        load_dim=5,
        type='LoadPointsFromFile',
        use_dim=5),
    dict(
        backend_args=None,
        load_dim=5,
        pad_empty_sweeps=True,
        remove_close=True,
        sweeps_num=9,
        type='LoadPointsFromMultiSweeps',
        use_dim=5),
    dict(
        bot_pct_lim=[
            0.0,
            0.0,
        ],
        final_dim=[
            256,
            704,
        ],
        is_train=False,
        rand_flip=False,
        resize_lim=[
            0.48,
            0.48,
        ],
        rot_lim=[
            0.0,
            0.0,
        ],
        type='ImageAug3D'),
    dict(
        point_cloud_range=[
            -54.0,
            -54.0,
            -5.0,
            54.0,
            54.0,
            3.0,
        ],
        type='PointsRangeFilter'),
    dict(
        keys=[
            'img',
            'points',
            'gt_bboxes_3d',
            'gt_labels_3d',
        ],
        meta_keys=[
            'cam2img',
            'ori_cam2img',
            'lidar2cam',
            'lidar2img',
            'cam2lidar',
            'ori_lidar2img',
            'img_aug_matrix',
            'box_type_3d',
            'sample_idx',
            'lidar_path',
            'img_path',
            'num_pts_feats',
        ],
        type='Pack3DDetInputs'),
]
train_cfg = dict(by_epoch=True, max_epochs=6, val_interval=1)
train_dataloader = dict(
    batch_size=1,
    dataset=dict(
        dataset=dict(
            ann_file='nuscenes_infos_train.pkl',
            box_type_3d='LiDAR',
            data_prefix=dict(
                CAM_BACK='samples/CAM_BACK',
                CAM_BACK_LEFT='samples/CAM_BACK_LEFT',
                CAM_BACK_RIGHT='samples/CAM_BACK_RIGHT',
                CAM_FRONT='samples/CAM_FRONT',
                CAM_FRONT_LEFT='samples/CAM_FRONT_LEFT',
                CAM_FRONT_RIGHT='samples/CAM_FRONT_RIGHT',
                pts='samples/LIDAR_TOP',
                sweeps='sweeps/LIDAR_TOP'),
            data_root='/media/xavier02/Sparkles1/nuscenes/',
            metainfo=dict(classes=[
                'car',
                'truck',
                'construction_vehicle',
                'bus',
                'trailer',
                'barrier',
                'motorcycle',
                'bicycle',
                'pedestrian',
                'traffic_cone',
            ]),
            modality=dict(use_camera=True, use_lidar=True),
            pipeline=[
                dict(
                    backend_args=None,
                    color_type='color',
                    to_float32=True,
                    type='BEVLoadMultiViewImageFromFiles'),
                dict(
                    backend_args=None,
                    coord_type='LIDAR',
                    load_dim=5,
                    type='LoadPointsFromFile',
                    use_dim=5),
                dict(
                    backend_args=None,
                    load_dim=5,
                    pad_empty_sweeps=True,
                    remove_close=True,
                    sweeps_num=9,
                    type='LoadPointsFromMultiSweeps',
                    use_dim=5),
                dict(
                    type='LoadAnnotations3D',
                    with_attr_label=False,
                    with_bbox_3d=True,
                    with_label_3d=True),
                dict(
                    bot_pct_lim=[
                        0.0,
                        0.0,
                    ],
                    final_dim=[
                        256,
                        704,
                    ],
                    is_train=True,
                    rand_flip=True,
                    resize_lim=[
                        0.38,
                        0.55,
                    ],
                    rot_lim=[
                        -5.4,
                        5.4,
                    ],
                    type='ImageAug3D'),
                dict(
                    rot_range=[
                        -0.78539816,
                        0.78539816,
                    ],
                    scale_ratio_range=[
                        0.9,
                        1.1,
                    ],
                    translation_std=0.5,
                    type='BEVFusionGlobalRotScaleTrans'),
                dict(type='BEVFusionRandomFlip3D'),
                dict(
                    point_cloud_range=[
                        -54.0,
                        -54.0,
                        -5.0,
                        54.0,
                        54.0,
                        3.0,
                    ],
                    type='PointsRangeFilter'),
                dict(
                    point_cloud_range=[
                        -54.0,
                        -54.0,
                        -5.0,
                        54.0,
                        54.0,
                        3.0,
                    ],
                    type='ObjectRangeFilter'),
                dict(
                    classes=[
                        'car',
                        'truck',
                        'construction_vehicle',
                        'bus',
                        'trailer',
                        'barrier',
                        'motorcycle',
                        'bicycle',
                        'pedestrian',
                        'traffic_cone',
                    ],
                    type='ObjectNameFilter'),
                dict(
                    fixed_prob=True,
                    max_epoch=6,
                    mode=1,
                    offset=False,
                    prob=0.0,
                    ratio=0.5,
                    rotate=1,
                    type='GridMask',
                    use_h=True,
                    use_w=True),
                dict(type='PointShuffle'),
                dict(
                    keys=[
                        'points',
                        'img',
                        'gt_bboxes_3d',
                        'gt_labels_3d',
                        'gt_bboxes',
                        'gt_labels',
                    ],
                    meta_keys=[
                        'cam2img',
                        'ori_cam2img',
                        'lidar2cam',
                        'lidar2img',
                        'cam2lidar',
                        'ori_lidar2img',
                        'img_aug_matrix',
                        'box_type_3d',
                        'sample_idx',
                        'lidar_path',
                        'img_path',
                        'transformation_3d_flow',
                        'pcd_rotation',
                        'pcd_scale_factor',
                        'pcd_trans',
                        'img_aug_matrix',
                        'lidar_aug_matrix',
                        'num_pts_feats',
                    ],
                    type='Pack3DDetInputs'),
            ],
            test_mode=False,
            type='NuScenesDataset',
            use_valid_flag=True),
        type='CBGSDataset'),
    num_workers=1,
    persistent_workers=True,
    sampler=dict(shuffle=True, type='DefaultSampler'))
train_pipeline = [
    dict(
        backend_args=None,
        color_type='color',
        to_float32=True,
        type='BEVLoadMultiViewImageFromFiles'),
    dict(
        backend_args=None,
        coord_type='LIDAR',
        load_dim=5,
        type='LoadPointsFromFile',
        use_dim=5),
    dict(
        backend_args=None,
        load_dim=5,
        pad_empty_sweeps=True,
        remove_close=True,
        sweeps_num=9,
        type='LoadPointsFromMultiSweeps',
        use_dim=5),
    dict(
        type='LoadAnnotations3D',
        with_attr_label=False,
        with_bbox_3d=True,
        with_label_3d=True),
    dict(
        bot_pct_lim=[
            0.0,
            0.0,
        ],
        final_dim=[
            256,
            704,
        ],
        is_train=True,
        rand_flip=True,
        resize_lim=[
            0.38,
            0.55,
        ],
        rot_lim=[
            -5.4,
            5.4,
        ],
        type='ImageAug3D'),
    dict(
        rot_range=[
            -0.78539816,
            0.78539816,
        ],
        scale_ratio_range=[
            0.9,
            1.1,
        ],
        translation_std=0.5,
        type='BEVFusionGlobalRotScaleTrans'),
    dict(type='BEVFusionRandomFlip3D'),
    dict(
        point_cloud_range=[
            -54.0,
            -54.0,
            -5.0,
            54.0,
            54.0,
            3.0,
        ],
        type='PointsRangeFilter'),
    dict(
        point_cloud_range=[
            -54.0,
            -54.0,
            -5.0,
            54.0,
            54.0,
            3.0,
        ],
        type='ObjectRangeFilter'),
    dict(
        classes=[
            'car',
            'truck',
            'construction_vehicle',
            'bus',
            'trailer',
            'barrier',
            'motorcycle',
            'bicycle',
            'pedestrian',
            'traffic_cone',
        ],
        type='ObjectNameFilter'),
    dict(
        fixed_prob=True,
        max_epoch=6,
        mode=1,
        offset=False,
        prob=0.0,
        ratio=0.5,
        rotate=1,
        type='GridMask',
        use_h=True,
        use_w=True),
    dict(type='PointShuffle'),
    dict(
        keys=[
            'points',
            'img',
            'gt_bboxes_3d',
            'gt_labels_3d',
            'gt_bboxes',
            'gt_labels',
        ],
        meta_keys=[
            'cam2img',
            'ori_cam2img',
            'lidar2cam',
            'lidar2img',
            'cam2lidar',
            'ori_lidar2img',
            'img_aug_matrix',
            'box_type_3d',
            'sample_idx',
            'lidar_path',
            'img_path',
            'transformation_3d_flow',
            'pcd_rotation',
            'pcd_scale_factor',
            'pcd_trans',
            'img_aug_matrix',
            'lidar_aug_matrix',
            'num_pts_feats',
        ],
        type='Pack3DDetInputs'),
]
val_cfg = dict()
val_dataloader = dict(
    batch_size=1,
    dataset=dict(
        ann_file='nuscenes_infos_val.pkl',
        backend_args=None,
        box_type_3d='LiDAR',
        data_prefix=dict(
            CAM_BACK='samples/CAM_BACK',
            CAM_BACK_LEFT='samples/CAM_BACK_LEFT',
            CAM_BACK_RIGHT='samples/CAM_BACK_RIGHT',
            CAM_FRONT='samples/CAM_FRONT',
            CAM_FRONT_LEFT='samples/CAM_FRONT_LEFT',
            CAM_FRONT_RIGHT='samples/CAM_FRONT_RIGHT',
            pts='samples/LIDAR_TOP',
            sweeps='sweeps/LIDAR_TOP'),
        data_root='/media/xavier02/Sparkles1/nuscenes/',
        metainfo=dict(classes=[
            'car',
            'truck',
            'construction_vehicle',
            'bus',
            'trailer',
            'barrier',
            'motorcycle',
            'bicycle',
            'pedestrian',
            'traffic_cone',
        ]),
        modality=dict(use_camera=True, use_lidar=True),
        pipeline=[
            dict(
                backend_args=None,
                color_type='color',
                to_float32=True,
                type='BEVLoadMultiViewImageFromFiles'),
            dict(
                backend_args=None,
                coord_type='LIDAR',
                load_dim=5,
                type='LoadPointsFromFile',
                use_dim=5),
            dict(
                backend_args=None,
                load_dim=5,
                pad_empty_sweeps=True,
                remove_close=True,
                sweeps_num=9,
                type='LoadPointsFromMultiSweeps',
                use_dim=5),
            dict(
                bot_pct_lim=[
                    0.0,
                    0.0,
                ],
                final_dim=[
                    256,
                    704,
                ],
                is_train=False,
                rand_flip=False,
                resize_lim=[
                    0.48,
                    0.48,
                ],
                rot_lim=[
                    0.0,
                    0.0,
                ],
                type='ImageAug3D'),
            dict(
                point_cloud_range=[
                    -54.0,
                    -54.0,
                    -5.0,
                    54.0,
                    54.0,
                    3.0,
                ],
                type='PointsRangeFilter'),
            dict(
                keys=[
                    'img',
                    'points',
                    'gt_bboxes_3d',
                    'gt_labels_3d',
                ],
                meta_keys=[
                    'cam2img',
                    'ori_cam2img',
                    'lidar2cam',
                    'lidar2img',
                    'cam2lidar',
                    'ori_lidar2img',
                    'img_aug_matrix',
                    'box_type_3d',
                    'sample_idx',
                    'lidar_path',
                    'img_path',
                    'num_pts_feats',
                ],
                type='Pack3DDetInputs'),
        ],
        test_mode=True,
        type='NuScenesDataset'),
    drop_last=False,
    num_workers=1,
    persistent_workers=True,
    sampler=dict(shuffle=False, type='DefaultSampler'))
val_evaluator = dict(
    ann_file='/media/xavier02/Sparkles1/nuscenes/nuscenes_infos_val.pkl',
    backend_args=None,
    data_root='/media/xavier02/Sparkles1/nuscenes/',
    metric='bbox',
    type='NuScenesMetric')
vis_backends = [
    dict(type='LocalVisBackend'),
]
visualizer = dict(
    name='visualizer',
    type='Det3DLocalVisualizer',
    vis_backends=[
        dict(type='LocalVisBackend'),
    ])
voxel_size = [
    0.075,
    0.075,
    0.2,
]
work_dir = './work_dirs/bevfusion_lidar-cam_voxel0075_second_with_resnet_50'

2024/12/03 18:18:49 - mmengine - INFO - load model from: /media/xavier02/xavier_ssd_500/mmdetection3d_source/mmdetection3d-main/projects/BEVFusion/configs/resnet50.pth
2024/12/03 18:18:49 - mmengine - INFO - Loads checkpoint by local backend from path: /media/xavier02/xavier_ssd_500/mmdetection3d_source/mmdetection3d-main/projects/BEVFusion/configs/resnet50.pth
2024/12/03 18:18:50 - mmengine - WARNING - The model and loaded state dict do not match exactly

unexpected key in source state_dict: fc.weight, fc.bias

Name of parameter - Initialization information

conv1.weight - torch.Size([64, 3, 7, 7]): 
PretrainedInit: load from /media/xavier02/xavier_ssd_500/mmdetection3d_source/mmdetection3d-main/projects/BEVFusion/configs/resnet50.pth 

bn1.weight - torch.Size([64]): 
PretrainedInit: load from /media/xavier02/xavier_ssd_500/mmdetection3d_source/mmdetection3d-main/projects/BEVFusion/configs/resnet50.pth 

bn1.bias - torch.Size([64]): 
PretrainedInit: load from /media/xavier02/xavier_ssd_500/mmdetection3d_source/mmdetection3d-main/projects/BEVFusion/configs/resnet50.pth 

layer1.0.conv1.weight - torch.Size([64, 64, 1, 1]): 
PretrainedInit: load from /media/xavier02/xavier_ssd_500/mmdetection3d_source/mmdetection3d-main/projects/BEVFusion/configs/resnet50.pth 

layer1.0.bn1.weight - torch.Size([64]): 
PretrainedInit: load from /media/xavier02/xavier_ssd_500/mmdetection3d_source/mmdetection3d-main/projects/BEVFusion/configs/resnet50.pth 

layer1.0.bn1.bias - torch.Size([64]): 
PretrainedInit: load from /media/xavier02/xavier_ssd_500/mmdetection3d_source/mmdetection3d-main/projects/BEVFusion/configs/resnet50.pth 

layer1.0.conv2.weight - torch.Size([64, 64, 3, 3]): 
PretrainedInit: load from /media/xavier02/xavier_ssd_500/mmdetection3d_source/mmdetection3d-main/projects/BEVFusion/configs/resnet50.pth 

layer1.0.bn2.weight - torch.Size([64]): 
PretrainedInit: load from /media/xavier02/xavier_ssd_500/mmdetection3d_source/mmdetection3d-main/projects/BEVFusion/configs/resnet50.pth 

layer1.0.bn2.bias - torch.Size([64]): 
PretrainedInit: load from /media/xavier02/xavier_ssd_500/mmdetection3d_source/mmdetection3d-main/projects/BEVFusion/configs/resnet50.pth 

layer1.0.conv3.weight - torch.Size([256, 64, 1, 1]): 
PretrainedInit: load from /media/xavier02/xavier_ssd_500/mmdetection3d_source/mmdetection3d-main/projects/BEVFusion/configs/resnet50.pth 

layer1.0.bn3.weight - torch.Size([256]): 
PretrainedInit: load from /media/xavier02/xavier_ssd_500/mmdetection3d_source/mmdetection3d-main/projects/BEVFusion/configs/resnet50.pth 

layer1.0.bn3.bias - torch.Size([256]): 
PretrainedInit: load from /media/xavier02/xavier_ssd_500/mmdetection3d_source/mmdetection3d-main/projects/BEVFusion/configs/resnet50.pth 

layer1.0.downsample.0.weight - torch.Size([256, 64, 1, 1]): 
PretrainedInit: load from /media/xavier02/xavier_ssd_500/mmdetection3d_source/mmdetection3d-main/projects/BEVFusion/configs/resnet50.pth 

layer1.0.downsample.1.weight - torch.Size([256]): 
PretrainedInit: load from /media/xavier02/xavier_ssd_500/mmdetection3d_source/mmdetection3d-main/projects/BEVFusion/configs/resnet50.pth 

layer1.0.downsample.1.bias - torch.Size([256]): 
PretrainedInit: load from /media/xavier02/xavier_ssd_500/mmdetection3d_source/mmdetection3d-main/projects/BEVFusion/configs/resnet50.pth 

layer1.1.conv1.weight - torch.Size([64, 256, 1, 1]): 
PretrainedInit: load from /media/xavier02/xavier_ssd_500/mmdetection3d_source/mmdetection3d-main/projects/BEVFusion/configs/resnet50.pth 

layer1.1.bn1.weight - torch.Size([64]): 
PretrainedInit: load from /media/xavier02/xavier_ssd_500/mmdetection3d_source/mmdetection3d-main/projects/BEVFusion/configs/resnet50.pth 

layer1.1.bn1.bias - torch.Size([64]): 
PretrainedInit: load from /media/xavier02/xavier_ssd_500/mmdetection3d_source/mmdetection3d-main/projects/BEVFusion/configs/resnet50.pth 

layer1.1.conv2.weight - torch.Size([64, 64, 3, 3]): 
PretrainedInit: load from /media/xavier02/xavier_ssd_500/mmdetection3d_source/mmdetection3d-main/projects/BEVFusion/configs/resnet50.pth 

layer1.1.bn2.weight - torch.Size([64]): 
PretrainedInit: load from /media/xavier02/xavier_ssd_500/mmdetection3d_source/mmdetection3d-main/projects/BEVFusion/configs/resnet50.pth 

layer1.1.bn2.bias - torch.Size([64]): 
PretrainedInit: load from /media/xavier02/xavier_ssd_500/mmdetection3d_source/mmdetection3d-main/projects/BEVFusion/configs/resnet50.pth 

layer1.1.conv3.weight - torch.Size([256, 64, 1, 1]): 
PretrainedInit: load from /media/xavier02/xavier_ssd_500/mmdetection3d_source/mmdetection3d-main/projects/BEVFusion/configs/resnet50.pth 

layer1.1.bn3.weight - torch.Size([256]): 
PretrainedInit: load from /media/xavier02/xavier_ssd_500/mmdetection3d_source/mmdetection3d-main/projects/BEVFusion/configs/resnet50.pth 

layer1.1.bn3.bias - torch.Size([256]): 
PretrainedInit: load from /media/xavier02/xavier_ssd_500/mmdetection3d_source/mmdetection3d-main/projects/BEVFusion/configs/resnet50.pth 

layer1.2.conv1.weight - torch.Size([64, 256, 1, 1]): 
PretrainedInit: load from /media/xavier02/xavier_ssd_500/mmdetection3d_source/mmdetection3d-main/projects/BEVFusion/configs/resnet50.pth 

layer1.2.bn1.weight - torch.Size([64]): 
PretrainedInit: load from /media/xavier02/xavier_ssd_500/mmdetection3d_source/mmdetection3d-main/projects/BEVFusion/configs/resnet50.pth 

layer1.2.bn1.bias - torch.Size([64]): 
PretrainedInit: load from /media/xavier02/xavier_ssd_500/mmdetection3d_source/mmdetection3d-main/projects/BEVFusion/configs/resnet50.pth 

layer1.2.conv2.weight - torch.Size([64, 64, 3, 3]): 
PretrainedInit: load from /media/xavier02/xavier_ssd_500/mmdetection3d_source/mmdetection3d-main/projects/BEVFusion/configs/resnet50.pth 

layer1.2.bn2.weight - torch.Size([64]): 
PretrainedInit: load from /media/xavier02/xavier_ssd_500/mmdetection3d_source/mmdetection3d-main/projects/BEVFusion/configs/resnet50.pth 

layer1.2.bn2.bias - torch.Size([64]): 
PretrainedInit: load from /media/xavier02/xavier_ssd_500/mmdetection3d_source/mmdetection3d-main/projects/BEVFusion/configs/resnet50.pth 

layer1.2.conv3.weight - torch.Size([256, 64, 1, 1]): 
PretrainedInit: load from /media/xavier02/xavier_ssd_500/mmdetection3d_source/mmdetection3d-main/projects/BEVFusion/configs/resnet50.pth 

layer1.2.bn3.weight - torch.Size([256]): 
PretrainedInit: load from /media/xavier02/xavier_ssd_500/mmdetection3d_source/mmdetection3d-main/projects/BEVFusion/configs/resnet50.pth 

layer1.2.bn3.bias - torch.Size([256]): 
PretrainedInit: load from /media/xavier02/xavier_ssd_500/mmdetection3d_source/mmdetection3d-main/projects/BEVFusion/configs/resnet50.pth 

layer2.0.conv1.weight - torch.Size([128, 256, 1, 1]): 
PretrainedInit: load from /media/xavier02/xavier_ssd_500/mmdetection3d_source/mmdetection3d-main/projects/BEVFusion/configs/resnet50.pth 

layer2.0.bn1.weight - torch.Size([128]): 
PretrainedInit: load from /media/xavier02/xavier_ssd_500/mmdetection3d_source/mmdetection3d-main/projects/BEVFusion/configs/resnet50.pth 

layer2.0.bn1.bias - torch.Size([128]): 
PretrainedInit: load from /media/xavier02/xavier_ssd_500/mmdetection3d_source/mmdetection3d-main/projects/BEVFusion/configs/resnet50.pth 

layer2.0.conv2.weight - torch.Size([128, 128, 3, 3]): 
PretrainedInit: load from /media/xavier02/xavier_ssd_500/mmdetection3d_source/mmdetection3d-main/projects/BEVFusion/configs/resnet50.pth 

layer2.0.bn2.weight - torch.Size([128]): 
PretrainedInit: load from /media/xavier02/xavier_ssd_500/mmdetection3d_source/mmdetection3d-main/projects/BEVFusion/configs/resnet50.pth 

layer2.0.bn2.bias - torch.Size([128]): 
PretrainedInit: load from /media/xavier02/xavier_ssd_500/mmdetection3d_source/mmdetection3d-main/projects/BEVFusion/configs/resnet50.pth 

layer2.0.conv3.weight - torch.Size([512, 128, 1, 1]): 
PretrainedInit: load from /media/xavier02/xavier_ssd_500/mmdetection3d_source/mmdetection3d-main/projects/BEVFusion/configs/resnet50.pth 

layer2.0.bn3.weight - torch.Size([512]): 
PretrainedInit: load from /media/xavier02/xavier_ssd_500/mmdetection3d_source/mmdetection3d-main/projects/BEVFusion/configs/resnet50.pth 

layer2.0.bn3.bias - torch.Size([512]): 
PretrainedInit: load from /media/xavier02/xavier_ssd_500/mmdetection3d_source/mmdetection3d-main/projects/BEVFusion/configs/resnet50.pth 

layer2.0.downsample.0.weight - torch.Size([512, 256, 1, 1]): 
PretrainedInit: load from /media/xavier02/xavier_ssd_500/mmdetection3d_source/mmdetection3d-main/projects/BEVFusion/configs/resnet50.pth 

layer2.0.downsample.1.weight - torch.Size([512]): 
PretrainedInit: load from /media/xavier02/xavier_ssd_500/mmdetection3d_source/mmdetection3d-main/projects/BEVFusion/configs/resnet50.pth 

layer2.0.downsample.1.bias - torch.Size([512]): 
PretrainedInit: load from /media/xavier02/xavier_ssd_500/mmdetection3d_source/mmdetection3d-main/projects/BEVFusion/configs/resnet50.pth 

layer2.1.conv1.weight - torch.Size([128, 512, 1, 1]): 
PretrainedInit: load from /media/xavier02/xavier_ssd_500/mmdetection3d_source/mmdetection3d-main/projects/BEVFusion/configs/resnet50.pth 

layer2.1.bn1.weight - torch.Size([128]): 
PretrainedInit: load from /media/xavier02/xavier_ssd_500/mmdetection3d_source/mmdetection3d-main/projects/BEVFusion/configs/resnet50.pth 

layer2.1.bn1.bias - torch.Size([128]): 
PretrainedInit: load from /media/xavier02/xavier_ssd_500/mmdetection3d_source/mmdetection3d-main/projects/BEVFusion/configs/resnet50.pth 

layer2.1.conv2.weight - torch.Size([128, 128, 3, 3]): 
PretrainedInit: load from /media/xavier02/xavier_ssd_500/mmdetection3d_source/mmdetection3d-main/projects/BEVFusion/configs/resnet50.pth 

layer2.1.bn2.weight - torch.Size([128]): 
PretrainedInit: load from /media/xavier02/xavier_ssd_500/mmdetection3d_source/mmdetection3d-main/projects/BEVFusion/configs/resnet50.pth 

layer2.1.bn2.bias - torch.Size([128]): 
PretrainedInit: load from /media/xavier02/xavier_ssd_500/mmdetection3d_source/mmdetection3d-main/projects/BEVFusion/configs/resnet50.pth 

layer2.1.conv3.weight - torch.Size([512, 128, 1, 1]): 
PretrainedInit: load from /media/xavier02/xavier_ssd_500/mmdetection3d_source/mmdetection3d-main/projects/BEVFusion/configs/resnet50.pth 

layer2.1.bn3.weight - torch.Size([512]): 
PretrainedInit: load from /media/xavier02/xavier_ssd_500/mmdetection3d_source/mmdetection3d-main/projects/BEVFusion/configs/resnet50.pth 

layer2.1.bn3.bias - torch.Size([512]): 
PretrainedInit: load from /media/xavier02/xavier_ssd_500/mmdetection3d_source/mmdetection3d-main/projects/BEVFusion/configs/resnet50.pth 

layer2.2.conv1.weight - torch.Size([128, 512, 1, 1]): 
PretrainedInit: load from /media/xavier02/xavier_ssd_500/mmdetection3d_source/mmdetection3d-main/projects/BEVFusion/configs/resnet50.pth 

layer2.2.bn1.weight - torch.Size([128]): 
PretrainedInit: load from /media/xavier02/xavier_ssd_500/mmdetection3d_source/mmdetection3d-main/projects/BEVFusion/configs/resnet50.pth 

layer2.2.bn1.bias - torch.Size([128]): 
PretrainedInit: load from /media/xavier02/xavier_ssd_500/mmdetection3d_source/mmdetection3d-main/projects/BEVFusion/configs/resnet50.pth 

layer2.2.conv2.weight - torch.Size([128, 128, 3, 3]): 
PretrainedInit: load from /media/xavier02/xavier_ssd_500/mmdetection3d_source/mmdetection3d-main/projects/BEVFusion/configs/resnet50.pth 

layer2.2.bn2.weight - torch.Size([128]): 
PretrainedInit: load from /media/xavier02/xavier_ssd_500/mmdetection3d_source/mmdetection3d-main/projects/BEVFusion/configs/resnet50.pth 

layer2.2.bn2.bias - torch.Size([128]): 
PretrainedInit: load from /media/xavier02/xavier_ssd_500/mmdetection3d_source/mmdetection3d-main/projects/BEVFusion/configs/resnet50.pth 

layer2.2.conv3.weight - torch.Size([512, 128, 1, 1]): 
PretrainedInit: load from /media/xavier02/xavier_ssd_500/mmdetection3d_source/mmdetection3d-main/projects/BEVFusion/configs/resnet50.pth 

layer2.2.bn3.weight - torch.Size([512]): 
PretrainedInit: load from /media/xavier02/xavier_ssd_500/mmdetection3d_source/mmdetection3d-main/projects/BEVFusion/configs/resnet50.pth 

layer2.2.bn3.bias - torch.Size([512]): 
PretrainedInit: load from /media/xavier02/xavier_ssd_500/mmdetection3d_source/mmdetection3d-main/projects/BEVFusion/configs/resnet50.pth 

layer2.3.conv1.weight - torch.Size([128, 512, 1, 1]): 
PretrainedInit: load from /media/xavier02/xavier_ssd_500/mmdetection3d_source/mmdetection3d-main/projects/BEVFusion/configs/resnet50.pth 

layer2.3.bn1.weight - torch.Size([128]): 
PretrainedInit: load from /media/xavier02/xavier_ssd_500/mmdetection3d_source/mmdetection3d-main/projects/BEVFusion/configs/resnet50.pth 

layer2.3.bn1.bias - torch.Size([128]): 
PretrainedInit: load from /media/xavier02/xavier_ssd_500/mmdetection3d_source/mmdetection3d-main/projects/BEVFusion/configs/resnet50.pth 

layer2.3.conv2.weight - torch.Size([128, 128, 3, 3]): 
PretrainedInit: load from /media/xavier02/xavier_ssd_500/mmdetection3d_source/mmdetection3d-main/projects/BEVFusion/configs/resnet50.pth 

layer2.3.bn2.weight - torch.Size([128]): 
PretrainedInit: load from /media/xavier02/xavier_ssd_500/mmdetection3d_source/mmdetection3d-main/projects/BEVFusion/configs/resnet50.pth 

layer2.3.bn2.bias - torch.Size([128]): 
PretrainedInit: load from /media/xavier02/xavier_ssd_500/mmdetection3d_source/mmdetection3d-main/projects/BEVFusion/configs/resnet50.pth 

layer2.3.conv3.weight - torch.Size([512, 128, 1, 1]): 
PretrainedInit: load from /media/xavier02/xavier_ssd_500/mmdetection3d_source/mmdetection3d-main/projects/BEVFusion/configs/resnet50.pth 

layer2.3.bn3.weight - torch.Size([512]): 
PretrainedInit: load from /media/xavier02/xavier_ssd_500/mmdetection3d_source/mmdetection3d-main/projects/BEVFusion/configs/resnet50.pth 

layer2.3.bn3.bias - torch.Size([512]): 
PretrainedInit: load from /media/xavier02/xavier_ssd_500/mmdetection3d_source/mmdetection3d-main/projects/BEVFusion/configs/resnet50.pth 

layer3.0.conv1.weight - torch.Size([256, 512, 1, 1]): 
PretrainedInit: load from /media/xavier02/xavier_ssd_500/mmdetection3d_source/mmdetection3d-main/projects/BEVFusion/configs/resnet50.pth 

layer3.0.bn1.weight - torch.Size([256]): 
PretrainedInit: load from /media/xavier02/xavier_ssd_500/mmdetection3d_source/mmdetection3d-main/projects/BEVFusion/configs/resnet50.pth 

layer3.0.bn1.bias - torch.Size([256]): 
PretrainedInit: load from /media/xavier02/xavier_ssd_500/mmdetection3d_source/mmdetection3d-main/projects/BEVFusion/configs/resnet50.pth 

layer3.0.conv2.weight - torch.Size([256, 256, 3, 3]): 
PretrainedInit: load from /media/xavier02/xavier_ssd_500/mmdetection3d_source/mmdetection3d-main/projects/BEVFusion/configs/resnet50.pth 

layer3.0.bn2.weight - torch.Size([256]): 
PretrainedInit: load from /media/xavier02/xavier_ssd_500/mmdetection3d_source/mmdetection3d-main/projects/BEVFusion/configs/resnet50.pth 

layer3.0.bn2.bias - torch.Size([256]): 
PretrainedInit: load from /media/xavier02/xavier_ssd_500/mmdetection3d_source/mmdetection3d-main/projects/BEVFusion/configs/resnet50.pth 

layer3.0.conv3.weight - torch.Size([1024, 256, 1, 1]): 
PretrainedInit: load from /media/xavier02/xavier_ssd_500/mmdetection3d_source/mmdetection3d-main/projects/BEVFusion/configs/resnet50.pth 

layer3.0.bn3.weight - torch.Size([1024]): 
PretrainedInit: load from /media/xavier02/xavier_ssd_500/mmdetection3d_source/mmdetection3d-main/projects/BEVFusion/configs/resnet50.pth 

layer3.0.bn3.bias - torch.Size([1024]): 
PretrainedInit: load from /media/xavier02/xavier_ssd_500/mmdetection3d_source/mmdetection3d-main/projects/BEVFusion/configs/resnet50.pth 

layer3.0.downsample.0.weight - torch.Size([1024, 512, 1, 1]): 
PretrainedInit: load from /media/xavier02/xavier_ssd_500/mmdetection3d_source/mmdetection3d-main/projects/BEVFusion/configs/resnet50.pth 

layer3.0.downsample.1.weight - torch.Size([1024]): 
PretrainedInit: load from /media/xavier02/xavier_ssd_500/mmdetection3d_source/mmdetection3d-main/projects/BEVFusion/configs/resnet50.pth 

layer3.0.downsample.1.bias - torch.Size([1024]): 
PretrainedInit: load from /media/xavier02/xavier_ssd_500/mmdetection3d_source/mmdetection3d-main/projects/BEVFusion/configs/resnet50.pth 

layer3.1.conv1.weight - torch.Size([256, 1024, 1, 1]): 
PretrainedInit: load from /media/xavier02/xavier_ssd_500/mmdetection3d_source/mmdetection3d-main/projects/BEVFusion/configs/resnet50.pth 

layer3.1.bn1.weight - torch.Size([256]): 
PretrainedInit: load from /media/xavier02/xavier_ssd_500/mmdetection3d_source/mmdetection3d-main/projects/BEVFusion/configs/resnet50.pth 

layer3.1.bn1.bias - torch.Size([256]): 
PretrainedInit: load from /media/xavier02/xavier_ssd_500/mmdetection3d_source/mmdetection3d-main/projects/BEVFusion/configs/resnet50.pth 

layer3.1.conv2.weight - torch.Size([256, 256, 3, 3]): 
PretrainedInit: load from /media/xavier02/xavier_ssd_500/mmdetection3d_source/mmdetection3d-main/projects/BEVFusion/configs/resnet50.pth 

layer3.1.bn2.weight - torch.Size([256]): 
PretrainedInit: load from /media/xavier02/xavier_ssd_500/mmdetection3d_source/mmdetection3d-main/projects/BEVFusion/configs/resnet50.pth 

layer3.1.bn2.bias - torch.Size([256]): 
PretrainedInit: load from /media/xavier02/xavier_ssd_500/mmdetection3d_source/mmdetection3d-main/projects/BEVFusion/configs/resnet50.pth 

layer3.1.conv3.weight - torch.Size([1024, 256, 1, 1]): 
PretrainedInit: load from /media/xavier02/xavier_ssd_500/mmdetection3d_source/mmdetection3d-main/projects/BEVFusion/configs/resnet50.pth 

layer3.1.bn3.weight - torch.Size([1024]): 
PretrainedInit: load from /media/xavier02/xavier_ssd_500/mmdetection3d_source/mmdetection3d-main/projects/BEVFusion/configs/resnet50.pth 

layer3.1.bn3.bias - torch.Size([1024]): 
PretrainedInit: load from /media/xavier02/xavier_ssd_500/mmdetection3d_source/mmdetection3d-main/projects/BEVFusion/configs/resnet50.pth 

layer3.2.conv1.weight - torch.Size([256, 1024, 1, 1]): 
PretrainedInit: load from /media/xavier02/xavier_ssd_500/mmdetection3d_source/mmdetection3d-main/projects/BEVFusion/configs/resnet50.pth 

layer3.2.bn1.weight - torch.Size([256]): 
PretrainedInit: load from /media/xavier02/xavier_ssd_500/mmdetection3d_source/mmdetection3d-main/projects/BEVFusion/configs/resnet50.pth 

layer3.2.bn1.bias - torch.Size([256]): 
PretrainedInit: load from /media/xavier02/xavier_ssd_500/mmdetection3d_source/mmdetection3d-main/projects/BEVFusion/configs/resnet50.pth 

layer3.2.conv2.weight - torch.Size([256, 256, 3, 3]): 
PretrainedInit: load from /media/xavier02/xavier_ssd_500/mmdetection3d_source/mmdetection3d-main/projects/BEVFusion/configs/resnet50.pth 

layer3.2.bn2.weight - torch.Size([256]): 
PretrainedInit: load from /media/xavier02/xavier_ssd_500/mmdetection3d_source/mmdetection3d-main/projects/BEVFusion/configs/resnet50.pth 

layer3.2.bn2.bias - torch.Size([256]): 
PretrainedInit: load from /media/xavier02/xavier_ssd_500/mmdetection3d_source/mmdetection3d-main/projects/BEVFusion/configs/resnet50.pth 

layer3.2.conv3.weight - torch.Size([1024, 256, 1, 1]): 
PretrainedInit: load from /media/xavier02/xavier_ssd_500/mmdetection3d_source/mmdetection3d-main/projects/BEVFusion/configs/resnet50.pth 

layer3.2.bn3.weight - torch.Size([1024]): 
PretrainedInit: load from /media/xavier02/xavier_ssd_500/mmdetection3d_source/mmdetection3d-main/projects/BEVFusion/configs/resnet50.pth 

layer3.2.bn3.bias - torch.Size([1024]): 
PretrainedInit: load from /media/xavier02/xavier_ssd_500/mmdetection3d_source/mmdetection3d-main/projects/BEVFusion/configs/resnet50.pth 

layer3.3.conv1.weight - torch.Size([256, 1024, 1, 1]): 
PretrainedInit: load from /media/xavier02/xavier_ssd_500/mmdetection3d_source/mmdetection3d-main/projects/BEVFusion/configs/resnet50.pth 

layer3.3.bn1.weight - torch.Size([256]): 
PretrainedInit: load from /media/xavier02/xavier_ssd_500/mmdetection3d_source/mmdetection3d-main/projects/BEVFusion/configs/resnet50.pth 

layer3.3.bn1.bias - torch.Size([256]): 
PretrainedInit: load from /media/xavier02/xavier_ssd_500/mmdetection3d_source/mmdetection3d-main/projects/BEVFusion/configs/resnet50.pth 

layer3.3.conv2.weight - torch.Size([256, 256, 3, 3]): 
PretrainedInit: load from /media/xavier02/xavier_ssd_500/mmdetection3d_source/mmdetection3d-main/projects/BEVFusion/configs/resnet50.pth 

layer3.3.bn2.weight - torch.Size([256]): 
PretrainedInit: load from /media/xavier02/xavier_ssd_500/mmdetection3d_source/mmdetection3d-main/projects/BEVFusion/configs/resnet50.pth 

layer3.3.bn2.bias - torch.Size([256]): 
PretrainedInit: load from /media/xavier02/xavier_ssd_500/mmdetection3d_source/mmdetection3d-main/projects/BEVFusion/configs/resnet50.pth 

layer3.3.conv3.weight - torch.Size([1024, 256, 1, 1]): 
PretrainedInit: load from /media/xavier02/xavier_ssd_500/mmdetection3d_source/mmdetection3d-main/projects/BEVFusion/configs/resnet50.pth 

layer3.3.bn3.weight - torch.Size([1024]): 
PretrainedInit: load from /media/xavier02/xavier_ssd_500/mmdetection3d_source/mmdetection3d-main/projects/BEVFusion/configs/resnet50.pth 

layer3.3.bn3.bias - torch.Size([1024]): 
PretrainedInit: load from /media/xavier02/xavier_ssd_500/mmdetection3d_source/mmdetection3d-main/projects/BEVFusion/configs/resnet50.pth 

layer3.4.conv1.weight - torch.Size([256, 1024, 1, 1]): 
PretrainedInit: load from /media/xavier02/xavier_ssd_500/mmdetection3d_source/mmdetection3d-main/projects/BEVFusion/configs/resnet50.pth 

layer3.4.bn1.weight - torch.Size([256]): 
PretrainedInit: load from /media/xavier02/xavier_ssd_500/mmdetection3d_source/mmdetection3d-main/projects/BEVFusion/configs/resnet50.pth 

layer3.4.bn1.bias - torch.Size([256]): 
PretrainedInit: load from /media/xavier02/xavier_ssd_500/mmdetection3d_source/mmdetection3d-main/projects/BEVFusion/configs/resnet50.pth 

layer3.4.conv2.weight - torch.Size([256, 256, 3, 3]): 
PretrainedInit: load from /media/xavier02/xavier_ssd_500/mmdetection3d_source/mmdetection3d-main/projects/BEVFusion/configs/resnet50.pth 

layer3.4.bn2.weight - torch.Size([256]): 
PretrainedInit: load from /media/xavier02/xavier_ssd_500/mmdetection3d_source/mmdetection3d-main/projects/BEVFusion/configs/resnet50.pth 

layer3.4.bn2.bias - torch.Size([256]): 
PretrainedInit: load from /media/xavier02/xavier_ssd_500/mmdetection3d_source/mmdetection3d-main/projects/BEVFusion/configs/resnet50.pth 

layer3.4.conv3.weight - torch.Size([1024, 256, 1, 1]): 
PretrainedInit: load from /media/xavier02/xavier_ssd_500/mmdetection3d_source/mmdetection3d-main/projects/BEVFusion/configs/resnet50.pth 

layer3.4.bn3.weight - torch.Size([1024]): 
PretrainedInit: load from /media/xavier02/xavier_ssd_500/mmdetection3d_source/mmdetection3d-main/projects/BEVFusion/configs/resnet50.pth 

layer3.4.bn3.bias - torch.Size([1024]): 
PretrainedInit: load from /media/xavier02/xavier_ssd_500/mmdetection3d_source/mmdetection3d-main/projects/BEVFusion/configs/resnet50.pth 

layer3.5.conv1.weight - torch.Size([256, 1024, 1, 1]): 
PretrainedInit: load from /media/xavier02/xavier_ssd_500/mmdetection3d_source/mmdetection3d-main/projects/BEVFusion/configs/resnet50.pth 

layer3.5.bn1.weight - torch.Size([256]): 
PretrainedInit: load from /media/xavier02/xavier_ssd_500/mmdetection3d_source/mmdetection3d-main/projects/BEVFusion/configs/resnet50.pth 

layer3.5.bn1.bias - torch.Size([256]): 
PretrainedInit: load from /media/xavier02/xavier_ssd_500/mmdetection3d_source/mmdetection3d-main/projects/BEVFusion/configs/resnet50.pth 

layer3.5.conv2.weight - torch.Size([256, 256, 3, 3]): 
PretrainedInit: load from /media/xavier02/xavier_ssd_500/mmdetection3d_source/mmdetection3d-main/projects/BEVFusion/configs/resnet50.pth 

layer3.5.bn2.weight - torch.Size([256]): 
PretrainedInit: load from /media/xavier02/xavier_ssd_500/mmdetection3d_source/mmdetection3d-main/projects/BEVFusion/configs/resnet50.pth 

layer3.5.bn2.bias - torch.Size([256]): 
PretrainedInit: load from /media/xavier02/xavier_ssd_500/mmdetection3d_source/mmdetection3d-main/projects/BEVFusion/configs/resnet50.pth 

layer3.5.conv3.weight - torch.Size([1024, 256, 1, 1]): 
PretrainedInit: load from /media/xavier02/xavier_ssd_500/mmdetection3d_source/mmdetection3d-main/projects/BEVFusion/configs/resnet50.pth 

layer3.5.bn3.weight - torch.Size([1024]): 
PretrainedInit: load from /media/xavier02/xavier_ssd_500/mmdetection3d_source/mmdetection3d-main/projects/BEVFusion/configs/resnet50.pth 

layer3.5.bn3.bias - torch.Size([1024]): 
PretrainedInit: load from /media/xavier02/xavier_ssd_500/mmdetection3d_source/mmdetection3d-main/projects/BEVFusion/configs/resnet50.pth 

layer4.0.conv1.weight - torch.Size([512, 1024, 1, 1]): 
PretrainedInit: load from /media/xavier02/xavier_ssd_500/mmdetection3d_source/mmdetection3d-main/projects/BEVFusion/configs/resnet50.pth 

layer4.0.bn1.weight - torch.Size([512]): 
PretrainedInit: load from /media/xavier02/xavier_ssd_500/mmdetection3d_source/mmdetection3d-main/projects/BEVFusion/configs/resnet50.pth 

layer4.0.bn1.bias - torch.Size([512]): 
PretrainedInit: load from /media/xavier02/xavier_ssd_500/mmdetection3d_source/mmdetection3d-main/projects/BEVFusion/configs/resnet50.pth 

layer4.0.conv2.weight - torch.Size([512, 512, 3, 3]): 
PretrainedInit: load from /media/xavier02/xavier_ssd_500/mmdetection3d_source/mmdetection3d-main/projects/BEVFusion/configs/resnet50.pth 

layer4.0.bn2.weight - torch.Size([512]): 
PretrainedInit: load from /media/xavier02/xavier_ssd_500/mmdetection3d_source/mmdetection3d-main/projects/BEVFusion/configs/resnet50.pth 

layer4.0.bn2.bias - torch.Size([512]): 
PretrainedInit: load from /media/xavier02/xavier_ssd_500/mmdetection3d_source/mmdetection3d-main/projects/BEVFusion/configs/resnet50.pth 

layer4.0.conv3.weight - torch.Size([2048, 512, 1, 1]): 
PretrainedInit: load from /media/xavier02/xavier_ssd_500/mmdetection3d_source/mmdetection3d-main/projects/BEVFusion/configs/resnet50.pth 

layer4.0.bn3.weight - torch.Size([2048]): 
PretrainedInit: load from /media/xavier02/xavier_ssd_500/mmdetection3d_source/mmdetection3d-main/projects/BEVFusion/configs/resnet50.pth 

layer4.0.bn3.bias - torch.Size([2048]): 
PretrainedInit: load from /media/xavier02/xavier_ssd_500/mmdetection3d_source/mmdetection3d-main/projects/BEVFusion/configs/resnet50.pth 

layer4.0.downsample.0.weight - torch.Size([2048, 1024, 1, 1]): 
PretrainedInit: load from /media/xavier02/xavier_ssd_500/mmdetection3d_source/mmdetection3d-main/projects/BEVFusion/configs/resnet50.pth 

layer4.0.downsample.1.weight - torch.Size([2048]): 
PretrainedInit: load from /media/xavier02/xavier_ssd_500/mmdetection3d_source/mmdetection3d-main/projects/BEVFusion/configs/resnet50.pth 

layer4.0.downsample.1.bias - torch.Size([2048]): 
PretrainedInit: load from /media/xavier02/xavier_ssd_500/mmdetection3d_source/mmdetection3d-main/projects/BEVFusion/configs/resnet50.pth 

layer4.1.conv1.weight - torch.Size([512, 2048, 1, 1]): 
PretrainedInit: load from /media/xavier02/xavier_ssd_500/mmdetection3d_source/mmdetection3d-main/projects/BEVFusion/configs/resnet50.pth 

layer4.1.bn1.weight - torch.Size([512]): 
PretrainedInit: load from /media/xavier02/xavier_ssd_500/mmdetection3d_source/mmdetection3d-main/projects/BEVFusion/configs/resnet50.pth 

layer4.1.bn1.bias - torch.Size([512]): 
PretrainedInit: load from /media/xavier02/xavier_ssd_500/mmdetection3d_source/mmdetection3d-main/projects/BEVFusion/configs/resnet50.pth 

layer4.1.conv2.weight - torch.Size([512, 512, 3, 3]): 
PretrainedInit: load from /media/xavier02/xavier_ssd_500/mmdetection3d_source/mmdetection3d-main/projects/BEVFusion/configs/resnet50.pth 

layer4.1.bn2.weight - torch.Size([512]): 
PretrainedInit: load from /media/xavier02/xavier_ssd_500/mmdetection3d_source/mmdetection3d-main/projects/BEVFusion/configs/resnet50.pth 

layer4.1.bn2.bias - torch.Size([512]): 
PretrainedInit: load from /media/xavier02/xavier_ssd_500/mmdetection3d_source/mmdetection3d-main/projects/BEVFusion/configs/resnet50.pth 

layer4.1.conv3.weight - torch.Size([2048, 512, 1, 1]): 
PretrainedInit: load from /media/xavier02/xavier_ssd_500/mmdetection3d_source/mmdetection3d-main/projects/BEVFusion/configs/resnet50.pth 

layer4.1.bn3.weight - torch.Size([2048]): 
PretrainedInit: load from /media/xavier02/xavier_ssd_500/mmdetection3d_source/mmdetection3d-main/projects/BEVFusion/configs/resnet50.pth 

layer4.1.bn3.bias - torch.Size([2048]): 
PretrainedInit: load from /media/xavier02/xavier_ssd_500/mmdetection3d_source/mmdetection3d-main/projects/BEVFusion/configs/resnet50.pth 

layer4.2.conv1.weight - torch.Size([512, 2048, 1, 1]): 
PretrainedInit: load from /media/xavier02/xavier_ssd_500/mmdetection3d_source/mmdetection3d-main/projects/BEVFusion/configs/resnet50.pth 

layer4.2.bn1.weight - torch.Size([512]): 
PretrainedInit: load from /media/xavier02/xavier_ssd_500/mmdetection3d_source/mmdetection3d-main/projects/BEVFusion/configs/resnet50.pth 

layer4.2.bn1.bias - torch.Size([512]): 
PretrainedInit: load from /media/xavier02/xavier_ssd_500/mmdetection3d_source/mmdetection3d-main/projects/BEVFusion/configs/resnet50.pth 

layer4.2.conv2.weight - torch.Size([512, 512, 3, 3]): 
PretrainedInit: load from /media/xavier02/xavier_ssd_500/mmdetection3d_source/mmdetection3d-main/projects/BEVFusion/configs/resnet50.pth 

layer4.2.bn2.weight - torch.Size([512]): 
PretrainedInit: load from /media/xavier02/xavier_ssd_500/mmdetection3d_source/mmdetection3d-main/projects/BEVFusion/configs/resnet50.pth 

layer4.2.bn2.bias - torch.Size([512]): 
PretrainedInit: load from /media/xavier02/xavier_ssd_500/mmdetection3d_source/mmdetection3d-main/projects/BEVFusion/configs/resnet50.pth 

layer4.2.conv3.weight - torch.Size([2048, 512, 1, 1]): 
PretrainedInit: load from /media/xavier02/xavier_ssd_500/mmdetection3d_source/mmdetection3d-main/projects/BEVFusion/configs/resnet50.pth 

layer4.2.bn3.weight - torch.Size([2048]): 
PretrainedInit: load from /media/xavier02/xavier_ssd_500/mmdetection3d_source/mmdetection3d-main/projects/BEVFusion/configs/resnet50.pth 

layer4.2.bn3.bias - torch.Size([2048]): 
PretrainedInit: load from /media/xavier02/xavier_ssd_500/mmdetection3d_source/mmdetection3d-main/projects/BEVFusion/configs/resnet50.pth 
2024/12/03 18:18:52 - mmengine - INFO - Distributed training is not used, all SyncBatchNorm (SyncBN) layers in the model will be automatically reverted to BatchNormXd layers if they are used.
2024/12/03 18:18:52 - mmengine - INFO - Hooks will be executed in the following order:
before_run:
(VERY_HIGH   ) RuntimeInfoHook                    
(BELOW_NORMAL) LoggerHook                         
 -------------------- 
before_train:
(VERY_HIGH   ) RuntimeInfoHook                    
(NORMAL      ) IterTimerHook                      
(VERY_LOW    ) CheckpointHook                     
 -------------------- 
before_train_epoch:
(VERY_HIGH   ) RuntimeInfoHook                    
(NORMAL      ) IterTimerHook                      
(NORMAL      ) DistSamplerSeedHook                
 -------------------- 
before_train_iter:
(VERY_HIGH   ) RuntimeInfoHook                    
(NORMAL      ) IterTimerHook                      
 -------------------- 
after_train_iter:
(VERY_HIGH   ) RuntimeInfoHook                    
(NORMAL      ) IterTimerHook                      
(BELOW_NORMAL) LoggerHook                         
(LOW         ) ParamSchedulerHook                 
(VERY_LOW    ) CheckpointHook                     
 -------------------- 
after_train_epoch:
(NORMAL      ) IterTimerHook                      
(LOW         ) ParamSchedulerHook                 
(VERY_LOW    ) CheckpointHook                     
 -------------------- 
before_val:
(VERY_HIGH   ) RuntimeInfoHook                    
 -------------------- 
before_val_epoch:
(NORMAL      ) IterTimerHook                      
 -------------------- 
before_val_iter:
(NORMAL      ) IterTimerHook                      
 -------------------- 
after_val_iter:
(NORMAL      ) IterTimerHook                      
(NORMAL      ) Det3DVisualizationHook             
(BELOW_NORMAL) LoggerHook                         
 -------------------- 
after_val_epoch:
(VERY_HIGH   ) RuntimeInfoHook                    
(NORMAL      ) IterTimerHook                      
(BELOW_NORMAL) LoggerHook                         
(LOW         ) ParamSchedulerHook                 
(VERY_LOW    ) CheckpointHook                     
 -------------------- 
after_val:
(VERY_HIGH   ) RuntimeInfoHook                    
 -------------------- 
after_train:
(VERY_HIGH   ) RuntimeInfoHook                    
(VERY_LOW    ) CheckpointHook                     
 -------------------- 
before_test:
(VERY_HIGH   ) RuntimeInfoHook                    
 -------------------- 
before_test_epoch:
(NORMAL      ) IterTimerHook                      
 -------------------- 
before_test_iter:
(NORMAL      ) IterTimerHook                      
 -------------------- 
after_test_iter:
(NORMAL      ) IterTimerHook                      
(NORMAL      ) Det3DVisualizationHook             
(BELOW_NORMAL) LoggerHook                         
 -------------------- 
after_test_epoch:
(VERY_HIGH   ) RuntimeInfoHook                    
(NORMAL      ) IterTimerHook                      
(BELOW_NORMAL) LoggerHook                         
 -------------------- 
after_test:
(VERY_HIGH   ) RuntimeInfoHook                    
 -------------------- 
after_run:
(BELOW_NORMAL) LoggerHook                         
 -------------------- 
2024/12/03 18:19:34 - mmengine - INFO - ------------------------------
2024/12/03 18:19:34 - mmengine - INFO - The length of test dataset: 6019
2024/12/03 18:19:34 - mmengine - INFO - The number of instances per category in the dataset:
+----------------------+--------+
| category             | number |
+----------------------+--------+
| car                  | 80004  |
| truck                | 15704  |
| construction_vehicle | 2678   |
| bus                  | 3158   |
| trailer              | 4159   |
| barrier              | 26992  |
| motorcycle           | 2508   |
| bicycle              | 2381   |
| pedestrian           | 34347  |
| traffic_cone         | 15597  |
+----------------------+--------+
2024/12/03 18:19:38 - mmengine - INFO - Load checkpoint from /media/xavier02/xavier_ssd_500/mmdetection3d_source/mmdetection3d-main/projects/BEVFusion/configs/Cam_lid_ep6_fp16.pth
2024/12/03 18:20:51 - mmengine - INFO - Epoch(test) [  50/6019]    eta: 2:23:56  time: 1.4469  data_time: 0.0390  memory: 2260  
2024/12/03 18:22:00 - mmengine - INFO - Epoch(test) [ 100/6019]    eta: 2:19:47  time: 1.3871  data_time: 0.0180  memory: 2263  
2024/12/03 18:23:07 - mmengine - INFO - Epoch(test) [ 150/6019]    eta: 2:15:58  time: 1.3365  data_time: 0.0177  memory: 2258  
2024/12/03 18:24:15 - mmengine - INFO - Epoch(test) [ 200/6019]    eta: 2:14:15  time: 1.3669  data_time: 0.0177  memory: 2262  
2024/12/03 18:25:23 - mmengine - INFO - Epoch(test) [ 250/6019]    eta: 2:12:30  time: 1.3530  data_time: 0.0180  memory: 2262  
2024/12/03 18:26:28 - mmengine - INFO - Epoch(test) [ 300/6019]    eta: 2:10:07  time: 1.3004  data_time: 0.0178  memory: 2260  
2024/12/03 18:27:36 - mmengine - INFO - Epoch(test) [ 350/6019]    eta: 2:08:55  time: 1.3611  data_time: 0.0181  memory: 2261  
2024/12/03 18:28:45 - mmengine - INFO - Epoch(test) [ 400/6019]    eta: 2:08:01  time: 1.3849  data_time: 0.0186  memory: 2263  
2024/12/03 18:29:56 - mmengine - INFO - Epoch(test) [ 450/6019]    eta: 2:07:23  time: 1.4152  data_time: 0.0186  memory: 2263  
2024/12/03 18:31:05 - mmengine - INFO - Epoch(test) [ 500/6019]    eta: 2:06:17  time: 1.3782  data_time: 0.0184  memory: 2261  
2024/12/03 18:32:11 - mmengine - INFO - Epoch(test) [ 550/6019]    eta: 2:04:48  time: 1.3314  data_time: 0.0176  memory: 2262  
2024/12/03 18:33:16 - mmengine - INFO - Epoch(test) [ 600/6019]    eta: 2:03:06  time: 1.2964  data_time: 0.0179  memory: 2258  
2024/12/03 18:34:15 - mmengine - INFO - Epoch(test) [ 650/6019]    eta: 2:00:41  time: 1.1759  data_time: 0.0166  memory: 2256  
2024/12/03 18:35:13 - mmengine - INFO - Epoch(test) [ 700/6019]    eta: 1:58:21  time: 1.1582  data_time: 0.0174  memory: 2256  
2024/12/03 18:36:11 - mmengine - INFO - Epoch(test) [ 750/6019]    eta: 1:56:13  time: 1.1608  data_time: 0.0170  memory: 2256  
2024/12/03 18:37:15 - mmengine - INFO - Epoch(test) [ 800/6019]    eta: 1:54:54  time: 1.2823  data_time: 0.0176  memory: 2262  
2024/12/03 18:38:18 - mmengine - INFO - Epoch(test) [ 850/6019]    eta: 1:53:29  time: 1.2594  data_time: 0.0172  memory: 2262  
2024/12/03 18:39:19 - mmengine - INFO - Epoch(test) [ 900/6019]    eta: 1:51:52  time: 1.2090  data_time: 0.0174  memory: 2259  
2024/12/03 18:40:22 - mmengine - INFO - Epoch(test) [ 950/6019]    eta: 1:50:35  time: 1.2667  data_time: 0.0174  memory: 2262  
2024/12/03 18:41:28 - mmengine - INFO - Epoch(test) [1000/6019]    eta: 1:49:33  time: 1.3228  data_time: 0.0181  memory: 2262  
2024/12/03 18:42:25 - mmengine - INFO - Epoch(test) [1050/6019]    eta: 1:47:49  time: 1.1470  data_time: 0.0173  memory: 2256  
2024/12/03 18:43:28 - mmengine - INFO - Epoch(test) [1100/6019]    eta: 1:46:33  time: 1.2553  data_time: 0.0173  memory: 2261  
2024/12/03 18:44:30 - mmengine - INFO - Epoch(test) [1150/6019]    eta: 1:45:13  time: 1.2295  data_time: 0.0172  memory: 2257  
2024/12/03 18:45:34 - mmengine - INFO - Epoch(test) [1200/6019]    eta: 1:44:05  time: 1.2816  data_time: 0.0176  memory: 2261  
2024/12/03 18:46:42 - mmengine - INFO - Epoch(test) [1250/6019]    eta: 1:43:13  time: 1.3594  data_time: 0.0173  memory: 2263  
2024/12/03 18:47:46 - mmengine - INFO - Epoch(test) [1300/6019]    eta: 1:42:05  time: 1.2841  data_time: 0.0170  memory: 2260  
2024/12/03 18:48:53 - mmengine - INFO - Epoch(test) [1350/6019]    eta: 1:41:06  time: 1.3321  data_time: 0.0173  memory: 2263  
2024/12/03 18:49:58 - mmengine - INFO - Epoch(test) [1400/6019]    eta: 1:40:03  time: 1.3081  data_time: 0.0174  memory: 2262  
2024/12/03 18:51:05 - mmengine - INFO - Epoch(test) [1450/6019]    eta: 1:39:05  time: 1.3480  data_time: 0.0179  memory: 2262  
2024/12/03 18:52:15 - mmengine - INFO - Epoch(test) [1500/6019]    eta: 1:38:13  time: 1.3863  data_time: 0.0176  memory: 2263  
2024/12/03 18:53:22 - mmengine - INFO - Epoch(test) [1550/6019]    eta: 1:37:14  time: 1.3493  data_time: 0.0184  memory: 2262  
2024/12/03 18:54:22 - mmengine - INFO - Epoch(test) [1600/6019]    eta: 1:35:55  time: 1.2036  data_time: 0.0173  memory: 2259  
2024/12/03 18:55:29 - mmengine - INFO - Epoch(test) [1650/6019]    eta: 1:34:53  time: 1.3290  data_time: 0.0176  memory: 2261  
2024/12/03 18:56:33 - mmengine - INFO - Epoch(test) [1700/6019]    eta: 1:33:46  time: 1.2838  data_time: 0.0173  memory: 2258  
2024/12/03 18:57:38 - mmengine - INFO - Epoch(test) [1750/6019]    eta: 1:32:40  time: 1.2952  data_time: 0.0174  memory: 2262  
2024/12/03 18:58:42 - mmengine - INFO - Epoch(test) [1800/6019]    eta: 1:31:32  time: 1.2828  data_time: 0.0172  memory: 2262  
2024/12/03 18:59:46 - mmengine - INFO - Epoch(test) [1850/6019]    eta: 1:30:24  time: 1.2728  data_time: 0.0176  memory: 2257  
2024/12/03 19:00:46 - mmengine - INFO - Epoch(test) [1900/6019]    eta: 1:29:07  time: 1.1971  data_time: 0.0172  memory: 2259  
2024/12/03 19:01:49 - mmengine - INFO - Epoch(test) [1950/6019]    eta: 1:27:59  time: 1.2605  data_time: 0.0175  memory: 2263  
2024/12/03 19:02:52 - mmengine - INFO - Epoch(test) [2000/6019]    eta: 1:26:51  time: 1.2670  data_time: 0.0181  memory: 2256  
2024/12/03 19:03:57 - mmengine - INFO - Epoch(test) [2050/6019]    eta: 1:25:46  time: 1.3012  data_time: 0.0177  memory: 2260  
2024/12/03 19:05:01 - mmengine - INFO - Epoch(test) [2100/6019]    eta: 1:24:41  time: 1.2895  data_time: 0.0179  memory: 2258  
2024/12/03 19:06:05 - mmengine - INFO - Epoch(test) [2150/6019]    eta: 1:23:34  time: 1.2713  data_time: 0.0173  memory: 2259  
2024/12/03 19:07:11 - mmengine - INFO - Epoch(test) [2200/6019]    eta: 1:22:30  time: 1.3110  data_time: 0.0175  memory: 2262  
2024/12/03 19:08:15 - mmengine - INFO - Epoch(test) [2250/6019]    eta: 1:21:25  time: 1.2958  data_time: 0.0175  memory: 2262  
2024/12/03 19:09:15 - mmengine - INFO - Epoch(test) [2300/6019]    eta: 1:20:13  time: 1.2003  data_time: 0.0171  memory: 2262  
2024/12/03 19:10:12 - mmengine - INFO - Epoch(test) [2350/6019]    eta: 1:18:55  time: 1.1261  data_time: 0.0166  memory: 2255  
2024/12/03 19:11:13 - mmengine - INFO - Epoch(test) [2400/6019]    eta: 1:17:45  time: 1.2168  data_time: 0.0171  memory: 2257  
2024/12/03 19:12:18 - mmengine - INFO - Epoch(test) [2450/6019]    eta: 1:16:42  time: 1.3151  data_time: 0.0168  memory: 2262  
2024/12/03 19:13:23 - mmengine - INFO - Epoch(test) [2500/6019]    eta: 1:15:38  time: 1.2947  data_time: 0.0170  memory: 2260  
2024/12/03 19:14:24 - mmengine - INFO - Epoch(test) [2550/6019]    eta: 1:14:28  time: 1.2074  data_time: 0.0169  memory: 2258  
2024/12/03 19:15:22 - mmengine - INFO - Epoch(test) [2600/6019]    eta: 1:13:16  time: 1.1713  data_time: 0.0167  memory: 2261  
2024/12/03 19:16:26 - mmengine - INFO - Epoch(test) [2650/6019]    eta: 1:12:11  time: 1.2684  data_time: 0.0171  memory: 2262  
2024/12/03 19:17:29 - mmengine - INFO - Epoch(test) [2700/6019]    eta: 1:11:05  time: 1.2688  data_time: 0.0170  memory: 2262  
2024/12/03 19:18:31 - mmengine - INFO - Epoch(test) [2750/6019]    eta: 1:09:58  time: 1.2311  data_time: 0.0168  memory: 2259  
2024/12/03 19:19:33 - mmengine - INFO - Epoch(test) [2800/6019]    eta: 1:08:52  time: 1.2518  data_time: 0.0170  memory: 2260  
2024/12/03 19:20:30 - mmengine - INFO - Epoch(test) [2850/6019]    eta: 1:07:39  time: 1.1361  data_time: 0.0167  memory: 2256  
2024/12/03 19:21:28 - mmengine - INFO - Epoch(test) [2900/6019]    eta: 1:06:29  time: 1.1586  data_time: 0.0163  memory: 2257  
2024/12/03 19:22:25 - mmengine - INFO - Epoch(test) [2950/6019]    eta: 1:05:18  time: 1.1440  data_time: 0.0178  memory: 2262  
2024/12/03 19:23:25 - mmengine - INFO - Epoch(test) [3000/6019]    eta: 1:04:10  time: 1.2032  data_time: 0.0168  memory: 2262  
2024/12/03 19:24:27 - mmengine - INFO - Epoch(test) [3050/6019]    eta: 1:03:05  time: 1.2406  data_time: 0.0167  memory: 2262  
2024/12/03 19:25:20 - mmengine - INFO - Epoch(test) [3100/6019]    eta: 1:01:51  time: 1.0564  data_time: 0.0164  memory: 2256  
2024/12/03 19:26:10 - mmengine - INFO - Epoch(test) [3150/6019]    eta: 1:00:35  time: 1.0061  data_time: 0.0161  memory: 2248  
2024/12/03 19:27:06 - mmengine - INFO - Epoch(test) [3200/6019]    eta: 0:59:25  time: 1.1199  data_time: 0.0164  memory: 2256  
2024/12/03 19:28:02 - mmengine - INFO - Epoch(test) [3250/6019]    eta: 0:58:15  time: 1.1135  data_time: 0.0171  memory: 2256  
2024/12/03 19:29:07 - mmengine - INFO - Epoch(test) [3300/6019]    eta: 0:57:14  time: 1.2955  data_time: 0.0173  memory: 2261  
2024/12/03 19:30:10 - mmengine - INFO - Epoch(test) [3350/6019]    eta: 0:56:10  time: 1.2546  data_time: 0.0168  memory: 2261  
2024/12/03 19:31:12 - mmengine - INFO - Epoch(test) [3400/6019]    eta: 0:55:07  time: 1.2552  data_time: 0.0167  memory: 2261  
2024/12/03 19:32:15 - mmengine - INFO - Epoch(test) [3450/6019]    eta: 0:54:03  time: 1.2510  data_time: 0.0167  memory: 2262  
2024/12/03 19:33:17 - mmengine - INFO - Epoch(test) [3500/6019]    eta: 0:52:59  time: 1.2361  data_time: 0.0166  memory: 2262  
2024/12/03 19:34:17 - mmengine - INFO - Epoch(test) [3550/6019]    eta: 0:51:54  time: 1.1955  data_time: 0.0171  memory: 2257  
2024/12/03 19:35:16 - mmengine - INFO - Epoch(test) [3600/6019]    eta: 0:50:48  time: 1.1910  data_time: 0.0169  memory: 2257  
2024/12/03 19:36:18 - mmengine - INFO - Epoch(test) [3650/6019]    eta: 0:49:44  time: 1.2303  data_time: 0.0170  memory: 2257  
2024/12/03 19:37:15 - mmengine - INFO - Epoch(test) [3700/6019]    eta: 0:48:38  time: 1.1449  data_time: 0.0167  memory: 2255  
2024/12/03 19:38:17 - mmengine - INFO - Epoch(test) [3750/6019]    eta: 0:47:34  time: 1.2482  data_time: 0.0172  memory: 2260  
2024/12/03 19:39:27 - mmengine - INFO - Epoch(test) [3800/6019]    eta: 0:46:35  time: 1.3889  data_time: 0.0175  memory: 2263  
2024/12/03 19:40:32 - mmengine - INFO - Epoch(test) [3850/6019]    eta: 0:45:33  time: 1.3012  data_time: 0.0171  memory: 2262  
2024/12/03 19:41:41 - mmengine - INFO - Epoch(test) [3900/6019]    eta: 0:44:34  time: 1.3923  data_time: 0.0178  memory: 2262  
2024/12/03 19:42:51 - mmengine - INFO - Epoch(test) [3950/6019]    eta: 0:43:34  time: 1.3867  data_time: 0.0178  memory: 2263  
2024/12/03 19:44:01 - mmengine - INFO - Epoch(test) [4000/6019]    eta: 0:42:35  time: 1.4051  data_time: 0.0183  memory: 2263  
2024/12/03 19:44:59 - mmengine - INFO - Epoch(test) [4050/6019]    eta: 0:41:29  time: 1.1539  data_time: 0.0169  memory: 2257  
2024/12/03 19:45:59 - mmengine - INFO - Epoch(test) [4100/6019]    eta: 0:40:24  time: 1.2011  data_time: 0.0170  memory: 2257  
2024/12/03 19:47:00 - mmengine - INFO - Epoch(test) [4150/6019]    eta: 0:39:20  time: 1.2309  data_time: 0.0171  memory: 2261  
2024/12/03 19:48:06 - mmengine - INFO - Epoch(test) [4200/6019]    eta: 0:38:18  time: 1.3034  data_time: 0.0171  memory: 2262  
2024/12/03 19:49:02 - mmengine - INFO - Epoch(test) [4250/6019]    eta: 0:37:12  time: 1.1230  data_time: 0.0166  memory: 2258  
2024/12/03 19:49:57 - mmengine - INFO - Epoch(test) [4300/6019]    eta: 0:36:05  time: 1.1040  data_time: 0.0166  memory: 2256  
2024/12/03 19:50:53 - mmengine - INFO - Epoch(test) [4350/6019]    eta: 0:35:00  time: 1.1158  data_time: 0.0166  memory: 2256  
2024/12/03 19:51:52 - mmengine - INFO - Epoch(test) [4400/6019]    eta: 0:33:55  time: 1.1824  data_time: 0.0171  memory: 2256  
2024/12/03 19:52:52 - mmengine - INFO - Epoch(test) [4450/6019]    eta: 0:32:52  time: 1.2085  data_time: 0.0168  memory: 2257  
2024/12/03 19:53:57 - mmengine - INFO - Epoch(test) [4500/6019]    eta: 0:31:49  time: 1.3012  data_time: 0.0175  memory: 2262  
2024/12/03 19:55:02 - mmengine - INFO - Epoch(test) [4550/6019]    eta: 0:30:47  time: 1.3004  data_time: 0.0172  memory: 2262  
2024/12/03 19:56:11 - mmengine - INFO - Epoch(test) [4600/6019]    eta: 0:29:46  time: 1.3676  data_time: 0.0174  memory: 2264  
2024/12/03 19:57:21 - mmengine - INFO - Epoch(test) [4650/6019]    eta: 0:28:45  time: 1.4032  data_time: 0.0174  memory: 2262  
2024/12/03 19:58:28 - mmengine - INFO - Epoch(test) [4700/6019]    eta: 0:27:43  time: 1.3320  data_time: 0.0172  memory: 2259  
2024/12/03 19:59:33 - mmengine - INFO - Epoch(test) [4750/6019]    eta: 0:26:41  time: 1.3171  data_time: 0.0173  memory: 2259  
2024/12/03 20:00:41 - mmengine - INFO - Epoch(test) [4800/6019]    eta: 0:25:39  time: 1.3505  data_time: 0.0172  memory: 2261  
2024/12/03 20:01:48 - mmengine - INFO - Epoch(test) [4850/6019]    eta: 0:24:37  time: 1.3440  data_time: 0.0172  memory: 2262  
2024/12/03 20:02:54 - mmengine - INFO - Epoch(test) [4900/6019]    eta: 0:23:34  time: 1.3201  data_time: 0.0172  memory: 2260  
2024/12/03 20:04:00 - mmengine - INFO - Epoch(test) [4950/6019]    eta: 0:22:32  time: 1.3181  data_time: 0.0170  memory: 2262  
2024/12/03 20:05:07 - mmengine - INFO - Epoch(test) [5000/6019]    eta: 0:21:29  time: 1.3401  data_time: 0.0173  memory: 2262  
2024/12/03 20:06:13 - mmengine - INFO - Epoch(test) [5050/6019]    eta: 0:20:26  time: 1.3226  data_time: 0.0171  memory: 2262  
2024/12/03 20:07:19 - mmengine - INFO - Epoch(test) [5100/6019]    eta: 0:19:24  time: 1.3126  data_time: 0.0171  memory: 2262  
2024/12/03 20:08:23 - mmengine - INFO - Epoch(test) [5150/6019]    eta: 0:18:20  time: 1.2800  data_time: 0.0173  memory: 2257  
2024/12/03 20:09:25 - mmengine - INFO - Epoch(test) [5200/6019]    eta: 0:17:17  time: 1.2470  data_time: 0.0170  memory: 2262  
2024/12/03 20:10:31 - mmengine - INFO - Epoch(test) [5250/6019]    eta: 0:16:14  time: 1.3226  data_time: 0.0170  memory: 2262  
2024/12/03 20:11:34 - mmengine - INFO - Epoch(test) [5300/6019]    eta: 0:15:10  time: 1.2461  data_time: 0.0172  memory: 2257  
2024/12/03 20:12:39 - mmengine - INFO - Epoch(test) [5350/6019]    eta: 0:14:07  time: 1.2992  data_time: 0.0173  memory: 2262  
2024/12/03 20:13:47 - mmengine - INFO - Epoch(test) [5400/6019]    eta: 0:13:04  time: 1.3734  data_time: 0.0173  memory: 2262  
2024/12/03 20:14:55 - mmengine - INFO - Epoch(test) [5450/6019]    eta: 0:12:01  time: 1.3474  data_time: 0.0172  memory: 2262  
2024/12/03 20:16:04 - mmengine - INFO - Epoch(test) [5500/6019]    eta: 0:10:59  time: 1.3885  data_time: 0.0174  memory: 2262  
2024/12/03 20:17:13 - mmengine - INFO - Epoch(test) [5550/6019]    eta: 0:09:56  time: 1.3787  data_time: 0.0172  memory: 2262  
2024/12/03 20:18:22 - mmengine - INFO - Epoch(test) [5600/6019]    eta: 0:08:52  time: 1.3753  data_time: 0.0173  memory: 2262  
2024/12/03 20:19:30 - mmengine - INFO - Epoch(test) [5650/6019]    eta: 0:07:49  time: 1.3617  data_time: 0.0170  memory: 2263  
2024/12/03 20:20:41 - mmengine - INFO - Epoch(test) [5700/6019]    eta: 0:06:46  time: 1.4228  data_time: 0.0181  memory: 2263  
2024/12/03 20:21:51 - mmengine - INFO - Epoch(test) [5750/6019]    eta: 0:05:42  time: 1.3950  data_time: 0.0173  memory: 2263  
2024/12/03 20:22:58 - mmengine - INFO - Epoch(test) [5800/6019]    eta: 0:04:39  time: 1.3385  data_time: 0.0169  memory: 2262  
2024/12/03 20:24:05 - mmengine - INFO - Epoch(test) [5850/6019]    eta: 0:03:35  time: 1.3387  data_time: 0.0175  memory: 2261  
2024/12/03 20:25:15 - mmengine - INFO - Epoch(test) [5900/6019]    eta: 0:02:31  time: 1.3950  data_time: 0.0181  memory: 2263  
2024/12/03 20:26:24 - mmengine - INFO - Epoch(test) [5950/6019]    eta: 0:01:28  time: 1.3793  data_time: 0.0175  memory: 2262  
2024/12/03 20:27:30 - mmengine - INFO - Epoch(test) [6000/6019]    eta: 0:00:24  time: 1.3202  data_time: 0.0173  memory: 2263  
2024/12/03 20:54:49 - mmengine - INFO - Epoch(test) [6019/6019]    NuScenes metric/pred_instances_3d_NuScenes/car_AP_dist_0.5: 0.7910  NuScenes metric/pred_instances_3d_NuScenes/car_AP_dist_1.0: 0.8786  NuScenes metric/pred_instances_3d_NuScenes/car_AP_dist_2.0: 0.9086  NuScenes metric/pred_instances_3d_NuScenes/car_AP_dist_4.0: 0.9197  NuScenes metric/pred_instances_3d_NuScenes/car_trans_err: 0.1706  NuScenes metric/pred_instances_3d_NuScenes/car_scale_err: 0.1540  NuScenes metric/pred_instances_3d_NuScenes/car_orient_err: 0.0799  NuScenes metric/pred_instances_3d_NuScenes/car_vel_err: 0.2679  NuScenes metric/pred_instances_3d_NuScenes/car_attr_err: 0.1927  NuScenes metric/pred_instances_3d_NuScenes/mATE: 0.2809  NuScenes metric/pred_instances_3d_NuScenes/mASE: 0.2569  NuScenes metric/pred_instances_3d_NuScenes/mAOE: 0.3099  NuScenes metric/pred_instances_3d_NuScenes/mAVE: 0.2601  NuScenes metric/pred_instances_3d_NuScenes/mAAE: 0.1860  NuScenes metric/pred_instances_3d_NuScenes/truck_AP_dist_0.5: 0.4372  NuScenes metric/pred_instances_3d_NuScenes/truck_AP_dist_1.0: 0.6161  NuScenes metric/pred_instances_3d_NuScenes/truck_AP_dist_2.0: 0.7000  NuScenes metric/pred_instances_3d_NuScenes/truck_AP_dist_4.0: 0.7374  NuScenes metric/pred_instances_3d_NuScenes/truck_trans_err: 0.3194  NuScenes metric/pred_instances_3d_NuScenes/truck_scale_err: 0.1791  NuScenes metric/pred_instances_3d_NuScenes/truck_orient_err: 0.0866  NuScenes metric/pred_instances_3d_NuScenes/truck_vel_err: 0.2505  NuScenes metric/pred_instances_3d_NuScenes/truck_attr_err: 0.2235  NuScenes metric/pred_instances_3d_NuScenes/construction_vehicle_AP_dist_0.5: 0.0405  NuScenes metric/pred_instances_3d_NuScenes/construction_vehicle_AP_dist_1.0: 0.2048  NuScenes metric/pred_instances_3d_NuScenes/construction_vehicle_AP_dist_2.0: 0.3678  NuScenes metric/pred_instances_3d_NuScenes/construction_vehicle_AP_dist_4.0: 0.4663  NuScenes metric/pred_instances_3d_NuScenes/construction_vehicle_trans_err: 0.6871  NuScenes metric/pred_instances_3d_NuScenes/construction_vehicle_scale_err: 0.4494  NuScenes metric/pred_instances_3d_NuScenes/construction_vehicle_orient_err: 0.8974  NuScenes metric/pred_instances_3d_NuScenes/construction_vehicle_vel_err: 0.1197  NuScenes metric/pred_instances_3d_NuScenes/construction_vehicle_attr_err: 0.3025  NuScenes metric/pred_instances_3d_NuScenes/bus_AP_dist_0.5: 0.5135  NuScenes metric/pred_instances_3d_NuScenes/bus_AP_dist_1.0: 0.7620  NuScenes metric/pred_instances_3d_NuScenes/bus_AP_dist_2.0: 0.8719  NuScenes metric/pred_instances_3d_NuScenes/bus_AP_dist_4.0: 0.8892  NuScenes metric/pred_instances_3d_NuScenes/bus_trans_err: 0.3154  NuScenes metric/pred_instances_3d_NuScenes/bus_scale_err: 0.1790  NuScenes metric/pred_instances_3d_NuScenes/bus_orient_err: 0.0457  NuScenes metric/pred_instances_3d_NuScenes/bus_vel_err: 0.4326  NuScenes metric/pred_instances_3d_NuScenes/bus_attr_err: 0.2394  NuScenes metric/pred_instances_3d_NuScenes/trailer_AP_dist_0.5: 0.1273  NuScenes metric/pred_instances_3d_NuScenes/trailer_AP_dist_1.0: 0.3730  NuScenes metric/pred_instances_3d_NuScenes/trailer_AP_dist_2.0: 0.5487  NuScenes metric/pred_instances_3d_NuScenes/trailer_AP_dist_4.0: 0.6490  NuScenes metric/pred_instances_3d_NuScenes/trailer_trans_err: 0.5302  NuScenes metric/pred_instances_3d_NuScenes/trailer_scale_err: 0.2149  NuScenes metric/pred_instances_3d_NuScenes/trailer_orient_err: 0.6737  NuScenes metric/pred_instances_3d_NuScenes/trailer_vel_err: 0.1944  NuScenes metric/pred_instances_3d_NuScenes/trailer_attr_err: 0.1735  NuScenes metric/pred_instances_3d_NuScenes/barrier_AP_dist_0.5: 0.6141  NuScenes metric/pred_instances_3d_NuScenes/barrier_AP_dist_1.0: 0.7018  NuScenes metric/pred_instances_3d_NuScenes/barrier_AP_dist_2.0: 0.7374  NuScenes metric/pred_instances_3d_NuScenes/barrier_AP_dist_4.0: 0.7502  NuScenes metric/pred_instances_3d_NuScenes/barrier_trans_err: 0.1839  NuScenes metric/pred_instances_3d_NuScenes/barrier_scale_err: 0.2743  NuScenes metric/pred_instances_3d_NuScenes/barrier_orient_err: 0.0642  NuScenes metric/pred_instances_3d_NuScenes/barrier_vel_err: nan  NuScenes metric/pred_instances_3d_NuScenes/barrier_attr_err: nan  NuScenes metric/pred_instances_3d_NuScenes/motorcycle_AP_dist_0.5: 0.6121  NuScenes metric/pred_instances_3d_NuScenes/motorcycle_AP_dist_1.0: 0.7289  NuScenes metric/pred_instances_3d_NuScenes/motorcycle_AP_dist_2.0: 0.7466  NuScenes metric/pred_instances_3d_NuScenes/motorcycle_AP_dist_4.0: 0.7566  NuScenes metric/pred_instances_3d_NuScenes/motorcycle_trans_err: 0.1933  NuScenes metric/pred_instances_3d_NuScenes/motorcycle_scale_err: 0.2391  NuScenes metric/pred_instances_3d_NuScenes/motorcycle_orient_err: 0.2207  NuScenes metric/pred_instances_3d_NuScenes/motorcycle_vel_err: 0.3816  NuScenes metric/pred_instances_3d_NuScenes/motorcycle_attr_err: 0.2505  NuScenes metric/pred_instances_3d_NuScenes/bicycle_AP_dist_0.5: 0.5221  NuScenes metric/pred_instances_3d_NuScenes/bicycle_AP_dist_1.0: 0.5461  NuScenes metric/pred_instances_3d_NuScenes/bicycle_AP_dist_2.0: 0.5480  NuScenes metric/pred_instances_3d_NuScenes/bicycle_AP_dist_4.0: 0.5527  NuScenes metric/pred_instances_3d_NuScenes/bicycle_trans_err: 0.1538  NuScenes metric/pred_instances_3d_NuScenes/bicycle_scale_err: 0.2663  NuScenes metric/pred_instances_3d_NuScenes/bicycle_orient_err: 0.3441  NuScenes metric/pred_instances_3d_NuScenes/bicycle_vel_err: 0.2111  NuScenes metric/pred_instances_3d_NuScenes/bicycle_attr_err: 0.0077  NuScenes metric/pred_instances_3d_NuScenes/pedestrian_AP_dist_0.5: 0.8483  NuScenes metric/pred_instances_3d_NuScenes/pedestrian_AP_dist_1.0: 0.8602  NuScenes metric/pred_instances_3d_NuScenes/pedestrian_AP_dist_2.0: 0.8710  NuScenes metric/pred_instances_3d_NuScenes/pedestrian_AP_dist_4.0: 0.8824  NuScenes metric/pred_instances_3d_NuScenes/pedestrian_trans_err: 0.1312  NuScenes metric/pred_instances_3d_NuScenes/pedestrian_scale_err: 0.2864  NuScenes metric/pred_instances_3d_NuScenes/pedestrian_orient_err: 0.3766  NuScenes metric/pred_instances_3d_NuScenes/pedestrian_vel_err: 0.2230  NuScenes metric/pred_instances_3d_NuScenes/pedestrian_attr_err: 0.0985  NuScenes metric/pred_instances_3d_NuScenes/traffic_cone_AP_dist_0.5: 0.7115  NuScenes metric/pred_instances_3d_NuScenes/traffic_cone_AP_dist_1.0: 0.7216  NuScenes metric/pred_instances_3d_NuScenes/traffic_cone_AP_dist_2.0: 0.7398  NuScenes metric/pred_instances_3d_NuScenes/traffic_cone_AP_dist_4.0: 0.7669  NuScenes metric/pred_instances_3d_NuScenes/traffic_cone_trans_err: 0.1241  NuScenes metric/pred_instances_3d_NuScenes/traffic_cone_scale_err: 0.3264  NuScenes metric/pred_instances_3d_NuScenes/traffic_cone_orient_err: nan  NuScenes metric/pred_instances_3d_NuScenes/traffic_cone_vel_err: nan  NuScenes metric/pred_instances_3d_NuScenes/traffic_cone_attr_err: nan  NuScenes metric/pred_instances_3d_NuScenes/NDS: 0.6959  NuScenes metric/pred_instances_3d_NuScenes/mAP: 0.6505  data_time: 0.0175  time: 1.2784
