2024/12/09 00:16:05 - mmengine - INFO - 
------------------------------------------------------------
System environment:
    sys.platform: linux
    Python: 3.8.10 (default, Jul 29 2024, 17:02:10) [GCC 9.4.0]
    CUDA available: True
    MUSA available: False
    numpy_random_seed: 2043963853
    GPU 0: Xavier
    CUDA_HOME: /usr/local/cuda-11.4
    NVCC: Cuda compilation tools, release 11.4, V11.4.315
    GCC: aarch64-linux-gnu-gcc (Ubuntu 9.4.0-1ubuntu1~20.04.2) 9.4.0
    PyTorch: 1.11.0
    PyTorch compiling details: PyTorch built with:
  - GCC 9.4
  - C++ Version: 201402
  - OpenMP 201511 (a.k.a. OpenMP 4.5)
  - LAPACK is enabled (usually provided by MKL)
  - NNPACK is enabled
  - CPU capability usage: NO AVX
  - CUDA Runtime 11.4
  - NVCC architecture flags: -gencode;arch=compute_72,code=sm_72;-gencode;arch=compute_87,code=sm_87
  - CuDNN 8.6
    - Built with CuDNN 8.3.2
  - Build settings: BLAS_INFO=open, BUILD_TYPE=Release, CUDA_VERSION=11.4, CUDNN_VERSION=8.3.2, CXX_COMPILER=/usr/bin/c++, CXX_FLAGS= -Wno-deprecated -fvisibility-inlines-hidden -DUSE_PTHREADPOOL -fopenmp -DNDEBUG -DUSE_KINETO -DLIBKINETO_NOCUPTI -DUSE_XNNPACK -DSYMBOLICATE_MOBILE_DEBUG_HANDLE -DEDGE_PROFILER_USE_KINETO -O2 -fPIC -Wno-narrowing -Wall -Wextra -Werror=return-type -Wno-missing-field-initializers -Wno-type-limits -Wno-array-bounds -Wno-unknown-pragmas -Wno-sign-compare -Wno-unused-parameter -Wno-unused-function -Wno-unused-result -Wno-unused-local-typedefs -Wno-strict-overflow -Wno-strict-aliasing -Wno-error=deprecated-declarations -Wno-stringop-overflow -Wno-psabi -Wno-error=pedantic -Wno-error=redundant-decls -Wno-error=old-style-cast -fdiagnostics-color=always -faligned-new -Wno-unused-but-set-variable -Wno-maybe-uninitialized -fno-math-errno -fno-trapping-math -Werror=format -Werror=cast-function-type -Wno-stringop-overflow, FORCE_FALLBACK_CUDA_MPI=1, LAPACK_INFO=open, TORCH_VERSION=1.11.0, USE_CUDA=ON, USE_CUDNN=ON, USE_EIGEN_FOR_BLAS=ON, USE_EXCEPTION_PTR=1, USE_GFLAGS=OFF, USE_GLOG=OFF, USE_MKL=OFF, USE_MKLDNN=OFF, USE_MPI=ON, USE_NCCL=0, USE_NNPACK=ON, USE_OPENMP=ON, USE_ROCM=OFF, 

    TorchVision: 0.12.0
    OpenCV: 4.10.0
    MMEngine: 0.10.5

Runtime environment:
    cudnn_benchmark: False
    mp_cfg: {'mp_start_method': 'fork', 'opencv_num_threads': 0}
    dist_cfg: {'backend': 'nccl'}
    seed: 2043963853
    Distributed launcher: none
    Distributed training: False
    GPU number: 1
------------------------------------------------------------

2024/12/09 00:16:08 - mmengine - INFO - Config:
auto_scale_lr = dict(base_batch_size=32, enable=False)
backend_args = None
class_names = [
    'car',
    'truck',
    'construction_vehicle',
    'bus',
    'trailer',
    'barrier',
    'motorcycle',
    'bicycle',
    'pedestrian',
    'traffic_cone',
]
custom_hooks = [
    dict(disable_after_epoch=15, type='DisableObjectSampleHook'),
]
custom_imports = dict(
    allow_failed_imports=False, imports=[
        'projects.BEVFusion.bevfusion',
    ])
data_prefix = dict(
    CAM_BACK='samples/CAM_BACK',
    CAM_BACK_LEFT='samples/CAM_BACK_LEFT',
    CAM_BACK_RIGHT='samples/CAM_BACK_RIGHT',
    CAM_FRONT='samples/CAM_FRONT',
    CAM_FRONT_LEFT='samples/CAM_FRONT_LEFT',
    CAM_FRONT_RIGHT='samples/CAM_FRONT_RIGHT',
    pts='samples/LIDAR_TOP',
    sweeps='sweeps/LIDAR_TOP')
data_root = '/media/xavier02/Sparkles1/nuscenes/'
dataset_type = 'NuScenesDataset'
db_sampler = dict(
    classes=[
        'car',
        'truck',
        'construction_vehicle',
        'bus',
        'trailer',
        'barrier',
        'motorcycle',
        'bicycle',
        'pedestrian',
        'traffic_cone',
    ],
    data_root='/media/xavier02/Sparkles1/nuscenes/',
    info_path='/media/xavier02/Sparkles1/nuscenes/nuscenes_dbinfos_train.pkl',
    points_loader=dict(
        backend_args=None,
        coord_type='LIDAR',
        load_dim=5,
        type='LoadPointsFromFile',
        use_dim=[
            0,
            1,
            2,
            3,
            4,
        ]),
    prepare=dict(
        filter_by_difficulty=[
            -1,
        ],
        filter_by_min_points=dict(
            barrier=5,
            bicycle=5,
            bus=5,
            car=5,
            construction_vehicle=5,
            motorcycle=5,
            pedestrian=5,
            traffic_cone=5,
            trailer=5,
            truck=5)),
    rate=1.0,
    sample_groups=dict(
        barrier=2,
        bicycle=6,
        bus=4,
        car=2,
        construction_vehicle=7,
        motorcycle=6,
        pedestrian=2,
        traffic_cone=2,
        trailer=6,
        truck=3))
default_hooks = dict(
    checkpoint=dict(interval=5, type='CheckpointHook'),
    logger=dict(interval=50, type='LoggerHook'),
    param_scheduler=dict(type='ParamSchedulerHook'),
    sampler_seed=dict(type='DistSamplerSeedHook'),
    timer=dict(type='IterTimerHook'),
    visualization=dict(type='Det3DVisualizationHook'))
default_scope = 'mmdet3d'
env_cfg = dict(
    cudnn_benchmark=False,
    dist_cfg=dict(backend='nccl'),
    mp_cfg=dict(mp_start_method='fork', opencv_num_threads=0))
input_modality = dict(use_camera=False, use_lidar=True)
launcher = 'none'
load_from = 'projects/BEVFusion/configs/Lidar_checkpoint_voxel_0075_4sweeps.pth'
log_level = 'INFO'
log_processor = dict(by_epoch=True, type='LogProcessor', window_size=50)
lr = 0.0001
metainfo = dict(classes=[
    'car',
    'truck',
    'construction_vehicle',
    'bus',
    'trailer',
    'barrier',
    'motorcycle',
    'bicycle',
    'pedestrian',
    'traffic_cone',
])
model = dict(
    bbox_head=dict(
        auxiliary=True,
        bbox_coder=dict(
            code_size=10,
            out_size_factor=8,
            pc_range=[
                -54.0,
                -54.0,
            ],
            post_center_range=[
                -61.2,
                -61.2,
                -10.0,
                61.2,
                61.2,
                10.0,
            ],
            score_threshold=0.0,
            type='TransFusionBBoxCoder',
            voxel_size=[
                0.075,
                0.075,
            ]),
        bn_momentum=0.1,
        common_heads=dict(
            center=[
                2,
                2,
            ],
            dim=[
                3,
                2,
            ],
            height=[
                1,
                2,
            ],
            rot=[
                2,
                2,
            ],
            vel=[
                2,
                2,
            ]),
        decoder_layer=dict(
            cross_attn_cfg=dict(dropout=0.1, embed_dims=128, num_heads=8),
            ffn_cfg=dict(
                act_cfg=dict(inplace=True, type='ReLU'),
                embed_dims=128,
                feedforward_channels=256,
                ffn_drop=0.1,
                num_fcs=2),
            norm_cfg=dict(type='LN'),
            pos_encoding_cfg=dict(input_channel=2, num_pos_feats=128),
            self_attn_cfg=dict(dropout=0.1, embed_dims=128, num_heads=8),
            type='TransformerDecoderLayer'),
        hidden_channel=128,
        in_channels=512,
        loss_bbox=dict(
            loss_weight=0.25, reduction='mean', type='mmdet.L1Loss'),
        loss_cls=dict(
            alpha=0.25,
            gamma=2.0,
            loss_weight=1.0,
            reduction='mean',
            type='mmdet.FocalLoss',
            use_sigmoid=True),
        loss_heatmap=dict(
            loss_weight=1.0, reduction='mean', type='mmdet.GaussianFocalLoss'),
        nms_kernel_size=3,
        num_classes=10,
        num_decoder_layers=1,
        num_proposals=200,
        test_cfg=dict(
            dataset='nuScenes',
            grid_size=[
                1440,
                1440,
                41,
            ],
            nms_type=None,
            out_size_factor=8,
            pc_range=[
                -54.0,
                -54.0,
            ],
            voxel_size=[
                0.075,
                0.075,
            ]),
        train_cfg=dict(
            assigner=dict(
                cls_cost=dict(
                    alpha=0.25,
                    gamma=2.0,
                    type='mmdet.FocalLossCost',
                    weight=0.15),
                iou_calculator=dict(coordinate='lidar', type='BboxOverlaps3D'),
                iou_cost=dict(type='IoU3DCost', weight=0.25),
                reg_cost=dict(type='BBoxBEVL1Cost', weight=0.25),
                type='HungarianAssigner3D'),
            code_weights=[
                1.0,
                1.0,
                1.0,
                1.0,
                1.0,
                1.0,
                1.0,
                1.0,
                0.2,
                0.2,
            ],
            dataset='nuScenes',
            gaussian_overlap=0.1,
            grid_size=[
                1440,
                1440,
                41,
            ],
            min_radius=2,
            out_size_factor=8,
            point_cloud_range=[
                -54.0,
                -54.0,
                -5.0,
                54.0,
                54.0,
                3.0,
            ],
            pos_weight=-1,
            voxel_size=[
                0.075,
                0.075,
                0.2,
            ]),
        type='TransFusionHead'),
    data_preprocessor=dict(
        pad_size_divisor=32,
        type='Det3DDataPreprocessor',
        voxelize_cfg=dict(
            max_num_points=10,
            max_voxels=[
                120000,
                160000,
            ],
            point_cloud_range=[
                -54.0,
                -54.0,
                -5.0,
                54.0,
                54.0,
                3.0,
            ],
            voxel_size=[
                0.075,
                0.075,
                0.2,
            ],
            voxelize_reduce=True)),
    pts_backbone=dict(
        conv_cfg=dict(bias=False, type='Conv2d'),
        in_channels=256,
        layer_nums=[
            5,
            5,
        ],
        layer_strides=[
            1,
            2,
        ],
        norm_cfg=dict(eps=0.001, momentum=0.01, type='BN'),
        out_channels=[
            128,
            256,
        ],
        type='SECOND'),
    pts_middle_encoder=dict(
        block_type='basicblock',
        encoder_channels=(
            (
                16,
                16,
                32,
            ),
            (
                32,
                32,
                64,
            ),
            (
                64,
                64,
                128,
            ),
            (
                128,
                128,
            ),
        ),
        encoder_paddings=(
            (
                0,
                0,
                1,
            ),
            (
                0,
                0,
                1,
            ),
            (
                0,
                0,
                (
                    1,
                    1,
                    0,
                ),
            ),
            (
                0,
                0,
            ),
        ),
        in_channels=5,
        norm_cfg=dict(eps=0.001, momentum=0.01, type='BN1d'),
        order=(
            'conv',
            'norm',
            'act',
        ),
        sparse_shape=[
            1440,
            1440,
            41,
        ],
        type='BEVFusionSparseEncoder'),
    pts_neck=dict(
        in_channels=[
            128,
            256,
        ],
        norm_cfg=dict(eps=0.001, momentum=0.01, type='BN'),
        out_channels=[
            256,
            256,
        ],
        type='SECONDFPN',
        upsample_cfg=dict(bias=False, type='deconv'),
        upsample_strides=[
            1,
            2,
        ],
        use_conv_for_no_stride=True),
    pts_voxel_encoder=dict(num_features=5, type='HardSimpleVFE'),
    type='BEVFusion')
optim_wrapper = dict(
    clip_grad=dict(max_norm=35, norm_type=2),
    optimizer=dict(lr=0.0001, type='AdamW', weight_decay=0.01),
    type='OptimWrapper')
param_scheduler = [
    dict(
        T_max=8,
        begin=0,
        by_epoch=True,
        convert_to_iter_based=True,
        end=8,
        eta_min=0.001,
        type='CosineAnnealingLR'),
    dict(
        T_max=12,
        begin=8,
        by_epoch=True,
        convert_to_iter_based=True,
        end=20,
        eta_min=1e-08,
        type='CosineAnnealingLR'),
    dict(
        T_max=8,
        begin=0,
        by_epoch=True,
        convert_to_iter_based=True,
        end=8,
        eta_min=0.8947368421052632,
        type='CosineAnnealingMomentum'),
    dict(
        T_max=12,
        begin=8,
        by_epoch=True,
        convert_to_iter_based=True,
        end=20,
        eta_min=1,
        type='CosineAnnealingMomentum'),
]
point_cloud_range = [
    -54.0,
    -54.0,
    -5.0,
    54.0,
    54.0,
    3.0,
]
resume = False
test_cfg = dict()
test_dataloader = dict(
    batch_size=1,
    dataset=dict(
        ann_file='nuscenes_infos_val.pkl',
        backend_args=None,
        box_type_3d='LiDAR',
        data_prefix=dict(
            CAM_BACK='samples/CAM_BACK',
            CAM_BACK_LEFT='samples/CAM_BACK_LEFT',
            CAM_BACK_RIGHT='samples/CAM_BACK_RIGHT',
            CAM_FRONT='samples/CAM_FRONT',
            CAM_FRONT_LEFT='samples/CAM_FRONT_LEFT',
            CAM_FRONT_RIGHT='samples/CAM_FRONT_RIGHT',
            pts='samples/LIDAR_TOP',
            sweeps='sweeps/LIDAR_TOP'),
        data_root='/media/xavier02/Sparkles1/nuscenes/',
        metainfo=dict(classes=[
            'car',
            'truck',
            'construction_vehicle',
            'bus',
            'trailer',
            'barrier',
            'motorcycle',
            'bicycle',
            'pedestrian',
            'traffic_cone',
        ]),
        modality=dict(use_camera=False, use_lidar=True),
        pipeline=[
            dict(
                backend_args=None,
                coord_type='LIDAR',
                load_dim=5,
                type='LoadPointsFromFile',
                use_dim=5),
            dict(
                backend_args=None,
                load_dim=5,
                pad_empty_sweeps=True,
                remove_close=True,
                sweeps_num=1,
                type='LoadPointsFromMultiSweeps',
                use_dim=5),
            dict(
                point_cloud_range=[
                    -54.0,
                    -54.0,
                    -5.0,
                    54.0,
                    54.0,
                    3.0,
                ],
                type='PointsRangeFilter'),
            dict(
                keys=[
                    'img',
                    'points',
                    'gt_bboxes_3d',
                    'gt_labels_3d',
                ],
                meta_keys=[
                    'cam2img',
                    'ori_cam2img',
                    'lidar2cam',
                    'lidar2img',
                    'cam2lidar',
                    'ori_lidar2img',
                    'img_aug_matrix',
                    'box_type_3d',
                    'sample_idx',
                    'lidar_path',
                    'img_path',
                    'num_pts_feats',
                    'num_views',
                ],
                type='Pack3DDetInputs'),
        ],
        test_mode=True,
        type='NuScenesDataset'),
    drop_last=False,
    num_workers=4,
    persistent_workers=True,
    sampler=dict(shuffle=False, type='DefaultSampler'))
test_evaluator = dict(
    ann_file='/media/xavier02/Sparkles1/nuscenes/nuscenes_infos_val.pkl',
    backend_args=None,
    data_root='/media/xavier02/Sparkles1/nuscenes/',
    metric='bbox',
    type='NuScenesMetric')
test_pipeline = [
    dict(
        backend_args=None,
        coord_type='LIDAR',
        load_dim=5,
        type='LoadPointsFromFile',
        use_dim=5),
    dict(
        backend_args=None,
        load_dim=5,
        pad_empty_sweeps=True,
        remove_close=True,
        sweeps_num=1,
        type='LoadPointsFromMultiSweeps',
        use_dim=5),
    dict(
        point_cloud_range=[
            -54.0,
            -54.0,
            -5.0,
            54.0,
            54.0,
            3.0,
        ],
        type='PointsRangeFilter'),
    dict(
        keys=[
            'img',
            'points',
            'gt_bboxes_3d',
            'gt_labels_3d',
        ],
        meta_keys=[
            'cam2img',
            'ori_cam2img',
            'lidar2cam',
            'lidar2img',
            'cam2lidar',
            'ori_lidar2img',
            'img_aug_matrix',
            'box_type_3d',
            'sample_idx',
            'lidar_path',
            'img_path',
            'num_pts_feats',
            'num_views',
        ],
        type='Pack3DDetInputs'),
]
train_cfg = dict(by_epoch=True, max_epochs=20, val_interval=5)
train_dataloader = dict(
    batch_size=1,
    dataset=dict(
        dataset=dict(
            ann_file='nuscenes_infos_train.pkl',
            box_type_3d='LiDAR',
            data_prefix=dict(
                CAM_BACK='samples/CAM_BACK',
                CAM_BACK_LEFT='samples/CAM_BACK_LEFT',
                CAM_BACK_RIGHT='samples/CAM_BACK_RIGHT',
                CAM_FRONT='samples/CAM_FRONT',
                CAM_FRONT_LEFT='samples/CAM_FRONT_LEFT',
                CAM_FRONT_RIGHT='samples/CAM_FRONT_RIGHT',
                pts='samples/LIDAR_TOP',
                sweeps='sweeps/LIDAR_TOP'),
            data_root='/media/xavier02/Sparkles1/nuscenes/',
            metainfo=dict(classes=[
                'car',
                'truck',
                'construction_vehicle',
                'bus',
                'trailer',
                'barrier',
                'motorcycle',
                'bicycle',
                'pedestrian',
                'traffic_cone',
            ]),
            modality=dict(use_camera=False, use_lidar=True),
            pipeline=[
                dict(
                    backend_args=None,
                    coord_type='LIDAR',
                    load_dim=5,
                    type='LoadPointsFromFile',
                    use_dim=5),
                dict(
                    backend_args=None,
                    load_dim=5,
                    pad_empty_sweeps=True,
                    remove_close=True,
                    sweeps_num=1,
                    type='LoadPointsFromMultiSweeps',
                    use_dim=5),
                dict(
                    type='LoadAnnotations3D',
                    with_attr_label=False,
                    with_bbox_3d=True,
                    with_label_3d=True),
                dict(
                    db_sampler=dict(
                        classes=[
                            'car',
                            'truck',
                            'construction_vehicle',
                            'bus',
                            'trailer',
                            'barrier',
                            'motorcycle',
                            'bicycle',
                            'pedestrian',
                            'traffic_cone',
                        ],
                        data_root='/media/xavier02/Sparkles1/nuscenes/',
                        info_path=
                        '/media/xavier02/Sparkles1/nuscenes/nuscenes_dbinfos_train.pkl',
                        points_loader=dict(
                            backend_args=None,
                            coord_type='LIDAR',
                            load_dim=5,
                            type='LoadPointsFromFile',
                            use_dim=[
                                0,
                                1,
                                2,
                                3,
                                4,
                            ]),
                        prepare=dict(
                            filter_by_difficulty=[
                                -1,
                            ],
                            filter_by_min_points=dict(
                                barrier=5,
                                bicycle=5,
                                bus=5,
                                car=5,
                                construction_vehicle=5,
                                motorcycle=5,
                                pedestrian=5,
                                traffic_cone=5,
                                trailer=5,
                                truck=5)),
                        rate=1.0,
                        sample_groups=dict(
                            barrier=2,
                            bicycle=6,
                            bus=4,
                            car=2,
                            construction_vehicle=7,
                            motorcycle=6,
                            pedestrian=2,
                            traffic_cone=2,
                            trailer=6,
                            truck=3)),
                    type='ObjectSample'),
                dict(
                    rot_range=[
                        -0.78539816,
                        0.78539816,
                    ],
                    scale_ratio_range=[
                        0.9,
                        1.1,
                    ],
                    translation_std=0.5,
                    type='GlobalRotScaleTrans'),
                dict(type='BEVFusionRandomFlip3D'),
                dict(
                    point_cloud_range=[
                        -54.0,
                        -54.0,
                        -5.0,
                        54.0,
                        54.0,
                        3.0,
                    ],
                    type='PointsRangeFilter'),
                dict(
                    point_cloud_range=[
                        -54.0,
                        -54.0,
                        -5.0,
                        54.0,
                        54.0,
                        3.0,
                    ],
                    type='ObjectRangeFilter'),
                dict(
                    classes=[
                        'car',
                        'truck',
                        'construction_vehicle',
                        'bus',
                        'trailer',
                        'barrier',
                        'motorcycle',
                        'bicycle',
                        'pedestrian',
                        'traffic_cone',
                    ],
                    type='ObjectNameFilter'),
                dict(type='PointShuffle'),
                dict(
                    keys=[
                        'points',
                        'img',
                        'gt_bboxes_3d',
                        'gt_labels_3d',
                        'gt_bboxes',
                        'gt_labels',
                    ],
                    meta_keys=[
                        'cam2img',
                        'ori_cam2img',
                        'lidar2cam',
                        'lidar2img',
                        'cam2lidar',
                        'ori_lidar2img',
                        'img_aug_matrix',
                        'box_type_3d',
                        'sample_idx',
                        'lidar_path',
                        'img_path',
                        'transformation_3d_flow',
                        'pcd_rotation',
                        'pcd_scale_factor',
                        'pcd_trans',
                        'img_aug_matrix',
                        'lidar_aug_matrix',
                    ],
                    type='Pack3DDetInputs'),
            ],
            test_mode=False,
            type='NuScenesDataset',
            use_valid_flag=True),
        type='CBGSDataset'),
    num_workers=1,
    persistent_workers=True,
    sampler=dict(shuffle=True, type='DefaultSampler'))
train_pipeline = [
    dict(
        backend_args=None,
        coord_type='LIDAR',
        load_dim=5,
        type='LoadPointsFromFile',
        use_dim=5),
    dict(
        backend_args=None,
        load_dim=5,
        pad_empty_sweeps=True,
        remove_close=True,
        sweeps_num=1,
        type='LoadPointsFromMultiSweeps',
        use_dim=5),
    dict(
        type='LoadAnnotations3D',
        with_attr_label=False,
        with_bbox_3d=True,
        with_label_3d=True),
    dict(
        db_sampler=dict(
            classes=[
                'car',
                'truck',
                'construction_vehicle',
                'bus',
                'trailer',
                'barrier',
                'motorcycle',
                'bicycle',
                'pedestrian',
                'traffic_cone',
            ],
            data_root='/media/xavier02/Sparkles1/nuscenes/',
            info_path=
            '/media/xavier02/Sparkles1/nuscenes/nuscenes_dbinfos_train.pkl',
            points_loader=dict(
                backend_args=None,
                coord_type='LIDAR',
                load_dim=5,
                type='LoadPointsFromFile',
                use_dim=[
                    0,
                    1,
                    2,
                    3,
                    4,
                ]),
            prepare=dict(
                filter_by_difficulty=[
                    -1,
                ],
                filter_by_min_points=dict(
                    barrier=5,
                    bicycle=5,
                    bus=5,
                    car=5,
                    construction_vehicle=5,
                    motorcycle=5,
                    pedestrian=5,
                    traffic_cone=5,
                    trailer=5,
                    truck=5)),
            rate=1.0,
            sample_groups=dict(
                barrier=2,
                bicycle=6,
                bus=4,
                car=2,
                construction_vehicle=7,
                motorcycle=6,
                pedestrian=2,
                traffic_cone=2,
                trailer=6,
                truck=3)),
        type='ObjectSample'),
    dict(
        rot_range=[
            -0.78539816,
            0.78539816,
        ],
        scale_ratio_range=[
            0.9,
            1.1,
        ],
        translation_std=0.5,
        type='GlobalRotScaleTrans'),
    dict(type='BEVFusionRandomFlip3D'),
    dict(
        point_cloud_range=[
            -54.0,
            -54.0,
            -5.0,
            54.0,
            54.0,
            3.0,
        ],
        type='PointsRangeFilter'),
    dict(
        point_cloud_range=[
            -54.0,
            -54.0,
            -5.0,
            54.0,
            54.0,
            3.0,
        ],
        type='ObjectRangeFilter'),
    dict(
        classes=[
            'car',
            'truck',
            'construction_vehicle',
            'bus',
            'trailer',
            'barrier',
            'motorcycle',
            'bicycle',
            'pedestrian',
            'traffic_cone',
        ],
        type='ObjectNameFilter'),
    dict(type='PointShuffle'),
    dict(
        keys=[
            'points',
            'img',
            'gt_bboxes_3d',
            'gt_labels_3d',
            'gt_bboxes',
            'gt_labels',
        ],
        meta_keys=[
            'cam2img',
            'ori_cam2img',
            'lidar2cam',
            'lidar2img',
            'cam2lidar',
            'ori_lidar2img',
            'img_aug_matrix',
            'box_type_3d',
            'sample_idx',
            'lidar_path',
            'img_path',
            'transformation_3d_flow',
            'pcd_rotation',
            'pcd_scale_factor',
            'pcd_trans',
            'img_aug_matrix',
            'lidar_aug_matrix',
        ],
        type='Pack3DDetInputs'),
]
val_cfg = dict()
val_dataloader = dict(
    batch_size=1,
    dataset=dict(
        ann_file='nuscenes_infos_val.pkl',
        backend_args=None,
        box_type_3d='LiDAR',
        data_prefix=dict(
            CAM_BACK='samples/CAM_BACK',
            CAM_BACK_LEFT='samples/CAM_BACK_LEFT',
            CAM_BACK_RIGHT='samples/CAM_BACK_RIGHT',
            CAM_FRONT='samples/CAM_FRONT',
            CAM_FRONT_LEFT='samples/CAM_FRONT_LEFT',
            CAM_FRONT_RIGHT='samples/CAM_FRONT_RIGHT',
            pts='samples/LIDAR_TOP',
            sweeps='sweeps/LIDAR_TOP'),
        data_root='/media/xavier02/Sparkles1/nuscenes/',
        metainfo=dict(classes=[
            'car',
            'truck',
            'construction_vehicle',
            'bus',
            'trailer',
            'barrier',
            'motorcycle',
            'bicycle',
            'pedestrian',
            'traffic_cone',
        ]),
        modality=dict(use_camera=False, use_lidar=True),
        pipeline=[
            dict(
                backend_args=None,
                coord_type='LIDAR',
                load_dim=5,
                type='LoadPointsFromFile',
                use_dim=5),
            dict(
                backend_args=None,
                load_dim=5,
                pad_empty_sweeps=True,
                remove_close=True,
                sweeps_num=1,
                type='LoadPointsFromMultiSweeps',
                use_dim=5),
            dict(
                point_cloud_range=[
                    -54.0,
                    -54.0,
                    -5.0,
                    54.0,
                    54.0,
                    3.0,
                ],
                type='PointsRangeFilter'),
            dict(
                keys=[
                    'img',
                    'points',
                    'gt_bboxes_3d',
                    'gt_labels_3d',
                ],
                meta_keys=[
                    'cam2img',
                    'ori_cam2img',
                    'lidar2cam',
                    'lidar2img',
                    'cam2lidar',
                    'ori_lidar2img',
                    'img_aug_matrix',
                    'box_type_3d',
                    'sample_idx',
                    'lidar_path',
                    'img_path',
                    'num_pts_feats',
                    'num_views',
                ],
                type='Pack3DDetInputs'),
        ],
        test_mode=True,
        type='NuScenesDataset'),
    drop_last=False,
    num_workers=4,
    persistent_workers=True,
    sampler=dict(shuffle=False, type='DefaultSampler'))
val_evaluator = dict(
    ann_file='/media/xavier02/Sparkles1/nuscenes/nuscenes_infos_val.pkl',
    backend_args=None,
    data_root='/media/xavier02/Sparkles1/nuscenes/',
    metric='bbox',
    type='NuScenesMetric')
vis_backends = [
    dict(type='LocalVisBackend'),
]
visualizer = dict(
    name='visualizer',
    type='Det3DLocalVisualizer',
    vis_backends=[
        dict(type='LocalVisBackend'),
    ])
voxel_size = [
    0.075,
    0.075,
    0.2,
]
work_dir = './work_dirs/bevfusion_lidar_voxel0075_1sweeps'

2024/12/09 00:16:16 - mmengine - INFO - Distributed training is not used, all SyncBatchNorm (SyncBN) layers in the model will be automatically reverted to BatchNormXd layers if they are used.
2024/12/09 00:16:16 - mmengine - INFO - Hooks will be executed in the following order:
before_run:
(VERY_HIGH   ) RuntimeInfoHook                    
(BELOW_NORMAL) LoggerHook                         
 -------------------- 
before_train:
(VERY_HIGH   ) RuntimeInfoHook                    
(NORMAL      ) IterTimerHook                      
(VERY_LOW    ) CheckpointHook                     
 -------------------- 
before_train_epoch:
(VERY_HIGH   ) RuntimeInfoHook                    
(NORMAL      ) IterTimerHook                      
(NORMAL      ) DistSamplerSeedHook                
(NORMAL      ) DisableObjectSampleHook            
 -------------------- 
before_train_iter:
(VERY_HIGH   ) RuntimeInfoHook                    
(NORMAL      ) IterTimerHook                      
 -------------------- 
after_train_iter:
(VERY_HIGH   ) RuntimeInfoHook                    
(NORMAL      ) IterTimerHook                      
(BELOW_NORMAL) LoggerHook                         
(LOW         ) ParamSchedulerHook                 
(VERY_LOW    ) CheckpointHook                     
 -------------------- 
after_train_epoch:
(NORMAL      ) IterTimerHook                      
(LOW         ) ParamSchedulerHook                 
(VERY_LOW    ) CheckpointHook                     
 -------------------- 
before_val:
(VERY_HIGH   ) RuntimeInfoHook                    
 -------------------- 
before_val_epoch:
(NORMAL      ) IterTimerHook                      
 -------------------- 
before_val_iter:
(NORMAL      ) IterTimerHook                      
 -------------------- 
after_val_iter:
(NORMAL      ) IterTimerHook                      
(NORMAL      ) Det3DVisualizationHook             
(BELOW_NORMAL) LoggerHook                         
 -------------------- 
after_val_epoch:
(VERY_HIGH   ) RuntimeInfoHook                    
(NORMAL      ) IterTimerHook                      
(BELOW_NORMAL) LoggerHook                         
(LOW         ) ParamSchedulerHook                 
(VERY_LOW    ) CheckpointHook                     
 -------------------- 
after_val:
(VERY_HIGH   ) RuntimeInfoHook                    
 -------------------- 
after_train:
(VERY_HIGH   ) RuntimeInfoHook                    
(VERY_LOW    ) CheckpointHook                     
 -------------------- 
before_test:
(VERY_HIGH   ) RuntimeInfoHook                    
 -------------------- 
before_test_epoch:
(NORMAL      ) IterTimerHook                      
 -------------------- 
before_test_iter:
(NORMAL      ) IterTimerHook                      
 -------------------- 
after_test_iter:
(NORMAL      ) IterTimerHook                      
(NORMAL      ) Det3DVisualizationHook             
(BELOW_NORMAL) LoggerHook                         
 -------------------- 
after_test_epoch:
(VERY_HIGH   ) RuntimeInfoHook                    
(NORMAL      ) IterTimerHook                      
(BELOW_NORMAL) LoggerHook                         
 -------------------- 
after_test:
(VERY_HIGH   ) RuntimeInfoHook                    
 -------------------- 
after_run:
(BELOW_NORMAL) LoggerHook                         
 -------------------- 
2024/12/09 00:16:55 - mmengine - INFO - ------------------------------
2024/12/09 00:16:55 - mmengine - INFO - The length of test dataset: 6019
2024/12/09 00:16:55 - mmengine - INFO - The number of instances per category in the dataset:
+----------------------+--------+
| category             | number |
+----------------------+--------+
| car                  | 80004  |
| truck                | 15704  |
| construction_vehicle | 2678   |
| bus                  | 3158   |
| trailer              | 4159   |
| barrier              | 26992  |
| motorcycle           | 2508   |
| bicycle              | 2381   |
| pedestrian           | 34347  |
| traffic_cone         | 15597  |
+----------------------+--------+
2024/12/09 00:17:00 - mmengine - INFO - Load checkpoint from projects/BEVFusion/configs/Lidar_checkpoint_voxel_0075_4sweeps.pth
2024/12/09 00:17:16 - mmengine - INFO - Epoch(test) [  50/6019]    eta: 0:32:58  time: 0.3314  data_time: 0.0121  memory: 428  
2024/12/09 00:17:30 - mmengine - INFO - Epoch(test) [ 100/6019]    eta: 0:29:53  time: 0.2745  data_time: 0.0056  memory: 428  
2024/12/09 00:17:43 - mmengine - INFO - Epoch(test) [ 150/6019]    eta: 0:28:32  time: 0.2693  data_time: 0.0057  memory: 428  
2024/12/09 00:17:57 - mmengine - INFO - Epoch(test) [ 200/6019]    eta: 0:27:38  time: 0.2650  data_time: 0.0057  memory: 428  
2024/12/09 00:18:09 - mmengine - INFO - Epoch(test) [ 250/6019]    eta: 0:26:47  time: 0.2529  data_time: 0.0055  memory: 428  
2024/12/09 00:18:22 - mmengine - INFO - Epoch(test) [ 300/6019]    eta: 0:26:07  time: 0.2513  data_time: 0.0068  memory: 428  
2024/12/09 00:18:35 - mmengine - INFO - Epoch(test) [ 350/6019]    eta: 0:25:37  time: 0.2546  data_time: 0.0056  memory: 428  
2024/12/09 00:18:48 - mmengine - INFO - Epoch(test) [ 400/6019]    eta: 0:25:17  time: 0.2614  data_time: 0.0057  memory: 428  
2024/12/09 00:19:00 - mmengine - INFO - Epoch(test) [ 450/6019]    eta: 0:24:54  time: 0.2543  data_time: 0.0054  memory: 428  
2024/12/09 00:19:13 - mmengine - INFO - Epoch(test) [ 500/6019]    eta: 0:24:27  time: 0.2450  data_time: 0.0053  memory: 428  
2024/12/09 00:19:25 - mmengine - INFO - Epoch(test) [ 550/6019]    eta: 0:24:05  time: 0.2485  data_time: 0.0056  memory: 428  
2024/12/09 00:19:38 - mmengine - INFO - Epoch(test) [ 600/6019]    eta: 0:23:44  time: 0.2473  data_time: 0.0055  memory: 428  
2024/12/09 00:19:49 - mmengine - INFO - Epoch(test) [ 650/6019]    eta: 0:23:15  time: 0.2245  data_time: 0.0055  memory: 428  
2024/12/09 00:20:00 - mmengine - INFO - Epoch(test) [ 700/6019]    eta: 0:22:52  time: 0.2323  data_time: 0.0059  memory: 428  
2024/12/09 00:20:12 - mmengine - INFO - Epoch(test) [ 750/6019]    eta: 0:22:29  time: 0.2300  data_time: 0.0053  memory: 428  
2024/12/09 00:20:24 - mmengine - INFO - Epoch(test) [ 800/6019]    eta: 0:22:11  time: 0.2391  data_time: 0.0056  memory: 428  
2024/12/09 00:20:35 - mmengine - INFO - Epoch(test) [ 850/6019]    eta: 0:21:51  time: 0.2329  data_time: 0.0058  memory: 428  
2024/12/09 00:20:47 - mmengine - INFO - Epoch(test) [ 900/6019]    eta: 0:21:33  time: 0.2358  data_time: 0.0056  memory: 428  
2024/12/09 00:20:59 - mmengine - INFO - Epoch(test) [ 950/6019]    eta: 0:21:17  time: 0.2380  data_time: 0.0055  memory: 428  
2024/12/09 00:21:11 - mmengine - INFO - Epoch(test) [1000/6019]    eta: 0:21:02  time: 0.2417  data_time: 0.0055  memory: 428  
2024/12/09 00:21:23 - mmengine - INFO - Epoch(test) [1050/6019]    eta: 0:20:44  time: 0.2280  data_time: 0.0066  memory: 428  
2024/12/09 00:21:35 - mmengine - INFO - Epoch(test) [1100/6019]    eta: 0:20:28  time: 0.2385  data_time: 0.0058  memory: 428  
2024/12/09 00:21:47 - mmengine - INFO - Epoch(test) [1150/6019]    eta: 0:20:14  time: 0.2414  data_time: 0.0058  memory: 428  
2024/12/09 00:21:59 - mmengine - INFO - Epoch(test) [1200/6019]    eta: 0:20:00  time: 0.2419  data_time: 0.0065  memory: 428  
2024/12/09 00:22:12 - mmengine - INFO - Epoch(test) [1250/6019]    eta: 0:19:50  time: 0.2620  data_time: 0.0054  memory: 428  
2024/12/09 00:22:24 - mmengine - INFO - Epoch(test) [1300/6019]    eta: 0:19:38  time: 0.2497  data_time: 0.0056  memory: 428  
2024/12/09 00:22:37 - mmengine - INFO - Epoch(test) [1350/6019]    eta: 0:19:27  time: 0.2606  data_time: 0.0061  memory: 428  
2024/12/09 00:22:51 - mmengine - INFO - Epoch(test) [1400/6019]    eta: 0:19:16  time: 0.2617  data_time: 0.0055  memory: 428  
2024/12/09 00:23:04 - mmengine - INFO - Epoch(test) [1450/6019]    eta: 0:19:06  time: 0.2621  data_time: 0.0053  memory: 428  
2024/12/09 00:23:17 - mmengine - INFO - Epoch(test) [1500/6019]    eta: 0:18:57  time: 0.2748  data_time: 0.0055  memory: 428  
2024/12/09 00:23:31 - mmengine - INFO - Epoch(test) [1550/6019]    eta: 0:18:46  time: 0.2625  data_time: 0.0061  memory: 428  
2024/12/09 00:23:43 - mmengine - INFO - Epoch(test) [1600/6019]    eta: 0:18:33  time: 0.2490  data_time: 0.0063  memory: 428  
2024/12/09 00:23:56 - mmengine - INFO - Epoch(test) [1650/6019]    eta: 0:18:20  time: 0.2541  data_time: 0.0060  memory: 428  
2024/12/09 00:24:08 - mmengine - INFO - Epoch(test) [1700/6019]    eta: 0:18:08  time: 0.2523  data_time: 0.0060  memory: 428  
2024/12/09 00:24:21 - mmengine - INFO - Epoch(test) [1750/6019]    eta: 0:17:55  time: 0.2475  data_time: 0.0056  memory: 428  
2024/12/09 00:24:33 - mmengine - INFO - Epoch(test) [1800/6019]    eta: 0:17:41  time: 0.2407  data_time: 0.0056  memory: 428  
2024/12/09 00:24:45 - mmengine - INFO - Epoch(test) [1850/6019]    eta: 0:17:28  time: 0.2519  data_time: 0.0056  memory: 428  
2024/12/09 00:24:58 - mmengine - INFO - Epoch(test) [1900/6019]    eta: 0:17:15  time: 0.2427  data_time: 0.0058  memory: 428  
2024/12/09 00:25:10 - mmengine - INFO - Epoch(test) [1950/6019]    eta: 0:17:02  time: 0.2517  data_time: 0.0060  memory: 428  
2024/12/09 00:25:23 - mmengine - INFO - Epoch(test) [2000/6019]    eta: 0:16:50  time: 0.2579  data_time: 0.0055  memory: 428  
2024/12/09 00:25:36 - mmengine - INFO - Epoch(test) [2050/6019]    eta: 0:16:38  time: 0.2521  data_time: 0.0060  memory: 428  
2024/12/09 00:25:48 - mmengine - INFO - Epoch(test) [2100/6019]    eta: 0:16:26  time: 0.2561  data_time: 0.0055  memory: 428  
2024/12/09 00:26:00 - mmengine - INFO - Epoch(test) [2150/6019]    eta: 0:16:12  time: 0.2408  data_time: 0.0054  memory: 428  
2024/12/09 00:26:13 - mmengine - INFO - Epoch(test) [2200/6019]    eta: 0:16:00  time: 0.2517  data_time: 0.0058  memory: 428  
2024/12/09 00:26:26 - mmengine - INFO - Epoch(test) [2250/6019]    eta: 0:15:47  time: 0.2557  data_time: 0.0055  memory: 428  
2024/12/09 00:26:38 - mmengine - INFO - Epoch(test) [2300/6019]    eta: 0:15:33  time: 0.2345  data_time: 0.0055  memory: 428  
2024/12/09 00:26:49 - mmengine - INFO - Epoch(test) [2350/6019]    eta: 0:15:18  time: 0.2205  data_time: 0.0054  memory: 428  
2024/12/09 00:27:01 - mmengine - INFO - Epoch(test) [2400/6019]    eta: 0:15:05  time: 0.2413  data_time: 0.0058  memory: 428  
2024/12/09 00:27:12 - mmengine - INFO - Epoch(test) [2450/6019]    eta: 0:14:52  time: 0.2352  data_time: 0.0054  memory: 428  
2024/12/09 00:27:24 - mmengine - INFO - Epoch(test) [2500/6019]    eta: 0:14:38  time: 0.2330  data_time: 0.0055  memory: 428  
2024/12/09 00:27:36 - mmengine - INFO - Epoch(test) [2550/6019]    eta: 0:14:25  time: 0.2355  data_time: 0.0055  memory: 428  
2024/12/09 00:27:47 - mmengine - INFO - Epoch(test) [2600/6019]    eta: 0:14:11  time: 0.2260  data_time: 0.0055  memory: 428  
2024/12/09 00:27:59 - mmengine - INFO - Epoch(test) [2650/6019]    eta: 0:13:58  time: 0.2427  data_time: 0.0059  memory: 428  
2024/12/09 00:28:12 - mmengine - INFO - Epoch(test) [2700/6019]    eta: 0:13:45  time: 0.2427  data_time: 0.0056  memory: 428  
2024/12/09 00:28:23 - mmengine - INFO - Epoch(test) [2750/6019]    eta: 0:13:31  time: 0.2311  data_time: 0.0055  memory: 428  
2024/12/09 00:28:35 - mmengine - INFO - Epoch(test) [2800/6019]    eta: 0:13:18  time: 0.2399  data_time: 0.0055  memory: 428  
2024/12/09 00:28:47 - mmengine - INFO - Epoch(test) [2850/6019]    eta: 0:13:05  time: 0.2292  data_time: 0.0056  memory: 428  
2024/12/09 00:28:58 - mmengine - INFO - Epoch(test) [2900/6019]    eta: 0:12:51  time: 0.2213  data_time: 0.0053  memory: 428  
2024/12/09 00:29:09 - mmengine - INFO - Epoch(test) [2950/6019]    eta: 0:12:38  time: 0.2244  data_time: 0.0059  memory: 428  
2024/12/09 00:29:21 - mmengine - INFO - Epoch(test) [3000/6019]    eta: 0:12:25  time: 0.2357  data_time: 0.0053  memory: 428  
2024/12/09 00:29:32 - mmengine - INFO - Epoch(test) [3050/6019]    eta: 0:12:12  time: 0.2347  data_time: 0.0055  memory: 428  
2024/12/09 00:29:44 - mmengine - INFO - Epoch(test) [3100/6019]    eta: 0:11:58  time: 0.2250  data_time: 0.0057  memory: 428  
2024/12/09 00:29:54 - mmengine - INFO - Epoch(test) [3150/6019]    eta: 0:11:45  time: 0.2157  data_time: 0.0052  memory: 428  
2024/12/09 00:30:06 - mmengine - INFO - Epoch(test) [3200/6019]    eta: 0:11:32  time: 0.2284  data_time: 0.0054  memory: 428  
2024/12/09 00:30:18 - mmengine - INFO - Epoch(test) [3250/6019]    eta: 0:11:19  time: 0.2378  data_time: 0.0057  memory: 428  
2024/12/09 00:30:30 - mmengine - INFO - Epoch(test) [3300/6019]    eta: 0:11:07  time: 0.2400  data_time: 0.0054  memory: 428  
2024/12/09 00:30:41 - mmengine - INFO - Epoch(test) [3350/6019]    eta: 0:10:54  time: 0.2255  data_time: 0.0054  memory: 428  
2024/12/09 00:30:52 - mmengine - INFO - Epoch(test) [3400/6019]    eta: 0:10:40  time: 0.2247  data_time: 0.0052  memory: 428  
2024/12/09 00:31:04 - mmengine - INFO - Epoch(test) [3450/6019]    eta: 0:10:28  time: 0.2275  data_time: 0.0053  memory: 428  
2024/12/09 00:31:15 - mmengine - INFO - Epoch(test) [3500/6019]    eta: 0:10:15  time: 0.2250  data_time: 0.0054  memory: 428  
2024/12/09 00:31:26 - mmengine - INFO - Epoch(test) [3550/6019]    eta: 0:10:02  time: 0.2231  data_time: 0.0054  memory: 428  
2024/12/09 00:31:38 - mmengine - INFO - Epoch(test) [3600/6019]    eta: 0:09:49  time: 0.2308  data_time: 0.0057  memory: 428  
2024/12/09 00:31:50 - mmengine - INFO - Epoch(test) [3650/6019]    eta: 0:09:37  time: 0.2389  data_time: 0.0052  memory: 428  
2024/12/09 00:32:01 - mmengine - INFO - Epoch(test) [3700/6019]    eta: 0:09:24  time: 0.2310  data_time: 0.0059  memory: 428  
2024/12/09 00:32:14 - mmengine - INFO - Epoch(test) [3750/6019]    eta: 0:09:12  time: 0.2535  data_time: 0.0055  memory: 428  
2024/12/09 00:32:27 - mmengine - INFO - Epoch(test) [3800/6019]    eta: 0:09:01  time: 0.2634  data_time: 0.0055  memory: 428  
2024/12/09 00:32:40 - mmengine - INFO - Epoch(test) [3850/6019]    eta: 0:08:49  time: 0.2540  data_time: 0.0053  memory: 428  
2024/12/09 00:32:53 - mmengine - INFO - Epoch(test) [3900/6019]    eta: 0:08:37  time: 0.2716  data_time: 0.0054  memory: 428  
2024/12/09 00:33:07 - mmengine - INFO - Epoch(test) [3950/6019]    eta: 0:08:26  time: 0.2654  data_time: 0.0054  memory: 428  
2024/12/09 00:33:20 - mmengine - INFO - Epoch(test) [4000/6019]    eta: 0:08:14  time: 0.2666  data_time: 0.0055  memory: 428  
2024/12/09 00:33:31 - mmengine - INFO - Epoch(test) [4050/6019]    eta: 0:08:01  time: 0.2233  data_time: 0.0055  memory: 428  
2024/12/09 00:33:43 - mmengine - INFO - Epoch(test) [4100/6019]    eta: 0:07:49  time: 0.2365  data_time: 0.0055  memory: 428  
2024/12/09 00:33:55 - mmengine - INFO - Epoch(test) [4150/6019]    eta: 0:07:37  time: 0.2448  data_time: 0.0055  memory: 428  
2024/12/09 00:34:08 - mmengine - INFO - Epoch(test) [4200/6019]    eta: 0:07:24  time: 0.2516  data_time: 0.0054  memory: 428  
2024/12/09 00:34:19 - mmengine - INFO - Epoch(test) [4250/6019]    eta: 0:07:12  time: 0.2250  data_time: 0.0053  memory: 428  
2024/12/09 00:34:30 - mmengine - INFO - Epoch(test) [4300/6019]    eta: 0:06:59  time: 0.2222  data_time: 0.0054  memory: 428  
2024/12/09 00:34:42 - mmengine - INFO - Epoch(test) [4350/6019]    eta: 0:06:47  time: 0.2286  data_time: 0.0054  memory: 428  
2024/12/09 00:34:53 - mmengine - INFO - Epoch(test) [4400/6019]    eta: 0:06:34  time: 0.2351  data_time: 0.0058  memory: 428  
2024/12/09 00:35:05 - mmengine - INFO - Epoch(test) [4450/6019]    eta: 0:06:22  time: 0.2381  data_time: 0.0055  memory: 428  
2024/12/09 00:35:17 - mmengine - INFO - Epoch(test) [4500/6019]    eta: 0:06:10  time: 0.2388  data_time: 0.0059  memory: 428  
2024/12/09 00:35:30 - mmengine - INFO - Epoch(test) [4550/6019]    eta: 0:05:58  time: 0.2519  data_time: 0.0057  memory: 428  
2024/12/09 00:35:43 - mmengine - INFO - Epoch(test) [4600/6019]    eta: 0:05:46  time: 0.2587  data_time: 0.0052  memory: 428  
2024/12/09 00:35:56 - mmengine - INFO - Epoch(test) [4650/6019]    eta: 0:05:34  time: 0.2605  data_time: 0.0055  memory: 428  
2024/12/09 00:36:09 - mmengine - INFO - Epoch(test) [4700/6019]    eta: 0:05:22  time: 0.2626  data_time: 0.0054  memory: 428  
2024/12/09 00:36:22 - mmengine - INFO - Epoch(test) [4750/6019]    eta: 0:05:10  time: 0.2571  data_time: 0.0054  memory: 428  
2024/12/09 00:36:34 - mmengine - INFO - Epoch(test) [4800/6019]    eta: 0:04:58  time: 0.2523  data_time: 0.0055  memory: 428  
2024/12/09 00:36:47 - mmengine - INFO - Epoch(test) [4850/6019]    eta: 0:04:46  time: 0.2546  data_time: 0.0054  memory: 428  
2024/12/09 00:37:00 - mmengine - INFO - Epoch(test) [4900/6019]    eta: 0:04:33  time: 0.2495  data_time: 0.0054  memory: 428  
2024/12/09 00:37:12 - mmengine - INFO - Epoch(test) [4950/6019]    eta: 0:04:21  time: 0.2433  data_time: 0.0054  memory: 428  
2024/12/09 00:37:25 - mmengine - INFO - Epoch(test) [5000/6019]    eta: 0:04:09  time: 0.2570  data_time: 0.0055  memory: 428  
2024/12/09 00:37:37 - mmengine - INFO - Epoch(test) [5050/6019]    eta: 0:03:57  time: 0.2459  data_time: 0.0054  memory: 428  
2024/12/09 00:37:49 - mmengine - INFO - Epoch(test) [5100/6019]    eta: 0:03:45  time: 0.2444  data_time: 0.0053  memory: 428  
2024/12/09 00:38:02 - mmengine - INFO - Epoch(test) [5150/6019]    eta: 0:03:32  time: 0.2571  data_time: 0.0062  memory: 428  
2024/12/09 00:38:14 - mmengine - INFO - Epoch(test) [5200/6019]    eta: 0:03:20  time: 0.2417  data_time: 0.0056  memory: 428  
2024/12/09 00:38:27 - mmengine - INFO - Epoch(test) [5250/6019]    eta: 0:03:08  time: 0.2470  data_time: 0.0055  memory: 428  
2024/12/09 00:38:39 - mmengine - INFO - Epoch(test) [5300/6019]    eta: 0:02:56  time: 0.2433  data_time: 0.0057  memory: 428  
2024/12/09 00:38:51 - mmengine - INFO - Epoch(test) [5350/6019]    eta: 0:02:43  time: 0.2429  data_time: 0.0062  memory: 428  
2024/12/09 00:39:03 - mmengine - INFO - Epoch(test) [5400/6019]    eta: 0:02:31  time: 0.2444  data_time: 0.0055  memory: 428  
2024/12/09 00:39:15 - mmengine - INFO - Epoch(test) [5450/6019]    eta: 0:02:19  time: 0.2441  data_time: 0.0055  memory: 428  
2024/12/09 00:39:28 - mmengine - INFO - Epoch(test) [5500/6019]    eta: 0:02:07  time: 0.2481  data_time: 0.0058  memory: 428  
2024/12/09 00:39:40 - mmengine - INFO - Epoch(test) [5550/6019]    eta: 0:01:54  time: 0.2485  data_time: 0.0051  memory: 428  
2024/12/09 00:39:53 - mmengine - INFO - Epoch(test) [5600/6019]    eta: 0:01:42  time: 0.2556  data_time: 0.0053  memory: 428  
2024/12/09 00:40:06 - mmengine - INFO - Epoch(test) [5650/6019]    eta: 0:01:30  time: 0.2549  data_time: 0.0053  memory: 428  
2024/12/09 00:40:19 - mmengine - INFO - Epoch(test) [5700/6019]    eta: 0:01:18  time: 0.2621  data_time: 0.0053  memory: 428  
2024/12/09 00:40:32 - mmengine - INFO - Epoch(test) [5750/6019]    eta: 0:01:06  time: 0.2581  data_time: 0.0055  memory: 428  
2024/12/09 00:40:44 - mmengine - INFO - Epoch(test) [5800/6019]    eta: 0:00:53  time: 0.2480  data_time: 0.0053  memory: 428  
2024/12/09 00:40:57 - mmengine - INFO - Epoch(test) [5850/6019]    eta: 0:00:41  time: 0.2582  data_time: 0.0055  memory: 428  
2024/12/09 00:41:11 - mmengine - INFO - Epoch(test) [5900/6019]    eta: 0:00:29  time: 0.2709  data_time: 0.0057  memory: 428  
2024/12/09 00:41:24 - mmengine - INFO - Epoch(test) [5950/6019]    eta: 0:00:16  time: 0.2646  data_time: 0.0055  memory: 428  
2024/12/09 00:41:36 - mmengine - INFO - Epoch(test) [6000/6019]    eta: 0:00:04  time: 0.2416  data_time: 0.0056  memory: 428  
2024/12/09 01:07:56 - mmengine - INFO - Epoch(test) [6019/6019]    NuScenes metric/pred_instances_3d_NuScenes/car_AP_dist_0.5: 0.5868  NuScenes metric/pred_instances_3d_NuScenes/car_AP_dist_1.0: 0.6755  NuScenes metric/pred_instances_3d_NuScenes/car_AP_dist_2.0: 0.7112  NuScenes metric/pred_instances_3d_NuScenes/car_AP_dist_4.0: 0.7264  NuScenes metric/pred_instances_3d_NuScenes/car_trans_err: 0.1935  NuScenes metric/pred_instances_3d_NuScenes/car_scale_err: 0.1633  NuScenes metric/pred_instances_3d_NuScenes/car_orient_err: 0.2262  NuScenes metric/pred_instances_3d_NuScenes/car_vel_err: 0.8653  NuScenes metric/pred_instances_3d_NuScenes/car_attr_err: 0.2523  NuScenes metric/pred_instances_3d_NuScenes/mATE: 0.3106  NuScenes metric/pred_instances_3d_NuScenes/mASE: 0.2698  NuScenes metric/pred_instances_3d_NuScenes/mAOE: 0.4478  NuScenes metric/pred_instances_3d_NuScenes/mAVE: 0.8571  NuScenes metric/pred_instances_3d_NuScenes/mAAE: 0.2410  NuScenes metric/pred_instances_3d_NuScenes/truck_AP_dist_0.5: 0.2412  NuScenes metric/pred_instances_3d_NuScenes/truck_AP_dist_1.0: 0.4007  NuScenes metric/pred_instances_3d_NuScenes/truck_AP_dist_2.0: 0.4509  NuScenes metric/pred_instances_3d_NuScenes/truck_AP_dist_4.0: 0.4883  NuScenes metric/pred_instances_3d_NuScenes/truck_trans_err: 0.3460  NuScenes metric/pred_instances_3d_NuScenes/truck_scale_err: 0.1974  NuScenes metric/pred_instances_3d_NuScenes/truck_orient_err: 0.1802  NuScenes metric/pred_instances_3d_NuScenes/truck_vel_err: 0.7539  NuScenes metric/pred_instances_3d_NuScenes/truck_attr_err: 0.3056  NuScenes metric/pred_instances_3d_NuScenes/construction_vehicle_AP_dist_0.5: 0.0000  NuScenes metric/pred_instances_3d_NuScenes/construction_vehicle_AP_dist_1.0: 0.0008  NuScenes metric/pred_instances_3d_NuScenes/construction_vehicle_AP_dist_2.0: 0.0099  NuScenes metric/pred_instances_3d_NuScenes/construction_vehicle_AP_dist_4.0: 0.0282  NuScenes metric/pred_instances_3d_NuScenes/construction_vehicle_trans_err: 0.7804  NuScenes metric/pred_instances_3d_NuScenes/construction_vehicle_scale_err: 0.4514  NuScenes metric/pred_instances_3d_NuScenes/construction_vehicle_orient_err: 1.0724  NuScenes metric/pred_instances_3d_NuScenes/construction_vehicle_vel_err: 0.1517  NuScenes metric/pred_instances_3d_NuScenes/construction_vehicle_attr_err: 0.3644  NuScenes metric/pred_instances_3d_NuScenes/bus_AP_dist_0.5: 0.3577  NuScenes metric/pred_instances_3d_NuScenes/bus_AP_dist_1.0: 0.5385  NuScenes metric/pred_instances_3d_NuScenes/bus_AP_dist_2.0: 0.6221  NuScenes metric/pred_instances_3d_NuScenes/bus_AP_dist_4.0: 0.6595  NuScenes metric/pred_instances_3d_NuScenes/bus_trans_err: 0.3373  NuScenes metric/pred_instances_3d_NuScenes/bus_scale_err: 0.1822  NuScenes metric/pred_instances_3d_NuScenes/bus_orient_err: 0.1062  NuScenes metric/pred_instances_3d_NuScenes/bus_vel_err: 1.3483  NuScenes metric/pred_instances_3d_NuScenes/bus_attr_err: 0.2999  NuScenes metric/pred_instances_3d_NuScenes/trailer_AP_dist_0.5: 0.0266  NuScenes metric/pred_instances_3d_NuScenes/trailer_AP_dist_1.0: 0.1120  NuScenes metric/pred_instances_3d_NuScenes/trailer_AP_dist_2.0: 0.1506  NuScenes metric/pred_instances_3d_NuScenes/trailer_AP_dist_4.0: 0.1949  NuScenes metric/pred_instances_3d_NuScenes/trailer_trans_err: 0.5221  NuScenes metric/pred_instances_3d_NuScenes/trailer_scale_err: 0.2048  NuScenes metric/pred_instances_3d_NuScenes/trailer_orient_err: 0.6318  NuScenes metric/pred_instances_3d_NuScenes/trailer_vel_err: 0.6268  NuScenes metric/pred_instances_3d_NuScenes/trailer_attr_err: 0.2508  NuScenes metric/pred_instances_3d_NuScenes/barrier_AP_dist_0.5: 0.3878  NuScenes metric/pred_instances_3d_NuScenes/barrier_AP_dist_1.0: 0.4933  NuScenes metric/pred_instances_3d_NuScenes/barrier_AP_dist_2.0: 0.5346  NuScenes metric/pred_instances_3d_NuScenes/barrier_AP_dist_4.0: 0.5560  NuScenes metric/pred_instances_3d_NuScenes/barrier_trans_err: 0.2472  NuScenes metric/pred_instances_3d_NuScenes/barrier_scale_err: 0.2948  NuScenes metric/pred_instances_3d_NuScenes/barrier_orient_err: 0.0944  NuScenes metric/pred_instances_3d_NuScenes/barrier_vel_err: nan  NuScenes metric/pred_instances_3d_NuScenes/barrier_attr_err: nan  NuScenes metric/pred_instances_3d_NuScenes/motorcycle_AP_dist_0.5: 0.2297  NuScenes metric/pred_instances_3d_NuScenes/motorcycle_AP_dist_1.0: 0.2592  NuScenes metric/pred_instances_3d_NuScenes/motorcycle_AP_dist_2.0: 0.2626  NuScenes metric/pred_instances_3d_NuScenes/motorcycle_AP_dist_4.0: 0.2650  NuScenes metric/pred_instances_3d_NuScenes/motorcycle_trans_err: 0.2083  NuScenes metric/pred_instances_3d_NuScenes/motorcycle_scale_err: 0.2593  NuScenes metric/pred_instances_3d_NuScenes/motorcycle_orient_err: 0.5042  NuScenes metric/pred_instances_3d_NuScenes/motorcycle_vel_err: 1.9838  NuScenes metric/pred_instances_3d_NuScenes/motorcycle_attr_err: 0.2723  NuScenes metric/pred_instances_3d_NuScenes/bicycle_AP_dist_0.5: 0.1015  NuScenes metric/pred_instances_3d_NuScenes/bicycle_AP_dist_1.0: 0.1058  NuScenes metric/pred_instances_3d_NuScenes/bicycle_AP_dist_2.0: 0.1061  NuScenes metric/pred_instances_3d_NuScenes/bicycle_AP_dist_4.0: 0.1068  NuScenes metric/pred_instances_3d_NuScenes/bicycle_trans_err: 0.1760  NuScenes metric/pred_instances_3d_NuScenes/bicycle_scale_err: 0.2811  NuScenes metric/pred_instances_3d_NuScenes/bicycle_orient_err: 0.6663  NuScenes metric/pred_instances_3d_NuScenes/bicycle_vel_err: 0.7496  NuScenes metric/pred_instances_3d_NuScenes/bicycle_attr_err: 0.0504  NuScenes metric/pred_instances_3d_NuScenes/pedestrian_AP_dist_0.5: 0.6800  NuScenes metric/pred_instances_3d_NuScenes/pedestrian_AP_dist_1.0: 0.6955  NuScenes metric/pred_instances_3d_NuScenes/pedestrian_AP_dist_2.0: 0.7090  NuScenes metric/pred_instances_3d_NuScenes/pedestrian_AP_dist_4.0: 0.7261  NuScenes metric/pred_instances_3d_NuScenes/pedestrian_trans_err: 0.1511  NuScenes metric/pred_instances_3d_NuScenes/pedestrian_scale_err: 0.2957  NuScenes metric/pred_instances_3d_NuScenes/pedestrian_orient_err: 0.5483  NuScenes metric/pred_instances_3d_NuScenes/pedestrian_vel_err: 0.3779  NuScenes metric/pred_instances_3d_NuScenes/pedestrian_attr_err: 0.1326  NuScenes metric/pred_instances_3d_NuScenes/traffic_cone_AP_dist_0.5: 0.3972  NuScenes metric/pred_instances_3d_NuScenes/traffic_cone_AP_dist_1.0: 0.4080  NuScenes metric/pred_instances_3d_NuScenes/traffic_cone_AP_dist_2.0: 0.4225  NuScenes metric/pred_instances_3d_NuScenes/traffic_cone_AP_dist_4.0: 0.4571  NuScenes metric/pred_instances_3d_NuScenes/traffic_cone_trans_err: 0.1446  NuScenes metric/pred_instances_3d_NuScenes/traffic_cone_scale_err: 0.3683  NuScenes metric/pred_instances_3d_NuScenes/traffic_cone_orient_err: nan  NuScenes metric/pred_instances_3d_NuScenes/traffic_cone_vel_err: nan  NuScenes metric/pred_instances_3d_NuScenes/traffic_cone_attr_err: nan  NuScenes metric/pred_instances_3d_NuScenes/NDS: 0.4734  NuScenes metric/pred_instances_3d_NuScenes/mAP: 0.3721  data_time: 0.0056  time: 0.2459
