2024/12/06 17:23:46 - mmengine - INFO - 
------------------------------------------------------------
System environment:
    sys.platform: linux
    Python: 3.8.10 (default, Jul 29 2024, 17:02:10) [GCC 9.4.0]
    CUDA available: True
    MUSA available: False
    numpy_random_seed: 1553812720
    GPU 0: Xavier
    CUDA_HOME: /usr/local/cuda-11.4
    NVCC: Cuda compilation tools, release 11.4, V11.4.315
    GCC: aarch64-linux-gnu-gcc (Ubuntu 9.4.0-1ubuntu1~20.04.2) 9.4.0
    PyTorch: 1.11.0
    PyTorch compiling details: PyTorch built with:
  - GCC 9.4
  - C++ Version: 201402
  - OpenMP 201511 (a.k.a. OpenMP 4.5)
  - LAPACK is enabled (usually provided by MKL)
  - NNPACK is enabled
  - CPU capability usage: NO AVX
  - CUDA Runtime 11.4
  - NVCC architecture flags: -gencode;arch=compute_72,code=sm_72;-gencode;arch=compute_87,code=sm_87
  - CuDNN 8.6
    - Built with CuDNN 8.3.2
  - Build settings: BLAS_INFO=open, BUILD_TYPE=Release, CUDA_VERSION=11.4, CUDNN_VERSION=8.3.2, CXX_COMPILER=/usr/bin/c++, CXX_FLAGS= -Wno-deprecated -fvisibility-inlines-hidden -DUSE_PTHREADPOOL -fopenmp -DNDEBUG -DUSE_KINETO -DLIBKINETO_NOCUPTI -DUSE_XNNPACK -DSYMBOLICATE_MOBILE_DEBUG_HANDLE -DEDGE_PROFILER_USE_KINETO -O2 -fPIC -Wno-narrowing -Wall -Wextra -Werror=return-type -Wno-missing-field-initializers -Wno-type-limits -Wno-array-bounds -Wno-unknown-pragmas -Wno-sign-compare -Wno-unused-parameter -Wno-unused-function -Wno-unused-result -Wno-unused-local-typedefs -Wno-strict-overflow -Wno-strict-aliasing -Wno-error=deprecated-declarations -Wno-stringop-overflow -Wno-psabi -Wno-error=pedantic -Wno-error=redundant-decls -Wno-error=old-style-cast -fdiagnostics-color=always -faligned-new -Wno-unused-but-set-variable -Wno-maybe-uninitialized -fno-math-errno -fno-trapping-math -Werror=format -Werror=cast-function-type -Wno-stringop-overflow, FORCE_FALLBACK_CUDA_MPI=1, LAPACK_INFO=open, TORCH_VERSION=1.11.0, USE_CUDA=ON, USE_CUDNN=ON, USE_EIGEN_FOR_BLAS=ON, USE_EXCEPTION_PTR=1, USE_GFLAGS=OFF, USE_GLOG=OFF, USE_MKL=OFF, USE_MKLDNN=OFF, USE_MPI=ON, USE_NCCL=0, USE_NNPACK=ON, USE_OPENMP=ON, USE_ROCM=OFF, 

    TorchVision: 0.12.0
    OpenCV: 4.10.0
    MMEngine: 0.10.5

Runtime environment:
    cudnn_benchmark: False
    mp_cfg: {'mp_start_method': 'fork', 'opencv_num_threads': 0}
    dist_cfg: {'backend': 'nccl'}
    seed: 1553812720
    Distributed launcher: none
    Distributed training: False
    GPU number: 1
------------------------------------------------------------

2024/12/06 17:23:49 - mmengine - INFO - Config:
auto_scale_lr = dict(base_batch_size=32, enable=False)
backend_args = None
class_names = [
    'car',
    'truck',
    'construction_vehicle',
    'bus',
    'trailer',
    'barrier',
    'motorcycle',
    'bicycle',
    'pedestrian',
    'traffic_cone',
]
custom_hooks = [
    dict(disable_after_epoch=15, type='DisableObjectSampleHook'),
]
custom_imports = dict(
    allow_failed_imports=False, imports=[
        'projects.BEVFusion.bevfusion',
    ])
data_prefix = dict(
    CAM_BACK='samples/CAM_BACK',
    CAM_BACK_LEFT='samples/CAM_BACK_LEFT',
    CAM_BACK_RIGHT='samples/CAM_BACK_RIGHT',
    CAM_FRONT='samples/CAM_FRONT',
    CAM_FRONT_LEFT='samples/CAM_FRONT_LEFT',
    CAM_FRONT_RIGHT='samples/CAM_FRONT_RIGHT',
    pts='samples/LIDAR_TOP',
    sweeps='sweeps/LIDAR_TOP')
data_root = '/media/xavier02/Sparkles1/nuscenes/'
dataset_type = 'NuScenesDataset'
db_sampler = dict(
    classes=[
        'car',
        'truck',
        'construction_vehicle',
        'bus',
        'trailer',
        'barrier',
        'motorcycle',
        'bicycle',
        'pedestrian',
        'traffic_cone',
    ],
    data_root='/media/xavier02/Sparkles1/nuscenes/',
    info_path='/media/xavier02/Sparkles1/nuscenes/nuscenes_dbinfos_train.pkl',
    points_loader=dict(
        backend_args=None,
        coord_type='LIDAR',
        load_dim=5,
        type='LoadPointsFromFile',
        use_dim=[
            0,
            1,
            2,
            3,
            4,
        ]),
    prepare=dict(
        filter_by_difficulty=[
            -1,
        ],
        filter_by_min_points=dict(
            barrier=5,
            bicycle=5,
            bus=5,
            car=5,
            construction_vehicle=5,
            motorcycle=5,
            pedestrian=5,
            traffic_cone=5,
            trailer=5,
            truck=5)),
    rate=1.0,
    sample_groups=dict(
        barrier=2,
        bicycle=6,
        bus=4,
        car=2,
        construction_vehicle=7,
        motorcycle=6,
        pedestrian=2,
        traffic_cone=2,
        trailer=6,
        truck=3))
default_hooks = dict(
    checkpoint=dict(interval=5, type='CheckpointHook'),
    logger=dict(interval=50, type='LoggerHook'),
    param_scheduler=dict(type='ParamSchedulerHook'),
    sampler_seed=dict(type='DistSamplerSeedHook'),
    timer=dict(type='IterTimerHook'),
    visualization=dict(type='Det3DVisualizationHook'))
default_scope = 'mmdet3d'
env_cfg = dict(
    cudnn_benchmark=False,
    dist_cfg=dict(backend='nccl'),
    mp_cfg=dict(mp_start_method='fork', opencv_num_threads=0))
input_modality = dict(use_camera=False, use_lidar=True)
launcher = 'none'
load_from = 'projects/BEVFusion/configs/MMCV_Lidar_own.pth'
log_level = 'INFO'
log_processor = dict(by_epoch=True, type='LogProcessor', window_size=50)
lr = 0.0001
metainfo = dict(classes=[
    'car',
    'truck',
    'construction_vehicle',
    'bus',
    'trailer',
    'barrier',
    'motorcycle',
    'bicycle',
    'pedestrian',
    'traffic_cone',
])
model = dict(
    bbox_head=dict(
        auxiliary=True,
        bbox_coder=dict(
            code_size=10,
            out_size_factor=8,
            pc_range=[
                -54.0,
                -54.0,
            ],
            post_center_range=[
                -61.2,
                -61.2,
                -10.0,
                61.2,
                61.2,
                10.0,
            ],
            score_threshold=0.0,
            type='TransFusionBBoxCoder',
            voxel_size=[
                0.075,
                0.075,
            ]),
        bn_momentum=0.1,
        common_heads=dict(
            center=[
                2,
                2,
            ],
            dim=[
                3,
                2,
            ],
            height=[
                1,
                2,
            ],
            rot=[
                2,
                2,
            ],
            vel=[
                2,
                2,
            ]),
        decoder_layer=dict(
            cross_attn_cfg=dict(dropout=0.1, embed_dims=128, num_heads=8),
            ffn_cfg=dict(
                act_cfg=dict(inplace=True, type='ReLU'),
                embed_dims=128,
                feedforward_channels=256,
                ffn_drop=0.1,
                num_fcs=2),
            norm_cfg=dict(type='LN'),
            pos_encoding_cfg=dict(input_channel=2, num_pos_feats=128),
            self_attn_cfg=dict(dropout=0.1, embed_dims=128, num_heads=8),
            type='TransformerDecoderLayer'),
        hidden_channel=128,
        in_channels=512,
        loss_bbox=dict(
            loss_weight=0.25, reduction='mean', type='mmdet.L1Loss'),
        loss_cls=dict(
            alpha=0.25,
            gamma=2.0,
            loss_weight=1.0,
            reduction='mean',
            type='mmdet.FocalLoss',
            use_sigmoid=True),
        loss_heatmap=dict(
            loss_weight=1.0, reduction='mean', type='mmdet.GaussianFocalLoss'),
        nms_kernel_size=3,
        num_classes=10,
        num_decoder_layers=1,
        num_proposals=200,
        test_cfg=dict(
            dataset='nuScenes',
            grid_size=[
                1440,
                1440,
                41,
            ],
            nms_type=None,
            out_size_factor=8,
            pc_range=[
                -54.0,
                -54.0,
            ],
            voxel_size=[
                0.075,
                0.075,
            ]),
        train_cfg=dict(
            assigner=dict(
                cls_cost=dict(
                    alpha=0.25,
                    gamma=2.0,
                    type='mmdet.FocalLossCost',
                    weight=0.15),
                iou_calculator=dict(coordinate='lidar', type='BboxOverlaps3D'),
                iou_cost=dict(type='IoU3DCost', weight=0.25),
                reg_cost=dict(type='BBoxBEVL1Cost', weight=0.25),
                type='HungarianAssigner3D'),
            code_weights=[
                1.0,
                1.0,
                1.0,
                1.0,
                1.0,
                1.0,
                1.0,
                1.0,
                0.2,
                0.2,
            ],
            dataset='nuScenes',
            gaussian_overlap=0.1,
            grid_size=[
                1440,
                1440,
                41,
            ],
            min_radius=2,
            out_size_factor=8,
            point_cloud_range=[
                -54.0,
                -54.0,
                -5.0,
                54.0,
                54.0,
                3.0,
            ],
            pos_weight=-1,
            voxel_size=[
                0.075,
                0.075,
                0.2,
            ]),
        type='TransFusionHead'),
    data_preprocessor=dict(
        pad_size_divisor=32,
        type='Det3DDataPreprocessor',
        voxelize_cfg=dict(
            max_num_points=10,
            max_voxels=[
                120000,
                160000,
            ],
            point_cloud_range=[
                -54.0,
                -54.0,
                -5.0,
                54.0,
                54.0,
                3.0,
            ],
            voxel_size=[
                0.075,
                0.075,
                0.2,
            ],
            voxelize_reduce=True)),
    pts_backbone=dict(
        conv_cfg=dict(bias=False, type='Conv2d'),
        in_channels=256,
        layer_nums=[
            5,
            5,
        ],
        layer_strides=[
            1,
            2,
        ],
        norm_cfg=dict(eps=0.001, momentum=0.01, type='BN'),
        out_channels=[
            128,
            256,
        ],
        type='SECOND'),
    pts_middle_encoder=dict(
        block_type='basicblock',
        encoder_channels=(
            (
                16,
                16,
                32,
            ),
            (
                32,
                32,
                64,
            ),
            (
                64,
                64,
                128,
            ),
            (
                128,
                128,
            ),
        ),
        encoder_paddings=(
            (
                0,
                0,
                1,
            ),
            (
                0,
                0,
                1,
            ),
            (
                0,
                0,
                (
                    1,
                    1,
                    0,
                ),
            ),
            (
                0,
                0,
            ),
        ),
        in_channels=5,
        norm_cfg=dict(eps=0.001, momentum=0.01, type='BN1d'),
        order=(
            'conv',
            'norm',
            'act',
        ),
        sparse_shape=[
            1440,
            1440,
            41,
        ],
        type='BEVFusionSparseEncoder'),
    pts_neck=dict(
        in_channels=[
            128,
            256,
        ],
        norm_cfg=dict(eps=0.001, momentum=0.01, type='BN'),
        out_channels=[
            256,
            256,
        ],
        type='SECONDFPN',
        upsample_cfg=dict(bias=False, type='deconv'),
        upsample_strides=[
            1,
            2,
        ],
        use_conv_for_no_stride=True),
    pts_voxel_encoder=dict(num_features=5, type='HardSimpleVFE'),
    type='BEVFusion')
optim_wrapper = dict(
    clip_grad=dict(max_norm=35, norm_type=2),
    optimizer=dict(lr=0.0001, type='AdamW', weight_decay=0.01),
    type='OptimWrapper')
param_scheduler = [
    dict(
        T_max=8,
        begin=0,
        by_epoch=True,
        convert_to_iter_based=True,
        end=8,
        eta_min=0.001,
        type='CosineAnnealingLR'),
    dict(
        T_max=12,
        begin=8,
        by_epoch=True,
        convert_to_iter_based=True,
        end=20,
        eta_min=1e-08,
        type='CosineAnnealingLR'),
    dict(
        T_max=8,
        begin=0,
        by_epoch=True,
        convert_to_iter_based=True,
        end=8,
        eta_min=0.8947368421052632,
        type='CosineAnnealingMomentum'),
    dict(
        T_max=12,
        begin=8,
        by_epoch=True,
        convert_to_iter_based=True,
        end=20,
        eta_min=1,
        type='CosineAnnealingMomentum'),
]
point_cloud_range = [
    -54.0,
    -54.0,
    -5.0,
    54.0,
    54.0,
    3.0,
]
resume = False
test_cfg = dict()
test_dataloader = dict(
    batch_size=1,
    dataset=dict(
        ann_file='nuscenes_infos_val.pkl',
        backend_args=None,
        box_type_3d='LiDAR',
        data_prefix=dict(
            CAM_BACK='samples/CAM_BACK',
            CAM_BACK_LEFT='samples/CAM_BACK_LEFT',
            CAM_BACK_RIGHT='samples/CAM_BACK_RIGHT',
            CAM_FRONT='samples/CAM_FRONT',
            CAM_FRONT_LEFT='samples/CAM_FRONT_LEFT',
            CAM_FRONT_RIGHT='samples/CAM_FRONT_RIGHT',
            pts='samples/LIDAR_TOP',
            sweeps='sweeps/LIDAR_TOP'),
        data_root='/media/xavier02/Sparkles1/nuscenes/',
        metainfo=dict(classes=[
            'car',
            'truck',
            'construction_vehicle',
            'bus',
            'trailer',
            'barrier',
            'motorcycle',
            'bicycle',
            'pedestrian',
            'traffic_cone',
        ]),
        modality=dict(use_camera=False, use_lidar=True),
        pipeline=[
            dict(
                backend_args=None,
                coord_type='LIDAR',
                load_dim=5,
                type='LoadPointsFromFile',
                use_dim=5),
            dict(
                backend_args=None,
                load_dim=5,
                pad_empty_sweeps=True,
                remove_close=True,
                sweeps_num=6,
                type='LoadPointsFromMultiSweeps',
                use_dim=5),
            dict(
                point_cloud_range=[
                    -54.0,
                    -54.0,
                    -5.0,
                    54.0,
                    54.0,
                    3.0,
                ],
                type='PointsRangeFilter'),
            dict(
                keys=[
                    'img',
                    'points',
                    'gt_bboxes_3d',
                    'gt_labels_3d',
                ],
                meta_keys=[
                    'cam2img',
                    'ori_cam2img',
                    'lidar2cam',
                    'lidar2img',
                    'cam2lidar',
                    'ori_lidar2img',
                    'img_aug_matrix',
                    'box_type_3d',
                    'sample_idx',
                    'lidar_path',
                    'img_path',
                    'num_pts_feats',
                    'num_views',
                ],
                type='Pack3DDetInputs'),
        ],
        test_mode=True,
        type='NuScenesDataset'),
    drop_last=False,
    num_workers=4,
    persistent_workers=True,
    sampler=dict(shuffle=False, type='DefaultSampler'))
test_evaluator = dict(
    ann_file='/media/xavier02/Sparkles1/nuscenes/nuscenes_infos_val.pkl',
    backend_args=None,
    data_root='/media/xavier02/Sparkles1/nuscenes/',
    metric='bbox',
    type='NuScenesMetric')
test_pipeline = [
    dict(
        backend_args=None,
        coord_type='LIDAR',
        load_dim=5,
        type='LoadPointsFromFile',
        use_dim=5),
    dict(
        backend_args=None,
        load_dim=5,
        pad_empty_sweeps=True,
        remove_close=True,
        sweeps_num=6,
        type='LoadPointsFromMultiSweeps',
        use_dim=5),
    dict(
        point_cloud_range=[
            -54.0,
            -54.0,
            -5.0,
            54.0,
            54.0,
            3.0,
        ],
        type='PointsRangeFilter'),
    dict(
        keys=[
            'img',
            'points',
            'gt_bboxes_3d',
            'gt_labels_3d',
        ],
        meta_keys=[
            'cam2img',
            'ori_cam2img',
            'lidar2cam',
            'lidar2img',
            'cam2lidar',
            'ori_lidar2img',
            'img_aug_matrix',
            'box_type_3d',
            'sample_idx',
            'lidar_path',
            'img_path',
            'num_pts_feats',
            'num_views',
        ],
        type='Pack3DDetInputs'),
]
train_cfg = dict(by_epoch=True, max_epochs=20, val_interval=5)
train_dataloader = dict(
    batch_size=1,
    dataset=dict(
        dataset=dict(
            ann_file='nuscenes_infos_train.pkl',
            box_type_3d='LiDAR',
            data_prefix=dict(
                CAM_BACK='samples/CAM_BACK',
                CAM_BACK_LEFT='samples/CAM_BACK_LEFT',
                CAM_BACK_RIGHT='samples/CAM_BACK_RIGHT',
                CAM_FRONT='samples/CAM_FRONT',
                CAM_FRONT_LEFT='samples/CAM_FRONT_LEFT',
                CAM_FRONT_RIGHT='samples/CAM_FRONT_RIGHT',
                pts='samples/LIDAR_TOP',
                sweeps='sweeps/LIDAR_TOP'),
            data_root='/media/xavier02/Sparkles1/nuscenes/',
            metainfo=dict(classes=[
                'car',
                'truck',
                'construction_vehicle',
                'bus',
                'trailer',
                'barrier',
                'motorcycle',
                'bicycle',
                'pedestrian',
                'traffic_cone',
            ]),
            modality=dict(use_camera=False, use_lidar=True),
            pipeline=[
                dict(
                    backend_args=None,
                    coord_type='LIDAR',
                    load_dim=5,
                    type='LoadPointsFromFile',
                    use_dim=5),
                dict(
                    backend_args=None,
                    load_dim=5,
                    pad_empty_sweeps=True,
                    remove_close=True,
                    sweeps_num=9,
                    type='LoadPointsFromMultiSweeps',
                    use_dim=5),
                dict(
                    type='LoadAnnotations3D',
                    with_attr_label=False,
                    with_bbox_3d=True,
                    with_label_3d=True),
                dict(
                    db_sampler=dict(
                        classes=[
                            'car',
                            'truck',
                            'construction_vehicle',
                            'bus',
                            'trailer',
                            'barrier',
                            'motorcycle',
                            'bicycle',
                            'pedestrian',
                            'traffic_cone',
                        ],
                        data_root='/media/xavier02/Sparkles1/nuscenes/',
                        info_path=
                        '/media/xavier02/Sparkles1/nuscenes/nuscenes_dbinfos_train.pkl',
                        points_loader=dict(
                            backend_args=None,
                            coord_type='LIDAR',
                            load_dim=5,
                            type='LoadPointsFromFile',
                            use_dim=[
                                0,
                                1,
                                2,
                                3,
                                4,
                            ]),
                        prepare=dict(
                            filter_by_difficulty=[
                                -1,
                            ],
                            filter_by_min_points=dict(
                                barrier=5,
                                bicycle=5,
                                bus=5,
                                car=5,
                                construction_vehicle=5,
                                motorcycle=5,
                                pedestrian=5,
                                traffic_cone=5,
                                trailer=5,
                                truck=5)),
                        rate=1.0,
                        sample_groups=dict(
                            barrier=2,
                            bicycle=6,
                            bus=4,
                            car=2,
                            construction_vehicle=7,
                            motorcycle=6,
                            pedestrian=2,
                            traffic_cone=2,
                            trailer=6,
                            truck=3)),
                    type='ObjectSample'),
                dict(
                    rot_range=[
                        -0.78539816,
                        0.78539816,
                    ],
                    scale_ratio_range=[
                        0.9,
                        1.1,
                    ],
                    translation_std=0.5,
                    type='GlobalRotScaleTrans'),
                dict(type='BEVFusionRandomFlip3D'),
                dict(
                    point_cloud_range=[
                        -54.0,
                        -54.0,
                        -5.0,
                        54.0,
                        54.0,
                        3.0,
                    ],
                    type='PointsRangeFilter'),
                dict(
                    point_cloud_range=[
                        -54.0,
                        -54.0,
                        -5.0,
                        54.0,
                        54.0,
                        3.0,
                    ],
                    type='ObjectRangeFilter'),
                dict(
                    classes=[
                        'car',
                        'truck',
                        'construction_vehicle',
                        'bus',
                        'trailer',
                        'barrier',
                        'motorcycle',
                        'bicycle',
                        'pedestrian',
                        'traffic_cone',
                    ],
                    type='ObjectNameFilter'),
                dict(type='PointShuffle'),
                dict(
                    keys=[
                        'points',
                        'img',
                        'gt_bboxes_3d',
                        'gt_labels_3d',
                        'gt_bboxes',
                        'gt_labels',
                    ],
                    meta_keys=[
                        'cam2img',
                        'ori_cam2img',
                        'lidar2cam',
                        'lidar2img',
                        'cam2lidar',
                        'ori_lidar2img',
                        'img_aug_matrix',
                        'box_type_3d',
                        'sample_idx',
                        'lidar_path',
                        'img_path',
                        'transformation_3d_flow',
                        'pcd_rotation',
                        'pcd_scale_factor',
                        'pcd_trans',
                        'img_aug_matrix',
                        'lidar_aug_matrix',
                    ],
                    type='Pack3DDetInputs'),
            ],
            test_mode=False,
            type='NuScenesDataset',
            use_valid_flag=True),
        type='CBGSDataset'),
    num_workers=1,
    persistent_workers=True,
    sampler=dict(shuffle=True, type='DefaultSampler'))
train_pipeline = [
    dict(
        backend_args=None,
        coord_type='LIDAR',
        load_dim=5,
        type='LoadPointsFromFile',
        use_dim=5),
    dict(
        backend_args=None,
        load_dim=5,
        pad_empty_sweeps=True,
        remove_close=True,
        sweeps_num=9,
        type='LoadPointsFromMultiSweeps',
        use_dim=5),
    dict(
        type='LoadAnnotations3D',
        with_attr_label=False,
        with_bbox_3d=True,
        with_label_3d=True),
    dict(
        db_sampler=dict(
            classes=[
                'car',
                'truck',
                'construction_vehicle',
                'bus',
                'trailer',
                'barrier',
                'motorcycle',
                'bicycle',
                'pedestrian',
                'traffic_cone',
            ],
            data_root='/media/xavier02/Sparkles1/nuscenes/',
            info_path=
            '/media/xavier02/Sparkles1/nuscenes/nuscenes_dbinfos_train.pkl',
            points_loader=dict(
                backend_args=None,
                coord_type='LIDAR',
                load_dim=5,
                type='LoadPointsFromFile',
                use_dim=[
                    0,
                    1,
                    2,
                    3,
                    4,
                ]),
            prepare=dict(
                filter_by_difficulty=[
                    -1,
                ],
                filter_by_min_points=dict(
                    barrier=5,
                    bicycle=5,
                    bus=5,
                    car=5,
                    construction_vehicle=5,
                    motorcycle=5,
                    pedestrian=5,
                    traffic_cone=5,
                    trailer=5,
                    truck=5)),
            rate=1.0,
            sample_groups=dict(
                barrier=2,
                bicycle=6,
                bus=4,
                car=2,
                construction_vehicle=7,
                motorcycle=6,
                pedestrian=2,
                traffic_cone=2,
                trailer=6,
                truck=3)),
        type='ObjectSample'),
    dict(
        rot_range=[
            -0.78539816,
            0.78539816,
        ],
        scale_ratio_range=[
            0.9,
            1.1,
        ],
        translation_std=0.5,
        type='GlobalRotScaleTrans'),
    dict(type='BEVFusionRandomFlip3D'),
    dict(
        point_cloud_range=[
            -54.0,
            -54.0,
            -5.0,
            54.0,
            54.0,
            3.0,
        ],
        type='PointsRangeFilter'),
    dict(
        point_cloud_range=[
            -54.0,
            -54.0,
            -5.0,
            54.0,
            54.0,
            3.0,
        ],
        type='ObjectRangeFilter'),
    dict(
        classes=[
            'car',
            'truck',
            'construction_vehicle',
            'bus',
            'trailer',
            'barrier',
            'motorcycle',
            'bicycle',
            'pedestrian',
            'traffic_cone',
        ],
        type='ObjectNameFilter'),
    dict(type='PointShuffle'),
    dict(
        keys=[
            'points',
            'img',
            'gt_bboxes_3d',
            'gt_labels_3d',
            'gt_bboxes',
            'gt_labels',
        ],
        meta_keys=[
            'cam2img',
            'ori_cam2img',
            'lidar2cam',
            'lidar2img',
            'cam2lidar',
            'ori_lidar2img',
            'img_aug_matrix',
            'box_type_3d',
            'sample_idx',
            'lidar_path',
            'img_path',
            'transformation_3d_flow',
            'pcd_rotation',
            'pcd_scale_factor',
            'pcd_trans',
            'img_aug_matrix',
            'lidar_aug_matrix',
        ],
        type='Pack3DDetInputs'),
]
val_cfg = dict()
val_dataloader = dict(
    batch_size=1,
    dataset=dict(
        ann_file='nuscenes_infos_val.pkl',
        backend_args=None,
        box_type_3d='LiDAR',
        data_prefix=dict(
            CAM_BACK='samples/CAM_BACK',
            CAM_BACK_LEFT='samples/CAM_BACK_LEFT',
            CAM_BACK_RIGHT='samples/CAM_BACK_RIGHT',
            CAM_FRONT='samples/CAM_FRONT',
            CAM_FRONT_LEFT='samples/CAM_FRONT_LEFT',
            CAM_FRONT_RIGHT='samples/CAM_FRONT_RIGHT',
            pts='samples/LIDAR_TOP',
            sweeps='sweeps/LIDAR_TOP'),
        data_root='/media/xavier02/Sparkles1/nuscenes/',
        metainfo=dict(classes=[
            'car',
            'truck',
            'construction_vehicle',
            'bus',
            'trailer',
            'barrier',
            'motorcycle',
            'bicycle',
            'pedestrian',
            'traffic_cone',
        ]),
        modality=dict(use_camera=False, use_lidar=True),
        pipeline=[
            dict(
                backend_args=None,
                coord_type='LIDAR',
                load_dim=5,
                type='LoadPointsFromFile',
                use_dim=5),
            dict(
                backend_args=None,
                load_dim=5,
                pad_empty_sweeps=True,
                remove_close=True,
                sweeps_num=6,
                type='LoadPointsFromMultiSweeps',
                use_dim=5),
            dict(
                point_cloud_range=[
                    -54.0,
                    -54.0,
                    -5.0,
                    54.0,
                    54.0,
                    3.0,
                ],
                type='PointsRangeFilter'),
            dict(
                keys=[
                    'img',
                    'points',
                    'gt_bboxes_3d',
                    'gt_labels_3d',
                ],
                meta_keys=[
                    'cam2img',
                    'ori_cam2img',
                    'lidar2cam',
                    'lidar2img',
                    'cam2lidar',
                    'ori_lidar2img',
                    'img_aug_matrix',
                    'box_type_3d',
                    'sample_idx',
                    'lidar_path',
                    'img_path',
                    'num_pts_feats',
                    'num_views',
                ],
                type='Pack3DDetInputs'),
        ],
        test_mode=True,
        type='NuScenesDataset'),
    drop_last=False,
    num_workers=4,
    persistent_workers=True,
    sampler=dict(shuffle=False, type='DefaultSampler'))
val_evaluator = dict(
    ann_file='/media/xavier02/Sparkles1/nuscenes/nuscenes_infos_val.pkl',
    backend_args=None,
    data_root='/media/xavier02/Sparkles1/nuscenes/',
    metric='bbox',
    type='NuScenesMetric')
vis_backends = [
    dict(type='LocalVisBackend'),
]
visualizer = dict(
    name='visualizer',
    type='Det3DLocalVisualizer',
    vis_backends=[
        dict(type='LocalVisBackend'),
    ])
voxel_size = [
    0.075,
    0.075,
    0.2,
]
work_dir = './work_dirs/bevfusion_lidar_voxel0075_6sweeps'

2024/12/06 17:23:57 - mmengine - INFO - Distributed training is not used, all SyncBatchNorm (SyncBN) layers in the model will be automatically reverted to BatchNormXd layers if they are used.
2024/12/06 17:23:57 - mmengine - INFO - Hooks will be executed in the following order:
before_run:
(VERY_HIGH   ) RuntimeInfoHook                    
(BELOW_NORMAL) LoggerHook                         
 -------------------- 
before_train:
(VERY_HIGH   ) RuntimeInfoHook                    
(NORMAL      ) IterTimerHook                      
(VERY_LOW    ) CheckpointHook                     
 -------------------- 
before_train_epoch:
(VERY_HIGH   ) RuntimeInfoHook                    
(NORMAL      ) IterTimerHook                      
(NORMAL      ) DistSamplerSeedHook                
(NORMAL      ) DisableObjectSampleHook            
 -------------------- 
before_train_iter:
(VERY_HIGH   ) RuntimeInfoHook                    
(NORMAL      ) IterTimerHook                      
 -------------------- 
after_train_iter:
(VERY_HIGH   ) RuntimeInfoHook                    
(NORMAL      ) IterTimerHook                      
(BELOW_NORMAL) LoggerHook                         
(LOW         ) ParamSchedulerHook                 
(VERY_LOW    ) CheckpointHook                     
 -------------------- 
after_train_epoch:
(NORMAL      ) IterTimerHook                      
(LOW         ) ParamSchedulerHook                 
(VERY_LOW    ) CheckpointHook                     
 -------------------- 
before_val:
(VERY_HIGH   ) RuntimeInfoHook                    
 -------------------- 
before_val_epoch:
(NORMAL      ) IterTimerHook                      
 -------------------- 
before_val_iter:
(NORMAL      ) IterTimerHook                      
 -------------------- 
after_val_iter:
(NORMAL      ) IterTimerHook                      
(NORMAL      ) Det3DVisualizationHook             
(BELOW_NORMAL) LoggerHook                         
 -------------------- 
after_val_epoch:
(VERY_HIGH   ) RuntimeInfoHook                    
(NORMAL      ) IterTimerHook                      
(BELOW_NORMAL) LoggerHook                         
(LOW         ) ParamSchedulerHook                 
(VERY_LOW    ) CheckpointHook                     
 -------------------- 
after_val:
(VERY_HIGH   ) RuntimeInfoHook                    
 -------------------- 
after_train:
(VERY_HIGH   ) RuntimeInfoHook                    
(VERY_LOW    ) CheckpointHook                     
 -------------------- 
before_test:
(VERY_HIGH   ) RuntimeInfoHook                    
 -------------------- 
before_test_epoch:
(NORMAL      ) IterTimerHook                      
 -------------------- 
before_test_iter:
(NORMAL      ) IterTimerHook                      
 -------------------- 
after_test_iter:
(NORMAL      ) IterTimerHook                      
(NORMAL      ) Det3DVisualizationHook             
(BELOW_NORMAL) LoggerHook                         
 -------------------- 
after_test_epoch:
(VERY_HIGH   ) RuntimeInfoHook                    
(NORMAL      ) IterTimerHook                      
(BELOW_NORMAL) LoggerHook                         
 -------------------- 
after_test:
(VERY_HIGH   ) RuntimeInfoHook                    
 -------------------- 
after_run:
(BELOW_NORMAL) LoggerHook                         
 -------------------- 
2024/12/06 17:24:35 - mmengine - INFO - ------------------------------
2024/12/06 17:24:35 - mmengine - INFO - The length of test dataset: 6019
2024/12/06 17:24:35 - mmengine - INFO - The number of instances per category in the dataset:
+----------------------+--------+
| category             | number |
+----------------------+--------+
| car                  | 80004  |
| truck                | 15704  |
| construction_vehicle | 2678   |
| bus                  | 3158   |
| trailer              | 4159   |
| barrier              | 26992  |
| motorcycle           | 2508   |
| bicycle              | 2381   |
| pedestrian           | 34347  |
| traffic_cone         | 15597  |
+----------------------+--------+
2024/12/06 17:24:40 - mmengine - INFO - Load checkpoint from projects/BEVFusion/configs/MMCV_Lidar_own.pth
2024/12/06 17:25:12 - mmengine - INFO - Epoch(test) [  50/6019]    eta: 1:04:04  time: 0.6440  data_time: 0.0136  memory: 431  
2024/12/06 17:25:43 - mmengine - INFO - Epoch(test) [ 100/6019]    eta: 1:02:52  time: 0.6308  data_time: 0.0077  memory: 432  
2024/12/06 17:26:14 - mmengine - INFO - Epoch(test) [ 150/6019]    eta: 1:01:12  time: 0.6023  data_time: 0.0078  memory: 433  
2024/12/06 17:26:45 - mmengine - INFO - Epoch(test) [ 200/6019]    eta: 1:00:32  time: 0.6197  data_time: 0.0079  memory: 432  
2024/12/06 17:27:14 - mmengine - INFO - Epoch(test) [ 250/6019]    eta: 0:59:30  time: 0.5979  data_time: 0.0085  memory: 431  
2024/12/06 17:27:43 - mmengine - INFO - Epoch(test) [ 300/6019]    eta: 0:58:16  time: 0.5736  data_time: 0.0092  memory: 431  
2024/12/06 17:28:14 - mmengine - INFO - Epoch(test) [ 350/6019]    eta: 0:57:45  time: 0.6113  data_time: 0.0080  memory: 432  
2024/12/06 17:28:45 - mmengine - INFO - Epoch(test) [ 400/6019]    eta: 0:57:24  time: 0.6238  data_time: 0.0084  memory: 432  
2024/12/06 17:29:15 - mmengine - INFO - Epoch(test) [ 450/6019]    eta: 0:56:49  time: 0.6069  data_time: 0.0077  memory: 432  
2024/12/06 17:29:45 - mmengine - INFO - Epoch(test) [ 500/6019]    eta: 0:56:08  time: 0.5937  data_time: 0.0076  memory: 431  
2024/12/06 17:30:14 - mmengine - INFO - Epoch(test) [ 550/6019]    eta: 0:55:28  time: 0.5911  data_time: 0.0077  memory: 431  
2024/12/06 17:30:43 - mmengine - INFO - Epoch(test) [ 600/6019]    eta: 0:54:37  time: 0.5638  data_time: 0.0077  memory: 431  
2024/12/06 17:31:07 - mmengine - INFO - Epoch(test) [ 650/6019]    eta: 0:53:21  time: 0.4922  data_time: 0.0072  memory: 430  
2024/12/06 17:31:32 - mmengine - INFO - Epoch(test) [ 700/6019]    eta: 0:52:10  time: 0.4887  data_time: 0.0075  memory: 430  
2024/12/06 17:31:56 - mmengine - INFO - Epoch(test) [ 750/6019]    eta: 0:51:07  time: 0.4936  data_time: 0.0069  memory: 430  
2024/12/06 17:32:24 - mmengine - INFO - Epoch(test) [ 800/6019]    eta: 0:50:30  time: 0.5581  data_time: 0.0076  memory: 431  
2024/12/06 17:32:51 - mmengine - INFO - Epoch(test) [ 850/6019]    eta: 0:49:46  time: 0.5301  data_time: 0.0076  memory: 431  
2024/12/06 17:33:17 - mmengine - INFO - Epoch(test) [ 900/6019]    eta: 0:49:00  time: 0.5173  data_time: 0.0080  memory: 431  
2024/12/06 17:33:44 - mmengine - INFO - Epoch(test) [ 950/6019]    eta: 0:48:25  time: 0.5527  data_time: 0.0076  memory: 431  
2024/12/06 17:34:13 - mmengine - INFO - Epoch(test) [1000/6019]    eta: 0:47:59  time: 0.5818  data_time: 0.0076  memory: 431  
2024/12/06 17:34:38 - mmengine - INFO - Epoch(test) [1050/6019]    eta: 0:47:09  time: 0.4864  data_time: 0.0085  memory: 430  
2024/12/06 17:35:05 - mmengine - INFO - Epoch(test) [1100/6019]    eta: 0:46:35  time: 0.5420  data_time: 0.0074  memory: 433  
2024/12/06 17:35:32 - mmengine - INFO - Epoch(test) [1150/6019]    eta: 0:45:59  time: 0.5343  data_time: 0.0074  memory: 430  
2024/12/06 17:36:00 - mmengine - INFO - Epoch(test) [1200/6019]    eta: 0:45:30  time: 0.5612  data_time: 0.0084  memory: 431  
2024/12/06 17:36:30 - mmengine - INFO - Epoch(test) [1250/6019]    eta: 0:45:10  time: 0.6126  data_time: 0.0077  memory: 432  
2024/12/06 17:36:59 - mmengine - INFO - Epoch(test) [1300/6019]    eta: 0:44:41  time: 0.5641  data_time: 0.0076  memory: 431  
2024/12/06 17:37:28 - mmengine - INFO - Epoch(test) [1350/6019]    eta: 0:44:18  time: 0.5987  data_time: 0.0075  memory: 432  
2024/12/06 17:37:58 - mmengine - INFO - Epoch(test) [1400/6019]    eta: 0:43:52  time: 0.5842  data_time: 0.0077  memory: 432  
2024/12/06 17:38:28 - mmengine - INFO - Epoch(test) [1450/6019]    eta: 0:43:29  time: 0.6064  data_time: 0.0074  memory: 431  
2024/12/06 17:39:00 - mmengine - INFO - Epoch(test) [1500/6019]    eta: 0:43:10  time: 0.6341  data_time: 0.0079  memory: 432  
2024/12/06 17:39:30 - mmengine - INFO - Epoch(test) [1550/6019]    eta: 0:42:46  time: 0.6066  data_time: 0.0085  memory: 432  
2024/12/06 17:39:56 - mmengine - INFO - Epoch(test) [1600/6019]    eta: 0:42:10  time: 0.5233  data_time: 0.0079  memory: 431  
2024/12/06 17:40:26 - mmengine - INFO - Epoch(test) [1650/6019]    eta: 0:41:45  time: 0.5940  data_time: 0.0079  memory: 432  
2024/12/06 17:40:55 - mmengine - INFO - Epoch(test) [1700/6019]    eta: 0:41:16  time: 0.5712  data_time: 0.0083  memory: 432  
2024/12/06 17:41:23 - mmengine - INFO - Epoch(test) [1750/6019]    eta: 0:40:46  time: 0.5672  data_time: 0.0074  memory: 431  
2024/12/06 17:41:50 - mmengine - INFO - Epoch(test) [1800/6019]    eta: 0:40:15  time: 0.5482  data_time: 0.0073  memory: 431  
2024/12/06 17:42:18 - mmengine - INFO - Epoch(test) [1850/6019]    eta: 0:39:44  time: 0.5581  data_time: 0.0075  memory: 431  
2024/12/06 17:42:44 - mmengine - INFO - Epoch(test) [1900/6019]    eta: 0:39:10  time: 0.5150  data_time: 0.0074  memory: 432  
2024/12/06 17:43:12 - mmengine - INFO - Epoch(test) [1950/6019]    eta: 0:38:39  time: 0.5547  data_time: 0.0083  memory: 432  
2024/12/06 17:43:40 - mmengine - INFO - Epoch(test) [2000/6019]    eta: 0:38:10  time: 0.5624  data_time: 0.0075  memory: 432  
2024/12/06 17:44:09 - mmengine - INFO - Epoch(test) [2050/6019]    eta: 0:37:42  time: 0.5767  data_time: 0.0076  memory: 432  
2024/12/06 17:44:37 - mmengine - INFO - Epoch(test) [2100/6019]    eta: 0:37:14  time: 0.5739  data_time: 0.0076  memory: 431  
2024/12/06 17:45:05 - mmengine - INFO - Epoch(test) [2150/6019]    eta: 0:36:44  time: 0.5490  data_time: 0.0074  memory: 431  
2024/12/06 17:45:34 - mmengine - INFO - Epoch(test) [2200/6019]    eta: 0:36:16  time: 0.5806  data_time: 0.0076  memory: 432  
2024/12/06 17:46:03 - mmengine - INFO - Epoch(test) [2250/6019]    eta: 0:35:48  time: 0.5731  data_time: 0.0074  memory: 431  
2024/12/06 17:46:28 - mmengine - INFO - Epoch(test) [2300/6019]    eta: 0:35:15  time: 0.5127  data_time: 0.0073  memory: 432  
2024/12/06 17:46:51 - mmengine - INFO - Epoch(test) [2350/6019]    eta: 0:34:38  time: 0.4608  data_time: 0.0070  memory: 430  
2024/12/06 17:47:18 - mmengine - INFO - Epoch(test) [2400/6019]    eta: 0:34:07  time: 0.5284  data_time: 0.0074  memory: 430  
2024/12/06 17:47:46 - mmengine - INFO - Epoch(test) [2450/6019]    eta: 0:33:39  time: 0.5672  data_time: 0.0072  memory: 432  
2024/12/06 17:48:14 - mmengine - INFO - Epoch(test) [2500/6019]    eta: 0:33:10  time: 0.5552  data_time: 0.0071  memory: 432  
2024/12/06 17:48:40 - mmengine - INFO - Epoch(test) [2550/6019]    eta: 0:32:38  time: 0.5195  data_time: 0.0071  memory: 430  
2024/12/06 17:49:04 - mmengine - INFO - Epoch(test) [2600/6019]    eta: 0:32:05  time: 0.4856  data_time: 0.0069  memory: 430  
2024/12/06 17:49:32 - mmengine - INFO - Epoch(test) [2650/6019]    eta: 0:31:36  time: 0.5521  data_time: 0.0075  memory: 433  
2024/12/06 17:49:59 - mmengine - INFO - Epoch(test) [2700/6019]    eta: 0:31:07  time: 0.5492  data_time: 0.0072  memory: 431  
2024/12/06 17:50:25 - mmengine - INFO - Epoch(test) [2750/6019]    eta: 0:30:36  time: 0.5220  data_time: 0.0072  memory: 430  
2024/12/06 17:50:52 - mmengine - INFO - Epoch(test) [2800/6019]    eta: 0:30:07  time: 0.5406  data_time: 0.0073  memory: 431  
2024/12/06 17:51:16 - mmengine - INFO - Epoch(test) [2850/6019]    eta: 0:29:34  time: 0.4757  data_time: 0.0071  memory: 430  
2024/12/06 17:51:40 - mmengine - INFO - Epoch(test) [2900/6019]    eta: 0:29:02  time: 0.4859  data_time: 0.0068  memory: 430  
2024/12/06 17:52:04 - mmengine - INFO - Epoch(test) [2950/6019]    eta: 0:28:30  time: 0.4800  data_time: 0.0075  memory: 431  
2024/12/06 17:52:30 - mmengine - INFO - Epoch(test) [3000/6019]    eta: 0:28:00  time: 0.5155  data_time: 0.0071  memory: 432  
2024/12/06 17:52:57 - mmengine - INFO - Epoch(test) [3050/6019]    eta: 0:27:31  time: 0.5320  data_time: 0.0070  memory: 432  
2024/12/06 17:53:19 - mmengine - INFO - Epoch(test) [3100/6019]    eta: 0:26:58  time: 0.4382  data_time: 0.0074  memory: 430  
2024/12/06 17:53:39 - mmengine - INFO - Epoch(test) [3150/6019]    eta: 0:26:23  time: 0.4037  data_time: 0.0067  memory: 430  
2024/12/06 17:54:02 - mmengine - INFO - Epoch(test) [3200/6019]    eta: 0:25:52  time: 0.4688  data_time: 0.0068  memory: 430  
2024/12/06 17:54:26 - mmengine - INFO - Epoch(test) [3250/6019]    eta: 0:25:21  time: 0.4724  data_time: 0.0072  memory: 430  
2024/12/06 17:54:54 - mmengine - INFO - Epoch(test) [3300/6019]    eta: 0:24:54  time: 0.5598  data_time: 0.0074  memory: 431  
2024/12/06 17:55:20 - mmengine - INFO - Epoch(test) [3350/6019]    eta: 0:24:26  time: 0.5281  data_time: 0.0073  memory: 431  
2024/12/06 17:55:47 - mmengine - INFO - Epoch(test) [3400/6019]    eta: 0:23:57  time: 0.5300  data_time: 0.0068  memory: 431  
2024/12/06 17:56:13 - mmengine - INFO - Epoch(test) [3450/6019]    eta: 0:23:29  time: 0.5263  data_time: 0.0075  memory: 431  
2024/12/06 17:56:39 - mmengine - INFO - Epoch(test) [3500/6019]    eta: 0:23:01  time: 0.5174  data_time: 0.0071  memory: 431  
2024/12/06 17:57:04 - mmengine - INFO - Epoch(test) [3550/6019]    eta: 0:22:32  time: 0.5011  data_time: 0.0076  memory: 430  
2024/12/06 17:57:30 - mmengine - INFO - Epoch(test) [3600/6019]    eta: 0:22:03  time: 0.5068  data_time: 0.0072  memory: 430  
2024/12/06 17:57:56 - mmengine - INFO - Epoch(test) [3650/6019]    eta: 0:21:35  time: 0.5293  data_time: 0.0072  memory: 431  
2024/12/06 17:58:20 - mmengine - INFO - Epoch(test) [3700/6019]    eta: 0:21:05  time: 0.4775  data_time: 0.0072  memory: 430  
2024/12/06 17:58:48 - mmengine - INFO - Epoch(test) [3750/6019]    eta: 0:20:38  time: 0.5522  data_time: 0.0075  memory: 432  
2024/12/06 17:59:19 - mmengine - INFO - Epoch(test) [3800/6019]    eta: 0:20:14  time: 0.6349  data_time: 0.0076  memory: 431  
2024/12/06 17:59:48 - mmengine - INFO - Epoch(test) [3850/6019]    eta: 0:19:47  time: 0.5732  data_time: 0.0073  memory: 431  
2024/12/06 18:00:20 - mmengine - INFO - Epoch(test) [3900/6019]    eta: 0:19:22  time: 0.6387  data_time: 0.0075  memory: 432  
2024/12/06 18:00:52 - mmengine - INFO - Epoch(test) [3950/6019]    eta: 0:18:57  time: 0.6338  data_time: 0.0076  memory: 432  
2024/12/06 18:01:24 - mmengine - INFO - Epoch(test) [4000/6019]    eta: 0:18:32  time: 0.6425  data_time: 0.0077  memory: 432  
2024/12/06 18:01:48 - mmengine - INFO - Epoch(test) [4050/6019]    eta: 0:18:03  time: 0.4844  data_time: 0.0072  memory: 430  
2024/12/06 18:02:14 - mmengine - INFO - Epoch(test) [4100/6019]    eta: 0:17:34  time: 0.5163  data_time: 0.0085  memory: 430  
2024/12/06 18:02:40 - mmengine - INFO - Epoch(test) [4150/6019]    eta: 0:17:06  time: 0.5330  data_time: 0.0074  memory: 431  
2024/12/06 18:03:09 - mmengine - INFO - Epoch(test) [4200/6019]    eta: 0:16:40  time: 0.5780  data_time: 0.0074  memory: 431  
2024/12/06 18:03:33 - mmengine - INFO - Epoch(test) [4250/6019]    eta: 0:16:10  time: 0.4738  data_time: 0.0070  memory: 430  
2024/12/06 18:03:56 - mmengine - INFO - Epoch(test) [4300/6019]    eta: 0:15:41  time: 0.4606  data_time: 0.0071  memory: 430  
2024/12/06 18:04:20 - mmengine - INFO - Epoch(test) [4350/6019]    eta: 0:15:12  time: 0.4711  data_time: 0.0070  memory: 430  
2024/12/06 18:04:45 - mmengine - INFO - Epoch(test) [4400/6019]    eta: 0:14:44  time: 0.5059  data_time: 0.0079  memory: 430  
2024/12/06 18:05:11 - mmengine - INFO - Epoch(test) [4450/6019]    eta: 0:14:16  time: 0.5173  data_time: 0.0073  memory: 431  
2024/12/06 18:05:39 - mmengine - INFO - Epoch(test) [4500/6019]    eta: 0:13:49  time: 0.5618  data_time: 0.0076  memory: 431  
2024/12/06 18:06:08 - mmengine - INFO - Epoch(test) [4550/6019]    eta: 0:13:23  time: 0.5767  data_time: 0.0075  memory: 431  
2024/12/06 18:06:39 - mmengine - INFO - Epoch(test) [4600/6019]    eta: 0:12:56  time: 0.6180  data_time: 0.0077  memory: 432  
2024/12/06 18:07:10 - mmengine - INFO - Epoch(test) [4650/6019]    eta: 0:12:30  time: 0.6320  data_time: 0.0076  memory: 432  
2024/12/06 18:07:40 - mmengine - INFO - Epoch(test) [4700/6019]    eta: 0:12:03  time: 0.5929  data_time: 0.0074  memory: 433  
2024/12/06 18:08:10 - mmengine - INFO - Epoch(test) [4750/6019]    eta: 0:11:37  time: 0.5936  data_time: 0.0076  memory: 432  
2024/12/06 18:08:40 - mmengine - INFO - Epoch(test) [4800/6019]    eta: 0:11:10  time: 0.6052  data_time: 0.0075  memory: 433  
2024/12/06 18:09:10 - mmengine - INFO - Epoch(test) [4850/6019]    eta: 0:10:43  time: 0.5948  data_time: 0.0073  memory: 432  
2024/12/06 18:09:39 - mmengine - INFO - Epoch(test) [4900/6019]    eta: 0:10:16  time: 0.5796  data_time: 0.0074  memory: 431  
2024/12/06 18:10:08 - mmengine - INFO - Epoch(test) [4950/6019]    eta: 0:09:48  time: 0.5794  data_time: 0.0075  memory: 431  
2024/12/06 18:10:38 - mmengine - INFO - Epoch(test) [5000/6019]    eta: 0:09:21  time: 0.5978  data_time: 0.0078  memory: 431  
2024/12/06 18:11:06 - mmengine - INFO - Epoch(test) [5050/6019]    eta: 0:08:54  time: 0.5748  data_time: 0.0076  memory: 431  
2024/12/06 18:11:35 - mmengine - INFO - Epoch(test) [5100/6019]    eta: 0:08:27  time: 0.5728  data_time: 0.0073  memory: 431  
2024/12/06 18:12:03 - mmengine - INFO - Epoch(test) [5150/6019]    eta: 0:07:59  time: 0.5705  data_time: 0.0075  memory: 431  
2024/12/06 18:12:30 - mmengine - INFO - Epoch(test) [5200/6019]    eta: 0:07:32  time: 0.5396  data_time: 0.0077  memory: 431  
2024/12/06 18:12:59 - mmengine - INFO - Epoch(test) [5250/6019]    eta: 0:07:04  time: 0.5773  data_time: 0.0076  memory: 431  
2024/12/06 18:13:26 - mmengine - INFO - Epoch(test) [5300/6019]    eta: 0:06:36  time: 0.5390  data_time: 0.0075  memory: 431  
2024/12/06 18:13:55 - mmengine - INFO - Epoch(test) [5350/6019]    eta: 0:06:09  time: 0.5674  data_time: 0.0076  memory: 431  
2024/12/06 18:14:25 - mmengine - INFO - Epoch(test) [5400/6019]    eta: 0:05:42  time: 0.6071  data_time: 0.0076  memory: 432  
2024/12/06 18:14:55 - mmengine - INFO - Epoch(test) [5450/6019]    eta: 0:05:14  time: 0.5906  data_time: 0.0076  memory: 431  
2024/12/06 18:15:25 - mmengine - INFO - Epoch(test) [5500/6019]    eta: 0:04:47  time: 0.6168  data_time: 0.0075  memory: 432  
2024/12/06 18:15:56 - mmengine - INFO - Epoch(test) [5550/6019]    eta: 0:04:19  time: 0.6143  data_time: 0.0073  memory: 432  
2024/12/06 18:16:27 - mmengine - INFO - Epoch(test) [5600/6019]    eta: 0:03:52  time: 0.6151  data_time: 0.0076  memory: 432  
2024/12/06 18:16:57 - mmengine - INFO - Epoch(test) [5650/6019]    eta: 0:03:24  time: 0.6051  data_time: 0.0073  memory: 432  
2024/12/06 18:17:29 - mmengine - INFO - Epoch(test) [5700/6019]    eta: 0:02:57  time: 0.6432  data_time: 0.0076  memory: 432  
2024/12/06 18:18:01 - mmengine - INFO - Epoch(test) [5750/6019]    eta: 0:02:29  time: 0.6306  data_time: 0.0076  memory: 432  
2024/12/06 18:18:30 - mmengine - INFO - Epoch(test) [5800/6019]    eta: 0:02:01  time: 0.5888  data_time: 0.0075  memory: 431  
2024/12/06 18:19:00 - mmengine - INFO - Epoch(test) [5850/6019]    eta: 0:01:34  time: 0.5982  data_time: 0.0074  memory: 433  
2024/12/06 18:19:32 - mmengine - INFO - Epoch(test) [5900/6019]    eta: 0:01:06  time: 0.6385  data_time: 0.0077  memory: 432  
2024/12/06 18:20:03 - mmengine - INFO - Epoch(test) [5950/6019]    eta: 0:00:38  time: 0.6227  data_time: 0.0075  memory: 432  
2024/12/06 18:20:32 - mmengine - INFO - Epoch(test) [6000/6019]    eta: 0:00:10  time: 0.5769  data_time: 0.0074  memory: 431  
2024/12/06 18:47:38 - mmengine - INFO - Epoch(test) [6019/6019]    NuScenes metric/pred_instances_3d_NuScenes/car_AP_dist_0.5: 0.7542  NuScenes metric/pred_instances_3d_NuScenes/car_AP_dist_1.0: 0.8553  NuScenes metric/pred_instances_3d_NuScenes/car_AP_dist_2.0: 0.8883  NuScenes metric/pred_instances_3d_NuScenes/car_AP_dist_4.0: 0.9006  NuScenes metric/pred_instances_3d_NuScenes/car_trans_err: 0.1813  NuScenes metric/pred_instances_3d_NuScenes/car_scale_err: 0.1564  NuScenes metric/pred_instances_3d_NuScenes/car_orient_err: 0.1254  NuScenes metric/pred_instances_3d_NuScenes/car_vel_err: 0.3416  NuScenes metric/pred_instances_3d_NuScenes/car_attr_err: 0.1847  NuScenes metric/pred_instances_3d_NuScenes/mATE: 0.2885  NuScenes metric/pred_instances_3d_NuScenes/mASE: 0.2581  NuScenes metric/pred_instances_3d_NuScenes/mAOE: 0.3413  NuScenes metric/pred_instances_3d_NuScenes/mAVE: 0.3399  NuScenes metric/pred_instances_3d_NuScenes/mAAE: 0.1896  NuScenes metric/pred_instances_3d_NuScenes/truck_AP_dist_0.5: 0.3995  NuScenes metric/pred_instances_3d_NuScenes/truck_AP_dist_1.0: 0.5730  NuScenes metric/pred_instances_3d_NuScenes/truck_AP_dist_2.0: 0.6464  NuScenes metric/pred_instances_3d_NuScenes/truck_AP_dist_4.0: 0.6804  NuScenes metric/pred_instances_3d_NuScenes/truck_trans_err: 0.3145  NuScenes metric/pred_instances_3d_NuScenes/truck_scale_err: 0.1835  NuScenes metric/pred_instances_3d_NuScenes/truck_orient_err: 0.1331  NuScenes metric/pred_instances_3d_NuScenes/truck_vel_err: 0.3013  NuScenes metric/pred_instances_3d_NuScenes/truck_attr_err: 0.2264  NuScenes metric/pred_instances_3d_NuScenes/construction_vehicle_AP_dist_0.5: 0.0214  NuScenes metric/pred_instances_3d_NuScenes/construction_vehicle_AP_dist_1.0: 0.0929  NuScenes metric/pred_instances_3d_NuScenes/construction_vehicle_AP_dist_2.0: 0.2021  NuScenes metric/pred_instances_3d_NuScenes/construction_vehicle_AP_dist_4.0: 0.2852  NuScenes metric/pred_instances_3d_NuScenes/construction_vehicle_trans_err: 0.7208  NuScenes metric/pred_instances_3d_NuScenes/construction_vehicle_scale_err: 0.4507  NuScenes metric/pred_instances_3d_NuScenes/construction_vehicle_orient_err: 0.9762  NuScenes metric/pred_instances_3d_NuScenes/construction_vehicle_vel_err: 0.1376  NuScenes metric/pred_instances_3d_NuScenes/construction_vehicle_attr_err: 0.3413  NuScenes metric/pred_instances_3d_NuScenes/bus_AP_dist_0.5: 0.4192  NuScenes metric/pred_instances_3d_NuScenes/bus_AP_dist_1.0: 0.6789  NuScenes metric/pred_instances_3d_NuScenes/bus_AP_dist_2.0: 0.8088  NuScenes metric/pred_instances_3d_NuScenes/bus_AP_dist_4.0: 0.8306  NuScenes metric/pred_instances_3d_NuScenes/bus_trans_err: 0.3488  NuScenes metric/pred_instances_3d_NuScenes/bus_scale_err: 0.1966  NuScenes metric/pred_instances_3d_NuScenes/bus_orient_err: 0.0881  NuScenes metric/pred_instances_3d_NuScenes/bus_vel_err: 0.5426  NuScenes metric/pred_instances_3d_NuScenes/bus_attr_err: 0.2391  NuScenes metric/pred_instances_3d_NuScenes/trailer_AP_dist_0.5: 0.0991  NuScenes metric/pred_instances_3d_NuScenes/trailer_AP_dist_1.0: 0.3189  NuScenes metric/pred_instances_3d_NuScenes/trailer_AP_dist_2.0: 0.4283  NuScenes metric/pred_instances_3d_NuScenes/trailer_AP_dist_4.0: 0.5081  NuScenes metric/pred_instances_3d_NuScenes/trailer_trans_err: 0.4961  NuScenes metric/pred_instances_3d_NuScenes/trailer_scale_err: 0.2044  NuScenes metric/pred_instances_3d_NuScenes/trailer_orient_err: 0.5829  NuScenes metric/pred_instances_3d_NuScenes/trailer_vel_err: 0.3004  NuScenes metric/pred_instances_3d_NuScenes/trailer_attr_err: 0.1697  NuScenes metric/pred_instances_3d_NuScenes/barrier_AP_dist_0.5: 0.5898  NuScenes metric/pred_instances_3d_NuScenes/barrier_AP_dist_1.0: 0.6893  NuScenes metric/pred_instances_3d_NuScenes/barrier_AP_dist_2.0: 0.7292  NuScenes metric/pred_instances_3d_NuScenes/barrier_AP_dist_4.0: 0.7418  NuScenes metric/pred_instances_3d_NuScenes/barrier_trans_err: 0.1979  NuScenes metric/pred_instances_3d_NuScenes/barrier_scale_err: 0.2782  NuScenes metric/pred_instances_3d_NuScenes/barrier_orient_err: 0.0658  NuScenes metric/pred_instances_3d_NuScenes/barrier_vel_err: nan  NuScenes metric/pred_instances_3d_NuScenes/barrier_attr_err: nan  NuScenes metric/pred_instances_3d_NuScenes/motorcycle_AP_dist_0.5: 0.4756  NuScenes metric/pred_instances_3d_NuScenes/motorcycle_AP_dist_1.0: 0.5362  NuScenes metric/pred_instances_3d_NuScenes/motorcycle_AP_dist_2.0: 0.5431  NuScenes metric/pred_instances_3d_NuScenes/motorcycle_AP_dist_4.0: 0.5496  NuScenes metric/pred_instances_3d_NuScenes/motorcycle_trans_err: 0.1887  NuScenes metric/pred_instances_3d_NuScenes/motorcycle_scale_err: 0.2336  NuScenes metric/pred_instances_3d_NuScenes/motorcycle_orient_err: 0.2716  NuScenes metric/pred_instances_3d_NuScenes/motorcycle_vel_err: 0.6497  NuScenes metric/pred_instances_3d_NuScenes/motorcycle_attr_err: 0.2501  NuScenes metric/pred_instances_3d_NuScenes/bicycle_AP_dist_0.5: 0.3570  NuScenes metric/pred_instances_3d_NuScenes/bicycle_AP_dist_1.0: 0.3708  NuScenes metric/pred_instances_3d_NuScenes/bicycle_AP_dist_2.0: 0.3717  NuScenes metric/pred_instances_3d_NuScenes/bicycle_AP_dist_4.0: 0.3746  NuScenes metric/pred_instances_3d_NuScenes/bicycle_trans_err: 0.1620  NuScenes metric/pred_instances_3d_NuScenes/bicycle_scale_err: 0.2632  NuScenes metric/pred_instances_3d_NuScenes/bicycle_orient_err: 0.4454  NuScenes metric/pred_instances_3d_NuScenes/bicycle_vel_err: 0.2047  NuScenes metric/pred_instances_3d_NuScenes/bicycle_attr_err: 0.0152  NuScenes metric/pred_instances_3d_NuScenes/pedestrian_AP_dist_0.5: 0.8193  NuScenes metric/pred_instances_3d_NuScenes/pedestrian_AP_dist_1.0: 0.8322  NuScenes metric/pred_instances_3d_NuScenes/pedestrian_AP_dist_2.0: 0.8431  NuScenes metric/pred_instances_3d_NuScenes/pedestrian_AP_dist_4.0: 0.8565  NuScenes metric/pred_instances_3d_NuScenes/pedestrian_trans_err: 0.1382  NuScenes metric/pred_instances_3d_NuScenes/pedestrian_scale_err: 0.2847  NuScenes metric/pred_instances_3d_NuScenes/pedestrian_orient_err: 0.3834  NuScenes metric/pred_instances_3d_NuScenes/pedestrian_vel_err: 0.2411  NuScenes metric/pred_instances_3d_NuScenes/pedestrian_attr_err: 0.0901  NuScenes metric/pred_instances_3d_NuScenes/traffic_cone_AP_dist_0.5: 0.6509  NuScenes metric/pred_instances_3d_NuScenes/traffic_cone_AP_dist_1.0: 0.6626  NuScenes metric/pred_instances_3d_NuScenes/traffic_cone_AP_dist_2.0: 0.6813  NuScenes metric/pred_instances_3d_NuScenes/traffic_cone_AP_dist_4.0: 0.7130  NuScenes metric/pred_instances_3d_NuScenes/traffic_cone_trans_err: 0.1362  NuScenes metric/pred_instances_3d_NuScenes/traffic_cone_scale_err: 0.3293  NuScenes metric/pred_instances_3d_NuScenes/traffic_cone_orient_err: nan  NuScenes metric/pred_instances_3d_NuScenes/traffic_cone_vel_err: nan  NuScenes metric/pred_instances_3d_NuScenes/traffic_cone_attr_err: nan  NuScenes metric/pred_instances_3d_NuScenes/NDS: 0.6430  NuScenes metric/pred_instances_3d_NuScenes/mAP: 0.5695  data_time: 0.0076  time: 0.5586
